==> Creating result directory ...
==> Loading test settings ...
==> Deciding torch device ...
==> torch device:  cuda
==> Seeding everything ...
==> Building dynamical system ...
==> Building cbf neural network ...
==========================================================================================
Layer (type:depth-idx)                   Output Shape              Param #
==========================================================================================
LipschitzNetwork                         [1, 1]                    --
├─Sequential: 1-1                        [1, 1]                    --
│    └─SandwichFc: 2-1                   [1, 256]                  66,817
│    └─SandwichLin: 2-2                  [1, 1]                    259
==========================================================================================
Total params: 67,076
Trainable params: 66,820
Non-trainable params: 256
Total mult-adds (M): 0.07
==========================================================================================
Input size (MB): 0.00
Forward/backward pass size (MB): 0.00
Params size (MB): 0.27
Estimated Total Size (MB): 0.27
==========================================================================================
==> Lipschitz constant of CBF network: 1.000000
==> Amount of training data:  48000
==> Creating training data ...
==> Start training ...
Epoch: 001 | Train Loss: 1.0470E-01 | CBF GN: 2.8523E+00 | Time: 583ms
Epoch: 001 | Test Loss: 1.1849E-02 | Time: 189ms
> Save at epoch 001 | Test loss 1.1849E-02
Epoch: 002 | Test Loss: 5.4453E-03 | Time: 160ms
> Save at epoch 002 | Test loss 5.4453E-03
Epoch: 003 | Test Loss: 5.0720E-03 | Time: 164ms
> Save at epoch 003 | Test loss 5.0720E-03
Epoch: 004 | Test Loss: 1.9411E-03 | Time: 187ms
> Save at epoch 004 | Test loss 1.9411E-03
Epoch: 005 | Test Loss: 1.7869E-03 | Time: 160ms
> Save at epoch 005 | Test loss 1.7869E-03
Epoch: 006 | Train Loss: 7.5417E-03 | CBF GN: 1.4231E-01 | Time: 516ms
Epoch: 006 | Test Loss: 1.9239E-03 | Time: 187ms
Epoch: 007 | Test Loss: 1.9457E-03 | Time: 158ms
Epoch: 008 | Test Loss: 1.8245E-03 | Time: 159ms
Epoch: 009 | Test Loss: 1.7371E-03 | Time: 188ms
> Save at epoch 009 | Test loss 1.7371E-03
Epoch: 010 | Test Loss: 1.6613E-03 | Time: 160ms
> Save at epoch 010 | Test loss 1.6613E-03
Epoch: 011 | Train Loss: 3.8372E-03 | CBF GN: 7.5337E-02 | Time: 517ms
Epoch: 011 | Test Loss: 1.5100E-03 | Time: 159ms
> Save at epoch 011 | Test loss 1.5100E-03
Epoch: 012 | Test Loss: 1.4093E-03 | Time: 195ms
> Save at epoch 012 | Test loss 1.4093E-03
Epoch: 013 | Test Loss: 1.2684E-03 | Time: 159ms
> Save at epoch 013 | Test loss 1.2684E-03
Epoch: 014 | Test Loss: 1.1727E-03 | Time: 158ms
> Save at epoch 014 | Test loss 1.1727E-03
Epoch: 015 | Test Loss: 1.1474E-03 | Time: 186ms
> Save at epoch 015 | Test loss 1.1474E-03
Epoch: 016 | Train Loss: 2.3685E-03 | CBF GN: 6.0177E-02 | Time: 486ms
Epoch: 016 | Test Loss: 1.2069E-03 | Time: 160ms
Epoch: 017 | Test Loss: 1.1140E-03 | Time: 160ms
> Save at epoch 017 | Test loss 1.1140E-03
Epoch: 018 | Test Loss: 1.0709E-03 | Time: 185ms
> Save at epoch 018 | Test loss 1.0709E-03
Epoch: 019 | Test Loss: 1.0618E-03 | Time: 159ms
> Save at epoch 019 | Test loss 1.0618E-03
Epoch: 020 | Test Loss: 1.0669E-03 | Time: 159ms
Epoch: 021 | Train Loss: 1.8433E-03 | CBF GN: 4.8574E-02 | Time: 497ms
Epoch: 021 | Test Loss: 1.1008E-03 | Time: 158ms
Epoch: 022 | Test Loss: 1.0304E-03 | Time: 159ms
> Save at epoch 022 | Test loss 1.0304E-03
Epoch: 023 | Test Loss: 1.0330E-03 | Time: 158ms
Epoch: 024 | Test Loss: 1.0402E-03 | Time: 175ms
Epoch: 025 | Test Loss: 1.0952E-03 | Time: 165ms
Epoch: 026 | Train Loss: 1.9811E-03 | CBF GN: 5.2639E-02 | Time: 496ms
Epoch: 026 | Test Loss: 9.3750E-04 | Time: 159ms
> Save at epoch 026 | Test loss 9.3750E-04
Epoch: 027 | Test Loss: 9.3462E-04 | Time: 159ms
> Save at epoch 027 | Test loss 9.3462E-04
Epoch: 028 | Test Loss: 8.9195E-04 | Time: 187ms
> Save at epoch 028 | Test loss 8.9195E-04
Epoch: 029 | Test Loss: 8.3666E-04 | Time: 160ms
> Save at epoch 029 | Test loss 8.3666E-04
Epoch: 030 | Test Loss: 8.6839E-04 | Time: 158ms
Epoch: 031 | Train Loss: 1.5302E-03 | CBF GN: 3.6936E-02 | Time: 494ms
Epoch: 031 | Test Loss: 9.2251E-04 | Time: 171ms
Epoch: 032 | Test Loss: 8.3976E-04 | Time: 178ms
Epoch: 033 | Test Loss: 9.1655E-04 | Time: 185ms
Epoch: 034 | Test Loss: 7.6372E-04 | Time: 158ms
> Save at epoch 034 | Test loss 7.6372E-04
Epoch: 035 | Test Loss: 7.5212E-04 | Time: 185ms
> Save at epoch 035 | Test loss 7.5212E-04
Epoch: 036 | Train Loss: 1.3667E-03 | CBF GN: 3.3037E-02 | Time: 494ms
Epoch: 036 | Test Loss: 7.7962E-04 | Time: 189ms
Epoch: 037 | Test Loss: 7.1592E-04 | Time: 159ms
> Save at epoch 037 | Test loss 7.1592E-04
Epoch: 038 | Test Loss: 8.4349E-04 | Time: 186ms
Epoch: 039 | Test Loss: 8.1716E-04 | Time: 158ms
Epoch: 040 | Test Loss: 7.2787E-04 | Time: 159ms
Epoch: 041 | Train Loss: 1.4663E-03 | CBF GN: 3.9180E-02 | Time: 513ms
Epoch: 041 | Test Loss: 8.1137E-04 | Time: 159ms
Epoch: 042 | Test Loss: 7.6664E-04 | Time: 158ms
Epoch: 043 | Test Loss: 7.1693E-04 | Time: 159ms
Epoch: 044 | Test Loss: 6.6846E-04 | Time: 184ms
> Save at epoch 044 | Test loss 6.6846E-04
Epoch: 045 | Test Loss: 7.8714E-04 | Time: 169ms
Epoch: 046 | Train Loss: 1.3637E-03 | CBF GN: 3.4338E-02 | Time: 523ms
Epoch: 046 | Test Loss: 7.2634E-04 | Time: 159ms
Epoch: 047 | Test Loss: 6.3221E-04 | Time: 186ms
> Save at epoch 047 | Test loss 6.3221E-04
Epoch: 048 | Test Loss: 7.0481E-04 | Time: 159ms
Epoch: 049 | Test Loss: 6.5418E-04 | Time: 159ms
Epoch: 050 | Test Loss: 6.1951E-04 | Time: 159ms
> Save at epoch 050 | Test loss 6.1951E-04
Epoch: 051 | Train Loss: 1.3739E-03 | CBF GN: 3.7604E-02 | Time: 517ms
Epoch: 051 | Test Loss: 6.2027E-04 | Time: 159ms
Epoch: 052 | Test Loss: 6.2464E-04 | Time: 167ms
Epoch: 053 | Test Loss: 7.0792E-04 | Time: 187ms
Epoch: 054 | Test Loss: 6.2877E-04 | Time: 186ms
Epoch: 055 | Test Loss: 6.2089E-04 | Time: 160ms
Epoch: 056 | Train Loss: 1.1355E-03 | CBF GN: 3.0781E-02 | Time: 504ms
Epoch: 056 | Test Loss: 6.3418E-04 | Time: 159ms
Epoch: 057 | Test Loss: 6.7049E-04 | Time: 165ms
Epoch: 058 | Test Loss: 5.8791E-04 | Time: 163ms
> Save at epoch 058 | Test loss 5.8791E-04
Epoch: 059 | Test Loss: 5.6672E-04 | Time: 189ms
> Save at epoch 059 | Test loss 5.6672E-04
Epoch: 060 | Test Loss: 6.0693E-04 | Time: 160ms
Epoch: 061 | Train Loss: 9.5567E-04 | CBF GN: 2.6623E-02 | Time: 523ms
Epoch: 061 | Test Loss: 5.6894E-04 | Time: 163ms
Epoch: 062 | Test Loss: 5.9328E-04 | Time: 161ms
Epoch: 063 | Test Loss: 5.1228E-04 | Time: 164ms
> Save at epoch 063 | Test loss 5.1228E-04
Epoch: 064 | Test Loss: 6.0095E-04 | Time: 160ms
Epoch: 065 | Test Loss: 5.3032E-04 | Time: 162ms
Epoch: 066 | Train Loss: 9.1563E-04 | CBF GN: 2.7644E-02 | Time: 525ms
Epoch: 066 | Test Loss: 5.1500E-04 | Time: 161ms
Epoch: 067 | Test Loss: 6.0687E-04 | Time: 164ms
Epoch: 068 | Test Loss: 5.1903E-04 | Time: 191ms
Epoch: 069 | Test Loss: 5.4608E-04 | Time: 193ms
Epoch: 070 | Test Loss: 5.4458E-04 | Time: 162ms
Epoch: 071 | Train Loss: 9.0874E-04 | CBF GN: 2.9648E-02 | Time: 486ms
Epoch: 071 | Test Loss: 5.7431E-04 | Time: 162ms
Epoch: 072 | Test Loss: 5.0559E-04 | Time: 159ms
> Save at epoch 072 | Test loss 5.0559E-04
Epoch: 073 | Test Loss: 5.1051E-04 | Time: 168ms
Epoch: 074 | Test Loss: 4.8635E-04 | Time: 176ms
> Save at epoch 074 | Test loss 4.8635E-04
Epoch: 075 | Test Loss: 4.7565E-04 | Time: 162ms
> Save at epoch 075 | Test loss 4.7565E-04
Epoch: 076 | Train Loss: 8.4109E-04 | CBF GN: 2.8604E-02 | Time: 495ms
Epoch: 076 | Test Loss: 4.9759E-04 | Time: 168ms
Epoch: 077 | Test Loss: 4.6480E-04 | Time: 173ms
> Save at epoch 077 | Test loss 4.6480E-04
Epoch: 078 | Test Loss: 5.1855E-04 | Time: 188ms
Epoch: 079 | Test Loss: 4.9374E-04 | Time: 174ms
Epoch: 080 | Test Loss: 4.6584E-04 | Time: 166ms
Epoch: 081 | Train Loss: 8.2145E-04 | CBF GN: 2.7335E-02 | Time: 493ms
Epoch: 081 | Test Loss: 4.5514E-04 | Time: 170ms
> Save at epoch 081 | Test loss 4.5514E-04
Epoch: 082 | Test Loss: 4.7173E-04 | Time: 162ms
Epoch: 083 | Test Loss: 4.7368E-04 | Time: 162ms
Epoch: 084 | Test Loss: 4.5656E-04 | Time: 193ms
Epoch: 085 | Test Loss: 4.6288E-04 | Time: 189ms
Epoch: 086 | Train Loss: 7.8225E-04 | CBF GN: 2.7058E-02 | Time: 503ms
Epoch: 086 | Test Loss: 4.6866E-04 | Time: 159ms
Epoch: 087 | Test Loss: 4.5485E-04 | Time: 159ms
> Save at epoch 087 | Test loss 4.5485E-04
Epoch: 088 | Test Loss: 4.3708E-04 | Time: 164ms
> Save at epoch 088 | Test loss 4.3708E-04
Epoch: 089 | Test Loss: 4.5379E-04 | Time: 185ms
Epoch: 090 | Test Loss: 4.8479E-04 | Time: 159ms
Epoch: 091 | Train Loss: 7.5605E-04 | CBF GN: 2.6245E-02 | Time: 486ms
Epoch: 091 | Test Loss: 4.7196E-04 | Time: 159ms
Epoch: 092 | Test Loss: 4.5615E-04 | Time: 160ms
Epoch: 093 | Test Loss: 4.4841E-04 | Time: 160ms
Epoch: 094 | Test Loss: 4.4755E-04 | Time: 160ms
Epoch: 095 | Test Loss: 4.4901E-04 | Time: 189ms
Epoch: 096 | Train Loss: 7.5059E-04 | CBF GN: 2.5722E-02 | Time: 493ms
Epoch: 096 | Test Loss: 4.4309E-04 | Time: 189ms
Epoch: 097 | Test Loss: 4.4604E-04 | Time: 165ms
Epoch: 098 | Test Loss: 4.4489E-04 | Time: 159ms
Epoch: 099 | Test Loss: 4.4643E-04 | Time: 159ms
Epoch: 100 | Test Loss: 4.4643E-04 | Time: 164ms
Total time: 1m7s
==> Visualizing training and test losses ...
==> Computing the smoothness constants ...
> Lipschitz constant of CBF network: 1.000000
> Hessian bound of CBF network: 2.177606
==> Saving the training results ...
==> Visualizing the CBF function and feasibility condition ...
==> Checking the safe and unsafe set ...
> Safe set percentage: 0.548682
> Unsafe set percentage: 1.000000
> Feasibility percentage: 1.000000
> Success:  True
==> Saving the feasibility results ...
==> Visualizing the CBF function and stability condition ...
==> Visualizing the feasibility condition ...
==> Done!
