==> Creating result directory ...
==> Loading test settings ...
==> torch device:  cpu
==> Seeding everything ...
==> Building CBF neural network ...
==> Number of subregions: 1
==> dReal variables:  [Variable('x1') Variable('x2') Variable('x3')]
==> dReal for CBF function
> Start constructing the dReal expression for Lipschitz network ...
> Start time: 2025-02-21 13:38:08.116963
> Stop time: 2025-02-21 13:38:09.037447
> Time used: 920ms = 0.9204838275909424 s
> Checking consistency for lipschitz neural network ...
==> Verifying with dReal ...
> dReal precision: 1.0E-03
> dReal number of jobs: 1
==> Subregion 0000000001 / 0000000001: 
==> [[-0.5  -2.   -1.57], [0.5  0.   1.57]]
> Start time: 2025-02-21 13:38:09.086401
> Stop time: 2025-02-21 14:32:03.159781
> Result:
None
> Time for subregion 0000000001: 53m54s = 3234.073380470276 s
> Total time up to subregion 0000000001: 53m54s = 3234.073380470276 s

==> Success: True
==> Done!
