==> Creating result directory ...
==> Loading test settings ...
==> Deciding torch device ...
==> torch device:  cuda
==> Building cbf neural network ...
==> Lipschitz constant of CBF network: 1.000000
==> Hessian bound of CBF network: 2.177606
==> Third order elementwise bound of CBF network: 8.000000
==> Number of subregions: 1
==> Subregion 0000000001 / 0000000001: 
==> [[-0.5  -2.   -1.57], [0.5  0.   1.57]]
> Iteration 00 | Bound: [-0.509391, 1.418017] | l2 radius: 1.93E+00 | Size: 1.00E+00 | Time: 68ms
> Iteration 01 | Bound: [-0.379277, 0.986822] | l2 radius: 1.37E+00 | Size: 2.00E+00 | Time: 72ms
> Iteration 02 | Bound: [-0.323536, 0.732980] | l2 radius: 1.06E+00 | Size: 4.00E+00 | Time: 74ms
> Iteration 03 | Bound: [-0.287095, 0.521643] | l2 radius: 8.09E-01 | Size: 8.00E+00 | Time: 75ms
> Iteration 04 | Bound: [-0.256650, 0.405017] | l2 radius: 6.83E-01 | Size: 1.40E+01 | Time: 76ms
> Iteration 05 | Bound: [-0.220844, 0.216084] | l2 radius: 5.28E-01 | Size: 2.40E+01 | Time: 78ms
> Iteration 06 | Bound: [-0.202777, 0.092033] | l2 radius: 4.04E-01 | Size: 3.60E+01 | Time: 79ms
> Iteration 07 | Bound: [-0.149346, 0.051716] | l2 radius: 3.42E-01 | Size: 2.20E+01 | Time: 80ms
> Iteration 08 | Bound: [-0.101462, -0.004325] | l2 radius: 2.64E-01 | Size: 1.20E+01 | Time: 81ms
> No region to refine. Done!
> Time for subregion 0000000001: 81ms
> Total time up to subregion 0000000001: 81ms = 0.08180046081542969 s
> Total time excluding drawing: 81ms = 0.08180046081542969 s
> Success: True
==> Done!
