==> Creating result directory ...
==> Loading test settings ...
==> Deciding torch device ...
==> torch device:  cuda
==> Seeding everything ...
==> Building dynamical system ...
==> Building cbf neural network ...
==========================================================================================
Layer (type:depth-idx)                   Output Shape              Param #
==========================================================================================
LipschitzNetwork                         [1, 1]                    --
├─Sequential: 1-1                        [1, 1]                    --
│    └─SandwichFc: 2-1                   [1, 128]                  16,897
│    └─SandwichFc: 2-2                   [1, 128]                  33,025
│    └─SandwichFc: 2-3                   [1, 128]                  33,025
│    └─SandwichLin: 2-4                  [1, 1]                    131
==========================================================================================
Total params: 83,078
Trainable params: 82,694
Non-trainable params: 384
Total mult-adds (M): 0.08
==========================================================================================
Input size (MB): 0.00
Forward/backward pass size (MB): 0.00
Params size (MB): 0.33
Estimated Total Size (MB): 0.34
==========================================================================================
==> Lipschitz constant of CBF network: 1.000000
==> Amount of training data:  1500
==> Creating training data ...
==> Start training ...
Epoch: 001 | Train Loss: 3.0731E-02 | CBF GN: 1.9670E+00 | Time: 109ms
Epoch: 001 | Test Loss: 2.8845E-02 | Time: 8ms
> Save at epoch 001 | Test loss 2.8845E-02
Epoch: 002 | Test Loss: 1.0791E-01 | Time: 8ms
Epoch: 003 | Test Loss: 5.1078E-02 | Time: 8ms
Epoch: 004 | Test Loss: 1.5777E-02 | Time: 8ms
> Save at epoch 004 | Test loss 1.5777E-02
Epoch: 005 | Test Loss: 2.8440E-02 | Time: 8ms
Epoch: 006 | Train Loss: 4.1140E-02 | CBF GN: 1.4190E+00 | Time: 31ms
Epoch: 006 | Test Loss: 3.2239E-02 | Time: 8ms
Epoch: 007 | Test Loss: 2.9415E-02 | Time: 8ms
Epoch: 008 | Test Loss: 1.1349E-02 | Time: 8ms
> Save at epoch 008 | Test loss 1.1349E-02
Epoch: 009 | Test Loss: 1.8825E-02 | Time: 8ms
Epoch: 010 | Test Loss: 1.3490E-02 | Time: 8ms
Epoch: 011 | Train Loss: 1.4560E-02 | CBF GN: 3.9750E-01 | Time: 31ms
Epoch: 011 | Test Loss: 1.4977E-02 | Time: 8ms
Epoch: 012 | Test Loss: 1.9118E-02 | Time: 8ms
Epoch: 013 | Test Loss: 1.1018E-02 | Time: 8ms
> Save at epoch 013 | Test loss 1.1018E-02
Epoch: 014 | Test Loss: 5.6042E-03 | Time: 8ms
> Save at epoch 014 | Test loss 5.6042E-03
Epoch: 015 | Test Loss: 6.5725E-03 | Time: 8ms
Epoch: 016 | Train Loss: 8.1774E-03 | CBF GN: 3.2934E-01 | Time: 31ms
Epoch: 016 | Test Loss: 7.9562E-03 | Time: 8ms
Epoch: 017 | Test Loss: 6.8613E-03 | Time: 8ms
Epoch: 018 | Test Loss: 6.3615E-03 | Time: 8ms
Epoch: 019 | Test Loss: 1.0428E-02 | Time: 8ms
Epoch: 020 | Test Loss: 7.2888E-03 | Time: 8ms
Epoch: 021 | Train Loss: 8.1040E-03 | CBF GN: 3.0282E-01 | Time: 31ms
Epoch: 021 | Test Loss: 1.1208E-02 | Time: 8ms
Epoch: 022 | Test Loss: 7.5707E-03 | Time: 8ms
Epoch: 023 | Test Loss: 5.7985E-03 | Time: 8ms
Epoch: 024 | Test Loss: 2.1116E-03 | Time: 8ms
> Save at epoch 024 | Test loss 2.1116E-03
Epoch: 025 | Test Loss: 1.2710E-03 | Time: 8ms
> Save at epoch 025 | Test loss 1.2710E-03
Epoch: 026 | Train Loss: 1.6494E-03 | CBF GN: 7.5283E-02 | Time: 31ms
Epoch: 026 | Test Loss: 3.4276E-04 | Time: 8ms
> Save at epoch 026 | Test loss 3.4276E-04
Epoch: 027 | Test Loss: 1.2688E-03 | Time: 8ms
Epoch: 028 | Test Loss: 6.3143E-04 | Time: 8ms
Epoch: 029 | Test Loss: 7.2023E-04 | Time: 8ms
Epoch: 030 | Test Loss: 9.2928E-04 | Time: 8ms
Epoch: 031 | Train Loss: 1.1224E-03 | CBF GN: 3.9714E-02 | Time: 30ms
Epoch: 031 | Test Loss: 9.6915E-04 | Time: 8ms
Epoch: 032 | Test Loss: 8.0102E-04 | Time: 8ms
Epoch: 033 | Test Loss: 4.7178E-04 | Time: 8ms
Epoch: 034 | Test Loss: 7.0531E-04 | Time: 8ms
Epoch: 035 | Test Loss: 1.0381E-03 | Time: 8ms
Epoch: 036 | Train Loss: 1.2331E-03 | CBF GN: 1.4790E-01 | Time: 31ms
Epoch: 036 | Test Loss: 7.7092E-04 | Time: 8ms
Epoch: 037 | Test Loss: 7.8582E-04 | Time: 8ms
Epoch: 038 | Test Loss: 7.9104E-04 | Time: 8ms
Epoch: 039 | Test Loss: 4.2456E-04 | Time: 8ms
Epoch: 040 | Test Loss: 3.6362E-04 | Time: 8ms
Epoch: 041 | Train Loss: 6.1407E-04 | CBF GN: 5.5464E-02 | Time: 31ms
Epoch: 041 | Test Loss: 3.1419E-04 | Time: 8ms
> Save at epoch 041 | Test loss 3.1419E-04
Epoch: 042 | Test Loss: 5.0156E-04 | Time: 8ms
Epoch: 043 | Test Loss: 4.5775E-04 | Time: 8ms
Epoch: 044 | Test Loss: 6.2555E-04 | Time: 8ms
Epoch: 045 | Test Loss: 3.5558E-04 | Time: 8ms
Epoch: 046 | Train Loss: 5.9039E-04 | CBF GN: 3.5108E-02 | Time: 31ms
Epoch: 046 | Test Loss: 3.6879E-04 | Time: 8ms
Epoch: 047 | Test Loss: 4.3209E-04 | Time: 8ms
Epoch: 048 | Test Loss: 4.9718E-04 | Time: 8ms
Epoch: 049 | Test Loss: 3.1317E-04 | Time: 8ms
> Save at epoch 049 | Test loss 3.1317E-04
Epoch: 050 | Test Loss: 3.8405E-04 | Time: 8ms
Epoch: 051 | Train Loss: 5.7126E-04 | CBF GN: 3.0354E-02 | Time: 31ms
Epoch: 051 | Test Loss: 4.2171E-04 | Time: 8ms
Epoch: 052 | Test Loss: 4.1377E-04 | Time: 8ms
Epoch: 053 | Test Loss: 4.0199E-04 | Time: 8ms
Epoch: 054 | Test Loss: 4.9081E-04 | Time: 41ms
Epoch: 055 | Test Loss: 4.1098E-04 | Time: 8ms
Epoch: 056 | Train Loss: 5.9696E-04 | CBF GN: 4.6721E-02 | Time: 31ms
Epoch: 056 | Test Loss: 4.1606E-04 | Time: 8ms
Epoch: 057 | Test Loss: 4.1617E-04 | Time: 8ms
Epoch: 058 | Test Loss: 3.9328E-04 | Time: 8ms
Epoch: 059 | Test Loss: 5.4173E-04 | Time: 9ms
Epoch: 060 | Test Loss: 3.2679E-04 | Time: 8ms
Epoch: 061 | Train Loss: 5.1632E-04 | CBF GN: 4.8823E-02 | Time: 31ms
Epoch: 061 | Test Loss: 2.6413E-04 | Time: 8ms
> Save at epoch 061 | Test loss 2.6413E-04
Epoch: 062 | Test Loss: 4.1075E-04 | Time: 8ms
Epoch: 063 | Test Loss: 3.6034E-04 | Time: 8ms
Epoch: 064 | Test Loss: 3.0288E-04 | Time: 9ms
Epoch: 065 | Test Loss: 3.2436E-04 | Time: 9ms
Epoch: 066 | Train Loss: 4.5834E-04 | CBF GN: 5.3948E-02 | Time: 31ms
Epoch: 066 | Test Loss: 4.1364E-04 | Time: 8ms
Epoch: 067 | Test Loss: 2.2501E-04 | Time: 8ms
> Save at epoch 067 | Test loss 2.2501E-04
Epoch: 068 | Test Loss: 3.7679E-04 | Time: 8ms
Epoch: 069 | Test Loss: 4.5740E-04 | Time: 8ms
Epoch: 070 | Test Loss: 2.9359E-04 | Time: 8ms
Epoch: 071 | Train Loss: 4.6535E-04 | CBF GN: 3.1592E-02 | Time: 30ms
Epoch: 071 | Test Loss: 3.0351E-04 | Time: 8ms
Epoch: 072 | Test Loss: 3.4155E-04 | Time: 8ms
Epoch: 073 | Test Loss: 2.7771E-04 | Time: 8ms
Epoch: 074 | Test Loss: 3.7853E-04 | Time: 8ms
Epoch: 075 | Test Loss: 2.7623E-04 | Time: 8ms
Epoch: 076 | Train Loss: 4.4891E-04 | CBF GN: 2.3578E-02 | Time: 32ms
Epoch: 076 | Test Loss: 2.9618E-04 | Time: 9ms
Epoch: 077 | Test Loss: 2.5083E-04 | Time: 8ms
Epoch: 078 | Test Loss: 3.1772E-04 | Time: 8ms
Epoch: 079 | Test Loss: 2.5143E-04 | Time: 8ms
Epoch: 080 | Test Loss: 3.3162E-04 | Time: 8ms
Epoch: 081 | Train Loss: 4.5756E-04 | CBF GN: 3.8159E-02 | Time: 30ms
Epoch: 081 | Test Loss: 3.1431E-04 | Time: 8ms
Epoch: 082 | Test Loss: 2.6193E-04 | Time: 8ms
Epoch: 083 | Test Loss: 3.1034E-04 | Time: 9ms
Epoch: 084 | Test Loss: 2.4954E-04 | Time: 9ms
Epoch: 085 | Test Loss: 2.8933E-04 | Time: 8ms
Epoch: 086 | Train Loss: 4.1590E-04 | CBF GN: 3.6191E-02 | Time: 31ms
Epoch: 086 | Test Loss: 2.9519E-04 | Time: 8ms
Epoch: 087 | Test Loss: 2.6882E-04 | Time: 8ms
Epoch: 088 | Test Loss: 2.8205E-04 | Time: 8ms
Epoch: 089 | Test Loss: 2.8145E-04 | Time: 8ms
Epoch: 090 | Test Loss: 2.7373E-04 | Time: 8ms
Epoch: 091 | Train Loss: 3.9849E-04 | CBF GN: 1.2679E-02 | Time: 31ms
Epoch: 091 | Test Loss: 2.6869E-04 | Time: 8ms
Epoch: 092 | Test Loss: 2.7056E-04 | Time: 8ms
Epoch: 093 | Test Loss: 2.6201E-04 | Time: 8ms
Epoch: 094 | Test Loss: 2.7004E-04 | Time: 8ms
Epoch: 095 | Test Loss: 2.7548E-04 | Time: 8ms
Epoch: 096 | Train Loss: 3.8664E-04 | CBF GN: 2.7008E-02 | Time: 31ms
Epoch: 096 | Test Loss: 2.7590E-04 | Time: 8ms
Epoch: 097 | Test Loss: 2.6947E-04 | Time: 8ms
Epoch: 098 | Test Loss: 2.6802E-04 | Time: 8ms
Epoch: 099 | Test Loss: 2.6595E-04 | Time: 8ms
Epoch: 100 | Test Loss: 2.7148E-04 | Time: 9ms
Total time: 4s135ms
==> Visualizing training and test losses ...
==> Computing the smoothness constants ...
> Lipschitz constant of CBF network: 1.000000
> Hessian bound of CBF network: 6.532818
==> Saving the training results ...
==> Visualizing the CBF function and feasibility condition ...
==> Checking the safe and unsafe set ...
> Safe set percentage: 0.6250
> Unsafe set percentage: 1.0000
> Feasibility percentage: 0.9769
> Success:  False
==> Saving the feasibility results ...
==> Visualizing the CBF function and stability condition ...
==> Visualizing the feasibility condition ...
==> Done!
