==> Creating result directory ...
==> Loading test settings ...
==> Deciding torch device ...
==> torch device:  cuda
==> Seeding everything ...
==> Building dynamical system ...
==> Building cbf neural network ...
==========================================================================================
Layer (type:depth-idx)                   Output Shape              Param #
==========================================================================================
LipschitzNetwork                         [1, 1]                    --
├─Sequential: 1-1                        [1, 1]                    --
│    └─SandwichFc: 2-1                   [1, 256]                  66,817
│    └─SandwichLin: 2-2                  [1, 1]                    259
==========================================================================================
Total params: 67,076
Trainable params: 66,820
Non-trainable params: 256
Total mult-adds (M): 0.07
==========================================================================================
Input size (MB): 0.00
Forward/backward pass size (MB): 0.00
Params size (MB): 0.27
Estimated Total Size (MB): 0.27
==========================================================================================
==> Lipschitz constant of CBF network: 4.000000
==> Amount of training data:  48000
==> Creating training data ...
==> Start training ...
Epoch: 001 | Train Loss: 1.4252E-01 | CBF GN: 4.3363E+00 | Time: 568ms
Epoch: 001 | Test Loss: 2.1535E-02 | Time: 186ms
> Save at epoch 001 | Test loss 2.1535E-02
Epoch: 002 | Test Loss: 1.6407E-03 | Time: 161ms
> Save at epoch 002 | Test loss 1.6407E-03
Epoch: 003 | Test Loss: 1.6583E-03 | Time: 161ms
Epoch: 004 | Test Loss: 1.7589E-03 | Time: 161ms
Epoch: 005 | Test Loss: 1.8233E-03 | Time: 162ms
Epoch: 006 | Train Loss: 3.8092E-03 | CBF GN: 2.1696E-01 | Time: 491ms
Epoch: 006 | Test Loss: 1.7852E-03 | Time: 203ms
Epoch: 007 | Test Loss: 1.7620E-03 | Time: 180ms
Epoch: 008 | Test Loss: 1.8568E-03 | Time: 163ms
Epoch: 009 | Test Loss: 1.8807E-03 | Time: 161ms
Epoch: 010 | Test Loss: 1.7291E-03 | Time: 160ms
Epoch: 011 | Train Loss: 2.2931E-03 | CBF GN: 1.2722E-01 | Time: 490ms
Epoch: 011 | Test Loss: 1.6928E-03 | Time: 160ms
Epoch: 012 | Test Loss: 1.4980E-03 | Time: 187ms
> Save at epoch 012 | Test loss 1.4980E-03
Epoch: 013 | Test Loss: 1.5882E-03 | Time: 161ms
Epoch: 014 | Test Loss: 1.7492E-03 | Time: 188ms
Epoch: 015 | Test Loss: 1.5493E-03 | Time: 187ms
Epoch: 016 | Train Loss: 1.8858E-03 | CBF GN: 9.3465E-02 | Time: 489ms
Epoch: 016 | Test Loss: 1.5886E-03 | Time: 160ms
Epoch: 017 | Test Loss: 1.2755E-03 | Time: 161ms
> Save at epoch 017 | Test loss 1.2755E-03
Epoch: 018 | Test Loss: 1.4127E-03 | Time: 161ms
Epoch: 019 | Test Loss: 1.3335E-03 | Time: 161ms
Epoch: 020 | Test Loss: 1.4675E-03 | Time: 161ms
Epoch: 021 | Train Loss: 1.9109E-03 | CBF GN: 8.7142E-02 | Time: 499ms
Epoch: 021 | Test Loss: 1.3624E-03 | Time: 187ms
Epoch: 022 | Test Loss: 1.4675E-03 | Time: 161ms
Epoch: 023 | Test Loss: 1.3475E-03 | Time: 188ms
Epoch: 024 | Test Loss: 1.5681E-03 | Time: 163ms
Epoch: 025 | Test Loss: 1.3475E-03 | Time: 166ms
Epoch: 026 | Train Loss: 1.5931E-03 | CBF GN: 6.3541E-02 | Time: 490ms
Epoch: 026 | Test Loss: 1.3642E-03 | Time: 161ms
Epoch: 027 | Test Loss: 1.1699E-03 | Time: 172ms
> Save at epoch 027 | Test loss 1.1699E-03
Epoch: 028 | Test Loss: 1.1599E-03 | Time: 165ms
> Save at epoch 028 | Test loss 1.1599E-03
Epoch: 029 | Test Loss: 9.3046E-04 | Time: 183ms
> Save at epoch 029 | Test loss 9.3046E-04
Epoch: 030 | Test Loss: 9.9359E-04 | Time: 181ms
Epoch: 031 | Train Loss: 1.6155E-03 | CBF GN: 7.2592E-02 | Time: 542ms
Epoch: 031 | Test Loss: 1.2845E-03 | Time: 171ms
Epoch: 032 | Test Loss: 1.1893E-03 | Time: 184ms
Epoch: 033 | Test Loss: 1.1925E-03 | Time: 161ms
Epoch: 034 | Test Loss: 1.1652E-03 | Time: 200ms
Epoch: 035 | Test Loss: 6.5244E-04 | Time: 191ms
> Save at epoch 035 | Test loss 6.5244E-04
Epoch: 036 | Train Loss: 1.0119E-03 | CBF GN: 4.6994E-02 | Time: 502ms
Epoch: 036 | Test Loss: 6.5192E-04 | Time: 165ms
> Save at epoch 036 | Test loss 6.5192E-04
Epoch: 037 | Test Loss: 7.2560E-04 | Time: 166ms
Epoch: 038 | Test Loss: 7.2754E-04 | Time: 167ms
Epoch: 039 | Test Loss: 7.2882E-04 | Time: 164ms
Epoch: 040 | Test Loss: 8.4540E-04 | Time: 200ms
Epoch: 041 | Train Loss: 1.2162E-03 | CBF GN: 5.4304E-02 | Time: 502ms
Epoch: 041 | Test Loss: 5.5135E-04 | Time: 170ms
> Save at epoch 041 | Test loss 5.5135E-04
Epoch: 042 | Test Loss: 5.3333E-04 | Time: 171ms
> Save at epoch 042 | Test loss 5.3333E-04
Epoch: 043 | Test Loss: 4.8378E-04 | Time: 187ms
> Save at epoch 043 | Test loss 4.8378E-04
Epoch: 044 | Test Loss: 6.1340E-04 | Time: 167ms
Epoch: 045 | Test Loss: 3.5321E-04 | Time: 176ms
> Save at epoch 045 | Test loss 3.5321E-04
Epoch: 046 | Train Loss: 8.4019E-04 | CBF GN: 4.5802E-02 | Time: 508ms
Epoch: 046 | Test Loss: 4.5507E-04 | Time: 191ms
Epoch: 047 | Test Loss: 4.5615E-04 | Time: 162ms
Epoch: 048 | Test Loss: 3.5879E-04 | Time: 166ms
Epoch: 049 | Test Loss: 2.7868E-04 | Time: 174ms
> Save at epoch 049 | Test loss 2.7868E-04
Epoch: 050 | Test Loss: 3.1498E-04 | Time: 197ms
Epoch: 051 | Train Loss: 1.1183E-03 | CBF GN: 7.3384E-02 | Time: 510ms
Epoch: 051 | Test Loss: 3.1334E-04 | Time: 193ms
Epoch: 052 | Test Loss: 2.5892E-04 | Time: 184ms
> Save at epoch 052 | Test loss 2.5892E-04
Epoch: 053 | Test Loss: 4.2987E-04 | Time: 187ms
Epoch: 054 | Test Loss: 2.7290E-04 | Time: 170ms
Epoch: 055 | Test Loss: 3.2784E-04 | Time: 191ms
Epoch: 056 | Train Loss: 5.9825E-04 | CBF GN: 3.2538E-02 | Time: 501ms
Epoch: 056 | Test Loss: 3.7360E-04 | Time: 162ms
Epoch: 057 | Test Loss: 2.8617E-04 | Time: 161ms
Epoch: 058 | Test Loss: 3.7505E-04 | Time: 183ms
Epoch: 059 | Test Loss: 3.3562E-04 | Time: 161ms
Epoch: 060 | Test Loss: 3.0057E-04 | Time: 189ms
Epoch: 061 | Train Loss: 5.4562E-04 | CBF GN: 3.3870E-02 | Time: 505ms
Epoch: 061 | Test Loss: 2.3965E-04 | Time: 160ms
> Save at epoch 061 | Test loss 2.3965E-04
Epoch: 062 | Test Loss: 3.0741E-04 | Time: 190ms
Epoch: 063 | Test Loss: 2.4727E-04 | Time: 166ms
Epoch: 064 | Test Loss: 3.2301E-04 | Time: 190ms
Epoch: 065 | Test Loss: 2.4159E-04 | Time: 161ms
Epoch: 066 | Train Loss: 4.7032E-04 | CBF GN: 3.3751E-02 | Time: 531ms
Epoch: 066 | Test Loss: 3.3841E-04 | Time: 168ms
Epoch: 067 | Test Loss: 2.2028E-04 | Time: 162ms
> Save at epoch 067 | Test loss 2.2028E-04
Epoch: 068 | Test Loss: 2.8294E-04 | Time: 170ms
Epoch: 069 | Test Loss: 1.9381E-04 | Time: 164ms
> Save at epoch 069 | Test loss 1.9381E-04
Epoch: 070 | Test Loss: 2.1092E-04 | Time: 167ms
Epoch: 071 | Train Loss: 4.4373E-04 | CBF GN: 2.8108E-02 | Time: 502ms
Epoch: 071 | Test Loss: 2.2939E-04 | Time: 179ms
Epoch: 072 | Test Loss: 2.7841E-04 | Time: 194ms
Epoch: 073 | Test Loss: 2.6930E-04 | Time: 211ms
Epoch: 074 | Test Loss: 1.8376E-04 | Time: 165ms
> Save at epoch 074 | Test loss 1.8376E-04
Epoch: 075 | Test Loss: 1.4463E-04 | Time: 192ms
> Save at epoch 075 | Test loss 1.4463E-04
Epoch: 076 | Train Loss: 4.6649E-04 | CBF GN: 3.0805E-02 | Time: 508ms
Epoch: 076 | Test Loss: 1.7506E-04 | Time: 192ms
Epoch: 077 | Test Loss: 1.8163E-04 | Time: 164ms
Epoch: 078 | Test Loss: 2.0107E-04 | Time: 168ms
Epoch: 079 | Test Loss: 2.2885E-04 | Time: 161ms
Epoch: 080 | Test Loss: 1.9364E-04 | Time: 197ms
Epoch: 081 | Train Loss: 3.7965E-04 | CBF GN: 2.2526E-02 | Time: 509ms
Epoch: 081 | Test Loss: 1.6748E-04 | Time: 163ms
Epoch: 082 | Test Loss: 1.8972E-04 | Time: 188ms
Epoch: 083 | Test Loss: 1.6816E-04 | Time: 159ms
Epoch: 084 | Test Loss: 1.6668E-04 | Time: 160ms
Epoch: 085 | Test Loss: 1.7591E-04 | Time: 163ms
Epoch: 086 | Train Loss: 3.6675E-04 | CBF GN: 2.7555E-02 | Time: 536ms
Epoch: 086 | Test Loss: 1.6913E-04 | Time: 161ms
Epoch: 087 | Test Loss: 1.7952E-04 | Time: 187ms
Epoch: 088 | Test Loss: 1.6811E-04 | Time: 164ms
Epoch: 089 | Test Loss: 1.7079E-04 | Time: 196ms
Epoch: 090 | Test Loss: 1.5520E-04 | Time: 166ms
Epoch: 091 | Train Loss: 2.9219E-04 | CBF GN: 2.2444E-02 | Time: 520ms
Epoch: 091 | Test Loss: 1.5854E-04 | Time: 161ms
Epoch: 092 | Test Loss: 1.5012E-04 | Time: 170ms
Epoch: 093 | Test Loss: 1.5512E-04 | Time: 188ms
Epoch: 094 | Test Loss: 1.5107E-04 | Time: 187ms
Epoch: 095 | Test Loss: 1.5344E-04 | Time: 161ms
Epoch: 096 | Train Loss: 2.8685E-04 | CBF GN: 2.4160E-02 | Time: 488ms
Epoch: 096 | Test Loss: 1.5334E-04 | Time: 161ms
Epoch: 097 | Test Loss: 1.5223E-04 | Time: 182ms
Epoch: 098 | Test Loss: 1.5167E-04 | Time: 161ms
Epoch: 099 | Test Loss: 1.5228E-04 | Time: 168ms
Epoch: 100 | Test Loss: 1.5210E-04 | Time: 191ms
Total time: 1m8s
==> Visualizing training and test losses ...
==> Computing the smoothness constants ...
> Lipschitz constant of CBF network: 4.000000
> Hessian bound of CBF network: 17.420848
==> Saving the training results ...
==> Visualizing the CBF function and feasibility condition ...
==> Checking the safe and unsafe set ...
> Safe set percentage: 0.827970
> Unsafe set percentage: 1.000000
> Feasibility percentage: 1.000000
> Success:  True
==> Saving the feasibility results ...
==> Visualizing the CBF function and stability condition ...
==> Visualizing the feasibility condition ...
==> Done!
