==> Creating result directory ...
==> Loading test settings ...
==> Deciding torch device ...
==> torch device:  cuda
==> Seeding everything ...
==> Building dynamical system ...
==> Building cbf neural network ...
==========================================================================================
Layer (type:depth-idx)                   Output Shape              Param #
==========================================================================================
LipschitzNetwork                         [1, 1]                    --
├─Sequential: 1-1                        [1, 1]                    --
│    └─SandwichFc: 2-1                   [1, 128]                  16,897
│    └─SandwichFc: 2-2                   [1, 128]                  33,025
│    └─SandwichLin: 2-3                  [1, 1]                    131
==========================================================================================
Total params: 50,053
Trainable params: 49,797
Non-trainable params: 256
Total mult-adds (M): 0.05
==========================================================================================
Input size (MB): 0.00
Forward/backward pass size (MB): 0.00
Params size (MB): 0.20
Estimated Total Size (MB): 0.20
==========================================================================================
==> Lipschitz constant of CBF network: 1.000000
==> Amount of training data:  1500
==> Creating training data ...
==> Start training ...
Epoch: 001 | Train Loss: 5.4158E-02 | CBF GN: 4.4444E+00 | Time: 104ms
Epoch: 001 | Test Loss: 5.1331E-02 | Time: 7ms
> Save at epoch 001 | Test loss 5.1331E-02
Epoch: 002 | Test Loss: 1.1440E-01 | Time: 7ms
Epoch: 003 | Test Loss: 8.1880E-02 | Time: 7ms
Epoch: 004 | Test Loss: 9.8099E-02 | Time: 7ms
Epoch: 005 | Test Loss: 1.0006E-01 | Time: 7ms
Epoch: 006 | Train Loss: 9.3029E-02 | CBF GN: 2.6068E+00 | Time: 26ms
Epoch: 006 | Test Loss: 9.0282E-02 | Time: 8ms
Epoch: 007 | Test Loss: 1.4827E-01 | Time: 7ms
Epoch: 008 | Test Loss: 3.3324E-02 | Time: 7ms
> Save at epoch 008 | Test loss 3.3324E-02
Epoch: 009 | Test Loss: 3.0250E-02 | Time: 7ms
> Save at epoch 009 | Test loss 3.0250E-02
Epoch: 010 | Test Loss: 3.5083E-02 | Time: 7ms
Epoch: 011 | Train Loss: 4.3536E-02 | CBF GN: 1.0929E+00 | Time: 26ms
Epoch: 011 | Test Loss: 1.8476E-02 | Time: 7ms
> Save at epoch 011 | Test loss 1.8476E-02
Epoch: 012 | Test Loss: 2.9891E-02 | Time: 7ms
Epoch: 013 | Test Loss: 1.5491E-02 | Time: 7ms
> Save at epoch 013 | Test loss 1.5491E-02
Epoch: 014 | Test Loss: 9.7090E-03 | Time: 7ms
> Save at epoch 014 | Test loss 9.7090E-03
Epoch: 015 | Test Loss: 2.4135E-03 | Time: 7ms
> Save at epoch 015 | Test loss 2.4135E-03
Epoch: 016 | Train Loss: 2.5803E-03 | CBF GN: 1.9899E-01 | Time: 25ms
Epoch: 016 | Test Loss: 1.9722E-03 | Time: 7ms
> Save at epoch 016 | Test loss 1.9722E-03
Epoch: 017 | Test Loss: 2.3839E-03 | Time: 7ms
Epoch: 018 | Test Loss: 4.4804E-03 | Time: 7ms
Epoch: 019 | Test Loss: 2.2982E-03 | Time: 7ms
Epoch: 020 | Test Loss: 1.8272E-03 | Time: 7ms
> Save at epoch 020 | Test loss 1.8272E-03
Epoch: 021 | Train Loss: 2.2844E-03 | CBF GN: 1.7397E-01 | Time: 25ms
Epoch: 021 | Test Loss: 2.0805E-03 | Time: 7ms
Epoch: 022 | Test Loss: 1.7240E-03 | Time: 7ms
> Save at epoch 022 | Test loss 1.7240E-03
Epoch: 023 | Test Loss: 1.8725E-03 | Time: 7ms
Epoch: 024 | Test Loss: 1.3314E-03 | Time: 7ms
> Save at epoch 024 | Test loss 1.3314E-03
Epoch: 025 | Test Loss: 2.0043E-03 | Time: 7ms
Epoch: 026 | Train Loss: 3.2031E-03 | CBF GN: 1.7874E-01 | Time: 25ms
Epoch: 026 | Test Loss: 3.9904E-03 | Time: 7ms
Epoch: 027 | Test Loss: 2.3020E-03 | Time: 7ms
Epoch: 028 | Test Loss: 8.9786E-04 | Time: 7ms
> Save at epoch 028 | Test loss 8.9786E-04
Epoch: 029 | Test Loss: 4.6503E-04 | Time: 7ms
> Save at epoch 029 | Test loss 4.6503E-04
Epoch: 030 | Test Loss: 7.4902E-04 | Time: 7ms
Epoch: 031 | Train Loss: 9.5959E-04 | CBF GN: 9.7111E-02 | Time: 25ms
Epoch: 031 | Test Loss: 9.6327E-04 | Time: 7ms
Epoch: 032 | Test Loss: 3.6567E-04 | Time: 7ms
> Save at epoch 032 | Test loss 3.6567E-04
Epoch: 033 | Test Loss: 6.6746E-04 | Time: 7ms
Epoch: 034 | Test Loss: 6.3818E-04 | Time: 7ms
Epoch: 035 | Test Loss: 4.5892E-04 | Time: 7ms
Epoch: 036 | Train Loss: 6.3936E-04 | CBF GN: 9.6131E-02 | Time: 25ms
Epoch: 036 | Test Loss: 3.0102E-04 | Time: 7ms
> Save at epoch 036 | Test loss 3.0102E-04
Epoch: 037 | Test Loss: 4.7441E-04 | Time: 7ms
Epoch: 038 | Test Loss: 6.7263E-04 | Time: 7ms
Epoch: 039 | Test Loss: 5.2183E-04 | Time: 7ms
Epoch: 040 | Test Loss: 9.9629E-04 | Time: 7ms
Epoch: 041 | Train Loss: 9.6191E-04 | CBF GN: 8.1383E-02 | Time: 25ms
Epoch: 041 | Test Loss: 7.8264E-04 | Time: 7ms
Epoch: 042 | Test Loss: 3.9062E-04 | Time: 7ms
Epoch: 043 | Test Loss: 5.2186E-04 | Time: 7ms
Epoch: 044 | Test Loss: 1.3691E-03 | Time: 7ms
Epoch: 045 | Test Loss: 8.3358E-04 | Time: 7ms
Epoch: 046 | Train Loss: 8.1010E-04 | CBF GN: 1.0435E-01 | Time: 25ms
Epoch: 046 | Test Loss: 8.4808E-04 | Time: 7ms
Epoch: 047 | Test Loss: 6.2053E-04 | Time: 7ms
Epoch: 048 | Test Loss: 6.3172E-04 | Time: 7ms
Epoch: 049 | Test Loss: 5.3501E-04 | Time: 7ms
Epoch: 050 | Test Loss: 2.4940E-04 | Time: 7ms
> Save at epoch 050 | Test loss 2.4940E-04
Epoch: 051 | Train Loss: 5.9659E-04 | CBF GN: 8.5255E-02 | Time: 25ms
Epoch: 051 | Test Loss: 3.7777E-04 | Time: 7ms
Epoch: 052 | Test Loss: 5.2127E-04 | Time: 7ms
Epoch: 053 | Test Loss: 3.4403E-04 | Time: 7ms
Epoch: 054 | Test Loss: 6.5878E-04 | Time: 35ms
Epoch: 055 | Test Loss: 3.6711E-04 | Time: 7ms
Epoch: 056 | Train Loss: 6.1956E-04 | CBF GN: 7.7578E-02 | Time: 25ms
Epoch: 056 | Test Loss: 8.3060E-04 | Time: 7ms
Epoch: 057 | Test Loss: 5.1312E-04 | Time: 7ms
Epoch: 058 | Test Loss: 4.7937E-04 | Time: 7ms
Epoch: 059 | Test Loss: 2.7814E-04 | Time: 7ms
Epoch: 060 | Test Loss: 3.4737E-04 | Time: 7ms
Epoch: 061 | Train Loss: 5.1339E-04 | CBF GN: 4.1876E-02 | Time: 25ms
Epoch: 061 | Test Loss: 3.5671E-04 | Time: 7ms
Epoch: 062 | Test Loss: 1.8757E-04 | Time: 7ms
> Save at epoch 062 | Test loss 1.8757E-04
Epoch: 063 | Test Loss: 2.7796E-04 | Time: 7ms
Epoch: 064 | Test Loss: 2.0548E-04 | Time: 7ms
Epoch: 065 | Test Loss: 1.8953E-04 | Time: 7ms
Epoch: 066 | Train Loss: 2.7829E-04 | CBF GN: 4.2403E-02 | Time: 25ms
Epoch: 066 | Test Loss: 2.3577E-04 | Time: 7ms
Epoch: 067 | Test Loss: 2.8334E-04 | Time: 7ms
Epoch: 068 | Test Loss: 3.2488E-04 | Time: 7ms
Epoch: 069 | Test Loss: 3.2316E-04 | Time: 7ms
Epoch: 070 | Test Loss: 3.0098E-04 | Time: 7ms
Epoch: 071 | Train Loss: 3.6112E-04 | CBF GN: 5.1437E-02 | Time: 25ms
Epoch: 071 | Test Loss: 1.5372E-04 | Time: 7ms
> Save at epoch 071 | Test loss 1.5372E-04
Epoch: 072 | Test Loss: 1.5002E-04 | Time: 7ms
> Save at epoch 072 | Test loss 1.5002E-04
Epoch: 073 | Test Loss: 2.9249E-04 | Time: 7ms
Epoch: 074 | Test Loss: 2.2189E-04 | Time: 7ms
Epoch: 075 | Test Loss: 3.2769E-04 | Time: 7ms
Epoch: 076 | Train Loss: 3.6271E-04 | CBF GN: 4.3345E-02 | Time: 25ms
Epoch: 076 | Test Loss: 2.8059E-04 | Time: 7ms
Epoch: 077 | Test Loss: 1.6187E-04 | Time: 7ms
Epoch: 078 | Test Loss: 2.2739E-04 | Time: 7ms
Epoch: 079 | Test Loss: 2.1068E-04 | Time: 7ms
Epoch: 080 | Test Loss: 2.7839E-04 | Time: 7ms
Epoch: 081 | Train Loss: 2.6936E-04 | CBF GN: 3.6159E-02 | Time: 25ms
Epoch: 081 | Test Loss: 1.7090E-04 | Time: 7ms
Epoch: 082 | Test Loss: 2.1990E-04 | Time: 7ms
Epoch: 083 | Test Loss: 2.6749E-04 | Time: 7ms
Epoch: 084 | Test Loss: 1.8723E-04 | Time: 7ms
Epoch: 085 | Test Loss: 1.8407E-04 | Time: 8ms
Epoch: 086 | Train Loss: 2.4403E-04 | CBF GN: 3.6678E-02 | Time: 25ms
Epoch: 086 | Test Loss: 2.3224E-04 | Time: 7ms
Epoch: 087 | Test Loss: 1.7761E-04 | Time: 7ms
Epoch: 088 | Test Loss: 1.9310E-04 | Time: 7ms
Epoch: 089 | Test Loss: 2.0901E-04 | Time: 7ms
Epoch: 090 | Test Loss: 2.1256E-04 | Time: 7ms
Epoch: 091 | Train Loss: 2.2622E-04 | CBF GN: 3.1162E-02 | Time: 25ms
Epoch: 091 | Test Loss: 1.9555E-04 | Time: 7ms
Epoch: 092 | Test Loss: 1.8581E-04 | Time: 7ms
Epoch: 093 | Test Loss: 1.8617E-04 | Time: 7ms
Epoch: 094 | Test Loss: 1.9062E-04 | Time: 7ms
Epoch: 095 | Test Loss: 1.8165E-04 | Time: 7ms
Epoch: 096 | Train Loss: 2.1592E-04 | CBF GN: 2.9611E-02 | Time: 25ms
Epoch: 096 | Test Loss: 1.8270E-04 | Time: 7ms
Epoch: 097 | Test Loss: 1.9292E-04 | Time: 7ms
Epoch: 098 | Test Loss: 1.9325E-04 | Time: 7ms
Epoch: 099 | Test Loss: 1.9211E-04 | Time: 7ms
Epoch: 100 | Test Loss: 1.9189E-04 | Time: 7ms
Total time: 3s477ms
==> Visualizing training and test losses ...
==> Computing the smoothness constants ...
> Lipschitz constant of CBF network: 1.000000
> Hessian bound of CBF network: 4.355212
==> Saving the training results ...
==> Visualizing the CBF function and feasibility condition ...
==> Checking the safe and unsafe set ...
> Safe set percentage: 0.7509
> Unsafe set percentage: 0.9996
> Feasibility percentage: 0.9922
> Success:  False
==> Saving the feasibility results ...
==> Visualizing the CBF function and stability condition ...
==> Visualizing the feasibility condition ...
==> Done!
