==> Creating result directory ...
==> Loading test settings ...
==> Deciding torch device ...
==> torch device:  cuda
==> Building cbf neural network ...
==> Lipschitz constant of CBF network: 1.000000
==> Hessian bound of CBF network: 4.355212
==> Third order elementwise bound of CBF network: 30.225904
==> Number of subregions: 1
==> Subregion 0000000001 / 0000000001: 
==> [[-0.5  -2.   -1.57], [0.5  0.   1.57]]
> Iteration 00 | Bound: [-0.364613, 1.562794] | l2 radius: 1.93E+00 | Size: 1.00E+00 | Time: 72ms
> Iteration 01 | Bound: [-0.405282, 0.960816] | l2 radius: 1.37E+00 | Size: 2.00E+00 | Time: 77ms
> Iteration 02 | Bound: [-0.352081, 0.704435] | l2 radius: 1.06E+00 | Size: 4.00E+00 | Time: 79ms
> Iteration 03 | Bound: [-0.305119, 0.503618] | l2 radius: 8.09E-01 | Size: 8.00E+00 | Time: 81ms
> Iteration 04 | Bound: [-0.263196, 0.419854] | l2 radius: 6.83E-01 | Size: 1.60E+01 | Time: 82ms
> Iteration 05 | Bound: [-0.259469, 0.268789] | l2 radius: 5.28E-01 | Size: 3.20E+01 | Time: 85ms
> Iteration 06 | Bound: [-0.268745, 0.135623] | l2 radius: 4.04E-01 | Size: 6.00E+01 | Time: 89ms
> Iteration 07 | Bound: [-0.230611, 0.110913] | l2 radius: 3.42E-01 | Size: 9.80E+01 | Time: 92ms
> Iteration 08 | Bound: [-0.195775, 0.058790] | l2 radius: 2.64E-01 | Size: 8.80E+01 | Time: 96ms
> Iteration 09 | Bound: [-0.157461, -0.004372] | l2 radius: 2.02E-01 | Size: 1.40E+01 | Time: 98ms
> No region to refine. Done!
> Time for subregion 0000000001: 98ms
> Total time up to subregion 0000000001: 98ms = 0.09882235527038574 s
> Total time excluding drawing: 98ms = 0.09882235527038574 s
> Success: True
==> Done!
