==> Creating result directory ...
==> Loading test settings ...
==> Deciding torch device ...
==> torch device:  cuda
==> Seeding everything ...
==> Building dynamical system ...
==> Building cbf neural network ...
==========================================================================================
Layer (type:depth-idx)                   Output Shape              Param #
==========================================================================================
LipschitzNetwork                         [1, 1]                    --
├─Sequential: 1-1                        [1, 1]                    --
│    └─SandwichFc: 2-1                   [1, 256]                  66,817
│    └─SandwichFc: 2-2                   [1, 256]                  131,585
│    └─SandwichLin: 2-3                  [1, 1]                    259
==========================================================================================
Total params: 198,661
Trainable params: 198,149
Non-trainable params: 512
Total mult-adds (M): 0.20
==========================================================================================
Input size (MB): 0.00
Forward/backward pass size (MB): 0.00
Params size (MB): 0.79
Estimated Total Size (MB): 0.80
==========================================================================================
==> Lipschitz constant of CBF network: 1.000000
==> Amount of training data:  48000
==> Creating training data ...
==> Start training ...
Epoch: 001 | Train Loss: 1.8868E-01 | CBF GN: 5.3079E+00 | Time: 974ms
Epoch: 001 | Test Loss: 2.4675E-03 | Time: 265ms
> Save at epoch 001 | Test loss 2.4675E-03
Epoch: 002 | Test Loss: 6.8556E-03 | Time: 239ms
Epoch: 003 | Test Loss: 9.3190E-04 | Time: 244ms
> Save at epoch 003 | Test loss 9.3190E-04
Epoch: 004 | Test Loss: 1.0549E-03 | Time: 267ms
Epoch: 005 | Test Loss: 1.0102E-03 | Time: 240ms
Epoch: 006 | Train Loss: 4.4896E-03 | CBF GN: 1.3583E-01 | Time: 889ms
Epoch: 006 | Test Loss: 9.7760E-04 | Time: 240ms
Epoch: 007 | Test Loss: 8.6705E-04 | Time: 242ms
> Save at epoch 007 | Test loss 8.6705E-04
Epoch: 008 | Test Loss: 7.4504E-04 | Time: 264ms
> Save at epoch 008 | Test loss 7.4504E-04
Epoch: 009 | Test Loss: 6.4844E-04 | Time: 238ms
> Save at epoch 009 | Test loss 6.4844E-04
Epoch: 010 | Test Loss: 6.1530E-04 | Time: 265ms
> Save at epoch 010 | Test loss 6.1530E-04
Epoch: 011 | Train Loss: 1.1595E-03 | CBF GN: 5.7756E-02 | Time: 880ms
Epoch: 011 | Test Loss: 6.2413E-04 | Time: 245ms
Epoch: 012 | Test Loss: 5.4119E-04 | Time: 277ms
> Save at epoch 012 | Test loss 5.4119E-04
Epoch: 013 | Test Loss: 5.6322E-04 | Time: 239ms
Epoch: 014 | Test Loss: 5.5195E-04 | Time: 241ms
Epoch: 015 | Test Loss: 4.8106E-04 | Time: 266ms
> Save at epoch 015 | Test loss 4.8106E-04
Epoch: 016 | Train Loss: 8.8797E-04 | CBF GN: 3.3703E-02 | Time: 890ms
Epoch: 016 | Test Loss: 4.2679E-04 | Time: 244ms
> Save at epoch 016 | Test loss 4.2679E-04
Epoch: 017 | Test Loss: 4.4282E-04 | Time: 239ms
Epoch: 018 | Test Loss: 4.0257E-04 | Time: 243ms
> Save at epoch 018 | Test loss 4.0257E-04
Epoch: 019 | Test Loss: 3.6291E-04 | Time: 240ms
> Save at epoch 019 | Test loss 3.6291E-04
Epoch: 020 | Test Loss: 4.0149E-04 | Time: 272ms
Epoch: 021 | Train Loss: 8.2638E-04 | CBF GN: 3.0747E-02 | Time: 888ms
Epoch: 021 | Test Loss: 4.3353E-04 | Time: 239ms
Epoch: 022 | Test Loss: 3.5799E-04 | Time: 245ms
> Save at epoch 022 | Test loss 3.5799E-04
Epoch: 023 | Test Loss: 2.8288E-04 | Time: 241ms
> Save at epoch 023 | Test loss 2.8288E-04
Epoch: 024 | Test Loss: 3.3203E-04 | Time: 278ms
Epoch: 025 | Test Loss: 2.8379E-04 | Time: 247ms
Epoch: 026 | Train Loss: 5.6883E-04 | CBF GN: 1.8895E-02 | Time: 885ms
Epoch: 026 | Test Loss: 1.8597E-04 | Time: 247ms
> Save at epoch 026 | Test loss 1.8597E-04
Epoch: 027 | Test Loss: 2.4979E-04 | Time: 250ms
Epoch: 028 | Test Loss: 3.2872E-04 | Time: 255ms
Epoch: 029 | Test Loss: 2.0344E-04 | Time: 256ms
Epoch: 030 | Test Loss: 1.8095E-04 | Time: 276ms
> Save at epoch 030 | Test loss 1.8095E-04
Epoch: 031 | Train Loss: 3.8741E-04 | CBF GN: 1.4485E-02 | Time: 897ms
Epoch: 031 | Test Loss: 1.7735E-04 | Time: 266ms
> Save at epoch 031 | Test loss 1.7735E-04
Epoch: 032 | Test Loss: 2.6323E-04 | Time: 246ms
Epoch: 033 | Test Loss: 1.8511E-04 | Time: 250ms
Epoch: 034 | Test Loss: 1.5678E-04 | Time: 247ms
> Save at epoch 034 | Test loss 1.5678E-04
Epoch: 035 | Test Loss: 2.0144E-04 | Time: 255ms
Epoch: 036 | Train Loss: 4.7811E-04 | CBF GN: 1.7011E-02 | Time: 886ms
Epoch: 036 | Test Loss: 1.1984E-04 | Time: 251ms
> Save at epoch 036 | Test loss 1.1984E-04
Epoch: 037 | Test Loss: 2.0834E-04 | Time: 240ms
Epoch: 038 | Test Loss: 1.4854E-04 | Time: 239ms
Epoch: 039 | Test Loss: 1.3005E-04 | Time: 263ms
Epoch: 040 | Test Loss: 1.1178E-04 | Time: 267ms
> Save at epoch 040 | Test loss 1.1178E-04
Epoch: 041 | Train Loss: 3.3540E-04 | CBF GN: 1.3556E-02 | Time: 880ms
Epoch: 041 | Test Loss: 1.7047E-04 | Time: 239ms
Epoch: 042 | Test Loss: 1.6357E-04 | Time: 241ms
Epoch: 043 | Test Loss: 1.4547E-04 | Time: 246ms
Epoch: 044 | Test Loss: 1.9277E-04 | Time: 242ms
Epoch: 045 | Test Loss: 1.6365E-04 | Time: 270ms
Epoch: 046 | Train Loss: 3.8599E-04 | CBF GN: 1.5758E-02 | Time: 886ms
Epoch: 046 | Test Loss: 1.1128E-04 | Time: 238ms
> Save at epoch 046 | Test loss 1.1128E-04
Epoch: 047 | Test Loss: 1.3645E-04 | Time: 238ms
Epoch: 048 | Test Loss: 1.7955E-04 | Time: 238ms
Epoch: 049 | Test Loss: 1.7476E-04 | Time: 265ms
Epoch: 050 | Test Loss: 1.7526E-04 | Time: 238ms
Epoch: 051 | Train Loss: 3.6590E-04 | CBF GN: 1.3009E-02 | Time: 913ms
Epoch: 051 | Test Loss: 2.2422E-04 | Time: 238ms
Epoch: 052 | Test Loss: 1.8509E-04 | Time: 239ms
Epoch: 053 | Test Loss: 1.5220E-04 | Time: 238ms
Epoch: 054 | Test Loss: 1.4118E-04 | Time: 275ms
Epoch: 055 | Test Loss: 2.2982E-04 | Time: 246ms
Epoch: 056 | Train Loss: 4.3826E-04 | CBF GN: 1.9399E-02 | Time: 893ms
Epoch: 056 | Test Loss: 2.0338E-04 | Time: 266ms
Epoch: 057 | Test Loss: 1.5122E-04 | Time: 239ms
Epoch: 058 | Test Loss: 1.3624E-04 | Time: 244ms
Epoch: 059 | Test Loss: 1.3508E-04 | Time: 238ms
Epoch: 060 | Test Loss: 1.4181E-04 | Time: 239ms
Epoch: 061 | Train Loss: 4.4094E-04 | CBF GN: 1.7378E-02 | Time: 881ms
Epoch: 061 | Test Loss: 1.1312E-04 | Time: 267ms
Epoch: 062 | Test Loss: 1.4597E-04 | Time: 239ms
Epoch: 063 | Test Loss: 1.6546E-04 | Time: 239ms
Epoch: 064 | Test Loss: 1.3924E-04 | Time: 240ms
Epoch: 065 | Test Loss: 1.6437E-04 | Time: 239ms
Epoch: 066 | Train Loss: 3.1916E-04 | CBF GN: 1.3441E-02 | Time: 889ms
Epoch: 066 | Test Loss: 1.7259E-04 | Time: 238ms
Epoch: 067 | Test Loss: 1.3014E-04 | Time: 273ms
Epoch: 068 | Test Loss: 1.2972E-04 | Time: 270ms
Epoch: 069 | Test Loss: 1.6311E-04 | Time: 239ms
Epoch: 070 | Test Loss: 1.8251E-04 | Time: 238ms
Epoch: 071 | Train Loss: 3.6552E-04 | CBF GN: 1.5125E-02 | Time: 910ms
Epoch: 071 | Test Loss: 1.6623E-04 | Time: 239ms
Epoch: 072 | Test Loss: 1.5676E-04 | Time: 237ms
Epoch: 073 | Test Loss: 1.1555E-04 | Time: 238ms
Epoch: 074 | Test Loss: 1.0901E-04 | Time: 271ms
> Save at epoch 074 | Test loss 1.0901E-04
Epoch: 075 | Test Loss: 1.3326E-04 | Time: 241ms
Epoch: 076 | Train Loss: 3.2587E-04 | CBF GN: 1.4680E-02 | Time: 900ms
Epoch: 076 | Test Loss: 1.0914E-04 | Time: 267ms
Epoch: 077 | Test Loss: 1.0277E-04 | Time: 270ms
> Save at epoch 077 | Test loss 1.0277E-04
Epoch: 078 | Test Loss: 1.3300E-04 | Time: 238ms
Epoch: 079 | Test Loss: 1.2381E-04 | Time: 241ms
Epoch: 080 | Test Loss: 1.1412E-04 | Time: 238ms
Epoch: 081 | Train Loss: 2.7820E-04 | CBF GN: 1.4019E-02 | Time: 904ms
Epoch: 081 | Test Loss: 1.3719E-04 | Time: 239ms
Epoch: 082 | Test Loss: 1.3292E-04 | Time: 268ms
Epoch: 083 | Test Loss: 1.3055E-04 | Time: 239ms
Epoch: 084 | Test Loss: 1.1339E-04 | Time: 239ms
Epoch: 085 | Test Loss: 9.7881E-05 | Time: 238ms
> Save at epoch 085 | Test loss 9.7881E-05
Epoch: 086 | Train Loss: 2.5055E-04 | CBF GN: 1.1338E-02 | Time: 923ms
Epoch: 086 | Test Loss: 9.9036E-05 | Time: 242ms
Epoch: 087 | Test Loss: 9.0431E-05 | Time: 267ms
> Save at epoch 087 | Test loss 9.0431E-05
Epoch: 088 | Test Loss: 1.0377E-04 | Time: 263ms
Epoch: 089 | Test Loss: 1.0159E-04 | Time: 239ms
Epoch: 090 | Test Loss: 9.5253E-05 | Time: 261ms
Epoch: 091 | Train Loss: 2.3622E-04 | CBF GN: 1.1498E-02 | Time: 916ms
Epoch: 091 | Test Loss: 9.4490E-05 | Time: 240ms
Epoch: 092 | Test Loss: 1.0787E-04 | Time: 265ms
Epoch: 093 | Test Loss: 9.2954E-05 | Time: 239ms
Epoch: 094 | Test Loss: 9.7088E-05 | Time: 266ms
Epoch: 095 | Test Loss: 9.1049E-05 | Time: 240ms
Epoch: 096 | Train Loss: 2.0943E-04 | CBF GN: 1.0728E-02 | Time: 920ms
Epoch: 096 | Test Loss: 8.9822E-05 | Time: 243ms
> Save at epoch 096 | Test loss 8.9822E-05
Epoch: 097 | Test Loss: 9.1373E-05 | Time: 272ms
Epoch: 098 | Test Loss: 9.0204E-05 | Time: 240ms
Epoch: 099 | Test Loss: 8.9907E-05 | Time: 244ms
Epoch: 100 | Test Loss: 8.9750E-05 | Time: 247ms
> Save at epoch 100 | Test loss 8.9750E-05
Total time: 1m54s
==> Visualizing training and test losses ...
==> Computing the smoothness constants ...
> Lipschitz constant of CBF network: 1.000000
> Hessian bound of CBF network: 4.355212
==> Saving the training results ...
==> Visualizing the CBF function and feasibility condition ...
==> Checking the safe and unsafe set ...
> Safe set percentage: 0.728226
> Unsafe set percentage: 1.000000
> Feasibility percentage: 1.000000
> Success:  True
==> Saving the feasibility results ...
==> Visualizing the CBF function and stability condition ...
==> Visualizing the feasibility condition ...
==> Done!
