==> Creating result directory ...
==> Loading test settings ...
==> Deciding torch device ...
==> torch device:  cuda
==> Seeding everything ...
==> Building dynamical system ...
==> Building cbf neural network ...
==========================================================================================
Layer (type:depth-idx)                   Output Shape              Param #
==========================================================================================
LipschitzNetwork                         [1, 1]                    --
├─Sequential: 1-1                        [1, 1]                    --
│    └─SandwichFc: 2-1                   [1, 256]                  67,073
│    └─SandwichLin: 2-2                  [1, 1]                    259
==========================================================================================
Total params: 67,332
Trainable params: 67,076
Non-trainable params: 256
Total mult-adds (M): 0.07
==========================================================================================
Input size (MB): 0.00
Forward/backward pass size (MB): 0.00
Params size (MB): 0.27
Estimated Total Size (MB): 0.27
==========================================================================================
==> Lipschitz constant of CBF network: 4.000000
==> Amount of training data:  40000
==> Creating training data ...
==> Start training ...
Epoch: 001 | Train Loss: 7.5658E-01 | CBF GN: 1.3652E+01 | Time: 509ms
Epoch: 001 | Test Loss: 3.1022E-01 | Time: 133ms
> Save at epoch 001 | Test loss 3.1022E-01
Epoch: 002 | Test Loss: 6.9844E-03 | Time: 133ms
> Save at epoch 002 | Test loss 6.9844E-03
Epoch: 003 | Test Loss: 7.6425E-03 | Time: 161ms
Epoch: 004 | Test Loss: 7.5639E-03 | Time: 135ms
Epoch: 005 | Test Loss: 7.5371E-03 | Time: 144ms
Epoch: 006 | Train Loss: 9.0120E-03 | CBF GN: 2.7255E-01 | Time: 412ms
Epoch: 006 | Test Loss: 7.0641E-03 | Time: 143ms
Epoch: 007 | Test Loss: 7.4465E-03 | Time: 133ms
Epoch: 008 | Test Loss: 7.5695E-03 | Time: 133ms
Epoch: 009 | Test Loss: 6.7944E-03 | Time: 163ms
> Save at epoch 009 | Test loss 6.7944E-03
Epoch: 010 | Test Loss: 6.7923E-03 | Time: 137ms
> Save at epoch 010 | Test loss 6.7923E-03
Epoch: 011 | Train Loss: 9.5974E-03 | CBF GN: 3.1259E-01 | Time: 463ms
Epoch: 011 | Test Loss: 7.3166E-03 | Time: 154ms
Epoch: 012 | Test Loss: 6.0578E-03 | Time: 139ms
> Save at epoch 012 | Test loss 6.0578E-03
Epoch: 013 | Test Loss: 6.8354E-03 | Time: 162ms
Epoch: 014 | Test Loss: 6.5167E-03 | Time: 151ms
Epoch: 015 | Test Loss: 6.0238E-03 | Time: 142ms
> Save at epoch 015 | Test loss 6.0238E-03
Epoch: 016 | Train Loss: 7.7164E-03 | CBF GN: 2.0269E-01 | Time: 459ms
Epoch: 016 | Test Loss: 5.8420E-03 | Time: 139ms
> Save at epoch 016 | Test loss 5.8420E-03
Epoch: 017 | Test Loss: 5.7942E-03 | Time: 147ms
> Save at epoch 017 | Test loss 5.7942E-03
Epoch: 018 | Test Loss: 5.7458E-03 | Time: 145ms
> Save at epoch 018 | Test loss 5.7458E-03
Epoch: 019 | Test Loss: 5.1752E-03 | Time: 178ms
> Save at epoch 019 | Test loss 5.1752E-03
Epoch: 020 | Test Loss: 4.4602E-03 | Time: 156ms
> Save at epoch 020 | Test loss 4.4602E-03
Epoch: 021 | Train Loss: 8.0823E-03 | CBF GN: 2.0033E-01 | Time: 459ms
Epoch: 021 | Test Loss: 5.4464E-03 | Time: 143ms
Epoch: 022 | Test Loss: 5.9297E-03 | Time: 134ms
Epoch: 023 | Test Loss: 5.8140E-03 | Time: 135ms
Epoch: 024 | Test Loss: 4.6070E-03 | Time: 145ms
Epoch: 025 | Test Loss: 3.6026E-03 | Time: 177ms
> Save at epoch 025 | Test loss 3.6026E-03
Epoch: 026 | Train Loss: 6.4158E-03 | CBF GN: 1.3597E-01 | Time: 426ms
Epoch: 026 | Test Loss: 4.0027E-03 | Time: 135ms
Epoch: 027 | Test Loss: 4.0653E-03 | Time: 149ms
Epoch: 028 | Test Loss: 3.7320E-03 | Time: 133ms
Epoch: 029 | Test Loss: 4.0734E-03 | Time: 138ms
Epoch: 030 | Test Loss: 4.0523E-03 | Time: 148ms
Epoch: 031 | Train Loss: 5.7013E-03 | CBF GN: 1.1300E-01 | Time: 423ms
Epoch: 031 | Test Loss: 4.4619E-03 | Time: 166ms
Epoch: 032 | Test Loss: 3.6173E-03 | Time: 132ms
Epoch: 033 | Test Loss: 4.0431E-03 | Time: 159ms
Epoch: 034 | Test Loss: 3.7157E-03 | Time: 147ms
Epoch: 035 | Test Loss: 4.5724E-03 | Time: 158ms
Epoch: 036 | Train Loss: 4.9216E-03 | CBF GN: 9.3089E-02 | Time: 410ms
Epoch: 036 | Test Loss: 3.1848E-03 | Time: 134ms
> Save at epoch 036 | Test loss 3.1848E-03
Epoch: 037 | Test Loss: 3.3590E-03 | Time: 160ms
Epoch: 038 | Test Loss: 4.2000E-03 | Time: 133ms
Epoch: 039 | Test Loss: 3.3612E-03 | Time: 136ms
Epoch: 040 | Test Loss: 3.9006E-03 | Time: 161ms
Epoch: 041 | Train Loss: 5.7412E-03 | CBF GN: 1.0165E-01 | Time: 411ms
Epoch: 041 | Test Loss: 2.3553E-03 | Time: 134ms
> Save at epoch 041 | Test loss 2.3553E-03
Epoch: 042 | Test Loss: 2.8191E-03 | Time: 133ms
Epoch: 043 | Test Loss: 3.0260E-03 | Time: 159ms
Epoch: 044 | Test Loss: 2.9976E-03 | Time: 133ms
Epoch: 045 | Test Loss: 3.7597E-03 | Time: 135ms
Epoch: 046 | Train Loss: 4.3079E-03 | CBF GN: 9.5980E-02 | Time: 437ms
Epoch: 046 | Test Loss: 3.8124E-03 | Time: 133ms
Epoch: 047 | Test Loss: 3.0898E-03 | Time: 159ms
Epoch: 048 | Test Loss: 3.0526E-03 | Time: 133ms
Epoch: 049 | Test Loss: 2.6486E-03 | Time: 132ms
Epoch: 050 | Test Loss: 3.6390E-03 | Time: 160ms
Epoch: 051 | Train Loss: 3.7690E-03 | CBF GN: 8.7950E-02 | Time: 414ms
Epoch: 051 | Test Loss: 3.1541E-03 | Time: 133ms
Epoch: 052 | Test Loss: 2.5457E-03 | Time: 133ms
Epoch: 053 | Test Loss: 3.2983E-03 | Time: 132ms
Epoch: 054 | Test Loss: 2.8044E-03 | Time: 133ms
Epoch: 055 | Test Loss: 2.5119E-03 | Time: 135ms
Epoch: 056 | Train Loss: 3.7441E-03 | CBF GN: 8.7393E-02 | Time: 451ms
Epoch: 056 | Test Loss: 2.7312E-03 | Time: 134ms
Epoch: 057 | Test Loss: 2.5028E-03 | Time: 136ms
Epoch: 058 | Test Loss: 2.5813E-03 | Time: 133ms
Epoch: 059 | Test Loss: 2.5513E-03 | Time: 136ms
Epoch: 060 | Test Loss: 2.4328E-03 | Time: 163ms
Epoch: 061 | Train Loss: 3.4635E-03 | CBF GN: 9.2003E-02 | Time: 424ms
Epoch: 061 | Test Loss: 2.8878E-03 | Time: 135ms
Epoch: 062 | Test Loss: 2.2899E-03 | Time: 143ms
> Save at epoch 062 | Test loss 2.2899E-03
Epoch: 063 | Test Loss: 2.2118E-03 | Time: 140ms
> Save at epoch 063 | Test loss 2.2118E-03
Epoch: 064 | Test Loss: 2.4910E-03 | Time: 133ms
Epoch: 065 | Test Loss: 2.3206E-03 | Time: 133ms
Epoch: 066 | Train Loss: 3.4576E-03 | CBF GN: 9.3121E-02 | Time: 411ms
Epoch: 066 | Test Loss: 3.2454E-03 | Time: 133ms
Epoch: 067 | Test Loss: 2.5646E-03 | Time: 160ms
Epoch: 068 | Test Loss: 2.2210E-03 | Time: 134ms
Epoch: 069 | Test Loss: 2.3327E-03 | Time: 133ms
Epoch: 070 | Test Loss: 2.2204E-03 | Time: 136ms
Epoch: 071 | Train Loss: 3.0417E-03 | CBF GN: 8.2943E-02 | Time: 421ms
Epoch: 071 | Test Loss: 2.1777E-03 | Time: 142ms
> Save at epoch 071 | Test loss 2.1777E-03
Epoch: 072 | Test Loss: 2.3033E-03 | Time: 140ms
Epoch: 073 | Test Loss: 2.1633E-03 | Time: 133ms
> Save at epoch 073 | Test loss 2.1633E-03
Epoch: 074 | Test Loss: 2.1710E-03 | Time: 134ms
Epoch: 075 | Test Loss: 2.0736E-03 | Time: 134ms
> Save at epoch 075 | Test loss 2.0736E-03
Epoch: 076 | Train Loss: 2.9620E-03 | CBF GN: 8.2289E-02 | Time: 416ms
Epoch: 076 | Test Loss: 1.9784E-03 | Time: 162ms
> Save at epoch 076 | Test loss 1.9784E-03
Epoch: 077 | Test Loss: 2.1077E-03 | Time: 142ms
Epoch: 078 | Test Loss: 2.5339E-03 | Time: 133ms
Epoch: 079 | Test Loss: 2.1480E-03 | Time: 134ms
Epoch: 080 | Test Loss: 1.8843E-03 | Time: 145ms
> Save at epoch 080 | Test loss 1.8843E-03
Epoch: 081 | Train Loss: 2.8958E-03 | CBF GN: 8.2749E-02 | Time: 440ms
Epoch: 081 | Test Loss: 1.9450E-03 | Time: 133ms
Epoch: 082 | Test Loss: 1.9980E-03 | Time: 133ms
Epoch: 083 | Test Loss: 2.1120E-03 | Time: 159ms
Epoch: 084 | Test Loss: 1.9355E-03 | Time: 136ms
Epoch: 085 | Test Loss: 2.1003E-03 | Time: 133ms
Epoch: 086 | Train Loss: 2.6382E-03 | CBF GN: 7.2512E-02 | Time: 426ms
Epoch: 086 | Test Loss: 1.8587E-03 | Time: 140ms
> Save at epoch 086 | Test loss 1.8587E-03
Epoch: 087 | Test Loss: 1.9855E-03 | Time: 163ms
Epoch: 088 | Test Loss: 1.9235E-03 | Time: 134ms
Epoch: 089 | Test Loss: 1.9003E-03 | Time: 134ms
Epoch: 090 | Test Loss: 1.8164E-03 | Time: 133ms
> Save at epoch 090 | Test loss 1.8164E-03
Epoch: 091 | Train Loss: 2.6033E-03 | CBF GN: 7.5474E-02 | Time: 409ms
Epoch: 091 | Test Loss: 1.8789E-03 | Time: 133ms
Epoch: 092 | Test Loss: 1.9395E-03 | Time: 161ms
Epoch: 093 | Test Loss: 1.8837E-03 | Time: 134ms
Epoch: 094 | Test Loss: 1.8474E-03 | Time: 134ms
Epoch: 095 | Test Loss: 1.8428E-03 | Time: 133ms
Epoch: 096 | Train Loss: 2.5296E-03 | CBF GN: 7.7668E-02 | Time: 409ms
Epoch: 096 | Test Loss: 1.8605E-03 | Time: 159ms
Epoch: 097 | Test Loss: 1.8681E-03 | Time: 134ms
Epoch: 098 | Test Loss: 1.8570E-03 | Time: 133ms
Epoch: 099 | Test Loss: 1.8552E-03 | Time: 133ms
Epoch: 100 | Test Loss: 1.8494E-03 | Time: 133ms
Total time: 56s948ms
==> Visualizing training and test losses ...
==> Computing the smoothness constants ...
> Lipschitz constant of CBF network: 4.000000
> Hessian bound of CBF network: 17.420848
==> Saving the training results ...
==> Visualizing the CBF function and feasibility condition ...
==> Checking the safe and unsafe set ...
> Safe set percentage: 0.600261
> Unsafe set percentage: 1.000000
> Feasibility percentage: 1.000000
> Success:  True
==> Saving the feasibility results ...
==> Visualizing the CBF function and stability condition ...
==> Visualizing the feasibility condition ...
==> Done!
