==> Creating result directory ...
==> Loading test settings ...
==> torch device:  cpu
==> Seeding everything ...
==> Building CBF neural network ...
==> Number of subregions: 4
==> dReal variables:  [Variable('x1') Variable('x2')]
==> dReal for CBF function
> Start constructing the dReal expression for lyapunov function ...
> Start time: 2025-02-17 19:06:49.249633
> Stop time: 2025-02-17 19:06:49.401660
> Time used: 152ms = 0.15202641487121582 s
> Checking consistency for lipschitz neural network ...
==> Verifying with dReal ...
> dReal precision: 1.0E-03
> dReal number of jobs: 1
==> Subregion 0000000001 / 0000000004: 
==> [[-3.14 -5.  ], [-2.618  5.   ]]
> Start time: 2025-02-17 19:06:49.411060
> Stop time: 2025-02-17 19:07:10.283994
> Result:
None
> Time for subregion 0000000001: 20s872ms = 20.872934341430664 s
> Total time up to subregion 0000000001: 20s872ms = 20.872934341430664 s

==> Subregion 0000000002 / 0000000004: 
==> [[ 2.618 -5.   ], [3.14 5.  ]]
> Start time: 2025-02-17 19:07:10.284434
> Stop time: 2025-02-17 19:07:25.355365
> Result:
None
> Time for subregion 0000000002: 15s70ms = 15.070931196212769 s
> Total time up to subregion 0000000002: 35s943ms = 35.94386553764343 s

==> Subregion 0000000003 / 0000000004: 
==> [[-2.618 -5.   ], [ 2.618 -4.   ]]
> Start time: 2025-02-17 19:07:25.355793
> Stop time: 2025-02-17 19:07:32.486000
> Result:
None
> Time for subregion 0000000003: 7s130ms = 7.130207300186157 s
> Total time up to subregion 0000000003: 43s74ms = 43.07407283782959 s

==> Subregion 0000000004 / 0000000004: 
==> [[-2.618  4.   ], [2.618 5.   ]]
> Start time: 2025-02-17 19:07:32.486440
> Stop time: 2025-02-17 19:07:39.246285
> Result:
None
> Time for subregion 0000000004: 6s759ms = 6.759844779968262 s
> Total time up to subregion 0000000004: 49s833ms = 49.83391761779785 s

==> Success: True
==> Done!
