==> Creating result directory ...
==> Loading test settings ...
==> Deciding torch device ...
==> torch device:  cpu
==> Building dynamical system ...
==> Building cbf neural network ...
==> Lipschitz constant of CBF network: 1.000000
==> Hessian bound of CBF network: 2.177606
==> Third order elementwise bound of CBF network: 8.000000
==> Number of subregions: 1
==> Subregion 0000000001 / 0000000001: 
==> [[-3.14 -5.  ], [3.14 5.  ]]
==> Lipschitz constant of the zero order test function: 60.206924
> Iteration 00 | Bound: [-355.375610, 0.098245] | l2 radius: 5.90E+00 | Size: 1.00E+00 | Time: 14ms
> Iteration 01 | Bound: [-240.720215, 0.930911] | l2 radius: 4.01E+00 | Size: 2.00E+00 | Time: 15ms
> Iteration 02 | Bound: [-177.702713, 0.034208] | l2 radius: 2.95E+00 | Size: 4.00E+00 | Time: 16ms
> Iteration 03 | Bound: [-120.791931, 0.033631] | l2 radius: 2.01E+00 | Size: 8.00E+00 | Time: 17ms
> Iteration 04 | Bound: [-88.832512, 0.035951] | l2 radius: 1.48E+00 | Size: 1.60E+01 | Time: 19ms
> Iteration 05 | Bound: [-60.378536, 0.034243] | l2 radius: 1.00E+00 | Size: 3.20E+01 | Time: 20ms
> Iteration 06 | Bound: [-44.423763, 0.010466] | l2 radius: 7.38E-01 | Size: 6.40E+01 | Time: 22ms
> Iteration 07 | Bound: [-30.195330, 0.011062] | l2 radius: 5.02E-01 | Size: 1.28E+02 | Time: 26ms
> Iteration 08 | Bound: [-18.762922, 0.002001] | l2 radius: 3.69E-01 | Size: 2.56E+02 | Time: 31ms
> Iteration 09 | Bound: [-8.648726, 0.004250] | l2 radius: 2.51E-01 | Size: 4.20E+02 | Time: 40ms
> Iteration 10 | Bound: [-4.692447, 0.000821] | l2 radius: 1.85E-01 | Size: 6.60E+02 | Time: 53ms
> Iteration 11 | Bound: [-2.149808, 0.019384] | l2 radius: 1.25E-01 | Size: 1.09E+03 | Time: 91ms
> Iteration 12 | Bound: [-1.140320, 0.020932] | l2 radius: 9.23E-02 | Size: 2.00E+03 | Time: 124ms
> Iteration 13 | Bound: [-0.515922, 0.020877] | l2 radius: 6.27E-02 | Size: 3.37E+03 | Time: 181ms
> Iteration 14 | Bound: [-0.269507, 0.020678] | l2 radius: 4.61E-02 | Size: 4.32E+03 | Time: 249ms
> Iteration 15 | Bound: [-0.113537, 0.020676] | l2 radius: 3.14E-02 | Size: 6.23E+03 | Time: 368ms
> Iteration 16 | Bound: [-0.051925, 0.020634] | l2 radius: 2.31E-02 | Size: 8.30E+03 | Time: 513ms
> Iteration 17 | Bound: [-0.012929, 0.020634] | l2 radius: 1.57E-02 | Size: 9.12E+03 | Time: 648ms
> Iteration 18 | Bound: [0.002479, 0.020628] | l2 radius: 1.15E-02 | Size: 4.43E+03 | Time: 733ms
> No region to refine. Done!
> Time for subregion 0000000001: 733ms
> Total time up to subregion 0000000001: 733ms = 0.7336552143096924 s
> Total time excluding drawing: 733ms = 0.7336552143096924 s
> Success: True
==> Done!
