==> Creating result directory ...
==> Loading test settings ...
==> Deciding torch device ...
==> torch device:  cuda
==> Building dynamical system ...
==> Building cbf neural network ...
==> Lipschitz constant of CBF network: 1.000000
==> Hessian bound of CBF network: 2.177606
==> Third order elementwise bound of CBF network: 8.000000
==> Number of subregions: 1
==> Subregion 0000000001 / 0000000001: 
==> [[-3.14 -5.  ], [3.14 5.  ]]
==> Lipschitz constant of the zero order test function: 60.206924
> Iteration 00 | Bound: [-355.375610, 0.098246] | l2 radius: 5.90E+00 | Size: 1.00E+00 | Time: 69ms
> Iteration 01 | Bound: [-240.720215, 0.930912] | l2 radius: 4.01E+00 | Size: 2.00E+00 | Time: 71ms
> Iteration 02 | Bound: [-177.702713, 0.034208] | l2 radius: 2.95E+00 | Size: 4.00E+00 | Time: 75ms
> Iteration 03 | Bound: [-120.791931, 0.033632] | l2 radius: 2.01E+00 | Size: 8.00E+00 | Time: 78ms
> Iteration 04 | Bound: [-88.832512, 0.035952] | l2 radius: 1.48E+00 | Size: 1.60E+01 | Time: 82ms
> Iteration 05 | Bound: [-60.378536, 0.034243] | l2 radius: 1.00E+00 | Size: 3.20E+01 | Time: 86ms
> Iteration 06 | Bound: [-44.423763, 0.010466] | l2 radius: 7.38E-01 | Size: 6.40E+01 | Time: 90ms
> Iteration 07 | Bound: [-30.195328, 0.011062] | l2 radius: 5.02E-01 | Size: 1.28E+02 | Time: 95ms
> Iteration 08 | Bound: [-18.762922, 0.002000] | l2 radius: 3.69E-01 | Size: 2.56E+02 | Time: 108ms
> Iteration 09 | Bound: [-8.648727, 0.004250] | l2 radius: 2.51E-01 | Size: 4.20E+02 | Time: 112ms
> Iteration 10 | Bound: [-4.692447, 0.000822] | l2 radius: 1.85E-01 | Size: 6.60E+02 | Time: 117ms
> Iteration 11 | Bound: [-2.149809, 0.019385] | l2 radius: 1.25E-01 | Size: 1.09E+03 | Time: 141ms
> Iteration 12 | Bound: [-1.140319, 0.020932] | l2 radius: 9.23E-02 | Size: 2.00E+03 | Time: 158ms
> Iteration 13 | Bound: [-0.515921, 0.020877] | l2 radius: 6.27E-02 | Size: 3.37E+03 | Time: 196ms
> Iteration 14 | Bound: [-0.269507, 0.020679] | l2 radius: 4.61E-02 | Size: 4.32E+03 | Time: 222ms
> Iteration 15 | Bound: [-0.113537, 0.020676] | l2 radius: 3.14E-02 | Size: 6.23E+03 | Time: 267ms
> Iteration 16 | Bound: [-0.051924, 0.020634] | l2 radius: 2.31E-02 | Size: 8.30E+03 | Time: 322ms
> Iteration 17 | Bound: [-0.012929, 0.020634] | l2 radius: 1.57E-02 | Size: 9.12E+03 | Time: 361ms
> Iteration 18 | Bound: [0.002479, 0.020628] | l2 radius: 1.15E-02 | Size: 4.43E+03 | Time: 412ms
> No region to refine. Done!
> Time for subregion 0000000001: 412ms
> Total time up to subregion 0000000001: 412ms = 0.41232848167419434 s
> Total time excluding drawing: 412ms = 0.41232848167419434 s
> Success: True
==> Done!
