==> Creating result directory ...
==> Loading test settings ...
==> Deciding torch device ...
==> torch device:  cuda
==> Seeding everything ...
==> Building dynamical system ...
==> Building cbf neural network ...
==========================================================================================
Layer (type:depth-idx)                   Output Shape              Param #
==========================================================================================
LipschitzNetwork                         [1, 1]                    --
├─Sequential: 1-1                        [1, 1]                    --
│    └─SandwichFc: 2-1                   [1, 128]                  16,897
│    └─SandwichFc: 2-2                   [1, 128]                  33,025
│    └─SandwichLin: 2-3                  [1, 1]                    131
==========================================================================================
Total params: 50,053
Trainable params: 49,797
Non-trainable params: 256
Total mult-adds (M): 0.05
==========================================================================================
Input size (MB): 0.00
Forward/backward pass size (MB): 0.00
Params size (MB): 0.20
Estimated Total Size (MB): 0.20
==========================================================================================
==> Lipschitz constant of CBF network: 1.000000
==> Amount of training data:  1500
==> Creating training data ...
==> Start training ...
Epoch: 001 | Train Loss: 9.2284E-02 | CBF GN: 3.9747E+00 | Time: 105ms
Epoch: 001 | Test Loss: 9.0421E-02 | Time: 7ms
> Save at epoch 001 | Test loss 9.0421E-02
Epoch: 002 | Test Loss: 6.6474E-02 | Time: 7ms
> Save at epoch 002 | Test loss 6.6474E-02
Epoch: 003 | Test Loss: 7.0563E-02 | Time: 7ms
Epoch: 004 | Test Loss: 6.5317E-02 | Time: 7ms
> Save at epoch 004 | Test loss 6.5317E-02
Epoch: 005 | Test Loss: 3.6233E-02 | Time: 7ms
> Save at epoch 005 | Test loss 3.6233E-02
Epoch: 006 | Train Loss: 2.9640E-02 | CBF GN: 1.0908E+00 | Time: 25ms
Epoch: 006 | Test Loss: 4.8014E-02 | Time: 7ms
Epoch: 007 | Test Loss: 1.7308E-02 | Time: 7ms
> Save at epoch 007 | Test loss 1.7308E-02
Epoch: 008 | Test Loss: 1.0704E-02 | Time: 7ms
> Save at epoch 008 | Test loss 1.0704E-02
Epoch: 009 | Test Loss: 1.6182E-02 | Time: 7ms
Epoch: 010 | Test Loss: 2.2390E-02 | Time: 7ms
Epoch: 011 | Train Loss: 2.7244E-02 | CBF GN: 1.2695E+00 | Time: 26ms
Epoch: 011 | Test Loss: 1.1833E-02 | Time: 7ms
Epoch: 012 | Test Loss: 3.4922E-02 | Time: 7ms
Epoch: 013 | Test Loss: 2.4302E-02 | Time: 7ms
Epoch: 014 | Test Loss: 4.8567E-03 | Time: 7ms
> Save at epoch 014 | Test loss 4.8567E-03
Epoch: 015 | Test Loss: 1.8608E-02 | Time: 7ms
Epoch: 016 | Train Loss: 1.5259E-02 | CBF GN: 3.1256E-01 | Time: 25ms
Epoch: 016 | Test Loss: 4.2000E-03 | Time: 7ms
> Save at epoch 016 | Test loss 4.2000E-03
Epoch: 017 | Test Loss: 2.4332E-02 | Time: 7ms
Epoch: 018 | Test Loss: 8.1650E-03 | Time: 7ms
Epoch: 019 | Test Loss: 3.2162E-03 | Time: 7ms
> Save at epoch 019 | Test loss 3.2162E-03
Epoch: 020 | Test Loss: 4.6683E-03 | Time: 7ms
Epoch: 021 | Train Loss: 3.6933E-03 | CBF GN: 1.0024E-01 | Time: 25ms
Epoch: 021 | Test Loss: 2.1484E-03 | Time: 7ms
> Save at epoch 021 | Test loss 2.1484E-03
Epoch: 022 | Test Loss: 1.4207E-03 | Time: 7ms
> Save at epoch 022 | Test loss 1.4207E-03
Epoch: 023 | Test Loss: 8.1113E-04 | Time: 7ms
> Save at epoch 023 | Test loss 8.1113E-04
Epoch: 024 | Test Loss: 7.9433E-04 | Time: 7ms
> Save at epoch 024 | Test loss 7.9433E-04
Epoch: 025 | Test Loss: 7.8205E-04 | Time: 7ms
> Save at epoch 025 | Test loss 7.8205E-04
Epoch: 026 | Train Loss: 1.3483E-03 | CBF GN: 1.1775E-01 | Time: 25ms
Epoch: 026 | Test Loss: 7.7963E-04 | Time: 7ms
> Save at epoch 026 | Test loss 7.7963E-04
Epoch: 027 | Test Loss: 1.0496E-03 | Time: 7ms
Epoch: 028 | Test Loss: 8.3700E-04 | Time: 7ms
Epoch: 029 | Test Loss: 6.4569E-04 | Time: 7ms
> Save at epoch 029 | Test loss 6.4569E-04
Epoch: 030 | Test Loss: 7.4181E-04 | Time: 7ms
Epoch: 031 | Train Loss: 9.3266E-04 | CBF GN: 7.9120E-02 | Time: 24ms
Epoch: 031 | Test Loss: 6.8770E-04 | Time: 7ms
Epoch: 032 | Test Loss: 5.6888E-04 | Time: 7ms
> Save at epoch 032 | Test loss 5.6888E-04
Epoch: 033 | Test Loss: 5.2368E-04 | Time: 7ms
> Save at epoch 033 | Test loss 5.2368E-04
Epoch: 034 | Test Loss: 5.4387E-04 | Time: 7ms
Epoch: 035 | Test Loss: 5.7941E-04 | Time: 7ms
Epoch: 036 | Train Loss: 8.6685E-04 | CBF GN: 4.9885E-02 | Time: 25ms
Epoch: 036 | Test Loss: 4.1828E-04 | Time: 7ms
> Save at epoch 036 | Test loss 4.1828E-04
Epoch: 037 | Test Loss: 6.4385E-04 | Time: 7ms
Epoch: 038 | Test Loss: 8.0214E-04 | Time: 7ms
Epoch: 039 | Test Loss: 7.5915E-04 | Time: 7ms
Epoch: 040 | Test Loss: 3.6738E-04 | Time: 7ms
> Save at epoch 040 | Test loss 3.6738E-04
Epoch: 041 | Train Loss: 7.9449E-04 | CBF GN: 5.8108E-02 | Time: 25ms
Epoch: 041 | Test Loss: 4.4207E-04 | Time: 7ms
Epoch: 042 | Test Loss: 5.7606E-04 | Time: 7ms
Epoch: 043 | Test Loss: 6.0418E-04 | Time: 7ms
Epoch: 044 | Test Loss: 6.4007E-04 | Time: 7ms
Epoch: 045 | Test Loss: 9.9139E-04 | Time: 7ms
Epoch: 046 | Train Loss: 9.5007E-04 | CBF GN: 1.3307E-01 | Time: 24ms
Epoch: 046 | Test Loss: 5.8679E-04 | Time: 7ms
Epoch: 047 | Test Loss: 5.3469E-04 | Time: 7ms
Epoch: 048 | Test Loss: 5.0857E-04 | Time: 7ms
Epoch: 049 | Test Loss: 5.0586E-04 | Time: 7ms
Epoch: 050 | Test Loss: 4.3174E-04 | Time: 7ms
Epoch: 051 | Train Loss: 6.3854E-04 | CBF GN: 4.3510E-02 | Time: 25ms
Epoch: 051 | Test Loss: 4.7506E-04 | Time: 7ms
Epoch: 052 | Test Loss: 4.9232E-04 | Time: 7ms
Epoch: 053 | Test Loss: 4.9029E-04 | Time: 7ms
Epoch: 054 | Test Loss: 4.2618E-04 | Time: 36ms
Epoch: 055 | Test Loss: 5.5177E-04 | Time: 7ms
Epoch: 056 | Train Loss: 6.4029E-04 | CBF GN: 6.0562E-02 | Time: 25ms
Epoch: 056 | Test Loss: 4.9373E-04 | Time: 7ms
Epoch: 057 | Test Loss: 3.7503E-04 | Time: 7ms
Epoch: 058 | Test Loss: 3.9021E-04 | Time: 7ms
Epoch: 059 | Test Loss: 4.1077E-04 | Time: 7ms
Epoch: 060 | Test Loss: 3.4529E-04 | Time: 7ms
> Save at epoch 060 | Test loss 3.4529E-04
Epoch: 061 | Train Loss: 5.1546E-04 | CBF GN: 2.9764E-02 | Time: 26ms
Epoch: 061 | Test Loss: 3.8057E-04 | Time: 7ms
Epoch: 062 | Test Loss: 3.8432E-04 | Time: 7ms
Epoch: 063 | Test Loss: 3.6888E-04 | Time: 7ms
Epoch: 064 | Test Loss: 3.5688E-04 | Time: 7ms
Epoch: 065 | Test Loss: 3.7259E-04 | Time: 7ms
Epoch: 066 | Train Loss: 4.8522E-04 | CBF GN: 2.8996E-02 | Time: 25ms
Epoch: 066 | Test Loss: 3.3315E-04 | Time: 7ms
> Save at epoch 066 | Test loss 3.3315E-04
Epoch: 067 | Test Loss: 3.1284E-04 | Time: 7ms
> Save at epoch 067 | Test loss 3.1284E-04
Epoch: 068 | Test Loss: 4.3087E-04 | Time: 7ms
Epoch: 069 | Test Loss: 3.7499E-04 | Time: 7ms
Epoch: 070 | Test Loss: 4.5979E-04 | Time: 7ms
Epoch: 071 | Train Loss: 5.3169E-04 | CBF GN: 4.3110E-02 | Time: 25ms
Epoch: 071 | Test Loss: 3.3861E-04 | Time: 7ms
Epoch: 072 | Test Loss: 3.8961E-04 | Time: 7ms
Epoch: 073 | Test Loss: 2.8750E-04 | Time: 7ms
> Save at epoch 073 | Test loss 2.8750E-04
Epoch: 074 | Test Loss: 3.6991E-04 | Time: 7ms
Epoch: 075 | Test Loss: 3.2126E-04 | Time: 7ms
Epoch: 076 | Train Loss: 4.6937E-04 | CBF GN: 1.9475E-02 | Time: 26ms
Epoch: 076 | Test Loss: 3.6266E-04 | Time: 7ms
Epoch: 077 | Test Loss: 3.4231E-04 | Time: 7ms
Epoch: 078 | Test Loss: 3.7269E-04 | Time: 7ms
Epoch: 079 | Test Loss: 3.4730E-04 | Time: 7ms
Epoch: 080 | Test Loss: 3.3647E-04 | Time: 7ms
Epoch: 081 | Train Loss: 4.4381E-04 | CBF GN: 2.4714E-02 | Time: 25ms
Epoch: 081 | Test Loss: 2.9985E-04 | Time: 7ms
Epoch: 082 | Test Loss: 3.1866E-04 | Time: 7ms
Epoch: 083 | Test Loss: 3.0864E-04 | Time: 7ms
Epoch: 084 | Test Loss: 3.2614E-04 | Time: 7ms
Epoch: 085 | Test Loss: 2.9215E-04 | Time: 7ms
Epoch: 086 | Train Loss: 3.9272E-04 | CBF GN: 2.6168E-02 | Time: 25ms
Epoch: 086 | Test Loss: 3.1729E-04 | Time: 7ms
Epoch: 087 | Test Loss: 2.9244E-04 | Time: 7ms
Epoch: 088 | Test Loss: 3.0159E-04 | Time: 7ms
Epoch: 089 | Test Loss: 2.8137E-04 | Time: 7ms
> Save at epoch 089 | Test loss 2.8137E-04
Epoch: 090 | Test Loss: 2.8279E-04 | Time: 7ms
Epoch: 091 | Train Loss: 3.7359E-04 | CBF GN: 2.7664E-02 | Time: 26ms
Epoch: 091 | Test Loss: 2.9555E-04 | Time: 7ms
Epoch: 092 | Test Loss: 2.9688E-04 | Time: 7ms
Epoch: 093 | Test Loss: 2.8531E-04 | Time: 7ms
Epoch: 094 | Test Loss: 2.7960E-04 | Time: 7ms
> Save at epoch 094 | Test loss 2.7960E-04
Epoch: 095 | Test Loss: 2.8747E-04 | Time: 7ms
Epoch: 096 | Train Loss: 3.7006E-04 | CBF GN: 2.7858E-02 | Time: 25ms
Epoch: 096 | Test Loss: 2.8810E-04 | Time: 7ms
Epoch: 097 | Test Loss: 2.8648E-04 | Time: 7ms
Epoch: 098 | Test Loss: 2.8770E-04 | Time: 7ms
Epoch: 099 | Test Loss: 2.8793E-04 | Time: 7ms
Epoch: 100 | Test Loss: 2.8704E-04 | Time: 7ms
Total time: 3s467ms
==> Visualizing training and test losses ...
==> Computing the smoothness constants ...
> Lipschitz constant of CBF network: 1.000000
> Hessian bound of CBF network: 4.355212
==> Saving the training results ...
==> Visualizing the CBF function and feasibility condition ...
==> Checking the safe and unsafe set ...
> Safe set percentage: 0.4909
> Unsafe set percentage: 1.0000
> Feasibility percentage: 0.9796
> Success:  False
==> Saving the feasibility results ...
==> Visualizing the CBF function and stability condition ...
==> Visualizing the feasibility condition ...
==> Done!
