==> Creating result directory ...
==> Loading test settings ...
==> Deciding torch device ...
==> torch device:  cuda
==> Seeding everything ...
==> Building dynamical system ...
==> Building cbf neural network ...
==========================================================================================
Layer (type:depth-idx)                   Output Shape              Param #
==========================================================================================
LipschitzNetwork                         [1, 1]                    --
├─Sequential: 1-1                        [1, 1]                    --
│    └─SandwichFc: 2-1                   [1, 256]                  67,073
│    └─SandwichLin: 2-2                  [1, 1]                    259
==========================================================================================
Total params: 67,332
Trainable params: 67,076
Non-trainable params: 256
Total mult-adds (M): 0.07
==========================================================================================
Input size (MB): 0.00
Forward/backward pass size (MB): 0.00
Params size (MB): 0.27
Estimated Total Size (MB): 0.27
==========================================================================================
==> Lipschitz constant of CBF network: 4.000000
==> Amount of training data:  40000
==> Creating training data ...
==> Start training ...
Epoch: 001 | Train Loss: 1.1047E+00 | CBF GN: 1.3545E+01 | Time: 509ms
Epoch: 001 | Test Loss: 6.4064E-01 | Time: 134ms
> Save at epoch 001 | Test loss 6.4064E-01
Epoch: 002 | Test Loss: 6.8113E-03 | Time: 133ms
> Save at epoch 002 | Test loss 6.8113E-03
Epoch: 003 | Test Loss: 8.7405E-03 | Time: 160ms
Epoch: 004 | Test Loss: 9.0444E-03 | Time: 135ms
Epoch: 005 | Test Loss: 8.7904E-03 | Time: 134ms
Epoch: 006 | Train Loss: 1.1332E-02 | CBF GN: 4.0225E-01 | Time: 411ms
Epoch: 006 | Test Loss: 8.5385E-03 | Time: 134ms
Epoch: 007 | Test Loss: 7.8406E-03 | Time: 133ms
Epoch: 008 | Test Loss: 7.5000E-03 | Time: 133ms
Epoch: 009 | Test Loss: 7.4116E-03 | Time: 159ms
Epoch: 010 | Test Loss: 6.7375E-03 | Time: 132ms
> Save at epoch 010 | Test loss 6.7375E-03
Epoch: 011 | Train Loss: 9.1234E-03 | CBF GN: 3.1638E-01 | Time: 411ms
Epoch: 011 | Test Loss: 6.3369E-03 | Time: 159ms
> Save at epoch 011 | Test loss 6.3369E-03
Epoch: 012 | Test Loss: 6.2742E-03 | Time: 136ms
> Save at epoch 012 | Test loss 6.2742E-03
Epoch: 013 | Test Loss: 5.7987E-03 | Time: 133ms
> Save at epoch 013 | Test loss 5.7987E-03
Epoch: 014 | Test Loss: 5.2018E-03 | Time: 133ms
> Save at epoch 014 | Test loss 5.2018E-03
Epoch: 015 | Test Loss: 5.0536E-03 | Time: 134ms
> Save at epoch 015 | Test loss 5.0536E-03
Epoch: 016 | Train Loss: 7.6946E-03 | CBF GN: 2.6016E-01 | Time: 412ms
Epoch: 016 | Test Loss: 5.2306E-03 | Time: 133ms
Epoch: 017 | Test Loss: 4.5779E-03 | Time: 133ms
> Save at epoch 017 | Test loss 4.5779E-03
Epoch: 018 | Test Loss: 4.9398E-03 | Time: 159ms
Epoch: 019 | Test Loss: 4.4550E-03 | Time: 133ms
> Save at epoch 019 | Test loss 4.4550E-03
Epoch: 020 | Test Loss: 3.8124E-03 | Time: 160ms
> Save at epoch 020 | Test loss 3.8124E-03
Epoch: 021 | Train Loss: 6.3397E-03 | CBF GN: 2.2230E-01 | Time: 411ms
Epoch: 021 | Test Loss: 4.5663E-03 | Time: 133ms
Epoch: 022 | Test Loss: 4.8105E-03 | Time: 132ms
Epoch: 023 | Test Loss: 5.2615E-03 | Time: 134ms
Epoch: 024 | Test Loss: 3.2869E-03 | Time: 133ms
> Save at epoch 024 | Test loss 3.2869E-03
Epoch: 025 | Test Loss: 4.4046E-03 | Time: 133ms
Epoch: 026 | Train Loss: 6.3467E-03 | CBF GN: 1.7662E-01 | Time: 410ms
Epoch: 026 | Test Loss: 3.7701E-03 | Time: 133ms
Epoch: 027 | Test Loss: 3.3776E-03 | Time: 159ms
Epoch: 028 | Test Loss: 4.3022E-03 | Time: 137ms
Epoch: 029 | Test Loss: 6.9255E-03 | Time: 134ms
Epoch: 030 | Test Loss: 3.7265E-03 | Time: 133ms
Epoch: 031 | Train Loss: 4.8517E-03 | CBF GN: 1.3494E-01 | Time: 411ms
Epoch: 031 | Test Loss: 2.9600E-03 | Time: 133ms
> Save at epoch 031 | Test loss 2.9600E-03
Epoch: 032 | Test Loss: 2.7293E-03 | Time: 133ms
> Save at epoch 032 | Test loss 2.7293E-03
Epoch: 033 | Test Loss: 3.0822E-03 | Time: 160ms
Epoch: 034 | Test Loss: 2.8388E-03 | Time: 133ms
Epoch: 035 | Test Loss: 3.7459E-03 | Time: 131ms
Epoch: 036 | Train Loss: 4.3061E-03 | CBF GN: 1.1807E-01 | Time: 411ms
Epoch: 036 | Test Loss: 2.9870E-03 | Time: 160ms
Epoch: 037 | Test Loss: 2.8862E-03 | Time: 133ms
Epoch: 038 | Test Loss: 2.8307E-03 | Time: 133ms
Epoch: 039 | Test Loss: 2.2922E-03 | Time: 134ms
> Save at epoch 039 | Test loss 2.2922E-03
Epoch: 040 | Test Loss: 3.3869E-03 | Time: 160ms
Epoch: 041 | Train Loss: 4.0921E-03 | CBF GN: 1.3518E-01 | Time: 409ms
Epoch: 041 | Test Loss: 4.7256E-03 | Time: 133ms
Epoch: 042 | Test Loss: 3.1445E-03 | Time: 133ms
Epoch: 043 | Test Loss: 2.4754E-03 | Time: 134ms
Epoch: 044 | Test Loss: 2.4204E-03 | Time: 171ms
Epoch: 045 | Test Loss: 2.4377E-03 | Time: 133ms
Epoch: 046 | Train Loss: 3.0918E-03 | CBF GN: 8.9713E-02 | Time: 417ms
Epoch: 046 | Test Loss: 1.8120E-03 | Time: 136ms
> Save at epoch 046 | Test loss 1.8120E-03
Epoch: 047 | Test Loss: 2.4228E-03 | Time: 134ms
Epoch: 048 | Test Loss: 2.2185E-03 | Time: 133ms
Epoch: 049 | Test Loss: 2.5449E-03 | Time: 134ms
Epoch: 050 | Test Loss: 2.7492E-03 | Time: 133ms
Epoch: 051 | Train Loss: 3.3824E-03 | CBF GN: 9.7808E-02 | Time: 410ms
Epoch: 051 | Test Loss: 2.2476E-03 | Time: 159ms
Epoch: 052 | Test Loss: 2.2695E-03 | Time: 133ms
Epoch: 053 | Test Loss: 2.4051E-03 | Time: 134ms
Epoch: 054 | Test Loss: 3.0870E-03 | Time: 134ms
Epoch: 055 | Test Loss: 2.1112E-03 | Time: 165ms
Epoch: 056 | Train Loss: 3.2908E-03 | CBF GN: 1.1420E-01 | Time: 414ms
Epoch: 056 | Test Loss: 2.7246E-03 | Time: 140ms
Epoch: 057 | Test Loss: 2.9895E-03 | Time: 133ms
Epoch: 058 | Test Loss: 2.0880E-03 | Time: 169ms
Epoch: 059 | Test Loss: 2.3708E-03 | Time: 134ms
Epoch: 060 | Test Loss: 2.0086E-03 | Time: 152ms
Epoch: 061 | Train Loss: 2.7496E-03 | CBF GN: 7.9701E-02 | Time: 427ms
Epoch: 061 | Test Loss: 1.7815E-03 | Time: 140ms
> Save at epoch 061 | Test loss 1.7815E-03
Epoch: 062 | Test Loss: 2.0743E-03 | Time: 161ms
Epoch: 063 | Test Loss: 1.7227E-03 | Time: 133ms
> Save at epoch 063 | Test loss 1.7227E-03
Epoch: 064 | Test Loss: 2.0820E-03 | Time: 162ms
Epoch: 065 | Test Loss: 1.8976E-03 | Time: 134ms
Epoch: 066 | Train Loss: 2.7322E-03 | CBF GN: 8.7511E-02 | Time: 423ms
Epoch: 066 | Test Loss: 2.1050E-03 | Time: 138ms
Epoch: 067 | Test Loss: 2.2381E-03 | Time: 162ms
Epoch: 068 | Test Loss: 1.9289E-03 | Time: 161ms
Epoch: 069 | Test Loss: 1.7836E-03 | Time: 146ms
Epoch: 070 | Test Loss: 1.5547E-03 | Time: 133ms
> Save at epoch 070 | Test loss 1.5547E-03
Epoch: 071 | Train Loss: 2.4955E-03 | CBF GN: 8.2825E-02 | Time: 450ms
Epoch: 071 | Test Loss: 1.7582E-03 | Time: 136ms
Epoch: 072 | Test Loss: 1.8541E-03 | Time: 134ms
Epoch: 073 | Test Loss: 1.8065E-03 | Time: 137ms
Epoch: 074 | Test Loss: 1.9553E-03 | Time: 141ms
Epoch: 075 | Test Loss: 1.9683E-03 | Time: 161ms
Epoch: 076 | Train Loss: 2.4606E-03 | CBF GN: 7.5926E-02 | Time: 411ms
Epoch: 076 | Test Loss: 1.6870E-03 | Time: 137ms
Epoch: 077 | Test Loss: 1.5787E-03 | Time: 134ms
Epoch: 078 | Test Loss: 1.5854E-03 | Time: 134ms
Epoch: 079 | Test Loss: 1.6018E-03 | Time: 165ms
Epoch: 080 | Test Loss: 1.7917E-03 | Time: 135ms
Epoch: 081 | Train Loss: 2.1970E-03 | CBF GN: 7.3476E-02 | Time: 435ms
Epoch: 081 | Test Loss: 1.5781E-03 | Time: 147ms
Epoch: 082 | Test Loss: 1.5515E-03 | Time: 166ms
> Save at epoch 082 | Test loss 1.5515E-03
Epoch: 083 | Test Loss: 1.5317E-03 | Time: 140ms
> Save at epoch 083 | Test loss 1.5317E-03
Epoch: 084 | Test Loss: 1.6237E-03 | Time: 143ms
Epoch: 085 | Test Loss: 1.5840E-03 | Time: 140ms
Epoch: 086 | Train Loss: 2.1538E-03 | CBF GN: 7.4814E-02 | Time: 421ms
Epoch: 086 | Test Loss: 1.6171E-03 | Time: 163ms
Epoch: 087 | Test Loss: 1.5857E-03 | Time: 135ms
Epoch: 088 | Test Loss: 1.5068E-03 | Time: 141ms
> Save at epoch 088 | Test loss 1.5068E-03
Epoch: 089 | Test Loss: 1.5795E-03 | Time: 148ms
Epoch: 090 | Test Loss: 1.5148E-03 | Time: 136ms
Epoch: 091 | Train Loss: 1.9822E-03 | CBF GN: 6.7193E-02 | Time: 426ms
Epoch: 091 | Test Loss: 1.4751E-03 | Time: 136ms
> Save at epoch 091 | Test loss 1.4751E-03
Epoch: 092 | Test Loss: 1.5416E-03 | Time: 137ms
Epoch: 093 | Test Loss: 1.4494E-03 | Time: 134ms
> Save at epoch 093 | Test loss 1.4494E-03
Epoch: 094 | Test Loss: 1.4949E-03 | Time: 141ms
Epoch: 095 | Test Loss: 1.4974E-03 | Time: 138ms
Epoch: 096 | Train Loss: 1.9184E-03 | CBF GN: 6.7033E-02 | Time: 429ms
Epoch: 096 | Test Loss: 1.4768E-03 | Time: 135ms
Epoch: 097 | Test Loss: 1.4610E-03 | Time: 143ms
Epoch: 098 | Test Loss: 1.4664E-03 | Time: 165ms
Epoch: 099 | Test Loss: 1.4686E-03 | Time: 139ms
Epoch: 100 | Test Loss: 1.4813E-03 | Time: 139ms
Total time: 56s649ms
==> Visualizing training and test losses ...
==> Computing the smoothness constants ...
> Lipschitz constant of CBF network: 4.000000
> Hessian bound of CBF network: 17.420848
==> Saving the training results ...
==> Visualizing the CBF function and feasibility condition ...
==> Checking the safe and unsafe set ...
> Safe set percentage: 0.677602
> Unsafe set percentage: 1.000000
> Feasibility percentage: 1.000000
> Success:  True
==> Saving the feasibility results ...
==> Visualizing the CBF function and stability condition ...
==> Visualizing the feasibility condition ...
==> Done!
