==> Creating result directory ...
==> Loading test settings ...
==> Deciding torch device ...
==> torch device:  cuda
==> Building cbf neural network ...
==> Lipschitz constant of CBF network: 4.000000
==> Hessian bound of CBF network: 17.420848
==> Third order elementwise bound of CBF network: 128.000000
==> Number of subregions: 1
==> Subregion 0000000001 / 0000000001: 
==> [[-0.5 -2.  -1.  -1. ], [0.5 0.  1.  1. ]]
> Iteration 00 | Bound: [-0.887082, 6.324020] | l2 radius: 1.80E+00 | Size: 1.00E+00 | Time: 70ms
> Iteration 01 | Bound: [-0.833702, 5.490854] | l2 radius: 1.58E+00 | Size: 2.00E+00 | Time: 75ms
> Iteration 02 | Bound: [-0.702769, 4.588734] | l2 radius: 1.32E+00 | Size: 4.00E+00 | Time: 76ms
> Iteration 03 | Bound: [-0.666724, 3.333276] | l2 radius: 1.00E+00 | Size: 8.00E+00 | Time: 77ms
> Iteration 04 | Bound: [-0.508489, 3.097062] | l2 radius: 9.01E-01 | Size: 1.60E+01 | Time: 78ms
> Iteration 05 | Bound: [-0.503578, 2.658700] | l2 radius: 7.91E-01 | Size: 3.20E+01 | Time: 80ms
> Iteration 06 | Bound: [-0.490360, 2.155391] | l2 radius: 6.61E-01 | Size: 6.40E+01 | Time: 81ms
> Iteration 07 | Bound: [-0.484758, 1.515242] | l2 radius: 5.00E-01 | Size: 1.28E+02 | Time: 82ms
> Iteration 08 | Bound: [-0.386632, 1.416143] | l2 radius: 4.51E-01 | Size: 2.56E+02 | Time: 84ms
> Iteration 09 | Bound: [-0.366600, 1.179101] | l2 radius: 3.95E-01 | Size: 5.12E+02 | Time: 86ms
> Iteration 10 | Bound: [-0.349714, 0.831236] | l2 radius: 3.31E-01 | Size: 1.00E+03 | Time: 90ms
> Iteration 11 | Bound: [-0.323429, 0.430806] | l2 radius: 2.50E-01 | Size: 1.79E+03 | Time: 96ms
> Iteration 12 | Bound: [-0.281447, 0.337466] | l2 radius: 2.25E-01 | Size: 1.86E+03 | Time: 103ms
> Iteration 13 | Bound: [-0.257642, 0.230816] | l2 radius: 1.98E-01 | Size: 1.83E+03 | Time: 109ms
> Iteration 14 | Bound: [-0.227632, 0.098286] | l2 radius: 1.65E-01 | Size: 1.36E+03 | Time: 113ms
> Iteration 15 | Bound: [-0.174644, -0.005184] | l2 radius: 1.25E-01 | Size: 4.00E+01 | Time: 114ms
> No region to refine. Done!
> Time for subregion 0000000001: 114ms
> Total time up to subregion 0000000001: 114ms = 0.1147453784942627 s
> Total time excluding drawing: 114ms = 0.1147453784942627 s
> Success: True
==> Done!
