==> Creating result directory ...
==> Loading test settings ...
==> Deciding torch device ...
==> torch device:  cuda
==> Seeding everything ...
==> Building dynamical system ...
==> Building cbf neural network ...
==========================================================================================
Layer (type:depth-idx)                   Output Shape              Param #
==========================================================================================
LipschitzNetwork                         [1, 1]                    --
├─Sequential: 1-1                        [1, 1]                    --
│    └─SandwichFc: 2-1                   [1, 256]                  67,073
│    └─SandwichLin: 2-2                  [1, 1]                    259
==========================================================================================
Total params: 67,332
Trainable params: 67,076
Non-trainable params: 256
Total mult-adds (M): 0.07
==========================================================================================
Input size (MB): 0.00
Forward/backward pass size (MB): 0.00
Params size (MB): 0.27
Estimated Total Size (MB): 0.27
==========================================================================================
==> Lipschitz constant of CBF network: 1.000000
==> Amount of training data:  40000
==> Creating training data ...
==> Start training ...
Epoch: 001 | Train Loss: 2.1777E-01 | CBF GN: 4.2103E+00 | Time: 515ms
Epoch: 001 | Test Loss: 5.7933E-02 | Time: 136ms
> Save at epoch 001 | Test loss 5.7933E-02
Epoch: 002 | Test Loss: 3.0969E-03 | Time: 136ms
> Save at epoch 002 | Test loss 3.0969E-03
Epoch: 003 | Test Loss: 3.7846E-03 | Time: 158ms
Epoch: 004 | Test Loss: 3.9679E-03 | Time: 133ms
Epoch: 005 | Test Loss: 4.0147E-03 | Time: 133ms
Epoch: 006 | Train Loss: 5.3602E-03 | CBF GN: 1.3366E-01 | Time: 409ms
Epoch: 006 | Test Loss: 3.9530E-03 | Time: 133ms
Epoch: 007 | Test Loss: 3.8583E-03 | Time: 132ms
Epoch: 008 | Test Loss: 3.6330E-03 | Time: 133ms
Epoch: 009 | Test Loss: 3.6301E-03 | Time: 158ms
Epoch: 010 | Test Loss: 3.6019E-03 | Time: 132ms
Epoch: 011 | Train Loss: 4.5169E-03 | CBF GN: 1.1013E-01 | Time: 405ms
Epoch: 011 | Test Loss: 3.1099E-03 | Time: 132ms
Epoch: 012 | Test Loss: 3.1962E-03 | Time: 159ms
Epoch: 013 | Test Loss: 3.1616E-03 | Time: 132ms
Epoch: 014 | Test Loss: 2.9230E-03 | Time: 132ms
> Save at epoch 014 | Test loss 2.9230E-03
Epoch: 015 | Test Loss: 2.6639E-03 | Time: 160ms
> Save at epoch 015 | Test loss 2.6639E-03
Epoch: 016 | Train Loss: 4.3310E-03 | CBF GN: 1.0449E-01 | Time: 409ms
Epoch: 016 | Test Loss: 2.7328E-03 | Time: 133ms
Epoch: 017 | Test Loss: 2.8150E-03 | Time: 133ms
Epoch: 018 | Test Loss: 2.5839E-03 | Time: 133ms
> Save at epoch 018 | Test loss 2.5839E-03
Epoch: 019 | Test Loss: 2.4930E-03 | Time: 158ms
> Save at epoch 019 | Test loss 2.4930E-03
Epoch: 020 | Test Loss: 2.5144E-03 | Time: 133ms
Epoch: 021 | Train Loss: 3.2767E-03 | CBF GN: 8.3459E-02 | Time: 435ms
Epoch: 021 | Test Loss: 2.1362E-03 | Time: 132ms
> Save at epoch 021 | Test loss 2.1362E-03
Epoch: 022 | Test Loss: 1.9866E-03 | Time: 139ms
> Save at epoch 022 | Test loss 1.9866E-03
Epoch: 023 | Test Loss: 1.7797E-03 | Time: 143ms
> Save at epoch 023 | Test loss 1.7797E-03
Epoch: 024 | Test Loss: 1.9386E-03 | Time: 173ms
Epoch: 025 | Test Loss: 1.9619E-03 | Time: 140ms
Epoch: 026 | Train Loss: 2.9516E-03 | CBF GN: 7.4278E-02 | Time: 428ms
Epoch: 026 | Test Loss: 2.2267E-03 | Time: 135ms
Epoch: 027 | Test Loss: 1.7075E-03 | Time: 177ms
> Save at epoch 027 | Test loss 1.7075E-03
Epoch: 028 | Test Loss: 1.6112E-03 | Time: 135ms
> Save at epoch 028 | Test loss 1.6112E-03
Epoch: 029 | Test Loss: 2.0592E-03 | Time: 139ms
Epoch: 030 | Test Loss: 1.4507E-03 | Time: 133ms
> Save at epoch 030 | Test loss 1.4507E-03
Epoch: 031 | Train Loss: 2.3936E-03 | CBF GN: 6.3591E-02 | Time: 420ms
Epoch: 031 | Test Loss: 1.2792E-03 | Time: 136ms
> Save at epoch 031 | Test loss 1.2792E-03
Epoch: 032 | Test Loss: 1.4085E-03 | Time: 139ms
Epoch: 033 | Test Loss: 1.4811E-03 | Time: 160ms
Epoch: 034 | Test Loss: 1.2881E-03 | Time: 135ms
Epoch: 035 | Test Loss: 1.2896E-03 | Time: 148ms
Epoch: 036 | Train Loss: 1.9515E-03 | CBF GN: 5.0465E-02 | Time: 407ms
Epoch: 036 | Test Loss: 1.0646E-03 | Time: 159ms
> Save at epoch 036 | Test loss 1.0646E-03
Epoch: 037 | Test Loss: 1.2874E-03 | Time: 132ms
Epoch: 038 | Test Loss: 1.1350E-03 | Time: 132ms
Epoch: 039 | Test Loss: 1.5321E-03 | Time: 132ms
Epoch: 040 | Test Loss: 1.1083E-03 | Time: 159ms
Epoch: 041 | Train Loss: 1.7274E-03 | CBF GN: 4.6520E-02 | Time: 408ms
Epoch: 041 | Test Loss: 1.1512E-03 | Time: 132ms
Epoch: 042 | Test Loss: 1.2191E-03 | Time: 132ms
Epoch: 043 | Test Loss: 1.0529E-03 | Time: 158ms
> Save at epoch 043 | Test loss 1.0529E-03
Epoch: 044 | Test Loss: 9.4131E-04 | Time: 133ms
> Save at epoch 044 | Test loss 9.4131E-04
Epoch: 045 | Test Loss: 9.9020E-04 | Time: 159ms
Epoch: 046 | Train Loss: 1.5949E-03 | CBF GN: 4.5877E-02 | Time: 408ms
Epoch: 046 | Test Loss: 9.8835E-04 | Time: 133ms
Epoch: 047 | Test Loss: 1.5255E-03 | Time: 132ms
Epoch: 048 | Test Loss: 1.0559E-03 | Time: 159ms
Epoch: 049 | Test Loss: 1.1321E-03 | Time: 134ms
Epoch: 050 | Test Loss: 1.1034E-03 | Time: 133ms
Epoch: 051 | Train Loss: 1.5312E-03 | CBF GN: 4.4594E-02 | Time: 408ms
Epoch: 051 | Test Loss: 1.0118E-03 | Time: 133ms
Epoch: 052 | Test Loss: 1.0224E-03 | Time: 132ms
Epoch: 053 | Test Loss: 8.4637E-04 | Time: 133ms
> Save at epoch 053 | Test loss 8.4637E-04
Epoch: 054 | Test Loss: 1.0054E-03 | Time: 159ms
Epoch: 055 | Test Loss: 8.8595E-04 | Time: 132ms
Epoch: 056 | Train Loss: 1.4813E-03 | CBF GN: 4.3718E-02 | Time: 408ms
Epoch: 056 | Test Loss: 8.2757E-04 | Time: 132ms
> Save at epoch 056 | Test loss 8.2757E-04
Epoch: 057 | Test Loss: 7.7137E-04 | Time: 133ms
> Save at epoch 057 | Test loss 7.7137E-04
Epoch: 058 | Test Loss: 8.6163E-04 | Time: 133ms
Epoch: 059 | Test Loss: 7.1845E-04 | Time: 132ms
> Save at epoch 059 | Test loss 7.1845E-04
Epoch: 060 | Test Loss: 9.8653E-04 | Time: 159ms
Epoch: 061 | Train Loss: 1.4613E-03 | CBF GN: 4.5045E-02 | Time: 410ms
Epoch: 061 | Test Loss: 8.3060E-04 | Time: 133ms
Epoch: 062 | Test Loss: 9.6509E-04 | Time: 132ms
Epoch: 063 | Test Loss: 8.4807E-04 | Time: 132ms
Epoch: 064 | Test Loss: 7.2845E-04 | Time: 132ms
Epoch: 065 | Test Loss: 7.8193E-04 | Time: 133ms
Epoch: 066 | Train Loss: 1.2694E-03 | CBF GN: 3.8958E-02 | Time: 410ms
Epoch: 066 | Test Loss: 8.1460E-04 | Time: 159ms
Epoch: 067 | Test Loss: 7.4125E-04 | Time: 132ms
Epoch: 068 | Test Loss: 8.4777E-04 | Time: 133ms
Epoch: 069 | Test Loss: 7.5893E-04 | Time: 159ms
Epoch: 070 | Test Loss: 8.5853E-04 | Time: 133ms
Epoch: 071 | Train Loss: 1.2658E-03 | CBF GN: 3.4842E-02 | Time: 435ms
Epoch: 071 | Test Loss: 8.0395E-04 | Time: 133ms
Epoch: 072 | Test Loss: 7.4052E-04 | Time: 133ms
Epoch: 073 | Test Loss: 7.4284E-04 | Time: 159ms
Epoch: 074 | Test Loss: 7.7555E-04 | Time: 133ms
Epoch: 075 | Test Loss: 7.5108E-04 | Time: 132ms
Epoch: 076 | Train Loss: 1.2083E-03 | CBF GN: 3.6513E-02 | Time: 409ms
Epoch: 076 | Test Loss: 6.7463E-04 | Time: 133ms
> Save at epoch 076 | Test loss 6.7463E-04
Epoch: 077 | Test Loss: 8.2042E-04 | Time: 159ms
Epoch: 078 | Test Loss: 7.6571E-04 | Time: 133ms
Epoch: 079 | Test Loss: 8.1643E-04 | Time: 133ms
Epoch: 080 | Test Loss: 7.6668E-04 | Time: 134ms
Epoch: 081 | Train Loss: 1.2258E-03 | CBF GN: 3.5875E-02 | Time: 409ms
Epoch: 081 | Test Loss: 7.2667E-04 | Time: 158ms
Epoch: 082 | Test Loss: 7.4093E-04 | Time: 132ms
Epoch: 083 | Test Loss: 7.0829E-04 | Time: 132ms
Epoch: 084 | Test Loss: 6.8726E-04 | Time: 160ms
Epoch: 085 | Test Loss: 7.5693E-04 | Time: 133ms
Epoch: 086 | Train Loss: 1.1380E-03 | CBF GN: 3.4342E-02 | Time: 435ms
Epoch: 086 | Test Loss: 6.6656E-04 | Time: 133ms
> Save at epoch 086 | Test loss 6.6656E-04
Epoch: 087 | Test Loss: 7.0535E-04 | Time: 159ms
Epoch: 088 | Test Loss: 6.6752E-04 | Time: 133ms
Epoch: 089 | Test Loss: 7.4777E-04 | Time: 143ms
Epoch: 090 | Test Loss: 6.7896E-04 | Time: 143ms
Epoch: 091 | Train Loss: 1.1026E-03 | CBF GN: 3.5141E-02 | Time: 431ms
Epoch: 091 | Test Loss: 6.9596E-04 | Time: 135ms
Epoch: 092 | Test Loss: 7.0697E-04 | Time: 136ms
Epoch: 093 | Test Loss: 7.0534E-04 | Time: 159ms
Epoch: 094 | Test Loss: 6.8974E-04 | Time: 135ms
Epoch: 095 | Test Loss: 6.9675E-04 | Time: 141ms
Epoch: 096 | Train Loss: 1.0875E-03 | CBF GN: 3.4294E-02 | Time: 419ms
Epoch: 096 | Test Loss: 6.9811E-04 | Time: 163ms
Epoch: 097 | Test Loss: 6.9459E-04 | Time: 180ms
Epoch: 098 | Test Loss: 6.9255E-04 | Time: 142ms
Epoch: 099 | Test Loss: 6.8871E-04 | Time: 135ms
Epoch: 100 | Test Loss: 6.9015E-04 | Time: 138ms
Total time: 56s103ms
==> Visualizing training and test losses ...
==> Computing the smoothness constants ...
> Lipschitz constant of CBF network: 1.000000
> Hessian bound of CBF network: 2.177606
==> Saving the training results ...
==> Visualizing the CBF function and feasibility condition ...
==> Checking the safe and unsafe set ...
> Safe set percentage: 0.560489
> Unsafe set percentage: 1.000000
> Feasibility percentage: 1.000000
> Success:  True
==> Saving the feasibility results ...
==> Visualizing the CBF function and stability condition ...
==> Visualizing the feasibility condition ...
==> Done!
