==> Creating result directory ...
==> Loading test settings ...
==> Deciding torch device ...
==> torch device:  cuda
==> Building dynamical system ...
==> Building cbf neural network ...
==> Lipschitz constant of CBF network: 1.000000
==> Hessian bound of CBF network: 2.177606
==> Third order elementwise bound of CBF network: 8.000000
==> Number of subregions: 16
==> Subregion 0000000001 / 0000000016: 
==> [[-2. -2. -1. -1.], [0. 0. 0. 0.]]
==> Lipschitz constant of the zero order test function: 5.886008
> Iteration 00 | Bound: [-9.145713, 0.160884] | l2 radius: 1.58E+00 | Size: 1.00E+00 | Time: 62ms
> Iteration 01 | Bound: [-7.680390, 0.106067] | l2 radius: 1.32E+00 | Size: 2.00E+00 | Time: 64ms
> Iteration 02 | Bound: [-5.793624, 0.092384] | l2 radius: 1.00E+00 | Size: 4.00E+00 | Time: 66ms
> Iteration 03 | Bound: [-5.227668, 0.077908] | l2 radius: 9.01E-01 | Size: 8.00E+00 | Time: 68ms
> Iteration 04 | Bound: [-4.585453, 0.067846] | l2 radius: 7.91E-01 | Size: 1.60E+01 | Time: 69ms
> Iteration 05 | Bound: [-3.828250, 0.064979] | l2 radius: 6.61E-01 | Size: 3.20E+01 | Time: 72ms
> Iteration 06 | Bound: [-2.877328, 0.065676] | l2 radius: 5.00E-01 | Size: 4.70E+01 | Time: 74ms
> Iteration 07 | Bound: [-2.587236, 0.065552] | l2 radius: 4.51E-01 | Size: 7.40E+01 | Time: 76ms
> Iteration 08 | Bound: [-2.242466, 0.084183] | l2 radius: 3.95E-01 | Size: 1.15E+02 | Time: 79ms
> Iteration 09 | Bound: [-1.860443, 0.086171] | l2 radius: 3.31E-01 | Size: 1.76E+02 | Time: 82ms
> Iteration 10 | Bound: [-1.115474, 0.102064] | l2 radius: 2.50E-01 | Size: 2.04E+02 | Time: 86ms
> Iteration 11 | Bound: [-0.901516, 0.114301] | l2 radius: 2.25E-01 | Size: 3.02E+02 | Time: 90ms
> Iteration 12 | Bound: [-0.669545, 0.114458] | l2 radius: 1.98E-01 | Size: 4.91E+02 | Time: 96ms
> Iteration 13 | Bound: [-0.434932, 0.112775] | l2 radius: 1.65E-01 | Size: 8.09E+02 | Time: 126ms
> Iteration 14 | Bound: [-0.196497, 0.111123] | l2 radius: 1.25E-01 | Size: 1.09E+03 | Time: 134ms
> Iteration 15 | Bound: [-0.134966, 0.115988] | l2 radius: 1.13E-01 | Size: 9.94E+02 | Time: 141ms
> Iteration 16 | Bound: [-0.079872, 0.116019] | l2 radius: 9.88E-02 | Size: 1.23E+03 | Time: 148ms
> Iteration 17 | Bound: [-0.024195, 0.112015] | l2 radius: 8.27E-02 | Size: 1.41E+03 | Time: 157ms
> Iteration 18 | Bound: [0.031126, 0.111065] | l2 radius: 6.25E-02 | Size: 3.63E+02 | Time: 160ms
> No region to refine. Done!
> Time for subregion 0000000001: 160ms
> Total time up to subregion 0000000001: 160ms = 0.16069769859313965 s
==> Subregion 0000000002 / 0000000016: 
==> [[ 0. -2. -1. -1.], [2. 0. 0. 0.]]
==> Lipschitz constant of the zero order test function: 5.886008
> Iteration 00 | Bound: [-9.070374, 0.236223] | l2 radius: 1.58E+00 | Size: 1.00E+00 | Time: 0ms
> Iteration 01 | Bound: [-7.652247, 0.134210] | l2 radius: 1.32E+00 | Size: 2.00E+00 | Time: 2ms
> Iteration 02 | Bound: [-5.762253, 0.123755] | l2 radius: 1.00E+00 | Size: 4.00E+00 | Time: 3ms
> Iteration 03 | Bound: [-5.212039, 0.093537] | l2 radius: 9.01E-01 | Size: 8.00E+00 | Time: 5ms
> Iteration 04 | Bound: [-4.562998, 0.090300] | l2 radius: 7.91E-01 | Size: 1.60E+01 | Time: 6ms
> Iteration 05 | Bound: [-3.810076, 0.083152] | l2 radius: 6.61E-01 | Size: 3.20E+01 | Time: 7ms
> Iteration 06 | Bound: [-2.855544, 0.087460] | l2 radius: 5.00E-01 | Size: 5.80E+01 | Time: 9ms
> Iteration 07 | Bound: [-2.576399, 0.076389] | l2 radius: 4.51E-01 | Size: 1.00E+02 | Time: 11ms
> Iteration 08 | Bound: [-2.224572, 0.102077] | l2 radius: 3.95E-01 | Size: 1.83E+02 | Time: 13ms
> Iteration 09 | Bound: [-1.817464, 0.129150] | l2 radius: 3.31E-01 | Size: 2.99E+02 | Time: 16ms
> Iteration 10 | Bound: [-1.095261, 0.126759] | l2 radius: 2.50E-01 | Size: 4.84E+02 | Time: 19ms
> Iteration 11 | Bound: [-0.871923, 0.149229] | l2 radius: 2.25E-01 | Size: 8.64E+02 | Time: 25ms
> Iteration 12 | Bound: [-0.633727, 0.153409] | l2 radius: 1.98E-01 | Size: 1.64E+03 | Time: 35ms
> Iteration 13 | Bound: [-0.392592, 0.151549] | l2 radius: 1.65E-01 | Size: 2.87E+03 | Time: 52ms
> Iteration 14 | Bound: [-0.170731, 0.158102] | l2 radius: 1.25E-01 | Size: 5.15E+03 | Time: 104ms
> Iteration 15 | Bound: [-0.103420, 0.154336] | l2 radius: 1.13E-01 | Size: 3.74E+03 | Time: 135ms
> Iteration 16 | Bound: [-0.048351, 0.161757] | l2 radius: 9.88E-02 | Size: 2.51E+03 | Time: 149ms
> Iteration 17 | Bound: [0.014455, 0.159649] | l2 radius: 8.27E-02 | Size: 3.34E+02 | Time: 152ms
> No region to refine. Done!
> Time for subregion 0000000002: 152ms
> Total time up to subregion 0000000002: 313ms = 0.31368279457092285 s
==> Subregion 0000000003 / 0000000016: 
==> [[-2.  0. -1. -1.], [0. 2. 0. 0.]]
==> Lipschitz constant of the zero order test function: 5.886008
> Iteration 00 | Bound: [-9.088018, 0.218578] | l2 radius: 1.58E+00 | Size: 1.00E+00 | Time: 0ms
> Iteration 01 | Bound: [-7.597799, 0.188658] | l2 radius: 1.32E+00 | Size: 2.00E+00 | Time: 2ms
> Iteration 02 | Bound: [-5.749574, 0.136435] | l2 radius: 1.00E+00 | Size: 4.00E+00 | Time: 3ms
> Iteration 03 | Bound: [-5.183833, 0.121744] | l2 radius: 9.01E-01 | Size: 8.00E+00 | Time: 5ms
> Iteration 04 | Bound: [-4.552648, 0.100650] | l2 radius: 7.91E-01 | Size: 1.60E+01 | Time: 6ms
> Iteration 05 | Bound: [-3.817541, 0.075688] | l2 radius: 6.61E-01 | Size: 3.20E+01 | Time: 8ms
> Iteration 06 | Bound: [-2.879191, 0.063813] | l2 radius: 5.00E-01 | Size: 6.40E+01 | Time: 9ms
> Iteration 07 | Bound: [-2.587137, 0.065651] | l2 radius: 4.51E-01 | Size: 1.27E+02 | Time: 11ms
> Iteration 08 | Bound: [-2.252172, 0.074478] | l2 radius: 3.95E-01 | Size: 2.44E+02 | Time: 13ms
> Iteration 09 | Bound: [-1.869078, 0.077537] | l2 radius: 3.31E-01 | Size: 4.60E+02 | Time: 17ms
> Iteration 10 | Bound: [-1.105365, 0.103195] | l2 radius: 2.50E-01 | Size: 7.92E+02 | Time: 39ms
> Iteration 11 | Bound: [-0.876874, 0.106470] | l2 radius: 2.25E-01 | Size: 1.49E+03 | Time: 48ms
> Iteration 12 | Bound: [-0.650635, 0.109758] | l2 radius: 1.98E-01 | Size: 2.78E+03 | Time: 64ms
> Iteration 13 | Bound: [-0.423394, 0.107307] | l2 radius: 1.65E-01 | Size: 5.26E+03 | Time: 92ms
> Iteration 14 | Bound: [-0.201663, 0.107124] | l2 radius: 1.25E-01 | Size: 9.28E+03 | Time: 177ms
> Iteration 15 | Bound: [-0.142923, 0.110016] | l2 radius: 1.13E-01 | Size: 1.64E+04 | Time: 320ms
> Iteration 16 | Bound: [-0.085066, 0.110949] | l2 radius: 9.88E-02 | Size: 1.87E+04 | Time: 445ms
> Iteration 17 | Bound: [-0.028185, 0.108601] | l2 radius: 8.27E-02 | Size: 1.05E+04 | Time: 521ms
> Iteration 18 | Bound: [0.027865, 0.108475] | l2 radius: 6.25E-02 | Size: 1.06E+03 | Time: 528ms
> No region to refine. Done!
> Time for subregion 0000000003: 528ms
> Total time up to subregion 0000000003: 842ms = 0.8426597118377686 s
==> Subregion 0000000004 / 0000000016: 
==> [[ 0.  0. -1. -1.], [2. 2. 0. 0.]]
==> Lipschitz constant of the zero order test function: 5.886008
> Iteration 00 | Bound: [-8.993526, 0.313071] | l2 radius: 1.58E+00 | Size: 1.00E+00 | Time: 0ms
> Iteration 01 | Bound: [-7.558788, 0.227669] | l2 radius: 1.32E+00 | Size: 2.00E+00 | Time: 2ms
> Iteration 02 | Bound: [-5.728021, 0.157987] | l2 radius: 1.00E+00 | Size: 4.00E+00 | Time: 3ms
> Iteration 03 | Bound: [-5.175578, 0.129998] | l2 radius: 9.01E-01 | Size: 8.00E+00 | Time: 5ms
> Iteration 04 | Bound: [-4.546903, 0.106395] | l2 radius: 7.91E-01 | Size: 1.60E+01 | Time: 6ms
> Iteration 05 | Bound: [-3.790905, 0.102324] | l2 radius: 6.61E-01 | Size: 3.20E+01 | Time: 7ms
> Iteration 06 | Bound: [-2.844788, 0.098216] | l2 radius: 5.00E-01 | Size: 6.40E+01 | Time: 9ms
> Iteration 07 | Bound: [-2.570023, 0.082766] | l2 radius: 4.51E-01 | Size: 1.27E+02 | Time: 11ms
> Iteration 08 | Bound: [-2.242188, 0.084461] | l2 radius: 3.95E-01 | Size: 2.48E+02 | Time: 13ms
> Iteration 09 | Bound: [-1.848883, 0.097731] | l2 radius: 3.31E-01 | Size: 4.67E+02 | Time: 17ms
> Iteration 10 | Bound: [-1.091454, 0.116577] | l2 radius: 2.50E-01 | Size: 8.22E+02 | Time: 22ms
> Iteration 11 | Bound: [-0.862874, 0.115923] | l2 radius: 2.25E-01 | Size: 1.57E+03 | Time: 48ms
> Iteration 12 | Bound: [-0.623330, 0.130985] | l2 radius: 1.98E-01 | Size: 2.97E+03 | Time: 65ms
> Iteration 13 | Bound: [-0.398408, 0.136135] | l2 radius: 1.65E-01 | Size: 5.48E+03 | Time: 95ms
> Iteration 14 | Bound: [-0.167423, 0.142313] | l2 radius: 1.25E-01 | Size: 9.84E+03 | Time: 165ms
> Iteration 15 | Bound: [-0.110786, 0.144443] | l2 radius: 1.13E-01 | Size: 6.44E+03 | Time: 216ms
> Iteration 16 | Bound: [-0.049884, 0.149789] | l2 radius: 9.88E-02 | Size: 4.24E+03 | Time: 239ms
> Iteration 17 | Bound: [0.006950, 0.149908] | l2 radius: 8.27E-02 | Size: 1.12E+03 | Time: 247ms
> No region to refine. Done!
> Time for subregion 0000000004: 247ms
> Total time up to subregion 0000000004: 1s89ms = 1.0898714065551758 s
==> Subregion 0000000005 / 0000000016: 
==> [[-2. -2.  0. -1.], [0. 0. 1. 0.]]
==> Lipschitz constant of the zero order test function: 5.886008
> Iteration 00 | Bound: [-9.209365, 0.097231] | l2 radius: 1.58E+00 | Size: 1.00E+00 | Time: 0ms
> Iteration 01 | Bound: [-7.689877, 0.096580] | l2 radius: 1.32E+00 | Size: 2.00E+00 | Time: 2ms
> Iteration 02 | Bound: [-5.806136, 0.079872] | l2 radius: 1.00E+00 | Size: 4.00E+00 | Time: 3ms
> Iteration 03 | Bound: [-5.227486, 0.078090] | l2 radius: 9.01E-01 | Size: 8.00E+00 | Time: 4ms
> Iteration 04 | Bound: [-4.582955, 0.070343] | l2 radius: 7.91E-01 | Size: 1.60E+01 | Time: 6ms
> Iteration 05 | Bound: [-3.827370, 0.065858] | l2 radius: 6.61E-01 | Size: 3.20E+01 | Time: 7ms
> Iteration 06 | Bound: [-2.884967, 0.058037] | l2 radius: 5.00E-01 | Size: 6.20E+01 | Time: 9ms
> Iteration 07 | Bound: [-2.594548, 0.058240] | l2 radius: 4.51E-01 | Size: 1.13E+02 | Time: 11ms
> Iteration 08 | Bound: [-2.268800, 0.057850] | l2 radius: 3.95E-01 | Size: 1.89E+02 | Time: 13ms
> Iteration 09 | Bound: [-1.887888, 0.058727] | l2 radius: 3.31E-01 | Size: 2.64E+02 | Time: 16ms
> Iteration 10 | Bound: [-1.126495, 0.063863] | l2 radius: 2.50E-01 | Size: 3.50E+02 | Time: 19ms
> Iteration 11 | Bound: [-0.905231, 0.064719] | l2 radius: 2.25E-01 | Size: 5.59E+02 | Time: 24ms
> Iteration 12 | Bound: [-0.684707, 0.064650] | l2 radius: 1.98E-01 | Size: 9.49E+02 | Time: 30ms
> Iteration 13 | Bound: [-0.459978, 0.062519] | l2 radius: 1.65E-01 | Size: 1.47E+03 | Time: 54ms
> Iteration 14 | Bound: [-0.238932, 0.060218] | l2 radius: 1.25E-01 | Size: 2.16E+03 | Time: 68ms
> Iteration 15 | Bound: [-0.183625, 0.059605] | l2 radius: 1.13E-01 | Size: 3.75E+03 | Time: 90ms
> Iteration 16 | Bound: [-0.127809, 0.060016] | l2 radius: 9.88E-02 | Size: 6.86E+03 | Time: 143ms
> Iteration 17 | Bound: [-0.070895, 0.063379] | l2 radius: 8.27E-02 | Size: 1.19E+04 | Time: 228ms
> Iteration 18 | Bound: [-0.013501, 0.063799] | l2 radius: 6.25E-02 | Size: 1.34E+04 | Time: 319ms
> Iteration 19 | Bound: [0.001467, 0.063739] | l2 radius: 5.63E-02 | Size: 3.93E+02 | Time: 323ms
> No region to refine. Done!
> Time for subregion 0000000005: 323ms
> Total time up to subregion 0000000005: 1s412ms = 1.4129095077514648 s
==> Subregion 0000000006 / 0000000016: 
==> [[ 0. -2.  0. -1.], [2. 0. 1. 0.]]
==> Lipschitz constant of the zero order test function: 5.886008
> Iteration 00 | Bound: [-8.964216, 0.342380] | l2 radius: 1.58E+00 | Size: 1.00E+00 | Time: 0ms
> Iteration 01 | Bound: [-7.518291, 0.268167] | l2 radius: 1.32E+00 | Size: 2.00E+00 | Time: 2ms
> Iteration 02 | Bound: [-5.659662, 0.226346] | l2 radius: 1.00E+00 | Size: 4.00E+00 | Time: 3ms
> Iteration 03 | Bound: [-5.114971, 0.190605] | l2 radius: 9.01E-01 | Size: 8.00E+00 | Time: 5ms
> Iteration 04 | Bound: [-4.483315, 0.169984] | l2 radius: 7.91E-01 | Size: 1.60E+01 | Time: 6ms
> Iteration 05 | Bound: [-3.743506, 0.149723] | l2 radius: 6.61E-01 | Size: 3.20E+01 | Time: 7ms
> Iteration 06 | Bound: [-2.828403, 0.114601] | l2 radius: 5.00E-01 | Size: 6.40E+01 | Time: 9ms
> Iteration 07 | Bound: [-2.551193, 0.101595] | l2 radius: 4.51E-01 | Size: 1.26E+02 | Time: 11ms
> Iteration 08 | Bound: [-2.228349, 0.098300] | l2 radius: 3.95E-01 | Size: 2.42E+02 | Time: 13ms
> Iteration 09 | Bound: [-1.846964, 0.099650] | l2 radius: 3.31E-01 | Size: 4.10E+02 | Time: 16ms
> Iteration 10 | Bound: [-1.089018, 0.127380] | l2 radius: 2.50E-01 | Size: 7.19E+02 | Time: 21ms
> Iteration 11 | Bound: [-0.864631, 0.131059] | l2 radius: 2.25E-01 | Size: 1.31E+03 | Time: 30ms
> Iteration 12 | Bound: [-0.632367, 0.138506] | l2 radius: 1.98E-01 | Size: 2.53E+03 | Time: 61ms
> Iteration 13 | Bound: [-0.411973, 0.136615] | l2 radius: 1.65E-01 | Size: 4.83E+03 | Time: 87ms
> Iteration 14 | Bound: [-0.189849, 0.124431] | l2 radius: 1.25E-01 | Size: 8.84E+03 | Time: 153ms
> Iteration 15 | Bound: [-0.133509, 0.133839] | l2 radius: 1.13E-01 | Size: 4.92E+03 | Time: 180ms
> Iteration 16 | Bound: [-0.078244, 0.132554] | l2 radius: 9.88E-02 | Size: 4.17E+03 | Time: 203ms
> Iteration 17 | Bound: [-0.018156, 0.127523] | l2 radius: 8.27E-02 | Size: 1.93E+03 | Time: 230ms
> Iteration 18 | Bound: [0.034648, 0.124603] | l2 radius: 6.25E-02 | Size: 1.19E+02 | Time: 232ms
> No region to refine. Done!
> Time for subregion 0000000006: 232ms
> Total time up to subregion 0000000006: 1s645ms = 1.6457877159118652 s
==> Subregion 0000000007 / 0000000016: 
==> [[-2.  0.  0. -1.], [0. 2. 1. 0.]]
==> Lipschitz constant of the zero order test function: 5.886008
> Iteration 00 | Bound: [-9.139944, 0.166653] | l2 radius: 1.58E+00 | Size: 1.00E+00 | Time: 0ms
> Iteration 01 | Bound: [-7.621815, 0.164642] | l2 radius: 1.32E+00 | Size: 2.00E+00 | Time: 2ms
> Iteration 02 | Bound: [-5.783239, 0.102769] | l2 radius: 1.00E+00 | Size: 4.00E+00 | Time: 3ms
> Iteration 03 | Bound: [-5.208051, 0.097525] | l2 radius: 9.01E-01 | Size: 8.00E+00 | Time: 4ms
> Iteration 04 | Bound: [-4.575348, 0.077951] | l2 radius: 7.91E-01 | Size: 1.60E+01 | Time: 6ms
> Iteration 05 | Bound: [-3.820906, 0.072322] | l2 radius: 6.61E-01 | Size: 3.20E+01 | Time: 7ms
> Iteration 06 | Bound: [-2.872617, 0.070387] | l2 radius: 5.00E-01 | Size: 6.40E+01 | Time: 9ms
> Iteration 07 | Bound: [-2.583011, 0.069777] | l2 radius: 4.51E-01 | Size: 1.28E+02 | Time: 11ms
> Iteration 08 | Bound: [-2.263314, 0.063335] | l2 radius: 3.95E-01 | Size: 2.55E+02 | Time: 13ms
> Iteration 09 | Bound: [-1.882054, 0.064560] | l2 radius: 3.31E-01 | Size: 4.97E+02 | Time: 17ms
> Iteration 10 | Bound: [-1.128158, 0.064673] | l2 radius: 2.50E-01 | Size: 9.26E+02 | Time: 23ms
> Iteration 11 | Bound: [-0.908290, 0.065321] | l2 radius: 2.25E-01 | Size: 1.80E+03 | Time: 33ms
> Iteration 12 | Bound: [-0.681543, 0.066651] | l2 radius: 1.98E-01 | Size: 3.45E+03 | Time: 52ms
> Iteration 13 | Bound: [-0.457622, 0.065263] | l2 radius: 1.65E-01 | Size: 6.60E+03 | Time: 104ms
> Iteration 14 | Bound: [-0.237017, 0.062837] | l2 radius: 1.25E-01 | Size: 1.25E+04 | Time: 188ms
> Iteration 15 | Bound: [-0.181843, 0.062410] | l2 radius: 1.13E-01 | Size: 2.34E+04 | Time: 349ms
> Iteration 16 | Bound: [-0.126454, 0.061415] | l2 radius: 9.88E-02 | Size: 3.52E+04 | Time: 588ms
> Iteration 17 | Bound: [-0.071397, 0.061545] | l2 radius: 8.27E-02 | Size: 3.93E+04 | Time: 860ms
> Iteration 18 | Bound: [-0.013885, 0.063053] | l2 radius: 6.25E-02 | Size: 2.82E+04 | Time: 1s72ms
> Iteration 19 | Bound: [-0.000036, 0.062778] | l2 radius: 5.63E-02 | Size: 5.06E+02 | Time: 1s77ms
> Mesh returns no regions. Done!
> Time for subregion 0000000007: 1s78ms
> Total time up to subregion 0000000007: 2s723ms = 2.7238454818725586 s
==> Subregion 0000000008 / 0000000016: 
==> [[ 0.  0.  0. -1.], [2. 2. 1. 0.]]
==> Lipschitz constant of the zero order test function: 5.886008
> Iteration 00 | Bound: [-9.093209, 0.213388] | l2 radius: 1.58E+00 | Size: 1.00E+00 | Time: 0ms
> Iteration 01 | Bound: [-7.593510, 0.192947] | l2 radius: 1.32E+00 | Size: 2.00E+00 | Time: 2ms
> Iteration 02 | Bound: [-5.716187, 0.169821] | l2 radius: 1.00E+00 | Size: 4.00E+00 | Time: 3ms
> Iteration 03 | Bound: [-5.154418, 0.151159] | l2 radius: 9.01E-01 | Size: 8.00E+00 | Time: 5ms
> Iteration 04 | Bound: [-4.506199, 0.147099] | l2 radius: 7.91E-01 | Size: 1.60E+01 | Time: 6ms
> Iteration 05 | Bound: [-3.756626, 0.136602] | l2 radius: 6.61E-01 | Size: 3.20E+01 | Time: 7ms
> Iteration 06 | Bound: [-2.838964, 0.104040] | l2 radius: 5.00E-01 | Size: 6.40E+01 | Time: 9ms
> Iteration 07 | Bound: [-2.555010, 0.097778] | l2 radius: 4.51E-01 | Size: 1.28E+02 | Time: 11ms
> Iteration 08 | Bound: [-2.228891, 0.097758] | l2 radius: 3.95E-01 | Size: 2.56E+02 | Time: 13ms
> Iteration 09 | Bound: [-1.860710, 0.085905] | l2 radius: 3.31E-01 | Size: 5.07E+02 | Time: 17ms
> Iteration 10 | Bound: [-1.194029, 0.076089] | l2 radius: 2.50E-01 | Size: 9.72E+02 | Time: 24ms
> Iteration 11 | Bound: [-0.956112, 0.075579] | l2 radius: 2.25E-01 | Size: 1.90E+03 | Time: 35ms
> Iteration 12 | Bound: [-0.734856, 0.077394] | l2 radius: 1.98E-01 | Size: 3.70E+03 | Time: 74ms
> Iteration 13 | Bound: [-0.510346, 0.065841] | l2 radius: 1.65E-01 | Size: 7.18E+03 | Time: 114ms
> Iteration 14 | Bound: [-0.286603, 0.062192] | l2 radius: 1.25E-01 | Size: 1.39E+04 | Time: 211ms
> Iteration 15 | Bound: [-0.210408, 0.063807] | l2 radius: 1.13E-01 | Size: 1.99E+04 | Time: 357ms
> Iteration 16 | Bound: [-0.156847, 0.063238] | l2 radius: 9.88E-02 | Size: 2.48E+04 | Time: 534ms
> Iteration 17 | Bound: [-0.105253, 0.057529] | l2 radius: 8.27E-02 | Size: 2.28E+04 | Time: 698ms
> Iteration 18 | Bound: [-0.046165, 0.057393] | l2 radius: 6.25E-02 | Size: 9.53E+03 | Time: 771ms
> Iteration 19 | Bound: [-0.026400, 0.056346] | l2 radius: 5.63E-02 | Size: 1.50E+03 | Time: 780ms
> Iteration 20 | Bound: [-0.012540, 0.056019] | l2 radius: 4.94E-02 | Size: 6.11E+02 | Time: 785ms
> Iteration 21 | Bound: [0.004943, 0.053632] | l2 radius: 4.13E-02 | Size: 6.40E+01 | Time: 787ms
> No region to refine. Done!
> Time for subregion 0000000008: 787ms
> Total time up to subregion 0000000008: 3s511ms = 3.511168956756592 s
==> Subregion 0000000009 / 0000000016: 
==> [[-2. -2. -1.  0.], [0. 0. 0. 1.]]
==> Lipschitz constant of the zero order test function: 5.886008
> Iteration 00 | Bound: [-8.961050, 0.345547] | l2 radius: 1.58E+00 | Size: 1.00E+00 | Time: 0ms
> Iteration 01 | Bound: [-7.588775, 0.197682] | l2 radius: 1.32E+00 | Size: 2.00E+00 | Time: 2ms
> Iteration 02 | Bound: [-5.720373, 0.165636] | l2 radius: 1.00E+00 | Size: 4.00E+00 | Time: 3ms
> Iteration 03 | Bound: [-5.199827, 0.105749] | l2 radius: 9.01E-01 | Size: 8.00E+00 | Time: 4ms
> Iteration 04 | Bound: [-4.553172, 0.100127] | l2 radius: 7.91E-01 | Size: 1.60E+01 | Time: 6ms
> Iteration 05 | Bound: [-3.844424, 0.048804] | l2 radius: 6.61E-01 | Size: 3.20E+01 | Time: 7ms
> Iteration 06 | Bound: [-2.899805, 0.043199] | l2 radius: 5.00E-01 | Size: 6.40E+01 | Time: 9ms
> Iteration 07 | Bound: [-2.605149, 0.047639] | l2 radius: 4.51E-01 | Size: 1.20E+02 | Time: 11ms
> Iteration 08 | Bound: [-2.266523, 0.060126] | l2 radius: 3.95E-01 | Size: 2.05E+02 | Time: 13ms
> Iteration 09 | Bound: [-1.867855, 0.078760] | l2 radius: 3.31E-01 | Size: 3.46E+02 | Time: 16ms
> Iteration 10 | Bound: [-1.175473, 0.069971] | l2 radius: 2.50E-01 | Size: 5.38E+02 | Time: 21ms
> Iteration 11 | Bound: [-0.945649, 0.070471] | l2 radius: 2.25E-01 | Size: 9.67E+02 | Time: 28ms
> Iteration 12 | Bound: [-0.723223, 0.067433] | l2 radius: 1.98E-01 | Size: 1.79E+03 | Time: 57ms
> Iteration 13 | Bound: [-0.483950, 0.067641] | l2 radius: 1.65E-01 | Size: 3.30E+03 | Time: 77ms
> Iteration 14 | Bound: [-0.264717, 0.062822] | l2 radius: 1.25E-01 | Size: 5.47E+03 | Time: 109ms
> Iteration 15 | Bound: [-0.209438, 0.062551] | l2 radius: 1.13E-01 | Size: 5.30E+03 | Time: 157ms
> Iteration 16 | Bound: [-0.151038, 0.061267] | l2 radius: 9.88E-02 | Size: 7.01E+03 | Time: 197ms
> Iteration 17 | Bound: [-0.089908, 0.058640] | l2 radius: 8.27E-02 | Size: 7.82E+03 | Time: 257ms
> Iteration 18 | Bound: [-0.035012, 0.055407] | l2 radius: 6.25E-02 | Size: 5.15E+03 | Time: 304ms
> Iteration 19 | Bound: [-0.018454, 0.054819] | l2 radius: 5.63E-02 | Size: 1.05E+03 | Time: 311ms
> Iteration 20 | Bound: [-0.004325, 0.054291] | l2 radius: 4.94E-02 | Size: 5.12E+02 | Time: 315ms
> Iteration 21 | Bound: [0.012431, 0.055026] | l2 radius: 4.13E-02 | Size: 2.40E+01 | Time: 317ms
> No region to refine. Done!
> Time for subregion 0000000009: 317ms
> Total time up to subregion 0000000009: 3s828ms = 3.8285365104675293 s
==> Subregion 0000000010 / 0000000016: 
==> [[ 0. -2. -1.  0.], [2. 0. 0. 1.]]
==> Lipschitz constant of the zero order test function: 5.886008
> Iteration 00 | Bound: [-9.205844, 0.100753] | l2 radius: 1.58E+00 | Size: 1.00E+00 | Time: 0ms
> Iteration 01 | Bound: [-7.709452, 0.077005] | l2 radius: 1.32E+00 | Size: 2.00E+00 | Time: 2ms
> Iteration 02 | Bound: [-5.808933, 0.077075] | l2 radius: 1.00E+00 | Size: 4.00E+00 | Time: 3ms
> Iteration 03 | Bound: [-5.230545, 0.075032] | l2 radius: 9.01E-01 | Size: 8.00E+00 | Time: 4ms
> Iteration 04 | Bound: [-4.581416, 0.071883] | l2 radius: 7.91E-01 | Size: 1.60E+01 | Time: 6ms
> Iteration 05 | Bound: [-3.850056, 0.043172] | l2 radius: 6.61E-01 | Size: 3.20E+01 | Time: 7ms
> Iteration 06 | Bound: [-2.901946, 0.041058] | l2 radius: 5.00E-01 | Size: 6.40E+01 | Time: 9ms
> Iteration 07 | Bound: [-2.612267, 0.040521] | l2 radius: 4.51E-01 | Size: 1.26E+02 | Time: 11ms
> Iteration 08 | Bound: [-2.285679, 0.040970] | l2 radius: 3.95E-01 | Size: 2.32E+02 | Time: 13ms
> Iteration 09 | Bound: [-1.910799, 0.035815] | l2 radius: 3.31E-01 | Size: 3.74E+02 | Time: 17ms
> Iteration 10 | Bound: [-1.166038, 0.045342] | l2 radius: 2.50E-01 | Size: 6.27E+02 | Time: 22ms
> Iteration 11 | Bound: [-0.945519, 0.047381] | l2 radius: 2.25E-01 | Size: 1.15E+03 | Time: 29ms
> Iteration 12 | Bound: [-0.722655, 0.050170] | l2 radius: 1.98E-01 | Size: 2.19E+03 | Time: 43ms
> Iteration 13 | Bound: [-0.491374, 0.047438] | l2 radius: 1.65E-01 | Size: 4.00E+03 | Time: 67ms
> Iteration 14 | Bound: [-0.270240, 0.046440] | l2 radius: 1.25E-01 | Size: 7.49E+03 | Time: 127ms
> Iteration 15 | Bound: [-0.211956, 0.043684] | l2 radius: 1.13E-01 | Size: 1.43E+04 | Time: 228ms
> Iteration 16 | Bound: [-0.158281, 0.043555] | l2 radius: 9.88E-02 | Size: 2.71E+04 | Time: 430ms
> Iteration 17 | Bound: [-0.100320, 0.043322] | l2 radius: 8.27E-02 | Size: 4.29E+04 | Time: 726ms
> Iteration 18 | Bound: [-0.044449, 0.039952] | l2 radius: 6.25E-02 | Size: 4.86E+04 | Time: 1s87ms
> Iteration 19 | Bound: [-0.027075, 0.040544] | l2 radius: 5.63E-02 | Size: 1.28E+04 | Time: 1s178ms
> Iteration 20 | Bound: [-0.013092, 0.040516] | l2 radius: 4.94E-02 | Size: 7.43E+03 | Time: 1s220ms
> Iteration 21 | Bound: [-0.000306, 0.039358] | l2 radius: 4.13E-02 | Size: 1.44E+03 | Time: 1s229ms
> Iteration 22 | Bound: [0.018293, 0.039361] | l2 radius: 3.12E-02 | Size: 2.00E+00 | Time: 1s230ms
> No region to refine. Done!
> Time for subregion 0000000010: 1s230ms
> Total time up to subregion 0000000010: 5s59ms = 5.0593297481536865 s
==> Subregion 0000000011 / 0000000016: 
==> [[-2.  0. -1.  0.], [0. 2. 0. 1.]]
==> Lipschitz constant of the zero order test function: 5.886008
> Iteration 00 | Bound: [-9.096975, 0.209622] | l2 radius: 1.58E+00 | Size: 1.00E+00 | Time: 0ms
> Iteration 01 | Bound: [-7.610300, 0.176157] | l2 radius: 1.32E+00 | Size: 2.00E+00 | Time: 2ms
> Iteration 02 | Bound: [-5.723485, 0.162523] | l2 radius: 1.00E+00 | Size: 4.00E+00 | Time: 3ms
> Iteration 03 | Bound: [-5.160390, 0.145186] | l2 radius: 9.01E-01 | Size: 8.00E+00 | Time: 5ms
> Iteration 04 | Bound: [-4.517697, 0.135601] | l2 radius: 7.91E-01 | Size: 1.60E+01 | Time: 6ms
> Iteration 05 | Bound: [-3.782547, 0.110681] | l2 radius: 6.61E-01 | Size: 3.20E+01 | Time: 8ms
> Iteration 06 | Bound: [-2.861175, 0.081830] | l2 radius: 5.00E-01 | Size: 6.40E+01 | Time: 9ms
> Iteration 07 | Bound: [-2.570290, 0.082498] | l2 radius: 4.51E-01 | Size: 1.28E+02 | Time: 11ms
> Iteration 08 | Bound: [-2.252918, 0.073731] | l2 radius: 3.95E-01 | Size: 2.56E+02 | Time: 13ms
> Iteration 09 | Bound: [-1.882503, 0.064111] | l2 radius: 3.31E-01 | Size: 5.08E+02 | Time: 17ms
> Iteration 10 | Bound: [-1.163865, 0.063091] | l2 radius: 2.50E-01 | Size: 9.69E+02 | Time: 41ms
> Iteration 11 | Bound: [-0.942504, 0.061181] | l2 radius: 2.25E-01 | Size: 1.90E+03 | Time: 53ms
> Iteration 12 | Bound: [-0.727326, 0.063033] | l2 radius: 1.98E-01 | Size: 3.67E+03 | Time: 74ms
> Iteration 13 | Bound: [-0.487543, 0.064442] | l2 radius: 1.65E-01 | Size: 7.17E+03 | Time: 131ms
> Iteration 14 | Bound: [-0.266978, 0.059100] | l2 radius: 1.25E-01 | Size: 1.39E+04 | Time: 228ms
> Iteration 15 | Bound: [-0.211446, 0.055966] | l2 radius: 1.13E-01 | Size: 2.63E+04 | Time: 420ms
> Iteration 16 | Bound: [-0.157647, 0.056377] | l2 radius: 9.88E-02 | Size: 4.36E+04 | Time: 737ms
> Iteration 17 | Bound: [-0.092721, 0.054706] | l2 radius: 8.27E-02 | Size: 5.56E+04 | Time: 1s133ms
> Iteration 18 | Bound: [-0.034132, 0.051700] | l2 radius: 6.25E-02 | Size: 2.68E+04 | Time: 1s314ms
> Iteration 19 | Bound: [-0.021060, 0.051563] | l2 radius: 5.63E-02 | Size: 1.66E+03 | Time: 1s325ms
> Iteration 20 | Bound: [-0.007111, 0.051388] | l2 radius: 4.94E-02 | Size: 7.91E+02 | Time: 1s331ms
> Iteration 21 | Bound: [0.008950, 0.052323] | l2 radius: 4.13E-02 | Size: 7.00E+01 | Time: 1s332ms
> No region to refine. Done!
> Time for subregion 0000000011: 1s332ms
> Total time up to subregion 0000000011: 6s392ms = 6.392183303833008 s
==> Subregion 0000000012 / 0000000016: 
==> [[ 0.  0. -1.  0.], [2. 2. 0. 1.]]
==> Lipschitz constant of the zero order test function: 5.886008
> Iteration 00 | Bound: [-9.036231, 0.270365] | l2 radius: 1.58E+00 | Size: 1.00E+00 | Time: 0ms
> Iteration 01 | Bound: [-7.562656, 0.223801] | l2 radius: 1.32E+00 | Size: 2.00E+00 | Time: 2ms
> Iteration 02 | Bound: [-5.712189, 0.173819] | l2 radius: 1.00E+00 | Size: 4.00E+00 | Time: 3ms
> Iteration 03 | Bound: [-5.146937, 0.158639] | l2 radius: 9.01E-01 | Size: 8.00E+00 | Time: 5ms
> Iteration 04 | Bound: [-4.518586, 0.134712] | l2 radius: 7.91E-01 | Size: 1.60E+01 | Time: 6ms
> Iteration 05 | Bound: [-3.793386, 0.099843] | l2 radius: 6.61E-01 | Size: 3.20E+01 | Time: 8ms
> Iteration 06 | Bound: [-2.845976, 0.097028] | l2 radius: 5.00E-01 | Size: 6.40E+01 | Time: 9ms
> Iteration 07 | Bound: [-2.562721, 0.090067] | l2 radius: 4.51E-01 | Size: 1.28E+02 | Time: 11ms
> Iteration 08 | Bound: [-2.246603, 0.080046] | l2 radius: 3.95E-01 | Size: 2.56E+02 | Time: 13ms
> Iteration 09 | Bound: [-1.876015, 0.070599] | l2 radius: 3.31E-01 | Size: 5.09E+02 | Time: 17ms
> Iteration 10 | Bound: [-1.119202, 0.084345] | l2 radius: 2.50E-01 | Size: 9.74E+02 | Time: 24ms
> Iteration 11 | Bound: [-0.886583, 0.097329] | l2 radius: 2.25E-01 | Size: 1.92E+03 | Time: 35ms
> Iteration 12 | Bound: [-0.659322, 0.098638] | l2 radius: 1.98E-01 | Size: 3.72E+03 | Time: 74ms
> Iteration 13 | Bound: [-0.437424, 0.093891] | l2 radius: 1.65E-01 | Size: 7.23E+03 | Time: 114ms
> Iteration 14 | Bound: [-0.210909, 0.098404] | l2 radius: 1.25E-01 | Size: 1.41E+04 | Time: 229ms
> Iteration 15 | Bound: [-0.155573, 0.098751] | l2 radius: 1.13E-01 | Size: 2.02E+04 | Time: 355ms
> Iteration 16 | Bound: [-0.098778, 0.096446] | l2 radius: 9.88E-02 | Size: 2.30E+04 | Time: 511ms
> Iteration 17 | Bound: [-0.043115, 0.093464] | l2 radius: 8.27E-02 | Size: 1.48E+04 | Time: 628ms
> Iteration 18 | Bound: [0.013724, 0.094685] | l2 radius: 6.25E-02 | Size: 2.20E+03 | Time: 641ms
> No region to refine. Done!
> Time for subregion 0000000012: 641ms
> Total time up to subregion 0000000012: 7s33ms = 7.03368616104126 s
==> Subregion 0000000013 / 0000000016: 
==> [[-2. -2.  0.  0.], [0. 0. 1. 1.]]
==> Lipschitz constant of the zero order test function: 5.886008
> Iteration 00 | Bound: [-9.218963, 0.087634] | l2 radius: 1.58E+00 | Size: 1.00E+00 | Time: 0ms
> Iteration 01 | Bound: [-7.734821, 0.051636] | l2 radius: 1.32E+00 | Size: 2.00E+00 | Time: 2ms
> Iteration 02 | Bound: [-5.839961, 0.046048] | l2 radius: 1.00E+00 | Size: 4.00E+00 | Time: 3ms
> Iteration 03 | Bound: [-5.263932, 0.041645] | l2 radius: 9.01E-01 | Size: 8.00E+00 | Time: 5ms
> Iteration 04 | Bound: [-4.612257, 0.041042] | l2 radius: 7.91E-01 | Size: 1.60E+01 | Time: 6ms
> Iteration 05 | Bound: [-3.860417, 0.032812] | l2 radius: 6.61E-01 | Size: 3.20E+01 | Time: 7ms
> Iteration 06 | Bound: [-2.904226, 0.038778] | l2 radius: 5.00E-01 | Size: 6.40E+01 | Time: 9ms
> Iteration 07 | Bound: [-2.617568, 0.035220] | l2 radius: 4.51E-01 | Size: 1.27E+02 | Time: 11ms
> Iteration 08 | Bound: [-2.287279, 0.039370] | l2 radius: 3.95E-01 | Size: 2.28E+02 | Time: 13ms
> Iteration 09 | Bound: [-1.908253, 0.038361] | l2 radius: 3.31E-01 | Size: 3.66E+02 | Time: 16ms
> Iteration 10 | Bound: [-1.152016, 0.045286] | l2 radius: 2.50E-01 | Size: 5.85E+02 | Time: 21ms
> Iteration 11 | Bound: [-0.923190, 0.055841] | l2 radius: 2.25E-01 | Size: 1.05E+03 | Time: 27ms
> Iteration 12 | Bound: [-0.692192, 0.063526] | l2 radius: 1.98E-01 | Size: 1.96E+03 | Time: 39ms
> Iteration 13 | Bound: [-0.470091, 0.066980] | l2 radius: 1.65E-01 | Size: 3.55E+03 | Time: 60ms
> Iteration 14 | Bound: [-0.234395, 0.068865] | l2 radius: 1.25E-01 | Size: 6.42E+03 | Time: 111ms
> Iteration 15 | Bound: [-0.177588, 0.069089] | l2 radius: 1.13E-01 | Size: 1.20E+04 | Time: 195ms
> Iteration 16 | Bound: [-0.122239, 0.068972] | l2 radius: 9.88E-02 | Size: 2.22E+04 | Time: 349ms
> Iteration 17 | Bound: [-0.066991, 0.066934] | l2 radius: 8.27E-02 | Size: 3.47E+04 | Time: 587ms
> Iteration 18 | Bound: [-0.012117, 0.065824] | l2 radius: 6.25E-02 | Size: 3.11E+04 | Time: 807ms
> Iteration 19 | Bound: [0.001740, 0.065788] | l2 radius: 5.63E-02 | Size: 5.04E+02 | Time: 812ms
> No region to refine. Done!
> Time for subregion 0000000013: 812ms
> Total time up to subregion 0000000013: 7s845ms = 7.845858097076416 s
==> Subregion 0000000014 / 0000000016: 
==> [[ 0. -2.  0.  0.], [2. 0. 1. 1.]]
==> Lipschitz constant of the zero order test function: 5.886008
> Iteration 00 | Bound: [-9.112715, 0.193882] | l2 radius: 1.58E+00 | Size: 1.00E+00 | Time: 0ms
> Iteration 01 | Bound: [-7.708145, 0.078312] | l2 radius: 1.32E+00 | Size: 2.00E+00 | Time: 2ms
> Iteration 02 | Bound: [-5.808176, 0.077832] | l2 radius: 1.00E+00 | Size: 4.00E+00 | Time: 3ms
> Iteration 03 | Bound: [-5.255499, 0.050077] | l2 radius: 9.01E-01 | Size: 8.00E+00 | Time: 5ms
> Iteration 04 | Bound: [-4.599710, 0.053589] | l2 radius: 7.91E-01 | Size: 1.60E+01 | Time: 6ms
> Iteration 05 | Bound: [-3.854176, 0.039053] | l2 radius: 6.61E-01 | Size: 3.20E+01 | Time: 7ms
> Iteration 06 | Bound: [-2.908392, 0.034612] | l2 radius: 5.00E-01 | Size: 6.40E+01 | Time: 9ms
> Iteration 07 | Bound: [-2.619464, 0.033324] | l2 radius: 4.51E-01 | Size: 1.28E+02 | Time: 11ms
> Iteration 08 | Bound: [-2.292732, 0.033917] | l2 radius: 3.95E-01 | Size: 2.50E+02 | Time: 13ms
> Iteration 09 | Bound: [-1.913435, 0.033180] | l2 radius: 3.31E-01 | Size: 4.27E+02 | Time: 17ms
> Iteration 10 | Bound: [-1.195132, 0.040250] | l2 radius: 2.50E-01 | Size: 7.52E+02 | Time: 22ms
> Iteration 11 | Bound: [-0.977624, 0.040042] | l2 radius: 2.25E-01 | Size: 1.36E+03 | Time: 30ms
> Iteration 12 | Bound: [-0.758174, 0.039982] | l2 radius: 1.98E-01 | Size: 2.62E+03 | Time: 44ms
> Iteration 13 | Bound: [-0.516020, 0.038813] | l2 radius: 1.65E-01 | Size: 5.01E+03 | Time: 90ms
> Iteration 14 | Bound: [-0.295532, 0.037826] | l2 radius: 1.25E-01 | Size: 9.65E+03 | Time: 159ms
> Iteration 15 | Bound: [-0.240656, 0.036702] | l2 radius: 1.13E-01 | Size: 1.38E+04 | Time: 251ms
> Iteration 16 | Bound: [-0.185477, 0.035996] | l2 radius: 9.88E-02 | Size: 2.00E+04 | Time: 371ms
> Iteration 17 | Bound: [-0.114377, 0.035400] | l2 radius: 8.27E-02 | Size: 2.42E+04 | Time: 550ms
> Iteration 18 | Bound: [-0.056211, 0.033591] | l2 radius: 6.25E-02 | Size: 2.03E+04 | Time: 671ms
> Iteration 19 | Bound: [-0.043918, 0.032762] | l2 radius: 5.63E-02 | Size: 7.56E+03 | Time: 730ms
> Iteration 20 | Bound: [-0.032667, 0.032738] | l2 radius: 4.94E-02 | Size: 7.11E+03 | Time: 784ms
> Iteration 21 | Bound: [-0.012863, 0.032186] | l2 radius: 4.13E-02 | Size: 4.97E+03 | Time: 810ms
> Iteration 22 | Bound: [0.004263, 0.032009] | l2 radius: 3.12E-02 | Size: 4.10E+02 | Time: 814ms
> No region to refine. Done!
> Time for subregion 0000000014: 814ms
> Total time up to subregion 0000000014: 8s660ms = 8.660329341888428 s
==> Subregion 0000000015 / 0000000016: 
==> [[-2.  0.  0.  0.], [0. 2. 1. 1.]]
==> Lipschitz constant of the zero order test function: 5.886008
> Iteration 00 | Bound: [-9.085275, 0.221322] | l2 radius: 1.58E+00 | Size: 1.00E+00 | Time: 0ms
> Iteration 01 | Bound: [-7.577864, 0.208593] | l2 radius: 1.32E+00 | Size: 2.00E+00 | Time: 2ms
> Iteration 02 | Bound: [-5.752380, 0.133628] | l2 radius: 1.00E+00 | Size: 4.00E+00 | Time: 3ms
> Iteration 03 | Bound: [-5.173297, 0.132279] | l2 radius: 9.01E-01 | Size: 8.00E+00 | Time: 5ms
> Iteration 04 | Bound: [-4.554692, 0.098606] | l2 radius: 7.91E-01 | Size: 1.60E+01 | Time: 6ms
> Iteration 05 | Bound: [-3.809352, 0.083877] | l2 radius: 6.61E-01 | Size: 3.20E+01 | Time: 7ms
> Iteration 06 | Bound: [-2.870984, 0.072020] | l2 radius: 5.00E-01 | Size: 6.40E+01 | Time: 9ms
> Iteration 07 | Bound: [-2.581600, 0.071188] | l2 radius: 4.51E-01 | Size: 1.28E+02 | Time: 11ms
> Iteration 08 | Bound: [-2.265526, 0.061123] | l2 radius: 3.95E-01 | Size: 2.56E+02 | Time: 13ms
> Iteration 09 | Bound: [-1.888157, 0.058457] | l2 radius: 3.31E-01 | Size: 5.10E+02 | Time: 17ms
> Iteration 10 | Bound: [-1.138736, 0.062362] | l2 radius: 2.50E-01 | Size: 9.86E+02 | Time: 23ms
> Iteration 11 | Bound: [-0.917895, 0.060253] | l2 radius: 2.25E-01 | Size: 1.94E+03 | Time: 34ms
> Iteration 12 | Bound: [-0.681879, 0.067170] | l2 radius: 1.98E-01 | Size: 3.78E+03 | Time: 72ms
> Iteration 13 | Bound: [-0.461754, 0.071928] | l2 radius: 1.65E-01 | Size: 7.38E+03 | Time: 111ms
> Iteration 14 | Bound: [-0.242959, 0.070979] | l2 radius: 1.25E-01 | Size: 1.44E+04 | Time: 223ms
> Iteration 15 | Bound: [-0.187922, 0.070981] | l2 radius: 1.13E-01 | Size: 2.36E+04 | Time: 381ms
> Iteration 16 | Bound: [-0.125107, 0.070484] | l2 radius: 9.88E-02 | Size: 3.69E+04 | Time: 628ms
> Iteration 17 | Bound: [-0.071146, 0.067547] | l2 radius: 8.27E-02 | Size: 4.48E+04 | Time: 930ms
> Iteration 18 | Bound: [-0.016614, 0.066323] | l2 radius: 6.25E-02 | Size: 3.27E+04 | Time: 1s143ms
> Iteration 19 | Bound: [-0.002844, 0.066322] | l2 radius: 5.63E-02 | Size: 6.93E+02 | Time: 1s166ms
> Iteration 20 | Bound: [0.016520, 0.067784] | l2 radius: 4.94E-02 | Size: 8.00E+00 | Time: 1s168ms
> No region to refine. Done!
> Time for subregion 0000000015: 1s168ms
> Total time up to subregion 0000000015: 9s828ms = 9.828691005706787 s
==> Subregion 0000000016 / 0000000016: 
==> [[0. 0. 0. 0.], [2. 2. 1. 1.]]
==> Lipschitz constant of the zero order test function: 5.886008
> Iteration 00 | Bound: [-8.958961, 0.347635] | l2 radius: 1.58E+00 | Size: 1.00E+00 | Time: 0ms
> Iteration 01 | Bound: [-7.538960, 0.247497] | l2 radius: 1.32E+00 | Size: 2.00E+00 | Time: 2ms
> Iteration 02 | Bound: [-5.696687, 0.189321] | l2 radius: 1.00E+00 | Size: 4.00E+00 | Time: 3ms
> Iteration 03 | Bound: [-5.181712, 0.123864] | l2 radius: 9.01E-01 | Size: 8.00E+00 | Time: 4ms
> Iteration 04 | Bound: [-4.558726, 0.094572] | l2 radius: 7.91E-01 | Size: 1.60E+01 | Time: 6ms
> Iteration 05 | Bound: [-3.800629, 0.092599] | l2 radius: 6.61E-01 | Size: 3.20E+01 | Time: 7ms
> Iteration 06 | Bound: [-2.860865, 0.082139] | l2 radius: 5.00E-01 | Size: 6.40E+01 | Time: 9ms
> Iteration 07 | Bound: [-2.577306, 0.075483] | l2 radius: 4.51E-01 | Size: 1.28E+02 | Time: 11ms
> Iteration 08 | Bound: [-2.258398, 0.068251] | l2 radius: 3.95E-01 | Size: 2.56E+02 | Time: 13ms
> Iteration 09 | Bound: [-1.879548, 0.067066] | l2 radius: 3.31E-01 | Size: 5.12E+02 | Time: 17ms
> Iteration 10 | Bound: [-1.170604, 0.076161] | l2 radius: 2.50E-01 | Size: 9.96E+02 | Time: 23ms
> Iteration 11 | Bound: [-0.961735, 0.071644] | l2 radius: 2.25E-01 | Size: 1.96E+03 | Time: 40ms
> Iteration 12 | Bound: [-0.740469, 0.074281] | l2 radius: 1.98E-01 | Size: 3.82E+03 | Time: 61ms
> Iteration 13 | Bound: [-0.511248, 0.076395] | l2 radius: 1.65E-01 | Size: 7.52E+03 | Time: 115ms
> Iteration 14 | Bound: [-0.264692, 0.071619] | l2 radius: 1.25E-01 | Size: 1.48E+04 | Time: 220ms
> Iteration 15 | Bound: [-0.209898, 0.068912] | l2 radius: 1.13E-01 | Size: 1.69E+04 | Time: 369ms
> Iteration 16 | Bound: [-0.152995, 0.067598] | l2 radius: 9.88E-02 | Size: 2.21E+04 | Time: 510ms
> Iteration 17 | Bound: [-0.100990, 0.063075] | l2 radius: 8.27E-02 | Size: 2.10E+04 | Time: 660ms
> Iteration 18 | Bound: [-0.043384, 0.061269] | l2 radius: 6.25E-02 | Size: 9.50E+03 | Time: 738ms
> Iteration 19 | Bound: [-0.021334, 0.058904] | l2 radius: 5.63E-02 | Size: 6.04E+02 | Time: 745ms
> Iteration 20 | Bound: [-0.009601, 0.058408] | l2 radius: 4.94E-02 | Size: 1.63E+02 | Time: 750ms
> Iteration 21 | Bound: [0.008190, 0.057605] | l2 radius: 4.13E-02 | Size: 1.80E+01 | Time: 754ms
> No region to refine. Done!
> Time for subregion 0000000016: 754ms
> Total time up to subregion 0000000016: 10s582ms = 10.582847833633423 s
> Total time excluding drawing: 10s582ms = 10.582847833633423 s
> Success: True
==> Done!
