==> Creating result directory ...
==> Loading test settings ...
==> Deciding torch device ...
==> torch device:  cuda
==> Building cbf neural network ...
==> Lipschitz constant of CBF network: 1.000000
==> Hessian bound of CBF network: 6.532818
==> Third order elementwise bound of CBF network: 66.677713
==> Number of subregions: 1
==> Subregion 0000000001 / 0000000001: 
==> [[-0.5 -2.  -1.  -1. ], [0.5 0.  1.  1. ]]
> Iteration 00 | Bound: [-0.336358, 1.466417] | l2 radius: 1.80E+00 | Size: 1.00E+00 | Time: 68ms
> Iteration 01 | Bound: [-0.318027, 1.263112] | l2 radius: 1.58E+00 | Size: 2.00E+00 | Time: 73ms
> Iteration 02 | Bound: [-0.263095, 1.059780] | l2 radius: 1.32E+00 | Size: 4.00E+00 | Time: 75ms
> Iteration 03 | Bound: [-0.250175, 0.749825] | l2 radius: 1.00E+00 | Size: 8.00E+00 | Time: 77ms
> Iteration 04 | Bound: [-0.196501, 0.704887] | l2 radius: 9.01E-01 | Size: 1.60E+01 | Time: 78ms
> Iteration 05 | Bound: [-0.192569, 0.598001] | l2 radius: 7.91E-01 | Size: 3.20E+01 | Time: 80ms
> Iteration 06 | Bound: [-0.181853, 0.479584] | l2 radius: 6.61E-01 | Size: 6.40E+01 | Time: 83ms
> Iteration 07 | Bound: [-0.177376, 0.322624] | l2 radius: 5.00E-01 | Size: 1.28E+02 | Time: 85ms
> Iteration 08 | Bound: [-0.147407, 0.303287] | l2 radius: 4.51E-01 | Size: 2.34E+02 | Time: 88ms
> Iteration 09 | Bound: [-0.130505, 0.264779] | l2 radius: 3.95E-01 | Size: 4.46E+02 | Time: 93ms
> Iteration 10 | Bound: [-0.128950, 0.201769] | l2 radius: 3.31E-01 | Size: 8.14E+02 | Time: 104ms
> Iteration 11 | Bound: [-0.127839, 0.122161] | l2 radius: 2.50E-01 | Size: 1.35E+03 | Time: 121ms
> Iteration 12 | Bound: [-0.106097, 0.112610] | l2 radius: 2.25E-01 | Size: 1.52E+03 | Time: 136ms
> Iteration 13 | Bound: [-0.092476, 0.078753] | l2 radius: 1.98E-01 | Size: 1.63E+03 | Time: 149ms
> Iteration 14 | Bound: [-0.092080, 0.038637] | l2 radius: 1.65E-01 | Size: 9.92E+02 | Time: 159ms
> Iteration 15 | Bound: [-0.091925, -0.005295] | l2 radius: 1.25E-01 | Size: 1.72E+02 | Time: 161ms
> No region to refine. Done!
> Time for subregion 0000000001: 161ms
> Total time up to subregion 0000000001: 161ms = 0.16141200065612793 s
> Total time excluding drawing: 161ms = 0.16141200065612793 s
> Success: True
==> Done!
