==> Creating result directory ...
==> Loading test settings ...
==> Deciding torch device ...
==> torch device:  cuda
==> Building dynamical system ...
==> Building cbf neural network ...
==> Lipschitz constant of CBF network: 1.000000
==> Hessian bound of CBF network: 6.532818
==> Third order elementwise bound of CBF network: 66.677713
==> Number of subregions: 16
==> Subregion 0000000001 / 0000000016: 
==> [[-2. -2. -1. -1.], [0. 0. 0. 0.]]
==> Lipschitz constant of the zero order test function: 14.658024
> Iteration 00 | Bound: [-22.897196, 0.279176] | l2 radius: 1.58E+00 | Size: 1.00E+00 | Time: 67ms
> Iteration 01 | Bound: [-19.283501, 0.107243] | l2 radius: 1.32E+00 | Size: 2.00E+00 | Time: 69ms
> Iteration 02 | Bound: [-14.575650, 0.082374] | l2 radius: 1.00E+00 | Size: 4.00E+00 | Time: 74ms
> Iteration 03 | Bound: [-13.172029, 0.040536] | l2 radius: 9.01E-01 | Size: 8.00E+00 | Time: 79ms
> Iteration 04 | Bound: [-11.555877, 0.032309] | l2 radius: 7.91E-01 | Size: 1.60E+01 | Time: 84ms
> Iteration 05 | Bound: [-9.660842, 0.034530] | l2 radius: 6.61E-01 | Size: 3.20E+01 | Time: 89ms
> Iteration 06 | Bound: [-7.303379, 0.025633] | l2 radius: 5.00E-01 | Size: 5.40E+01 | Time: 96ms
> Iteration 07 | Bound: [-6.588655, 0.017628] | l2 radius: 4.51E-01 | Size: 9.40E+01 | Time: 102ms
> Iteration 08 | Bound: [-5.779830, 0.014262] | l2 radius: 3.95E-01 | Size: 1.58E+02 | Time: 109ms
> Iteration 09 | Bound: [-4.826904, 0.020782] | l2 radius: 3.31E-01 | Size: 2.54E+02 | Time: 118ms
> Iteration 10 | Bound: [-3.518494, 0.146012] | l2 radius: 2.50E-01 | Size: 4.27E+02 | Time: 130ms
> Iteration 11 | Bound: [-3.175923, 0.127218] | l2 radius: 2.25E-01 | Size: 7.93E+02 | Time: 148ms
> Iteration 12 | Bound: [-2.755124, 0.141923] | l2 radius: 1.98E-01 | Size: 1.47E+03 | Time: 206ms
> Iteration 13 | Bound: [-2.276842, 0.147001] | l2 radius: 1.65E-01 | Size: 2.65E+03 | Time: 260ms
> Iteration 14 | Bound: [-1.648516, 0.183737] | l2 radius: 1.25E-01 | Size: 4.46E+03 | Time: 333ms
> Iteration 15 | Bound: [-1.463289, 0.188282] | l2 radius: 1.13E-01 | Size: 8.10E+03 | Time: 465ms
> Iteration 16 | Bound: [-1.245204, 0.192668] | l2 radius: 9.88E-02 | Size: 1.55E+04 | Time: 921ms
> Iteration 17 | Bound: [-0.833788, 0.184903] | l2 radius: 8.27E-02 | Size: 2.95E+04 | Time: 1s619ms
> Iteration 18 | Bound: [-0.401437, 0.185970] | l2 radius: 6.25E-02 | Size: 5.31E+04 | Time: 2s366ms
> Iteration 19 | Bound: [-0.288782, 0.189835] | l2 radius: 5.63E-02 | Size: 4.70E+04 | Time: 3s14ms
> Iteration 20 | Bound: [-0.186675, 0.190285] | l2 radius: 4.94E-02 | Size: 6.48E+04 | Time: 3s877ms
> Iteration 21 | Bound: [-0.069418, 0.185501] | l2 radius: 4.13E-02 | Size: 7.45E+04 | Time: 4s894ms
> Iteration 22 | Bound: [0.038963, 0.186508] | l2 radius: 3.12E-02 | Size: 2.68E+04 | Time: 5s256ms
> No region to refine. Done!
> Time for subregion 0000000001: 5s256ms
> Total time up to subregion 0000000001: 5s256ms = 5.2568583488464355 s
==> Subregion 0000000002 / 0000000016: 
==> [[ 0. -2. -1. -1.], [2. 0. 0. 0.]]
==> Lipschitz constant of the zero order test function: 14.658024
> Iteration 00 | Bound: [-22.904125, 0.272245] | l2 radius: 1.58E+00 | Size: 1.00E+00 | Time: 1ms
> Iteration 01 | Bound: [-19.257666, 0.133077] | l2 radius: 1.32E+00 | Size: 2.00E+00 | Time: 3ms
> Iteration 02 | Bound: [-14.543267, 0.114757] | l2 radius: 1.00E+00 | Size: 4.00E+00 | Time: 5ms
> Iteration 03 | Bound: [-13.148281, 0.064283] | l2 radius: 9.01E-01 | Size: 8.00E+00 | Time: 6ms
> Iteration 04 | Bound: [-11.526134, 0.062051] | l2 radius: 7.91E-01 | Size: 1.60E+01 | Time: 8ms
> Iteration 05 | Bound: [-9.649690, 0.045682] | l2 radius: 6.61E-01 | Size: 3.20E+01 | Time: 10ms
> Iteration 06 | Bound: [-7.290167, 0.038845] | l2 radius: 5.00E-01 | Size: 6.00E+01 | Time: 13ms
> Iteration 07 | Bound: [-6.581355, 0.024927] | l2 radius: 4.51E-01 | Size: 1.17E+02 | Time: 15ms
> Iteration 08 | Bound: [-5.771023, 0.023069] | l2 radius: 3.95E-01 | Size: 2.16E+02 | Time: 19ms
> Iteration 09 | Bound: [-4.819679, 0.028007] | l2 radius: 3.31E-01 | Size: 3.87E+02 | Time: 26ms
> Iteration 10 | Bound: [-3.639865, 0.024641] | l2 radius: 2.50E-01 | Size: 6.71E+02 | Time: 36ms
> Iteration 11 | Bound: [-3.272820, 0.030321] | l2 radius: 2.25E-01 | Size: 1.28E+03 | Time: 54ms
> Iteration 12 | Bound: [-2.845522, 0.051524] | l2 radius: 1.98E-01 | Size: 2.41E+03 | Time: 102ms
> Iteration 13 | Bound: [-2.351958, 0.071885] | l2 radius: 1.65E-01 | Size: 4.46E+03 | Time: 158ms
> Iteration 14 | Bound: [-1.748791, 0.083462] | l2 radius: 1.25E-01 | Size: 8.02E+03 | Time: 276ms
> Iteration 15 | Bound: [-1.567793, 0.083777] | l2 radius: 1.13E-01 | Size: 1.52E+04 | Time: 482ms
> Iteration 16 | Bound: [-1.310871, 0.094016] | l2 radius: 9.88E-02 | Size: 2.94E+04 | Time: 893ms
> Iteration 17 | Bound: [-0.889974, 0.097974] | l2 radius: 8.27E-02 | Size: 5.52E+04 | Time: 1s639ms
> Iteration 18 | Bound: [-0.464367, 0.103518] | l2 radius: 6.25E-02 | Size: 1.05E+05 | Time: 3s97ms
> Iteration 19 | Bound: [-0.356611, 0.104715] | l2 radius: 5.63E-02 | Size: 2.05E+05 | Time: 5s859ms
> Iteration 20 | Bound: [-0.249898, 0.106096] | l2 radius: 4.94E-02 | Size: 3.80E+05 | Time: 10s947ms
> Iteration 21 | Bound: [-0.145500, 0.105526] | l2 radius: 4.13E-02 | Size: 3.87E+05 | Time: 16s217ms
> Iteration 22 | Bound: [-0.041134, 0.104282] | l2 radius: 3.12E-02 | Size: 1.07E+05 | Time: 17s685ms
> Iteration 23 | Bound: [-0.012028, 0.105834] | l2 radius: 2.82E-02 | Size: 1.91E+03 | Time: 17s713ms
> Iteration 24 | Bound: [0.015391, 0.106548] | l2 radius: 2.47E-02 | Size: 9.80E+01 | Time: 17s716ms
> No region to refine. Done!
> Time for subregion 0000000002: 17s716ms
> Total time up to subregion 0000000002: 22s973ms = 22.973002195358276 s
==> Subregion 0000000003 / 0000000016: 
==> [[-2.  0. -1. -1.], [0. 2. 0. 0.]]
==> Lipschitz constant of the zero order test function: 14.658024
> Iteration 00 | Bound: [-22.733313, 0.443059] | l2 radius: 1.58E+00 | Size: 1.00E+00 | Time: 1ms
> Iteration 01 | Bound: [-18.996176, 0.394568] | l2 radius: 1.32E+00 | Size: 2.00E+00 | Time: 2ms
> Iteration 02 | Bound: [-14.403830, 0.254194] | l2 radius: 1.00E+00 | Size: 4.00E+00 | Time: 4ms
> Iteration 03 | Bound: [-12.995469, 0.217095] | l2 radius: 9.01E-01 | Size: 8.00E+00 | Time: 6ms
> Iteration 04 | Bound: [-11.444392, 0.143793] | l2 radius: 7.91E-01 | Size: 1.60E+01 | Time: 8ms
> Iteration 05 | Bound: [-9.595096, 0.100276] | l2 radius: 6.61E-01 | Size: 3.20E+01 | Time: 11ms
> Iteration 06 | Bound: [-7.237675, 0.091337] | l2 radius: 5.00E-01 | Size: 6.40E+01 | Time: 13ms
> Iteration 07 | Bound: [-6.512381, 0.093901] | l2 radius: 4.51E-01 | Size: 1.28E+02 | Time: 16ms
> Iteration 08 | Bound: [-5.726045, 0.068047] | l2 radius: 3.95E-01 | Size: 2.51E+02 | Time: 20ms
> Iteration 09 | Bound: [-4.790726, 0.056960] | l2 radius: 3.31E-01 | Size: 4.90E+02 | Time: 28ms
> Iteration 10 | Bound: [-3.608740, 0.055766] | l2 radius: 2.50E-01 | Size: 9.31E+02 | Time: 41ms
> Iteration 11 | Bound: [-3.248369, 0.054772] | l2 radius: 2.25E-01 | Size: 1.83E+03 | Time: 82ms
> Iteration 12 | Bound: [-2.828221, 0.068826] | l2 radius: 1.98E-01 | Size: 3.56E+03 | Time: 128ms
> Iteration 13 | Bound: [-2.326799, 0.097044] | l2 radius: 1.65E-01 | Size: 6.92E+03 | Time: 232ms
> Iteration 14 | Bound: [-1.699896, 0.132357] | l2 radius: 1.25E-01 | Size: 1.30E+04 | Time: 415ms
> Iteration 15 | Bound: [-1.519308, 0.132262] | l2 radius: 1.13E-01 | Size: 2.55E+04 | Time: 760ms
> Iteration 16 | Bound: [-1.274304, 0.141793] | l2 radius: 9.88E-02 | Size: 4.96E+04 | Time: 1s435ms
> Iteration 17 | Bound: [-0.866896, 0.139587] | l2 radius: 8.27E-02 | Size: 9.76E+04 | Time: 2s755ms
> Iteration 18 | Bound: [-0.421092, 0.157843] | l2 radius: 6.25E-02 | Size: 1.88E+05 | Time: 5s294ms
> Iteration 19 | Bound: [-0.311341, 0.157851] | l2 radius: 5.63E-02 | Size: 2.47E+05 | Time: 8s608ms
> Iteration 20 | Bound: [-0.202554, 0.153053] | l2 radius: 4.94E-02 | Size: 2.79E+05 | Time: 12s364ms
> Iteration 21 | Bound: [-0.098228, 0.152024] | l2 radius: 4.13E-02 | Size: 1.68E+05 | Time: 14s631ms
> Iteration 22 | Bound: [0.015560, 0.161061] | l2 radius: 3.12E-02 | Size: 3.47E+04 | Time: 15s119ms
> No region to refine. Done!
> Time for subregion 0000000003: 15s119ms
> Total time up to subregion 0000000003: 38s92ms = 38.09222769737244 s
==> Subregion 0000000004 / 0000000016: 
==> [[ 0.  0. -1. -1.], [2. 2. 0. 0.]]
==> Lipschitz constant of the zero order test function: 14.658024
> Iteration 00 | Bound: [-22.744833, 0.431537] | l2 radius: 1.58E+00 | Size: 1.00E+00 | Time: 1ms
> Iteration 01 | Bound: [-19.026749, 0.363995] | l2 radius: 1.32E+00 | Size: 2.00E+00 | Time: 3ms
> Iteration 02 | Bound: [-14.423596, 0.234428] | l2 radius: 1.00E+00 | Size: 4.00E+00 | Time: 5ms
> Iteration 03 | Bound: [-13.008767, 0.203797] | l2 radius: 9.01E-01 | Size: 8.00E+00 | Time: 6ms
> Iteration 04 | Bound: [-11.454799, 0.133387] | l2 radius: 7.91E-01 | Size: 1.60E+01 | Time: 8ms
> Iteration 05 | Bound: [-9.568272, 0.127100] | l2 radius: 6.61E-01 | Size: 3.20E+01 | Time: 10ms
> Iteration 06 | Bound: [-7.216868, 0.112144] | l2 radius: 5.00E-01 | Size: 6.40E+01 | Time: 12ms
> Iteration 07 | Bound: [-6.503375, 0.102907] | l2 radius: 4.51E-01 | Size: 1.28E+02 | Time: 15ms
> Iteration 08 | Bound: [-5.721898, 0.072195] | l2 radius: 3.95E-01 | Size: 2.54E+02 | Time: 19ms
> Iteration 09 | Bound: [-4.780775, 0.066911] | l2 radius: 3.31E-01 | Size: 5.03E+02 | Time: 27ms
> Iteration 10 | Bound: [-3.603958, 0.060548] | l2 radius: 2.50E-01 | Size: 9.80E+02 | Time: 41ms
> Iteration 11 | Bound: [-3.245996, 0.057145] | l2 radius: 2.25E-01 | Size: 1.94E+03 | Time: 65ms
> Iteration 12 | Bound: [-2.843313, 0.053734] | l2 radius: 1.98E-01 | Size: 3.82E+03 | Time: 113ms
> Iteration 13 | Bound: [-2.356582, 0.067261] | l2 radius: 1.65E-01 | Size: 7.46E+03 | Time: 221ms
> Iteration 14 | Bound: [-1.750944, 0.081309] | l2 radius: 1.25E-01 | Size: 1.45E+04 | Time: 412ms
> Iteration 15 | Bound: [-1.565081, 0.086489] | l2 radius: 1.13E-01 | Size: 2.86E+04 | Time: 807ms
> Iteration 16 | Bound: [-1.315095, 0.091218] | l2 radius: 9.88E-02 | Size: 5.62E+04 | Time: 1s572ms
> Iteration 17 | Bound: [-0.895470, 0.092596] | l2 radius: 8.27E-02 | Size: 1.11E+05 | Time: 3s50ms
> Iteration 18 | Bound: [-0.471059, 0.098646] | l2 radius: 6.25E-02 | Size: 2.16E+05 | Time: 6s8ms
> Iteration 19 | Bound: [-0.363063, 0.098804] | l2 radius: 5.63E-02 | Size: 4.28E+05 | Time: 11s952ms
> Iteration 20 | Bound: [-0.252988, 0.103024] | l2 radius: 4.94E-02 | Size: 5.62E+05 | Time: 19s700ms
> Iteration 21 | Bound: [-0.148587, 0.102477] | l2 radius: 4.13E-02 | Size: 3.19E+05 | Time: 24s156ms
> Iteration 22 | Bound: [-0.043839, 0.102055] | l2 radius: 3.12E-02 | Size: 9.52E+04 | Time: 25s502ms
> Iteration 23 | Bound: [-0.015129, 0.103350] | l2 radius: 2.82E-02 | Size: 5.28E+03 | Time: 25s571ms
> Iteration 24 | Bound: [0.013264, 0.104610] | l2 radius: 2.47E-02 | Size: 5.44E+02 | Time: 25s580ms
> No region to refine. Done!
> Time for subregion 0000000004: 25s580ms
> Total time up to subregion 0000000004: 1m3s = 63.67265868186951 s
==> Subregion 0000000005 / 0000000016: 
==> [[-2. -2.  0. -1.], [0. 0. 1. 0.]]
==> Lipschitz constant of the zero order test function: 14.658024
> Iteration 00 | Bound: [-23.052845, 0.123525] | l2 radius: 1.58E+00 | Size: 1.00E+00 | Time: 1ms
> Iteration 01 | Bound: [-19.264931, 0.125813] | l2 radius: 1.32E+00 | Size: 2.00E+00 | Time: 2ms
> Iteration 02 | Bound: [-14.546432, 0.111592] | l2 radius: 1.00E+00 | Size: 4.00E+00 | Time: 4ms
> Iteration 03 | Bound: [-13.115722, 0.096843] | l2 radius: 9.01E-01 | Size: 8.00E+00 | Time: 6ms
> Iteration 04 | Bound: [-11.514209, 0.073976] | l2 radius: 7.91E-01 | Size: 1.60E+01 | Time: 8ms
> Iteration 05 | Bound: [-9.641852, 0.053519] | l2 radius: 6.61E-01 | Size: 3.20E+01 | Time: 13ms
> Iteration 06 | Bound: [-7.289088, 0.039923] | l2 radius: 5.00E-01 | Size: 6.40E+01 | Time: 15ms
> Iteration 07 | Bound: [-6.569968, 0.036314] | l2 radius: 4.51E-01 | Size: 1.28E+02 | Time: 17ms
> Iteration 08 | Bound: [-5.758946, 0.035147] | l2 radius: 3.95E-01 | Size: 2.44E+02 | Time: 22ms
> Iteration 09 | Bound: [-4.819995, 0.027691] | l2 radius: 3.31E-01 | Size: 4.29E+02 | Time: 28ms
> Iteration 10 | Bound: [-3.623688, 0.040818] | l2 radius: 2.50E-01 | Size: 6.63E+02 | Time: 39ms
> Iteration 11 | Bound: [-3.260994, 0.042147] | l2 radius: 2.25E-01 | Size: 1.19E+03 | Time: 73ms
> Iteration 12 | Bound: [-2.847447, 0.049599] | l2 radius: 1.98E-01 | Size: 2.12E+03 | Time: 102ms
> Iteration 13 | Bound: [-2.367512, 0.056331] | l2 radius: 1.65E-01 | Size: 3.59E+03 | Time: 150ms
> Iteration 14 | Bound: [-1.766676, 0.065577] | l2 radius: 1.25E-01 | Size: 6.14E+03 | Time: 249ms
> Iteration 15 | Bound: [-1.583002, 0.068569] | l2 radius: 1.13E-01 | Size: 1.14E+04 | Time: 414ms
> Iteration 16 | Bound: [-1.325333, 0.071328] | l2 radius: 9.88E-02 | Size: 2.18E+04 | Time: 717ms
> Iteration 17 | Bound: [-0.904806, 0.073570] | l2 radius: 8.27E-02 | Size: 4.06E+04 | Time: 1s298ms
> Iteration 18 | Bound: [-0.486973, 0.071480] | l2 radius: 6.25E-02 | Size: 7.65E+04 | Time: 2s389ms
> Iteration 19 | Bound: [-0.382893, 0.071964] | l2 radius: 5.63E-02 | Size: 1.47E+05 | Time: 4s452ms
> Iteration 20 | Bound: [-0.278439, 0.072313] | l2 radius: 4.94E-02 | Size: 2.91E+05 | Time: 8s465ms
> Iteration 21 | Bound: [-0.173840, 0.072114] | l2 radius: 4.13E-02 | Size: 5.65E+05 | Time: 16s286ms
> Iteration 22 | Bound: [-0.069253, 0.071285] | l2 radius: 3.12E-02 | Size: 1.01E+06 | Time: 30s325ms
> Iteration 23 | Bound: [-0.043061, 0.071368] | l2 radius: 2.82E-02 | Size: 6.80E+05 | Time: 39s687ms
> Iteration 24 | Bound: [-0.017007, 0.071368] | l2 radius: 2.47E-02 | Size: 5.63E+05 | Time: 47s399ms
> Iteration 25 | Bound: [0.009313, 0.071439] | l2 radius: 2.07E-02 | Size: 1.31E+05 | Time: 49s202ms
> No region to refine. Done!
> Time for subregion 0000000005: 49s202ms
> Total time up to subregion 0000000005: 1m52s = 112.87490200996399 s
==> Subregion 0000000006 / 0000000016: 
==> [[ 0. -2.  0. -1.], [2. 0. 1. 0.]]
==> Lipschitz constant of the zero order test function: 14.658024
> Iteration 00 | Bound: [-22.791523, 0.384847] | l2 radius: 1.58E+00 | Size: 1.00E+00 | Time: 1ms
> Iteration 01 | Bound: [-19.171833, 0.218910] | l2 radius: 1.32E+00 | Size: 2.00E+00 | Time: 3ms
> Iteration 02 | Bound: [-14.470418, 0.187606] | l2 radius: 1.00E+00 | Size: 4.00E+00 | Time: 8ms
> Iteration 03 | Bound: [-13.042904, 0.169661] | l2 radius: 9.01E-01 | Size: 8.00E+00 | Time: 10ms
> Iteration 04 | Bound: [-11.447519, 0.140666] | l2 radius: 7.91E-01 | Size: 1.60E+01 | Time: 12ms
> Iteration 05 | Bound: [-9.578304, 0.117068] | l2 radius: 6.61E-01 | Size: 3.20E+01 | Time: 14ms
> Iteration 06 | Bound: [-7.253234, 0.075778] | l2 radius: 5.00E-01 | Size: 6.40E+01 | Time: 16ms
> Iteration 07 | Bound: [-6.542446, 0.063836] | l2 radius: 4.51E-01 | Size: 1.28E+02 | Time: 19ms
> Iteration 08 | Bound: [-5.733163, 0.060929] | l2 radius: 3.95E-01 | Size: 2.56E+02 | Time: 23ms
> Iteration 09 | Bound: [-4.799657, 0.048028] | l2 radius: 3.31E-01 | Size: 5.07E+02 | Time: 31ms
> Iteration 10 | Bound: [-3.627418, 0.037088] | l2 radius: 2.50E-01 | Size: 9.41E+02 | Time: 63ms
> Iteration 11 | Bound: [-3.260620, 0.042521] | l2 radius: 2.25E-01 | Size: 1.75E+03 | Time: 88ms
> Iteration 12 | Bound: [-2.838285, 0.058761] | l2 radius: 1.98E-01 | Size: 3.16E+03 | Time: 129ms
> Iteration 13 | Bound: [-2.354887, 0.068956] | l2 radius: 1.65E-01 | Size: 5.84E+03 | Time: 224ms
> Iteration 14 | Bound: [-1.748191, 0.084062] | l2 radius: 1.25E-01 | Size: 1.07E+04 | Time: 358ms
> Iteration 15 | Bound: [-1.568574, 0.082996] | l2 radius: 1.13E-01 | Size: 2.05E+04 | Time: 651ms
> Iteration 16 | Bound: [-1.344717, 0.092263] | l2 radius: 9.88E-02 | Size: 4.01E+04 | Time: 1s221ms
> Iteration 17 | Bound: [-0.893085, 0.095151] | l2 radius: 8.27E-02 | Size: 7.82E+04 | Time: 2s285ms
> Iteration 18 | Bound: [-0.489162, 0.092581] | l2 radius: 6.25E-02 | Size: 1.52E+05 | Time: 4s428ms
> Iteration 19 | Bound: [-0.377806, 0.095003] | l2 radius: 5.63E-02 | Size: 2.87E+05 | Time: 8s464ms
> Iteration 20 | Bound: [-0.275025, 0.099057] | l2 radius: 4.94E-02 | Size: 4.22E+05 | Time: 14s522ms
> Iteration 21 | Bound: [-0.157101, 0.099252] | l2 radius: 4.13E-02 | Size: 4.73E+05 | Time: 21s156ms
> Iteration 22 | Bound: [-0.051494, 0.099983] | l2 radius: 3.12E-02 | Size: 1.92E+05 | Time: 23s811ms
> Iteration 23 | Bound: [-0.021512, 0.101258] | l2 radius: 2.82E-02 | Size: 6.12E+03 | Time: 23s891ms
> Iteration 24 | Bound: [0.005767, 0.100730] | l2 radius: 2.47E-02 | Size: 8.47E+02 | Time: 23s904ms
> No region to refine. Done!
> Time for subregion 0000000006: 23s904ms
> Total time up to subregion 0000000006: 2m16s = 136.779803276062 s
==> Subregion 0000000007 / 0000000016: 
==> [[-2.  0.  0. -1.], [0. 2. 1. 0.]]
==> Lipschitz constant of the zero order test function: 14.658024
> Iteration 00 | Bound: [-22.879866, 0.296504] | l2 radius: 1.58E+00 | Size: 1.00E+00 | Time: 1ms
> Iteration 01 | Bound: [-19.103230, 0.287514] | l2 radius: 1.32E+00 | Size: 2.00E+00 | Time: 2ms
> Iteration 02 | Bound: [-14.501759, 0.156266] | l2 radius: 1.00E+00 | Size: 4.00E+00 | Time: 4ms
> Iteration 03 | Bound: [-13.057773, 0.154792] | l2 radius: 9.01E-01 | Size: 8.00E+00 | Time: 6ms
> Iteration 04 | Bound: [-11.490463, 0.097722] | l2 radius: 7.91E-01 | Size: 1.60E+01 | Time: 8ms
> Iteration 05 | Bound: [-9.609753, 0.085619] | l2 radius: 6.61E-01 | Size: 3.20E+01 | Time: 10ms
> Iteration 06 | Bound: [-7.248412, 0.080600] | l2 radius: 5.00E-01 | Size: 6.40E+01 | Time: 12ms
> Iteration 07 | Bound: [-6.527709, 0.078574] | l2 radius: 4.51E-01 | Size: 1.28E+02 | Time: 15ms
> Iteration 08 | Bound: [-5.738327, 0.055766] | l2 radius: 3.95E-01 | Size: 2.56E+02 | Time: 19ms
> Iteration 09 | Bound: [-4.794345, 0.053340] | l2 radius: 3.31E-01 | Size: 5.11E+02 | Time: 27ms
> Iteration 10 | Bound: [-3.613376, 0.051130] | l2 radius: 2.50E-01 | Size: 1.00E+03 | Time: 41ms
> Iteration 11 | Bound: [-3.252592, 0.050549] | l2 radius: 2.25E-01 | Size: 1.98E+03 | Time: 83ms
> Iteration 12 | Bound: [-2.842248, 0.054798] | l2 radius: 1.98E-01 | Size: 3.89E+03 | Time: 133ms
> Iteration 13 | Bound: [-2.368245, 0.055598] | l2 radius: 1.65E-01 | Size: 7.56E+03 | Time: 247ms
> Iteration 14 | Bound: [-1.767117, 0.065136] | l2 radius: 1.25E-01 | Size: 1.44E+04 | Time: 448ms
> Iteration 15 | Bound: [-1.585571, 0.065999] | l2 radius: 1.13E-01 | Size: 2.84E+04 | Time: 836ms
> Iteration 16 | Bound: [-1.329995, 0.070726] | l2 radius: 9.88E-02 | Size: 5.55E+04 | Time: 1s609ms
> Iteration 17 | Bound: [-0.910421, 0.073029] | l2 radius: 8.27E-02 | Size: 1.09E+05 | Time: 3s117ms
> Iteration 18 | Bound: [-0.488824, 0.078061] | l2 radius: 6.25E-02 | Size: 2.13E+05 | Time: 6s44ms
> Iteration 19 | Bound: [-0.382583, 0.079494] | l2 radius: 5.63E-02 | Size: 4.22E+05 | Time: 11s819ms
> Iteration 20 | Bound: [-0.272996, 0.081934] | l2 radius: 4.94E-02 | Size: 7.98E+05 | Time: 22s738ms
> Iteration 21 | Bound: [-0.167445, 0.082075] | l2 radius: 4.13E-02 | Size: 9.50E+05 | Time: 35s860ms
> Iteration 22 | Bound: [-0.062386, 0.082684] | l2 radius: 3.12E-02 | Size: 7.72E+05 | Time: 46s700ms
> Iteration 23 | Bound: [-0.035024, 0.083427] | l2 radius: 2.82E-02 | Size: 1.24E+05 | Time: 48s445ms
> Iteration 24 | Bound: [-0.006008, 0.084935] | l2 radius: 2.47E-02 | Size: 5.04E+04 | Time: 49s162ms
> Iteration 25 | Bound: [0.020335, 0.084495] | l2 radius: 2.07E-02 | Size: 4.32E+02 | Time: 49s170ms
> No region to refine. Done!
> Time for subregion 0000000007: 49s170ms
> Total time up to subregion 0000000007: 3m5s = 185.95073795318604 s
==> Subregion 0000000008 / 0000000016: 
==> [[ 0.  0.  0. -1.], [2. 2. 1. 0.]]
==> Lipschitz constant of the zero order test function: 14.658024
> Iteration 00 | Bound: [-22.705927, 0.470445] | l2 radius: 1.58E+00 | Size: 1.00E+00 | Time: 1ms
> Iteration 01 | Bound: [-19.077318, 0.313425] | l2 radius: 1.32E+00 | Size: 2.00E+00 | Time: 2ms
> Iteration 02 | Bound: [-14.450977, 0.207047] | l2 radius: 1.00E+00 | Size: 4.00E+00 | Time: 4ms
> Iteration 03 | Bound: [-13.020896, 0.191669] | l2 radius: 9.01E-01 | Size: 8.00E+00 | Time: 6ms
> Iteration 04 | Bound: [-11.441689, 0.146496] | l2 radius: 7.91E-01 | Size: 1.60E+01 | Time: 9ms
> Iteration 05 | Bound: [-9.557104, 0.138267] | l2 radius: 6.61E-01 | Size: 3.20E+01 | Time: 11ms
> Iteration 06 | Bound: [-7.220011, 0.109001] | l2 radius: 5.00E-01 | Size: 6.40E+01 | Time: 13ms
> Iteration 07 | Bound: [-6.507334, 0.098949] | l2 radius: 4.51E-01 | Size: 1.28E+02 | Time: 16ms
> Iteration 08 | Bound: [-5.716054, 0.078038] | l2 radius: 3.95E-01 | Size: 2.56E+02 | Time: 20ms
> Iteration 09 | Bound: [-4.776845, 0.070840] | l2 radius: 3.31E-01 | Size: 5.12E+02 | Time: 29ms
> Iteration 10 | Bound: [-3.602701, 0.061805] | l2 radius: 2.50E-01 | Size: 1.02E+03 | Time: 61ms
> Iteration 11 | Bound: [-3.245282, 0.057859] | l2 radius: 2.25E-01 | Size: 2.04E+03 | Time: 89ms
> Iteration 12 | Bound: [-2.839453, 0.057594] | l2 radius: 1.98E-01 | Size: 4.06E+03 | Time: 139ms
> Iteration 13 | Bound: [-2.355565, 0.068278] | l2 radius: 1.65E-01 | Size: 8.02E+03 | Time: 256ms
> Iteration 14 | Bound: [-1.752136, 0.080117] | l2 radius: 1.25E-01 | Size: 1.57E+04 | Time: 470ms
> Iteration 15 | Bound: [-1.566860, 0.084711] | l2 radius: 1.13E-01 | Size: 3.11E+04 | Time: 909ms
> Iteration 16 | Bound: [-1.349802, 0.088853] | l2 radius: 9.88E-02 | Size: 6.15E+04 | Time: 1s751ms
> Iteration 17 | Bound: [-0.915526, 0.086324] | l2 radius: 8.27E-02 | Size: 1.22E+05 | Time: 3s421ms
> Iteration 18 | Bound: [-0.492234, 0.095555] | l2 radius: 6.25E-02 | Size: 2.42E+05 | Time: 6s779ms
> Iteration 19 | Bound: [-0.387226, 0.095705] | l2 radius: 5.63E-02 | Size: 4.47E+05 | Time: 12s952ms
> Iteration 20 | Bound: [-0.276658, 0.097323] | l2 radius: 4.94E-02 | Size: 6.99E+05 | Time: 22s557ms
> Iteration 21 | Bound: [-0.159263, 0.096637] | l2 radius: 4.13E-02 | Size: 5.82E+05 | Time: 30s529ms
> Iteration 22 | Bound: [-0.057202, 0.097058] | l2 radius: 3.12E-02 | Size: 2.39E+05 | Time: 33s877ms
> Iteration 23 | Bound: [-0.027823, 0.096792] | l2 radius: 2.82E-02 | Size: 2.33E+04 | Time: 34s211ms
> Iteration 24 | Bound: [-0.001775, 0.098322] | l2 radius: 2.47E-02 | Size: 4.41E+03 | Time: 34s289ms
> Iteration 25 | Bound: [0.033300, 0.099289] | l2 radius: 2.07E-02 | Size: 2.00E+00 | Time: 34s291ms
> No region to refine. Done!
> Time for subregion 0000000008: 34s291ms
> Total time up to subregion 0000000008: 3m40s = 220.24236059188843 s
==> Subregion 0000000009 / 0000000016: 
==> [[-2. -2. -1.  0.], [0. 0. 0. 1.]]
==> Lipschitz constant of the zero order test function: 14.658024
> Iteration 00 | Bound: [-22.576616, 0.599754] | l2 radius: 1.58E+00 | Size: 1.00E+00 | Time: 1ms
> Iteration 01 | Bound: [-19.131603, 0.259140] | l2 radius: 1.32E+00 | Size: 2.00E+00 | Time: 2ms
> Iteration 02 | Bound: [-14.454105, 0.203918] | l2 radius: 1.00E+00 | Size: 4.00E+00 | Time: 4ms
> Iteration 03 | Bound: [-13.127962, 0.084603] | l2 radius: 9.01E-01 | Size: 8.00E+00 | Time: 6ms
> Iteration 04 | Bound: [-11.509336, 0.078850] | l2 radius: 7.91E-01 | Size: 1.60E+01 | Time: 8ms
> Iteration 05 | Bound: [-9.666386, 0.028986] | l2 radius: 6.61E-01 | Size: 3.20E+01 | Time: 10ms
> Iteration 06 | Bound: [-7.315341, 0.013671] | l2 radius: 5.00E-01 | Size: 6.40E+01 | Time: 12ms
> Iteration 07 | Bound: [-6.601631, 0.004651] | l2 radius: 4.51E-01 | Size: 1.28E+02 | Time: 15ms
> Iteration 08 | Bound: [-5.789317, 0.004776] | l2 radius: 3.95E-01 | Size: 2.52E+02 | Time: 19ms
> Iteration 09 | Bound: [-4.841330, 0.006356] | l2 radius: 3.31E-01 | Size: 4.61E+02 | Time: 26ms
> Iteration 10 | Bound: [-3.608024, 0.056482] | l2 radius: 2.50E-01 | Size: 7.47E+02 | Time: 38ms
> Iteration 11 | Bound: [-3.146849, 0.156292] | l2 radius: 2.25E-01 | Size: 1.39E+03 | Time: 58ms
> Iteration 12 | Bound: [-2.724071, 0.172975] | l2 radius: 1.98E-01 | Size: 2.57E+03 | Time: 91ms
> Iteration 13 | Bound: [-2.257579, 0.166264] | l2 radius: 1.65E-01 | Size: 4.75E+03 | Time: 152ms
> Iteration 14 | Bound: [-1.650740, 0.181513] | l2 radius: 1.25E-01 | Size: 8.59E+03 | Time: 280ms
> Iteration 15 | Bound: [-1.463380, 0.188191] | l2 radius: 1.13E-01 | Size: 1.64E+04 | Time: 528ms
> Iteration 16 | Bound: [-1.243843, 0.193029] | l2 radius: 9.88E-02 | Size: 3.19E+04 | Time: 962ms
> Iteration 17 | Bound: [-0.844600, 0.183140] | l2 radius: 8.27E-02 | Size: 6.21E+04 | Time: 1s856ms
> Iteration 18 | Bound: [-0.416777, 0.188638] | l2 radius: 6.25E-02 | Size: 1.04E+05 | Time: 3s313ms
> Iteration 19 | Bound: [-0.301681, 0.189846] | l2 radius: 5.63E-02 | Size: 6.00E+04 | Time: 4s145ms
> Iteration 20 | Bound: [-0.196894, 0.190331] | l2 radius: 4.94E-02 | Size: 5.70E+04 | Time: 4s934ms
> Iteration 21 | Bound: [-0.079295, 0.184616] | l2 radius: 4.13E-02 | Size: 3.23E+04 | Time: 5s392ms
> Iteration 22 | Bound: [0.028034, 0.186279] | l2 radius: 3.12E-02 | Size: 6.50E+03 | Time: 5s475ms
> No region to refine. Done!
> Time for subregion 0000000009: 5s475ms
> Total time up to subregion 0000000009: 3m45s = 225.71765065193176 s
==> Subregion 0000000010 / 0000000016: 
==> [[ 0. -2. -1.  0.], [2. 0. 0. 1.]]
==> Lipschitz constant of the zero order test function: 14.658024
> Iteration 00 | Bound: [-23.021307, 0.155064] | l2 radius: 1.58E+00 | Size: 1.00E+00 | Time: 1ms
> Iteration 01 | Bound: [-19.339060, 0.051683] | l2 radius: 1.32E+00 | Size: 2.00E+00 | Time: 3ms
> Iteration 02 | Bound: [-14.605540, 0.052483] | l2 radius: 1.00E+00 | Size: 4.00E+00 | Time: 5ms
> Iteration 03 | Bound: [-13.177552, 0.035013] | l2 radius: 9.01E-01 | Size: 8.00E+00 | Time: 7ms
> Iteration 04 | Bound: [-11.556596, 0.031589] | l2 radius: 7.91E-01 | Size: 1.60E+01 | Time: 9ms
> Iteration 05 | Bound: [-9.683520, 0.011851] | l2 radius: 6.61E-01 | Size: 3.20E+01 | Time: 11ms
> Iteration 06 | Bound: [-7.315329, 0.013683] | l2 radius: 5.00E-01 | Size: 6.40E+01 | Time: 13ms
> Iteration 07 | Bound: [-6.601902, 0.004381] | l2 radius: 4.51E-01 | Size: 1.28E+02 | Time: 16ms
> Iteration 08 | Bound: [-5.789339, 0.004754] | l2 radius: 3.95E-01 | Size: 2.55E+02 | Time: 20ms
> Iteration 09 | Bound: [-4.843143, 0.004543] | l2 radius: 3.31E-01 | Size: 4.91E+02 | Time: 27ms
> Iteration 10 | Bound: [-3.657482, 0.007024] | l2 radius: 2.50E-01 | Size: 8.48E+02 | Time: 40ms
> Iteration 11 | Bound: [-3.286638, 0.016503] | l2 radius: 2.25E-01 | Size: 1.57E+03 | Time: 80ms
> Iteration 12 | Bound: [-2.867337, 0.029709] | l2 radius: 1.98E-01 | Size: 2.90E+03 | Time: 118ms
> Iteration 13 | Bound: [-2.375827, 0.048016] | l2 radius: 1.65E-01 | Size: 5.20E+03 | Time: 186ms
> Iteration 14 | Bound: [-1.765556, 0.066697] | l2 radius: 1.25E-01 | Size: 9.48E+03 | Time: 327ms
> Iteration 15 | Bound: [-1.586376, 0.065194] | l2 radius: 1.13E-01 | Size: 1.81E+04 | Time: 591ms
> Iteration 16 | Bound: [-1.355734, 0.074412] | l2 radius: 9.88E-02 | Size: 3.52E+04 | Time: 1s78ms
> Iteration 17 | Bound: [-0.929021, 0.076817] | l2 radius: 8.27E-02 | Size: 6.70E+04 | Time: 2s13ms
> Iteration 18 | Bound: [-0.498797, 0.078248] | l2 radius: 6.25E-02 | Size: 1.30E+05 | Time: 3s822ms
> Iteration 19 | Bound: [-0.385535, 0.083618] | l2 radius: 5.63E-02 | Size: 2.55E+05 | Time: 7s337ms
> Iteration 20 | Bound: [-0.275904, 0.086082] | l2 radius: 4.94E-02 | Size: 5.05E+05 | Time: 14s236ms
> Iteration 21 | Bound: [-0.169993, 0.085962] | l2 radius: 4.13E-02 | Size: 9.14E+05 | Time: 26s875ms
> Iteration 22 | Bound: [-0.061549, 0.085839] | l2 radius: 3.12E-02 | Size: 7.59E+05 | Time: 37s290ms
> Iteration 23 | Bound: [-0.031118, 0.087443] | l2 radius: 2.82E-02 | Size: 1.04E+05 | Time: 38s789ms
> Iteration 24 | Bound: [-0.002459, 0.087558] | l2 radius: 2.47E-02 | Size: 2.83E+04 | Time: 39s178ms
> Iteration 25 | Bound: [0.024460, 0.087905] | l2 radius: 2.07E-02 | Size: 1.00E+01 | Time: 39s180ms
> No region to refine. Done!
> Time for subregion 0000000010: 39s180ms
> Total time up to subregion 0000000010: 4m24s = 264.8985936641693 s
==> Subregion 0000000011 / 0000000016: 
==> [[-2.  0. -1.  0.], [0. 2. 0. 1.]]
==> Lipschitz constant of the zero order test function: 14.658024
> Iteration 00 | Bound: [-22.651304, 0.525066] | l2 radius: 1.58E+00 | Size: 1.00E+00 | Time: 4ms
> Iteration 01 | Bound: [-18.988083, 0.402660] | l2 radius: 1.32E+00 | Size: 2.00E+00 | Time: 6ms
> Iteration 02 | Bound: [-14.271297, 0.386727] | l2 radius: 1.00E+00 | Size: 4.00E+00 | Time: 8ms
> Iteration 03 | Bound: [-12.933178, 0.279386] | l2 radius: 9.01E-01 | Size: 8.00E+00 | Time: 10ms
> Iteration 04 | Bound: [-11.358989, 0.229196] | l2 radius: 7.91E-01 | Size: 1.60E+01 | Time: 12ms
> Iteration 05 | Bound: [-9.482395, 0.212977] | l2 radius: 6.61E-01 | Size: 3.20E+01 | Time: 14ms
> Iteration 06 | Bound: [-7.174971, 0.154041] | l2 radius: 5.00E-01 | Size: 6.40E+01 | Time: 16ms
> Iteration 07 | Bound: [-6.490974, 0.115308] | l2 radius: 4.51E-01 | Size: 1.28E+02 | Time: 19ms
> Iteration 08 | Bound: [-5.706413, 0.087680] | l2 radius: 3.95E-01 | Size: 2.56E+02 | Time: 23ms
> Iteration 09 | Bound: [-4.766402, 0.081284] | l2 radius: 3.31E-01 | Size: 5.12E+02 | Time: 31ms
> Iteration 10 | Bound: [-3.601843, 0.062663] | l2 radius: 2.50E-01 | Size: 1.02E+03 | Time: 45ms
> Iteration 11 | Bound: [-3.243994, 0.059147] | l2 radius: 2.25E-01 | Size: 2.05E+03 | Time: 93ms
> Iteration 12 | Bound: [-2.824604, 0.072443] | l2 radius: 1.98E-01 | Size: 4.06E+03 | Time: 144ms
> Iteration 13 | Bound: [-2.326358, 0.097485] | l2 radius: 1.65E-01 | Size: 8.00E+03 | Time: 262ms
> Iteration 14 | Bound: [-1.732650, 0.099603] | l2 radius: 1.25E-01 | Size: 1.57E+04 | Time: 476ms
> Iteration 15 | Bound: [-1.521311, 0.130260] | l2 radius: 1.13E-01 | Size: 3.12E+04 | Time: 918ms
> Iteration 16 | Bound: [-1.296126, 0.121305] | l2 radius: 9.88E-02 | Size: 6.17E+04 | Time: 1s764ms
> Iteration 17 | Bound: [-0.876678, 0.136383] | l2 radius: 8.27E-02 | Size: 1.23E+05 | Time: 3s442ms
> Iteration 18 | Bound: [-0.436162, 0.136722] | l2 radius: 6.25E-02 | Size: 2.43E+05 | Time: 6s774ms
> Iteration 19 | Bound: [-0.332308, 0.136372] | l2 radius: 5.63E-02 | Size: 2.87E+05 | Time: 10s684ms
> Iteration 20 | Bound: [-0.221115, 0.139677] | l2 radius: 4.94E-02 | Size: 2.58E+05 | Time: 14s234ms
> Iteration 21 | Bound: [-0.112909, 0.139677] | l2 radius: 4.13E-02 | Size: 1.10E+05 | Time: 15s741ms
> Iteration 22 | Bound: [-0.008673, 0.139671] | l2 radius: 3.12E-02 | Size: 2.62E+04 | Time: 16s124ms
> Iteration 23 | Bound: [0.018960, 0.139546] | l2 radius: 2.82E-02 | Size: 2.70E+01 | Time: 16s127ms
> No region to refine. Done!
> Time for subregion 0000000011: 16s127ms
> Total time up to subregion 0000000011: 4m41s = 281.0260763168335 s
==> Subregion 0000000012 / 0000000016: 
==> [[ 0.  0. -1.  0.], [2. 2. 0. 1.]]
==> Lipschitz constant of the zero order test function: 14.658024
> Iteration 00 | Bound: [-22.661547, 0.514824] | l2 radius: 1.58E+00 | Size: 1.00E+00 | Time: 1ms
> Iteration 01 | Bound: [-18.977722, 0.413022] | l2 radius: 1.32E+00 | Size: 2.00E+00 | Time: 2ms
> Iteration 02 | Bound: [-14.330327, 0.327697] | l2 radius: 1.00E+00 | Size: 4.00E+00 | Time: 4ms
> Iteration 03 | Bound: [-12.930972, 0.281592] | l2 radius: 9.01E-01 | Size: 8.00E+00 | Time: 6ms
> Iteration 04 | Bound: [-11.396598, 0.191588] | l2 radius: 7.91E-01 | Size: 1.60E+01 | Time: 8ms
> Iteration 05 | Bound: [-9.515127, 0.180244] | l2 radius: 6.61E-01 | Size: 3.20E+01 | Time: 10ms
> Iteration 06 | Bound: [-7.228116, 0.100896] | l2 radius: 5.00E-01 | Size: 6.40E+01 | Time: 12ms
> Iteration 07 | Bound: [-6.507174, 0.099108] | l2 radius: 4.51E-01 | Size: 1.28E+02 | Time: 15ms
> Iteration 08 | Bound: [-5.722623, 0.071469] | l2 radius: 3.95E-01 | Size: 2.56E+02 | Time: 19ms
> Iteration 09 | Bound: [-4.785974, 0.061712] | l2 radius: 3.31E-01 | Size: 5.12E+02 | Time: 27ms
> Iteration 10 | Bound: [-3.607022, 0.057484] | l2 radius: 2.50E-01 | Size: 1.02E+03 | Time: 41ms
> Iteration 11 | Bound: [-3.246634, 0.056508] | l2 radius: 2.25E-01 | Size: 2.05E+03 | Time: 68ms
> Iteration 12 | Bound: [-2.852229, 0.044817] | l2 radius: 1.98E-01 | Size: 4.07E+03 | Time: 118ms
> Iteration 13 | Bound: [-2.366689, 0.057154] | l2 radius: 1.65E-01 | Size: 8.04E+03 | Time: 239ms
> Iteration 14 | Bound: [-1.761296, 0.070957] | l2 radius: 1.25E-01 | Size: 1.58E+04 | Time: 452ms
> Iteration 15 | Bound: [-1.583932, 0.067638] | l2 radius: 1.13E-01 | Size: 3.14E+04 | Time: 892ms
> Iteration 16 | Bound: [-1.353982, 0.080726] | l2 radius: 9.88E-02 | Size: 6.21E+04 | Time: 1s735ms
> Iteration 17 | Bound: [-0.935234, 0.079891] | l2 radius: 8.27E-02 | Size: 1.23E+05 | Time: 3s449ms
> Iteration 18 | Bound: [-0.495529, 0.088803] | l2 radius: 6.25E-02 | Size: 2.45E+05 | Time: 6s806ms
> Iteration 19 | Bound: [-0.391505, 0.086455] | l2 radius: 5.63E-02 | Size: 3.43E+05 | Time: 11s496ms
> Iteration 20 | Bound: [-0.277446, 0.088782] | l2 radius: 4.94E-02 | Size: 4.45E+05 | Time: 17s553ms
> Iteration 21 | Bound: [-0.169430, 0.088551] | l2 radius: 4.13E-02 | Size: 3.46E+05 | Time: 22s289ms
> Iteration 22 | Bound: [-0.060947, 0.089383] | l2 radius: 3.12E-02 | Size: 1.86E+05 | Time: 24s845ms
> Iteration 23 | Bound: [-0.031842, 0.090663] | l2 radius: 2.82E-02 | Size: 2.59E+04 | Time: 25s204ms
> Iteration 24 | Bound: [-0.002389, 0.091634] | l2 radius: 2.47E-02 | Size: 9.16E+03 | Time: 25s339ms
> Iteration 25 | Bound: [0.026218, 0.098561] | l2 radius: 2.07E-02 | Size: 7.00E+00 | Time: 25s342ms
> No region to refine. Done!
> Time for subregion 0000000012: 25s342ms
> Total time up to subregion 0000000012: 5m6s = 306.36900663375854 s
==> Subregion 0000000013 / 0000000016: 
==> [[-2. -2.  0.  0.], [0. 0. 1. 1.]]
==> Lipschitz constant of the zero order test function: 14.658024
> Iteration 00 | Bound: [-23.112015, 0.064356] | l2 radius: 1.58E+00 | Size: 1.00E+00 | Time: 1ms
> Iteration 01 | Bound: [-19.331642, 0.059102] | l2 radius: 1.32E+00 | Size: 2.00E+00 | Time: 2ms
> Iteration 02 | Bound: [-14.602572, 0.055452] | l2 radius: 1.00E+00 | Size: 4.00E+00 | Time: 4ms
> Iteration 03 | Bound: [-13.154675, 0.057890] | l2 radius: 9.01E-01 | Size: 8.00E+00 | Time: 6ms
> Iteration 04 | Bound: [-11.532102, 0.056084] | l2 radius: 7.91E-01 | Size: 1.60E+01 | Time: 8ms
> Iteration 05 | Bound: [-9.661583, 0.033789] | l2 radius: 6.61E-01 | Size: 3.20E+01 | Time: 10ms
> Iteration 06 | Bound: [-7.294189, 0.034822] | l2 radius: 5.00E-01 | Size: 6.40E+01 | Time: 12ms
> Iteration 07 | Bound: [-6.576485, 0.029797] | l2 radius: 4.51E-01 | Size: 1.28E+02 | Time: 15ms
> Iteration 08 | Bound: [-5.763404, 0.030689] | l2 radius: 3.95E-01 | Size: 2.56E+02 | Time: 19ms
> Iteration 09 | Bound: [-4.828352, 0.019333] | l2 radius: 3.31E-01 | Size: 5.07E+02 | Time: 27ms
> Iteration 10 | Bound: [-3.624282, 0.040224] | l2 radius: 2.50E-01 | Size: 8.54E+02 | Time: 40ms
> Iteration 11 | Bound: [-3.255573, 0.047568] | l2 radius: 2.25E-01 | Size: 1.53E+03 | Time: 79ms
> Iteration 12 | Bound: [-2.847642, 0.049404] | l2 radius: 1.98E-01 | Size: 2.72E+03 | Time: 114ms
> Iteration 13 | Bound: [-2.378348, 0.045495] | l2 radius: 1.65E-01 | Size: 4.86E+03 | Time: 178ms
> Iteration 14 | Bound: [-1.788359, 0.043894] | l2 radius: 1.25E-01 | Size: 8.69E+03 | Time: 307ms
> Iteration 15 | Bound: [-1.606209, 0.045362] | l2 radius: 1.13E-01 | Size: 1.65E+04 | Time: 531ms
> Iteration 16 | Bound: [-1.350388, 0.045062] | l2 radius: 9.88E-02 | Size: 3.20E+04 | Time: 975ms
> Iteration 17 | Bound: [-0.932651, 0.045162] | l2 radius: 8.27E-02 | Size: 6.16E+04 | Time: 1s839ms
> Iteration 18 | Bound: [-0.515508, 0.044170] | l2 radius: 6.25E-02 | Size: 1.19E+05 | Time: 3s472ms
> Iteration 19 | Bound: [-0.410058, 0.044798] | l2 radius: 5.63E-02 | Size: 2.32E+05 | Time: 6s648ms
> Iteration 20 | Bound: [-0.305854, 0.044785] | l2 radius: 4.94E-02 | Size: 4.57E+05 | Time: 12s868ms
> Iteration 21 | Bound: [-0.201831, 0.043941] | l2 radius: 4.13E-02 | Size: 8.67E+05 | Time: 24s784ms
> Iteration 22 | Bound: [-0.097663, 0.043481] | l2 radius: 3.12E-02 | Size: 1.53E+06 | Time: 45s621ms
> Iteration 23 | Bound: [-0.070776, 0.044129] | l2 radius: 2.82E-02 | Size: 2.02E+06 | Time: 1m13s
> Iteration 24 | Bound: [-0.044541, 0.044248] | l2 radius: 2.47E-02 | Size: 2.69E+06 | Time: 1m49s
> Iteration 25 | Bound: [-0.018010, 0.044144] | l2 radius: 2.07E-02 | Size: 2.29E+06 | Time: 2m21s
> Iteration 26 | Bound: [0.008037, 0.043877] | l2 radius: 1.56E-02 | Size: 1.00E+05 | Time: 2m22s
> No region to refine. Done!
> Time for subregion 0000000013: 2m22s
> Total time up to subregion 0000000013: 7m29s = 449.0166344642639 s
==> Subregion 0000000014 / 0000000016: 
==> [[ 0. -2.  0.  0.], [2. 0. 1. 1.]]
==> Lipschitz constant of the zero order test function: 14.658024
> Iteration 00 | Bound: [-22.801571, 0.374800] | l2 radius: 1.58E+00 | Size: 1.00E+00 | Time: 1ms
> Iteration 01 | Bound: [-19.222898, 0.167845] | l2 radius: 1.32E+00 | Size: 2.00E+00 | Time: 3ms
> Iteration 02 | Bound: [-14.500090, 0.157935] | l2 radius: 1.00E+00 | Size: 4.00E+00 | Time: 5ms
> Iteration 03 | Bound: [-13.141444, 0.071120] | l2 radius: 9.01E-01 | Size: 8.00E+00 | Time: 6ms
> Iteration 04 | Bound: [-11.515831, 0.072355] | l2 radius: 7.91E-01 | Size: 1.60E+01 | Time: 8ms
> Iteration 05 | Bound: [-9.654711, 0.040661] | l2 radius: 6.61E-01 | Size: 3.20E+01 | Time: 10ms
> Iteration 06 | Bound: [-7.294412, 0.034600] | l2 radius: 5.00E-01 | Size: 6.40E+01 | Time: 12ms
> Iteration 07 | Bound: [-6.576790, 0.029492] | l2 radius: 4.51E-01 | Size: 1.28E+02 | Time: 15ms
> Iteration 08 | Bound: [-5.764721, 0.029371] | l2 radius: 3.95E-01 | Size: 2.56E+02 | Time: 19ms
> Iteration 09 | Bound: [-4.830849, 0.016837] | l2 radius: 3.31E-01 | Size: 5.12E+02 | Time: 27ms
> Iteration 10 | Bound: [-3.647990, 0.016516] | l2 radius: 2.50E-01 | Size: 1.00E+03 | Time: 41ms
> Iteration 11 | Bound: [-3.278478, 0.024663] | l2 radius: 2.25E-01 | Size: 1.80E+03 | Time: 65ms
> Iteration 12 | Bound: [-2.860475, 0.036571] | l2 radius: 1.98E-01 | Size: 3.28E+03 | Time: 108ms
> Iteration 13 | Bound: [-2.373585, 0.050258] | l2 radius: 1.65E-01 | Size: 6.06E+03 | Time: 205ms
> Iteration 14 | Bound: [-1.772996, 0.059257] | l2 radius: 1.25E-01 | Size: 1.12E+04 | Time: 363ms
> Iteration 15 | Bound: [-1.585899, 0.065672] | l2 radius: 1.13E-01 | Size: 2.16E+04 | Time: 667ms
> Iteration 16 | Bound: [-1.366009, 0.067073] | l2 radius: 9.88E-02 | Size: 4.23E+04 | Time: 1s236ms
> Iteration 17 | Bound: [-0.926692, 0.076726] | l2 radius: 8.27E-02 | Size: 8.25E+04 | Time: 2s374ms
> Iteration 18 | Bound: [-0.508734, 0.076495] | l2 radius: 6.25E-02 | Size: 1.61E+05 | Time: 4s595ms
> Iteration 19 | Bound: [-0.398027, 0.079809] | l2 radius: 5.63E-02 | Size: 2.75E+05 | Time: 8s375ms
> Iteration 20 | Bound: [-0.287291, 0.080252] | l2 radius: 4.94E-02 | Size: 4.07E+05 | Time: 13s928ms
> Iteration 21 | Bound: [-0.177032, 0.082360] | l2 radius: 4.13E-02 | Size: 5.65E+05 | Time: 21s641ms
> Iteration 22 | Bound: [-0.071593, 0.085561] | l2 radius: 3.12E-02 | Size: 5.03E+05 | Time: 28s544ms
> Iteration 23 | Bound: [-0.045555, 0.084218] | l2 radius: 2.82E-02 | Size: 1.68E+05 | Time: 30s907ms
> Iteration 24 | Bound: [-0.016108, 0.084465] | l2 radius: 2.47E-02 | Size: 8.39E+04 | Time: 32s71ms
> Iteration 25 | Bound: [0.016705, 0.084913] | l2 radius: 2.07E-02 | Size: 1.76E+03 | Time: 32s113ms
> No region to refine. Done!
> Time for subregion 0000000014: 32s113ms
> Total time up to subregion 0000000014: 8m1s = 481.1299169063568 s
==> Subregion 0000000015 / 0000000016: 
==> [[-2.  0.  0.  0.], [0. 2. 1. 1.]]
==> Lipschitz constant of the zero order test function: 14.658024
> Iteration 00 | Bound: [-22.902649, 0.273722] | l2 radius: 1.58E+00 | Size: 1.00E+00 | Time: 1ms
> Iteration 01 | Bound: [-19.125410, 0.265334] | l2 radius: 1.32E+00 | Size: 2.00E+00 | Time: 3ms
> Iteration 02 | Bound: [-14.464275, 0.193748] | l2 radius: 1.00E+00 | Size: 4.00E+00 | Time: 5ms
> Iteration 03 | Bound: [-13.033359, 0.179206] | l2 radius: 9.01E-01 | Size: 8.00E+00 | Time: 7ms
> Iteration 04 | Bound: [-11.456260, 0.131926] | l2 radius: 7.91E-01 | Size: 1.60E+01 | Time: 8ms
> Iteration 05 | Bound: [-9.562856, 0.132516] | l2 radius: 6.61E-01 | Size: 3.20E+01 | Time: 10ms
> Iteration 06 | Bound: [-7.238591, 0.090421] | l2 radius: 5.00E-01 | Size: 6.40E+01 | Time: 13ms
> Iteration 07 | Bound: [-6.518969, 0.087313] | l2 radius: 4.51E-01 | Size: 1.28E+02 | Time: 15ms
> Iteration 08 | Bound: [-5.728106, 0.065986] | l2 radius: 3.95E-01 | Size: 2.56E+02 | Time: 19ms
> Iteration 09 | Bound: [-4.776801, 0.070885] | l2 radius: 3.31E-01 | Size: 5.12E+02 | Time: 27ms
> Iteration 10 | Bound: [-3.610440, 0.054066] | l2 radius: 2.50E-01 | Size: 1.02E+03 | Time: 41ms
> Iteration 11 | Bound: [-3.249866, 0.053275] | l2 radius: 2.25E-01 | Size: 2.05E+03 | Time: 68ms
> Iteration 12 | Bound: [-2.834318, 0.062728] | l2 radius: 1.98E-01 | Size: 4.06E+03 | Time: 117ms
> Iteration 13 | Bound: [-2.364268, 0.059575] | l2 radius: 1.65E-01 | Size: 7.99E+03 | Time: 233ms
> Iteration 14 | Bound: [-1.764908, 0.067345] | l2 radius: 1.25E-01 | Size: 1.57E+04 | Time: 447ms
> Iteration 15 | Bound: [-1.586222, 0.065348] | l2 radius: 1.13E-01 | Size: 3.11E+04 | Time: 886ms
> Iteration 16 | Bound: [-1.338874, 0.071881] | l2 radius: 9.88E-02 | Size: 6.14E+04 | Time: 1s728ms
> Iteration 17 | Bound: [-0.914702, 0.075785] | l2 radius: 8.27E-02 | Size: 1.22E+05 | Time: 3s408ms
> Iteration 18 | Bound: [-0.489149, 0.076592] | l2 radius: 6.25E-02 | Size: 2.42E+05 | Time: 6s700ms
> Iteration 19 | Bound: [-0.383044, 0.078359] | l2 radius: 5.63E-02 | Size: 4.78E+05 | Time: 13s219ms
> Iteration 20 | Bound: [-0.272002, 0.082046] | l2 radius: 4.94E-02 | Size: 8.33E+05 | Time: 24s599ms
> Iteration 21 | Bound: [-0.168128, 0.081674] | l2 radius: 4.13E-02 | Size: 1.08E+06 | Time: 39s275ms
> Iteration 22 | Bound: [-0.061901, 0.083168] | l2 radius: 3.12E-02 | Size: 8.98E+05 | Time: 51s571ms
> Iteration 23 | Bound: [-0.034269, 0.084006] | l2 radius: 2.82E-02 | Size: 2.85E+05 | Time: 55s465ms
> Iteration 24 | Bound: [-0.005733, 0.085303] | l2 radius: 2.47E-02 | Size: 1.27E+05 | Time: 57s235ms
> Iteration 25 | Bound: [0.020925, 0.085185] | l2 radius: 2.07E-02 | Size: 6.15E+02 | Time: 57s247ms
> No region to refine. Done!
> Time for subregion 0000000015: 57s247ms
> Total time up to subregion 0000000015: 8m58s = 538.3771209716797 s
==> Subregion 0000000016 / 0000000016: 
==> [[0. 0. 0. 0.], [2. 2. 1. 1.]]
==> Lipschitz constant of the zero order test function: 14.658024
> Iteration 00 | Bound: [-22.500217, 0.676154] | l2 radius: 1.58E+00 | Size: 1.00E+00 | Time: 1ms
> Iteration 01 | Bound: [-18.815413, 0.575331] | l2 radius: 1.32E+00 | Size: 2.00E+00 | Time: 2ms
> Iteration 02 | Bound: [-14.131437, 0.526586] | l2 radius: 1.00E+00 | Size: 4.00E+00 | Time: 4ms
> Iteration 03 | Bound: [-12.775204, 0.437361] | l2 radius: 9.01E-01 | Size: 8.00E+00 | Time: 6ms
> Iteration 04 | Bound: [-11.247288, 0.340898] | l2 radius: 7.91E-01 | Size: 1.60E+01 | Time: 8ms
> Iteration 05 | Bound: [-9.394433, 0.300938] | l2 radius: 6.61E-01 | Size: 3.20E+01 | Time: 10ms
> Iteration 06 | Bound: [-7.161922, 0.167090] | l2 radius: 5.00E-01 | Size: 6.40E+01 | Time: 12ms
> Iteration 07 | Bound: [-6.476582, 0.129700] | l2 radius: 4.51E-01 | Size: 1.28E+02 | Time: 15ms
> Iteration 08 | Bound: [-5.696311, 0.097781] | l2 radius: 3.95E-01 | Size: 2.56E+02 | Time: 19ms
> Iteration 09 | Bound: [-4.765353, 0.082332] | l2 radius: 3.31E-01 | Size: 5.12E+02 | Time: 27ms
> Iteration 10 | Bound: [-3.608237, 0.056269] | l2 radius: 2.50E-01 | Size: 1.02E+03 | Time: 42ms
> Iteration 11 | Bound: [-3.248799, 0.054342] | l2 radius: 2.25E-01 | Size: 2.05E+03 | Time: 86ms
> Iteration 12 | Bound: [-2.852106, 0.044940] | l2 radius: 1.98E-01 | Size: 4.08E+03 | Time: 138ms
> Iteration 13 | Bound: [-2.366458, 0.057385] | l2 radius: 1.65E-01 | Size: 8.09E+03 | Time: 254ms
> Iteration 14 | Bound: [-1.761711, 0.070542] | l2 radius: 1.25E-01 | Size: 1.60E+04 | Time: 468ms
> Iteration 15 | Bound: [-1.584682, 0.066889] | l2 radius: 1.13E-01 | Size: 3.17E+04 | Time: 910ms
> Iteration 16 | Bound: [-1.359555, 0.078585] | l2 radius: 9.88E-02 | Size: 6.29E+04 | Time: 1s762ms
> Iteration 17 | Bound: [-0.937976, 0.078812] | l2 radius: 8.27E-02 | Size: 1.25E+05 | Time: 3s478ms
> Iteration 18 | Bound: [-0.518286, 0.079341] | l2 radius: 6.25E-02 | Size: 2.49E+05 | Time: 6s873ms
> Iteration 19 | Bound: [-0.407465, 0.085050] | l2 radius: 5.63E-02 | Size: 2.91E+05 | Time: 10s872ms
> Iteration 20 | Bound: [-0.300297, 0.087265] | l2 radius: 4.94E-02 | Size: 3.34E+05 | Time: 15s456ms
> Iteration 21 | Bound: [-0.187115, 0.087003] | l2 radius: 4.13E-02 | Size: 2.86E+05 | Time: 19s411ms
> Iteration 22 | Bound: [-0.075172, 0.087237] | l2 radius: 3.12E-02 | Size: 1.13E+05 | Time: 20s972ms
> Iteration 23 | Bound: [-0.039200, 0.088782] | l2 radius: 2.82E-02 | Size: 1.74E+04 | Time: 21s211ms
> Iteration 24 | Bound: [-0.014854, 0.089193] | l2 radius: 2.47E-02 | Size: 7.87E+03 | Time: 21s327ms
> Iteration 25 | Bound: [0.014107, 0.090034] | l2 radius: 2.07E-02 | Size: 3.15E+02 | Time: 21s333ms
> No region to refine. Done!
> Time for subregion 0000000016: 21s333ms
> Total time up to subregion 0000000016: 9m19s = 559.7104012966156 s
> Total time excluding drawing: 9m19s = 559.7104012966156 s
> Success: True
==> Done!
