==> Creating result directory ...
==> Loading test settings ...
==> Deciding torch device ...
==> torch device:  cuda
==> Building dynamical system ...
==> Building cbf neural network ...
==> Lipschitz constant of CBF network: 4.000000
==> Hessian bound of CBF network: 17.420848
==> Third order elementwise bound of CBF network: 128.000000
==> Number of subregions: 16
==> Subregion 0000000001 / 0000000016: 
==> [[-2. -2. -1. -1.], [0. 0. 0. 0.]]
==> Lipschitz constant of the zero order test function: 41.088065
> Iteration 00 | Bound: [-64.144020, 0.821913] | l2 radius: 1.58E+00 | Size: 1.00E+00 | Time: 63ms
> Iteration 01 | Bound: [-54.063911, 0.290489] | l2 radius: 1.32E+00 | Size: 2.00E+00 | Time: 64ms
> Iteration 02 | Bound: [-40.825535, 0.262533] | l2 radius: 1.00E+00 | Size: 4.00E+00 | Time: 66ms
> Iteration 03 | Bound: [-36.915588, 0.120692] | l2 radius: 9.01E-01 | Size: 8.00E+00 | Time: 68ms
> Iteration 04 | Bound: [-32.378689, 0.104279] | l2 radius: 7.91E-01 | Size: 1.60E+01 | Time: 70ms
> Iteration 05 | Bound: [-27.027475, 0.149726] | l2 radius: 6.61E-01 | Size: 3.20E+01 | Time: 72ms
> Iteration 06 | Bound: [-20.433439, 0.110593] | l2 radius: 5.00E-01 | Size: 6.40E+01 | Time: 75ms
> Iteration 07 | Bound: [-18.415169, 0.102972] | l2 radius: 4.51E-01 | Size: 1.28E+02 | Time: 78ms
> Iteration 08 | Bound: [-16.140537, 0.100947] | l2 radius: 3.95E-01 | Size: 2.48E+02 | Time: 81ms
> Iteration 09 | Bound: [-13.479730, 0.108870] | l2 radius: 3.31E-01 | Size: 4.00E+02 | Time: 86ms
> Iteration 10 | Bound: [-10.019077, 0.252940] | l2 radius: 2.50E-01 | Size: 5.26E+02 | Time: 94ms
> Iteration 11 | Bound: [-8.973106, 0.285964] | l2 radius: 2.25E-01 | Size: 8.98E+02 | Time: 125ms
> Iteration 12 | Bound: [-7.791443, 0.329299] | l2 radius: 1.98E-01 | Size: 1.57E+03 | Time: 135ms
> Iteration 13 | Bound: [-6.488884, 0.305415] | l2 radius: 1.65E-01 | Size: 2.71E+03 | Time: 152ms
> Iteration 14 | Bound: [-4.264476, 0.339309] | l2 radius: 1.25E-01 | Size: 4.20E+03 | Time: 178ms
> Iteration 15 | Bound: [-3.418222, 0.344128] | l2 radius: 1.13E-01 | Size: 7.42E+03 | Time: 237ms
> Iteration 16 | Bound: [-2.585075, 0.350798] | l2 radius: 9.88E-02 | Size: 1.38E+04 | Time: 336ms
> Iteration 17 | Bound: [-1.727383, 0.331683] | l2 radius: 8.27E-02 | Size: 2.52E+04 | Time: 507ms
> Iteration 18 | Bound: [-0.881747, 0.338319] | l2 radius: 6.25E-02 | Size: 4.25E+04 | Time: 814ms
> Iteration 19 | Bound: [-0.658620, 0.332727] | l2 radius: 5.63E-02 | Size: 2.97E+04 | Time: 1s26ms
> Iteration 20 | Bound: [-0.446769, 0.346005] | l2 radius: 4.94E-02 | Size: 3.66E+04 | Time: 1s269ms
> Iteration 21 | Bound: [-0.223373, 0.326915] | l2 radius: 4.13E-02 | Size: 3.67E+04 | Time: 1s519ms
> Iteration 22 | Bound: [-0.011858, 0.325038] | l2 radius: 3.12E-02 | Size: 1.10E+04 | Time: 1s597ms
> Iteration 23 | Bound: [0.051745, 0.331160] | l2 radius: 2.82E-02 | Size: 2.00E+00 | Time: 1s599ms
> No region to refine. Done!
> Time for subregion 0000000001: 1s599ms
> Total time up to subregion 0000000001: 1s599ms = 1.5996921062469482 s
==> Subregion 0000000002 / 0000000016: 
==> [[ 0. -2. -1. -1.], [2. 0. 0. 0.]]
==> Lipschitz constant of the zero order test function: 41.088065
> Iteration 00 | Bound: [-64.115288, 0.850651] | l2 radius: 1.58E+00 | Size: 1.00E+00 | Time: 0ms
> Iteration 01 | Bound: [-53.948418, 0.405984] | l2 radius: 1.32E+00 | Size: 2.00E+00 | Time: 2ms
> Iteration 02 | Bound: [-40.692936, 0.395131] | l2 radius: 1.00E+00 | Size: 4.00E+00 | Time: 3ms
> Iteration 03 | Bound: [-36.832882, 0.203399] | l2 radius: 9.01E-01 | Size: 8.00E+00 | Time: 5ms
> Iteration 04 | Bound: [-32.285835, 0.197131] | l2 radius: 7.91E-01 | Size: 1.60E+01 | Time: 6ms
> Iteration 05 | Bound: [-27.035805, 0.141396] | l2 radius: 6.61E-01 | Size: 3.20E+01 | Time: 7ms
> Iteration 06 | Bound: [-20.415743, 0.128290] | l2 radius: 5.00E-01 | Size: 6.40E+01 | Time: 9ms
> Iteration 07 | Bound: [-18.418871, 0.099271] | l2 radius: 4.51E-01 | Size: 1.28E+02 | Time: 11ms
> Iteration 08 | Bound: [-16.156633, 0.084851] | l2 radius: 3.95E-01 | Size: 2.56E+02 | Time: 13ms
> Iteration 09 | Bound: [-13.519890, 0.068710] | l2 radius: 3.31E-01 | Size: 4.82E+02 | Time: 17ms
> Iteration 10 | Bound: [-10.122155, 0.149861] | l2 radius: 2.50E-01 | Size: 7.56E+02 | Time: 39ms
> Iteration 11 | Bound: [-9.038259, 0.220812] | l2 radius: 2.25E-01 | Size: 1.37E+03 | Time: 47ms
> Iteration 12 | Bound: [-7.833295, 0.287447] | l2 radius: 1.98E-01 | Size: 2.54E+03 | Time: 62ms
> Iteration 13 | Bound: [-6.497567, 0.296733] | l2 radius: 1.65E-01 | Size: 4.46E+03 | Time: 87ms
> Iteration 14 | Bound: [-4.108327, 0.329681] | l2 radius: 1.25E-01 | Size: 8.03E+03 | Time: 148ms
> Iteration 15 | Bound: [-3.259639, 0.348456] | l2 radius: 1.13E-01 | Size: 1.52E+04 | Time: 247ms
> Iteration 16 | Bound: [-2.412012, 0.380800] | l2 radius: 9.88E-02 | Size: 2.95E+04 | Time: 455ms
> Iteration 17 | Bound: [-1.593204, 0.375997] | l2 radius: 8.27E-02 | Size: 5.55E+04 | Time: 837ms
> Iteration 18 | Bound: [-0.773495, 0.359364] | l2 radius: 6.25E-02 | Size: 1.06E+05 | Time: 1s555ms
> Iteration 19 | Bound: [-0.554768, 0.366784] | l2 radius: 5.63E-02 | Size: 1.05E+05 | Time: 2s262ms
> Iteration 20 | Bound: [-0.336860, 0.379890] | l2 radius: 4.94E-02 | Size: 8.65E+04 | Time: 2s853ms
> Iteration 21 | Bound: [-0.131894, 0.376420] | l2 radius: 4.13E-02 | Size: 2.43E+04 | Time: 3s22ms
> Iteration 22 | Bound: [0.073411, 0.367519] | l2 radius: 3.12E-02 | Size: 1.71E+03 | Time: 3s32ms
> No region to refine. Done!
> Time for subregion 0000000002: 3s32ms
> Total time up to subregion 0000000002: 4s632ms = 4.63239598274231 s
==> Subregion 0000000003 / 0000000016: 
==> [[-2.  0. -1. -1.], [0. 2. 0. 0.]]
==> Lipschitz constant of the zero order test function: 41.088065
> Iteration 00 | Bound: [-63.980278, 0.985659] | l2 radius: 1.58E+00 | Size: 1.00E+00 | Time: 0ms
> Iteration 01 | Bound: [-53.509449, 0.844950] | l2 radius: 1.32E+00 | Size: 2.00E+00 | Time: 2ms
> Iteration 02 | Bound: [-40.443443, 0.644622] | l2 radius: 1.00E+00 | Size: 4.00E+00 | Time: 3ms
> Iteration 03 | Bound: [-36.564735, 0.471545] | l2 radius: 9.01E-01 | Size: 8.00E+00 | Time: 4ms
> Iteration 04 | Bound: [-32.142128, 0.340839] | l2 radius: 7.91E-01 | Size: 1.60E+01 | Time: 6ms
> Iteration 05 | Bound: [-26.911228, 0.265971] | l2 radius: 6.61E-01 | Size: 3.20E+01 | Time: 7ms
> Iteration 06 | Bound: [-20.302176, 0.241858] | l2 radius: 5.00E-01 | Size: 6.40E+01 | Time: 9ms
> Iteration 07 | Bound: [-18.277821, 0.240320] | l2 radius: 4.51E-01 | Size: 1.28E+02 | Time: 11ms
> Iteration 08 | Bound: [-16.035473, 0.206011] | l2 radius: 3.95E-01 | Size: 2.56E+02 | Time: 13ms
> Iteration 09 | Bound: [-13.402171, 0.186429] | l2 radius: 3.31E-01 | Size: 5.12E+02 | Time: 17ms
> Iteration 10 | Bound: [-10.086123, 0.185893] | l2 radius: 2.50E-01 | Size: 9.66E+02 | Time: 23ms
> Iteration 11 | Bound: [-9.011936, 0.247134] | l2 radius: 2.25E-01 | Size: 1.88E+03 | Time: 33ms
> Iteration 12 | Bound: [-7.861821, 0.258921] | l2 radius: 1.98E-01 | Size: 3.58E+03 | Time: 70ms
> Iteration 13 | Bound: [-6.489556, 0.304744] | l2 radius: 1.65E-01 | Size: 6.84E+03 | Time: 106ms
> Iteration 14 | Bound: [-4.184347, 0.352954] | l2 radius: 1.25E-01 | Size: 1.25E+04 | Time: 191ms
> Iteration 15 | Bound: [-3.372563, 0.337354] | l2 radius: 1.13E-01 | Size: 2.43E+04 | Time: 351ms
> Iteration 16 | Bound: [-2.505034, 0.364917] | l2 radius: 9.88E-02 | Size: 4.70E+04 | Time: 691ms
> Iteration 17 | Bound: [-1.660457, 0.342505] | l2 radius: 8.27E-02 | Size: 9.17E+04 | Time: 1s293ms
> Iteration 18 | Bound: [-0.804051, 0.356963] | l2 radius: 6.25E-02 | Size: 1.74E+05 | Time: 2s490ms
> Iteration 19 | Bound: [-0.592939, 0.363465] | l2 radius: 5.63E-02 | Size: 2.54E+05 | Time: 4s175ms
> Iteration 20 | Bound: [-0.384464, 0.365220] | l2 radius: 4.94E-02 | Size: 1.77E+05 | Time: 5s357ms
> Iteration 21 | Bound: [-0.169784, 0.350348] | l2 radius: 4.13E-02 | Size: 8.76E+04 | Time: 5s929ms
> Iteration 22 | Bound: [0.048095, 0.358339] | l2 radius: 3.12E-02 | Size: 1.45E+04 | Time: 6s43ms
> No region to refine. Done!
> Time for subregion 0000000003: 6s43ms
> Total time up to subregion 0000000003: 10s676ms = 10.676025390625 s
==> Subregion 0000000004 / 0000000016: 
==> [[ 0.  0. -1. -1.], [2. 2. 0. 0.]]
==> Lipschitz constant of the zero order test function: 41.088065
> Iteration 00 | Bound: [-63.726955, 1.238979] | l2 radius: 1.58E+00 | Size: 1.00E+00 | Time: 2ms
> Iteration 01 | Bound: [-53.409786, 0.944613] | l2 radius: 1.32E+00 | Size: 2.00E+00 | Time: 3ms
> Iteration 02 | Bound: [-40.427322, 0.660744] | l2 radius: 1.00E+00 | Size: 4.00E+00 | Time: 5ms
> Iteration 03 | Bound: [-36.534496, 0.501784] | l2 radius: 9.01E-01 | Size: 8.00E+00 | Time: 6ms
> Iteration 04 | Bound: [-32.111969, 0.370997] | l2 radius: 7.91E-01 | Size: 1.60E+01 | Time: 8ms
> Iteration 05 | Bound: [-26.809502, 0.367699] | l2 radius: 6.61E-01 | Size: 3.20E+01 | Time: 9ms
> Iteration 06 | Bound: [-20.222601, 0.321432] | l2 radius: 5.00E-01 | Size: 6.40E+01 | Time: 11ms
> Iteration 07 | Bound: [-18.242010, 0.276131] | l2 radius: 4.51E-01 | Size: 1.28E+02 | Time: 12ms
> Iteration 08 | Bound: [-16.014645, 0.226839] | l2 radius: 3.95E-01 | Size: 2.56E+02 | Time: 15ms
> Iteration 09 | Bound: [-13.356073, 0.232527] | l2 radius: 3.31E-01 | Size: 5.12E+02 | Time: 18ms
> Iteration 10 | Bound: [-10.070023, 0.201994] | l2 radius: 2.50E-01 | Size: 9.87E+02 | Time: 24ms
> Iteration 11 | Bound: [-9.068486, 0.190584] | l2 radius: 2.25E-01 | Size: 1.93E+03 | Time: 35ms
> Iteration 12 | Bound: [-7.882022, 0.238720] | l2 radius: 1.98E-01 | Size: 3.71E+03 | Time: 55ms
> Iteration 13 | Bound: [-6.510189, 0.284111] | l2 radius: 1.65E-01 | Size: 7.03E+03 | Time: 110ms
> Iteration 14 | Bound: [-4.129640, 0.304950] | l2 radius: 1.25E-01 | Size: 1.30E+04 | Time: 197ms
> Iteration 15 | Bound: [-3.285465, 0.327226] | l2 radius: 1.13E-01 | Size: 2.52E+04 | Time: 365ms
> Iteration 16 | Bound: [-2.441988, 0.348940] | l2 radius: 9.88E-02 | Size: 4.91E+04 | Time: 692ms
> Iteration 17 | Bound: [-1.614140, 0.351494] | l2 radius: 8.27E-02 | Size: 9.46E+04 | Time: 1s343ms
> Iteration 18 | Bound: [-0.778351, 0.357026] | l2 radius: 6.25E-02 | Size: 1.81E+05 | Time: 2s557ms
> Iteration 19 | Bound: [-0.560548, 0.364012] | l2 radius: 5.63E-02 | Size: 1.30E+05 | Time: 3s435ms
> Iteration 20 | Bound: [-0.350219, 0.365591] | l2 radius: 4.94E-02 | Size: 1.02E+05 | Time: 4s100ms
> Iteration 21 | Bound: [-0.144421, 0.363741] | l2 radius: 4.13E-02 | Size: 4.36E+04 | Time: 4s400ms
> Iteration 22 | Bound: [0.066201, 0.360965] | l2 radius: 3.12E-02 | Size: 5.07E+03 | Time: 4s446ms
> No region to refine. Done!
> Time for subregion 0000000004: 4s446ms
> Total time up to subregion 0000000004: 15s122ms = 15.122121334075928 s
==> Subregion 0000000005 / 0000000016: 
==> [[-2. -2.  0. -1.], [0. 0. 1. 0.]]
==> Lipschitz constant of the zero order test function: 41.088065
> Iteration 00 | Bound: [-64.677544, 0.288394] | l2 radius: 1.58E+00 | Size: 1.00E+00 | Time: 0ms
> Iteration 01 | Bound: [-54.051147, 0.303252] | l2 radius: 1.32E+00 | Size: 2.00E+00 | Time: 2ms
> Iteration 02 | Bound: [-40.861950, 0.226117] | l2 radius: 1.00E+00 | Size: 4.00E+00 | Time: 3ms
> Iteration 03 | Bound: [-36.819515, 0.216767] | l2 radius: 9.01E-01 | Size: 8.00E+00 | Time: 5ms
> Iteration 04 | Bound: [-32.304630, 0.178337] | l2 radius: 7.91E-01 | Size: 1.60E+01 | Time: 6ms
> Iteration 05 | Bound: [-27.011051, 0.166150] | l2 radius: 6.61E-01 | Size: 3.20E+01 | Time: 8ms
> Iteration 06 | Bound: [-20.398674, 0.145358] | l2 radius: 5.00E-01 | Size: 6.40E+01 | Time: 9ms
> Iteration 07 | Bound: [-18.373535, 0.144606] | l2 radius: 4.51E-01 | Size: 1.28E+02 | Time: 11ms
> Iteration 08 | Bound: [-16.095194, 0.146290] | l2 radius: 3.95E-01 | Size: 2.56E+02 | Time: 13ms
> Iteration 09 | Bound: [-13.443148, 0.145453] | l2 radius: 3.31E-01 | Size: 5.07E+02 | Time: 17ms
> Iteration 10 | Bound: [-10.130742, 0.141274] | l2 radius: 2.50E-01 | Size: 7.55E+02 | Time: 22ms
> Iteration 11 | Bound: [-9.118487, 0.140583] | l2 radius: 2.25E-01 | Size: 1.29E+03 | Time: 30ms
> Iteration 12 | Bound: [-7.977735, 0.143007] | l2 radius: 1.98E-01 | Size: 2.22E+03 | Time: 43ms
> Iteration 13 | Bound: [-6.644530, 0.149770] | l2 radius: 1.65E-01 | Size: 3.58E+03 | Time: 65ms
> Iteration 14 | Bound: [-4.329754, 0.158838] | l2 radius: 1.25E-01 | Size: 5.76E+03 | Time: 114ms
> Iteration 15 | Bound: [-3.491370, 0.162669] | l2 radius: 1.13E-01 | Size: 1.03E+04 | Time: 186ms
> Iteration 16 | Bound: [-2.664399, 0.164055] | l2 radius: 9.88E-02 | Size: 1.92E+04 | Time: 329ms
> Iteration 17 | Bound: [-1.802503, 0.164698] | l2 radius: 8.27E-02 | Size: 3.40E+04 | Time: 570ms
> Iteration 18 | Bound: [-0.967225, 0.167114] | l2 radius: 6.25E-02 | Size: 6.09E+04 | Time: 987ms
> Iteration 19 | Bound: [-0.754436, 0.167584] | l2 radius: 5.63E-02 | Size: 1.15E+05 | Time: 1s768ms
> Iteration 20 | Bound: [-0.550544, 0.168513] | l2 radius: 4.94E-02 | Size: 2.23E+05 | Time: 3s290ms
> Iteration 21 | Bound: [-0.331528, 0.168161] | l2 radius: 4.13E-02 | Size: 3.97E+05 | Time: 5s977ms
> Iteration 22 | Bound: [-0.120485, 0.168879] | l2 radius: 3.12E-02 | Size: 5.33E+05 | Time: 9s593ms
> Iteration 23 | Bound: [-0.065702, 0.169101] | l2 radius: 2.82E-02 | Size: 3.02E+05 | Time: 11s604ms
> Iteration 24 | Bound: [-0.014704, 0.169360] | l2 radius: 2.47E-02 | Size: 1.71E+05 | Time: 12s768ms
> Iteration 25 | Bound: [0.043228, 0.169264] | l2 radius: 2.07E-02 | Size: 1.73E+03 | Time: 12s778ms
> No region to refine. Done!
> Time for subregion 0000000005: 12s778ms
> Total time up to subregion 0000000005: 27s900ms = 27.900463581085205 s
==> Subregion 0000000006 / 0000000016: 
==> [[ 0. -2.  0. -1.], [2. 0. 1. 0.]]
==> Lipschitz constant of the zero order test function: 41.088065
> Iteration 00 | Bound: [-63.924007, 1.041926] | l2 radius: 1.58E+00 | Size: 1.00E+00 | Time: 0ms
> Iteration 01 | Bound: [-53.564411, 0.789990] | l2 radius: 1.32E+00 | Size: 2.00E+00 | Time: 2ms
> Iteration 02 | Bound: [-40.350292, 0.737775] | l2 radius: 1.00E+00 | Size: 4.00E+00 | Time: 3ms
> Iteration 03 | Bound: [-36.397926, 0.638356] | l2 radius: 9.01E-01 | Size: 8.00E+00 | Time: 5ms
> Iteration 04 | Bound: [-31.898737, 0.584230] | l2 radius: 7.91E-01 | Size: 1.60E+01 | Time: 6ms
> Iteration 05 | Bound: [-26.654312, 0.522888] | l2 radius: 6.61E-01 | Size: 3.20E+01 | Time: 7ms
> Iteration 06 | Bound: [-20.174116, 0.369918] | l2 radius: 5.00E-01 | Size: 6.40E+01 | Time: 9ms
> Iteration 07 | Bound: [-18.192924, 0.325217] | l2 radius: 4.51E-01 | Size: 1.28E+02 | Time: 11ms
> Iteration 08 | Bound: [-15.928000, 0.313484] | l2 radius: 3.95E-01 | Size: 2.56E+02 | Time: 13ms
> Iteration 09 | Bound: [-13.320934, 0.267665] | l2 radius: 3.31E-01 | Size: 5.12E+02 | Time: 17ms
> Iteration 10 | Bound: [-10.060799, 0.211218] | l2 radius: 2.50E-01 | Size: 9.81E+02 | Time: 40ms
> Iteration 11 | Bound: [-9.036041, 0.223029] | l2 radius: 2.25E-01 | Size: 1.80E+03 | Time: 50ms
> Iteration 12 | Bound: [-7.851573, 0.269169] | l2 radius: 1.98E-01 | Size: 3.31E+03 | Time: 69ms
> Iteration 13 | Bound: [-6.487274, 0.307026] | l2 radius: 1.65E-01 | Size: 6.13E+03 | Time: 119ms
> Iteration 14 | Bound: [-4.125642, 0.316766] | l2 radius: 1.25E-01 | Size: 1.14E+04 | Time: 200ms
> Iteration 15 | Bound: [-3.330608, 0.327320] | l2 radius: 1.13E-01 | Size: 2.21E+04 | Time: 332ms
> Iteration 16 | Bound: [-2.502513, 0.326078] | l2 radius: 9.88E-02 | Size: 4.33E+04 | Time: 626ms
> Iteration 17 | Bound: [-1.647269, 0.334875] | l2 radius: 8.27E-02 | Size: 8.48E+04 | Time: 1s210ms
> Iteration 18 | Bound: [-0.835857, 0.315828] | l2 radius: 6.25E-02 | Size: 1.66E+05 | Time: 2s318ms
> Iteration 19 | Bound: [-0.624092, 0.318859] | l2 radius: 5.63E-02 | Size: 1.23E+05 | Time: 3s152ms
> Iteration 20 | Bound: [-0.438590, 0.318177] | l2 radius: 4.94E-02 | Size: 1.12E+05 | Time: 3s885ms
> Iteration 21 | Bound: [-0.194405, 0.315519] | l2 radius: 4.13E-02 | Size: 6.35E+04 | Time: 4s323ms
> Iteration 22 | Bound: [0.004805, 0.304771] | l2 radius: 3.12E-02 | Size: 1.33E+04 | Time: 4s411ms
> No region to refine. Done!
> Time for subregion 0000000006: 4s411ms
> Total time up to subregion 0000000006: 32s312ms = 32.312429666519165 s
==> Subregion 0000000007 / 0000000016: 
==> [[-2.  0.  0. -1.], [0. 2. 1. 0.]]
==> Lipschitz constant of the zero order test function: 41.088065
> Iteration 00 | Bound: [-64.161797, 0.804136] | l2 radius: 1.58E+00 | Size: 1.00E+00 | Time: 1ms
> Iteration 01 | Bound: [-53.614922, 0.739480] | l2 radius: 1.32E+00 | Size: 2.00E+00 | Time: 2ms
> Iteration 02 | Bound: [-40.678417, 0.409649] | l2 radius: 1.00E+00 | Size: 4.00E+00 | Time: 4ms
> Iteration 03 | Bound: [-36.643761, 0.392520] | l2 radius: 9.01E-01 | Size: 8.00E+00 | Time: 5ms
> Iteration 04 | Bound: [-32.227772, 0.255196] | l2 radius: 7.91E-01 | Size: 1.60E+01 | Time: 6ms
> Iteration 05 | Bound: [-26.919001, 0.258200] | l2 radius: 6.61E-01 | Size: 3.20E+01 | Time: 8ms
> Iteration 06 | Bound: [-20.287008, 0.257025] | l2 radius: 5.00E-01 | Size: 6.40E+01 | Time: 9ms
> Iteration 07 | Bound: [-18.264666, 0.253475] | l2 radius: 4.51E-01 | Size: 1.28E+02 | Time: 11ms
> Iteration 08 | Bound: [-16.036711, 0.204773] | l2 radius: 3.95E-01 | Size: 2.56E+02 | Time: 13ms
> Iteration 09 | Bound: [-13.390404, 0.198196] | l2 radius: 3.31E-01 | Size: 5.12E+02 | Time: 17ms
> Iteration 10 | Bound: [-10.091228, 0.180789] | l2 radius: 2.50E-01 | Size: 1.02E+03 | Time: 23ms
> Iteration 11 | Bound: [-9.080440, 0.178631] | l2 radius: 2.25E-01 | Size: 2.00E+03 | Time: 34ms
> Iteration 12 | Bound: [-7.947108, 0.173634] | l2 radius: 1.98E-01 | Size: 3.90E+03 | Time: 55ms
> Iteration 13 | Bound: [-6.643163, 0.151137] | l2 radius: 1.65E-01 | Size: 7.48E+03 | Time: 112ms
> Iteration 14 | Bound: [-4.270456, 0.159956] | l2 radius: 1.25E-01 | Size: 1.42E+04 | Time: 208ms
> Iteration 15 | Bound: [-3.446542, 0.162581] | l2 radius: 1.13E-01 | Size: 2.78E+04 | Time: 407ms
> Iteration 16 | Bound: [-2.614879, 0.177681] | l2 radius: 9.88E-02 | Size: 5.43E+04 | Time: 758ms
> Iteration 17 | Bound: [-1.789533, 0.164712] | l2 radius: 8.27E-02 | Size: 1.06E+05 | Time: 1s484ms
> Iteration 18 | Bound: [-0.967831, 0.165588] | l2 radius: 6.25E-02 | Size: 2.06E+05 | Time: 2s845ms
> Iteration 19 | Bound: [-0.763148, 0.163023] | l2 radius: 5.63E-02 | Size: 3.19E+05 | Time: 4s974ms
> Iteration 20 | Bound: [-0.545012, 0.172635] | l2 radius: 4.94E-02 | Size: 4.29E+05 | Time: 7s929ms
> Iteration 21 | Bound: [-0.341189, 0.161089] | l2 radius: 4.13E-02 | Size: 4.92E+05 | Time: 11s221ms
> Iteration 22 | Bound: [-0.134801, 0.160643] | l2 radius: 3.12E-02 | Size: 4.37E+05 | Time: 14s166ms
> Iteration 23 | Bound: [-0.083535, 0.159096] | l2 radius: 2.82E-02 | Size: 1.06E+05 | Time: 14s909ms
> Iteration 24 | Bound: [-0.028372, 0.161179] | l2 radius: 2.47E-02 | Size: 4.84E+04 | Time: 15s248ms
> Iteration 25 | Bound: [0.022604, 0.155016] | l2 radius: 2.07E-02 | Size: 2.01E+02 | Time: 15s250ms
> No region to refine. Done!
> Time for subregion 0000000007: 15s250ms
> Total time up to subregion 0000000007: 47s563ms = 47.56311655044556 s
==> Subregion 0000000008 / 0000000016: 
==> [[ 0.  0.  0. -1.], [2. 2. 1. 0.]]
==> Lipschitz constant of the zero order test function: 41.088065
> Iteration 00 | Bound: [-63.941734, 1.024199] | l2 radius: 1.58E+00 | Size: 1.00E+00 | Time: 0ms
> Iteration 01 | Bound: [-53.554195, 0.800205] | l2 radius: 1.32E+00 | Size: 2.00E+00 | Time: 2ms
> Iteration 02 | Bound: [-40.437302, 0.650766] | l2 radius: 1.00E+00 | Size: 4.00E+00 | Time: 3ms
> Iteration 03 | Bound: [-36.437119, 0.599163] | l2 radius: 9.01E-01 | Size: 8.00E+00 | Time: 5ms
> Iteration 04 | Bound: [-31.939463, 0.543504] | l2 radius: 7.91E-01 | Size: 1.60E+01 | Time: 6ms
> Iteration 05 | Bound: [-26.700705, 0.476496] | l2 radius: 6.61E-01 | Size: 3.20E+01 | Time: 7ms
> Iteration 06 | Bound: [-20.199268, 0.344765] | l2 radius: 5.00E-01 | Size: 6.40E+01 | Time: 9ms
> Iteration 07 | Bound: [-18.194723, 0.323418] | l2 radius: 4.51E-01 | Size: 1.28E+02 | Time: 11ms
> Iteration 08 | Bound: [-15.924273, 0.317210] | l2 radius: 3.95E-01 | Size: 2.56E+02 | Time: 13ms
> Iteration 09 | Bound: [-13.332677, 0.255923] | l2 radius: 3.31E-01 | Size: 5.12E+02 | Time: 17ms
> Iteration 10 | Bound: [-10.063674, 0.208343] | l2 radius: 2.50E-01 | Size: 1.02E+03 | Time: 23ms
> Iteration 11 | Bound: [-9.059587, 0.199483] | l2 radius: 2.25E-01 | Size: 2.04E+03 | Time: 34ms
> Iteration 12 | Bound: [-7.919831, 0.200910] | l2 radius: 1.98E-01 | Size: 4.03E+03 | Time: 56ms
> Iteration 13 | Bound: [-6.632385, 0.161915] | l2 radius: 1.65E-01 | Size: 7.88E+03 | Time: 115ms
> Iteration 14 | Bound: [-4.372693, 0.177198] | l2 radius: 1.25E-01 | Size: 1.53E+04 | Time: 212ms
> Iteration 15 | Bound: [-3.453686, 0.175494] | l2 radius: 1.13E-01 | Size: 3.01E+04 | Time: 421ms
> Iteration 16 | Bound: [-2.622256, 0.172581] | l2 radius: 9.88E-02 | Size: 5.94E+04 | Time: 817ms
> Iteration 17 | Bound: [-1.831003, 0.157978] | l2 radius: 8.27E-02 | Size: 1.17E+05 | Time: 1s594ms
> Iteration 18 | Bound: [-0.984995, 0.156379] | l2 radius: 6.25E-02 | Size: 2.31E+05 | Time: 3s126ms
> Iteration 19 | Bound: [-0.770720, 0.161879] | l2 radius: 5.63E-02 | Size: 2.98E+05 | Time: 5s118ms
> Iteration 20 | Bound: [-0.558924, 0.161435] | l2 radius: 4.94E-02 | Size: 3.13E+05 | Time: 7s206ms
> Iteration 21 | Bound: [-0.363020, 0.153002] | l2 radius: 4.13E-02 | Size: 2.56E+05 | Time: 8s904ms
> Iteration 22 | Bound: [-0.145357, 0.154743] | l2 radius: 3.12E-02 | Size: 1.09E+05 | Time: 9s623ms
> Iteration 23 | Bound: [-0.090043, 0.153396] | l2 radius: 2.82E-02 | Size: 1.44E+04 | Time: 9s718ms
> Iteration 24 | Bound: [-0.040599, 0.152378] | l2 radius: 2.47E-02 | Size: 8.39E+03 | Time: 9s781ms
> Iteration 25 | Bound: [0.012619, 0.147539] | l2 radius: 2.07E-02 | Size: 1.61E+03 | Time: 9s790ms
> No region to refine. Done!
> Time for subregion 0000000008: 9s790ms
> Total time up to subregion 0000000008: 57s353ms = 57.35375905036926 s
==> Subregion 0000000009 / 0000000016: 
==> [[-2. -2. -1.  0.], [0. 0. 0. 1.]]
==> Lipschitz constant of the zero order test function: 41.088065
> Iteration 00 | Bound: [-63.546238, 1.419697] | l2 radius: 1.58E+00 | Size: 1.00E+00 | Time: 0ms
> Iteration 01 | Bound: [-53.513824, 0.840577] | l2 radius: 1.32E+00 | Size: 2.00E+00 | Time: 2ms
> Iteration 02 | Bound: [-40.323975, 0.764092] | l2 radius: 1.00E+00 | Size: 4.00E+00 | Time: 3ms
> Iteration 03 | Bound: [-36.668297, 0.367984] | l2 radius: 9.01E-01 | Size: 8.00E+00 | Time: 5ms
> Iteration 04 | Bound: [-32.145576, 0.337390] | l2 radius: 7.91E-01 | Size: 1.60E+01 | Time: 6ms
> Iteration 05 | Bound: [-26.992340, 0.184860] | l2 radius: 6.61E-01 | Size: 3.20E+01 | Time: 8ms
> Iteration 06 | Bound: [-20.405886, 0.138148] | l2 radius: 5.00E-01 | Size: 6.40E+01 | Time: 9ms
> Iteration 07 | Bound: [-18.416561, 0.101579] | l2 radius: 4.51E-01 | Size: 1.28E+02 | Time: 11ms
> Iteration 08 | Bound: [-16.147564, 0.093920] | l2 radius: 3.95E-01 | Size: 2.56E+02 | Time: 13ms
> Iteration 09 | Bound: [-13.511580, 0.077020] | l2 radius: 3.31E-01 | Size: 5.11E+02 | Time: 17ms
> Iteration 10 | Bound: [-10.107511, 0.164506] | l2 radius: 2.50E-01 | Size: 8.27E+02 | Time: 23ms
> Iteration 11 | Bound: [-8.971254, 0.287816] | l2 radius: 2.25E-01 | Size: 1.48E+03 | Time: 32ms
> Iteration 12 | Bound: [-7.711143, 0.409599] | l2 radius: 1.98E-01 | Size: 2.69E+03 | Time: 66ms
> Iteration 13 | Bound: [-6.420192, 0.374108] | l2 radius: 1.65E-01 | Size: 4.94E+03 | Time: 93ms
> Iteration 14 | Bound: [-4.253424, 0.410144] | l2 radius: 1.25E-01 | Size: 8.82E+03 | Time: 161ms
> Iteration 15 | Bound: [-3.323829, 0.475162] | l2 radius: 1.13E-01 | Size: 1.67E+04 | Time: 271ms
> Iteration 16 | Bound: [-2.507129, 0.470640] | l2 radius: 9.88E-02 | Size: 3.24E+04 | Time: 495ms
> Iteration 17 | Bound: [-1.634784, 0.447130] | l2 radius: 8.27E-02 | Size: 6.26E+04 | Time: 933ms
> Iteration 18 | Bound: [-0.764063, 0.438800] | l2 radius: 6.25E-02 | Size: 1.12E+05 | Time: 1s669ms
> Iteration 19 | Bound: [-0.560556, 0.435631] | l2 radius: 5.63E-02 | Size: 7.85E+04 | Time: 2s201ms
> Iteration 20 | Bound: [-0.356319, 0.433726] | l2 radius: 4.94E-02 | Size: 7.71E+04 | Time: 2s725ms
> Iteration 21 | Bound: [-0.130722, 0.422092] | l2 radius: 4.13E-02 | Size: 4.58E+04 | Time: 3s31ms
> Iteration 22 | Bound: [0.078342, 0.417888] | l2 radius: 3.12E-02 | Size: 1.10E+03 | Time: 3s38ms
> No region to refine. Done!
> Time for subregion 0000000009: 3s38ms
> Total time up to subregion 0000000009: 1m392ms = 60.39227104187012 s
==> Subregion 0000000010 / 0000000016: 
==> [[ 0. -2. -1.  0.], [2. 0. 0. 1.]]
==> Lipschitz constant of the zero order test function: 41.088065
> Iteration 00 | Bound: [-64.490669, 0.475263] | l2 radius: 1.58E+00 | Size: 1.00E+00 | Time: 0ms
> Iteration 01 | Bound: [-54.120686, 0.233715] | l2 radius: 1.32E+00 | Size: 2.00E+00 | Time: 2ms
> Iteration 02 | Bound: [-40.875275, 0.212793] | l2 radius: 1.00E+00 | Size: 4.00E+00 | Time: 3ms
> Iteration 03 | Bound: [-36.878609, 0.157674] | l2 radius: 9.01E-01 | Size: 8.00E+00 | Time: 5ms
> Iteration 04 | Bound: [-32.334000, 0.148967] | l2 radius: 7.91E-01 | Size: 1.60E+01 | Time: 6ms
> Iteration 05 | Bound: [-27.097557, 0.079644] | l2 radius: 6.61E-01 | Size: 3.20E+01 | Time: 7ms
> Iteration 06 | Bound: [-20.460741, 0.083292] | l2 radius: 5.00E-01 | Size: 6.40E+01 | Time: 9ms
> Iteration 07 | Bound: [-18.440365, 0.077777] | l2 radius: 4.51E-01 | Size: 1.28E+02 | Time: 11ms
> Iteration 08 | Bound: [-16.170252, 0.071232] | l2 radius: 3.95E-01 | Size: 2.56E+02 | Time: 13ms
> Iteration 09 | Bound: [-13.532761, 0.055839] | l2 radius: 3.31E-01 | Size: 5.12E+02 | Time: 17ms
> Iteration 10 | Bound: [-10.225532, 0.046485] | l2 radius: 2.50E-01 | Size: 9.00E+02 | Time: 23ms
> Iteration 11 | Bound: [-9.190876, 0.068194] | l2 radius: 2.25E-01 | Size: 1.62E+03 | Time: 32ms
> Iteration 12 | Bound: [-8.031173, 0.089569] | l2 radius: 1.98E-01 | Size: 2.99E+03 | Time: 49ms
> Iteration 13 | Bound: [-6.674171, 0.120129] | l2 radius: 1.65E-01 | Size: 5.37E+03 | Time: 97ms
> Iteration 14 | Bound: [-4.276134, 0.136696] | l2 radius: 1.25E-01 | Size: 9.78E+03 | Time: 168ms
> Iteration 15 | Bound: [-3.477805, 0.161515] | l2 radius: 1.13E-01 | Size: 1.87E+04 | Time: 284ms
> Iteration 16 | Bound: [-2.651015, 0.166383] | l2 radius: 9.88E-02 | Size: 3.64E+04 | Time: 529ms
> Iteration 17 | Bound: [-1.820916, 0.177716] | l2 radius: 8.27E-02 | Size: 6.95E+04 | Time: 1s17ms
> Iteration 18 | Bound: [-1.006836, 0.154668] | l2 radius: 6.25E-02 | Size: 1.35E+05 | Time: 1s901ms
> Iteration 19 | Bound: [-0.802657, 0.153182] | l2 radius: 5.63E-02 | Size: 2.64E+05 | Time: 3s680ms
> Iteration 20 | Bound: [-0.593312, 0.154573] | l2 radius: 4.94E-02 | Size: 4.92E+05 | Time: 6s936ms
> Iteration 21 | Bound: [-0.375618, 0.151337] | l2 radius: 4.13E-02 | Size: 6.84E+05 | Time: 11s501ms
> Iteration 22 | Bound: [-0.176255, 0.135741] | l2 radius: 3.12E-02 | Size: 4.35E+05 | Time: 14s418ms
> Iteration 23 | Bound: [-0.123281, 0.135361] | l2 radius: 2.82E-02 | Size: 4.99E+04 | Time: 14s754ms
> Iteration 24 | Bound: [-0.069338, 0.135138] | l2 radius: 2.47E-02 | Size: 1.93E+04 | Time: 14s890ms
> Iteration 25 | Bound: [-0.009907, 0.134112] | l2 radius: 2.07E-02 | Size: 4.98E+03 | Time: 14s916ms
> Iteration 26 | Bound: [0.038541, 0.126302] | l2 radius: 1.56E-02 | Size: 3.12E+02 | Time: 14s922ms
> No region to refine. Done!
> Time for subregion 0000000010: 14s922ms
> Total time up to subregion 0000000010: 1m15s = 75.3146333694458 s
==> Subregion 0000000011 / 0000000016: 
==> [[-2.  0. -1.  0.], [0. 2. 0. 1.]]
==> Lipschitz constant of the zero order test function: 41.088065
> Iteration 00 | Bound: [-64.080513, 0.885422] | l2 radius: 1.58E+00 | Size: 1.00E+00 | Time: 0ms
> Iteration 01 | Bound: [-53.565929, 0.788473] | l2 radius: 1.32E+00 | Size: 2.00E+00 | Time: 2ms
> Iteration 02 | Bound: [-40.386215, 0.701852] | l2 radius: 1.00E+00 | Size: 4.00E+00 | Time: 3ms
> Iteration 03 | Bound: [-36.471001, 0.565282] | l2 radius: 9.01E-01 | Size: 8.00E+00 | Time: 5ms
> Iteration 04 | Bound: [-31.952858, 0.530110] | l2 radius: 7.91E-01 | Size: 1.60E+01 | Time: 6ms
> Iteration 05 | Bound: [-26.725563, 0.451636] | l2 radius: 6.61E-01 | Size: 3.20E+01 | Time: 7ms
> Iteration 06 | Bound: [-20.144392, 0.399641] | l2 radius: 5.00E-01 | Size: 6.40E+01 | Time: 9ms
> Iteration 07 | Bound: [-18.241318, 0.276822] | l2 radius: 4.51E-01 | Size: 1.28E+02 | Time: 11ms
> Iteration 08 | Bound: [-16.006649, 0.234836] | l2 radius: 3.95E-01 | Size: 2.56E+02 | Time: 13ms
> Iteration 09 | Bound: [-13.377110, 0.211491] | l2 radius: 3.31E-01 | Size: 5.12E+02 | Time: 33ms
> Iteration 10 | Bound: [-10.101976, 0.170040] | l2 radius: 2.50E-01 | Size: 1.02E+03 | Time: 40ms
> Iteration 11 | Bound: [-9.098661, 0.160409] | l2 radius: 2.25E-01 | Size: 2.05E+03 | Time: 51ms
> Iteration 12 | Bound: [-7.888762, 0.231981] | l2 radius: 1.98E-01 | Size: 4.04E+03 | Time: 72ms
> Iteration 13 | Bound: [-6.515846, 0.278454] | l2 radius: 1.65E-01 | Size: 7.93E+03 | Time: 131ms
> Iteration 14 | Bound: [-4.133402, 0.325334] | l2 radius: 1.25E-01 | Size: 1.54E+04 | Time: 228ms
> Iteration 15 | Bound: [-3.269582, 0.320645] | l2 radius: 1.13E-01 | Size: 3.06E+04 | Time: 441ms
> Iteration 16 | Bound: [-2.479797, 0.327590] | l2 radius: 9.88E-02 | Size: 6.03E+04 | Time: 836ms
> Iteration 17 | Bound: [-1.667043, 0.325002] | l2 radius: 8.27E-02 | Size: 1.19E+05 | Time: 1s622ms
> Iteration 18 | Bound: [-0.792232, 0.343541] | l2 radius: 6.25E-02 | Size: 2.36E+05 | Time: 3s185ms
> Iteration 19 | Bound: [-0.594511, 0.341749] | l2 radius: 5.63E-02 | Size: 3.99E+05 | Time: 5s836ms
> Iteration 20 | Bound: [-0.362631, 0.345682] | l2 radius: 4.94E-02 | Size: 5.28E+05 | Time: 9s334ms
> Iteration 21 | Bound: [-0.159637, 0.345148] | l2 radius: 4.13E-02 | Size: 3.89E+05 | Time: 11s902ms
> Iteration 22 | Bound: [0.047616, 0.343567] | l2 radius: 3.12E-02 | Size: 3.96E+04 | Time: 12s181ms
> No region to refine. Done!
> Time for subregion 0000000011: 12s181ms
> Total time up to subregion 0000000011: 1m27s = 87.49623417854309 s
==> Subregion 0000000012 / 0000000016: 
==> [[ 0.  0. -1.  0.], [2. 2. 0. 1.]]
==> Lipschitz constant of the zero order test function: 41.088065
> Iteration 00 | Bound: [-63.877541, 1.088394] | l2 radius: 1.58E+00 | Size: 1.00E+00 | Time: 0ms
> Iteration 01 | Bound: [-53.465591, 0.888811] | l2 radius: 1.32E+00 | Size: 2.00E+00 | Time: 2ms
> Iteration 02 | Bound: [-40.470291, 0.617777] | l2 radius: 1.00E+00 | Size: 4.00E+00 | Time: 5ms
> Iteration 03 | Bound: [-36.544682, 0.491598] | l2 radius: 9.01E-01 | Size: 8.00E+00 | Time: 7ms
> Iteration 04 | Bound: [-32.134693, 0.348274] | l2 radius: 7.91E-01 | Size: 1.60E+01 | Time: 8ms
> Iteration 05 | Bound: [-26.938610, 0.238591] | l2 radius: 6.61E-01 | Size: 3.20E+01 | Time: 9ms
> Iteration 06 | Bound: [-20.307261, 0.236772] | l2 radius: 5.00E-01 | Size: 6.40E+01 | Time: 11ms
> Iteration 07 | Bound: [-18.298037, 0.220104] | l2 radius: 4.51E-01 | Size: 1.28E+02 | Time: 13ms
> Iteration 08 | Bound: [-16.068636, 0.172849] | l2 radius: 3.95E-01 | Size: 2.56E+02 | Time: 15ms
> Iteration 09 | Bound: [-13.441139, 0.147461] | l2 radius: 3.31E-01 | Size: 5.12E+02 | Time: 19ms
> Iteration 10 | Bound: [-10.123456, 0.148560] | l2 radius: 2.50E-01 | Size: 1.02E+03 | Time: 25ms
> Iteration 11 | Bound: [-9.109255, 0.149815] | l2 radius: 2.25E-01 | Size: 2.05E+03 | Time: 36ms
> Iteration 12 | Bound: [-7.989561, 0.131181] | l2 radius: 1.98E-01 | Size: 4.03E+03 | Time: 58ms
> Iteration 13 | Bound: [-6.650704, 0.143595] | l2 radius: 1.65E-01 | Size: 7.86E+03 | Time: 118ms
> Iteration 14 | Bound: [-4.241839, 0.173793] | l2 radius: 1.25E-01 | Size: 1.52E+04 | Time: 219ms
> Iteration 15 | Bound: [-3.415165, 0.200629] | l2 radius: 1.13E-01 | Size: 3.01E+04 | Time: 426ms
> Iteration 16 | Bound: [-2.583473, 0.210274] | l2 radius: 9.88E-02 | Size: 5.93E+04 | Time: 817ms
> Iteration 17 | Bound: [-1.765474, 0.208492] | l2 radius: 8.27E-02 | Size: 1.17E+05 | Time: 1s611ms
> Iteration 18 | Bound: [-0.917131, 0.224561] | l2 radius: 6.25E-02 | Size: 2.30E+05 | Time: 3s183ms
> Iteration 19 | Bound: [-0.692951, 0.222897] | l2 radius: 5.63E-02 | Size: 3.40E+05 | Time: 5s433ms
> Iteration 20 | Bound: [-0.484622, 0.226627] | l2 radius: 4.94E-02 | Size: 3.81E+05 | Time: 7s977ms
> Iteration 21 | Bound: [-0.276621, 0.234335] | l2 radius: 4.13E-02 | Size: 2.89E+05 | Time: 9s890ms
> Iteration 22 | Bound: [-0.070139, 0.229657] | l2 radius: 3.12E-02 | Size: 9.65E+04 | Time: 10s554ms
> Iteration 23 | Bound: [-0.008685, 0.234369] | l2 radius: 2.82E-02 | Size: 1.35E+03 | Time: 10s565ms
> Iteration 24 | Bound: [0.045292, 0.232862] | l2 radius: 2.47E-02 | Size: 8.00E+00 | Time: 10s566ms
> No region to refine. Done!
> Time for subregion 0000000012: 10s566ms
> Total time up to subregion 0000000012: 1m38s = 98.06321167945862 s
==> Subregion 0000000013 / 0000000016: 
==> [[-2. -2.  0.  0.], [0. 0. 1. 1.]]
==> Lipschitz constant of the zero order test function: 41.088065
> Iteration 00 | Bound: [-64.743690, 0.222247] | l2 radius: 1.58E+00 | Size: 1.00E+00 | Time: 0ms
> Iteration 01 | Bound: [-54.202377, 0.152023] | l2 radius: 1.32E+00 | Size: 2.00E+00 | Time: 2ms
> Iteration 02 | Bound: [-40.971466, 0.116599] | l2 radius: 1.00E+00 | Size: 4.00E+00 | Time: 3ms
> Iteration 03 | Bound: [-36.924313, 0.111967] | l2 radius: 9.01E-01 | Size: 8.00E+00 | Time: 5ms
> Iteration 04 | Bound: [-32.355824, 0.127145] | l2 radius: 7.91E-01 | Size: 1.60E+01 | Time: 6ms
> Iteration 05 | Bound: [-27.075455, 0.101746] | l2 radius: 6.61E-01 | Size: 3.20E+01 | Time: 7ms
> Iteration 06 | Bound: [-20.435770, 0.108262] | l2 radius: 5.00E-01 | Size: 6.40E+01 | Time: 9ms
> Iteration 07 | Bound: [-18.412968, 0.105173] | l2 radius: 4.51E-01 | Size: 1.28E+02 | Time: 11ms
> Iteration 08 | Bound: [-16.141516, 0.099968] | l2 radius: 3.95E-01 | Size: 2.56E+02 | Time: 13ms
> Iteration 09 | Bound: [-13.507288, 0.081312] | l2 radius: 3.31E-01 | Size: 5.12E+02 | Time: 17ms
> Iteration 10 | Bound: [-10.193781, 0.078235] | l2 radius: 2.50E-01 | Size: 8.94E+02 | Time: 23ms
> Iteration 11 | Bound: [-9.183197, 0.075874] | l2 radius: 2.25E-01 | Size: 1.59E+03 | Time: 33ms
> Iteration 12 | Bound: [-8.028680, 0.092062] | l2 radius: 1.98E-01 | Size: 2.82E+03 | Time: 51ms
> Iteration 13 | Bound: [-6.682097, 0.112203] | l2 radius: 1.65E-01 | Size: 4.95E+03 | Time: 98ms
> Iteration 14 | Bound: [-4.361636, 0.159299] | l2 radius: 1.25E-01 | Size: 8.66E+03 | Time: 167ms
> Iteration 15 | Bound: [-3.540241, 0.163944] | l2 radius: 1.13E-01 | Size: 1.63E+04 | Time: 276ms
> Iteration 16 | Bound: [-2.721544, 0.172754] | l2 radius: 9.88E-02 | Size: 3.13E+04 | Time: 503ms
> Iteration 17 | Bound: [-1.843318, 0.173910] | l2 radius: 8.27E-02 | Size: 5.96E+04 | Time: 933ms
> Iteration 18 | Bound: [-0.988579, 0.174897] | l2 radius: 6.25E-02 | Size: 1.13E+05 | Time: 1s740ms
> Iteration 19 | Bound: [-0.765583, 0.176213] | l2 radius: 5.63E-02 | Size: 2.20E+05 | Time: 3s221ms
> Iteration 20 | Bound: [-0.561440, 0.176482] | l2 radius: 4.94E-02 | Size: 4.28E+05 | Time: 6s95ms
> Iteration 21 | Bound: [-0.323375, 0.176425] | l2 radius: 4.13E-02 | Size: 8.02E+05 | Time: 11s482ms
> Iteration 22 | Bound: [-0.101311, 0.178061] | l2 radius: 3.12E-02 | Size: 1.10E+06 | Time: 19s127ms
> Iteration 23 | Bound: [-0.047510, 0.178538] | l2 radius: 2.82E-02 | Size: 1.84E+05 | Time: 20s452ms
> Iteration 24 | Bound: [0.004004, 0.177757] | l2 radius: 2.47E-02 | Size: 3.87E+04 | Time: 20s739ms
> No region to refine. Done!
> Time for subregion 0000000013: 20s739ms
> Total time up to subregion 0000000013: 1m58s = 118.80235505104065 s
==> Subregion 0000000014 / 0000000016: 
==> [[ 0. -2.  0.  0.], [2. 0. 1. 1.]]
==> Lipschitz constant of the zero order test function: 41.088065
> Iteration 00 | Bound: [-64.006844, 0.959089] | l2 radius: 1.58E+00 | Size: 1.00E+00 | Time: 1ms
> Iteration 01 | Bound: [-53.896439, 0.457961] | l2 radius: 1.32E+00 | Size: 2.00E+00 | Time: 3ms
> Iteration 02 | Bound: [-40.618237, 0.469829] | l2 radius: 1.00E+00 | Size: 4.00E+00 | Time: 9ms
> Iteration 03 | Bound: [-36.883423, 0.152858] | l2 radius: 9.01E-01 | Size: 8.00E+00 | Time: 10ms
> Iteration 04 | Bound: [-32.308903, 0.174064] | l2 radius: 7.91E-01 | Size: 1.60E+01 | Time: 12ms
> Iteration 05 | Bound: [-27.060097, 0.117103] | l2 radius: 6.61E-01 | Size: 3.20E+01 | Time: 13ms
> Iteration 06 | Bound: [-20.417999, 0.126033] | l2 radius: 5.00E-01 | Size: 6.40E+01 | Time: 15ms
> Iteration 07 | Bound: [-18.412748, 0.105393] | l2 radius: 4.51E-01 | Size: 1.28E+02 | Time: 17ms
> Iteration 08 | Bound: [-16.141066, 0.100417] | l2 radius: 3.95E-01 | Size: 2.56E+02 | Time: 20ms
> Iteration 09 | Bound: [-13.515029, 0.073571] | l2 radius: 3.31E-01 | Size: 5.12E+02 | Time: 24ms
> Iteration 10 | Bound: [-10.210531, 0.061485] | l2 radius: 2.50E-01 | Size: 1.02E+03 | Time: 30ms
> Iteration 11 | Bound: [-9.180161, 0.078909] | l2 radius: 2.25E-01 | Size: 1.85E+03 | Time: 61ms
> Iteration 12 | Bound: [-8.030937, 0.089805] | l2 radius: 1.98E-01 | Size: 3.38E+03 | Time: 83ms
> Iteration 13 | Bound: [-6.682662, 0.111638] | l2 radius: 1.65E-01 | Size: 6.30E+03 | Time: 122ms
> Iteration 14 | Bound: [-4.404787, 0.117506] | l2 radius: 1.25E-01 | Size: 1.18E+04 | Time: 218ms
> Iteration 15 | Bound: [-3.549168, 0.136848] | l2 radius: 1.13E-01 | Size: 2.27E+04 | Time: 386ms
> Iteration 16 | Bound: [-2.740032, 0.137260] | l2 radius: 9.88E-02 | Size: 4.46E+04 | Time: 732ms
> Iteration 17 | Bound: [-1.865640, 0.144402] | l2 radius: 8.27E-02 | Size: 8.70E+04 | Time: 1s374ms
> Iteration 18 | Bound: [-1.048539, 0.141236] | l2 radius: 6.25E-02 | Size: 1.71E+05 | Time: 2s560ms
> Iteration 19 | Bound: [-0.825396, 0.140185] | l2 radius: 5.63E-02 | Size: 2.20E+05 | Time: 4s116ms
> Iteration 20 | Bound: [-0.620890, 0.140646] | l2 radius: 4.94E-02 | Size: 3.27E+05 | Time: 6s350ms
> Iteration 21 | Bound: [-0.388017, 0.140353] | l2 radius: 4.13E-02 | Size: 3.89E+05 | Time: 8s954ms
> Iteration 22 | Bound: [-0.180775, 0.129484] | l2 radius: 3.12E-02 | Size: 3.19E+05 | Time: 11s72ms
> Iteration 23 | Bound: [-0.129905, 0.130051] | l2 radius: 2.82E-02 | Size: 1.01E+05 | Time: 11s766ms
> Iteration 24 | Bound: [-0.077044, 0.129262] | l2 radius: 2.47E-02 | Size: 7.85E+04 | Time: 12s304ms
> Iteration 25 | Bound: [-0.016800, 0.128490] | l2 radius: 2.07E-02 | Size: 2.30E+04 | Time: 12s454ms
> Iteration 26 | Bound: [0.034112, 0.122415] | l2 radius: 1.56E-02 | Size: 3.70E+02 | Time: 12s458ms
> No region to refine. Done!
> Time for subregion 0000000014: 12s458ms
> Total time up to subregion 0000000014: 2m11s = 131.2607593536377 s
==> Subregion 0000000015 / 0000000016: 
==> [[-2.  0.  0.  0.], [0. 2. 1. 1.]]
==> Lipschitz constant of the zero order test function: 41.088065
> Iteration 00 | Bound: [-64.021851, 0.944082] | l2 radius: 1.58E+00 | Size: 1.00E+00 | Time: 0ms
> Iteration 01 | Bound: [-53.568012, 0.786388] | l2 radius: 1.32E+00 | Size: 2.00E+00 | Time: 2ms
> Iteration 02 | Bound: [-40.643150, 0.444917] | l2 radius: 1.00E+00 | Size: 4.00E+00 | Time: 3ms
> Iteration 03 | Bound: [-36.622192, 0.414090] | l2 radius: 9.01E-01 | Size: 8.00E+00 | Time: 5ms
> Iteration 04 | Bound: [-32.171906, 0.311061] | l2 radius: 7.91E-01 | Size: 1.60E+01 | Time: 6ms
> Iteration 05 | Bound: [-26.905523, 0.271676] | l2 radius: 6.61E-01 | Size: 3.20E+01 | Time: 7ms
> Iteration 06 | Bound: [-20.317038, 0.226996] | l2 radius: 5.00E-01 | Size: 6.40E+01 | Time: 9ms
> Iteration 07 | Bound: [-18.301746, 0.216394] | l2 radius: 4.51E-01 | Size: 1.28E+02 | Time: 11ms
> Iteration 08 | Bound: [-16.065725, 0.175759] | l2 radius: 3.95E-01 | Size: 2.56E+02 | Time: 13ms
> Iteration 09 | Bound: [-13.426667, 0.161933] | l2 radius: 3.31E-01 | Size: 5.12E+02 | Time: 17ms
> Iteration 10 | Bound: [-10.121244, 0.150772] | l2 radius: 2.50E-01 | Size: 1.02E+03 | Time: 23ms
> Iteration 11 | Bound: [-9.105024, 0.154046] | l2 radius: 2.25E-01 | Size: 2.05E+03 | Time: 34ms
> Iteration 12 | Bound: [-7.976555, 0.144187] | l2 radius: 1.98E-01 | Size: 4.06E+03 | Time: 56ms
> Iteration 13 | Bound: [-6.654990, 0.139310] | l2 radius: 1.65E-01 | Size: 7.97E+03 | Time: 113ms
> Iteration 14 | Bound: [-4.271846, 0.166164] | l2 radius: 1.25E-01 | Size: 1.56E+04 | Time: 214ms
> Iteration 15 | Bound: [-3.453092, 0.156687] | l2 radius: 1.13E-01 | Size: 3.09E+04 | Time: 425ms
> Iteration 16 | Bound: [-2.610608, 0.168638] | l2 radius: 9.88E-02 | Size: 6.09E+04 | Time: 829ms
> Iteration 17 | Bound: [-1.813208, 0.160003] | l2 radius: 8.27E-02 | Size: 1.21E+05 | Time: 1s648ms
> Iteration 18 | Bound: [-0.974732, 0.159926] | l2 radius: 6.25E-02 | Size: 2.39E+05 | Time: 3s230ms
> Iteration 19 | Bound: [-0.763790, 0.159764] | l2 radius: 5.63E-02 | Size: 3.76E+05 | Time: 5s719ms
> Iteration 20 | Bound: [-0.555678, 0.163885] | l2 radius: 4.94E-02 | Size: 5.56E+05 | Time: 9s440ms
> Iteration 21 | Bound: [-0.352015, 0.152564] | l2 radius: 4.13E-02 | Size: 6.61E+05 | Time: 13s847ms
> Iteration 22 | Bound: [-0.139305, 0.155645] | l2 radius: 3.12E-02 | Size: 4.84E+05 | Time: 17s71ms
> Iteration 23 | Bound: [-0.088037, 0.153968] | l2 radius: 2.82E-02 | Size: 8.02E+03 | Time: 17s131ms
> Iteration 24 | Bound: [-0.032982, 0.155996] | l2 radius: 2.47E-02 | Size: 2.62E+03 | Time: 17s148ms
> Iteration 25 | Bound: [0.017993, 0.149887] | l2 radius: 2.07E-02 | Size: 3.11E+02 | Time: 17s151ms
> No region to refine. Done!
> Time for subregion 0000000015: 17s151ms
> Total time up to subregion 0000000015: 2m28s = 148.41265416145325 s
==> Subregion 0000000016 / 0000000016: 
==> [[0. 0. 0. 0.], [2. 2. 1. 1.]]
==> Lipschitz constant of the zero order test function: 41.088065
> Iteration 00 | Bound: [-63.503777, 1.462158] | l2 radius: 1.58E+00 | Size: 1.00E+00 | Time: 0ms
> Iteration 01 | Bound: [-53.240360, 1.114040] | l2 radius: 1.32E+00 | Size: 2.00E+00 | Time: 2ms
> Iteration 02 | Bound: [-40.113842, 0.974224] | l2 radius: 1.00E+00 | Size: 4.00E+00 | Time: 3ms
> Iteration 03 | Bound: [-36.342308, 0.693974] | l2 radius: 9.01E-01 | Size: 8.00E+00 | Time: 5ms
> Iteration 04 | Bound: [-31.942070, 0.540897] | l2 radius: 7.91E-01 | Size: 1.60E+01 | Time: 6ms
> Iteration 05 | Bound: [-26.735043, 0.442158] | l2 radius: 6.61E-01 | Size: 3.20E+01 | Time: 7ms
> Iteration 06 | Bound: [-20.257448, 0.286586] | l2 radius: 5.00E-01 | Size: 6.40E+01 | Time: 9ms
> Iteration 07 | Bound: [-18.302717, 0.215423] | l2 radius: 4.51E-01 | Size: 1.28E+02 | Time: 11ms
> Iteration 08 | Bound: [-16.072138, 0.169347] | l2 radius: 3.95E-01 | Size: 2.56E+02 | Time: 13ms
> Iteration 09 | Bound: [-13.437242, 0.151359] | l2 radius: 3.31E-01 | Size: 5.12E+02 | Time: 17ms
> Iteration 10 | Bound: [-10.105803, 0.166213] | l2 radius: 2.50E-01 | Size: 1.02E+03 | Time: 40ms
> Iteration 11 | Bound: [-9.096179, 0.162891] | l2 radius: 2.25E-01 | Size: 2.05E+03 | Time: 52ms
> Iteration 12 | Bound: [-7.963158, 0.157584] | l2 radius: 1.98E-01 | Size: 4.07E+03 | Time: 73ms
> Iteration 13 | Bound: [-6.647837, 0.146463] | l2 radius: 1.65E-01 | Size: 8.01E+03 | Time: 132ms
> Iteration 14 | Bound: [-4.353889, 0.162211] | l2 radius: 1.25E-01 | Size: 1.57E+04 | Time: 231ms
> Iteration 15 | Bound: [-3.533321, 0.181800] | l2 radius: 1.13E-01 | Size: 3.10E+04 | Time: 447ms
> Iteration 16 | Bound: [-2.716722, 0.188867] | l2 radius: 9.88E-02 | Size: 6.14E+04 | Time: 860ms
> Iteration 17 | Bound: [-1.870711, 0.167035] | l2 radius: 8.27E-02 | Size: 1.22E+05 | Time: 1s677ms
> Iteration 18 | Bound: [-1.052895, 0.155225] | l2 radius: 6.25E-02 | Size: 2.41E+05 | Time: 3s295ms
> Iteration 19 | Bound: [-0.804684, 0.157374] | l2 radius: 5.63E-02 | Size: 2.64E+05 | Time: 5s58ms
> Iteration 20 | Bound: [-0.607224, 0.157464] | l2 radius: 4.94E-02 | Size: 3.47E+05 | Time: 7s367ms
> Iteration 21 | Bound: [-0.396864, 0.141410] | l2 radius: 4.13E-02 | Size: 3.53E+05 | Time: 9s735ms
> Iteration 22 | Bound: [-0.195888, 0.137695] | l2 radius: 3.12E-02 | Size: 2.19E+05 | Time: 11s183ms
> Iteration 23 | Bound: [-0.135210, 0.135273] | l2 radius: 2.82E-02 | Size: 3.31E+04 | Time: 11s410ms
> Iteration 24 | Bound: [-0.079881, 0.134630] | l2 radius: 2.47E-02 | Size: 1.94E+04 | Time: 11s548ms
> Iteration 25 | Bound: [-0.028922, 0.123275] | l2 radius: 2.07E-02 | Size: 6.39E+03 | Time: 11s581ms
> Iteration 26 | Bound: [0.022795, 0.120671] | l2 radius: 1.56E-02 | Size: 2.10E+02 | Time: 11s600ms
> No region to refine. Done!
> Time for subregion 0000000016: 11s600ms
> Total time up to subregion 0000000016: 2m40s = 160.01341891288757 s
> Total time excluding drawing: 2m40s = 160.01341891288757 s
> Success: True
==> Done!
