==> Creating result directory ...
==> Loading test settings ...
==> Deciding torch device ...
==> torch device:  cuda
==> Building cbf neural network ...
==> Lipschitz constant of CBF network: 4.000000
==> Hessian bound of CBF network: 17.420848
==> Third order elementwise bound of CBF network: 128.000000
==> Number of subregions: 1
==> Subregion 0000000001 / 0000000001: 
==> [[-0.5 -2.  -1.  -1. ], [0.5 0.  1.  1. ]]
> Iteration 00 | Bound: [-0.886161, 6.324942] | l2 radius: 1.80E+00 | Size: 1.00E+00 | Time: 70ms
> Iteration 01 | Bound: [-0.823409, 5.501147] | l2 radius: 1.58E+00 | Size: 2.00E+00 | Time: 75ms
> Iteration 02 | Bound: [-0.694670, 4.596832] | l2 radius: 1.32E+00 | Size: 4.00E+00 | Time: 76ms
> Iteration 03 | Bound: [-0.647922, 3.352078] | l2 radius: 1.00E+00 | Size: 8.00E+00 | Time: 78ms
> Iteration 04 | Bound: [-0.485416, 3.120136] | l2 radius: 9.01E-01 | Size: 1.60E+01 | Time: 79ms
> Iteration 05 | Bound: [-0.466367, 2.695911] | l2 radius: 7.91E-01 | Size: 3.20E+01 | Time: 80ms
> Iteration 06 | Bound: [-0.448340, 2.197412] | l2 radius: 6.61E-01 | Size: 6.40E+01 | Time: 82ms
> Iteration 07 | Bound: [-0.442650, 1.557350] | l2 radius: 5.00E-01 | Size: 1.28E+02 | Time: 84ms
> Iteration 08 | Bound: [-0.339728, 1.463048] | l2 radius: 4.51E-01 | Size: 2.56E+02 | Time: 86ms
> Iteration 09 | Bound: [-0.328606, 1.222214] | l2 radius: 3.95E-01 | Size: 5.12E+02 | Time: 89ms
> Iteration 10 | Bound: [-0.323235, 0.853891] | l2 radius: 3.31E-01 | Size: 1.01E+03 | Time: 95ms
> Iteration 11 | Bound: [-0.299520, 0.453088] | l2 radius: 2.50E-01 | Size: 1.80E+03 | Time: 104ms
> Iteration 12 | Bound: [-0.247955, 0.358799] | l2 radius: 2.25E-01 | Size: 1.89E+03 | Time: 117ms
> Iteration 13 | Bound: [-0.236707, 0.250897] | l2 radius: 1.98E-01 | Size: 2.05E+03 | Time: 127ms
> Iteration 14 | Bound: [-0.204536, 0.119416] | l2 radius: 1.65E-01 | Size: 1.61E+03 | Time: 132ms
> Iteration 15 | Bound: [-0.152324, 0.016545] | l2 radius: 1.25E-01 | Size: 1.36E+02 | Time: 133ms
> Iteration 16 | Bound: [-0.128523, -0.007792] | l2 radius: 1.13E-01 | Size: 2.00E+00 | Time: 134ms
> No region to refine. Done!
> Time for subregion 0000000001: 134ms
> Total time up to subregion 0000000001: 134ms = 0.13480305671691895 s
> Total time excluding drawing: 134ms = 0.13480305671691895 s
> Success: True
==> Done!
