==> Creating result directory ...
==> Loading test settings ...
==> Deciding torch device ...
==> torch device:  cuda
==> Building dynamical system ...
==> Building cbf neural network ...
==> Lipschitz constant of CBF network: 1.000000
==> Hessian bound of CBF network: 4.355212
==> Third order elementwise bound of CBF network: 30.225904
==> Number of subregions: 1
==> Subregion 0000000001 / 0000000001: 
==> [[-3.14 -5.  ], [3.14 5.  ]]
==> Lipschitz constant of the zero order test function: 110.103333
> Iteration 00 | Bound: [-649.865845, 0.206504] | l2 radius: 5.90E+00 | Size: 1.00E+00 | Time: 72ms
> Iteration 01 | Bound: [-440.424133, 1.495019] | l2 radius: 4.01E+00 | Size: 2.00E+00 | Time: 75ms
> Iteration 02 | Bound: [-324.981689, 0.054462] | l2 radius: 2.95E+00 | Size: 4.00E+00 | Time: 77ms
> Iteration 03 | Bound: [-220.886673, 0.072901] | l2 radius: 2.01E+00 | Size: 8.00E+00 | Time: 79ms
> Iteration 04 | Bound: [-162.398560, 0.119515] | l2 radius: 1.48E+00 | Size: 1.60E+01 | Time: 82ms
> Iteration 05 | Bound: [-110.385628, 0.094158] | l2 radius: 1.00E+00 | Size: 3.20E+01 | Time: 84ms
> Iteration 06 | Bound: [-81.249596, 0.009443] | l2 radius: 7.38E-01 | Size: 6.40E+01 | Time: 87ms
> Iteration 07 | Bound: [-55.249256, 0.000094] | l2 radius: 5.02E-01 | Size: 1.28E+02 | Time: 99ms
> Iteration 08 | Bound: [-40.762157, 0.017094] | l2 radius: 3.69E-01 | Size: 2.56E+02 | Time: 102ms
> Iteration 09 | Bound: [-27.765490, 0.000006] | l2 radius: 2.51E-01 | Size: 4.42E+02 | Time: 107ms
> Iteration 10 | Bound: [-16.017603, 0.030295] | l2 radius: 1.85E-01 | Size: 6.98E+02 | Time: 112ms
> Iteration 11 | Bound: [-7.427472, 0.008938] | l2 radius: 1.25E-01 | Size: 1.18E+03 | Time: 137ms
> Iteration 12 | Bound: [-3.972967, 0.023688] | l2 radius: 9.23E-02 | Size: 2.15E+03 | Time: 149ms
> Iteration 13 | Bound: [-1.862286, 0.028526] | l2 radius: 6.27E-02 | Size: 4.12E+03 | Time: 171ms
> Iteration 14 | Bound: [-0.989975, 0.030760] | l2 radius: 4.61E-02 | Size: 6.51E+03 | Time: 221ms
> Iteration 15 | Bound: [-0.448091, 0.033201] | l2 radius: 3.14E-02 | Size: 9.19E+03 | Time: 277ms
> Iteration 16 | Bound: [-0.240037, 0.039037] | l2 radius: 2.31E-02 | Size: 1.07E+04 | Time: 347ms
> Iteration 17 | Bound: [-0.085279, 0.035432] | l2 radius: 1.57E-02 | Size: 1.41E+04 | Time: 452ms
> Iteration 18 | Bound: [-0.032634, 0.041721] | l2 radius: 1.15E-02 | Size: 4.89E+03 | Time: 478ms
> Iteration 19 | Bound: [0.007904, 0.042279] | l2 radius: 7.84E-03 | Size: 2.94E+02 | Time: 481ms
> No region to refine. Done!
> Time for subregion 0000000001: 481ms
> Total time up to subregion 0000000001: 481ms = 0.48155975341796875 s
> Total time excluding drawing: 481ms = 0.48155975341796875 s
> Success: True
==> Done!
