==> Creating result directory ...
==> Loading test settings ...
==> Deciding torch device ...
==> torch device:  cuda
==> Building dynamical system ...
==> Building cbf neural network ...
==> Lipschitz constant of CBF network: 1.000000
==> Hessian bound of CBF network: 4.355212
==> Third order elementwise bound of CBF network: 30.225904
==> Current beta range: [1.0000, 10.0000]
==> Testing beta = 5.5000
==> Number of subregions: 1
==> Subregion 0000000001 / 0000000001: 
==> [[-3.14 -5.  ], [3.14 5.  ]]
==> Lipschitz constant of the zero order test function: 111.083256
> Iteration 00 | Bound: [-655.734253, 0.123732] | l2 radius: 5.90E+00 | Size: 1.00E+00 | Time: 70ms
> Iteration 01 | Bound: [-445.100983, 0.751291] | l2 radius: 4.01E+00 | Size: 2.00E+00 | Time: 72ms
> Iteration 02 | Bound: [-327.918091, 0.010893] | l2 radius: 2.95E+00 | Size: 4.00E+00 | Time: 75ms
> Iteration 03 | Bound: [-222.900055, 0.026077] | l2 radius: 2.01E+00 | Size: 8.00E+00 | Time: 77ms
> Iteration 04 | Bound: [-163.939072, 0.025417] | l2 radius: 1.48E+00 | Size: 1.60E+01 | Time: 80ms
> Iteration 05 | Bound: [-111.439209, 0.023857] | l2 radius: 1.00E+00 | Size: 3.20E+01 | Time: 82ms
> Iteration 06 | Bound: [-81.978485, 0.003758] | l2 radius: 7.38E-01 | Size: 6.40E+01 | Time: 84ms
> Iteration 07 | Bound: [-55.733925, 0.006311] | l2 radius: 5.02E-01 | Size: 1.28E+02 | Time: 91ms
> Iteration 08 | Bound: [-41.020336, 0.004244] | l2 radius: 3.69E-01 | Size: 2.56E+02 | Time: 94ms
> Iteration 09 | Bound: [-27.889894, 0.000901] | l2 radius: 2.51E-01 | Size: 5.12E+02 | Time: 98ms
> Iteration 10 | Bound: [-15.955052, 0.001018] | l2 radius: 1.85E-01 | Size: 9.61E+02 | Time: 106ms
> Iteration 11 | Bound: [-7.377713, 0.000677] | l2 radius: 1.25E-01 | Size: 1.38E+03 | Time: 115ms
> Iteration 12 | Bound: [-3.973088, 0.000135] | l2 radius: 9.23E-02 | Size: 2.29E+03 | Time: 130ms
> Iteration 13 | Bound: [-1.826588, 0.005988] | l2 radius: 6.27E-02 | Size: 4.07E+03 | Time: 154ms
> Iteration 14 | Bound: [-0.985296, 0.005913] | l2 radius: 4.61E-02 | Size: 7.71E+03 | Time: 210ms
> Iteration 15 | Bound: [-0.452386, 0.005915] | l2 radius: 3.14E-02 | Size: 1.34E+04 | Time: 298ms
> Iteration 16 | Bound: [-0.241997, 0.005972] | l2 radius: 2.31E-02 | Size: 1.61E+04 | Time: 414ms
> Iteration 17 | Bound: [-0.108724, 0.006039] | l2 radius: 1.57E-02 | Size: 2.27E+04 | Time: 557ms
> Iteration 18 | Bound: [-0.056028, 0.006040] | l2 radius: 1.15E-02 | Size: 3.03E+04 | Time: 744ms
> Iteration 19 | Bound: [-0.022706, 0.006058] | l2 radius: 7.84E-03 | Size: 3.82E+04 | Time: 992ms
> Iteration 20 | Bound: [-0.009496, 0.006073] | l2 radius: 5.77E-03 | Size: 2.92E+04 | Time: 1s165ms
> Iteration 21 | Bound: [-0.001143, 0.006083] | l2 radius: 3.92E-03 | Size: 1.72E+04 | Time: 1s278ms
> Iteration 22 | Bound: [0.002174, 0.006086] | l2 radius: 2.88E-03 | Size: 1.67E+03 | Time: 1s288ms
> No region to refine. Done!
> Time for subregion 0000000001: 1s288ms
> Total time up to subregion 0000000001: 1s288ms = 1.2883424758911133 s
> Total time : 1s288ms = 1.2883424758911133 s
> Success: True
==> Feasibility test passed for beta = 5.5000. Reducing beta range to [5.5000, 10.0000].
==> Time for this iteration: 1s305ms
==> Total time for binary search so far: 1s305ms = 1.3050291538238525 s
##################################################
==> Current beta range: [5.5000, 10.0000]
==> Testing beta = 7.7500
==> Number of subregions: 1
==> Subregion 0000000001 / 0000000001: 
==> [[-3.14 -5.  ], [3.14 5.  ]]
==> Lipschitz constant of the zero order test function: 111.573217
> Iteration 00 | Bound: [-658.627502, 0.123313] | l2 radius: 5.90E+00 | Size: 1.00E+00 | Time: 1ms
> Iteration 01 | Bound: [-447.075012, 0.743820] | l2 radius: 4.01E+00 | Size: 2.00E+00 | Time: 2ms
> Iteration 02 | Bound: [-329.369324, 0.006064] | l2 radius: 2.95E+00 | Size: 4.00E+00 | Time: 4ms
> Iteration 03 | Bound: [-223.888199, 0.021217] | l2 radius: 2.01E+00 | Size: 8.00E+00 | Time: 6ms
> Iteration 04 | Bound: [-164.664627, 0.023069] | l2 radius: 1.48E+00 | Size: 1.60E+01 | Time: 7ms
> Iteration 05 | Bound: [-111.933388, 0.021316] | l2 radius: 1.00E+00 | Size: 3.20E+01 | Time: 9ms
> Iteration 06 | Bound: [-82.340881, 0.002968] | l2 radius: 7.38E-01 | Size: 6.40E+01 | Time: 11ms
> Iteration 07 | Bound: [-55.980175, 0.005739] | l2 radius: 5.02E-01 | Size: 1.28E+02 | Time: 13ms
> Iteration 08 | Bound: [-41.201237, 0.001682] | l2 radius: 3.69E-01 | Size: 2.56E+02 | Time: 16ms
> Iteration 09 | Bound: [-28.013067, 0.001581] | l2 radius: 2.51E-01 | Size: 5.12E+02 | Time: 19ms
> Iteration 10 | Bound: [-16.014042, 0.000688] | l2 radius: 1.85E-01 | Size: 9.61E+02 | Time: 25ms
> Iteration 11 | Bound: [-7.404702, 0.000286] | l2 radius: 1.25E-01 | Size: 1.38E+03 | Time: 34ms
> Iteration 12 | Bound: [-3.987721, 0.001400] | l2 radius: 9.23E-02 | Size: 2.29E+03 | Time: 48ms
> Iteration 13 | Bound: [-1.838074, 0.001402] | l2 radius: 6.27E-02 | Size: 4.07E+03 | Time: 70ms
> Iteration 14 | Bound: [-0.993702, 0.001404] | l2 radius: 4.61E-02 | Size: 7.71E+03 | Time: 121ms
> Iteration 15 | Bound: [-0.458826, 0.001387] | l2 radius: 3.14E-02 | Size: 1.35E+04 | Time: 201ms
> Iteration 16 | Bound: [-0.247545, 0.001438] | l2 radius: 2.31E-02 | Size: 1.62E+04 | Time: 310ms
> Iteration 17 | Bound: [-0.113794, 0.001460] | l2 radius: 1.57E-02 | Size: 2.29E+04 | Time: 450ms
> Iteration 18 | Bound: [-0.060879, 0.001481] | l2 radius: 1.15E-02 | Size: 3.08E+04 | Time: 628ms
> Iteration 19 | Bound: [-0.027419, 0.001488] | l2 radius: 7.84E-03 | Size: 3.96E+04 | Time: 875ms
> Iteration 20 | Bound: [-0.014146, 0.001492] | l2 radius: 5.77E-03 | Size: 3.57E+04 | Time: 1s98ms
> Iteration 21 | Bound: [-0.005773, 0.001502] | l2 radius: 3.92E-03 | Size: 2.73E+04 | Time: 1s258ms
> Iteration 22 | Bound: [-0.002431, 0.001508] | l2 radius: 2.88E-03 | Size: 1.69E+04 | Time: 1s373ms
> Iteration 23 | Bound: [-0.000332, 0.001512] | l2 radius: 1.96E-03 | Size: 7.93E+03 | Time: 1s413ms
> Iteration 24 | Bound: [0.000515, 0.001512] | l2 radius: 1.44E-03 | Size: 1.43E+03 | Time: 1s421ms
> No region to refine. Done!
> Time for subregion 0000000001: 1s421ms
> Total time up to subregion 0000000001: 1s421ms = 1.4219305515289307 s
> Total time : 1s421ms = 1.4219305515289307 s
> Success: True
==> Feasibility test passed for beta = 7.7500. Reducing beta range to [7.7500, 10.0000].
==> Time for this iteration: 1s422ms
==> Total time for binary search so far: 2s727ms = 2.7276060581207275 s
##################################################
==> Current beta range: [7.7500, 10.0000]
==> Testing beta = 8.8750
==> Number of subregions: 1
==> Subregion 0000000001 / 0000000001: 
==> [[-3.14 -5.  ], [3.14 5.  ]]
==> Lipschitz constant of the zero order test function: 111.818198
> Iteration 00 | Bound: [-660.074097, 0.123103] | l2 radius: 5.90E+00 | Size: 1.00E+00 | Time: 1ms
> Iteration 01 | Bound: [-448.062012, 0.740084] | l2 radius: 4.01E+00 | Size: 2.00E+00 | Time: 2ms
> Iteration 02 | Bound: [-330.094940, 0.003650] | l2 radius: 2.95E+00 | Size: 4.00E+00 | Time: 4ms
> Iteration 03 | Bound: [-224.382263, 0.018786] | l2 radius: 2.01E+00 | Size: 8.00E+00 | Time: 6ms
> Iteration 04 | Bound: [-165.027405, 0.021896] | l2 radius: 1.48E+00 | Size: 1.60E+01 | Time: 7ms
> Iteration 05 | Bound: [-112.180481, 0.020045] | l2 radius: 1.00E+00 | Size: 3.20E+01 | Time: 9ms
> Iteration 06 | Bound: [-82.522079, 0.002574] | l2 radius: 7.38E-01 | Size: 6.40E+01 | Time: 11ms
> Iteration 07 | Bound: [-56.103298, 0.005453] | l2 radius: 5.02E-01 | Size: 1.28E+02 | Time: 13ms
> Iteration 08 | Bound: [-41.291687, 0.002440] | l2 radius: 3.69E-01 | Size: 2.56E+02 | Time: 16ms
> Iteration 09 | Bound: [-28.074652, 0.000378] | l2 radius: 2.51E-01 | Size: 5.12E+02 | Time: 19ms
> Iteration 10 | Bound: [-16.043537, -0.000150] | l2 radius: 1.85E-01 | Size: 9.61E+02 | Time: 25ms
> Negative region:  [-1.6681252 -2.03125  ]
> Negative value:  -0.00015038997
> Double check:  tensor([-0.0002])
> CBF value:  tensor([[0.0021]])
==> Feasibility test failed for beta = 8.8750. Reducing beta range to [7.7500, 8.8750].
==> Time for this iteration: 27ms
==> Total time for binary search so far: 2s755ms = 2.755091428756714 s
##################################################
==> Current beta range: [7.7500, 8.8750]
==> Testing beta = 8.3125
==> Number of subregions: 1
==> Subregion 0000000001 / 0000000001: 
==> [[-3.14 -5.  ], [3.14 5.  ]]
==> Lipschitz constant of the zero order test function: 111.695707
> Iteration 00 | Bound: [-659.350769, 0.123208] | l2 radius: 5.90E+00 | Size: 1.00E+00 | Time: 1ms
> Iteration 01 | Bound: [-447.568512, 0.741952] | l2 radius: 4.01E+00 | Size: 2.00E+00 | Time: 2ms
> Iteration 02 | Bound: [-329.732147, 0.004857] | l2 radius: 2.95E+00 | Size: 4.00E+00 | Time: 4ms
> Iteration 03 | Bound: [-224.135223, 0.020001] | l2 radius: 2.01E+00 | Size: 8.00E+00 | Time: 6ms
> Iteration 04 | Bound: [-164.846024, 0.022483] | l2 radius: 1.48E+00 | Size: 1.60E+01 | Time: 7ms
> Iteration 05 | Bound: [-112.056931, 0.020680] | l2 radius: 1.00E+00 | Size: 3.20E+01 | Time: 9ms
> Iteration 06 | Bound: [-82.431480, 0.002771] | l2 radius: 7.38E-01 | Size: 6.40E+01 | Time: 11ms
> Iteration 07 | Bound: [-56.041737, 0.005596] | l2 radius: 5.02E-01 | Size: 1.28E+02 | Time: 13ms
> Iteration 08 | Bound: [-41.246464, 0.000581] | l2 radius: 3.69E-01 | Size: 2.56E+02 | Time: 27ms
> Iteration 09 | Bound: [-28.043859, 0.000465] | l2 radius: 2.51E-01 | Size: 5.12E+02 | Time: 31ms
> Iteration 10 | Bound: [-16.028790, 0.000445] | l2 radius: 1.85E-01 | Size: 9.61E+02 | Time: 37ms
> Iteration 11 | Bound: [-7.411449, 0.000078] | l2 radius: 1.25E-01 | Size: 1.38E+03 | Time: 47ms
> Iteration 12 | Bound: [-3.991379, 0.000249] | l2 radius: 9.23E-02 | Size: 2.29E+03 | Time: 61ms
> Iteration 13 | Bound: [-1.840945, 0.000256] | l2 radius: 6.27E-02 | Size: 4.07E+03 | Time: 83ms
> Iteration 14 | Bound: [-0.995806, 0.000270] | l2 radius: 4.61E-02 | Size: 7.71E+03 | Time: 135ms
> Iteration 15 | Bound: [-0.460440, 0.000255] | l2 radius: 3.14E-02 | Size: 1.36E+04 | Time: 218ms
> Iteration 16 | Bound: [-0.248947, 0.000292] | l2 radius: 2.31E-02 | Size: 1.62E+04 | Time: 329ms
> Iteration 17 | Bound: [-0.115074, 0.000313] | l2 radius: 1.57E-02 | Size: 2.30E+04 | Time: 470ms
> Iteration 18 | Bound: [-0.062096, 0.000329] | l2 radius: 1.15E-02 | Size: 3.09E+04 | Time: 656ms
> Iteration 19 | Bound: [-0.028603, 0.000341] | l2 radius: 7.84E-03 | Size: 3.99E+04 | Time: 908ms
> Iteration 20 | Bound: [-0.015312, 0.000347] | l2 radius: 5.77E-03 | Size: 3.71E+04 | Time: 1s131ms
> Iteration 21 | Bound: [-0.006933, 0.000352] | l2 radius: 3.92E-03 | Size: 2.98E+04 | Time: 1s303ms
> Iteration 22 | Bound: [-0.003587, 0.000356] | l2 radius: 2.88E-03 | Size: 2.18E+04 | Time: 1s438ms
> Iteration 23 | Bound: [-0.001487, 0.000360] | l2 radius: 1.96E-03 | Size: 1.49E+04 | Time: 1s525ms
> Iteration 24 | Bound: [-0.000638, 0.000363] | l2 radius: 1.44E-03 | Size: 8.99E+03 | Time: 1s582ms
> Iteration 25 | Bound: [-0.000111, 0.000363] | l2 radius: 9.80E-04 | Size: 6.51E+03 | Time: 1s628ms
> Early stopping. Done!
> Time for subregion 0000000001: 1s628ms
> Total time up to subregion 0000000001: 1s628ms = 1.6282870769500732 s
> Total time : 1s628ms = 1.6282870769500732 s
> Success: True
==> Feasibility test passed for beta = 8.3125. Reducing beta range to [8.3125, 8.8750].
==> Time for this iteration: 1s628ms
==> Total time for binary search so far: 4s383ms = 4.383966684341431 s
##################################################
==> Current beta range: [8.3125, 8.8750]
==> Testing beta = 8.5938
==> Number of subregions: 1
==> Subregion 0000000001 / 0000000001: 
==> [[-3.14 -5.  ], [3.14 5.  ]]
==> Lipschitz constant of the zero order test function: 111.756953
> Iteration 00 | Bound: [-659.712463, 0.123156] | l2 radius: 5.90E+00 | Size: 1.00E+00 | Time: 1ms
> Iteration 01 | Bound: [-447.815247, 0.741018] | l2 radius: 4.01E+00 | Size: 2.00E+00 | Time: 2ms
> Iteration 02 | Bound: [-329.913574, 0.004254] | l2 radius: 2.95E+00 | Size: 4.00E+00 | Time: 4ms
> Iteration 03 | Bound: [-224.258743, 0.019394] | l2 radius: 2.01E+00 | Size: 8.00E+00 | Time: 6ms
> Iteration 04 | Bound: [-164.936722, 0.022189] | l2 radius: 1.48E+00 | Size: 1.60E+01 | Time: 7ms
> Iteration 05 | Bound: [-112.118706, 0.020363] | l2 radius: 1.00E+00 | Size: 3.20E+01 | Time: 9ms
> Iteration 06 | Bound: [-82.476784, 0.002672] | l2 radius: 7.38E-01 | Size: 6.40E+01 | Time: 11ms
> Iteration 07 | Bound: [-56.072517, 0.005525] | l2 radius: 5.02E-01 | Size: 1.28E+02 | Time: 13ms
> Iteration 08 | Bound: [-41.269073, 0.000030] | l2 radius: 3.69E-01 | Size: 2.56E+02 | Time: 16ms
> Iteration 09 | Bound: [-28.059254, 0.000918] | l2 radius: 2.51E-01 | Size: 5.12E+02 | Time: 19ms
> Iteration 10 | Bound: [-16.036163, 0.000324] | l2 radius: 1.85E-01 | Size: 9.61E+02 | Time: 25ms
> Iteration 11 | Bound: [-7.414823, 0.000212] | l2 radius: 1.25E-01 | Size: 1.38E+03 | Time: 34ms
> Iteration 12 | Bound: [-3.993232, 0.000134] | l2 radius: 9.23E-02 | Size: 2.29E+03 | Time: 48ms
> Iteration 13 | Bound: [-1.842381, -0.000056] | l2 radius: 6.27E-02 | Size: 4.07E+03 | Time: 82ms
> Negative region:  [-1.7171876 -1.9921875]
> Negative value:  -5.5825338e-05
> Double check:  tensor([-5.5816e-05])
> CBF value:  tensor([[0.0017]])
==> Feasibility test failed for beta = 8.5938. Reducing beta range to [8.3125, 8.5938].
==> Time for this iteration: 84ms
==> Total time for binary search so far: 4s468ms = 4.468277931213379 s
##################################################
==> Current beta range: [8.3125, 8.5938]
==> Testing beta = 8.4531
==> Number of subregions: 1
==> Subregion 0000000001 / 0000000001: 
==> [[-3.14 -5.  ], [3.14 5.  ]]
==> Lipschitz constant of the zero order test function: 111.726330
> Iteration 00 | Bound: [-659.531677, 0.123182] | l2 radius: 5.90E+00 | Size: 1.00E+00 | Time: 1ms
> Iteration 01 | Bound: [-447.691895, 0.741485] | l2 radius: 4.01E+00 | Size: 2.00E+00 | Time: 2ms
> Iteration 02 | Bound: [-329.822876, 0.004555] | l2 radius: 2.95E+00 | Size: 4.00E+00 | Time: 4ms
> Iteration 03 | Bound: [-224.196991, 0.019698] | l2 radius: 2.01E+00 | Size: 8.00E+00 | Time: 6ms
> Iteration 04 | Bound: [-164.891373, 0.022336] | l2 radius: 1.48E+00 | Size: 1.60E+01 | Time: 8ms
> Iteration 05 | Bound: [-112.087822, 0.020522] | l2 radius: 1.00E+00 | Size: 3.20E+01 | Time: 9ms
> Iteration 06 | Bound: [-82.454132, 0.002722] | l2 radius: 7.38E-01 | Size: 6.40E+01 | Time: 11ms
> Iteration 07 | Bound: [-56.057129, 0.005561] | l2 radius: 5.02E-01 | Size: 1.28E+02 | Time: 13ms
> Iteration 08 | Bound: [-41.257771, 0.000306] | l2 radius: 3.69E-01 | Size: 2.56E+02 | Time: 16ms
> Iteration 09 | Bound: [-28.051558, 0.000185] | l2 radius: 2.51E-01 | Size: 5.12E+02 | Time: 20ms
> Iteration 10 | Bound: [-16.032476, 0.000385] | l2 radius: 1.85E-01 | Size: 9.61E+02 | Time: 25ms
> Iteration 11 | Bound: [-7.413136, 0.000026] | l2 radius: 1.25E-01 | Size: 1.38E+03 | Time: 34ms
> Iteration 12 | Bound: [-3.992295, 0.000280] | l2 radius: 9.23E-02 | Size: 2.29E+03 | Time: 48ms
> Iteration 13 | Bound: [-1.841663, 0.000003] | l2 radius: 6.27E-02 | Size: 4.07E+03 | Time: 70ms
> Iteration 14 | Bound: [-0.996332, 0.000002] | l2 radius: 4.61E-02 | Size: 7.71E+03 | Time: 122ms
> Iteration 15 | Bound: [-0.460843, 0.000014] | l2 radius: 3.14E-02 | Size: 1.36E+04 | Time: 205ms
> Iteration 16 | Bound: [-0.249297, 0.000006] | l2 radius: 2.31E-02 | Size: 1.62E+04 | Time: 315ms
> Iteration 17 | Bound: [-0.115394, 0.000027] | l2 radius: 1.57E-02 | Size: 2.30E+04 | Time: 453ms
> Iteration 18 | Bound: [-0.062402, 0.000041] | l2 radius: 1.15E-02 | Size: 3.09E+04 | Time: 633ms
> Iteration 19 | Bound: [-0.028899, 0.000053] | l2 radius: 7.84E-03 | Size: 4.00E+04 | Time: 886ms
> Iteration 20 | Bound: [-0.015605, 0.000060] | l2 radius: 5.77E-03 | Size: 3.75E+04 | Time: 1s109ms
> Iteration 21 | Bound: [-0.007222, 0.000064] | l2 radius: 3.92E-03 | Size: 3.05E+04 | Time: 1s303ms
> Iteration 22 | Bound: [-0.003877, 0.000068] | l2 radius: 2.88E-03 | Size: 2.30E+04 | Time: 1s444ms
> Iteration 23 | Bound: [-0.001775, 0.000072] | l2 radius: 1.96E-03 | Size: 1.73E+04 | Time: 1s545ms
> Iteration 24 | Bound: [-0.000926, 0.000074] | l2 radius: 1.44E-03 | Size: 1.11E+04 | Time: 1s615ms
> Iteration 25 | Bound: [-0.000399, 0.000075] | l2 radius: 9.80E-04 | Size: 1.02E+04 | Time: 1s678ms
> Early stopping. Done!
> Time for subregion 0000000001: 1s678ms
> Total time up to subregion 0000000001: 1s678ms = 1.67812180519104 s
> Total time : 1s678ms = 1.67812180519104 s
> Success: True
==> Feasibility test passed for beta = 8.4531. Reducing beta range to [8.4531, 8.5938].
==> Time for this iteration: 1s678ms
==> Total time for binary search so far: 6s147ms = 6.147113561630249 s
##################################################
==> Current beta range: [8.4531, 8.5938]
==> Testing beta = 8.5234
==> Number of subregions: 1
==> Subregion 0000000001 / 0000000001: 
==> [[-3.14 -5.  ], [3.14 5.  ]]
==> Lipschitz constant of the zero order test function: 111.741641
> Iteration 00 | Bound: [-659.622009, 0.123169] | l2 radius: 5.90E+00 | Size: 1.00E+00 | Time: 1ms
> Iteration 01 | Bound: [-447.753571, 0.741252] | l2 radius: 4.01E+00 | Size: 2.00E+00 | Time: 2ms
> Iteration 02 | Bound: [-329.868195, 0.004405] | l2 radius: 2.95E+00 | Size: 4.00E+00 | Time: 4ms
> Iteration 03 | Bound: [-224.227859, 0.019546] | l2 radius: 2.01E+00 | Size: 8.00E+00 | Time: 6ms
> Iteration 04 | Bound: [-164.914032, 0.022263] | l2 radius: 1.48E+00 | Size: 1.60E+01 | Time: 8ms
> Iteration 05 | Bound: [-112.103264, 0.020442] | l2 radius: 1.00E+00 | Size: 3.20E+01 | Time: 9ms
> Iteration 06 | Bound: [-82.465454, 0.002697] | l2 radius: 7.38E-01 | Size: 6.40E+01 | Time: 11ms
> Iteration 07 | Bound: [-56.064823, 0.005543] | l2 radius: 5.02E-01 | Size: 1.28E+02 | Time: 13ms
> Iteration 08 | Bound: [-41.263420, 0.000168] | l2 radius: 3.69E-01 | Size: 2.56E+02 | Time: 16ms
> Iteration 09 | Bound: [-28.055405, 0.000046] | l2 radius: 2.51E-01 | Size: 5.12E+02 | Time: 20ms
> Iteration 10 | Bound: [-16.034319, 0.000354] | l2 radius: 1.85E-01 | Size: 9.61E+02 | Time: 25ms
> Iteration 11 | Bound: [-7.413979, 0.000000] | l2 radius: 1.25E-01 | Size: 1.38E+03 | Time: 35ms
> Iteration 12 | Bound: [-3.992764, 0.000139] | l2 radius: 9.23E-02 | Size: 2.29E+03 | Time: 48ms
> Iteration 13 | Bound: [-1.842022, 0.000089] | l2 radius: 6.27E-02 | Size: 4.07E+03 | Time: 84ms
> Iteration 14 | Bound: [-0.996595, 0.000027] | l2 radius: 4.61E-02 | Size: 7.71E+03 | Time: 124ms
> Iteration 15 | Bound: [-0.461045, 0.000018] | l2 radius: 3.14E-02 | Size: 1.36E+04 | Time: 219ms
> Iteration 16 | Bound: [-0.249472, -0.000035] | l2 radius: 2.31E-02 | Size: 1.62E+04 | Time: 314ms
> Negative region:  [-1.7294533 -2.0117188]
> Negative value:  -3.4803525e-05
> Double check:  tensor([-3.4729e-05])
> CBF value:  tensor([[0.0004]])
==> Feasibility test failed for beta = 8.5234. Reducing beta range to [8.4531, 8.5234].
==> Time for this iteration: 316ms
==> Total time for binary search so far: 6s463ms = 6.4635255336761475 s
##################################################
==> Best beta found: 8.4531
==> Done!
