==> Creating result directory ...
==> Loading test settings ...
==> Deciding torch device ...
==> torch device:  cpu
==> Building dynamical system ...
==> Building cbf neural network ...
==> Lipschitz constant of CBF network: 1.000000
==> Hessian bound of CBF network: 4.355212
==> Third order elementwise bound of CBF network: 30.225904
==> Number of subregions: 1
==> Subregion 0000000001 / 0000000001: 
==> [[-3.14 -5.  ], [3.14 5.  ]]
==> Lipschitz constant of the zero order test function: 110.103333
> Iteration 00 | Bound: [-649.947754, 0.124571] | l2 radius: 5.90E+00 | Size: 1.00E+00 | Time: 5ms
> Iteration 01 | Bound: [-441.152924, 0.766233] | l2 radius: 4.01E+00 | Size: 2.00E+00 | Time: 7ms
> Iteration 02 | Bound: [-325.015625, 0.020550] | l2 radius: 2.95E+00 | Size: 4.00E+00 | Time: 9ms
> Iteration 03 | Bound: [-220.923782, 0.035798] | l2 radius: 2.01E+00 | Size: 8.00E+00 | Time: 12ms
> Iteration 04 | Bound: [-162.487976, 0.030111] | l2 radius: 1.48E+00 | Size: 1.60E+01 | Time: 16ms
> Iteration 05 | Bound: [-110.450851, 0.028939] | l2 radius: 1.00E+00 | Size: 3.20E+01 | Time: 21ms
> Iteration 06 | Bound: [-81.253700, 0.005337] | l2 radius: 7.38E-01 | Size: 6.40E+01 | Time: 45ms
> Iteration 07 | Bound: [-55.241425, 0.007454] | l2 radius: 5.02E-01 | Size: 1.28E+02 | Time: 57ms
> Iteration 08 | Bound: [-40.658535, 0.006216] | l2 radius: 3.69E-01 | Size: 2.56E+02 | Time: 74ms
> Iteration 09 | Bound: [-27.643553, 0.002884] | l2 radius: 2.51E-01 | Size: 5.12E+02 | Time: 104ms
> Iteration 10 | Bound: [-15.837073, 0.003409] | l2 radius: 1.85E-01 | Size: 9.61E+02 | Time: 162ms
> Iteration 11 | Bound: [-7.323735, 0.000415] | l2 radius: 1.25E-01 | Size: 1.38E+03 | Time: 256ms
> Iteration 12 | Bound: [-3.943822, 0.000579] | l2 radius: 9.23E-02 | Size: 2.29E+03 | Time: 365ms
> Iteration 13 | Bound: [-1.812147, 0.011698] | l2 radius: 6.27E-02 | Size: 4.07E+03 | Time: 551ms
> Iteration 14 | Bound: [-0.976648, 0.014921] | l2 radius: 4.61E-02 | Size: 7.71E+03 | Time: 909ms
> Iteration 15 | Bound: [-0.439803, 0.014953] | l2 radius: 3.14E-02 | Size: 1.32E+04 | Time: 1s460ms
> Iteration 16 | Bound: [-0.231042, 0.014972] | l2 radius: 2.31E-02 | Size: 1.59E+04 | Time: 2s113ms
> Iteration 17 | Bound: [-0.098707, 0.015047] | l2 radius: 1.57E-02 | Size: 2.23E+04 | Time: 3s8ms
> Iteration 18 | Bound: [-0.046467, 0.015093] | l2 radius: 1.15E-02 | Size: 2.93E+04 | Time: 4s174ms
> Iteration 19 | Bound: [-0.013362, 0.015106] | l2 radius: 7.84E-03 | Size: 3.53E+04 | Time: 5s548ms
> Iteration 20 | Bound: [-0.000291, 0.015113] | l2 radius: 5.77E-03 | Size: 1.61E+04 | Time: 6s159ms
> Iteration 21 | Bound: [0.007992, 0.015126] | l2 radius: 3.92E-03 | Size: 1.37E+02 | Time: 6s167ms
> No region to refine. Done!
> Time for subregion 0000000001: 6s167ms
> Total time up to subregion 0000000001: 6s167ms = 6.16706657409668 s
> Total time excluding drawing: 6s167ms = 6.16706657409668 s
> Success: True
==> Done!
