==> Creating result directory ...
==> Loading test settings ...
==> Deciding torch device ...
==> torch device:  cpu
==> Building cbf neural network ...
==> Lipschitz constant of CBF network: 1.000000
==> Hessian bound of CBF network: 6.532818
==> Third order elementwise bound of CBF network: 66.677713
==> Number of subregions: 1
==> Subregion 0000000001 / 0000000001: 
==> [[-0.5  -2.   -1.57], [0.5  0.   1.57]]
> Iteration 00 | Bound: [-0.376542, 1.550866] | l2 radius: 1.93E+00 | Size: 1.00E+00 | Time: 10ms
> Iteration 01 | Bound: [-0.417696, 0.948402] | l2 radius: 1.37E+00 | Size: 2.00E+00 | Time: 12ms
> Iteration 02 | Bound: [-0.376197, 0.680319] | l2 radius: 1.06E+00 | Size: 4.00E+00 | Time: 15ms
> Iteration 03 | Bound: [-0.337592, 0.471145] | l2 radius: 8.09E-01 | Size: 8.00E+00 | Time: 19ms
> Iteration 04 | Bound: [-0.305182, 0.377867] | l2 radius: 6.83E-01 | Size: 1.60E+01 | Time: 24ms
> Iteration 05 | Bound: [-0.275157, 0.253100] | l2 radius: 5.28E-01 | Size: 3.20E+01 | Time: 34ms
> Iteration 06 | Bound: [-0.258546, 0.145823] | l2 radius: 4.04E-01 | Size: 6.00E+01 | Time: 49ms
> Iteration 07 | Bound: [-0.223068, 0.118457] | l2 radius: 3.42E-01 | Size: 9.80E+01 | Time: 69ms
> Iteration 08 | Bound: [-0.186684, 0.077444] | l2 radius: 2.64E-01 | Size: 1.02E+02 | Time: 93ms
> Iteration 09 | Bound: [-0.177698, 0.024487] | l2 radius: 2.02E-01 | Size: 3.60E+01 | Time: 102ms
> Iteration 10 | Bound: [-0.157550, 0.008405] | l2 radius: 1.71E-01 | Size: 6.00E+00 | Time: 106ms
> Iteration 11 | Bound: [-0.125156, -0.033938] | l2 radius: 1.32E-01 | Size: 4.00E+00 | Time: 109ms
> No region to refine. Done!
> Time for subregion 0000000001: 109ms
> Total time up to subregion 0000000001: 109ms = 0.10941123962402344 s
> Total time excluding drawing: 109ms = 0.10941123962402344 s
> Success: True
==> Done!
