==> Creating result directory ...
==> Loading test settings ...
==> Deciding torch device ...
==> torch device:  cuda
==> Seeding everything ...
==> Building dynamical system ...
==> Building cbf neural network ...
==========================================================================================
Layer (type:depth-idx)                   Output Shape              Param #
==========================================================================================
LipschitzNetwork                         [1, 1]                    --
├─Sequential: 1-1                        [1, 1]                    --
│    └─SandwichFc: 2-1                   [1, 256]                  66,817
│    └─SandwichFc: 2-2                   [1, 256]                  131,585
│    └─SandwichFc: 2-3                   [1, 256]                  131,585
│    └─SandwichLin: 2-4                  [1, 1]                    259
==========================================================================================
Total params: 330,246
Trainable params: 329,478
Non-trainable params: 768
Total mult-adds (M): 0.33
==========================================================================================
Input size (MB): 0.00
Forward/backward pass size (MB): 0.01
Params size (MB): 1.32
Estimated Total Size (MB): 1.33
==========================================================================================
==> Lipschitz constant of CBF network: 1.000000
==> Amount of training data:  48000
==> Creating training data ...
==> Start training ...
Epoch: 001 | Train Loss: 2.6497E-01 | CBF GN: 2.9812E+00 | Time: 1s363ms
Epoch: 001 | Test Loss: 4.4840E-02 | Time: 344ms
> Save at epoch 001 | Test loss 4.4840E-02
Epoch: 002 | Test Loss: 6.2955E-03 | Time: 323ms
> Save at epoch 002 | Test loss 6.2955E-03
Epoch: 003 | Test Loss: 4.5581E-03 | Time: 319ms
> Save at epoch 003 | Test loss 4.5581E-03
Epoch: 004 | Test Loss: 1.2004E-03 | Time: 353ms
> Save at epoch 004 | Test loss 1.2004E-03
Epoch: 005 | Test Loss: 1.0553E-03 | Time: 316ms
> Save at epoch 005 | Test loss 1.0553E-03
Epoch: 006 | Train Loss: 2.4510E-03 | CBF GN: 1.1490E-01 | Time: 1s300ms
Epoch: 006 | Test Loss: 1.0219E-03 | Time: 314ms
> Save at epoch 006 | Test loss 1.0219E-03
Epoch: 007 | Test Loss: 1.0161E-03 | Time: 343ms
> Save at epoch 007 | Test loss 1.0161E-03
Epoch: 008 | Test Loss: 9.3138E-04 | Time: 319ms
> Save at epoch 008 | Test loss 9.3138E-04
Epoch: 009 | Test Loss: 9.3322E-04 | Time: 319ms
Epoch: 010 | Test Loss: 8.2433E-04 | Time: 315ms
> Save at epoch 010 | Test loss 8.2433E-04
Epoch: 011 | Train Loss: 1.4275E-03 | CBF GN: 6.6518E-02 | Time: 1s299ms
Epoch: 011 | Test Loss: 7.7083E-04 | Time: 316ms
> Save at epoch 011 | Test loss 7.7083E-04
Epoch: 012 | Test Loss: 7.5064E-04 | Time: 343ms
> Save at epoch 012 | Test loss 7.5064E-04
Epoch: 013 | Test Loss: 5.2175E-04 | Time: 316ms
> Save at epoch 013 | Test loss 5.2175E-04
Epoch: 014 | Test Loss: 4.9796E-04 | Time: 316ms
> Save at epoch 014 | Test loss 4.9796E-04
Epoch: 015 | Test Loss: 5.3783E-04 | Time: 344ms
Epoch: 016 | Train Loss: 1.1749E-03 | CBF GN: 4.4555E-02 | Time: 1s258ms
Epoch: 016 | Test Loss: 4.5814E-04 | Time: 319ms
> Save at epoch 016 | Test loss 4.5814E-04
Epoch: 017 | Test Loss: 3.8512E-04 | Time: 346ms
> Save at epoch 017 | Test loss 3.8512E-04
Epoch: 018 | Test Loss: 4.3934E-04 | Time: 345ms
Epoch: 019 | Test Loss: 3.7322E-04 | Time: 313ms
> Save at epoch 019 | Test loss 3.7322E-04
Epoch: 020 | Test Loss: 3.5089E-04 | Time: 345ms
> Save at epoch 020 | Test loss 3.5089E-04
Epoch: 021 | Train Loss: 8.4141E-04 | CBF GN: 3.0920E-02 | Time: 1s267ms
Epoch: 021 | Test Loss: 5.0209E-04 | Time: 344ms
Epoch: 022 | Test Loss: 3.1878E-04 | Time: 316ms
> Save at epoch 022 | Test loss 3.1878E-04
Epoch: 023 | Test Loss: 3.6180E-04 | Time: 349ms
Epoch: 024 | Test Loss: 3.0570E-04 | Time: 319ms
> Save at epoch 024 | Test loss 3.0570E-04
Epoch: 025 | Test Loss: 3.6060E-04 | Time: 345ms
Epoch: 026 | Train Loss: 7.6959E-04 | CBF GN: 2.8689E-02 | Time: 1s269ms
Epoch: 026 | Test Loss: 2.7465E-04 | Time: 317ms
> Save at epoch 026 | Test loss 2.7465E-04
Epoch: 027 | Test Loss: 3.9472E-04 | Time: 315ms
Epoch: 028 | Test Loss: 4.0663E-04 | Time: 313ms
Epoch: 029 | Test Loss: 4.1646E-04 | Time: 346ms
Epoch: 030 | Test Loss: 3.6917E-04 | Time: 354ms
Epoch: 031 | Train Loss: 8.2939E-04 | CBF GN: 2.7074E-02 | Time: 1s267ms
Epoch: 031 | Test Loss: 3.7070E-04 | Time: 332ms
Epoch: 032 | Test Loss: 4.1061E-04 | Time: 316ms
Epoch: 033 | Test Loss: 2.4526E-04 | Time: 318ms
> Save at epoch 033 | Test loss 2.4526E-04
Epoch: 034 | Test Loss: 3.9534E-04 | Time: 344ms
Epoch: 035 | Test Loss: 2.5746E-04 | Time: 321ms
Epoch: 036 | Train Loss: 6.9474E-04 | CBF GN: 2.4780E-02 | Time: 1s288ms
Epoch: 036 | Test Loss: 2.5347E-04 | Time: 319ms
Epoch: 037 | Test Loss: 2.7154E-04 | Time: 319ms
Epoch: 038 | Test Loss: 2.9434E-04 | Time: 347ms
Epoch: 039 | Test Loss: 3.2073E-04 | Time: 345ms
Epoch: 040 | Test Loss: 2.8283E-04 | Time: 315ms
Epoch: 041 | Train Loss: 6.9055E-04 | CBF GN: 2.4825E-02 | Time: 1s266ms
Epoch: 041 | Test Loss: 2.3401E-04 | Time: 332ms
> Save at epoch 041 | Test loss 2.3401E-04
Epoch: 042 | Test Loss: 2.0193E-04 | Time: 316ms
> Save at epoch 042 | Test loss 2.0193E-04
Epoch: 043 | Test Loss: 2.3715E-04 | Time: 344ms
Epoch: 044 | Test Loss: 2.0162E-04 | Time: 316ms
> Save at epoch 044 | Test loss 2.0162E-04
Epoch: 045 | Test Loss: 1.7672E-04 | Time: 348ms
> Save at epoch 045 | Test loss 1.7672E-04
Epoch: 046 | Train Loss: 6.8378E-04 | CBF GN: 2.5968E-02 | Time: 1s270ms
Epoch: 046 | Test Loss: 2.1436E-04 | Time: 347ms
Epoch: 047 | Test Loss: 2.2338E-04 | Time: 315ms
Epoch: 048 | Test Loss: 2.2317E-04 | Time: 315ms
Epoch: 049 | Test Loss: 1.7971E-04 | Time: 317ms
Epoch: 050 | Test Loss: 1.9552E-04 | Time: 346ms
Epoch: 051 | Train Loss: 6.6881E-04 | CBF GN: 2.4723E-02 | Time: 1s272ms
Epoch: 051 | Test Loss: 2.0350E-04 | Time: 318ms
Epoch: 052 | Test Loss: 1.8726E-04 | Time: 344ms
Epoch: 053 | Test Loss: 1.7806E-04 | Time: 312ms
Epoch: 054 | Test Loss: 2.2120E-04 | Time: 317ms
Epoch: 055 | Test Loss: 1.9196E-04 | Time: 315ms
Epoch: 056 | Train Loss: 4.1376E-04 | CBF GN: 1.4199E-02 | Time: 1s296ms
Epoch: 056 | Test Loss: 1.3907E-04 | Time: 319ms
> Save at epoch 056 | Test loss 1.3907E-04
Epoch: 057 | Test Loss: 1.8253E-04 | Time: 314ms
Epoch: 058 | Test Loss: 6.4666E-04 | Time: 315ms
Epoch: 059 | Test Loss: 2.7308E-04 | Time: 314ms
Epoch: 060 | Test Loss: 2.4138E-04 | Time: 314ms
Epoch: 061 | Train Loss: 4.6367E-04 | CBF GN: 1.5471E-02 | Time: 1s265ms
Epoch: 061 | Test Loss: 1.8830E-04 | Time: 345ms
Epoch: 062 | Test Loss: 2.5370E-04 | Time: 344ms
Epoch: 063 | Test Loss: 2.2153E-04 | Time: 318ms
Epoch: 064 | Test Loss: 1.9363E-04 | Time: 314ms
Epoch: 065 | Test Loss: 1.4290E-04 | Time: 318ms
Epoch: 066 | Train Loss: 4.2046E-04 | CBF GN: 1.5326E-02 | Time: 1s288ms
Epoch: 066 | Test Loss: 1.8946E-04 | Time: 317ms
Epoch: 067 | Test Loss: 1.3477E-04 | Time: 326ms
> Save at epoch 067 | Test loss 1.3477E-04
Epoch: 068 | Test Loss: 2.0736E-04 | Time: 321ms
Epoch: 069 | Test Loss: 1.3417E-04 | Time: 327ms
> Save at epoch 069 | Test loss 1.3417E-04
Epoch: 070 | Test Loss: 1.4268E-04 | Time: 317ms
Epoch: 071 | Train Loss: 3.7888E-04 | CBF GN: 1.3932E-02 | Time: 1s258ms
Epoch: 071 | Test Loss: 1.4255E-04 | Time: 319ms
Epoch: 072 | Test Loss: 1.4631E-04 | Time: 345ms
Epoch: 073 | Test Loss: 1.5046E-04 | Time: 344ms
Epoch: 074 | Test Loss: 1.8312E-04 | Time: 318ms
Epoch: 075 | Test Loss: 1.4005E-04 | Time: 319ms
Epoch: 076 | Train Loss: 3.2379E-04 | CBF GN: 1.2184E-02 | Time: 1s294ms
Epoch: 076 | Test Loss: 1.7387E-04 | Time: 323ms
Epoch: 077 | Test Loss: 1.9284E-04 | Time: 318ms
Epoch: 078 | Test Loss: 1.5452E-04 | Time: 315ms
Epoch: 079 | Test Loss: 2.2477E-04 | Time: 343ms
Epoch: 080 | Test Loss: 1.1716E-04 | Time: 314ms
> Save at epoch 080 | Test loss 1.1716E-04
Epoch: 081 | Train Loss: 3.2550E-04 | CBF GN: 1.1603E-02 | Time: 1s296ms
Epoch: 081 | Test Loss: 1.5452E-04 | Time: 315ms
Epoch: 082 | Test Loss: 1.2119E-04 | Time: 324ms
Epoch: 083 | Test Loss: 1.2154E-04 | Time: 316ms
Epoch: 084 | Test Loss: 1.2983E-04 | Time: 345ms
Epoch: 085 | Test Loss: 1.4099E-04 | Time: 345ms
Epoch: 086 | Train Loss: 3.0453E-04 | CBF GN: 1.1977E-02 | Time: 1s268ms
Epoch: 086 | Test Loss: 1.3662E-04 | Time: 316ms
Epoch: 087 | Test Loss: 1.4825E-04 | Time: 314ms
Epoch: 088 | Test Loss: 1.2283E-04 | Time: 313ms
Epoch: 089 | Test Loss: 1.2772E-04 | Time: 314ms
Epoch: 090 | Test Loss: 1.2556E-04 | Time: 321ms
Epoch: 091 | Train Loss: 2.7909E-04 | CBF GN: 1.1617E-02 | Time: 1s256ms
Epoch: 091 | Test Loss: 1.3966E-04 | Time: 346ms
Epoch: 092 | Test Loss: 1.4904E-04 | Time: 347ms
Epoch: 093 | Test Loss: 1.2457E-04 | Time: 319ms
Epoch: 094 | Test Loss: 1.2013E-04 | Time: 317ms
Epoch: 095 | Test Loss: 1.1796E-04 | Time: 317ms
Epoch: 096 | Train Loss: 2.6255E-04 | CBF GN: 1.1286E-02 | Time: 1s297ms
Epoch: 096 | Test Loss: 1.1918E-04 | Time: 323ms
Epoch: 097 | Test Loss: 1.2183E-04 | Time: 315ms
Epoch: 098 | Test Loss: 1.1936E-04 | Time: 351ms
Epoch: 099 | Test Loss: 1.1859E-04 | Time: 341ms
Epoch: 100 | Test Loss: 1.1810E-04 | Time: 315ms
Total time: 2m40s
==> Visualizing training and test losses ...
==> Computing the smoothness constants ...
> Lipschitz constant of CBF network: 1.000000
> Hessian bound of CBF network: 6.532818
==> Saving the training results ...
==> Visualizing the CBF function and feasibility condition ...
==> Checking the safe and unsafe set ...
> Safe set percentage: 0.729756
> Unsafe set percentage: 1.000000
> Feasibility percentage: 1.000000
> Success:  True
==> Saving the feasibility results ...
==> Visualizing the CBF function and stability condition ...
==> Visualizing the feasibility condition ...
==> Done!
