==> Creating result directory ...
==> Loading test settings ...
==> Deciding torch device ...
==> torch device:  cpu
==> Building dynamical system ...
==> Building cbf neural network ...
==> Lipschitz constant of CBF network: 1.000000
==> Hessian bound of CBF network: 6.532818
==> Third order elementwise bound of CBF network: 66.677713
==> Number of subregions: 1
==> Subregion 0000000001 / 0000000001: 
==> [[-3.14 -5.  ], [3.14 5.  ]]
==> Lipschitz constant of the zero order test function: 159.999742
> Iteration 00 | Bound: [-944.530273, 0.140497] | l2 radius: 5.90E+00 | Size: 1.00E+00 | Time: 8ms
> Iteration 01 | Bound: [-641.370544, 0.816669] | l2 radius: 4.01E+00 | Size: 2.00E+00 | Time: 13ms
> Iteration 02 | Bound: [-472.315033, 0.020366] | l2 radius: 2.95E+00 | Size: 4.00E+00 | Time: 17ms
> Iteration 03 | Bound: [-321.057526, 0.036078] | l2 radius: 2.01E+00 | Size: 8.00E+00 | Time: 21ms
> Iteration 04 | Bound: [-236.131744, 0.035956] | l2 radius: 1.48E+00 | Size: 1.60E+01 | Time: 26ms
> Iteration 05 | Bound: [-160.512894, 0.033900] | l2 radius: 1.00E+00 | Size: 3.20E+01 | Time: 32ms
> Iteration 06 | Bound: [-118.099709, 0.008172] | l2 radius: 7.38E-01 | Size: 6.40E+01 | Time: 41ms
> Iteration 07 | Bound: [-80.291885, 0.002226] | l2 radius: 5.02E-01 | Size: 1.28E+02 | Time: 57ms
> Iteration 08 | Bound: [-59.103798, 0.004303] | l2 radius: 3.69E-01 | Size: 2.56E+02 | Time: 88ms
> Iteration 09 | Bound: [-40.203011, 0.009427] | l2 radius: 2.51E-01 | Size: 5.12E+02 | Time: 139ms
> Iteration 10 | Bound: [-29.609421, 0.001756] | l2 radius: 1.85E-01 | Size: 1.02E+03 | Time: 238ms
> Iteration 11 | Bound: [-15.597098, 0.003424] | l2 radius: 1.25E-01 | Size: 1.55E+03 | Time: 424ms
> Iteration 12 | Bound: [-8.409280, 0.000017] | l2 radius: 9.23E-02 | Size: 2.49E+03 | Time: 626ms
> Iteration 13 | Bound: [-3.869555, 0.007835] | l2 radius: 6.27E-02 | Size: 4.35E+03 | Time: 950ms
> Iteration 14 | Bound: [-2.081369, 0.016928] | l2 radius: 4.61E-02 | Size: 8.20E+03 | Time: 1s499ms
> Iteration 15 | Bound: [-0.948168, 0.018721] | l2 radius: 3.14E-02 | Size: 1.58E+04 | Time: 2s478ms
> Iteration 16 | Bound: [-0.504197, 0.018916] | l2 radius: 2.31E-02 | Size: 2.41E+04 | Time: 3s998ms
> Iteration 17 | Bound: [-0.222668, 0.019185] | l2 radius: 1.57E-02 | Size: 3.43E+04 | Time: 6s115ms
> Iteration 18 | Bound: [-0.111623, 0.019274] | l2 radius: 1.15E-02 | Size: 4.60E+04 | Time: 8s948ms
> Iteration 19 | Bound: [-0.041154, 0.019371] | l2 radius: 7.84E-03 | Size: 6.07E+04 | Time: 12s669ms
> Iteration 20 | Bound: [-0.013358, 0.019414] | l2 radius: 5.77E-03 | Size: 4.80E+04 | Time: 15s607ms
> Iteration 21 | Bound: [0.004269, 0.019440] | l2 radius: 3.92E-03 | Size: 1.75E+04 | Time: 16s690ms
> No region to refine. Done!
> Time for subregion 0000000001: 16s690ms
> Total time up to subregion 0000000001: 16s690ms = 16.69031023979187 s
> Total time excluding drawing: 16s690ms = 16.69031023979187 s
> Success: True
==> Done!
