==> Creating result directory ...
==> Loading test settings ...
==> Deciding torch device ...
==> torch device:  cuda
==> Seeding everything ...
==> Building dynamical system ...
==> Building cbf neural network ...
==========================================================================================
Layer (type:depth-idx)                   Output Shape              Param #
==========================================================================================
LipschitzNetwork                         [1, 1]                    --
├─Sequential: 1-1                        [1, 1]                    --
│    └─SandwichFc: 2-1                   [1, 128]                  16,897
│    └─SandwichLin: 2-2                  [1, 1]                    131
==========================================================================================
Total params: 17,028
Trainable params: 16,900
Non-trainable params: 128
Total mult-adds (M): 0.02
==========================================================================================
Input size (MB): 0.00
Forward/backward pass size (MB): 0.00
Params size (MB): 0.07
Estimated Total Size (MB): 0.07
==========================================================================================
==> Lipschitz constant of CBF network: 1.000000
==> Amount of training data:  1500
==> Creating training data ...
==> Start training ...
Epoch: 001 | Train Loss: 2.0679E-01 | CBF GN: 3.5878E+00 | Time: 102ms
Epoch: 001 | Test Loss: 2.0335E-01 | Time: 6ms
> Save at epoch 001 | Test loss 2.0335E-01
Epoch: 002 | Test Loss: 3.3326E-02 | Time: 6ms
> Save at epoch 002 | Test loss 3.3326E-02
Epoch: 003 | Test Loss: 5.3902E-02 | Time: 7ms
Epoch: 004 | Test Loss: 2.7786E-02 | Time: 6ms
> Save at epoch 004 | Test loss 2.7786E-02
Epoch: 005 | Test Loss: 3.0260E-02 | Time: 6ms
Epoch: 006 | Train Loss: 2.4012E-02 | CBF GN: 1.6475E+00 | Time: 20ms
Epoch: 006 | Test Loss: 1.8980E-02 | Time: 6ms
> Save at epoch 006 | Test loss 1.8980E-02
Epoch: 007 | Test Loss: 1.2064E-02 | Time: 6ms
> Save at epoch 007 | Test loss 1.2064E-02
Epoch: 008 | Test Loss: 1.0682E-02 | Time: 6ms
> Save at epoch 008 | Test loss 1.0682E-02
Epoch: 009 | Test Loss: 2.1828E-02 | Time: 6ms
Epoch: 010 | Test Loss: 1.5811E-02 | Time: 6ms
Epoch: 011 | Train Loss: 1.6726E-02 | CBF GN: 1.4612E+00 | Time: 19ms
Epoch: 011 | Test Loss: 1.1624E-02 | Time: 6ms
Epoch: 012 | Test Loss: 9.0968E-03 | Time: 6ms
> Save at epoch 012 | Test loss 9.0968E-03
Epoch: 013 | Test Loss: 4.4485E-02 | Time: 6ms
Epoch: 014 | Test Loss: 4.9817E-02 | Time: 6ms
Epoch: 015 | Test Loss: 3.3711E-02 | Time: 6ms
Epoch: 016 | Train Loss: 2.5478E-02 | CBF GN: 8.8085E-01 | Time: 19ms
Epoch: 016 | Test Loss: 1.8375E-02 | Time: 6ms
Epoch: 017 | Test Loss: 5.9537E-03 | Time: 6ms
> Save at epoch 017 | Test loss 5.9537E-03
Epoch: 018 | Test Loss: 1.3890E-02 | Time: 6ms
Epoch: 019 | Test Loss: 7.7395E-03 | Time: 6ms
Epoch: 020 | Test Loss: 4.0482E-03 | Time: 6ms
> Save at epoch 020 | Test loss 4.0482E-03
Epoch: 021 | Train Loss: 4.2076E-03 | CBF GN: 1.8227E-01 | Time: 20ms
Epoch: 021 | Test Loss: 2.5509E-03 | Time: 7ms
> Save at epoch 021 | Test loss 2.5509E-03
Epoch: 022 | Test Loss: 2.2558E-03 | Time: 6ms
> Save at epoch 022 | Test loss 2.2558E-03
Epoch: 023 | Test Loss: 1.1457E-03 | Time: 6ms
> Save at epoch 023 | Test loss 1.1457E-03
Epoch: 024 | Test Loss: 1.5239E-03 | Time: 6ms
Epoch: 025 | Test Loss: 8.6066E-04 | Time: 6ms
> Save at epoch 025 | Test loss 8.6066E-04
Epoch: 026 | Train Loss: 9.5909E-04 | CBF GN: 1.4093E-01 | Time: 20ms
Epoch: 026 | Test Loss: 4.9908E-04 | Time: 6ms
> Save at epoch 026 | Test loss 4.9908E-04
Epoch: 027 | Test Loss: 5.6686E-04 | Time: 6ms
Epoch: 028 | Test Loss: 5.3374E-04 | Time: 6ms
Epoch: 029 | Test Loss: 6.0653E-04 | Time: 6ms
Epoch: 030 | Test Loss: 9.8787E-04 | Time: 6ms
Epoch: 031 | Train Loss: 8.4097E-04 | CBF GN: 1.2393E-01 | Time: 20ms
Epoch: 031 | Test Loss: 9.5469E-04 | Time: 6ms
Epoch: 032 | Test Loss: 8.5744E-04 | Time: 6ms
Epoch: 033 | Test Loss: 1.2346E-03 | Time: 6ms
Epoch: 034 | Test Loss: 8.4623E-04 | Time: 6ms
Epoch: 035 | Test Loss: 1.0027E-03 | Time: 6ms
Epoch: 036 | Train Loss: 1.1023E-03 | CBF GN: 7.7868E-02 | Time: 20ms
Epoch: 036 | Test Loss: 9.2200E-04 | Time: 6ms
Epoch: 037 | Test Loss: 8.6496E-04 | Time: 6ms
Epoch: 038 | Test Loss: 2.5896E-03 | Time: 7ms
Epoch: 039 | Test Loss: 1.3550E-03 | Time: 6ms
Epoch: 040 | Test Loss: 1.3407E-03 | Time: 6ms
Epoch: 041 | Train Loss: 1.9537E-03 | CBF GN: 9.9266E-02 | Time: 21ms
Epoch: 041 | Test Loss: 1.3078E-03 | Time: 6ms
Epoch: 042 | Test Loss: 1.4562E-03 | Time: 6ms
Epoch: 043 | Test Loss: 1.2885E-03 | Time: 6ms
Epoch: 044 | Test Loss: 7.4908E-04 | Time: 6ms
Epoch: 045 | Test Loss: 8.2457E-04 | Time: 6ms
Epoch: 046 | Train Loss: 7.4582E-04 | CBF GN: 9.7764E-02 | Time: 20ms
Epoch: 046 | Test Loss: 6.2367E-04 | Time: 6ms
Epoch: 047 | Test Loss: 4.8015E-04 | Time: 6ms
> Save at epoch 047 | Test loss 4.8015E-04
Epoch: 048 | Test Loss: 4.1452E-04 | Time: 6ms
> Save at epoch 048 | Test loss 4.1452E-04
Epoch: 049 | Test Loss: 4.8741E-04 | Time: 6ms
Epoch: 050 | Test Loss: 3.5053E-04 | Time: 6ms
> Save at epoch 050 | Test loss 3.5053E-04
Epoch: 051 | Train Loss: 5.2366E-04 | CBF GN: 6.9427E-02 | Time: 20ms
Epoch: 051 | Test Loss: 2.5537E-04 | Time: 6ms
> Save at epoch 051 | Test loss 2.5537E-04
Epoch: 052 | Test Loss: 3.2690E-04 | Time: 6ms
Epoch: 053 | Test Loss: 2.9783E-04 | Time: 6ms
Epoch: 054 | Test Loss: 2.6653E-04 | Time: 34ms
Epoch: 055 | Test Loss: 3.4917E-04 | Time: 6ms
Epoch: 056 | Train Loss: 5.2972E-04 | CBF GN: 7.5193E-02 | Time: 20ms
Epoch: 056 | Test Loss: 2.7196E-04 | Time: 6ms
Epoch: 057 | Test Loss: 4.8830E-04 | Time: 6ms
Epoch: 058 | Test Loss: 5.6218E-04 | Time: 6ms
Epoch: 059 | Test Loss: 2.8026E-04 | Time: 6ms
Epoch: 060 | Test Loss: 2.6997E-04 | Time: 6ms
Epoch: 061 | Train Loss: 4.7805E-04 | CBF GN: 9.3927E-02 | Time: 20ms
Epoch: 061 | Test Loss: 3.7819E-04 | Time: 6ms
Epoch: 062 | Test Loss: 3.5702E-04 | Time: 6ms
Epoch: 063 | Test Loss: 2.6730E-04 | Time: 6ms
Epoch: 064 | Test Loss: 2.9402E-04 | Time: 6ms
Epoch: 065 | Test Loss: 2.8158E-04 | Time: 6ms
Epoch: 066 | Train Loss: 4.1647E-04 | CBF GN: 6.2566E-02 | Time: 19ms
Epoch: 066 | Test Loss: 2.3461E-04 | Time: 6ms
> Save at epoch 066 | Test loss 2.3461E-04
Epoch: 067 | Test Loss: 3.1047E-04 | Time: 6ms
Epoch: 068 | Test Loss: 3.8197E-04 | Time: 6ms
Epoch: 069 | Test Loss: 4.0732E-04 | Time: 6ms
Epoch: 070 | Test Loss: 2.8376E-04 | Time: 6ms
Epoch: 071 | Train Loss: 4.3470E-04 | CBF GN: 5.6361E-02 | Time: 19ms
Epoch: 071 | Test Loss: 4.0251E-04 | Time: 6ms
Epoch: 072 | Test Loss: 3.1744E-04 | Time: 6ms
Epoch: 073 | Test Loss: 2.8830E-04 | Time: 6ms
Epoch: 074 | Test Loss: 3.7156E-04 | Time: 6ms
Epoch: 075 | Test Loss: 3.5643E-04 | Time: 6ms
Epoch: 076 | Train Loss: 4.2500E-04 | CBF GN: 6.2710E-02 | Time: 20ms
Epoch: 076 | Test Loss: 2.6530E-04 | Time: 7ms
Epoch: 077 | Test Loss: 3.4490E-04 | Time: 6ms
Epoch: 078 | Test Loss: 2.6348E-04 | Time: 6ms
Epoch: 079 | Test Loss: 2.9321E-04 | Time: 6ms
Epoch: 080 | Test Loss: 2.8450E-04 | Time: 6ms
Epoch: 081 | Train Loss: 3.5855E-04 | CBF GN: 5.0735E-02 | Time: 20ms
Epoch: 081 | Test Loss: 2.7296E-04 | Time: 6ms
Epoch: 082 | Test Loss: 2.8835E-04 | Time: 6ms
Epoch: 083 | Test Loss: 2.7884E-04 | Time: 6ms
Epoch: 084 | Test Loss: 2.5927E-04 | Time: 6ms
Epoch: 085 | Test Loss: 2.9631E-04 | Time: 6ms
Epoch: 086 | Train Loss: 3.3516E-04 | CBF GN: 4.3654E-02 | Time: 20ms
Epoch: 086 | Test Loss: 2.6150E-04 | Time: 6ms
Epoch: 087 | Test Loss: 2.9294E-04 | Time: 6ms
Epoch: 088 | Test Loss: 2.6191E-04 | Time: 6ms
Epoch: 089 | Test Loss: 2.7871E-04 | Time: 6ms
Epoch: 090 | Test Loss: 2.7342E-04 | Time: 6ms
Epoch: 091 | Train Loss: 3.2116E-04 | CBF GN: 2.5355E-02 | Time: 20ms
Epoch: 091 | Test Loss: 2.6660E-04 | Time: 6ms
Epoch: 092 | Test Loss: 2.7509E-04 | Time: 6ms
Epoch: 093 | Test Loss: 2.7729E-04 | Time: 7ms
Epoch: 094 | Test Loss: 2.6963E-04 | Time: 6ms
Epoch: 095 | Test Loss: 2.6865E-04 | Time: 6ms
Epoch: 096 | Train Loss: 3.1894E-04 | CBF GN: 2.7828E-02 | Time: 20ms
Epoch: 096 | Test Loss: 2.7213E-04 | Time: 6ms
Epoch: 097 | Test Loss: 2.7102E-04 | Time: 6ms
Epoch: 098 | Test Loss: 2.7038E-04 | Time: 6ms
Epoch: 099 | Test Loss: 2.7180E-04 | Time: 6ms
Epoch: 100 | Test Loss: 2.7229E-04 | Time: 6ms
Total time: 2s855ms
==> Visualizing training and test losses ...
==> Computing the smoothness constants ...
> Lipschitz constant of CBF network: 1.000000
> Hessian bound of CBF network: 2.177606
==> Saving the training results ...
==> Visualizing the CBF function and feasibility condition ...
==> Checking the safe and unsafe set ...
> Safe set percentage: 0.6111
> Unsafe set percentage: 1.0000
> Feasibility percentage: 0.9993
> Success:  False
==> Saving the feasibility results ...
==> Visualizing the CBF function and stability condition ...
==> Visualizing the feasibility condition ...
==> Done!
