==> Creating result directory ...
==> Loading test settings ...
==> Deciding torch device ...
==> torch device:  cpu
==> Building cbf neural network ...
==> Lipschitz constant of CBF network: 1.000000
==> Hessian bound of CBF network: 4.355212
==> Third order elementwise bound of CBF network: 30.225904
==> Number of subregions: 4
==> Subregion 0000000001 / 0000000004: 
==> [[-3.14 -5.  ], [-2.618  5.   ]]
> Iteration 00 | Bound: [-0.122795, 4.884013] | l2 radius: 5.01E+00 | Size: 1.00E+00 | Time: 5ms
> Iteration 01 | Bound: [-0.171981, 2.341607] | l2 radius: 2.51E+00 | Size: 2.00E+00 | Time: 6ms
> Iteration 02 | Bound: [-0.136253, 1.140705] | l2 radius: 1.28E+00 | Size: 4.00E+00 | Time: 8ms
> Iteration 03 | Bound: [-0.124876, 0.552432] | l2 radius: 6.77E-01 | Size: 8.00E+00 | Time: 11ms
> Iteration 04 | Bound: [-0.122488, 0.284670] | l2 radius: 4.07E-01 | Size: 1.60E+01 | Time: 13ms
> Iteration 05 | Bound: [-0.122289, 0.169233] | l2 radius: 3.04E-01 | Size: 3.20E+01 | Time: 16ms
> Iteration 06 | Bound: [-0.079848, 0.035806] | l2 radius: 2.04E-01 | Size: 5.40E+01 | Time: 20ms
> Iteration 07 | Bound: [-0.052742, -0.002377] | l2 radius: 1.52E-01 | Size: 2.00E+01 | Time: 22ms
> No region to refine. Done!
> Time for subregion 0000000001: 22ms
> Total time up to subregion 0000000001: 22ms = 0.02246260643005371 s
==> Subregion 0000000002 / 0000000004: 
==> [[ 2.618 -5.   ], [3.14 5.  ]]
> Iteration 00 | Bound: [-0.157274, 4.849534] | l2 radius: 5.01E+00 | Size: 1.00E+00 | Time: 3ms
> Iteration 01 | Bound: [-0.180921, 2.332666] | l2 radius: 2.51E+00 | Size: 2.00E+00 | Time: 4ms
> Iteration 02 | Bound: [-0.166942, 1.110016] | l2 radius: 1.28E+00 | Size: 4.00E+00 | Time: 5ms
> Iteration 03 | Bound: [-0.158943, 0.518365] | l2 radius: 6.77E-01 | Size: 8.00E+00 | Time: 6ms
> Iteration 04 | Bound: [-0.156973, 0.250185] | l2 radius: 4.07E-01 | Size: 1.60E+01 | Time: 7ms
> Iteration 05 | Bound: [-0.156804, 0.145895] | l2 radius: 3.04E-01 | Size: 3.00E+01 | Time: 9ms
> Iteration 06 | Bound: [-0.104789, 0.010064] | l2 radius: 2.04E-01 | Size: 4.80E+01 | Time: 10ms
> Iteration 07 | Bound: [-0.075543, -0.026583] | l2 radius: 1.52E-01 | Size: 1.20E+01 | Time: 11ms
> No region to refine. Done!
> Time for subregion 0000000002: 11ms
> Total time up to subregion 0000000002: 34ms = 0.03424572944641113 s
==> Subregion 0000000003 / 0000000004: 
==> [[-2.618 -5.   ], [ 2.618 -4.   ]]
> Iteration 00 | Bound: [-0.291884, 2.373434] | l2 radius: 2.67E+00 | Size: 1.00E+00 | Time: 2ms
> Iteration 01 | Bound: [-0.191423, 1.209820] | l2 radius: 1.40E+00 | Size: 2.00E+00 | Time: 3ms
> Iteration 02 | Bound: [-0.169823, 0.653809] | l2 radius: 8.24E-01 | Size: 4.00E+00 | Time: 4ms
> Iteration 03 | Bound: [-0.168610, 0.428963] | l2 radius: 5.98E-01 | Size: 8.00E+00 | Time: 5ms
> Iteration 04 | Bound: [-0.134429, 0.277387] | l2 radius: 4.12E-01 | Size: 1.60E+01 | Time: 6ms
> Iteration 05 | Bound: [-0.134539, 0.116970] | l2 radius: 2.99E-01 | Size: 3.20E+01 | Time: 7ms
> Iteration 06 | Bound: [-0.109985, -0.012637] | l2 radius: 2.06E-01 | Size: 2.60E+01 | Time: 8ms
> No region to refine. Done!
> Time for subregion 0000000003: 8ms
> Total time up to subregion 0000000003: 42ms = 0.042604923248291016 s
==> Subregion 0000000004 / 0000000004: 
==> [[-2.618  4.   ], [2.618 5.   ]]
> Iteration 00 | Bound: [-0.233459, 2.431860] | l2 radius: 2.67E+00 | Size: 1.00E+00 | Time: 1ms
> Iteration 01 | Bound: [-0.141863, 1.259380] | l2 radius: 1.40E+00 | Size: 2.00E+00 | Time: 2ms
> Iteration 02 | Bound: [-0.140594, 0.683038] | l2 radius: 8.24E-01 | Size: 4.00E+00 | Time: 3ms
> Iteration 03 | Bound: [-0.134225, 0.463347] | l2 radius: 5.98E-01 | Size: 8.00E+00 | Time: 4ms
> Iteration 04 | Bound: [-0.093572, 0.318244] | l2 radius: 4.12E-01 | Size: 1.60E+01 | Time: 5ms
> Iteration 05 | Bound: [-0.094355, 0.143155] | l2 radius: 2.99E-01 | Size: 2.80E+01 | Time: 6ms
> Iteration 06 | Bound: [-0.072696, 0.015553] | l2 radius: 2.06E-01 | Size: 3.20E+01 | Time: 7ms
> Iteration 07 | Bound: [-0.072299, -0.025383] | l2 radius: 1.49E-01 | Size: 6.00E+00 | Time: 8ms
> No region to refine. Done!
> Time for subregion 0000000004: 8ms
> Total time up to subregion 0000000004: 51ms = 0.051316261291503906 s
> Total time excluding drawing: 51ms = 0.051316261291503906 s
> Success: True
==> Done!
