==> Creating result directory ...
==> Loading test settings ...
==> Deciding torch device ...
==> torch device:  cuda
==> Building dynamical system ...
==> Building cbf neural network ...
==> Lipschitz constant of CBF network: 1.000000
==> Hessian bound of CBF network: 4.355212
==> Third order elementwise bound of CBF network: 30.225904
==> Number of subregions: 1
==> Subregion 0000000001 / 0000000001: 
==> [[-3.14 -5.  ], [3.14 5.  ]]
==> Lipschitz constant of the zero order test function: 110.103333
> Iteration 00 | Bound: [-649.569763, 0.502535] | l2 radius: 5.90E+00 | Size: 1.00E+00 | Time: 70ms
> Iteration 01 | Bound: [-439.778778, 2.140371] | l2 radius: 4.01E+00 | Size: 2.00E+00 | Time: 73ms
> Iteration 02 | Bound: [-324.930359, 0.105801] | l2 radius: 2.95E+00 | Size: 4.00E+00 | Time: 75ms
> Iteration 03 | Bound: [-220.839813, 0.119764] | l2 radius: 2.01E+00 | Size: 8.00E+00 | Time: 78ms
> Iteration 04 | Bound: [-162.400177, 0.117909] | l2 radius: 1.48E+00 | Size: 1.60E+01 | Time: 80ms
> Iteration 05 | Bound: [-110.401642, 0.078148] | l2 radius: 1.00E+00 | Size: 3.20E+01 | Time: 82ms
> Iteration 06 | Bound: [-81.314705, 0.000971] | l2 radius: 7.38E-01 | Size: 6.40E+01 | Time: 89ms
> Iteration 07 | Bound: [-55.417801, 0.018573] | l2 radius: 5.02E-01 | Size: 1.28E+02 | Time: 92ms
> Iteration 08 | Bound: [-40.763351, 0.029827] | l2 radius: 3.69E-01 | Size: 2.48E+02 | Time: 95ms
> Iteration 09 | Bound: [-27.800821, 0.003058] | l2 radius: 2.51E-01 | Size: 3.67E+02 | Time: 99ms
> Iteration 10 | Bound: [-15.856215, 0.026784] | l2 radius: 1.85E-01 | Size: 5.94E+02 | Time: 104ms
> Iteration 11 | Bound: [-7.276330, 0.040798] | l2 radius: 1.25E-01 | Size: 1.07E+03 | Time: 128ms
> Iteration 12 | Bound: [-3.945067, 0.086285] | l2 radius: 9.23E-02 | Size: 1.98E+03 | Time: 140ms
> Iteration 13 | Bound: [-1.747684, 0.088449] | l2 radius: 6.27E-02 | Size: 3.59E+03 | Time: 160ms
> Iteration 14 | Bound: [-0.895410, 0.092483] | l2 radius: 4.61E-02 | Size: 4.62E+03 | Time: 184ms
> Iteration 15 | Bound: [-0.364244, 0.092972] | l2 radius: 3.14E-02 | Size: 6.47E+03 | Time: 234ms
> Iteration 16 | Bound: [-0.153019, 0.094832] | l2 radius: 2.31E-02 | Size: 8.19E+03 | Time: 293ms
> Iteration 17 | Bound: [-0.019579, 0.095464] | l2 radius: 1.57E-02 | Size: 6.17E+03 | Time: 325ms
> Iteration 18 | Bound: [0.033057, 0.095726] | l2 radius: 1.15E-02 | Size: 4.14E+02 | Time: 328ms
> No region to refine. Done!
> Time for subregion 0000000001: 328ms
> Total time up to subregion 0000000001: 328ms = 0.32875657081604004 s
> Total time excluding drawing: 328ms = 0.32875657081604004 s
> Success: True
==> Done!
