==> Creating result directory ...
==> Loading test settings ...
==> Deciding torch device ...
==> torch device:  cuda
==> Seeding everything ...
==> Building dynamical system ...
==> Building cbf neural network ...
==========================================================================================
Layer (type:depth-idx)                   Output Shape              Param #
==========================================================================================
LipschitzNetwork                         [1, 1]                    --
├─Sequential: 1-1                        [1, 1]                    --
│    └─SandwichFc: 2-1                   [1, 128]                  16,897
│    └─SandwichLin: 2-2                  [1, 1]                    131
==========================================================================================
Total params: 17,028
Trainable params: 16,900
Non-trainable params: 128
Total mult-adds (M): 0.02
==========================================================================================
Input size (MB): 0.00
Forward/backward pass size (MB): 0.00
Params size (MB): 0.07
Estimated Total Size (MB): 0.07
==========================================================================================
==> Lipschitz constant of CBF network: 1.000000
==> Amount of training data:  1500
==> Creating training data ...
==> Start training ...
Epoch: 001 | Train Loss: 1.3185E-01 | CBF GN: 3.7389E+00 | Time: 97ms
Epoch: 001 | Test Loss: 1.2821E-01 | Time: 6ms
> Save at epoch 001 | Test loss 1.2821E-01
Epoch: 002 | Test Loss: 5.3541E-02 | Time: 6ms
> Save at epoch 002 | Test loss 5.3541E-02
Epoch: 003 | Test Loss: 3.3759E-02 | Time: 6ms
> Save at epoch 003 | Test loss 3.3759E-02
Epoch: 004 | Test Loss: 5.9349E-02 | Time: 6ms
Epoch: 005 | Test Loss: 6.7782E-02 | Time: 6ms
Epoch: 006 | Train Loss: 7.2766E-02 | CBF GN: 3.7733E+00 | Time: 19ms
Epoch: 006 | Test Loss: 6.8003E-02 | Time: 6ms
Epoch: 007 | Test Loss: 4.3469E-02 | Time: 6ms
Epoch: 008 | Test Loss: 1.6988E-02 | Time: 6ms
> Save at epoch 008 | Test loss 1.6988E-02
Epoch: 009 | Test Loss: 2.7862E-02 | Time: 6ms
Epoch: 010 | Test Loss: 4.0808E-02 | Time: 6ms
Epoch: 011 | Train Loss: 3.1510E-02 | CBF GN: 1.5777E+00 | Time: 19ms
Epoch: 011 | Test Loss: 2.6609E-02 | Time: 6ms
Epoch: 012 | Test Loss: 2.6647E-02 | Time: 6ms
Epoch: 013 | Test Loss: 1.4429E-02 | Time: 6ms
> Save at epoch 013 | Test loss 1.4429E-02
Epoch: 014 | Test Loss: 2.6022E-02 | Time: 6ms
Epoch: 015 | Test Loss: 1.1173E-02 | Time: 6ms
> Save at epoch 015 | Test loss 1.1173E-02
Epoch: 016 | Train Loss: 1.2440E-02 | CBF GN: 5.9349E-01 | Time: 20ms
Epoch: 016 | Test Loss: 9.3477E-03 | Time: 6ms
> Save at epoch 016 | Test loss 9.3477E-03
Epoch: 017 | Test Loss: 4.9320E-03 | Time: 6ms
> Save at epoch 017 | Test loss 4.9320E-03
Epoch: 018 | Test Loss: 4.8437E-03 | Time: 6ms
> Save at epoch 018 | Test loss 4.8437E-03
Epoch: 019 | Test Loss: 2.4789E-03 | Time: 6ms
> Save at epoch 019 | Test loss 2.4789E-03
Epoch: 020 | Test Loss: 2.2687E-03 | Time: 6ms
> Save at epoch 020 | Test loss 2.2687E-03
Epoch: 021 | Train Loss: 2.6868E-03 | CBF GN: 2.4104E-01 | Time: 20ms
Epoch: 021 | Test Loss: 1.3456E-03 | Time: 6ms
> Save at epoch 021 | Test loss 1.3456E-03
Epoch: 022 | Test Loss: 1.3740E-03 | Time: 6ms
Epoch: 023 | Test Loss: 7.9358E-04 | Time: 6ms
> Save at epoch 023 | Test loss 7.9358E-04
Epoch: 024 | Test Loss: 6.9467E-04 | Time: 6ms
> Save at epoch 024 | Test loss 6.9467E-04
Epoch: 025 | Test Loss: 1.4747E-03 | Time: 6ms
Epoch: 026 | Train Loss: 1.6468E-03 | CBF GN: 1.5194E-01 | Time: 19ms
Epoch: 026 | Test Loss: 9.3817E-04 | Time: 6ms
Epoch: 027 | Test Loss: 1.2466E-03 | Time: 6ms
Epoch: 028 | Test Loss: 9.1007E-04 | Time: 6ms
Epoch: 029 | Test Loss: 7.4284E-04 | Time: 6ms
Epoch: 030 | Test Loss: 7.7808E-04 | Time: 6ms
Epoch: 031 | Train Loss: 8.4752E-04 | CBF GN: 6.7138E-02 | Time: 20ms
Epoch: 031 | Test Loss: 5.8520E-04 | Time: 6ms
> Save at epoch 031 | Test loss 5.8520E-04
Epoch: 032 | Test Loss: 3.9974E-04 | Time: 6ms
> Save at epoch 032 | Test loss 3.9974E-04
Epoch: 033 | Test Loss: 3.0466E-04 | Time: 6ms
> Save at epoch 033 | Test loss 3.0466E-04
Epoch: 034 | Test Loss: 1.0657E-03 | Time: 6ms
Epoch: 035 | Test Loss: 6.2130E-04 | Time: 6ms
Epoch: 036 | Train Loss: 9.6764E-04 | CBF GN: 9.5936E-02 | Time: 19ms
Epoch: 036 | Test Loss: 4.6134E-04 | Time: 6ms
Epoch: 037 | Test Loss: 5.8386E-04 | Time: 6ms
Epoch: 038 | Test Loss: 5.5588E-04 | Time: 6ms
Epoch: 039 | Test Loss: 7.3919E-04 | Time: 6ms
Epoch: 040 | Test Loss: 4.1106E-04 | Time: 6ms
Epoch: 041 | Train Loss: 7.0699E-04 | CBF GN: 9.2455E-02 | Time: 20ms
Epoch: 041 | Test Loss: 4.8586E-04 | Time: 6ms
Epoch: 042 | Test Loss: 6.7061E-04 | Time: 6ms
Epoch: 043 | Test Loss: 3.9785E-04 | Time: 6ms
Epoch: 044 | Test Loss: 4.2287E-04 | Time: 6ms
Epoch: 045 | Test Loss: 5.8243E-04 | Time: 6ms
Epoch: 046 | Train Loss: 7.0723E-04 | CBF GN: 7.8772E-02 | Time: 20ms
Epoch: 046 | Test Loss: 6.5597E-04 | Time: 6ms
Epoch: 047 | Test Loss: 4.0521E-04 | Time: 6ms
Epoch: 048 | Test Loss: 6.8417E-04 | Time: 6ms
Epoch: 049 | Test Loss: 6.7369E-04 | Time: 6ms
Epoch: 050 | Test Loss: 6.0487E-04 | Time: 6ms
Epoch: 051 | Train Loss: 1.0051E-03 | CBF GN: 1.2174E-01 | Time: 20ms
Epoch: 051 | Test Loss: 5.9766E-04 | Time: 6ms
Epoch: 052 | Test Loss: 9.7292E-04 | Time: 6ms
Epoch: 053 | Test Loss: 5.9692E-04 | Time: 6ms
Epoch: 054 | Test Loss: 6.7725E-04 | Time: 35ms
Epoch: 055 | Test Loss: 4.2486E-04 | Time: 6ms
Epoch: 056 | Train Loss: 6.6169E-04 | CBF GN: 7.1071E-02 | Time: 20ms
Epoch: 056 | Test Loss: 2.2624E-04 | Time: 6ms
> Save at epoch 056 | Test loss 2.2624E-04
Epoch: 057 | Test Loss: 2.6480E-04 | Time: 6ms
Epoch: 058 | Test Loss: 3.6394E-04 | Time: 6ms
Epoch: 059 | Test Loss: 3.9254E-04 | Time: 6ms
Epoch: 060 | Test Loss: 5.8118E-04 | Time: 6ms
Epoch: 061 | Train Loss: 7.1969E-04 | CBF GN: 5.6183E-02 | Time: 20ms
Epoch: 061 | Test Loss: 3.1953E-04 | Time: 6ms
Epoch: 062 | Test Loss: 3.4774E-04 | Time: 6ms
Epoch: 063 | Test Loss: 4.0120E-04 | Time: 6ms
Epoch: 064 | Test Loss: 3.6547E-04 | Time: 6ms
Epoch: 065 | Test Loss: 3.0930E-04 | Time: 6ms
Epoch: 066 | Train Loss: 4.7786E-04 | CBF GN: 3.3887E-02 | Time: 20ms
Epoch: 066 | Test Loss: 2.7164E-04 | Time: 6ms
Epoch: 067 | Test Loss: 3.2006E-04 | Time: 6ms
Epoch: 068 | Test Loss: 3.9214E-04 | Time: 6ms
Epoch: 069 | Test Loss: 4.2392E-04 | Time: 6ms
Epoch: 070 | Test Loss: 3.6906E-04 | Time: 6ms
Epoch: 071 | Train Loss: 5.8592E-04 | CBF GN: 4.2222E-02 | Time: 20ms
Epoch: 071 | Test Loss: 4.7501E-04 | Time: 6ms
Epoch: 072 | Test Loss: 3.3135E-04 | Time: 6ms
Epoch: 073 | Test Loss: 4.3906E-04 | Time: 6ms
Epoch: 074 | Test Loss: 3.2236E-04 | Time: 6ms
Epoch: 075 | Test Loss: 4.2306E-04 | Time: 6ms
Epoch: 076 | Train Loss: 4.8189E-04 | CBF GN: 4.6586E-02 | Time: 20ms
Epoch: 076 | Test Loss: 2.8643E-04 | Time: 6ms
Epoch: 077 | Test Loss: 4.4812E-04 | Time: 6ms
Epoch: 078 | Test Loss: 2.9548E-04 | Time: 6ms
Epoch: 079 | Test Loss: 3.2773E-04 | Time: 6ms
Epoch: 080 | Test Loss: 3.5494E-04 | Time: 6ms
Epoch: 081 | Train Loss: 4.6657E-04 | CBF GN: 5.0558E-02 | Time: 20ms
Epoch: 081 | Test Loss: 3.2283E-04 | Time: 6ms
Epoch: 082 | Test Loss: 3.3921E-04 | Time: 6ms
Epoch: 083 | Test Loss: 3.4891E-04 | Time: 6ms
Epoch: 084 | Test Loss: 3.4758E-04 | Time: 6ms
Epoch: 085 | Test Loss: 3.5947E-04 | Time: 6ms
Epoch: 086 | Train Loss: 4.5640E-04 | CBF GN: 4.6130E-02 | Time: 20ms
Epoch: 086 | Test Loss: 2.8386E-04 | Time: 6ms
Epoch: 087 | Test Loss: 3.1292E-04 | Time: 6ms
Epoch: 088 | Test Loss: 3.1858E-04 | Time: 6ms
Epoch: 089 | Test Loss: 2.9236E-04 | Time: 6ms
Epoch: 090 | Test Loss: 2.8493E-04 | Time: 6ms
Epoch: 091 | Train Loss: 3.7814E-04 | CBF GN: 3.6981E-02 | Time: 20ms
Epoch: 091 | Test Loss: 2.8043E-04 | Time: 6ms
Epoch: 092 | Test Loss: 2.7911E-04 | Time: 6ms
Epoch: 093 | Test Loss: 2.8250E-04 | Time: 6ms
Epoch: 094 | Test Loss: 2.8215E-04 | Time: 6ms
Epoch: 095 | Test Loss: 2.8109E-04 | Time: 6ms
Epoch: 096 | Train Loss: 3.5836E-04 | CBF GN: 3.4536E-02 | Time: 20ms
Epoch: 096 | Test Loss: 2.8270E-04 | Time: 6ms
Epoch: 097 | Test Loss: 2.7679E-04 | Time: 6ms
Epoch: 098 | Test Loss: 2.7720E-04 | Time: 6ms
Epoch: 099 | Test Loss: 2.7939E-04 | Time: 6ms
Epoch: 100 | Test Loss: 2.7885E-04 | Time: 6ms
Total time: 2s805ms
==> Visualizing training and test losses ...
==> Computing the smoothness constants ...
> Lipschitz constant of CBF network: 1.000000
> Hessian bound of CBF network: 2.177606
==> Saving the training results ...
==> Visualizing the CBF function and feasibility condition ...
==> Checking the safe and unsafe set ...
> Safe set percentage: 0.5914
> Unsafe set percentage: 1.0000
> Feasibility percentage: 0.9906
> Success:  False
==> Saving the feasibility results ...
==> Visualizing the CBF function and stability condition ...
==> Visualizing the feasibility condition ...
==> Done!
