==> Creating result directory ...
==> Loading test settings ...
==> Deciding torch device ...
==> torch device:  cuda
==> Building cbf neural network ...
==> Lipschitz constant of CBF network: 2.000000
==> Hessian bound of CBF network: 6.159200
==> Third order elementwise bound of CBF network: 32.000000
==> Number of subregions: 4
==> Subregion 0000000001 / 0000000004: 
==> [[-3.14 -5.  ], [-2.618  5.   ]]
> Iteration 00 | Bound: [-0.015798, 9.997817] | l2 radius: 5.01E+00 | Size: 1.00E+00 | Time: 71ms
> Iteration 01 | Bound: [-0.023739, 5.003436] | l2 radius: 2.51E+00 | Size: 2.00E+00 | Time: 76ms
> Iteration 02 | Bound: [-0.017573, 2.536343] | l2 radius: 1.28E+00 | Size: 4.00E+00 | Time: 77ms
> Iteration 03 | Bound: [-0.015964, 1.338652] | l2 radius: 6.77E-01 | Size: 8.00E+00 | Time: 79ms
> Iteration 04 | Bound: [-0.015669, 0.505891] | l2 radius: 4.07E-01 | Size: 1.60E+01 | Time: 80ms
> Iteration 05 | Bound: [-0.015676, 0.204469] | l2 radius: 3.04E-01 | Size: 3.20E+01 | Time: 81ms
> Iteration 06 | Bound: [-0.008825, 0.061821] | l2 radius: 2.04E-01 | Size: 6.40E+01 | Time: 83ms
> Iteration 07 | Bound: [-0.008799, 0.024063] | l2 radius: 1.52E-01 | Size: 1.12E+02 | Time: 84ms
> Iteration 08 | Bound: [-0.005297, 0.006224] | l2 radius: 1.02E-01 | Size: 1.36E+02 | Time: 86ms
> Iteration 09 | Bound: [-0.004971, 0.001483] | l2 radius: 7.60E-02 | Size: 4.00E+01 | Time: 87ms
> Iteration 10 | Bound: [-0.002745, -0.000750] | l2 radius: 5.09E-02 | Size: 3.80E+01 | Time: 88ms
> No region to refine. Done!
> Time for subregion 0000000001: 89ms
> Total time up to subregion 0000000001: 89ms = 0.08900189399719238 s
==> Subregion 0000000002 / 0000000004: 
==> [[ 2.618 -5.   ], [3.14 5.  ]]
> Iteration 00 | Bound: [-0.028296, 9.985319] | l2 radius: 5.01E+00 | Size: 1.00E+00 | Time: 0ms
> Iteration 01 | Bound: [-0.035700, 4.991474] | l2 radius: 2.51E+00 | Size: 2.00E+00 | Time: 1ms
> Iteration 02 | Bound: [-0.030745, 2.523171] | l2 radius: 1.28E+00 | Size: 4.00E+00 | Time: 2ms
> Iteration 03 | Bound: [-0.028971, 1.325645] | l2 radius: 6.77E-01 | Size: 8.00E+00 | Time: 4ms
> Iteration 04 | Bound: [-0.028461, 0.495568] | l2 radius: 4.07E-01 | Size: 1.60E+01 | Time: 5ms
> Iteration 05 | Bound: [-0.028331, 0.193803] | l2 radius: 3.04E-01 | Size: 3.20E+01 | Time: 6ms
> Iteration 06 | Bound: [-0.020635, 0.051066] | l2 radius: 2.04E-01 | Size: 6.40E+01 | Time: 7ms
> Iteration 07 | Bound: [-0.020621, 0.013234] | l2 radius: 1.52E-01 | Size: 1.10E+02 | Time: 9ms
> Iteration 08 | Bound: [-0.016665, -0.004629] | l2 radius: 1.02E-01 | Size: 6.40E+01 | Time: 10ms
> No region to refine. Done!
> Time for subregion 0000000002: 10ms
> Total time up to subregion 0000000002: 99ms = 0.09990143775939941 s
==> Subregion 0000000003 / 0000000004: 
==> [[-2.618 -5.   ], [ 2.618 -4.   ]]
> Iteration 00 | Bound: [-0.066660, 5.263978] | l2 radius: 2.67E+00 | Size: 1.00E+00 | Time: 1ms
> Iteration 01 | Bound: [-0.036126, 2.766359] | l2 radius: 1.40E+00 | Size: 2.00E+00 | Time: 3ms
> Iteration 02 | Bound: [-0.029685, 1.617580] | l2 radius: 8.24E-01 | Size: 4.00E+00 | Time: 5ms
> Iteration 03 | Bound: [-0.031389, 1.087243] | l2 radius: 5.98E-01 | Size: 8.00E+00 | Time: 7ms
> Iteration 04 | Bound: [-0.023633, 0.508234] | l2 radius: 4.12E-01 | Size: 1.60E+01 | Time: 9ms
> Iteration 05 | Bound: [-0.023129, 0.183739] | l2 radius: 2.99E-01 | Size: 3.20E+01 | Time: 12ms
> Iteration 06 | Bound: [-0.019692, 0.050896] | l2 radius: 2.06E-01 | Size: 6.40E+01 | Time: 14ms
> Iteration 07 | Bound: [-0.019627, 0.009406] | l2 radius: 1.49E-01 | Size: 7.40E+01 | Time: 16ms
> Iteration 08 | Bound: [-0.017819, -0.007389] | l2 radius: 1.03E-01 | Size: 3.20E+01 | Time: 19ms
> No region to refine. Done!
> Time for subregion 0000000003: 19ms
> Total time up to subregion 0000000003: 119ms = 0.11942577362060547 s
==> Subregion 0000000004 / 0000000004: 
==> [[-2.618  4.   ], [2.618 5.   ]]
> Iteration 00 | Bound: [-0.060828, 5.269809] | l2 radius: 2.67E+00 | Size: 1.00E+00 | Time: 1ms
> Iteration 01 | Bound: [-0.031505, 2.770981] | l2 radius: 1.40E+00 | Size: 2.00E+00 | Time: 4ms
> Iteration 02 | Bound: [-0.028202, 1.619062] | l2 radius: 8.24E-01 | Size: 4.00E+00 | Time: 6ms
> Iteration 03 | Bound: [-0.028431, 1.089544] | l2 radius: 5.98E-01 | Size: 8.00E+00 | Time: 8ms
> Iteration 04 | Bound: [-0.020427, 0.511440] | l2 radius: 4.12E-01 | Size: 1.60E+01 | Time: 10ms
> Iteration 05 | Bound: [-0.020620, 0.187031] | l2 radius: 2.99E-01 | Size: 3.20E+01 | Time: 12ms
> Iteration 06 | Bound: [-0.016691, 0.054213] | l2 radius: 2.06E-01 | Size: 6.40E+01 | Time: 14ms
> Iteration 07 | Bound: [-0.016485, 0.012851] | l2 radius: 1.49E-01 | Size: 8.00E+01 | Time: 17ms
> Iteration 08 | Bound: [-0.014433, -0.003897] | l2 radius: 1.03E-01 | Size: 4.20E+01 | Time: 19ms
> No region to refine. Done!
> Time for subregion 0000000004: 19ms
> Total time up to subregion 0000000004: 139ms = 0.13915729522705078 s
> Total time excluding drawing: 139ms = 0.13915729522705078 s
> Success: True
==> Done!
