==> Creating result directory ...
==> Loading test settings ...
==> Deciding torch device ...
==> torch device:  cuda
==> Building dynamical system ...
==> Building cbf neural network ...
==> Lipschitz constant of CBF network: 2.000000
==> Hessian bound of CBF network: 6.159200
==> Third order elementwise bound of CBF network: 32.000000
==> Number of subregions: 1
==> Subregion 0000000001 / 0000000001: 
==> [[-3.14 -5.  ], [3.14 5.  ]]
==> Lipschitz constant of the zero order test function: 161.749387
> Iteration 00 | Bound: [-954.926392, 0.074649] | l2 radius: 5.90E+00 | Size: 1.00E+00 | Time: 67ms
> Iteration 01 | Bound: [-648.667664, 0.542032] | l2 radius: 4.01E+00 | Size: 2.00E+00 | Time: 69ms
> Iteration 02 | Bound: [-477.494568, 0.005946] | l2 radius: 2.95E+00 | Size: 4.00E+00 | Time: 71ms
> Iteration 03 | Bound: [-324.592621, 0.012246] | l2 radius: 2.01E+00 | Size: 8.00E+00 | Time: 73ms
> Iteration 04 | Bound: [-238.738922, 0.011340] | l2 radius: 1.48E+00 | Size: 1.60E+01 | Time: 76ms
> Iteration 05 | Bound: [-162.291321, 0.011111] | l2 radius: 1.00E+00 | Size: 3.20E+01 | Time: 78ms
> Iteration 06 | Bound: [-119.380783, 0.004989] | l2 radius: 7.38E-01 | Size: 6.40E+01 | Time: 88ms
> Iteration 07 | Bound: [-81.156425, 0.003937] | l2 radius: 5.02E-01 | Size: 1.28E+02 | Time: 90ms
> Iteration 08 | Bound: [-59.710926, 0.001875] | l2 radius: 3.69E-01 | Size: 2.56E+02 | Time: 93ms
> Iteration 09 | Bound: [-32.109306, 0.000722] | l2 radius: 2.51E-01 | Size: 5.12E+02 | Time: 97ms
> Iteration 10 | Bound: [-17.392845, 0.000586] | l2 radius: 1.85E-01 | Size: 1.02E+03 | Time: 103ms
> Iteration 11 | Bound: [-8.062593, 0.000513] | l2 radius: 1.25E-01 | Size: 1.72E+03 | Time: 130ms
> Iteration 12 | Bound: [-4.355856, 0.000093] | l2 radius: 9.23E-02 | Size: 2.73E+03 | Time: 144ms
> Iteration 13 | Bound: [-2.003465, 0.001216] | l2 radius: 6.27E-02 | Size: 4.45E+03 | Time: 168ms
> Iteration 14 | Bound: [-1.083238, 0.001057] | l2 radius: 4.61E-02 | Size: 8.14E+03 | Time: 229ms
> Iteration 15 | Bound: [-0.500097, 0.001057] | l2 radius: 3.14E-02 | Size: 1.54E+04 | Time: 332ms
> Iteration 16 | Bound: [-0.270049, 0.001029] | l2 radius: 2.31E-02 | Size: 2.23E+04 | Time: 467ms
> Iteration 17 | Bound: [-0.124263, 0.001028] | l2 radius: 1.57E-02 | Size: 3.14E+04 | Time: 660ms
> Iteration 18 | Bound: [-0.066750, 0.001026] | l2 radius: 1.15E-02 | Size: 4.19E+04 | Time: 906ms
> Iteration 19 | Bound: [-0.030302, 0.001025] | l2 radius: 7.84E-03 | Size: 5.92E+04 | Time: 1s236ms
> Iteration 20 | Bound: [-0.015924, 0.001026] | l2 radius: 5.77E-03 | Size: 5.54E+04 | Time: 1s528ms
> Iteration 21 | Bound: [-0.006811, 0.001026] | l2 radius: 3.92E-03 | Size: 3.32E+04 | Time: 1s719ms
> Iteration 22 | Bound: [-0.003214, 0.001025] | l2 radius: 2.88E-03 | Size: 2.90E+04 | Time: 1s889ms
> Iteration 23 | Bound: [-0.000936, 0.001025] | l2 radius: 1.96E-03 | Size: 2.79E+04 | Time: 2s35ms
> Iteration 24 | Bound: [-0.000036, 0.001025] | l2 radius: 1.44E-03 | Size: 1.86E+04 | Time: 2s150ms
> Iteration 25 | Bound: [0.000534, 0.001025] | l2 radius: 9.80E-04 | Size: 2.07E+03 | Time: 2s159ms
> No region to refine. Done!
> Time for subregion 0000000001: 2s159ms
> Total time up to subregion 0000000001: 2s159ms = 2.1597485542297363 s
> Total time excluding drawing: 2s159ms = 2.1597485542297363 s
> Success: True
==> Done!
