==> Creating result directory ...
==> Loading test settings ...
==> torch device:  cpu
==> Seeding everything ...
==> Building dynamical system ...
==> Building cbf neural network ...
==> dReal variables:  [Variable('x1') Variable('x2') Variable('x3')]
==> dReal for CBF function
> Start constructing the dReal expression for Lipschitz network ...
> Start time: 2025-02-21 21:04:48.297376
> Stop time: 2025-02-21 21:04:49.244215
> Time used: 946ms = 0.9468395709991455 s
> Checking consistency for lipschitz neural network ...
==> dReal for feasibility condition
> Checking consistency for feasibility condition ...
==> Verifying with dReal ...
> dReal precision: 1.0E-03
> dReal number of jobs: 1
> Start checking
> Start time: 2025-02-21 21:04:51.778084
