==> Creating result directory ...
==> Loading test settings ...
==> torch device:  cpu
==> Seeding everything ...
==> Building CBF neural network ...
==> Number of subregions: 1
==> dReal variables:  [Variable('x1') Variable('x2') Variable('x3')]
==> dReal for CBF function
> Start constructing the dReal expression for Lipschitz network ...
> Start time: 2025-02-21 12:21:11.663827
> Stop time: 2025-02-21 12:21:12.593680
> Time used: 929ms = 0.9298529624938965 s
> Checking consistency for lipschitz neural network ...
==> Verifying with dReal ...
> dReal precision: 1.0E-03
> dReal number of jobs: 1
==> Subregion 0000000001 / 0000000001: 
==> [[-0.5  -2.   -1.57], [0.5  0.   1.57]]
> Start time: 2025-02-21 12:21:12.644408
> Stop time: 2025-02-21 13:38:07.380955
> Result:
None
> Time for subregion 0000000001: 1h16m = 4614.736547231674 s
> Total time up to subregion 0000000001: 1h16m = 4614.736547231674 s

==> Success: True
==> Done!
