==> Creating result directory ...
==> Loading test settings ...
==> Deciding torch device ...
==> torch device:  cpu
==> Building cbf neural network ...
==> Lipschitz constant of CBF network: 1.000000
==> Hessian bound of CBF network: 2.177606
==> Third order elementwise bound of CBF network: 8.000000
==> Number of subregions: 1
==> Subregion 0000000001 / 0000000001: 
==> [[-0.5  -2.   -1.57], [0.5  0.   1.57]]
> Iteration 00 | Bound: [-0.519755, 1.407652] | l2 radius: 1.93E+00 | Size: 1.00E+00 | Time: 6ms
> Iteration 01 | Bound: [-0.386105, 0.979994] | l2 radius: 1.37E+00 | Size: 2.00E+00 | Time: 8ms
> Iteration 02 | Bound: [-0.332344, 0.724172] | l2 radius: 1.06E+00 | Size: 4.00E+00 | Time: 9ms
> Iteration 03 | Bound: [-0.301860, 0.502694] | l2 radius: 8.09E-01 | Size: 8.00E+00 | Time: 11ms
> Iteration 04 | Bound: [-0.273727, 0.376755] | l2 radius: 6.83E-01 | Size: 1.40E+01 | Time: 13ms
> Iteration 05 | Bound: [-0.236728, 0.190599] | l2 radius: 5.28E-01 | Size: 2.20E+01 | Time: 15ms
> Iteration 06 | Bound: [-0.222549, 0.067524] | l2 radius: 4.04E-01 | Size: 3.40E+01 | Time: 18ms
> Iteration 07 | Bound: [-0.171178, 0.027859] | l2 radius: 3.42E-01 | Size: 1.80E+01 | Time: 20ms
> Iteration 08 | Bound: [-0.123334, -0.027397] | l2 radius: 2.64E-01 | Size: 4.00E+00 | Time: 21ms
> No region to refine. Done!
> Time for subregion 0000000001: 21ms
> Total time up to subregion 0000000001: 21ms = 0.021927356719970703 s
> Total time excluding drawing: 21ms = 0.021927356719970703 s
> Success: True
==> Done!
