==> Creating result directory ...
==> Loading test settings ...
==> Deciding torch device ...
==> torch device:  cuda
==> Seeding everything ...
==> Building dynamical system ...
==> Building cbf neural network ...
==========================================================================================
Layer (type:depth-idx)                   Output Shape              Param #
==========================================================================================
LipschitzNetwork                         [1, 1]                    --
├─Sequential: 1-1                        [1, 1]                    --
│    └─SandwichFc: 2-1                   [1, 128]                  16,897
│    └─SandwichFc: 2-2                   [1, 128]                  33,025
│    └─SandwichFc: 2-3                   [1, 128]                  33,025
│    └─SandwichLin: 2-4                  [1, 1]                    131
==========================================================================================
Total params: 83,078
Trainable params: 82,694
Non-trainable params: 384
Total mult-adds (M): 0.08
==========================================================================================
Input size (MB): 0.00
Forward/backward pass size (MB): 0.00
Params size (MB): 0.33
Estimated Total Size (MB): 0.34
==========================================================================================
==> Lipschitz constant of CBF network: 1.000000
==> Amount of training data:  1500
==> Creating training data ...
==> Start training ...
Epoch: 001 | Train Loss: 6.4737E-02 | CBF GN: 3.2559E+00 | Time: 111ms
Epoch: 001 | Test Loss: 6.2278E-02 | Time: 8ms
> Save at epoch 001 | Test loss 6.2278E-02
Epoch: 002 | Test Loss: 8.2589E-02 | Time: 8ms
Epoch: 003 | Test Loss: 5.6769E-02 | Time: 8ms
> Save at epoch 003 | Test loss 5.6769E-02
Epoch: 004 | Test Loss: 3.6194E-02 | Time: 8ms
> Save at epoch 004 | Test loss 3.6194E-02
Epoch: 005 | Test Loss: 4.3254E-02 | Time: 8ms
Epoch: 006 | Train Loss: 2.8435E-02 | CBF GN: 9.5117E-01 | Time: 31ms
Epoch: 006 | Test Loss: 1.5843E-02 | Time: 8ms
> Save at epoch 006 | Test loss 1.5843E-02
Epoch: 007 | Test Loss: 1.0110E-02 | Time: 8ms
> Save at epoch 007 | Test loss 1.0110E-02
Epoch: 008 | Test Loss: 5.6805E-03 | Time: 8ms
> Save at epoch 008 | Test loss 5.6805E-03
Epoch: 009 | Test Loss: 5.6324E-03 | Time: 8ms
> Save at epoch 009 | Test loss 5.6324E-03
Epoch: 010 | Test Loss: 9.7423E-03 | Time: 8ms
Epoch: 011 | Train Loss: 9.4834E-03 | CBF GN: 3.8767E-01 | Time: 31ms
Epoch: 011 | Test Loss: 6.4806E-03 | Time: 8ms
Epoch: 012 | Test Loss: 4.5576E-03 | Time: 8ms
> Save at epoch 012 | Test loss 4.5576E-03
Epoch: 013 | Test Loss: 4.0026E-02 | Time: 8ms
Epoch: 014 | Test Loss: 2.8776E-02 | Time: 8ms
Epoch: 015 | Test Loss: 1.0623E-02 | Time: 8ms
Epoch: 016 | Train Loss: 1.2041E-02 | CBF GN: 3.9268E-01 | Time: 31ms
Epoch: 016 | Test Loss: 1.5994E-02 | Time: 8ms
Epoch: 017 | Test Loss: 1.1895E-02 | Time: 8ms
Epoch: 018 | Test Loss: 1.0967E-02 | Time: 8ms
Epoch: 019 | Test Loss: 1.7935E-02 | Time: 8ms
Epoch: 020 | Test Loss: 6.8613E-03 | Time: 8ms
Epoch: 021 | Train Loss: 6.4734E-03 | CBF GN: 2.4264E-01 | Time: 31ms
Epoch: 021 | Test Loss: 2.8279E-03 | Time: 8ms
> Save at epoch 021 | Test loss 2.8279E-03
Epoch: 022 | Test Loss: 4.9375E-03 | Time: 8ms
Epoch: 023 | Test Loss: 4.1609E-03 | Time: 8ms
Epoch: 024 | Test Loss: 2.1303E-03 | Time: 8ms
> Save at epoch 024 | Test loss 2.1303E-03
Epoch: 025 | Test Loss: 3.7505E-03 | Time: 8ms
Epoch: 026 | Train Loss: 2.8305E-03 | CBF GN: 1.7082E-01 | Time: 31ms
Epoch: 026 | Test Loss: 1.1829E-03 | Time: 8ms
> Save at epoch 026 | Test loss 1.1829E-03
Epoch: 027 | Test Loss: 2.7563E-03 | Time: 8ms
Epoch: 028 | Test Loss: 7.6522E-04 | Time: 8ms
> Save at epoch 028 | Test loss 7.6522E-04
Epoch: 029 | Test Loss: 1.4641E-03 | Time: 8ms
Epoch: 030 | Test Loss: 8.8758E-04 | Time: 8ms
Epoch: 031 | Train Loss: 1.4884E-03 | CBF GN: 1.1585E-01 | Time: 31ms
Epoch: 031 | Test Loss: 1.0148E-03 | Time: 8ms
Epoch: 032 | Test Loss: 1.1107E-03 | Time: 8ms
Epoch: 033 | Test Loss: 7.7785E-04 | Time: 8ms
Epoch: 034 | Test Loss: 8.1335E-04 | Time: 8ms
Epoch: 035 | Test Loss: 9.0271E-04 | Time: 8ms
Epoch: 036 | Train Loss: 1.0046E-03 | CBF GN: 1.0176E-01 | Time: 31ms
Epoch: 036 | Test Loss: 9.0490E-04 | Time: 8ms
Epoch: 037 | Test Loss: 7.8926E-04 | Time: 8ms
Epoch: 038 | Test Loss: 6.3246E-04 | Time: 8ms
> Save at epoch 038 | Test loss 6.3246E-04
Epoch: 039 | Test Loss: 6.8874E-04 | Time: 8ms
Epoch: 040 | Test Loss: 6.9050E-04 | Time: 8ms
Epoch: 041 | Train Loss: 8.8588E-04 | CBF GN: 3.5229E-02 | Time: 31ms
Epoch: 041 | Test Loss: 5.2886E-04 | Time: 8ms
> Save at epoch 041 | Test loss 5.2886E-04
Epoch: 042 | Test Loss: 6.0764E-04 | Time: 8ms
Epoch: 043 | Test Loss: 7.3503E-04 | Time: 8ms
Epoch: 044 | Test Loss: 6.1355E-04 | Time: 8ms
Epoch: 045 | Test Loss: 9.1081E-04 | Time: 8ms
Epoch: 046 | Train Loss: 9.8964E-04 | CBF GN: 8.7089E-02 | Time: 30ms
Epoch: 046 | Test Loss: 6.5865E-04 | Time: 8ms
Epoch: 047 | Test Loss: 8.6676E-04 | Time: 8ms
Epoch: 048 | Test Loss: 6.5311E-04 | Time: 8ms
Epoch: 049 | Test Loss: 5.1533E-04 | Time: 8ms
> Save at epoch 049 | Test loss 5.1533E-04
Epoch: 050 | Test Loss: 3.1758E-04 | Time: 8ms
> Save at epoch 050 | Test loss 3.1758E-04
Epoch: 051 | Train Loss: 9.5890E-04 | CBF GN: 1.5952E-01 | Time: 30ms
Epoch: 051 | Test Loss: 7.1332E-04 | Time: 8ms
Epoch: 052 | Test Loss: 8.1288E-04 | Time: 8ms
Epoch: 053 | Test Loss: 5.7079E-04 | Time: 8ms
Epoch: 054 | Test Loss: 5.7486E-04 | Time: 33ms
Epoch: 055 | Test Loss: 4.9902E-04 | Time: 8ms
Epoch: 056 | Train Loss: 8.0556E-04 | CBF GN: 7.0086E-02 | Time: 30ms
Epoch: 056 | Test Loss: 5.5817E-04 | Time: 8ms
Epoch: 057 | Test Loss: 5.9879E-04 | Time: 8ms
Epoch: 058 | Test Loss: 5.5249E-04 | Time: 8ms
Epoch: 059 | Test Loss: 5.5245E-04 | Time: 8ms
Epoch: 060 | Test Loss: 6.5987E-04 | Time: 8ms
Epoch: 061 | Train Loss: 8.4886E-04 | CBF GN: 6.0820E-02 | Time: 30ms
Epoch: 061 | Test Loss: 7.5673E-04 | Time: 8ms
Epoch: 062 | Test Loss: 3.2052E-04 | Time: 8ms
Epoch: 063 | Test Loss: 4.6995E-04 | Time: 8ms
Epoch: 064 | Test Loss: 4.4757E-04 | Time: 8ms
Epoch: 065 | Test Loss: 4.0367E-04 | Time: 8ms
Epoch: 066 | Train Loss: 6.4479E-04 | CBF GN: 5.1842E-02 | Time: 30ms
Epoch: 066 | Test Loss: 3.5916E-04 | Time: 8ms
Epoch: 067 | Test Loss: 4.2287E-04 | Time: 8ms
Epoch: 068 | Test Loss: 6.0313E-04 | Time: 8ms
Epoch: 069 | Test Loss: 5.0776E-04 | Time: 8ms
Epoch: 070 | Test Loss: 4.2975E-04 | Time: 8ms
Epoch: 071 | Train Loss: 7.0896E-04 | CBF GN: 4.5537E-02 | Time: 30ms
Epoch: 071 | Test Loss: 4.3375E-04 | Time: 8ms
Epoch: 072 | Test Loss: 3.6473E-04 | Time: 8ms
Epoch: 073 | Test Loss: 4.9067E-04 | Time: 8ms
Epoch: 074 | Test Loss: 4.1799E-04 | Time: 8ms
Epoch: 075 | Test Loss: 3.5420E-04 | Time: 8ms
Epoch: 076 | Train Loss: 5.7433E-04 | CBF GN: 4.5706E-02 | Time: 31ms
Epoch: 076 | Test Loss: 3.5317E-04 | Time: 8ms
Epoch: 077 | Test Loss: 3.8917E-04 | Time: 8ms
Epoch: 078 | Test Loss: 3.5644E-04 | Time: 8ms
Epoch: 079 | Test Loss: 3.5152E-04 | Time: 8ms
Epoch: 080 | Test Loss: 3.9152E-04 | Time: 8ms
Epoch: 081 | Train Loss: 5.5911E-04 | CBF GN: 2.3340E-02 | Time: 31ms
Epoch: 081 | Test Loss: 3.4803E-04 | Time: 8ms
Epoch: 082 | Test Loss: 4.3565E-04 | Time: 8ms
Epoch: 083 | Test Loss: 4.5348E-04 | Time: 8ms
Epoch: 084 | Test Loss: 3.4177E-04 | Time: 8ms
Epoch: 085 | Test Loss: 4.2367E-04 | Time: 8ms
Epoch: 086 | Train Loss: 5.5103E-04 | CBF GN: 4.7950E-02 | Time: 30ms
Epoch: 086 | Test Loss: 3.3500E-04 | Time: 8ms
Epoch: 087 | Test Loss: 3.5594E-04 | Time: 8ms
Epoch: 088 | Test Loss: 3.5429E-04 | Time: 8ms
Epoch: 089 | Test Loss: 3.2978E-04 | Time: 8ms
Epoch: 090 | Test Loss: 3.4453E-04 | Time: 8ms
Epoch: 091 | Train Loss: 5.1857E-04 | CBF GN: 2.4598E-02 | Time: 31ms
Epoch: 091 | Test Loss: 3.4829E-04 | Time: 8ms
Epoch: 092 | Test Loss: 3.4062E-04 | Time: 8ms
Epoch: 093 | Test Loss: 3.5392E-04 | Time: 8ms
Epoch: 094 | Test Loss: 3.4979E-04 | Time: 8ms
Epoch: 095 | Test Loss: 3.4792E-04 | Time: 8ms
Epoch: 096 | Train Loss: 4.9754E-04 | CBF GN: 2.9159E-02 | Time: 30ms
Epoch: 096 | Test Loss: 3.4180E-04 | Time: 8ms
Epoch: 097 | Test Loss: 3.4181E-04 | Time: 8ms
Epoch: 098 | Test Loss: 3.3607E-04 | Time: 8ms
Epoch: 099 | Test Loss: 3.3669E-04 | Time: 8ms
Epoch: 100 | Test Loss: 3.3677E-04 | Time: 8ms
Total time: 4s84ms
==> Visualizing training and test losses ...
==> Computing the smoothness constants ...
> Lipschitz constant of CBF network: 1.000000
> Hessian bound of CBF network: 6.532818
==> Saving the training results ...
==> Visualizing the CBF function and feasibility condition ...
==> Checking the safe and unsafe set ...
> Safe set percentage: 0.1300
> Unsafe set percentage: 1.0000
> Feasibility percentage: 0.9538
> Success:  False
==> Saving the feasibility results ...
==> Visualizing the CBF function and stability condition ...
==> Visualizing the feasibility condition ...
==> Done!
