==> Creating result directory ...
==> Loading test settings ...
==> Deciding torch device ...
==> torch device:  cuda
==> Building cbf neural network ...
==> Lipschitz constant of CBF network: 1.000000
==> Hessian bound of CBF network: 4.355212
==> Third order elementwise bound of CBF network: 30.225904
==> Number of subregions: 1
==> Subregion 0000000001 / 0000000001: 
==> [[-0.5 -2.  -0.1 -1.  -1.  -1. ], [0.5 0.  0.1 1.  1.  1. ]]
> Iteration 00 | Bound: [-0.260432, 1.803545] | l2 radius: 2.06E+00 | Size: 1.00E+00 | Time: 72ms
> Iteration 01 | Bound: [-0.241758, 1.631742] | l2 radius: 1.87E+00 | Size: 2.00E+00 | Time: 77ms
> Iteration 02 | Bound: [-0.242073, 1.419251] | l2 radius: 1.66E+00 | Size: 4.00E+00 | Time: 79ms
> Iteration 03 | Bound: [-0.241481, 1.176264] | l2 radius: 1.42E+00 | Size: 8.00E+00 | Time: 81ms
> Iteration 04 | Bound: [-0.211208, 0.911290] | l2 radius: 1.12E+00 | Size: 1.60E+01 | Time: 83ms
> Iteration 05 | Bound: [-0.177764, 0.857852] | l2 radius: 1.04E+00 | Size: 3.20E+01 | Time: 85ms
> Iteration 06 | Bound: [-0.155503, 0.785242] | l2 radius: 9.41E-01 | Size: 6.40E+01 | Time: 87ms
> Iteration 07 | Bound: [-0.154740, 0.680425] | l2 radius: 8.35E-01 | Size: 1.28E+02 | Time: 91ms
> Iteration 08 | Bound: [-0.154531, 0.559612] | l2 radius: 7.14E-01 | Size: 2.56E+02 | Time: 96ms
> Iteration 09 | Bound: [-0.140643, 0.427248] | l2 radius: 5.68E-01 | Size: 5.12E+02 | Time: 106ms
> Iteration 10 | Bound: [-0.101903, 0.423097] | l2 radius: 5.25E-01 | Size: 1.02E+03 | Time: 124ms
> Iteration 11 | Bound: [-0.088810, 0.389468] | l2 radius: 4.78E-01 | Size: 2.05E+03 | Time: 162ms
> Iteration 12 | Bound: [-0.088914, 0.337554] | l2 radius: 4.26E-01 | Size: 4.10E+03 | Time: 229ms
> Iteration 13 | Bound: [-0.088884, 0.278540] | l2 radius: 3.67E-01 | Size: 8.19E+03 | Time: 356ms
> Iteration 14 | Bound: [-0.082032, 0.176384] | l2 radius: 2.97E-01 | Size: 1.64E+04 | Time: 631ms
> Iteration 15 | Bound: [-0.058917, 0.154708] | l2 radius: 2.76E-01 | Size: 2.24E+04 | Time: 1s10ms
> Iteration 16 | Bound: [-0.052101, 0.129035] | l2 radius: 2.54E-01 | Size: 2.82E+04 | Time: 1s470ms
> Iteration 17 | Bound: [-0.052029, 0.103224] | l2 radius: 2.30E-01 | Size: 3.41E+04 | Time: 2s23ms
> Iteration 18 | Bound: [-0.052013, 0.077685] | l2 radius: 2.03E-01 | Size: 3.85E+04 | Time: 2s631ms
> Iteration 19 | Bound: [-0.048687, 0.052029] | l2 radius: 1.72E-01 | Size: 3.76E+04 | Time: 3s236ms
> Iteration 20 | Bound: [-0.047700, 0.034569] | l2 radius: 1.48E-01 | Size: 2.10E+04 | Time: 3s576ms
> Iteration 21 | Bound: [-0.035363, 0.025582] | l2 radius: 1.38E-01 | Size: 1.79E+04 | Time: 3s858ms
> Iteration 22 | Bound: [-0.031992, 0.017233] | l2 radius: 1.27E-01 | Size: 1.07E+04 | Time: 4s35ms
> Iteration 23 | Bound: [-0.029464, 0.009850] | l2 radius: 1.15E-01 | Size: 8.50E+03 | Time: 4s176ms
> Iteration 24 | Bound: [-0.023875, 0.003463] | l2 radius: 1.02E-01 | Size: 6.08E+03 | Time: 4s276ms
> Iteration 25 | Bound: [-0.019207, -0.002024] | l2 radius: 8.59E-02 | Size: 2.28E+03 | Time: 4s326ms
> No region to refine. Done!
> Time for subregion 0000000001: 4s326ms
> Total time up to subregion 0000000001: 4s326ms = 4.326351881027222 s
> Total time excluding drawing: 4s326ms = 4.326351881027222 s
> Success: True
==> Done!
