==> Creating result directory ...
==> Loading test settings ...
==> Deciding torch device ...
==> torch device:  cuda
==> Building cbf neural network ...
==> Lipschitz constant of CBF network: 1.000000
==> Hessian bound of CBF network: 4.355212
==> Third order elementwise bound of CBF network: 30.225904
==> Number of subregions: 4
==> Subregion 0000000001 / 0000000004: 
==> [[-3.14 -5.  ], [-2.618  5.   ]]
> Iteration 00 | Bound: [-0.122050, 4.884758] | l2 radius: 5.01E+00 | Size: 1.00E+00 | Time: 68ms
> Iteration 01 | Bound: [-0.192658, 2.320930] | l2 radius: 2.51E+00 | Size: 2.00E+00 | Time: 72ms
> Iteration 02 | Bound: [-0.143658, 1.133300] | l2 radius: 1.28E+00 | Size: 4.00E+00 | Time: 74ms
> Iteration 03 | Bound: [-0.127733, 0.549575] | l2 radius: 6.77E-01 | Size: 8.00E+00 | Time: 76ms
> Iteration 04 | Bound: [-0.123444, 0.283714] | l2 radius: 4.07E-01 | Size: 1.60E+01 | Time: 77ms
> Iteration 05 | Bound: [-0.122370, 0.161311] | l2 radius: 3.04E-01 | Size: 3.20E+01 | Time: 79ms
> Iteration 06 | Bound: [-0.082221, 0.025025] | l2 radius: 2.04E-01 | Size: 4.80E+01 | Time: 81ms
> Iteration 07 | Bound: [-0.062294, -0.012452] | l2 radius: 1.52E-01 | Size: 1.60E+01 | Time: 83ms
> No region to refine. Done!
> Time for subregion 0000000001: 83ms
> Total time up to subregion 0000000001: 83ms = 0.08352065086364746 s
==> Subregion 0000000002 / 0000000004: 
==> [[ 2.618 -5.   ], [3.14 5.  ]]
> Iteration 00 | Bound: [-0.123117, 4.883690] | l2 radius: 5.01E+00 | Size: 1.00E+00 | Time: 2ms
> Iteration 01 | Bound: [-0.184668, 2.328919] | l2 radius: 2.51E+00 | Size: 2.00E+00 | Time: 4ms
> Iteration 02 | Bound: [-0.137193, 1.139764] | l2 radius: 1.28E+00 | Size: 4.00E+00 | Time: 7ms
> Iteration 03 | Bound: [-0.124796, 0.552512] | l2 radius: 6.77E-01 | Size: 8.00E+00 | Time: 9ms
> Iteration 04 | Bound: [-0.122562, 0.284595] | l2 radius: 4.07E-01 | Size: 1.60E+01 | Time: 11ms
> Iteration 05 | Bound: [-0.122493, 0.171811] | l2 radius: 3.04E-01 | Size: 3.20E+01 | Time: 14ms
> Iteration 06 | Bound: [-0.076691, 0.034652] | l2 radius: 2.04E-01 | Size: 4.60E+01 | Time: 17ms
> Iteration 07 | Bound: [-0.051816, -0.002150] | l2 radius: 1.52E-01 | Size: 2.00E+01 | Time: 20ms
> No region to refine. Done!
> Time for subregion 0000000002: 20ms
> Total time up to subregion 0000000002: 104ms = 0.10450887680053711 s
==> Subregion 0000000003 / 0000000004: 
==> [[-2.618 -5.   ], [ 2.618 -4.   ]]
> Iteration 00 | Bound: [-0.300136, 2.365183] | l2 radius: 2.67E+00 | Size: 1.00E+00 | Time: 2ms
> Iteration 01 | Bound: [-0.156083, 1.245159] | l2 radius: 1.40E+00 | Size: 2.00E+00 | Time: 4ms
> Iteration 02 | Bound: [-0.165998, 0.657634] | l2 radius: 8.24E-01 | Size: 4.00E+00 | Time: 6ms
> Iteration 03 | Bound: [-0.152819, 0.444754] | l2 radius: 5.98E-01 | Size: 8.00E+00 | Time: 9ms
> Iteration 04 | Bound: [-0.118309, 0.293507] | l2 radius: 4.12E-01 | Size: 1.60E+01 | Time: 12ms
> Iteration 05 | Bound: [-0.114454, 0.126461] | l2 radius: 2.99E-01 | Size: 3.20E+01 | Time: 15ms
> Iteration 06 | Bound: [-0.095146, -0.003258] | l2 radius: 2.06E-01 | Size: 2.60E+01 | Time: 17ms
> No region to refine. Done!
> Time for subregion 0000000003: 17ms
> Total time up to subregion 0000000003: 122ms = 0.12228655815124512 s
==> Subregion 0000000004 / 0000000004: 
==> [[-2.618  4.   ], [2.618 5.   ]]
> Iteration 00 | Bound: [-0.269018, 2.396301] | l2 radius: 2.67E+00 | Size: 1.00E+00 | Time: 2ms
> Iteration 01 | Bound: [-0.126434, 1.274809] | l2 radius: 1.40E+00 | Size: 2.00E+00 | Time: 4ms
> Iteration 02 | Bound: [-0.126797, 0.696835] | l2 radius: 8.24E-01 | Size: 4.00E+00 | Time: 7ms
> Iteration 03 | Bound: [-0.116087, 0.481485] | l2 radius: 5.98E-01 | Size: 8.00E+00 | Time: 9ms
> Iteration 04 | Bound: [-0.074960, 0.336856] | l2 radius: 4.12E-01 | Size: 1.60E+01 | Time: 12ms
> Iteration 05 | Bound: [-0.074224, 0.167696] | l2 radius: 2.99E-01 | Size: 3.20E+01 | Time: 14ms
> Iteration 06 | Bound: [-0.051944, 0.038336] | l2 radius: 2.06E-01 | Size: 3.00E+01 | Time: 17ms
> Iteration 07 | Bound: [-0.052528, -0.002455] | l2 radius: 1.49E-01 | Size: 1.00E+01 | Time: 20ms
> No region to refine. Done!
> Time for subregion 0000000004: 20ms
> Total time up to subregion 0000000004: 142ms = 0.14235496520996094 s
> Total time excluding drawing: 142ms = 0.14235496520996094 s
> Success: True
==> Done!
