==> Creating result directory ...
==> Loading test settings ...
==> Deciding torch device ...
==> torch device:  cpu
==> Building dynamical system ...
==> Building cbf neural network ...
==> Lipschitz constant of CBF network: 1.000000
==> Hessian bound of CBF network: 4.355212
==> Third order elementwise bound of CBF network: 30.225904
==> Number of subregions: 1
==> Subregion 0000000001 / 0000000001: 
==> [[-3.14 -5.  ], [3.14 5.  ]]
==> Lipschitz constant of the zero order test function: 110.103333
> Iteration 00 | Bound: [-649.627136, 0.445201] | l2 radius: 5.90E+00 | Size: 1.00E+00 | Time: 6ms
> Iteration 01 | Bound: [-439.565887, 2.353278] | l2 radius: 4.01E+00 | Size: 2.00E+00 | Time: 8ms
> Iteration 02 | Bound: [-324.924561, 0.111599] | l2 radius: 2.95E+00 | Size: 4.00E+00 | Time: 9ms
> Iteration 03 | Bound: [-220.827011, 0.132572] | l2 radius: 2.01E+00 | Size: 8.00E+00 | Time: 12ms
> Iteration 04 | Bound: [-162.398300, 0.119784] | l2 radius: 1.48E+00 | Size: 1.60E+01 | Time: 20ms
> Iteration 05 | Bound: [-110.355576, 0.124211] | l2 radius: 1.00E+00 | Size: 3.20E+01 | Time: 22ms
> Iteration 06 | Bound: [-81.286392, 0.032037] | l2 radius: 7.38E-01 | Size: 6.40E+01 | Time: 26ms
> Iteration 07 | Bound: [-55.263420, 0.022399] | l2 radius: 5.02E-01 | Size: 1.28E+02 | Time: 36ms
> Iteration 08 | Bound: [-40.809029, 0.053526] | l2 radius: 3.69E-01 | Size: 2.50E+02 | Time: 54ms
> Iteration 09 | Bound: [-27.824030, 0.006475] | l2 radius: 2.51E-01 | Size: 3.74E+02 | Time: 77ms
> Iteration 10 | Bound: [-15.870664, 0.035396] | l2 radius: 1.85E-01 | Size: 6.05E+02 | Time: 111ms
> Iteration 11 | Bound: [-7.293648, 0.035151] | l2 radius: 1.25E-01 | Size: 1.08E+03 | Time: 178ms
> Iteration 12 | Bound: [-3.906857, 0.067308] | l2 radius: 9.23E-02 | Size: 2.03E+03 | Time: 269ms
> Iteration 13 | Bound: [-1.766276, 0.080627] | l2 radius: 6.27E-02 | Size: 3.77E+03 | Time: 454ms
> Iteration 14 | Bound: [-0.897941, 0.092074] | l2 radius: 4.61E-02 | Size: 4.67E+03 | Time: 645ms
> Iteration 15 | Bound: [-0.366354, 0.091986] | l2 radius: 3.14E-02 | Size: 6.58E+03 | Time: 926ms
> Iteration 16 | Bound: [-0.154190, 0.092116] | l2 radius: 2.31E-02 | Size: 8.55E+03 | Time: 1s305ms
> Iteration 17 | Bound: [-0.021768, 0.092169] | l2 radius: 1.57E-02 | Size: 8.26E+03 | Time: 1s624ms
> Iteration 18 | Bound: [0.030510, 0.092195] | l2 radius: 1.15E-02 | Size: 1.92E+03 | Time: 1s739ms
> No region to refine. Done!
> Time for subregion 0000000001: 1s739ms
> Total time up to subregion 0000000001: 1s739ms = 1.739823341369629 s
> Total time excluding drawing: 1s739ms = 1.739823341369629 s
> Success: True
==> Done!
