==> Creating result directory ...
==> Loading test settings ...
==> Deciding torch device ...
==> torch device:  cuda
==> Building dynamical system ...
==> Building cbf neural network ...
==> Lipschitz constant of CBF network: 4.000000
==> Hessian bound of CBF network: 17.420848
==> Third order elementwise bound of CBF network: 128.000000
==> Number of subregions: 1
==> Subregion 0000000001 / 0000000001: 
==> [[-3.14 -5.  ], [3.14 5.  ]]
==> Lipschitz constant of the zero order test function: 440.413332
> Iteration 00 | Bound: [-2600.227539, 0.061773] | l2 radius: 5.90E+00 | Size: 1.00E+00 | Time: 68ms
> Iteration 01 | Bound: [-1767.121216, 0.555462] | l2 radius: 4.01E+00 | Size: 2.00E+00 | Time: 70ms
> Iteration 02 | Bound: [-1300.130005, 0.014676] | l2 radius: 2.95E+00 | Size: 4.00E+00 | Time: 73ms
> Iteration 03 | Bound: [-883.817993, 0.020304] | l2 radius: 2.01E+00 | Size: 8.00E+00 | Time: 75ms
> Iteration 04 | Bound: [-650.055115, 0.017221] | l2 radius: 1.48E+00 | Size: 1.60E+01 | Time: 77ms
> Iteration 05 | Bound: [-441.904663, 0.014507] | l2 radius: 1.00E+00 | Size: 3.20E+01 | Time: 79ms
> Iteration 06 | Bound: [-325.044373, 0.011609] | l2 radius: 7.38E-01 | Size: 6.40E+01 | Time: 90ms
> Iteration 07 | Bound: [-220.968719, 0.011763] | l2 radius: 5.02E-01 | Size: 1.28E+02 | Time: 94ms
> Iteration 08 | Bound: [-162.540848, 0.004021] | l2 radius: 3.69E-01 | Size: 2.56E+02 | Time: 97ms
> Iteration 09 | Bound: [-110.510452, 0.006056] | l2 radius: 2.51E-01 | Size: 5.12E+02 | Time: 102ms
> Iteration 10 | Bound: [-66.300674, 0.000545] | l2 radius: 1.85E-01 | Size: 1.02E+03 | Time: 110ms
> Iteration 11 | Bound: [-30.669348, 0.000338] | l2 radius: 1.25E-01 | Size: 2.05E+03 | Time: 141ms
> Iteration 12 | Bound: [-16.615808, 0.000116] | l2 radius: 9.23E-02 | Size: 3.99E+03 | Time: 159ms
> Iteration 13 | Bound: [-7.708298, 0.000275] | l2 radius: 6.27E-02 | Size: 6.41E+03 | Time: 212ms
> Iteration 14 | Bound: [-4.165264, 0.000795] | l2 radius: 4.61E-02 | Size: 1.02E+04 | Time: 283ms
> Iteration 15 | Bound: [-1.918123, 0.000520] | l2 radius: 3.14E-02 | Size: 1.75E+04 | Time: 383ms
> Iteration 16 | Bound: [-1.032101, 0.003920] | l2 radius: 2.31E-02 | Size: 3.29E+04 | Time: 597ms
> Iteration 17 | Bound: [-0.472112, 0.007043] | l2 radius: 1.57E-02 | Size: 6.32E+04 | Time: 997ms
> Iteration 18 | Bound: [-0.250580, 0.008615] | l2 radius: 1.15E-02 | Size: 8.61E+04 | Time: 1s494ms
> Iteration 19 | Bound: [-0.110702, 0.008899] | l2 radius: 7.84E-03 | Size: 1.22E+05 | Time: 2s163ms
> Iteration 20 | Bound: [-0.055803, 0.008897] | l2 radius: 5.77E-03 | Size: 1.64E+05 | Time: 3s71ms
> Iteration 21 | Bound: [-0.021006, 0.008897] | l2 radius: 3.92E-03 | Size: 2.27E+05 | Time: 4s335ms
> Iteration 22 | Bound: [-0.007280, 0.008897] | l2 radius: 2.88E-03 | Size: 2.29E+05 | Time: 5s579ms
> Iteration 23 | Bound: [0.001420, 0.008897] | l2 radius: 1.96E-03 | Size: 1.73E+05 | Time: 6s550ms
> No region to refine. Done!
> Time for subregion 0000000001: 6s550ms
> Total time up to subregion 0000000001: 6s550ms = 6.550220251083374 s
> Total time excluding drawing: 6s550ms = 6.550220251083374 s
> Success: True
==> Done!
