==> Creating result directory ...
==> Loading test settings ...
==> Deciding torch device ...
==> torch device:  cuda
==> Building cbf neural network ...
==> Lipschitz constant of CBF network: 2.000000
==> Hessian bound of CBF network: 6.159200
==> Third order elementwise bound of CBF network: 32.000000
==> Number of subregions: 1
==> Subregion 0000000001 / 0000000001: 
==> [[-0.5 -2.  -1.  -1. ], [0.5 0.  1.  1. ]]
> Iteration 00 | Bound: [-0.601107, 3.004445] | l2 radius: 1.80E+00 | Size: 1.00E+00 | Time: 70ms
> Iteration 01 | Bound: [-0.581806, 2.580472] | l2 radius: 1.58E+00 | Size: 2.00E+00 | Time: 74ms
> Iteration 02 | Bound: [-0.510746, 2.135005] | l2 radius: 1.32E+00 | Size: 4.00E+00 | Time: 76ms
> Iteration 03 | Bound: [-0.446422, 1.553578] | l2 radius: 1.00E+00 | Size: 8.00E+00 | Time: 77ms
> Iteration 04 | Bound: [-0.388136, 1.414639] | l2 radius: 9.01E-01 | Size: 1.60E+01 | Time: 78ms
> Iteration 05 | Bound: [-0.363984, 1.217155] | l2 radius: 7.91E-01 | Size: 3.20E+01 | Time: 81ms
> Iteration 06 | Bound: [-0.339449, 0.983427] | l2 radius: 6.61E-01 | Size: 6.40E+01 | Time: 84ms
> Iteration 07 | Bound: [-0.306883, 0.680052] | l2 radius: 5.00E-01 | Size: 1.28E+02 | Time: 87ms
> Iteration 08 | Bound: [-0.264286, 0.559705] | l2 radius: 4.51E-01 | Size: 2.52E+02 | Time: 90ms
> Iteration 09 | Bound: [-0.244281, 0.428211] | l2 radius: 3.95E-01 | Size: 4.72E+02 | Time: 95ms
> Iteration 10 | Bound: [-0.214757, 0.294072] | l2 radius: 3.31E-01 | Size: 7.54E+02 | Time: 102ms
> Iteration 11 | Bound: [-0.182413, 0.154011] | l2 radius: 2.50E-01 | Size: 8.16E+02 | Time: 108ms
> Iteration 12 | Bound: [-0.140219, 0.104491] | l2 radius: 2.25E-01 | Size: 1.40E+02 | Time: 111ms
> Iteration 13 | Bound: [-0.099911, 0.063051] | l2 radius: 1.98E-01 | Size: 2.80E+01 | Time: 114ms
> Iteration 14 | Bound: [-0.067405, 0.028612] | l2 radius: 1.65E-01 | Size: 1.20E+01 | Time: 116ms
> Iteration 15 | Bound: [-0.042736, 0.001097] | l2 radius: 1.25E-01 | Size: 2.00E+00 | Time: 118ms
> Iteration 16 | Bound: [-0.036850, -0.005330] | l2 radius: 1.13E-01 | Size: 2.00E+00 | Time: 119ms
> No region to refine. Done!
> Time for subregion 0000000001: 120ms
> Total time up to subregion 0000000001: 120ms = 0.12003660202026367 s
> Total time excluding drawing: 120ms = 0.12003660202026367 s
> Success: True
==> Done!
