==> Creating result directory ...
==> Loading test settings ...
==> Deciding torch device ...
==> torch device:  cuda
==> Building cbf neural network ...
==> Lipschitz constant of CBF network: 2.000000
==> Hessian bound of CBF network: 6.159200
==> Third order elementwise bound of CBF network: 32.000000
==> Number of subregions: 1
==> Subregion 0000000001 / 0000000001: 
==> [[-0.5  -2.   -1.57], [0.5  0.   1.57]]
> Iteration 00 | Bound: [-0.606538, 3.248277] | l2 radius: 1.93E+00 | Size: 1.00E+00 | Time: 67ms
> Iteration 01 | Bound: [-0.613028, 2.119169] | l2 radius: 1.37E+00 | Size: 2.00E+00 | Time: 72ms
> Iteration 02 | Bound: [-0.525424, 1.587606] | l2 radius: 1.06E+00 | Size: 4.00E+00 | Time: 73ms
> Iteration 03 | Bound: [-0.516731, 1.100744] | l2 radius: 8.09E-01 | Size: 8.00E+00 | Time: 75ms
> Iteration 04 | Bound: [-0.437126, 0.928972] | l2 radius: 6.83E-01 | Size: 1.60E+01 | Time: 76ms
> Iteration 05 | Bound: [-0.359919, 0.696597] | l2 radius: 5.28E-01 | Size: 3.20E+01 | Time: 77ms
> Iteration 06 | Bound: [-0.342138, 0.399320] | l2 radius: 4.04E-01 | Size: 6.40E+01 | Time: 78ms
> Iteration 07 | Bound: [-0.276705, 0.276535] | l2 radius: 3.42E-01 | Size: 9.40E+01 | Time: 80ms
> Iteration 08 | Bound: [-0.225163, 0.124891] | l2 radius: 2.64E-01 | Size: 8.80E+01 | Time: 81ms
> Iteration 09 | Bound: [-0.149938, 0.020636] | l2 radius: 2.02E-01 | Size: 2.80E+01 | Time: 83ms
> Iteration 10 | Bound: [-0.120037, -0.019472] | l2 radius: 1.71E-01 | Size: 8.00E+00 | Time: 84ms
> No region to refine. Done!
> Time for subregion 0000000001: 84ms
> Total time up to subregion 0000000001: 84ms = 0.08418560028076172 s
> Total time excluding drawing: 84ms = 0.08418560028076172 s
> Success: True
==> Done!
