==> Creating result directory ...
==> Loading test settings ...
==> Deciding torch device ...
==> torch device:  cuda
==> Building cbf neural network ...
==> Lipschitz constant of CBF network: 1.000000
==> Hessian bound of CBF network: 6.532818
==> Third order elementwise bound of CBF network: 66.677713
==> Number of subregions: 4
==> Subregion 0000000001 / 0000000004: 
==> [[-3.14 -5.  ], [-2.618  5.   ]]
> Iteration 00 | Bound: [-0.082513, 4.924294] | l2 radius: 5.01E+00 | Size: 1.00E+00 | Time: 70ms
> Iteration 01 | Bound: [-0.111753, 2.401834] | l2 radius: 2.51E+00 | Size: 2.00E+00 | Time: 75ms
> Iteration 02 | Bound: [-0.092402, 1.184556] | l2 radius: 1.28E+00 | Size: 4.00E+00 | Time: 78ms
> Iteration 03 | Bound: [-0.084605, 0.592703] | l2 radius: 6.77E-01 | Size: 8.00E+00 | Time: 81ms
> Iteration 04 | Bound: [-0.082655, 0.324503] | l2 radius: 4.07E-01 | Size: 1.60E+01 | Time: 85ms
> Iteration 05 | Bound: [-0.082342, 0.221854] | l2 radius: 3.04E-01 | Size: 3.20E+01 | Time: 88ms
> Iteration 06 | Bound: [-0.047614, 0.122181] | l2 radius: 2.04E-01 | Size: 6.40E+01 | Time: 92ms
> Iteration 07 | Bound: [-0.047463, 0.043117] | l2 radius: 1.52E-01 | Size: 1.00E+02 | Time: 95ms
> Iteration 08 | Bound: [-0.027610, 0.005734] | l2 radius: 1.02E-01 | Size: 4.80E+01 | Time: 99ms
> Iteration 09 | Bound: [-0.017818, -0.004265] | l2 radius: 7.60E-02 | Size: 1.60E+01 | Time: 102ms
> No region to refine. Done!
> Time for subregion 0000000001: 102ms
> Total time up to subregion 0000000001: 102ms = 0.10254406929016113 s
==> Subregion 0000000002 / 0000000004: 
==> [[ 2.618 -5.   ], [3.14 5.  ]]
> Iteration 00 | Bound: [-0.076362, 4.930446] | l2 radius: 5.01E+00 | Size: 1.00E+00 | Time: 2ms
> Iteration 01 | Bound: [-0.124447, 2.389140] | l2 radius: 2.51E+00 | Size: 2.00E+00 | Time: 5ms
> Iteration 02 | Bound: [-0.089829, 1.187129] | l2 radius: 1.28E+00 | Size: 4.00E+00 | Time: 8ms
> Iteration 03 | Bound: [-0.078797, 0.598511] | l2 radius: 6.77E-01 | Size: 8.00E+00 | Time: 11ms
> Iteration 04 | Bound: [-0.076331, 0.330826] | l2 radius: 4.07E-01 | Size: 1.60E+01 | Time: 14ms
> Iteration 05 | Bound: [-0.076023, 0.228173] | l2 radius: 3.04E-01 | Size: 3.20E+01 | Time: 17ms
> Iteration 06 | Bound: [-0.044416, 0.123397] | l2 radius: 2.04E-01 | Size: 6.40E+01 | Time: 21ms
> Iteration 07 | Bound: [-0.044387, 0.043915] | l2 radius: 1.52E-01 | Size: 8.60E+01 | Time: 25ms
> Iteration 08 | Bound: [-0.027190, 0.006405] | l2 radius: 1.02E-01 | Size: 4.40E+01 | Time: 28ms
> Iteration 09 | Bound: [-0.017393, -0.003705] | l2 radius: 7.60E-02 | Size: 1.60E+01 | Time: 31ms
> No region to refine. Done!
> Time for subregion 0000000002: 31ms
> Total time up to subregion 0000000002: 134ms = 0.1343073844909668 s
==> Subregion 0000000003 / 0000000004: 
==> [[-2.618 -5.   ], [ 2.618 -4.   ]]
> Iteration 00 | Bound: [-0.182191, 2.483128] | l2 radius: 2.67E+00 | Size: 1.00E+00 | Time: 2ms
> Iteration 01 | Bound: [-0.085536, 1.315707] | l2 radius: 1.40E+00 | Size: 2.00E+00 | Time: 5ms
> Iteration 02 | Bound: [-0.092710, 0.730922] | l2 radius: 8.24E-01 | Size: 4.00E+00 | Time: 6ms
> Iteration 03 | Bound: [-0.084891, 0.512681] | l2 radius: 5.98E-01 | Size: 8.00E+00 | Time: 7ms
> Iteration 04 | Bound: [-0.066053, 0.345763] | l2 radius: 4.12E-01 | Size: 1.60E+01 | Time: 9ms
> Iteration 05 | Bound: [-0.063316, 0.235470] | l2 radius: 2.99E-01 | Size: 3.20E+01 | Time: 11ms
> Iteration 06 | Bound: [-0.051747, 0.101968] | l2 radius: 2.06E-01 | Size: 6.40E+01 | Time: 12ms
> Iteration 07 | Bound: [-0.050997, 0.014841] | l2 radius: 1.49E-01 | Size: 6.00E+01 | Time: 13ms
> Iteration 08 | Bound: [-0.044652, -0.020279] | l2 radius: 1.03E-01 | Size: 1.40E+01 | Time: 15ms
> No region to refine. Done!
> Time for subregion 0000000003: 15ms
> Total time up to subregion 0000000003: 149ms = 0.14945530891418457 s
==> Subregion 0000000004 / 0000000004: 
==> [[-2.618  4.   ], [2.618 5.   ]]
> Iteration 00 | Bound: [-0.166807, 2.498512] | l2 radius: 2.67E+00 | Size: 1.00E+00 | Time: 1ms
> Iteration 01 | Bound: [-0.084349, 1.316894] | l2 radius: 1.40E+00 | Size: 2.00E+00 | Time: 2ms
> Iteration 02 | Bound: [-0.087483, 0.736150] | l2 radius: 8.24E-01 | Size: 4.00E+00 | Time: 3ms
> Iteration 03 | Bound: [-0.083129, 0.514444] | l2 radius: 5.98E-01 | Size: 8.00E+00 | Time: 4ms
> Iteration 04 | Bound: [-0.063834, 0.347982] | l2 radius: 4.12E-01 | Size: 1.60E+01 | Time: 5ms
> Iteration 05 | Bound: [-0.061704, 0.237082] | l2 radius: 2.99E-01 | Size: 3.20E+01 | Time: 6ms
> Iteration 06 | Bound: [-0.049023, 0.103706] | l2 radius: 2.06E-01 | Size: 6.40E+01 | Time: 8ms
> Iteration 07 | Bound: [-0.048683, 0.017641] | l2 radius: 1.49E-01 | Size: 6.80E+01 | Time: 10ms
> Iteration 08 | Bound: [-0.042141, -0.017330] | l2 radius: 1.03E-01 | Size: 1.80E+01 | Time: 12ms
> No region to refine. Done!
> Time for subregion 0000000004: 12ms
> Total time up to subregion 0000000004: 162ms = 0.1620025634765625 s
> Total time excluding drawing: 162ms = 0.1620025634765625 s
> Success: True
==> Done!
