==> Creating result directory ...
==> Loading test settings ...
==> Deciding torch device ...
==> torch device:  cuda
==> Building dynamical system ...
==> Building cbf neural network ...
==> Lipschitz constant of CBF network: 1.000000
==> Hessian bound of CBF network: 6.532818
==> Third order elementwise bound of CBF network: 66.677713
==> Number of subregions: 1
==> Subregion 0000000001 / 0000000001: 
==> [[-3.14 -5.  ], [3.14 5.  ]]
==> Lipschitz constant of the zero order test function: 159.999742
> Iteration 00 | Bound: [-944.492126, 0.178656] | l2 radius: 5.90E+00 | Size: 1.00E+00 | Time: 66ms
> Iteration 01 | Bound: [-640.803833, 1.383337] | l2 radius: 4.01E+00 | Size: 2.00E+00 | Time: 68ms
> Iteration 02 | Bound: [-472.235809, 0.099573] | l2 radius: 2.95E+00 | Size: 4.00E+00 | Time: 71ms
> Iteration 03 | Bound: [-321.017944, 0.075661] | l2 radius: 2.01E+00 | Size: 8.00E+00 | Time: 74ms
> Iteration 04 | Bound: [-236.056091, 0.111596] | l2 radius: 1.48E+00 | Size: 1.60E+01 | Time: 77ms
> Iteration 05 | Bound: [-160.449768, 0.097038] | l2 radius: 1.00E+00 | Size: 3.20E+01 | Time: 79ms
> Iteration 06 | Bound: [-118.060783, 0.023067] | l2 radius: 7.38E-01 | Size: 6.40E+01 | Time: 82ms
> Iteration 07 | Bound: [-80.260574, 0.012824] | l2 radius: 5.02E-01 | Size: 1.28E+02 | Time: 86ms
> Iteration 08 | Bound: [-59.149963, 0.019774] | l2 radius: 3.69E-01 | Size: 2.56E+02 | Time: 97ms
> Iteration 09 | Bound: [-40.245739, 0.004438] | l2 radius: 2.51E-01 | Size: 4.97E+02 | Time: 101ms
> Iteration 10 | Bound: [-29.685871, 0.008550] | l2 radius: 1.85E-01 | Size: 7.96E+02 | Time: 108ms
> Iteration 11 | Bound: [-15.640965, 0.007234] | l2 radius: 1.25E-01 | Size: 1.22E+03 | Time: 137ms
> Iteration 12 | Bound: [-8.386036, 0.031713] | l2 radius: 9.23E-02 | Size: 2.17E+03 | Time: 152ms
> Iteration 13 | Bound: [-3.808915, 0.076854] | l2 radius: 6.27E-02 | Size: 4.04E+03 | Time: 193ms
> Iteration 14 | Bound: [-2.035532, 0.066503] | l2 radius: 4.61E-02 | Size: 7.81E+03 | Time: 259ms
> Iteration 15 | Bound: [-0.910565, 0.084559] | l2 radius: 3.14E-02 | Size: 1.30E+04 | Time: 371ms
> Iteration 16 | Bound: [-0.453286, 0.081787] | l2 radius: 2.31E-02 | Size: 1.67E+04 | Time: 512ms
> Iteration 17 | Bound: [-0.172214, 0.081786] | l2 radius: 1.57E-02 | Size: 2.36E+04 | Time: 713ms
> Iteration 18 | Bound: [-0.049253, 0.084195] | l2 radius: 1.15E-02 | Size: 2.96E+04 | Time: 968ms
> Iteration 19 | Bound: [0.018310, 0.084213] | l2 radius: 7.84E-03 | Size: 1.46E+04 | Time: 1s95ms
> No region to refine. Done!
> Time for subregion 0000000001: 1s95ms
> Total time up to subregion 0000000001: 1s95ms = 1.095587968826294 s
> Total time excluding drawing: 1s95ms = 1.095587968826294 s
> Success: True
==> Done!
