==> Creating result directory ...
==> Loading test settings ...
==> Deciding torch device ...
==> torch device:  cuda
==> Building dynamical system ...
==> Building cbf neural network ...
==> Lipschitz constant of CBF network: 1.000000
==> Hessian bound of CBF network: 4.355212
==> Third order elementwise bound of CBF network: 30.225904
==> Number of subregions: 8
==> Subregion 0000000001 / 0000000008: 
==> [[-2.   -2.   -1.57], [0. 0. 0.]]
==> Lipschitz constant of the zero order test function: 9.457661
> Iteration 00 | Bound: [-14.978745, 0.318785] | l2 radius: 1.62E+00 | Size: 1.00E+00 | Time: 66ms
> Iteration 01 | Bound: [-12.779847, 0.140249] | l2 radius: 1.37E+00 | Size: 2.00E+00 | Time: 68ms
> Iteration 02 | Bound: [-9.870997, 0.121168] | l2 radius: 1.06E+00 | Size: 4.00E+00 | Time: 71ms
> Iteration 03 | Bound: [-7.537882, 0.110883] | l2 radius: 8.09E-01 | Size: 8.00E+00 | Time: 75ms
> Iteration 04 | Bound: [-6.451871, 0.008177] | l2 radius: 6.83E-01 | Size: 1.60E+01 | Time: 80ms
> Iteration 05 | Bound: [-4.995104, 0.000979] | l2 radius: 5.28E-01 | Size: 3.20E+01 | Time: 84ms
> Iteration 06 | Bound: [-3.841149, 0.002116] | l2 radius: 4.04E-01 | Size: 6.40E+01 | Time: 98ms
> Iteration 07 | Bound: [-3.184417, 0.045607] | l2 radius: 3.42E-01 | Size: 1.12E+02 | Time: 101ms
> Iteration 08 | Bound: [-2.378350, 0.119692] | l2 radius: 2.64E-01 | Size: 1.86E+02 | Time: 104ms
> Iteration 09 | Bound: [-1.799101, 0.113090] | l2 radius: 2.02E-01 | Size: 3.33E+02 | Time: 108ms
> Iteration 10 | Bound: [-1.513759, 0.101254] | l2 radius: 1.71E-01 | Size: 6.10E+02 | Time: 115ms
> Iteration 11 | Bound: [-0.888869, 0.103633] | l2 radius: 1.32E-01 | Size: 1.14E+03 | Time: 144ms
> Iteration 12 | Bound: [-0.479684, 0.101898] | l2 radius: 1.01E-01 | Size: 2.21E+03 | Time: 165ms
> Iteration 13 | Bound: [-0.323981, 0.103274] | l2 radius: 8.54E-02 | Size: 3.36E+03 | Time: 196ms
> Iteration 14 | Bound: [-0.163844, 0.100941] | l2 radius: 6.60E-02 | Size: 5.07E+03 | Time: 242ms
> Iteration 15 | Bound: [-0.067187, 0.093357] | l2 radius: 5.05E-02 | Size: 3.00E+03 | Time: 286ms
> Iteration 16 | Bound: [-0.021684, 0.092299] | l2 radius: 4.27E-02 | Size: 4.83E+02 | Time: 292ms
> Iteration 17 | Bound: [0.019067, 0.091218] | l2 radius: 3.30E-02 | Size: 6.40E+01 | Time: 294ms
> No region to refine. Done!
> Time for subregion 0000000001: 294ms
> Total time up to subregion 0000000001: 294ms = 0.2944064140319824 s
==> Subregion 0000000002 / 0000000008: 
==> [[ 0.   -2.   -1.57], [2. 0. 0.]]
==> Lipschitz constant of the zero order test function: 9.457661
> Iteration 00 | Bound: [-14.724924, 0.572606] | l2 radius: 1.62E+00 | Size: 1.00E+00 | Time: 1ms
> Iteration 01 | Bound: [-12.650672, 0.269424] | l2 radius: 1.37E+00 | Size: 2.00E+00 | Time: 2ms
> Iteration 02 | Bound: [-9.837855, 0.154311] | l2 radius: 1.06E+00 | Size: 4.00E+00 | Time: 4ms
> Iteration 03 | Bound: [-7.563277, 0.085488] | l2 radius: 8.09E-01 | Size: 8.00E+00 | Time: 6ms
> Iteration 04 | Bound: [-6.504589, 0.096662] | l2 radius: 6.83E-01 | Size: 1.60E+01 | Time: 7ms
> Iteration 05 | Bound: [-5.049298, 0.027531] | l2 radius: 5.28E-01 | Size: 3.20E+01 | Time: 9ms
> Iteration 06 | Bound: [-3.932162, 0.022759] | l2 radius: 4.04E-01 | Size: 6.40E+01 | Time: 11ms
> Iteration 07 | Bound: [-3.235202, 0.016586] | l2 radius: 3.42E-01 | Size: 1.08E+02 | Time: 13ms
> Iteration 08 | Bound: [-2.467793, 0.030248] | l2 radius: 2.64E-01 | Size: 1.86E+02 | Time: 16ms
> Iteration 09 | Bound: [-1.854491, 0.057700] | l2 radius: 2.02E-01 | Size: 3.42E+02 | Time: 20ms
> Iteration 10 | Bound: [-1.534308, 0.080705] | l2 radius: 1.71E-01 | Size: 6.30E+02 | Time: 27ms
> Iteration 11 | Bound: [-0.970573, 0.070136] | l2 radius: 1.32E-01 | Size: 1.22E+03 | Time: 39ms
> Iteration 12 | Bound: [-0.524198, 0.090899] | l2 radius: 1.01E-01 | Size: 2.37E+03 | Time: 61ms
> Iteration 13 | Bound: [-0.366478, 0.091201] | l2 radius: 8.54E-02 | Size: 2.20E+03 | Time: 81ms
> Iteration 14 | Bound: [-0.192478, 0.092298] | l2 radius: 6.60E-02 | Size: 1.61E+03 | Time: 97ms
> Iteration 15 | Bound: [-0.096375, 0.082617] | l2 radius: 5.05E-02 | Size: 4.35E+02 | Time: 103ms
> Iteration 16 | Bound: [-0.038628, 0.091769] | l2 radius: 4.27E-02 | Size: 9.90E+01 | Time: 105ms
> Iteration 17 | Bound: [0.000409, 0.084421] | l2 radius: 3.30E-02 | Size: 3.60E+01 | Time: 107ms
> No region to refine. Done!
> Time for subregion 0000000002: 107ms
> Total time up to subregion 0000000002: 401ms = 0.4016849994659424 s
==> Subregion 0000000003 / 0000000008: 
==> [[-2.    0.   -1.57], [0. 2. 0.]]
==> Lipschitz constant of the zero order test function: 9.457661
> Iteration 00 | Bound: [-14.967966, 0.329564] | l2 radius: 1.62E+00 | Size: 1.00E+00 | Time: 1ms
> Iteration 01 | Bound: [-12.688993, 0.231104] | l2 radius: 1.37E+00 | Size: 2.00E+00 | Time: 2ms
> Iteration 02 | Bound: [-9.748990, 0.243175] | l2 radius: 1.06E+00 | Size: 4.00E+00 | Time: 4ms
> Iteration 03 | Bound: [-7.457642, 0.191123] | l2 radius: 8.09E-01 | Size: 8.00E+00 | Time: 6ms
> Iteration 04 | Bound: [-6.241732, 0.218316] | l2 radius: 6.83E-01 | Size: 1.60E+01 | Time: 7ms
> Iteration 05 | Bound: [-4.792555, 0.203528] | l2 radius: 5.28E-01 | Size: 3.20E+01 | Time: 9ms
> Iteration 06 | Bound: [-3.626016, 0.198367] | l2 radius: 4.04E-01 | Size: 6.40E+01 | Time: 11ms
> Iteration 07 | Bound: [-3.054272, 0.175752] | l2 radius: 3.42E-01 | Size: 1.28E+02 | Time: 13ms
> Iteration 08 | Bound: [-2.335508, 0.162534] | l2 radius: 2.64E-01 | Size: 2.56E+02 | Time: 16ms
> Iteration 09 | Bound: [-1.758332, 0.153860] | l2 radius: 2.02E-01 | Size: 5.09E+02 | Time: 22ms
> Iteration 10 | Bound: [-1.459427, 0.144311] | l2 radius: 1.71E-01 | Size: 1.00E+03 | Time: 32ms
> Iteration 11 | Bound: [-0.838210, 0.137935] | l2 radius: 1.32E-01 | Size: 1.98E+03 | Time: 51ms
> Iteration 12 | Bound: [-0.440922, 0.133241] | l2 radius: 1.01E-01 | Size: 3.94E+03 | Time: 102ms
> Iteration 13 | Bound: [-0.284849, 0.127708] | l2 radius: 8.54E-02 | Size: 6.79E+03 | Time: 161ms
> Iteration 14 | Bound: [-0.128633, 0.124291] | l2 radius: 6.60E-02 | Size: 9.31E+03 | Time: 261ms
> Iteration 15 | Bound: [-0.030622, 0.121911] | l2 radius: 5.05E-02 | Size: 5.51E+03 | Time: 327ms
> Iteration 16 | Bound: [0.008417, 0.119564] | l2 radius: 4.27E-02 | Size: 4.00E+01 | Time: 329ms
> No region to refine. Done!
> Time for subregion 0000000003: 329ms
> Total time up to subregion 0000000003: 731ms = 0.731553316116333 s
==> Subregion 0000000004 / 0000000008: 
==> [[ 0.    0.   -1.57], [2. 2. 0.]]
==> Lipschitz constant of the zero order test function: 9.457661
> Iteration 00 | Bound: [-14.671324, 0.626207] | l2 radius: 1.62E+00 | Size: 1.00E+00 | Time: 1ms
> Iteration 01 | Bound: [-12.416019, 0.504077] | l2 radius: 1.37E+00 | Size: 2.00E+00 | Time: 2ms
> Iteration 02 | Bound: [-9.679579, 0.312587] | l2 radius: 1.06E+00 | Size: 4.00E+00 | Time: 4ms
> Iteration 03 | Bound: [-7.405591, 0.243174] | l2 radius: 8.09E-01 | Size: 8.00E+00 | Time: 6ms
> Iteration 04 | Bound: [-6.236518, 0.223530] | l2 radius: 6.83E-01 | Size: 1.60E+01 | Time: 7ms
> Iteration 05 | Bound: [-4.835070, 0.161013] | l2 radius: 5.28E-01 | Size: 3.20E+01 | Time: 9ms
> Iteration 06 | Bound: [-3.724125, 0.100258] | l2 radius: 4.04E-01 | Size: 6.40E+01 | Time: 11ms
> Iteration 07 | Bound: [-3.113134, 0.116891] | l2 radius: 3.42E-01 | Size: 1.28E+02 | Time: 13ms
> Iteration 08 | Bound: [-2.424096, 0.073946] | l2 radius: 2.64E-01 | Size: 2.56E+02 | Time: 16ms
> Iteration 09 | Bound: [-1.867342, 0.044849] | l2 radius: 2.02E-01 | Size: 5.07E+02 | Time: 22ms
> Iteration 10 | Bound: [-1.560073, 0.054939] | l2 radius: 1.71E-01 | Size: 1.00E+03 | Time: 32ms
> Iteration 11 | Bound: [-0.937841, 0.097116] | l2 radius: 1.32E-01 | Size: 1.98E+03 | Time: 51ms
> Iteration 12 | Bound: [-0.546640, 0.080964] | l2 radius: 1.01E-01 | Size: 3.92E+03 | Time: 85ms
> Iteration 13 | Bound: [-0.388799, 0.077383] | l2 radius: 8.54E-02 | Size: 4.05E+03 | Time: 139ms
> Iteration 14 | Bound: [-0.192077, 0.095930] | l2 radius: 6.60E-02 | Size: 4.34E+03 | Time: 179ms
> Iteration 15 | Bound: [-0.096114, 0.082280] | l2 radius: 5.05E-02 | Size: 1.32E+03 | Time: 192ms
> Iteration 16 | Bound: [-0.051054, 0.084168] | l2 radius: 4.27E-02 | Size: 2.78E+02 | Time: 196ms
> Iteration 17 | Bound: [-0.004899, 0.079839] | l2 radius: 3.30E-02 | Size: 1.27E+02 | Time: 198ms
> Mesh returns no regions. Done!
> Time for subregion 0000000004: 199ms
> Total time up to subregion 0000000004: 930ms = 0.930901288986206 s
==> Subregion 0000000005 / 0000000008: 
==> [[-2. -2.  0.], [0.   0.   1.57]]
==> Lipschitz constant of the zero order test function: 9.457661
> Iteration 00 | Bound: [-14.623169, 0.674361] | l2 radius: 1.62E+00 | Size: 1.00E+00 | Time: 1ms
> Iteration 01 | Bound: [-12.450742, 0.469355] | l2 radius: 1.37E+00 | Size: 2.00E+00 | Time: 2ms
> Iteration 02 | Bound: [-9.614371, 0.377794] | l2 radius: 1.06E+00 | Size: 4.00E+00 | Time: 4ms
> Iteration 03 | Bound: [-7.330549, 0.318217] | l2 radius: 8.09E-01 | Size: 8.00E+00 | Time: 6ms
> Iteration 04 | Bound: [-6.335584, 0.124464] | l2 radius: 6.83E-01 | Size: 1.60E+01 | Time: 7ms
> Iteration 05 | Bound: [-4.894790, 0.101293] | l2 radius: 5.28E-01 | Size: 3.20E+01 | Time: 9ms
> Iteration 06 | Bound: [-3.680239, 0.144144] | l2 radius: 4.04E-01 | Size: 5.80E+01 | Time: 11ms
> Iteration 07 | Bound: [-3.008518, 0.221506] | l2 radius: 3.42E-01 | Size: 1.04E+02 | Time: 13ms
> Iteration 08 | Bound: [-2.258947, 0.239094] | l2 radius: 2.64E-01 | Size: 1.85E+02 | Time: 16ms
> Iteration 09 | Bound: [-1.628974, 0.283218] | l2 radius: 2.02E-01 | Size: 3.39E+02 | Time: 20ms
> Iteration 10 | Bound: [-1.282278, 0.332734] | l2 radius: 1.71E-01 | Size: 6.08E+02 | Time: 27ms
> Iteration 11 | Bound: [-0.693462, 0.318397] | l2 radius: 1.32E-01 | Size: 1.19E+03 | Time: 39ms
> Iteration 12 | Bound: [-0.274301, 0.330938] | l2 radius: 1.01E-01 | Size: 2.28E+03 | Time: 60ms
> Iteration 13 | Bound: [-0.117746, 0.321018] | l2 radius: 8.54E-02 | Size: 1.04E+03 | Time: 71ms
> Iteration 14 | Bound: [0.038476, 0.313664] | l2 radius: 6.60E-02 | Size: 1.83E+02 | Time: 74ms
> No region to refine. Done!
> Time for subregion 0000000005: 74ms
> Total time up to subregion 0000000005: 1s5ms = 1.005232810974121 s
==> Subregion 0000000006 / 0000000008: 
==> [[ 0. -2.  0.], [2.   0.   1.57]]
==> Lipschitz constant of the zero order test function: 9.457661
> Iteration 00 | Bound: [-14.731624, 0.565906] | l2 radius: 1.62E+00 | Size: 1.00E+00 | Time: 1ms
> Iteration 01 | Bound: [-12.721469, 0.198628] | l2 radius: 1.37E+00 | Size: 2.00E+00 | Time: 2ms
> Iteration 02 | Bound: [-9.770430, 0.221736] | l2 radius: 1.06E+00 | Size: 4.00E+00 | Time: 4ms
> Iteration 03 | Bound: [-7.496788, 0.151977] | l2 radius: 8.09E-01 | Size: 8.00E+00 | Time: 6ms
> Iteration 04 | Bound: [-6.501091, 0.007798] | l2 radius: 6.83E-01 | Size: 1.60E+01 | Time: 7ms
> Iteration 05 | Bound: [-5.047810, 0.092094] | l2 radius: 5.28E-01 | Size: 3.00E+01 | Time: 9ms
> Iteration 06 | Bound: [-3.870042, 0.019844] | l2 radius: 4.04E-01 | Size: 5.30E+01 | Time: 11ms
> Iteration 07 | Bound: [-3.131930, 0.098094] | l2 radius: 3.42E-01 | Size: 9.10E+01 | Time: 13ms
> Iteration 08 | Bound: [-2.223767, 0.274274] | l2 radius: 2.64E-01 | Size: 1.51E+02 | Time: 16ms
> Iteration 09 | Bound: [-1.606675, 0.305516] | l2 radius: 2.02E-01 | Size: 2.71E+02 | Time: 19ms
> Iteration 10 | Bound: [-1.326421, 0.284758] | l2 radius: 1.71E-01 | Size: 4.85E+02 | Time: 42ms
> Iteration 11 | Bound: [-0.704931, 0.278458] | l2 radius: 1.32E-01 | Size: 9.16E+02 | Time: 56ms
> Iteration 12 | Bound: [-0.295736, 0.277632] | l2 radius: 1.01E-01 | Size: 1.73E+03 | Time: 76ms
> Iteration 13 | Bound: [-0.152101, 0.268035] | l2 radius: 8.54E-02 | Size: 1.52E+03 | Time: 92ms
> Iteration 14 | Bound: [0.005264, 0.265502] | l2 radius: 6.60E-02 | Size: 8.11E+02 | Time: 102ms
> No region to refine. Done!
> Time for subregion 0000000006: 102ms
> Total time up to subregion 0000000006: 1s108ms = 1.1080114841461182 s
==> Subregion 0000000007 / 0000000008: 
==> [[-2.  0.  0.], [0.   2.   1.57]]
==> Lipschitz constant of the zero order test function: 9.457661
> Iteration 00 | Bound: [-14.969766, 0.327765] | l2 radius: 1.62E+00 | Size: 1.00E+00 | Time: 1ms
> Iteration 01 | Bound: [-12.599647, 0.320450] | l2 radius: 1.37E+00 | Size: 2.00E+00 | Time: 2ms
> Iteration 02 | Bound: [-9.800582, 0.191584] | l2 radius: 1.06E+00 | Size: 4.00E+00 | Time: 4ms
> Iteration 03 | Bound: [-7.338233, 0.310532] | l2 radius: 8.09E-01 | Size: 8.00E+00 | Time: 6ms
> Iteration 04 | Bound: [-6.218165, 0.241883] | l2 radius: 6.83E-01 | Size: 1.60E+01 | Time: 9ms
> Iteration 05 | Bound: [-4.771637, 0.224445] | l2 radius: 5.28E-01 | Size: 3.20E+01 | Time: 11ms
> Iteration 06 | Bound: [-3.640858, 0.183525] | l2 radius: 4.04E-01 | Size: 6.30E+01 | Time: 13ms
> Iteration 07 | Bound: [-3.131674, 0.098350] | l2 radius: 3.42E-01 | Size: 1.25E+02 | Time: 16ms
> Iteration 08 | Bound: [-2.340310, 0.157732] | l2 radius: 2.64E-01 | Size: 2.46E+02 | Time: 20ms
> Iteration 09 | Bound: [-1.744223, 0.167969] | l2 radius: 2.02E-01 | Size: 4.74E+02 | Time: 27ms
> Iteration 10 | Bound: [-1.427369, 0.161744] | l2 radius: 1.71E-01 | Size: 9.22E+02 | Time: 38ms
> Iteration 11 | Bound: [-0.819088, 0.159864] | l2 radius: 1.32E-01 | Size: 1.78E+03 | Time: 55ms
> Iteration 12 | Bound: [-0.401119, 0.165938] | l2 radius: 1.01E-01 | Size: 3.46E+03 | Time: 109ms
> Iteration 13 | Bound: [-0.244504, 0.163158] | l2 radius: 8.54E-02 | Size: 6.27E+03 | Time: 165ms
> Iteration 14 | Bound: [-0.088706, 0.162366] | l2 radius: 6.60E-02 | Size: 7.11E+03 | Time: 244ms
> Iteration 15 | Bound: [0.013532, 0.160322] | l2 radius: 5.05E-02 | Size: 1.53E+03 | Time: 259ms
> No region to refine. Done!
> Time for subregion 0000000007: 259ms
> Total time up to subregion 0000000007: 1s367ms = 1.3673968315124512 s
==> Subregion 0000000008 / 0000000008: 
==> [[0. 0. 0.], [2.   2.   1.57]]
==> Lipschitz constant of the zero order test function: 9.457661
> Iteration 00 | Bound: [-14.774098, 0.523432] | l2 radius: 1.62E+00 | Size: 1.00E+00 | Time: 1ms
> Iteration 01 | Bound: [-12.553195, 0.366901] | l2 radius: 1.37E+00 | Size: 2.00E+00 | Time: 2ms
> Iteration 02 | Bound: [-9.647945, 0.344220] | l2 radius: 1.06E+00 | Size: 4.00E+00 | Time: 4ms
> Iteration 03 | Bound: [-7.292360, 0.356405] | l2 radius: 8.09E-01 | Size: 8.00E+00 | Time: 5ms
> Iteration 04 | Bound: [-6.164694, 0.295355] | l2 radius: 6.83E-01 | Size: 1.60E+01 | Time: 7ms
> Iteration 05 | Bound: [-4.720666, 0.275417] | l2 radius: 5.28E-01 | Size: 3.20E+01 | Time: 9ms
> Iteration 06 | Bound: [-3.580071, 0.244312] | l2 radius: 4.04E-01 | Size: 6.20E+01 | Time: 11ms
> Iteration 07 | Bound: [-3.070569, 0.159455] | l2 radius: 3.42E-01 | Size: 1.22E+02 | Time: 13ms
> Iteration 08 | Bound: [-2.273562, 0.224479] | l2 radius: 2.64E-01 | Size: 2.33E+02 | Time: 16ms
> Iteration 09 | Bound: [-1.723135, 0.189056] | l2 radius: 2.02E-01 | Size: 4.35E+02 | Time: 21ms
> Iteration 10 | Bound: [-1.469516, 0.145496] | l2 radius: 1.71E-01 | Size: 8.29E+02 | Time: 30ms
> Iteration 11 | Bound: [-0.801577, 0.232540] | l2 radius: 1.32E-01 | Size: 1.55E+03 | Time: 45ms
> Iteration 12 | Bound: [-0.378281, 0.230466] | l2 radius: 1.01E-01 | Size: 2.94E+03 | Time: 72ms
> Iteration 13 | Bound: [-0.223184, 0.228637] | l2 radius: 8.54E-02 | Size: 4.42E+03 | Time: 128ms
> Iteration 14 | Bound: [-0.029785, 0.227788] | l2 radius: 6.60E-02 | Size: 4.44E+03 | Time: 167ms
> Iteration 15 | Bound: [0.066106, 0.227137] | l2 radius: 5.05E-02 | Size: 1.05E+02 | Time: 170ms
> No region to refine. Done!
> Time for subregion 0000000008: 170ms
> Total time up to subregion 0000000008: 1s537ms = 1.537665843963623 s
> Total time excluding drawing: 1s537ms = 1.537665843963623 s
> Success: True
==> Done!
