==> Creating result directory ...
==> Loading test settings ...
==> Deciding torch device ...
==> torch device:  cuda
==> Seeding everything ...
==> Building dynamical system ...
==> Building cbf neural network ...
==========================================================================================
Layer (type:depth-idx)                   Output Shape              Param #
==========================================================================================
LipschitzNetwork                         [1, 1]                    --
├─Sequential: 1-1                        [1, 1]                    --
│    └─SandwichFc: 2-1                   [1, 128]                  16,897
│    └─SandwichLin: 2-2                  [1, 1]                    131
==========================================================================================
Total params: 17,028
Trainable params: 16,900
Non-trainable params: 128
Total mult-adds (M): 0.02
==========================================================================================
Input size (MB): 0.00
Forward/backward pass size (MB): 0.00
Params size (MB): 0.07
Estimated Total Size (MB): 0.07
==========================================================================================
==> Lipschitz constant of CBF network: 1.000000
==> Amount of training data:  1500
==> Creating training data ...
==> Start training ...
Epoch: 001 | Train Loss: 1.3391E-01 | CBF GN: 3.6695E+00 | Time: 103ms
Epoch: 001 | Test Loss: 1.3015E-01 | Time: 6ms
> Save at epoch 001 | Test loss 1.3015E-01
Epoch: 002 | Test Loss: 7.3488E-02 | Time: 6ms
> Save at epoch 002 | Test loss 7.3488E-02
Epoch: 003 | Test Loss: 3.3566E-02 | Time: 6ms
> Save at epoch 003 | Test loss 3.3566E-02
Epoch: 004 | Test Loss: 3.5031E-02 | Time: 6ms
Epoch: 005 | Test Loss: 2.3968E-02 | Time: 6ms
> Save at epoch 005 | Test loss 2.3968E-02
Epoch: 006 | Train Loss: 2.7397E-02 | CBF GN: 1.7470E+00 | Time: 20ms
Epoch: 006 | Test Loss: 2.6858E-02 | Time: 6ms
Epoch: 007 | Test Loss: 3.0036E-02 | Time: 6ms
Epoch: 008 | Test Loss: 2.9343E-02 | Time: 6ms
Epoch: 009 | Test Loss: 2.3651E-02 | Time: 6ms
> Save at epoch 009 | Test loss 2.3651E-02
Epoch: 010 | Test Loss: 2.0335E-02 | Time: 6ms
> Save at epoch 010 | Test loss 2.0335E-02
Epoch: 011 | Train Loss: 2.0339E-02 | CBF GN: 9.0307E-01 | Time: 19ms
Epoch: 011 | Test Loss: 1.6188E-02 | Time: 6ms
> Save at epoch 011 | Test loss 1.6188E-02
Epoch: 012 | Test Loss: 7.5012E-03 | Time: 6ms
> Save at epoch 012 | Test loss 7.5012E-03
Epoch: 013 | Test Loss: 5.4657E-03 | Time: 6ms
> Save at epoch 013 | Test loss 5.4657E-03
Epoch: 014 | Test Loss: 9.2349E-03 | Time: 6ms
Epoch: 015 | Test Loss: 7.4370E-03 | Time: 6ms
Epoch: 016 | Train Loss: 1.1571E-02 | CBF GN: 5.4086E-01 | Time: 20ms
Epoch: 016 | Test Loss: 8.9421E-03 | Time: 6ms
Epoch: 017 | Test Loss: 4.2471E-03 | Time: 6ms
> Save at epoch 017 | Test loss 4.2471E-03
Epoch: 018 | Test Loss: 1.3065E-02 | Time: 6ms
Epoch: 019 | Test Loss: 5.9745E-03 | Time: 6ms
Epoch: 020 | Test Loss: 1.5230E-02 | Time: 6ms
Epoch: 021 | Train Loss: 1.0276E-02 | CBF GN: 3.2996E-01 | Time: 20ms
Epoch: 021 | Test Loss: 9.0018E-03 | Time: 6ms
Epoch: 022 | Test Loss: 3.9474E-03 | Time: 6ms
> Save at epoch 022 | Test loss 3.9474E-03
Epoch: 023 | Test Loss: 1.9209E-03 | Time: 6ms
> Save at epoch 023 | Test loss 1.9209E-03
Epoch: 024 | Test Loss: 2.1878E-03 | Time: 6ms
Epoch: 025 | Test Loss: 6.3024E-04 | Time: 6ms
> Save at epoch 025 | Test loss 6.3024E-04
Epoch: 026 | Train Loss: 1.3387E-03 | CBF GN: 1.0094E-01 | Time: 19ms
Epoch: 026 | Test Loss: 1.0027E-03 | Time: 6ms
Epoch: 027 | Test Loss: 5.8276E-04 | Time: 6ms
> Save at epoch 027 | Test loss 5.8276E-04
Epoch: 028 | Test Loss: 6.7658E-04 | Time: 6ms
Epoch: 029 | Test Loss: 5.9173E-04 | Time: 6ms
Epoch: 030 | Test Loss: 6.7169E-04 | Time: 6ms
Epoch: 031 | Train Loss: 8.2146E-04 | CBF GN: 1.0052E-01 | Time: 19ms
Epoch: 031 | Test Loss: 5.7364E-04 | Time: 6ms
> Save at epoch 031 | Test loss 5.7364E-04
Epoch: 032 | Test Loss: 6.3794E-04 | Time: 6ms
Epoch: 033 | Test Loss: 5.7694E-04 | Time: 6ms
Epoch: 034 | Test Loss: 4.2625E-04 | Time: 6ms
> Save at epoch 034 | Test loss 4.2625E-04
Epoch: 035 | Test Loss: 4.4172E-04 | Time: 6ms
Epoch: 036 | Train Loss: 6.8912E-04 | CBF GN: 6.3004E-02 | Time: 19ms
Epoch: 036 | Test Loss: 3.9692E-04 | Time: 6ms
> Save at epoch 036 | Test loss 3.9692E-04
Epoch: 037 | Test Loss: 7.0049E-04 | Time: 6ms
Epoch: 038 | Test Loss: 5.7601E-04 | Time: 6ms
Epoch: 039 | Test Loss: 6.2618E-04 | Time: 6ms
Epoch: 040 | Test Loss: 9.2444E-04 | Time: 6ms
Epoch: 041 | Train Loss: 8.9742E-04 | CBF GN: 1.3289E-01 | Time: 19ms
Epoch: 041 | Test Loss: 5.8941E-04 | Time: 6ms
Epoch: 042 | Test Loss: 8.2904E-04 | Time: 6ms
Epoch: 043 | Test Loss: 7.7269E-04 | Time: 6ms
Epoch: 044 | Test Loss: 6.0878E-04 | Time: 6ms
Epoch: 045 | Test Loss: 6.0232E-04 | Time: 6ms
Epoch: 046 | Train Loss: 7.6801E-04 | CBF GN: 6.7517E-02 | Time: 19ms
Epoch: 046 | Test Loss: 6.8003E-04 | Time: 6ms
Epoch: 047 | Test Loss: 8.7409E-04 | Time: 6ms
Epoch: 048 | Test Loss: 8.7207E-04 | Time: 6ms
Epoch: 049 | Test Loss: 6.7284E-04 | Time: 6ms
Epoch: 050 | Test Loss: 5.8123E-04 | Time: 6ms
Epoch: 051 | Train Loss: 9.8971E-04 | CBF GN: 9.3269E-02 | Time: 18ms
Epoch: 051 | Test Loss: 7.5262E-04 | Time: 6ms
Epoch: 052 | Test Loss: 5.4670E-04 | Time: 6ms
Epoch: 053 | Test Loss: 6.3740E-04 | Time: 6ms
Epoch: 054 | Test Loss: 5.5653E-04 | Time: 34ms
Epoch: 055 | Test Loss: 6.2581E-04 | Time: 6ms
Epoch: 056 | Train Loss: 8.4162E-04 | CBF GN: 7.4248E-02 | Time: 20ms
Epoch: 056 | Test Loss: 5.6153E-04 | Time: 6ms
Epoch: 057 | Test Loss: 5.6914E-04 | Time: 6ms
Epoch: 058 | Test Loss: 5.5159E-04 | Time: 6ms
Epoch: 059 | Test Loss: 4.2287E-04 | Time: 6ms
Epoch: 060 | Test Loss: 3.4879E-04 | Time: 6ms
> Save at epoch 060 | Test loss 3.4879E-04
Epoch: 061 | Train Loss: 5.5625E-04 | CBF GN: 7.0390E-02 | Time: 19ms
Epoch: 061 | Test Loss: 2.4441E-04 | Time: 6ms
> Save at epoch 061 | Test loss 2.4441E-04
Epoch: 062 | Test Loss: 3.4707E-04 | Time: 6ms
Epoch: 063 | Test Loss: 3.3999E-04 | Time: 6ms
Epoch: 064 | Test Loss: 3.7775E-04 | Time: 6ms
Epoch: 065 | Test Loss: 2.8045E-04 | Time: 7ms
Epoch: 066 | Train Loss: 4.6477E-04 | CBF GN: 8.7631E-02 | Time: 20ms
Epoch: 066 | Test Loss: 3.5353E-04 | Time: 6ms
Epoch: 067 | Test Loss: 5.4144E-04 | Time: 6ms
Epoch: 068 | Test Loss: 4.2887E-04 | Time: 6ms
Epoch: 069 | Test Loss: 2.4391E-04 | Time: 6ms
> Save at epoch 069 | Test loss 2.4391E-04
Epoch: 070 | Test Loss: 4.7420E-04 | Time: 6ms
Epoch: 071 | Train Loss: 4.3935E-04 | CBF GN: 6.3434E-02 | Time: 20ms
Epoch: 071 | Test Loss: 3.1971E-04 | Time: 6ms
Epoch: 072 | Test Loss: 2.9611E-04 | Time: 6ms
Epoch: 073 | Test Loss: 4.9083E-04 | Time: 6ms
Epoch: 074 | Test Loss: 2.0862E-04 | Time: 6ms
> Save at epoch 074 | Test loss 2.0862E-04
Epoch: 075 | Test Loss: 5.4854E-04 | Time: 6ms
Epoch: 076 | Train Loss: 4.5960E-04 | CBF GN: 6.7022E-02 | Time: 20ms
Epoch: 076 | Test Loss: 2.1357E-04 | Time: 6ms
Epoch: 077 | Test Loss: 4.1971E-04 | Time: 7ms
Epoch: 078 | Test Loss: 3.1620E-04 | Time: 6ms
Epoch: 079 | Test Loss: 3.7968E-04 | Time: 6ms
Epoch: 080 | Test Loss: 2.9215E-04 | Time: 6ms
Epoch: 081 | Train Loss: 3.9327E-04 | CBF GN: 4.0380E-02 | Time: 20ms
Epoch: 081 | Test Loss: 3.7342E-04 | Time: 6ms
Epoch: 082 | Test Loss: 2.8695E-04 | Time: 6ms
Epoch: 083 | Test Loss: 3.4461E-04 | Time: 6ms
Epoch: 084 | Test Loss: 2.9060E-04 | Time: 6ms
Epoch: 085 | Test Loss: 3.0253E-04 | Time: 6ms
Epoch: 086 | Train Loss: 3.4557E-04 | CBF GN: 3.2874E-02 | Time: 20ms
Epoch: 086 | Test Loss: 3.1189E-04 | Time: 6ms
Epoch: 087 | Test Loss: 2.9603E-04 | Time: 6ms
Epoch: 088 | Test Loss: 2.9375E-04 | Time: 6ms
Epoch: 089 | Test Loss: 3.1040E-04 | Time: 6ms
Epoch: 090 | Test Loss: 2.9037E-04 | Time: 6ms
Epoch: 091 | Train Loss: 3.3878E-04 | CBF GN: 1.9361E-02 | Time: 20ms
Epoch: 091 | Test Loss: 2.9087E-04 | Time: 6ms
Epoch: 092 | Test Loss: 3.0262E-04 | Time: 6ms
Epoch: 093 | Test Loss: 3.0334E-04 | Time: 6ms
Epoch: 094 | Test Loss: 3.0270E-04 | Time: 6ms
Epoch: 095 | Test Loss: 2.9766E-04 | Time: 6ms
Epoch: 096 | Train Loss: 3.3263E-04 | CBF GN: 3.6672E-02 | Time: 20ms
Epoch: 096 | Test Loss: 2.9768E-04 | Time: 6ms
Epoch: 097 | Test Loss: 2.9540E-04 | Time: 6ms
Epoch: 098 | Test Loss: 2.9487E-04 | Time: 6ms
Epoch: 099 | Test Loss: 2.9680E-04 | Time: 6ms
Epoch: 100 | Test Loss: 2.9625E-04 | Time: 6ms
Total time: 2s782ms
==> Visualizing training and test losses ...
==> Computing the smoothness constants ...
> Lipschitz constant of CBF network: 1.000000
> Hessian bound of CBF network: 2.177606
==> Saving the training results ...
==> Visualizing the CBF function and feasibility condition ...
==> Checking the safe and unsafe set ...
> Safe set percentage: 0.5844
> Unsafe set percentage: 1.0000
> Feasibility percentage: 1.0000
> Success:  True
==> Saving the feasibility results ...
==> Visualizing the CBF function and stability condition ...
==> Visualizing the feasibility condition ...
==> Done!
