==> Creating result directory ...
==> Loading test settings ...
==> torch device:  cpu
==> Seeding everything ...
==> Building CBF neural network ...
==> Number of subregions: 4
==> dReal variables:  [Variable('x1') Variable('x2')]
==> dReal for CBF function
> Start constructing the dReal expression for lyapunov function ...
> Start time: 2025-02-16 13:40:24.040326
> Stop time: 2025-02-16 13:40:24.183255
> Time used: 142ms = 0.1429290771484375 s
> Checking consistency for lipschitz neural network ...
==> Verifying with dReal ...
> dReal precision: 1.0E-03
> dReal number of jobs: 4
==> Subregion 0000000001 / 0000000004: 
==> [[-3.14 -5.  ], [-2.618  5.   ]]
> Start time: 2025-02-16 13:40:24.192349
> Stop time: 2025-02-16 13:40:41.560563
> Result:
x1 : [-2.6182549133663997, -2.6180000305175781]
x2 : [0.29541015625, 0.29571533203125]
> Counterexample: tensor([[-2.6181,  0.2956]])
> Counterexample value: tensor([[-0.0003]])
> Found valid counterexample(s)!
> Time for subregion 0000000001: 17s368ms = 17.368213415145874 s
> Total time up to subregion 0000000001: 17s368ms = 17.368213415145874 s

==> Success: False
==> Done!
