==> Creating result directory ...
==> Loading test settings ...
==> torch device:  cpu
==> Seeding everything ...
==> Building dynamical system ...
==> Building cbf neural network ...
==> dReal variables:  [Variable('x1') Variable('x2')]
==> dReal for CBF function
> Start constructing the dReal expression for lyapunov function ...
> Start time: 2025-02-18 01:54:45.554585
> Stop time: 2025-02-18 01:54:45.736717
> Time used: 182ms = 0.18213248252868652 s
> Checking consistency for lipschitz neural network ...
==> dReal for feasibility condition
> Checking consistency for feasibility condition ...
==> Verifying with dReal ...
> dReal precision: 1.0E-03
> dReal number of jobs: 1
> Start checking
> Start time: 2025-02-18 01:54:45.955864
> Stop time: 2025-02-18 02:42:40.275001
> Time used: 47m54s
> Result:
None
> Success: True
> False positive: False
==> Done!
