==> Creating result directory ...
==> Loading test settings ...
==> Deciding torch device ...
==> torch device:  cuda
==> Building cbf neural network ...
==> Lipschitz constant of CBF network: 1.000000
==> Hessian bound of CBF network: 2.177606
==> Third order elementwise bound of CBF network: 8.000000
==> Number of subregions: 4
==> Subregion 0000000001 / 0000000004: 
==> [[-3.14 -5.  ], [-2.618  5.   ]]
> Iteration 00 | Bound: [-0.100669, 4.906138] | l2 radius: 5.01E+00 | Size: 1.00E+00 | Time: 67ms
> Iteration 01 | Bound: [-0.125115, 2.388472] | l2 radius: 2.51E+00 | Size: 2.00E+00 | Time: 71ms
> Iteration 02 | Bound: [-0.102389, 1.174569] | l2 radius: 1.28E+00 | Size: 4.00E+00 | Time: 72ms
> Iteration 03 | Bound: [-0.099390, 0.463925] | l2 radius: 6.77E-01 | Size: 8.00E+00 | Time: 73ms
> Iteration 04 | Bound: [-0.099987, 0.094727] | l2 radius: 4.07E-01 | Size: 1.60E+01 | Time: 75ms
> Iteration 05 | Bound: [-0.095309, 0.012741] | l2 radius: 3.04E-01 | Size: 2.40E+01 | Time: 76ms
> Iteration 06 | Bound: [-0.059683, -0.025133] | l2 radius: 2.04E-01 | Size: 1.00E+01 | Time: 77ms
> No region to refine. Done!
> Time for subregion 0000000001: 77ms
> Total time up to subregion 0000000001: 77ms = 0.07770800590515137 s
==> Subregion 0000000002 / 0000000004: 
==> [[ 2.618 -5.   ], [3.14 5.  ]]
> Iteration 00 | Bound: [-0.100684, 4.906124] | l2 radius: 5.01E+00 | Size: 1.00E+00 | Time: 0ms
> Iteration 01 | Bound: [-0.129424, 2.384163] | l2 radius: 2.51E+00 | Size: 2.00E+00 | Time: 1ms
> Iteration 02 | Bound: [-0.105608, 1.171350] | l2 radius: 1.28E+00 | Size: 4.00E+00 | Time: 2ms
> Iteration 03 | Bound: [-0.097807, 0.446314] | l2 radius: 6.77E-01 | Size: 8.00E+00 | Time: 3ms
> Iteration 04 | Bound: [-0.097674, 0.075873] | l2 radius: 4.07E-01 | Size: 1.60E+01 | Time: 4ms
> Iteration 05 | Bound: [-0.097354, -0.001748] | l2 radius: 3.04E-01 | Size: 2.20E+01 | Time: 5ms
> No region to refine. Done!
> Time for subregion 0000000002: 5ms
> Total time up to subregion 0000000002: 82ms = 0.08291339874267578 s
==> Subregion 0000000003 / 0000000004: 
==> [[-2.618 -5.   ], [ 2.618 -4.   ]]
> Iteration 00 | Bound: [-0.259616, 2.405703] | l2 radius: 2.67E+00 | Size: 1.00E+00 | Time: 0ms
> Iteration 01 | Bound: [-0.148790, 1.252453] | l2 radius: 1.40E+00 | Size: 2.00E+00 | Time: 1ms
> Iteration 02 | Bound: [-0.122155, 0.664627] | l2 radius: 8.24E-01 | Size: 4.00E+00 | Time: 2ms
> Iteration 03 | Bound: [-0.128703, 0.336626] | l2 radius: 5.98E-01 | Size: 8.00E+00 | Time: 3ms
> Iteration 04 | Bound: [-0.098590, 0.083413] | l2 radius: 4.12E-01 | Size: 1.60E+01 | Time: 3ms
> Iteration 05 | Bound: [-0.097506, -0.006358] | l2 radius: 2.99E-01 | Size: 1.20E+01 | Time: 4ms
> No region to refine. Done!
> Time for subregion 0000000003: 4ms
> Total time up to subregion 0000000003: 87ms = 0.08780789375305176 s
==> Subregion 0000000004 / 0000000004: 
==> [[-2.618  4.   ], [2.618 5.   ]]
> Iteration 00 | Bound: [-0.217317, 2.448001] | l2 radius: 2.67E+00 | Size: 1.00E+00 | Time: 0ms
> Iteration 01 | Bound: [-0.124091, 1.277152] | l2 radius: 1.40E+00 | Size: 2.00E+00 | Time: 1ms
> Iteration 02 | Bound: [-0.098390, 0.674125] | l2 radius: 8.24E-01 | Size: 4.00E+00 | Time: 2ms
> Iteration 03 | Bound: [-0.093129, 0.315073] | l2 radius: 5.98E-01 | Size: 8.00E+00 | Time: 3ms
> Iteration 04 | Bound: [-0.086637, 0.060227] | l2 radius: 4.12E-01 | Size: 1.60E+01 | Time: 3ms
> Iteration 05 | Bound: [-0.087222, -0.025558] | l2 radius: 2.99E-01 | Size: 1.40E+01 | Time: 4ms
> No region to refine. Done!
> Time for subregion 0000000004: 4ms
> Total time up to subregion 0000000004: 92ms = 0.09270739555358887 s
> Total time excluding drawing: 92ms = 0.09270739555358887 s
> Success: True
==> Done!
