==> Creating result directory ...
==> Loading test settings ...
==> Deciding torch device ...
==> torch device:  cuda
==> Building dynamical system ...
==> Building cbf neural network ...
==> Lipschitz constant of CBF network: 1.000000
==> Hessian bound of CBF network: 2.177606
==> Third order elementwise bound of CBF network: 8.000000
==> Number of subregions: 1
==> Subregion 0000000001 / 0000000001: 
==> [[-3.14 -5.  ], [3.14 5.  ]]
==> Lipschitz constant of the zero order test function: 60.206924
> Iteration 00 | Bound: [-354.752441, 0.721411] | l2 radius: 5.90E+00 | Size: 1.00E+00 | Time: 64ms
> Iteration 01 | Bound: [-240.102615, 1.548500] | l2 radius: 4.01E+00 | Size: 2.00E+00 | Time: 66ms
> Iteration 02 | Bound: [-177.670624, 0.066304] | l2 radius: 2.95E+00 | Size: 4.00E+00 | Time: 68ms
> Iteration 03 | Bound: [-120.746422, 0.079138] | l2 radius: 2.01E+00 | Size: 8.00E+00 | Time: 70ms
> Iteration 04 | Bound: [-88.789391, 0.079070] | l2 radius: 1.48E+00 | Size: 1.60E+01 | Time: 72ms
> Iteration 05 | Bound: [-60.337124, 0.075658] | l2 radius: 1.00E+00 | Size: 3.20E+01 | Time: 74ms
> Iteration 06 | Bound: [-44.406345, 0.027885] | l2 radius: 7.38E-01 | Size: 6.40E+01 | Time: 76ms
> Iteration 07 | Bound: [-30.223831, 0.015371] | l2 radius: 5.02E-01 | Size: 1.27E+02 | Time: 86ms
> Iteration 08 | Bound: [-19.639532, 0.015916] | l2 radius: 3.69E-01 | Size: 2.11E+02 | Time: 92ms
> Iteration 09 | Bound: [-9.269398, 0.046020] | l2 radius: 2.51E-01 | Size: 2.84E+02 | Time: 99ms
> Iteration 10 | Bound: [-5.024213, 0.046888] | l2 radius: 1.85E-01 | Size: 4.71E+02 | Time: 108ms
> Iteration 11 | Bound: [-2.252159, 0.048362] | l2 radius: 1.25E-01 | Size: 8.38E+02 | Time: 119ms
> Iteration 12 | Bound: [-1.261112, 0.052245] | l2 radius: 9.23E-02 | Size: 1.32E+03 | Time: 143ms
> Iteration 13 | Bound: [-0.504074, 0.055121] | l2 radius: 6.27E-02 | Size: 1.65E+03 | Time: 151ms
> Iteration 14 | Bound: [-0.315300, 0.055778] | l2 radius: 4.61E-02 | Size: 2.04E+03 | Time: 160ms
> Iteration 15 | Bound: [-0.090006, 0.057310] | l2 radius: 3.14E-02 | Size: 2.84E+03 | Time: 174ms
> Iteration 16 | Bound: [-0.025484, 0.058159] | l2 radius: 2.31E-02 | Size: 2.01E+03 | Time: 183ms
> Iteration 17 | Bound: [0.023676, 0.058515] | l2 radius: 1.57E-02 | Size: 3.07E+02 | Time: 186ms
> No region to refine. Done!
> Time for subregion 0000000001: 186ms
> Total time up to subregion 0000000001: 186ms = 0.1865096092224121 s
> Total time excluding drawing: 186ms = 0.1865096092224121 s
> Success: True
==> Done!
