==> Creating result directory ...
==> Loading test settings ...
==> Deciding torch device ...
==> torch device:  cpu
==> Building cbf neural network ...
==> Lipschitz constant of CBF network: 1.000000
==> Hessian bound of CBF network: 6.532818
==> Third order elementwise bound of CBF network: 66.677713
==> Number of subregions: 4
==> Subregion 0000000001 / 0000000004: 
==> [[-3.14 -5.  ], [-2.618  5.   ]]
> Iteration 00 | Bound: [-0.088328, 4.918479] | l2 radius: 5.01E+00 | Size: 1.00E+00 | Time: 9ms
> Iteration 01 | Bound: [-0.118011, 2.395576] | l2 radius: 2.51E+00 | Size: 2.00E+00 | Time: 12ms
> Iteration 02 | Bound: [-0.101420, 1.175538] | l2 radius: 1.28E+00 | Size: 4.00E+00 | Time: 14ms
> Iteration 03 | Bound: [-0.092614, 0.584694] | l2 radius: 6.77E-01 | Size: 8.00E+00 | Time: 17ms
> Iteration 04 | Bound: [-0.089526, 0.317631] | l2 radius: 4.07E-01 | Size: 1.60E+01 | Time: 20ms
> Iteration 05 | Bound: [-0.088617, 0.215579] | l2 radius: 3.04E-01 | Size: 3.20E+01 | Time: 23ms
> Iteration 06 | Bound: [-0.060412, 0.103182] | l2 radius: 2.04E-01 | Size: 6.40E+01 | Time: 28ms
> Iteration 07 | Bound: [-0.060412, 0.023712] | l2 radius: 1.52E-01 | Size: 9.00E+01 | Time: 32ms
> Iteration 08 | Bound: [-0.045721, -0.013733] | l2 radius: 1.02E-01 | Size: 4.40E+01 | Time: 34ms
> No region to refine. Done!
> Time for subregion 0000000001: 34ms
> Total time up to subregion 0000000001: 34ms = 0.03490853309631348 s
==> Subregion 0000000002 / 0000000004: 
==> [[ 2.618 -5.   ], [3.14 5.  ]]
> Iteration 00 | Bound: [-0.090506, 4.916302] | l2 radius: 5.01E+00 | Size: 1.00E+00 | Time: 4ms
> Iteration 01 | Bound: [-0.118186, 2.395401] | l2 radius: 2.51E+00 | Size: 2.00E+00 | Time: 7ms
> Iteration 02 | Bound: [-0.103193, 1.173765] | l2 radius: 1.28E+00 | Size: 4.00E+00 | Time: 9ms
> Iteration 03 | Bound: [-0.093138, 0.584170] | l2 radius: 6.77E-01 | Size: 8.00E+00 | Time: 12ms
> Iteration 04 | Bound: [-0.090475, 0.316683] | l2 radius: 4.07E-01 | Size: 1.60E+01 | Time: 14ms
> Iteration 05 | Bound: [-0.090134, 0.214062] | l2 radius: 3.04E-01 | Size: 3.20E+01 | Time: 17ms
> Iteration 06 | Bound: [-0.051148, 0.120878] | l2 radius: 2.04E-01 | Size: 6.40E+01 | Time: 22ms
> Iteration 07 | Bound: [-0.051206, 0.041905] | l2 radius: 1.52E-01 | Size: 9.60E+01 | Time: 28ms
> Iteration 08 | Bound: [-0.029415, 0.004242] | l2 radius: 1.02E-01 | Size: 4.20E+01 | Time: 32ms
> Iteration 09 | Bound: [-0.019547, -0.005802] | l2 radius: 7.60E-02 | Size: 1.40E+01 | Time: 35ms
> No region to refine. Done!
> Time for subregion 0000000002: 35ms
> Total time up to subregion 0000000002: 70ms = 0.07068777084350586 s
==> Subregion 0000000003 / 0000000004: 
==> [[-2.618 -5.   ], [ 2.618 -4.   ]]
> Iteration 00 | Bound: [-0.175264, 2.490055] | l2 radius: 2.67E+00 | Size: 1.00E+00 | Time: 5ms
> Iteration 01 | Bound: [-0.123361, 1.277882] | l2 radius: 1.40E+00 | Size: 2.00E+00 | Time: 8ms
> Iteration 02 | Bound: [-0.105666, 0.717966] | l2 radius: 8.24E-01 | Size: 4.00E+00 | Time: 10ms
> Iteration 03 | Bound: [-0.102175, 0.495397] | l2 radius: 5.98E-01 | Size: 8.00E+00 | Time: 12ms
> Iteration 04 | Bound: [-0.080686, 0.331131] | l2 radius: 4.12E-01 | Size: 1.60E+01 | Time: 15ms
> Iteration 05 | Bound: [-0.079247, 0.219539] | l2 radius: 2.99E-01 | Size: 3.20E+01 | Time: 18ms
> Iteration 06 | Bound: [-0.064375, 0.092191] | l2 radius: 2.06E-01 | Size: 6.40E+01 | Time: 23ms
> Iteration 07 | Bound: [-0.064027, 0.005651] | l2 radius: 1.49E-01 | Size: 5.20E+01 | Time: 27ms
> Iteration 08 | Bound: [-0.056145, -0.029532] | l2 radius: 1.03E-01 | Size: 1.00E+01 | Time: 30ms
> No region to refine. Done!
> Time for subregion 0000000003: 30ms
> Total time up to subregion 0000000003: 101ms = 0.1011354923248291 s
==> Subregion 0000000004 / 0000000004: 
==> [[-2.618  4.   ], [2.618 5.   ]]
> Iteration 00 | Bound: [-0.176145, 2.489174] | l2 radius: 2.67E+00 | Size: 1.00E+00 | Time: 4ms
> Iteration 01 | Bound: [-0.104456, 1.296787] | l2 radius: 1.40E+00 | Size: 2.00E+00 | Time: 7ms
> Iteration 02 | Bound: [-0.097280, 0.726352] | l2 radius: 8.24E-01 | Size: 4.00E+00 | Time: 9ms
> Iteration 03 | Bound: [-0.097266, 0.500306] | l2 radius: 5.98E-01 | Size: 8.00E+00 | Time: 11ms
> Iteration 04 | Bound: [-0.069771, 0.342046] | l2 radius: 4.12E-01 | Size: 1.60E+01 | Time: 14ms
> Iteration 05 | Bound: [-0.069861, 0.228925] | l2 radius: 2.99E-01 | Size: 3.20E+01 | Time: 17ms
> Iteration 06 | Bound: [-0.056723, 0.097101] | l2 radius: 2.06E-01 | Size: 6.40E+01 | Time: 22ms
> Iteration 07 | Bound: [-0.056038, 0.010642] | l2 radius: 1.49E-01 | Size: 5.80E+01 | Time: 26ms
> Iteration 08 | Bound: [-0.049312, -0.024276] | l2 radius: 1.03E-01 | Size: 1.40E+01 | Time: 29ms
> No region to refine. Done!
> Time for subregion 0000000004: 29ms
> Total time up to subregion 0000000004: 130ms = 0.13083148002624512 s
> Total time excluding drawing: 130ms = 0.13083148002624512 s
> Success: True
==> Done!
