==> Creating result directory ...
==> Loading test settings ...
==> Deciding torch device ...
==> torch device:  cuda
==> Seeding everything ...
==> Building dynamical system ...
==> Building cbf neural network ...
==========================================================================================
Layer (type:depth-idx)                   Output Shape              Param #
==========================================================================================
LipschitzNetwork                         [1, 1]                    --
├─Sequential: 1-1                        [1, 1]                    --
│    └─SandwichFc: 2-1                   [1, 128]                  16,897
│    └─SandwichFc: 2-2                   [1, 128]                  33,025
│    └─SandwichFc: 2-3                   [1, 128]                  33,025
│    └─SandwichLin: 2-4                  [1, 1]                    131
==========================================================================================
Total params: 83,078
Trainable params: 82,694
Non-trainable params: 384
Total mult-adds (M): 0.08
==========================================================================================
Input size (MB): 0.00
Forward/backward pass size (MB): 0.00
Params size (MB): 0.33
Estimated Total Size (MB): 0.34
==========================================================================================
==> Lipschitz constant of CBF network: 1.000000
==> Amount of training data:  1500
==> Creating training data ...
==> Start training ...
Epoch: 001 | Train Loss: 3.0812E-02 | CBF GN: 2.1679E+00 | Time: 111ms
Epoch: 001 | Test Loss: 2.8937E-02 | Time: 8ms
> Save at epoch 001 | Test loss 2.8937E-02
Epoch: 002 | Test Loss: 9.4582E-02 | Time: 8ms
Epoch: 003 | Test Loss: 5.0320E-02 | Time: 8ms
Epoch: 004 | Test Loss: 1.5238E-01 | Time: 8ms
Epoch: 005 | Test Loss: 4.7893E-02 | Time: 8ms
Epoch: 006 | Train Loss: 3.5795E-02 | CBF GN: 9.1005E-01 | Time: 32ms
Epoch: 006 | Test Loss: 1.4066E-02 | Time: 8ms
> Save at epoch 006 | Test loss 1.4066E-02
Epoch: 007 | Test Loss: 1.6600E-02 | Time: 8ms
Epoch: 008 | Test Loss: 3.1140E-02 | Time: 8ms
Epoch: 009 | Test Loss: 2.3542E-02 | Time: 8ms
Epoch: 010 | Test Loss: 5.3619E-03 | Time: 8ms
> Save at epoch 010 | Test loss 5.3619E-03
Epoch: 011 | Train Loss: 1.3237E-02 | CBF GN: 5.1660E-01 | Time: 31ms
Epoch: 011 | Test Loss: 1.9219E-02 | Time: 8ms
Epoch: 012 | Test Loss: 1.0481E-02 | Time: 8ms
Epoch: 013 | Test Loss: 1.5524E-02 | Time: 8ms
Epoch: 014 | Test Loss: 7.3064E-03 | Time: 8ms
Epoch: 015 | Test Loss: 2.1518E-02 | Time: 8ms
Epoch: 016 | Train Loss: 1.8621E-02 | CBF GN: 4.0522E-01 | Time: 31ms
Epoch: 016 | Test Loss: 1.7577E-02 | Time: 8ms
Epoch: 017 | Test Loss: 1.3953E-02 | Time: 8ms
Epoch: 018 | Test Loss: 1.3523E-02 | Time: 8ms
Epoch: 019 | Test Loss: 1.2966E-02 | Time: 8ms
Epoch: 020 | Test Loss: 9.5287E-03 | Time: 8ms
Epoch: 021 | Train Loss: 9.8179E-03 | CBF GN: 2.5992E-01 | Time: 32ms
Epoch: 021 | Test Loss: 9.5551E-03 | Time: 8ms
Epoch: 022 | Test Loss: 2.6852E-03 | Time: 8ms
> Save at epoch 022 | Test loss 2.6852E-03
Epoch: 023 | Test Loss: 4.4464E-03 | Time: 8ms
Epoch: 024 | Test Loss: 2.7704E-03 | Time: 8ms
Epoch: 025 | Test Loss: 1.1502E-03 | Time: 8ms
> Save at epoch 025 | Test loss 1.1502E-03
Epoch: 026 | Train Loss: 1.7027E-03 | CBF GN: 7.1095E-02 | Time: 31ms
Epoch: 026 | Test Loss: 1.1112E-03 | Time: 8ms
> Save at epoch 026 | Test loss 1.1112E-03
Epoch: 027 | Test Loss: 7.9279E-04 | Time: 8ms
> Save at epoch 027 | Test loss 7.9279E-04
Epoch: 028 | Test Loss: 7.1998E-04 | Time: 8ms
> Save at epoch 028 | Test loss 7.1998E-04
Epoch: 029 | Test Loss: 6.7885E-04 | Time: 8ms
> Save at epoch 029 | Test loss 6.7885E-04
Epoch: 030 | Test Loss: 6.2213E-04 | Time: 8ms
> Save at epoch 030 | Test loss 6.2213E-04
Epoch: 031 | Train Loss: 8.9567E-04 | CBF GN: 9.0074E-02 | Time: 31ms
Epoch: 031 | Test Loss: 7.0173E-04 | Time: 8ms
Epoch: 032 | Test Loss: 6.9795E-04 | Time: 8ms
Epoch: 033 | Test Loss: 6.4408E-04 | Time: 8ms
Epoch: 034 | Test Loss: 7.7180E-04 | Time: 8ms
Epoch: 035 | Test Loss: 7.6838E-04 | Time: 8ms
Epoch: 036 | Train Loss: 8.5067E-04 | CBF GN: 5.0641E-02 | Time: 31ms
Epoch: 036 | Test Loss: 6.7904E-04 | Time: 8ms
Epoch: 037 | Test Loss: 7.3303E-04 | Time: 8ms
Epoch: 038 | Test Loss: 7.1479E-04 | Time: 8ms
Epoch: 039 | Test Loss: 5.9777E-04 | Time: 8ms
> Save at epoch 039 | Test loss 5.9777E-04
Epoch: 040 | Test Loss: 6.0561E-04 | Time: 8ms
Epoch: 041 | Train Loss: 8.9302E-04 | CBF GN: 6.5040E-02 | Time: 31ms
Epoch: 041 | Test Loss: 8.2535E-04 | Time: 8ms
Epoch: 042 | Test Loss: 7.2800E-04 | Time: 8ms
Epoch: 043 | Test Loss: 6.2500E-04 | Time: 8ms
Epoch: 044 | Test Loss: 5.3736E-04 | Time: 8ms
> Save at epoch 044 | Test loss 5.3736E-04
Epoch: 045 | Test Loss: 5.1597E-04 | Time: 8ms
> Save at epoch 045 | Test loss 5.1597E-04
Epoch: 046 | Train Loss: 8.3613E-04 | CBF GN: 9.7008E-02 | Time: 32ms
Epoch: 046 | Test Loss: 6.5165E-04 | Time: 8ms
Epoch: 047 | Test Loss: 6.1758E-04 | Time: 8ms
Epoch: 048 | Test Loss: 6.9624E-04 | Time: 8ms
Epoch: 049 | Test Loss: 7.8380E-04 | Time: 8ms
Epoch: 050 | Test Loss: 7.4775E-04 | Time: 8ms
Epoch: 051 | Train Loss: 7.8185E-04 | CBF GN: 6.1272E-02 | Time: 31ms
Epoch: 051 | Test Loss: 6.1403E-04 | Time: 9ms
Epoch: 052 | Test Loss: 5.2625E-04 | Time: 8ms
Epoch: 053 | Test Loss: 5.2345E-04 | Time: 8ms
Epoch: 054 | Test Loss: 4.5644E-04 | Time: 36ms
> Save at epoch 054 | Test loss 4.5644E-04
Epoch: 055 | Test Loss: 6.4953E-04 | Time: 8ms
Epoch: 056 | Train Loss: 6.6641E-04 | CBF GN: 6.2926E-02 | Time: 31ms
Epoch: 056 | Test Loss: 5.2987E-04 | Time: 8ms
Epoch: 057 | Test Loss: 5.3154E-04 | Time: 8ms
Epoch: 058 | Test Loss: 4.7582E-04 | Time: 8ms
Epoch: 059 | Test Loss: 4.0924E-04 | Time: 8ms
> Save at epoch 059 | Test loss 4.0924E-04
Epoch: 060 | Test Loss: 4.0513E-04 | Time: 8ms
> Save at epoch 060 | Test loss 4.0513E-04
Epoch: 061 | Train Loss: 5.5734E-04 | CBF GN: 6.8583E-02 | Time: 31ms
Epoch: 061 | Test Loss: 3.4745E-04 | Time: 8ms
> Save at epoch 061 | Test loss 3.4745E-04
Epoch: 062 | Test Loss: 3.9240E-04 | Time: 8ms
Epoch: 063 | Test Loss: 4.4177E-04 | Time: 8ms
Epoch: 064 | Test Loss: 4.1394E-04 | Time: 8ms
Epoch: 065 | Test Loss: 3.7445E-04 | Time: 8ms
Epoch: 066 | Train Loss: 5.3468E-04 | CBF GN: 3.5285E-02 | Time: 31ms
Epoch: 066 | Test Loss: 3.8602E-04 | Time: 8ms
Epoch: 067 | Test Loss: 4.4581E-04 | Time: 8ms
Epoch: 068 | Test Loss: 4.6007E-04 | Time: 8ms
Epoch: 069 | Test Loss: 4.1717E-04 | Time: 8ms
Epoch: 070 | Test Loss: 4.2678E-04 | Time: 8ms
Epoch: 071 | Train Loss: 5.8455E-04 | CBF GN: 3.7344E-02 | Time: 30ms
Epoch: 071 | Test Loss: 4.2620E-04 | Time: 8ms
Epoch: 072 | Test Loss: 4.9015E-04 | Time: 8ms
Epoch: 073 | Test Loss: 3.8175E-04 | Time: 8ms
Epoch: 074 | Test Loss: 4.4630E-04 | Time: 8ms
Epoch: 075 | Test Loss: 3.7392E-04 | Time: 8ms
Epoch: 076 | Train Loss: 4.8284E-04 | CBF GN: 3.1373E-02 | Time: 32ms
Epoch: 076 | Test Loss: 3.1115E-04 | Time: 8ms
> Save at epoch 076 | Test loss 3.1115E-04
Epoch: 077 | Test Loss: 3.7172E-04 | Time: 8ms
Epoch: 078 | Test Loss: 3.7662E-04 | Time: 8ms
Epoch: 079 | Test Loss: 3.2539E-04 | Time: 8ms
Epoch: 080 | Test Loss: 3.5547E-04 | Time: 8ms
Epoch: 081 | Train Loss: 4.5632E-04 | CBF GN: 2.3673E-02 | Time: 31ms
Epoch: 081 | Test Loss: 3.4885E-04 | Time: 8ms
Epoch: 082 | Test Loss: 3.2277E-04 | Time: 8ms
Epoch: 083 | Test Loss: 3.3987E-04 | Time: 8ms
Epoch: 084 | Test Loss: 3.0563E-04 | Time: 8ms
> Save at epoch 084 | Test loss 3.0563E-04
Epoch: 085 | Test Loss: 3.4697E-04 | Time: 8ms
Epoch: 086 | Train Loss: 4.1867E-04 | CBF GN: 3.5042E-02 | Time: 30ms
Epoch: 086 | Test Loss: 3.0411E-04 | Time: 8ms
> Save at epoch 086 | Test loss 3.0411E-04
Epoch: 087 | Test Loss: 3.2757E-04 | Time: 8ms
Epoch: 088 | Test Loss: 3.1988E-04 | Time: 8ms
Epoch: 089 | Test Loss: 3.2246E-04 | Time: 8ms
Epoch: 090 | Test Loss: 3.0377E-04 | Time: 8ms
> Save at epoch 090 | Test loss 3.0377E-04
Epoch: 091 | Train Loss: 4.0499E-04 | CBF GN: 3.1350E-02 | Time: 31ms
Epoch: 091 | Test Loss: 3.3033E-04 | Time: 8ms
Epoch: 092 | Test Loss: 3.1686E-04 | Time: 8ms
Epoch: 093 | Test Loss: 3.0403E-04 | Time: 8ms
Epoch: 094 | Test Loss: 3.1822E-04 | Time: 8ms
Epoch: 095 | Test Loss: 3.1094E-04 | Time: 8ms
Epoch: 096 | Train Loss: 3.9356E-04 | CBF GN: 1.9829E-02 | Time: 31ms
Epoch: 096 | Test Loss: 3.1147E-04 | Time: 8ms
Epoch: 097 | Test Loss: 3.0739E-04 | Time: 8ms
Epoch: 098 | Test Loss: 3.0646E-04 | Time: 8ms
Epoch: 099 | Test Loss: 3.0650E-04 | Time: 8ms
Epoch: 100 | Test Loss: 3.0651E-04 | Time: 8ms
Total time: 4s132ms
==> Visualizing training and test losses ...
==> Computing the smoothness constants ...
> Lipschitz constant of CBF network: 1.000000
> Hessian bound of CBF network: 6.532818
==> Saving the training results ...
==> Visualizing the CBF function and feasibility condition ...
==> Checking the safe and unsafe set ...
> Safe set percentage: 0.4313
> Unsafe set percentage: 1.0000
> Feasibility percentage: 0.9659
> Success:  False
==> Saving the feasibility results ...
==> Visualizing the CBF function and stability condition ...
==> Visualizing the feasibility condition ...
==> Done!
