==> Creating result directory ...
==> Loading test settings ...
==> Deciding torch device ...
==> torch device:  cpu
==> Building cbf neural network ...
==> Lipschitz constant of CBF network: 1.000000
==> Hessian bound of CBF network: 6.532818
==> Third order elementwise bound of CBF network: 66.677713
==> Number of subregions: 1
==> Subregion 0000000001 / 0000000001: 
==> [[-0.5  -2.   -1.57], [0.5  0.   1.57]]
> Iteration 00 | Bound: [-0.368749, 1.558659] | l2 radius: 1.93E+00 | Size: 1.00E+00 | Time: 9ms
> Iteration 01 | Bound: [-0.407802, 0.958296] | l2 radius: 1.37E+00 | Size: 2.00E+00 | Time: 12ms
> Iteration 02 | Bound: [-0.351277, 0.705239] | l2 radius: 1.06E+00 | Size: 4.00E+00 | Time: 14ms
> Iteration 03 | Bound: [-0.312324, 0.496414] | l2 radius: 8.09E-01 | Size: 8.00E+00 | Time: 18ms
> Iteration 04 | Bound: [-0.269211, 0.413838] | l2 radius: 6.83E-01 | Size: 1.60E+01 | Time: 23ms
> Iteration 05 | Bound: [-0.254782, 0.273476] | l2 radius: 5.28E-01 | Size: 3.20E+01 | Time: 32ms
> Iteration 06 | Bound: [-0.244993, 0.159376] | l2 radius: 4.04E-01 | Size: 6.00E+01 | Time: 46ms
> Iteration 07 | Bound: [-0.208411, 0.133114] | l2 radius: 3.42E-01 | Size: 9.80E+01 | Time: 67ms
> Iteration 08 | Bound: [-0.176316, 0.087813] | l2 radius: 2.64E-01 | Size: 1.30E+02 | Time: 100ms
> Iteration 09 | Bound: [-0.167824, 0.034360] | l2 radius: 2.02E-01 | Size: 5.80E+01 | Time: 114ms
> Iteration 10 | Bound: [-0.145638, 0.015490] | l2 radius: 1.71E-01 | Size: 8.00E+00 | Time: 118ms
> Iteration 11 | Bound: [-0.120269, -0.027454] | l2 radius: 1.32E-01 | Size: 4.00E+00 | Time: 121ms
> No region to refine. Done!
> Time for subregion 0000000001: 121ms
> Total time up to subregion 0000000001: 121ms = 0.12141036987304688 s
> Total time excluding drawing: 121ms = 0.12141036987304688 s
> Success: True
==> Done!
