==> Creating result directory ...
==> Loading test settings ...
==> Deciding torch device ...
==> torch device:  cuda
==> Building cbf neural network ...
==> Lipschitz constant of CBF network: 1.000000
==> Hessian bound of CBF network: 4.355212
==> Third order elementwise bound of CBF network: 30.225904
==> Number of subregions: 4
==> Subregion 0000000001 / 0000000004: 
==> [[-3.14 -5.  ], [-2.618  5.   ]]
> Iteration 00 | Bound: [-0.076609, 4.930199] | l2 radius: 5.01E+00 | Size: 1.00E+00 | Time: 69ms
> Iteration 01 | Bound: [-0.118619, 2.394968] | l2 radius: 2.51E+00 | Size: 2.00E+00 | Time: 74ms
> Iteration 02 | Bound: [-0.093289, 1.183669] | l2 radius: 1.28E+00 | Size: 4.00E+00 | Time: 76ms
> Iteration 03 | Bound: [-0.081503, 0.595805] | l2 radius: 6.77E-01 | Size: 8.00E+00 | Time: 77ms
> Iteration 04 | Bound: [-0.077854, 0.329303] | l2 radius: 4.07E-01 | Size: 1.60E+01 | Time: 80ms
> Iteration 05 | Bound: [-0.076900, 0.181043] | l2 radius: 3.04E-01 | Size: 3.20E+01 | Time: 83ms
> Iteration 06 | Bound: [-0.046540, 0.045549] | l2 radius: 2.04E-01 | Size: 6.00E+01 | Time: 86ms
> Iteration 07 | Bound: [-0.040152, 0.009220] | l2 radius: 1.52E-01 | Size: 2.80E+01 | Time: 88ms
> Iteration 08 | Bound: [-0.023361, -0.007961] | l2 radius: 1.02E-01 | Size: 2.00E+01 | Time: 91ms
> No region to refine. Done!
> Time for subregion 0000000001: 92ms
> Total time up to subregion 0000000001: 92ms = 0.09200096130371094 s
==> Subregion 0000000002 / 0000000004: 
==> [[ 2.618 -5.   ], [3.14 5.  ]]
> Iteration 00 | Bound: [-0.076587, 4.930221] | l2 radius: 5.01E+00 | Size: 1.00E+00 | Time: 2ms
> Iteration 01 | Bound: [-0.110561, 2.403027] | l2 radius: 2.51E+00 | Size: 2.00E+00 | Time: 4ms
> Iteration 02 | Bound: [-0.090895, 1.186063] | l2 radius: 1.28E+00 | Size: 4.00E+00 | Time: 6ms
> Iteration 03 | Bound: [-0.080329, 0.596979] | l2 radius: 6.77E-01 | Size: 8.00E+00 | Time: 9ms
> Iteration 04 | Bound: [-0.077308, 0.329849] | l2 radius: 4.07E-01 | Size: 1.60E+01 | Time: 11ms
> Iteration 05 | Bound: [-0.076643, 0.181975] | l2 radius: 3.04E-01 | Size: 3.20E+01 | Time: 14ms
> Iteration 06 | Bound: [-0.046418, 0.046174] | l2 radius: 2.04E-01 | Size: 6.40E+01 | Time: 17ms
> Iteration 07 | Bound: [-0.039425, 0.009818] | l2 radius: 1.52E-01 | Size: 3.00E+01 | Time: 19ms
> Iteration 08 | Bound: [-0.022637, -0.007264] | l2 radius: 1.02E-01 | Size: 2.20E+01 | Time: 22ms
> No region to refine. Done!
> Time for subregion 0000000002: 22ms
> Total time up to subregion 0000000002: 114ms = 0.11421799659729004 s
==> Subregion 0000000003 / 0000000004: 
==> [[-2.618 -5.   ], [ 2.618 -4.   ]]
> Iteration 00 | Bound: [-0.162240, 2.503078] | l2 radius: 2.67E+00 | Size: 1.00E+00 | Time: 2ms
> Iteration 01 | Bound: [-0.098654, 1.302589] | l2 radius: 1.40E+00 | Size: 2.00E+00 | Time: 4ms
> Iteration 02 | Bound: [-0.097064, 0.726569] | l2 radius: 8.24E-01 | Size: 4.00E+00 | Time: 6ms
> Iteration 03 | Bound: [-0.094760, 0.502813] | l2 radius: 5.98E-01 | Size: 8.00E+00 | Time: 9ms
> Iteration 04 | Bound: [-0.064838, 0.339587] | l2 radius: 4.12E-01 | Size: 1.60E+01 | Time: 11ms
> Iteration 05 | Bound: [-0.064105, 0.159579] | l2 radius: 2.99E-01 | Size: 3.20E+01 | Time: 14ms
> Iteration 06 | Bound: [-0.048441, 0.032825] | l2 radius: 2.06E-01 | Size: 4.80E+01 | Time: 17ms
> Iteration 07 | Bound: [-0.048286, -0.007352] | l2 radius: 1.49E-01 | Size: 1.40E+01 | Time: 19ms
> No region to refine. Done!
> Time for subregion 0000000003: 19ms
> Total time up to subregion 0000000003: 133ms = 0.13389110565185547 s
==> Subregion 0000000004 / 0000000004: 
==> [[-2.618  4.   ], [2.618 5.   ]]
> Iteration 00 | Bound: [-0.161858, 2.503460] | l2 radius: 2.67E+00 | Size: 1.00E+00 | Time: 2ms
> Iteration 01 | Bound: [-0.107749, 1.293494] | l2 radius: 1.40E+00 | Size: 2.00E+00 | Time: 4ms
> Iteration 02 | Bound: [-0.107827, 0.715805] | l2 radius: 8.24E-01 | Size: 4.00E+00 | Time: 6ms
> Iteration 03 | Bound: [-0.104007, 0.493565] | l2 radius: 5.98E-01 | Size: 8.00E+00 | Time: 9ms
> Iteration 04 | Bound: [-0.071218, 0.334517] | l2 radius: 4.12E-01 | Size: 1.60E+01 | Time: 11ms
> Iteration 05 | Bound: [-0.070230, 0.155650] | l2 radius: 2.99E-01 | Size: 3.20E+01 | Time: 14ms
> Iteration 06 | Bound: [-0.053215, 0.029278] | l2 radius: 2.06E-01 | Size: 5.20E+01 | Time: 16ms
> Iteration 07 | Bound: [-0.053076, -0.010863] | l2 radius: 1.49E-01 | Size: 1.20E+01 | Time: 19ms
> No region to refine. Done!
> Time for subregion 0000000004: 19ms
> Total time up to subregion 0000000004: 153ms = 0.15314340591430664 s
> Total time excluding drawing: 153ms = 0.15314340591430664 s
> Success: True
==> Done!
