==> Creating result directory ...
==> Loading test settings ...
==> Deciding torch device ...
==> torch device:  cpu
==> Building dynamical system ...
==> Building cbf neural network ...
==> Lipschitz constant of CBF network: 1.000000
==> Hessian bound of CBF network: 4.355212
==> Third order elementwise bound of CBF network: 30.225904
==> Number of subregions: 1
==> Subregion 0000000001 / 0000000001: 
==> [[-3.14 -5.  ], [3.14 5.  ]]
==> Lipschitz constant of the zero order test function: 110.103333
> Iteration 00 | Bound: [-649.973816, 0.098532] | l2 radius: 5.90E+00 | Size: 1.00E+00 | Time: 5ms
> Iteration 01 | Bound: [-441.043884, 0.875280] | l2 radius: 4.01E+00 | Size: 2.00E+00 | Time: 7ms
> Iteration 02 | Bound: [-325.012146, 0.024023] | l2 radius: 2.95E+00 | Size: 4.00E+00 | Time: 9ms
> Iteration 03 | Bound: [-220.921799, 0.037784] | l2 radius: 2.01E+00 | Size: 8.00E+00 | Time: 12ms
> Iteration 04 | Bound: [-162.489304, 0.028782] | l2 radius: 1.48E+00 | Size: 1.60E+01 | Time: 14ms
> Iteration 05 | Bound: [-110.450493, 0.029296] | l2 radius: 1.00E+00 | Size: 3.20E+01 | Time: 16ms
> Iteration 06 | Bound: [-81.261841, 0.012193] | l2 radius: 7.38E-01 | Size: 6.40E+01 | Time: 20ms
> Iteration 07 | Bound: [-55.247841, 0.001824] | l2 radius: 5.02E-01 | Size: 1.28E+02 | Time: 28ms
> Iteration 08 | Bound: [-40.667496, 0.000770] | l2 radius: 3.69E-01 | Size: 2.56E+02 | Time: 44ms
> Iteration 09 | Bound: [-27.657656, 0.003674] | l2 radius: 2.51E-01 | Size: 5.12E+02 | Time: 73ms
> Iteration 10 | Bound: [-15.827104, 0.001742] | l2 radius: 1.85E-01 | Size: 9.37E+02 | Time: 129ms
> Iteration 11 | Bound: [-7.316375, 0.000195] | l2 radius: 1.25E-01 | Size: 1.37E+03 | Time: 237ms
> Iteration 12 | Bound: [-3.958853, 0.000262] | l2 radius: 9.23E-02 | Size: 2.32E+03 | Time: 351ms
> Iteration 13 | Bound: [-1.818713, 0.010595] | l2 radius: 6.27E-02 | Size: 4.17E+03 | Time: 543ms
> Iteration 14 | Bound: [-0.984777, 0.013876] | l2 radius: 4.61E-02 | Size: 7.93E+03 | Time: 892ms
> Iteration 15 | Bound: [-0.441115, 0.015080] | l2 radius: 3.14E-02 | Size: 1.25E+04 | Time: 1s401ms
> Iteration 16 | Bound: [-0.230873, 0.015135] | l2 radius: 2.31E-02 | Size: 1.61E+04 | Time: 2s62ms
> Iteration 17 | Bound: [-0.098568, 0.015164] | l2 radius: 1.57E-02 | Size: 2.29E+04 | Time: 2s998ms
> Iteration 18 | Bound: [-0.046332, 0.015216] | l2 radius: 1.15E-02 | Size: 2.94E+04 | Time: 4s182ms
> Iteration 19 | Bound: [-0.013242, 0.015218] | l2 radius: 7.84E-03 | Size: 3.15E+04 | Time: 5s408ms
> Iteration 20 | Bound: [-0.000163, 0.015246] | l2 radius: 5.77E-03 | Size: 1.61E+04 | Time: 6s16ms
> Iteration 21 | Bound: [0.008107, 0.015241] | l2 radius: 3.92E-03 | Size: 7.10E+01 | Time: 6s20ms
> No region to refine. Done!
> Time for subregion 0000000001: 6s20ms
> Total time up to subregion 0000000001: 6s20ms = 6.020198822021484 s
> Total time excluding drawing: 6s20ms = 6.020198822021484 s
> Success: True
==> Done!
