==> Creating result directory ...
==> Loading test settings ...
==> Deciding torch device ...
==> torch device:  cpu
==> Building cbf neural network ...
==> Lipschitz constant of CBF network: 1.000000
==> Hessian bound of CBF network: 4.355212
==> Third order elementwise bound of CBF network: 30.225904
==> Number of subregions: 4
==> Subregion 0000000001 / 0000000004: 
==> [[-3.14 -5.  ], [-2.618  5.   ]]
> Iteration 00 | Bound: [-0.122050, 4.884758] | l2 radius: 5.01E+00 | Size: 1.00E+00 | Time: 4ms
> Iteration 01 | Bound: [-0.192657, 2.320930] | l2 radius: 2.51E+00 | Size: 2.00E+00 | Time: 6ms
> Iteration 02 | Bound: [-0.143658, 1.133300] | l2 radius: 1.28E+00 | Size: 4.00E+00 | Time: 7ms
> Iteration 03 | Bound: [-0.127733, 0.549575] | l2 radius: 6.77E-01 | Size: 8.00E+00 | Time: 8ms
> Iteration 04 | Bound: [-0.123443, 0.283714] | l2 radius: 4.07E-01 | Size: 1.60E+01 | Time: 10ms
> Iteration 05 | Bound: [-0.122370, 0.161312] | l2 radius: 3.04E-01 | Size: 3.20E+01 | Time: 12ms
> Iteration 06 | Bound: [-0.082221, 0.025025] | l2 radius: 2.04E-01 | Size: 4.80E+01 | Time: 14ms
> Iteration 07 | Bound: [-0.062294, -0.012452] | l2 radius: 1.52E-01 | Size: 1.60E+01 | Time: 15ms
> No region to refine. Done!
> Time for subregion 0000000001: 15ms
> Total time up to subregion 0000000001: 15ms = 0.015472412109375 s
==> Subregion 0000000002 / 0000000004: 
==> [[ 2.618 -5.   ], [3.14 5.  ]]
> Iteration 00 | Bound: [-0.123117, 4.883690] | l2 radius: 5.01E+00 | Size: 1.00E+00 | Time: 3ms
> Iteration 01 | Bound: [-0.184668, 2.328919] | l2 radius: 2.51E+00 | Size: 2.00E+00 | Time: 5ms
> Iteration 02 | Bound: [-0.137193, 1.139765] | l2 radius: 1.28E+00 | Size: 4.00E+00 | Time: 10ms
> Iteration 03 | Bound: [-0.124796, 0.552512] | l2 radius: 6.77E-01 | Size: 8.00E+00 | Time: 12ms
> Iteration 04 | Bound: [-0.122562, 0.284596] | l2 radius: 4.07E-01 | Size: 1.60E+01 | Time: 14ms
> Iteration 05 | Bound: [-0.122492, 0.171811] | l2 radius: 3.04E-01 | Size: 3.20E+01 | Time: 16ms
> Iteration 06 | Bound: [-0.076691, 0.034652] | l2 radius: 2.04E-01 | Size: 4.60E+01 | Time: 19ms
> Iteration 07 | Bound: [-0.051815, -0.002150] | l2 radius: 1.52E-01 | Size: 2.00E+01 | Time: 21ms
> No region to refine. Done!
> Time for subregion 0000000002: 21ms
> Total time up to subregion 0000000002: 37ms = 0.03708338737487793 s
==> Subregion 0000000003 / 0000000004: 
==> [[-2.618 -5.   ], [ 2.618 -4.   ]]
> Iteration 00 | Bound: [-0.300136, 2.365183] | l2 radius: 2.67E+00 | Size: 1.00E+00 | Time: 3ms
> Iteration 01 | Bound: [-0.156083, 1.245159] | l2 radius: 1.40E+00 | Size: 2.00E+00 | Time: 5ms
> Iteration 02 | Bound: [-0.165998, 0.657634] | l2 radius: 8.24E-01 | Size: 4.00E+00 | Time: 9ms
> Iteration 03 | Bound: [-0.152818, 0.444754] | l2 radius: 5.98E-01 | Size: 8.00E+00 | Time: 11ms
> Iteration 04 | Bound: [-0.118309, 0.293507] | l2 radius: 4.12E-01 | Size: 1.60E+01 | Time: 13ms
> Iteration 05 | Bound: [-0.114455, 0.126461] | l2 radius: 2.99E-01 | Size: 3.20E+01 | Time: 16ms
> Iteration 06 | Bound: [-0.095146, -0.003258] | l2 radius: 2.06E-01 | Size: 2.60E+01 | Time: 18ms
> No region to refine. Done!
> Time for subregion 0000000003: 18ms
> Total time up to subregion 0000000003: 55ms = 0.05549764633178711 s
==> Subregion 0000000004 / 0000000004: 
==> [[-2.618  4.   ], [2.618 5.   ]]
> Iteration 00 | Bound: [-0.269017, 2.396301] | l2 radius: 2.67E+00 | Size: 1.00E+00 | Time: 3ms
> Iteration 01 | Bound: [-0.126434, 1.274809] | l2 radius: 1.40E+00 | Size: 2.00E+00 | Time: 5ms
> Iteration 02 | Bound: [-0.126797, 0.696836] | l2 radius: 8.24E-01 | Size: 4.00E+00 | Time: 9ms
> Iteration 03 | Bound: [-0.116087, 0.481485] | l2 radius: 5.98E-01 | Size: 8.00E+00 | Time: 11ms
> Iteration 04 | Bound: [-0.074960, 0.336856] | l2 radius: 4.12E-01 | Size: 1.60E+01 | Time: 13ms
> Iteration 05 | Bound: [-0.074224, 0.167696] | l2 radius: 2.99E-01 | Size: 3.20E+01 | Time: 16ms
> Iteration 06 | Bound: [-0.051944, 0.038336] | l2 radius: 2.06E-01 | Size: 3.00E+01 | Time: 18ms
> Iteration 07 | Bound: [-0.052528, -0.002455] | l2 radius: 1.49E-01 | Size: 1.00E+01 | Time: 20ms
> No region to refine. Done!
> Time for subregion 0000000004: 20ms
> Total time up to subregion 0000000004: 76ms = 0.07627105712890625 s
> Total time excluding drawing: 76ms = 0.07627105712890625 s
> Success: True
==> Done!
