==> Creating result directory ...
==> Loading test settings ...
==> Deciding torch device ...
==> torch device:  cuda
==> Seeding everything ...
==> Building dynamical system ...
==> Building cbf neural network ...
==========================================================================================
Layer (type:depth-idx)                   Output Shape              Param #
==========================================================================================
LipschitzNetwork                         [1, 1]                    --
├─Sequential: 1-1                        [1, 1]                    --
│    └─SandwichFc: 2-1                   [1, 128]                  17,153
│    └─SandwichFc: 2-2                   [1, 128]                  33,025
│    └─SandwichLin: 2-3                  [1, 1]                    131
==========================================================================================
Total params: 50,309
Trainable params: 50,053
Non-trainable params: 256
Total mult-adds (M): 0.05
==========================================================================================
Input size (MB): 0.00
Forward/backward pass size (MB): 0.00
Params size (MB): 0.20
Estimated Total Size (MB): 0.20
==========================================================================================
==> Lipschitz constant of CBF network: 1.000000
==> Amount of training data:  40000
==> Creating training data ...
==> Start training ...
Epoch: 001 | Train Loss: 3.4540E-01 | CBF GN: 1.0777E+01 | Time: 755ms
Epoch: 001 | Test Loss: 5.7254E-02 | Time: 170ms
> Save at epoch 001 | Test loss 5.7254E-02
Epoch: 002 | Test Loss: 2.1255E-02 | Time: 165ms
> Save at epoch 002 | Test loss 2.1255E-02
Epoch: 003 | Test Loss: 1.1841E-02 | Time: 167ms
> Save at epoch 003 | Test loss 1.1841E-02
Epoch: 004 | Test Loss: 1.1213E-02 | Time: 165ms
> Save at epoch 004 | Test loss 1.1213E-02
Epoch: 005 | Test Loss: 1.0602E-02 | Time: 191ms
> Save at epoch 005 | Test loss 1.0602E-02
Epoch: 006 | Train Loss: 1.2475E-02 | CBF GN: 3.6183E-01 | Time: 634ms
Epoch: 006 | Test Loss: 8.8743E-03 | Time: 167ms
> Save at epoch 006 | Test loss 8.8743E-03
Epoch: 007 | Test Loss: 4.0907E-03 | Time: 165ms
> Save at epoch 007 | Test loss 4.0907E-03
Epoch: 008 | Test Loss: 7.4909E-03 | Time: 190ms
Epoch: 009 | Test Loss: 5.3498E-03 | Time: 164ms
Epoch: 010 | Test Loss: 4.4659E-03 | Time: 164ms
Epoch: 011 | Train Loss: 1.0829E-02 | CBF GN: 2.6356E-01 | Time: 625ms
Epoch: 011 | Test Loss: 4.7449E-03 | Time: 192ms
Epoch: 012 | Test Loss: 6.3604E-03 | Time: 165ms
Epoch: 013 | Test Loss: 7.7813E-03 | Time: 165ms
Epoch: 014 | Test Loss: 6.7559E-03 | Time: 164ms
Epoch: 015 | Test Loss: 5.7954E-03 | Time: 165ms
Epoch: 016 | Train Loss: 1.0843E-02 | CBF GN: 2.2999E-01 | Time: 625ms
Epoch: 016 | Test Loss: 4.5874E-03 | Time: 168ms
Epoch: 017 | Test Loss: 9.4612E-03 | Time: 164ms
Epoch: 018 | Test Loss: 9.4641E-03 | Time: 165ms
Epoch: 019 | Test Loss: 4.4732E-03 | Time: 165ms
Epoch: 020 | Test Loss: 4.9478E-03 | Time: 164ms
Epoch: 021 | Train Loss: 9.5925E-03 | CBF GN: 1.8248E-01 | Time: 626ms
Epoch: 021 | Test Loss: 6.9458E-03 | Time: 167ms
Epoch: 022 | Test Loss: 5.9926E-03 | Time: 199ms
Epoch: 023 | Test Loss: 4.5727E-03 | Time: 173ms
Epoch: 024 | Test Loss: 4.7849E-03 | Time: 168ms
Epoch: 025 | Test Loss: 4.9880E-03 | Time: 199ms
Epoch: 026 | Train Loss: 9.5776E-03 | CBF GN: 1.7284E-01 | Time: 631ms
Epoch: 026 | Test Loss: 5.4213E-03 | Time: 164ms
Epoch: 027 | Test Loss: 6.7675E-03 | Time: 164ms
Epoch: 028 | Test Loss: 8.7562E-03 | Time: 164ms
Epoch: 029 | Test Loss: 6.3516E-03 | Time: 164ms
Epoch: 030 | Test Loss: 5.0787E-03 | Time: 164ms
Epoch: 031 | Train Loss: 8.9915E-03 | CBF GN: 1.5043E-01 | Time: 653ms
Epoch: 031 | Test Loss: 7.9677E-03 | Time: 164ms
Epoch: 032 | Test Loss: 5.2482E-03 | Time: 164ms
Epoch: 033 | Test Loss: 4.2863E-03 | Time: 164ms
Epoch: 034 | Test Loss: 8.3418E-03 | Time: 163ms
Epoch: 035 | Test Loss: 4.3354E-03 | Time: 163ms
Epoch: 036 | Train Loss: 8.7222E-03 | CBF GN: 1.4351E-01 | Time: 624ms
Epoch: 036 | Test Loss: 5.3645E-03 | Time: 191ms
Epoch: 037 | Test Loss: 3.8055E-03 | Time: 164ms
> Save at epoch 037 | Test loss 3.8055E-03
Epoch: 038 | Test Loss: 5.6693E-03 | Time: 164ms
Epoch: 039 | Test Loss: 4.4959E-03 | Time: 190ms
Epoch: 040 | Test Loss: 6.8232E-03 | Time: 164ms
Epoch: 041 | Train Loss: 8.6721E-03 | CBF GN: 1.4920E-01 | Time: 623ms
Epoch: 041 | Test Loss: 4.7807E-03 | Time: 166ms
Epoch: 042 | Test Loss: 4.4107E-03 | Time: 189ms
Epoch: 043 | Test Loss: 6.0533E-03 | Time: 164ms
Epoch: 044 | Test Loss: 4.1902E-03 | Time: 164ms
Epoch: 045 | Test Loss: 3.3955E-03 | Time: 163ms
> Save at epoch 045 | Test loss 3.3955E-03
Epoch: 046 | Train Loss: 8.5913E-03 | CBF GN: 1.4907E-01 | Time: 624ms
Epoch: 046 | Test Loss: 4.6145E-03 | Time: 166ms
Epoch: 047 | Test Loss: 4.9400E-03 | Time: 164ms
Epoch: 048 | Test Loss: 5.9493E-03 | Time: 165ms
Epoch: 049 | Test Loss: 4.4260E-03 | Time: 165ms
Epoch: 050 | Test Loss: 6.6130E-03 | Time: 191ms
Epoch: 051 | Train Loss: 7.6093E-03 | CBF GN: 1.2686E-01 | Time: 627ms
Epoch: 051 | Test Loss: 5.1017E-03 | Time: 166ms
Epoch: 052 | Test Loss: 6.2767E-03 | Time: 164ms
Epoch: 053 | Test Loss: 3.7675E-03 | Time: 189ms
Epoch: 054 | Test Loss: 6.1554E-03 | Time: 165ms
Epoch: 055 | Test Loss: 5.0649E-03 | Time: 165ms
Epoch: 056 | Train Loss: 7.2481E-03 | CBF GN: 1.2849E-01 | Time: 652ms
Epoch: 056 | Test Loss: 5.6592E-03 | Time: 191ms
Epoch: 057 | Test Loss: 3.8355E-03 | Time: 165ms
Epoch: 058 | Test Loss: 4.3520E-03 | Time: 164ms
Epoch: 059 | Test Loss: 4.5136E-03 | Time: 164ms
Epoch: 060 | Test Loss: 3.9485E-03 | Time: 164ms
Epoch: 061 | Train Loss: 7.0677E-03 | CBF GN: 1.2620E-01 | Time: 628ms
Epoch: 061 | Test Loss: 4.0618E-03 | Time: 165ms
Epoch: 062 | Test Loss: 4.8968E-03 | Time: 165ms
Epoch: 063 | Test Loss: 4.5373E-03 | Time: 165ms
Epoch: 064 | Test Loss: 4.2380E-03 | Time: 191ms
Epoch: 065 | Test Loss: 4.6581E-03 | Time: 165ms
Epoch: 066 | Train Loss: 6.7808E-03 | CBF GN: 1.2341E-01 | Time: 637ms
Epoch: 066 | Test Loss: 5.3765E-03 | Time: 165ms
Epoch: 067 | Test Loss: 4.7685E-03 | Time: 190ms
Epoch: 068 | Test Loss: 4.6608E-03 | Time: 164ms
Epoch: 069 | Test Loss: 3.4201E-03 | Time: 165ms
Epoch: 070 | Test Loss: 4.1647E-03 | Time: 190ms
Epoch: 071 | Train Loss: 6.7979E-03 | CBF GN: 1.3062E-01 | Time: 678ms
Epoch: 071 | Test Loss: 5.5384E-03 | Time: 167ms
Epoch: 072 | Test Loss: 3.5384E-03 | Time: 164ms
Epoch: 073 | Test Loss: 4.2724E-03 | Time: 164ms
Epoch: 074 | Test Loss: 3.6812E-03 | Time: 164ms
Epoch: 075 | Test Loss: 4.4899E-03 | Time: 165ms
Epoch: 076 | Train Loss: 6.2863E-03 | CBF GN: 1.0903E-01 | Time: 666ms
Epoch: 076 | Test Loss: 3.3761E-03 | Time: 176ms
> Save at epoch 076 | Test loss 3.3761E-03
Epoch: 077 | Test Loss: 3.6491E-03 | Time: 182ms
Epoch: 078 | Test Loss: 3.9096E-03 | Time: 180ms
Epoch: 079 | Test Loss: 3.6063E-03 | Time: 166ms
Epoch: 080 | Test Loss: 3.9624E-03 | Time: 168ms
Epoch: 081 | Train Loss: 6.0405E-03 | CBF GN: 1.0464E-01 | Time: 666ms
Epoch: 081 | Test Loss: 4.3174E-03 | Time: 197ms
Epoch: 082 | Test Loss: 3.7724E-03 | Time: 172ms
Epoch: 083 | Test Loss: 4.2722E-03 | Time: 166ms
Epoch: 084 | Test Loss: 3.7252E-03 | Time: 190ms
Epoch: 085 | Test Loss: 3.8950E-03 | Time: 165ms
Epoch: 086 | Train Loss: 5.8051E-03 | CBF GN: 1.0719E-01 | Time: 634ms
Epoch: 086 | Test Loss: 4.1014E-03 | Time: 166ms
Epoch: 087 | Test Loss: 4.0008E-03 | Time: 165ms
Epoch: 088 | Test Loss: 3.9705E-03 | Time: 166ms
Epoch: 089 | Test Loss: 3.8376E-03 | Time: 165ms
Epoch: 090 | Test Loss: 3.8377E-03 | Time: 165ms
Epoch: 091 | Train Loss: 5.6458E-03 | CBF GN: 1.0567E-01 | Time: 633ms
Epoch: 091 | Test Loss: 4.0036E-03 | Time: 165ms
Epoch: 092 | Test Loss: 3.7462E-03 | Time: 164ms
Epoch: 093 | Test Loss: 3.8463E-03 | Time: 166ms
Epoch: 094 | Test Loss: 3.8154E-03 | Time: 165ms
Epoch: 095 | Test Loss: 3.8113E-03 | Time: 190ms
Epoch: 096 | Train Loss: 5.5260E-03 | CBF GN: 1.0118E-01 | Time: 634ms
Epoch: 096 | Test Loss: 3.8572E-03 | Time: 165ms
Epoch: 097 | Test Loss: 3.7838E-03 | Time: 165ms
Epoch: 098 | Test Loss: 3.7969E-03 | Time: 192ms
Epoch: 099 | Test Loss: 3.7968E-03 | Time: 165ms
Epoch: 100 | Test Loss: 3.8049E-03 | Time: 165ms
Total time: 1m21s
==> Visualizing training and test losses ...
==> Computing the smoothness constants ...
> Lipschitz constant of CBF network: 1.000000
> Hessian bound of CBF network: 4.355212
==> Saving the training results ...
==> Visualizing the CBF function and feasibility condition ...
==> Checking the safe and unsafe set ...
> Safe set percentage: 0.7849
> Unsafe set percentage: 0.9990
> Feasibility percentage: 1.0000
> Success:  False
==> Saving the feasibility results ...
==> Visualizing the CBF function and stability condition ...
==> Visualizing the feasibility condition ...
==> Done!
