==> Creating result directory ...
==> Loading test settings ...
==> Deciding torch device ...
==> torch device:  cuda
==> Building cbf neural network ...
==> Lipschitz constant of CBF network: 2.000000
==> Hessian bound of CBF network: 6.159200
==> Third order elementwise bound of CBF network: 32.000000
==> Number of subregions: 1
==> Subregion 0000000001 / 0000000001: 
==> [[-0.5  -2.   -1.57], [0.5  0.   1.57]]
> Iteration 00 | Bound: [-0.538931, 3.315884] | l2 radius: 1.93E+00 | Size: 1.00E+00 | Time: 65ms
> Iteration 01 | Bound: [-0.526040, 2.206157] | l2 radius: 1.37E+00 | Size: 2.00E+00 | Time: 69ms
> Iteration 02 | Bound: [-0.436856, 1.676175] | l2 radius: 1.06E+00 | Size: 4.00E+00 | Time: 71ms
> Iteration 03 | Bound: [-0.419210, 1.198265] | l2 radius: 8.09E-01 | Size: 8.00E+00 | Time: 72ms
> Iteration 04 | Bound: [-0.358251, 1.007847] | l2 radius: 6.83E-01 | Size: 1.60E+01 | Time: 73ms
> Iteration 05 | Bound: [-0.294886, 0.761630] | l2 radius: 5.28E-01 | Size: 3.20E+01 | Time: 75ms
> Iteration 06 | Bound: [-0.275815, 0.418727] | l2 radius: 4.04E-01 | Size: 6.40E+01 | Time: 76ms
> Iteration 07 | Bound: [-0.224489, 0.287895] | l2 radius: 3.42E-01 | Size: 9.60E+01 | Time: 78ms
> Iteration 08 | Bound: [-0.182402, 0.144675] | l2 radius: 2.64E-01 | Size: 1.02E+02 | Time: 79ms
> Iteration 09 | Bound: [-0.126060, 0.040542] | l2 radius: 2.02E-01 | Size: 5.60E+01 | Time: 80ms
> Iteration 10 | Bound: [-0.095523, 0.003466] | l2 radius: 1.71E-01 | Size: 1.20E+01 | Time: 81ms
> Iteration 11 | Bound: [-0.071781, -0.023021] | l2 radius: 1.32E-01 | Size: 2.00E+00 | Time: 83ms
> No region to refine. Done!
> Time for subregion 0000000001: 83ms
> Total time up to subregion 0000000001: 83ms = 0.08304333686828613 s
> Total time excluding drawing: 83ms = 0.08304333686828613 s
> Success: True
==> Done!
