==> Creating result directory ...
==> Loading test settings ...
==> Deciding torch device ...
==> torch device:  cuda
==> Seeding everything ...
==> Building dynamical system ...
==> Building CBF neural network ...
==========================================================================================
Layer (type:depth-idx)                   Output Shape              Param #
==========================================================================================
LipschitzNetwork                         [1, 1]                    --
├─Sequential: 1-1                        [1, 1]                    --
│    └─SandwichFc: 2-1                   [1, 128]                  16,897
│    └─SandwichLin: 2-2                  [1, 1]                    131
==========================================================================================
Total params: 17,028
Trainable params: 16,900
Non-trainable params: 128
Total mult-adds (M): 0.02
==========================================================================================
Input size (MB): 0.00
Forward/backward pass size (MB): 0.00
Params size (MB): 0.07
Estimated Total Size (MB): 0.07
==========================================================================================
==> Lipschitz constant of CBF network: 2.000000
==> Amount of training data:  6000
==> Creating training data ...
==> Start training ...
Epoch: 001 | Train Loss: 1.7656E-01 | CBF GN: 5.7607E+00 | Time: 162ms
Epoch: 001 | Test Loss: 1.6608E-01 | Time: 23ms
> Save at epoch 001 | Test loss 1.6608E-01
Epoch: 002 | Test Loss: 4.2158E-02 | Time: 23ms
> Save at epoch 002 | Test loss 4.2158E-02
Epoch: 003 | Test Loss: 7.3643E-03 | Time: 23ms
> Save at epoch 003 | Test loss 7.3643E-03
Epoch: 004 | Test Loss: 6.0741E-03 | Time: 24ms
> Save at epoch 004 | Test loss 6.0741E-03
Epoch: 005 | Test Loss: 3.0210E-03 | Time: 24ms
> Save at epoch 005 | Test loss 3.0210E-03
Epoch: 006 | Train Loss: 5.9903E-03 | CBF GN: 2.9005E+00 | Time: 80ms
Epoch: 006 | Test Loss: 2.9198E-03 | Time: 24ms
> Save at epoch 006 | Test loss 2.9198E-03
Epoch: 007 | Test Loss: 3.2569E-03 | Time: 24ms
Epoch: 008 | Test Loss: 4.6130E-03 | Time: 23ms
Epoch: 009 | Test Loss: 3.3781E-03 | Time: 24ms
Epoch: 010 | Test Loss: 3.0411E-03 | Time: 24ms
Epoch: 011 | Train Loss: 5.7775E-03 | CBF GN: 1.8223E+00 | Time: 81ms
Epoch: 011 | Test Loss: 4.2082E-03 | Time: 24ms
Epoch: 012 | Test Loss: 4.6135E-03 | Time: 24ms
Epoch: 013 | Test Loss: 3.8873E-03 | Time: 24ms
Epoch: 014 | Test Loss: 3.9595E-03 | Time: 24ms
Epoch: 015 | Test Loss: 4.0927E-03 | Time: 24ms
Epoch: 016 | Train Loss: 4.8755E-03 | CBF GN: 1.1563E+00 | Time: 80ms
Epoch: 016 | Test Loss: 2.1295E-03 | Time: 24ms
> Save at epoch 016 | Test loss 2.1295E-03
Epoch: 017 | Test Loss: 2.4180E-03 | Time: 24ms
Epoch: 018 | Test Loss: 3.3827E-03 | Time: 24ms
Epoch: 019 | Test Loss: 4.7860E-03 | Time: 24ms
Epoch: 020 | Test Loss: 1.1410E-02 | Time: 24ms
Epoch: 021 | Train Loss: 7.7264E-03 | CBF GN: 1.6306E+00 | Time: 81ms
Epoch: 021 | Test Loss: 3.6131E-03 | Time: 24ms
Epoch: 022 | Test Loss: 4.1350E-03 | Time: 24ms
Epoch: 023 | Test Loss: 2.7634E-03 | Time: 24ms
Epoch: 024 | Test Loss: 3.0652E-03 | Time: 24ms
Epoch: 025 | Test Loss: 2.6223E-03 | Time: 24ms
Epoch: 026 | Train Loss: 7.9363E-03 | CBF GN: 1.6576E+00 | Time: 80ms
Epoch: 026 | Test Loss: 5.1567E-03 | Time: 24ms
Epoch: 027 | Test Loss: 7.4988E-03 | Time: 24ms
Epoch: 028 | Test Loss: 6.5326E-03 | Time: 24ms
Epoch: 029 | Test Loss: 4.2170E-03 | Time: 24ms
Epoch: 030 | Test Loss: 1.1457E-02 | Time: 24ms
Epoch: 031 | Train Loss: 6.2086E-03 | CBF GN: 1.0439E+00 | Time: 81ms
Epoch: 031 | Test Loss: 3.9743E-03 | Time: 24ms
Epoch: 032 | Test Loss: 3.5761E-03 | Time: 24ms
Epoch: 033 | Test Loss: 2.6881E-03 | Time: 24ms
Epoch: 034 | Test Loss: 4.7567E-03 | Time: 25ms
Epoch: 035 | Test Loss: 9.5112E-03 | Time: 23ms
Epoch: 036 | Train Loss: 2.1746E-02 | CBF GN: 1.7927E+00 | Time: 79ms
Epoch: 036 | Test Loss: 7.7094E-03 | Time: 23ms
Epoch: 037 | Test Loss: 2.7080E-03 | Time: 25ms
Epoch: 038 | Test Loss: 3.2185E-03 | Time: 24ms
Epoch: 039 | Test Loss: 1.7333E-03 | Time: 24ms
> Save at epoch 039 | Test loss 1.7333E-03
Epoch: 040 | Test Loss: 1.3986E-03 | Time: 24ms
> Save at epoch 040 | Test loss 1.3986E-03
Epoch: 041 | Train Loss: 3.6634E-03 | CBF GN: 4.6122E-01 | Time: 80ms
Epoch: 041 | Test Loss: 1.4205E-03 | Time: 24ms
Epoch: 042 | Test Loss: 1.4509E-03 | Time: 24ms
Epoch: 043 | Test Loss: 1.1199E-03 | Time: 24ms
> Save at epoch 043 | Test loss 1.1199E-03
Epoch: 044 | Test Loss: 9.8599E-04 | Time: 24ms
> Save at epoch 044 | Test loss 9.8599E-04
Epoch: 045 | Test Loss: 7.9278E-04 | Time: 24ms
> Save at epoch 045 | Test loss 7.9278E-04
Epoch: 046 | Train Loss: 1.7759E-03 | CBF GN: 3.0153E-01 | Time: 80ms
Epoch: 046 | Test Loss: 1.0684E-03 | Time: 24ms
Epoch: 047 | Test Loss: 8.1811E-04 | Time: 24ms
Epoch: 048 | Test Loss: 1.6438E-03 | Time: 24ms
Epoch: 049 | Test Loss: 9.9088E-04 | Time: 24ms
Epoch: 050 | Test Loss: 1.4757E-03 | Time: 24ms
Epoch: 051 | Train Loss: 3.2429E-03 | CBF GN: 2.8967E-01 | Time: 80ms
Epoch: 051 | Test Loss: 2.4046E-03 | Time: 24ms
Epoch: 052 | Test Loss: 1.2093E-03 | Time: 50ms
Epoch: 053 | Test Loss: 1.3699E-03 | Time: 24ms
Epoch: 054 | Test Loss: 1.1149E-03 | Time: 24ms
Epoch: 055 | Test Loss: 7.7256E-04 | Time: 24ms
> Save at epoch 055 | Test loss 7.7256E-04
Epoch: 056 | Train Loss: 1.7992E-03 | CBF GN: 2.4035E-01 | Time: 80ms
Epoch: 056 | Test Loss: 7.2479E-04 | Time: 24ms
> Save at epoch 056 | Test loss 7.2479E-04
Epoch: 057 | Test Loss: 6.1750E-04 | Time: 25ms
> Save at epoch 057 | Test loss 6.1750E-04
Epoch: 058 | Test Loss: 5.5224E-04 | Time: 24ms
> Save at epoch 058 | Test loss 5.5224E-04
Epoch: 059 | Test Loss: 6.1682E-04 | Time: 24ms
Epoch: 060 | Test Loss: 9.7889E-04 | Time: 24ms
Epoch: 061 | Train Loss: 1.9034E-03 | CBF GN: 2.4342E-01 | Time: 80ms
Epoch: 061 | Test Loss: 1.2883E-03 | Time: 24ms
Epoch: 062 | Test Loss: 9.3664E-04 | Time: 24ms
Epoch: 063 | Test Loss: 8.2018E-04 | Time: 24ms
Epoch: 064 | Test Loss: 7.3513E-04 | Time: 24ms
Epoch: 065 | Test Loss: 4.8933E-04 | Time: 24ms
> Save at epoch 065 | Test loss 4.8933E-04
Epoch: 066 | Train Loss: 1.2774E-03 | CBF GN: 2.2784E-01 | Time: 82ms
Epoch: 066 | Test Loss: 5.3789E-04 | Time: 24ms
Epoch: 067 | Test Loss: 5.9381E-04 | Time: 24ms
Epoch: 068 | Test Loss: 9.6574E-04 | Time: 24ms
Epoch: 069 | Test Loss: 7.7919E-04 | Time: 25ms
Epoch: 070 | Test Loss: 6.1032E-04 | Time: 24ms
Epoch: 071 | Train Loss: 1.3268E-03 | CBF GN: 1.4037E-01 | Time: 77ms
Epoch: 071 | Test Loss: 5.9435E-04 | Time: 53ms
Epoch: 072 | Test Loss: 5.3517E-04 | Time: 24ms
Epoch: 073 | Test Loss: 5.5906E-04 | Time: 24ms
Epoch: 074 | Test Loss: 5.9218E-04 | Time: 24ms
Epoch: 075 | Test Loss: 5.0529E-04 | Time: 24ms
Epoch: 076 | Train Loss: 1.1865E-03 | CBF GN: 1.8375E-01 | Time: 78ms
Epoch: 076 | Test Loss: 4.8929E-04 | Time: 24ms
> Save at epoch 076 | Test loss 4.8929E-04
Epoch: 077 | Test Loss: 4.9789E-04 | Time: 24ms
Epoch: 078 | Test Loss: 4.9017E-04 | Time: 24ms
Epoch: 079 | Test Loss: 4.8003E-04 | Time: 24ms
> Save at epoch 079 | Test loss 4.8003E-04
Epoch: 080 | Test Loss: 4.8820E-04 | Time: 24ms
Epoch: 081 | Train Loss: 1.1102E-03 | CBF GN: 1.3655E-01 | Time: 78ms
Epoch: 081 | Test Loss: 4.9089E-04 | Time: 24ms
Epoch: 082 | Test Loss: 5.6189E-04 | Time: 24ms
Epoch: 083 | Test Loss: 4.9265E-04 | Time: 24ms
Epoch: 084 | Test Loss: 5.1023E-04 | Time: 24ms
Epoch: 085 | Test Loss: 5.5182E-04 | Time: 24ms
Epoch: 086 | Train Loss: 1.0928E-03 | CBF GN: 1.3038E-01 | Time: 78ms
Epoch: 086 | Test Loss: 5.1605E-04 | Time: 24ms
Epoch: 087 | Test Loss: 4.9196E-04 | Time: 24ms
Epoch: 088 | Test Loss: 4.8824E-04 | Time: 24ms
Epoch: 089 | Test Loss: 4.7011E-04 | Time: 24ms
> Save at epoch 089 | Test loss 4.7011E-04
Epoch: 090 | Test Loss: 4.9141E-04 | Time: 52ms
Epoch: 091 | Train Loss: 1.0650E-03 | CBF GN: 1.1173E-01 | Time: 78ms
Epoch: 091 | Test Loss: 4.7928E-04 | Time: 24ms
Epoch: 092 | Test Loss: 4.9034E-04 | Time: 24ms
Epoch: 093 | Test Loss: 4.8216E-04 | Time: 24ms
Epoch: 094 | Test Loss: 4.7663E-04 | Time: 25ms
Epoch: 095 | Test Loss: 4.8064E-04 | Time: 24ms
Epoch: 096 | Train Loss: 1.0486E-03 | CBF GN: 1.3607E-01 | Time: 77ms
Epoch: 096 | Test Loss: 4.8094E-04 | Time: 24ms
Epoch: 097 | Test Loss: 4.7747E-04 | Time: 24ms
Epoch: 098 | Test Loss: 4.8070E-04 | Time: 24ms
Epoch: 099 | Test Loss: 4.8283E-04 | Time: 24ms
Epoch: 100 | Test Loss: 4.8394E-04 | Time: 24ms
Total time: 10s662ms
==> Visualizing training and test losses ...
==> Computing the smoothness constants ...
> Lipschitz constant of CBF network: 2.000000
> Hessian bound of CBF network: 6.159200
==> Saving the training results ...
==> Visualizing the CBF function and feasibility condition ...
==> Checking the safe and unsafe set ...
> Safe set percentage: 0.6418
> Unsafe set percentage: 1.0000
> Feasibility percentage: 1.0000
> Success:  True
==> Saving the feasibility results ...
==> Visualizing the CBF function and stability condition ...
==> Visualizing the feasibility condition ...
==> Done!
