==> Creating result directory ...
==> Loading test settings ...
==> Deciding torch device ...
==> torch device:  cuda
==> Building dynamical system ...
==> Building cbf neural network ...
==> Lipschitz constant of CBF network: 2.000000
==> Hessian bound of CBF network: 6.159200
==> Third order elementwise bound of CBF network: 32.000000
==> Number of subregions: 1
==> Subregion 0000000001 / 0000000001: 
==> [[-3.14 -5.  ], [3.14 5.  ]]
==> Lipschitz constant of the zero order test function: 161.749387
> Iteration 00 | Bound: [-954.941101, 0.059939] | l2 radius: 5.90E+00 | Size: 1.00E+00 | Time: 67ms
> Iteration 01 | Bound: [-648.644348, 0.565393] | l2 radius: 4.01E+00 | Size: 2.00E+00 | Time: 70ms
> Iteration 02 | Bound: [-477.487976, 0.012535] | l2 radius: 2.95E+00 | Size: 4.00E+00 | Time: 72ms
> Iteration 03 | Bound: [-324.589935, 0.014937] | l2 radius: 2.01E+00 | Size: 8.00E+00 | Time: 74ms
> Iteration 04 | Bound: [-238.731140, 0.019114] | l2 radius: 1.48E+00 | Size: 1.60E+01 | Time: 76ms
> Iteration 05 | Bound: [-162.286819, 0.015615] | l2 radius: 1.00E+00 | Size: 3.20E+01 | Time: 78ms
> Iteration 06 | Bound: [-119.375206, 0.004444] | l2 radius: 7.38E-01 | Size: 6.40E+01 | Time: 85ms
> Iteration 07 | Bound: [-81.153130, 0.005160] | l2 radius: 5.02E-01 | Size: 1.28E+02 | Time: 88ms
> Iteration 08 | Bound: [-59.706512, 0.003405] | l2 radius: 3.69E-01 | Size: 2.56E+02 | Time: 90ms
> Iteration 09 | Bound: [-32.103649, 0.003396] | l2 radius: 2.51E-01 | Size: 5.12E+02 | Time: 94ms
> Iteration 10 | Bound: [-17.386290, 0.000749] | l2 radius: 1.85E-01 | Size: 1.02E+03 | Time: 99ms
> Iteration 11 | Bound: [-8.056168, 0.000383] | l2 radius: 1.25E-01 | Size: 1.71E+03 | Time: 126ms
> Iteration 12 | Bound: [-4.366255, 0.000545] | l2 radius: 9.23E-02 | Size: 2.67E+03 | Time: 140ms
> Iteration 13 | Bound: [-2.005890, 0.001565] | l2 radius: 6.27E-02 | Size: 4.36E+03 | Time: 162ms
> Iteration 14 | Bound: [-1.076715, 0.007757] | l2 radius: 4.61E-02 | Size: 7.99E+03 | Time: 216ms
> Iteration 15 | Bound: [-0.493411, 0.007759] | l2 radius: 3.14E-02 | Size: 1.51E+04 | Time: 303ms
> Iteration 16 | Bound: [-0.263360, 0.007725] | l2 radius: 2.31E-02 | Size: 2.13E+04 | Time: 427ms
> Iteration 17 | Bound: [-0.117572, 0.007726] | l2 radius: 1.57E-02 | Size: 2.99E+04 | Time: 604ms
> Iteration 18 | Bound: [-0.060057, 0.007720] | l2 radius: 1.15E-02 | Size: 3.99E+04 | Time: 818ms
> Iteration 19 | Bound: [-0.023608, 0.007721] | l2 radius: 7.84E-03 | Size: 5.60E+04 | Time: 1s141ms
> Iteration 20 | Bound: [-0.009229, 0.007721] | l2 radius: 5.77E-03 | Size: 5.53E+04 | Time: 1s455ms
> Iteration 21 | Bound: [-0.000116, 0.007721] | l2 radius: 3.92E-03 | Size: 5.01E+04 | Time: 1s751ms
> Iteration 22 | Bound: [0.003481, 0.007721] | l2 radius: 2.88E-03 | Size: 9.26E+02 | Time: 1s756ms
> No region to refine. Done!
> Time for subregion 0000000001: 1s756ms
> Total time up to subregion 0000000001: 1s756ms = 1.756392002105713 s
> Total time excluding drawing: 1s756ms = 1.756392002105713 s
> Success: True
==> Done!
