==> Creating result directory ...
==> Loading test settings ...
==> Deciding torch device ...
==> torch device:  cpu
==> Building dynamical system ...
==> Building cbf neural network ...
==> Lipschitz constant of CBF network: 1.000000
==> Hessian bound of CBF network: 2.177606
==> Third order elementwise bound of CBF network: 8.000000
==> Number of subregions: 16
==> Subregion 0000000001 / 0000000016: 
==> [[-2. -2. -1. -1.], [0. 0. 0. 0.]]
==> Lipschitz constant of the zero order test function: 5.886008
> Iteration 00 | Bound: [-8.945662, 0.360935] | l2 radius: 1.58E+00 | Size: 1.00E+00 | Time: 5ms
> Iteration 01 | Bound: [-7.563617, 0.222840] | l2 radius: 1.32E+00 | Size: 2.00E+00 | Time: 6ms
> Iteration 02 | Bound: [-5.685343, 0.200665] | l2 radius: 1.00E+00 | Size: 4.00E+00 | Time: 8ms
> Iteration 03 | Bound: [-5.203803, 0.101773] | l2 radius: 9.01E-01 | Size: 8.00E+00 | Time: 9ms
> Iteration 04 | Bound: [-4.553894, 0.099405] | l2 radius: 7.91E-01 | Size: 1.60E+01 | Time: 11ms
> Iteration 05 | Bound: [-3.828654, 0.064574] | l2 radius: 6.61E-01 | Size: 3.20E+01 | Time: 14ms
> Iteration 06 | Bound: [-2.889614, 0.053390] | l2 radius: 5.00E-01 | Size: 6.40E+01 | Time: 17ms
> Iteration 07 | Bound: [-2.609904, 0.042884] | l2 radius: 4.51E-01 | Size: 1.12E+02 | Time: 25ms
> Iteration 08 | Bound: [-2.259477, 0.067172] | l2 radius: 3.95E-01 | Size: 1.97E+02 | Time: 40ms
> Iteration 09 | Bound: [-1.843299, 0.103315] | l2 radius: 3.31E-01 | Size: 3.43E+02 | Time: 65ms
> Iteration 10 | Bound: [-1.170717, 0.102812] | l2 radius: 2.50E-01 | Size: 5.37E+02 | Time: 106ms
> Iteration 11 | Bound: [-0.943809, 0.105142] | l2 radius: 2.25E-01 | Size: 9.55E+02 | Time: 192ms
> Iteration 12 | Bound: [-0.721592, 0.100355] | l2 radius: 1.98E-01 | Size: 1.80E+03 | Time: 275ms
> Iteration 13 | Bound: [-0.474473, 0.091527] | l2 radius: 1.65E-01 | Size: 3.37E+03 | Time: 434ms
> Iteration 14 | Bound: [-0.245349, 0.086214] | l2 radius: 1.25E-01 | Size: 5.50E+03 | Time: 689ms
> Iteration 15 | Bound: [-0.190427, 0.086099] | l2 radius: 1.13E-01 | Size: 3.09E+03 | Time: 846ms
> Iteration 16 | Bound: [-0.131035, 0.083628] | l2 radius: 9.88E-02 | Size: 2.93E+03 | Time: 979ms
> Iteration 17 | Bound: [-0.058582, 0.093577] | l2 radius: 8.27E-02 | Size: 1.67E+03 | Time: 1s66ms
> Iteration 18 | Bound: [0.000332, 0.090399] | l2 radius: 6.25E-02 | Size: 1.97E+02 | Time: 1s80ms
> No region to refine. Done!
> Time for subregion 0000000001: 1s80ms
> Total time up to subregion 0000000001: 1s80ms = 1.0808799266815186 s
==> Subregion 0000000002 / 0000000016: 
==> [[ 0. -2. -1. -1.], [2. 0. 0. 0.]]
==> Lipschitz constant of the zero order test function: 5.886008
> Iteration 00 | Bound: [-9.143722, 0.162875] | l2 radius: 1.58E+00 | Size: 1.00E+00 | Time: 0ms
> Iteration 01 | Bound: [-7.718820, 0.067637] | l2 radius: 1.32E+00 | Size: 2.00E+00 | Time: 2ms
> Iteration 02 | Bound: [-5.816501, 0.069507] | l2 radius: 1.00E+00 | Size: 4.00E+00 | Time: 4ms
> Iteration 03 | Bound: [-5.259443, 0.046134] | l2 radius: 9.01E-01 | Size: 8.00E+00 | Time: 5ms
> Iteration 04 | Bound: [-4.606938, 0.046360] | l2 radius: 7.91E-01 | Size: 1.60E+01 | Time: 7ms
> Iteration 05 | Bound: [-3.852762, 0.040467] | l2 radius: 6.61E-01 | Size: 3.20E+01 | Time: 9ms
> Iteration 06 | Bound: [-2.910197, 0.032807] | l2 radius: 5.00E-01 | Size: 6.40E+01 | Time: 11ms
> Iteration 07 | Bound: [-2.622619, 0.030169] | l2 radius: 4.51E-01 | Size: 1.23E+02 | Time: 16ms
> Iteration 08 | Bound: [-2.296365, 0.030284] | l2 radius: 3.95E-01 | Size: 2.31E+02 | Time: 31ms
> Iteration 09 | Bound: [-1.906244, 0.040371] | l2 radius: 3.31E-01 | Size: 3.91E+02 | Time: 60ms
> Iteration 10 | Bound: [-1.143788, 0.061003] | l2 radius: 2.50E-01 | Size: 6.34E+02 | Time: 106ms
> Iteration 11 | Bound: [-0.919174, 0.063054] | l2 radius: 2.25E-01 | Size: 1.16E+03 | Time: 170ms
> Iteration 12 | Bound: [-0.685140, 0.069657] | l2 radius: 1.98E-01 | Size: 2.22E+03 | Time: 286ms
> Iteration 13 | Bound: [-0.478040, 0.079503] | l2 radius: 1.65E-01 | Size: 4.06E+03 | Time: 469ms
> Iteration 14 | Bound: [-0.252754, 0.083086] | l2 radius: 1.25E-01 | Size: 7.37E+03 | Time: 816ms
> Iteration 15 | Bound: [-0.192483, 0.085927] | l2 radius: 1.13E-01 | Size: 1.23E+04 | Time: 1s337ms
> Iteration 16 | Bound: [-0.132088, 0.085328] | l2 radius: 9.88E-02 | Size: 1.63E+04 | Time: 1s999ms
> Iteration 17 | Bound: [-0.067128, 0.085837] | l2 radius: 8.27E-02 | Size: 1.48E+04 | Time: 2s629ms
> Iteration 18 | Bound: [-0.008704, 0.085864] | l2 radius: 6.25E-02 | Size: 4.10E+03 | Time: 2s848ms
> Iteration 19 | Bound: [0.007734, 0.087246] | l2 radius: 5.63E-02 | Size: 7.00E+00 | Time: 2s850ms
> No region to refine. Done!
> Time for subregion 0000000002: 2s850ms
> Total time up to subregion 0000000002: 3s931ms = 3.931541919708252 s
==> Subregion 0000000003 / 0000000016: 
==> [[-2.  0. -1. -1.], [0. 2. 0. 0.]]
==> Lipschitz constant of the zero order test function: 5.886008
> Iteration 00 | Bound: [-9.152754, 0.153843] | l2 radius: 1.58E+00 | Size: 1.00E+00 | Time: 0ms
> Iteration 01 | Bound: [-7.661110, 0.125346] | l2 radius: 1.32E+00 | Size: 2.00E+00 | Time: 3ms
> Iteration 02 | Bound: [-5.763252, 0.122756] | l2 radius: 1.00E+00 | Size: 4.00E+00 | Time: 5ms
> Iteration 03 | Bound: [-5.201248, 0.104329] | l2 radius: 9.01E-01 | Size: 8.00E+00 | Time: 8ms
> Iteration 04 | Bound: [-4.555264, 0.098034] | l2 radius: 7.91E-01 | Size: 1.60E+01 | Time: 11ms
> Iteration 05 | Bound: [-3.826602, 0.066627] | l2 radius: 6.61E-01 | Size: 3.20E+01 | Time: 14ms
> Iteration 06 | Bound: [-2.889742, 0.053262] | l2 radius: 5.00E-01 | Size: 6.40E+01 | Time: 18ms
> Iteration 07 | Bound: [-2.608336, 0.044452] | l2 radius: 4.51E-01 | Size: 1.28E+02 | Time: 28ms
> Iteration 08 | Bound: [-2.270739, 0.055910] | l2 radius: 3.95E-01 | Size: 2.48E+02 | Time: 43ms
> Iteration 09 | Bound: [-1.884043, 0.062571] | l2 radius: 3.31E-01 | Size: 4.71E+02 | Time: 68ms
> Iteration 10 | Bound: [-1.173607, 0.063764] | l2 radius: 2.50E-01 | Size: 8.37E+02 | Time: 110ms
> Iteration 11 | Bound: [-0.949497, 0.065547] | l2 radius: 2.25E-01 | Size: 1.59E+03 | Time: 181ms
> Iteration 12 | Bound: [-0.714480, 0.066229] | l2 radius: 1.98E-01 | Size: 3.00E+03 | Time: 313ms
> Iteration 13 | Bound: [-0.483563, 0.062970] | l2 radius: 1.65E-01 | Size: 5.70E+03 | Time: 565ms
> Iteration 14 | Bound: [-0.248924, 0.061947] | l2 radius: 1.25E-01 | Size: 1.06E+04 | Time: 1s20ms
> Iteration 15 | Bound: [-0.197621, 0.061047] | l2 radius: 1.13E-01 | Size: 1.95E+04 | Time: 1s865ms
> Iteration 16 | Bound: [-0.133767, 0.060908] | l2 radius: 9.88E-02 | Size: 3.50E+04 | Time: 3s403ms
> Iteration 17 | Bound: [-0.079890, 0.059926] | l2 radius: 8.27E-02 | Size: 5.55E+04 | Time: 5s745ms
> Iteration 18 | Bound: [-0.017394, 0.059268] | l2 radius: 6.25E-02 | Size: 6.18E+04 | Time: 8s465ms
> Iteration 19 | Bound: [-0.003641, 0.058886] | l2 radius: 5.63E-02 | Size: 5.36E+03 | Time: 8s709ms
> Iteration 20 | Bound: [0.010366, 0.058902] | l2 radius: 4.94E-02 | Size: 2.19E+02 | Time: 8s726ms
> No region to refine. Done!
> Time for subregion 0000000003: 8s726ms
> Total time up to subregion 0000000003: 12s658ms = 12.658398866653442 s
==> Subregion 0000000004 / 0000000016: 
==> [[ 0.  0. -1. -1.], [2. 2. 0. 0.]]
==> Lipschitz constant of the zero order test function: 5.886008
> Iteration 00 | Bound: [-9.128561, 0.178036] | l2 radius: 1.58E+00 | Size: 1.00E+00 | Time: 1ms
> Iteration 01 | Bound: [-7.697901, 0.088556] | l2 radius: 1.32E+00 | Size: 2.00E+00 | Time: 4ms
> Iteration 02 | Bound: [-5.798688, 0.087320] | l2 radius: 1.00E+00 | Size: 4.00E+00 | Time: 6ms
> Iteration 03 | Bound: [-5.235575, 0.070001] | l2 radius: 9.01E-01 | Size: 8.00E+00 | Time: 9ms
> Iteration 04 | Bound: [-4.583987, 0.069311] | l2 radius: 7.91E-01 | Size: 1.60E+01 | Time: 12ms
> Iteration 05 | Bound: [-3.841979, 0.051250] | l2 radius: 6.61E-01 | Size: 3.20E+01 | Time: 15ms
> Iteration 06 | Bound: [-2.899869, 0.043136] | l2 radius: 5.00E-01 | Size: 6.40E+01 | Time: 19ms
> Iteration 07 | Bound: [-2.614333, 0.038455] | l2 radius: 4.51E-01 | Size: 1.28E+02 | Time: 31ms
> Iteration 08 | Bound: [-2.284586, 0.042064] | l2 radius: 3.95E-01 | Size: 2.50E+02 | Time: 48ms
> Iteration 09 | Bound: [-1.893062, 0.053553] | l2 radius: 3.31E-01 | Size: 4.71E+02 | Time: 82ms
> Iteration 10 | Bound: [-1.135856, 0.062796] | l2 radius: 2.50E-01 | Size: 8.49E+02 | Time: 138ms
> Iteration 11 | Bound: [-0.914171, 0.062341] | l2 radius: 2.25E-01 | Size: 1.63E+03 | Time: 219ms
> Iteration 12 | Bound: [-0.691255, 0.063307] | l2 radius: 1.98E-01 | Size: 3.11E+03 | Time: 382ms
> Iteration 13 | Bound: [-0.466819, 0.062567] | l2 radius: 1.65E-01 | Size: 5.74E+03 | Time: 648ms
> Iteration 14 | Bound: [-0.243543, 0.059811] | l2 radius: 1.25E-01 | Size: 1.09E+04 | Time: 1s115ms
> Iteration 15 | Bound: [-0.187697, 0.059516] | l2 radius: 1.13E-01 | Size: 1.74E+04 | Time: 1s859ms
> Iteration 16 | Bound: [-0.131550, 0.059409] | l2 radius: 9.88E-02 | Size: 2.25E+04 | Time: 2s826ms
> Iteration 17 | Bound: [-0.075343, 0.059171] | l2 radius: 8.27E-02 | Size: 2.35E+04 | Time: 3s890ms
> Iteration 18 | Bound: [-0.019458, 0.057490] | l2 radius: 6.25E-02 | Size: 1.78E+04 | Time: 4s657ms
> Iteration 19 | Bound: [-0.005478, 0.057400] | l2 radius: 5.63E-02 | Size: 4.38E+03 | Time: 4s846ms
> Iteration 20 | Bound: [0.008591, 0.057396] | l2 radius: 4.94E-02 | Size: 7.10E+02 | Time: 4s900ms
> No region to refine. Done!
> Time for subregion 0000000004: 4s900ms
> Total time up to subregion 0000000004: 17s558ms = 17.558889627456665 s
==> Subregion 0000000005 / 0000000016: 
==> [[-2. -2.  0. -1.], [0. 0. 1. 0.]]
==> Lipschitz constant of the zero order test function: 5.886008
> Iteration 00 | Bound: [-9.223189, 0.083407] | l2 radius: 1.58E+00 | Size: 1.00E+00 | Time: 0ms
> Iteration 01 | Bound: [-7.731955, 0.054502] | l2 radius: 1.32E+00 | Size: 2.00E+00 | Time: 2ms
> Iteration 02 | Bound: [-5.833740, 0.052269] | l2 radius: 1.00E+00 | Size: 4.00E+00 | Time: 3ms
> Iteration 03 | Bound: [-5.251977, 0.053599] | l2 radius: 9.01E-01 | Size: 8.00E+00 | Time: 5ms
> Iteration 04 | Bound: [-4.598503, 0.054796] | l2 radius: 7.91E-01 | Size: 1.60E+01 | Time: 6ms
> Iteration 05 | Bound: [-3.850349, 0.042879] | l2 radius: 6.61E-01 | Size: 3.20E+01 | Time: 8ms
> Iteration 06 | Bound: [-2.902270, 0.040734] | l2 radius: 5.00E-01 | Size: 6.40E+01 | Time: 11ms
> Iteration 07 | Bound: [-2.612104, 0.040684] | l2 radius: 4.51E-01 | Size: 1.22E+02 | Time: 19ms
> Iteration 08 | Bound: [-2.286453, 0.040196] | l2 radius: 3.95E-01 | Size: 2.22E+02 | Time: 33ms
> Iteration 09 | Bound: [-1.911719, 0.034895] | l2 radius: 3.31E-01 | Size: 3.69E+02 | Time: 57ms
> Iteration 10 | Bound: [-1.196424, 0.021374] | l2 radius: 2.50E-01 | Size: 5.90E+02 | Time: 98ms
> Iteration 11 | Bound: [-0.968603, 0.022498] | l2 radius: 2.25E-01 | Size: 1.09E+03 | Time: 164ms
> Iteration 12 | Bound: [-0.738049, 0.031795] | l2 radius: 1.98E-01 | Size: 2.02E+03 | Time: 275ms
> Iteration 13 | Bound: [-0.523082, 0.023783] | l2 radius: 1.65E-01 | Size: 3.71E+03 | Time: 455ms
> Iteration 14 | Bound: [-0.287010, 0.034597] | l2 radius: 1.25E-01 | Size: 6.70E+03 | Time: 767ms
> Iteration 15 | Bound: [-0.220202, 0.040287] | l2 radius: 1.13E-01 | Size: 1.25E+04 | Time: 1s312ms
> Iteration 16 | Bound: [-0.162517, 0.041684] | l2 radius: 9.88E-02 | Size: 2.28E+04 | Time: 2s288ms
> Iteration 17 | Bound: [-0.108924, 0.037805] | l2 radius: 8.27E-02 | Size: 3.31E+04 | Time: 3s742ms
> Iteration 18 | Bound: [-0.054205, 0.034810] | l2 radius: 6.25E-02 | Size: 1.51E+04 | Time: 4s444ms
> Iteration 19 | Bound: [-0.033695, 0.038116] | l2 radius: 5.63E-02 | Size: 9.20E+01 | Time: 4s452ms
> Iteration 20 | Bound: [-0.018442, 0.038875] | l2 radius: 4.94E-02 | Size: 3.00E+01 | Time: 4s454ms
> Iteration 21 | Bound: [-0.005045, 0.036732] | l2 radius: 4.13E-02 | Size: 9.00E+00 | Time: 4s456ms
> Iteration 22 | Bound: [0.008646, 0.035213] | l2 radius: 3.12E-02 | Size: 1.00E+00 | Time: 4s457ms
> No region to refine. Done!
> Time for subregion 0000000005: 4s457ms
> Total time up to subregion 0000000005: 22s16ms = 22.016866445541382 s
==> Subregion 0000000006 / 0000000016: 
==> [[ 0. -2.  0. -1.], [2. 0. 1. 0.]]
==> Lipschitz constant of the zero order test function: 5.886008
> Iteration 00 | Bound: [-9.117970, 0.188627] | l2 radius: 1.58E+00 | Size: 1.00E+00 | Time: 0ms
> Iteration 01 | Bound: [-7.678857, 0.107600] | l2 radius: 1.32E+00 | Size: 2.00E+00 | Time: 2ms
> Iteration 02 | Bound: [-5.789452, 0.096557] | l2 radius: 1.00E+00 | Size: 4.00E+00 | Time: 3ms
> Iteration 03 | Bound: [-5.224347, 0.081229] | l2 radius: 9.01E-01 | Size: 8.00E+00 | Time: 5ms
> Iteration 04 | Bound: [-4.571581, 0.081717] | l2 radius: 7.91E-01 | Size: 1.60E+01 | Time: 6ms
> Iteration 05 | Bound: [-3.832089, 0.061140] | l2 radius: 6.61E-01 | Size: 3.20E+01 | Time: 10ms
> Iteration 06 | Bound: [-2.891818, 0.051187] | l2 radius: 5.00E-01 | Size: 6.40E+01 | Time: 14ms
> Iteration 07 | Bound: [-2.606467, 0.046322] | l2 radius: 4.51E-01 | Size: 1.28E+02 | Time: 19ms
> Iteration 08 | Bound: [-2.281492, 0.045157] | l2 radius: 3.95E-01 | Size: 2.40E+02 | Time: 33ms
> Iteration 09 | Bound: [-1.895673, 0.050942] | l2 radius: 3.31E-01 | Size: 4.07E+02 | Time: 58ms
> Iteration 10 | Bound: [-1.166616, 0.068293] | l2 radius: 2.50E-01 | Size: 6.93E+02 | Time: 98ms
> Iteration 11 | Bound: [-0.946054, 0.063835] | l2 radius: 2.25E-01 | Size: 1.28E+03 | Time: 162ms
> Iteration 12 | Bound: [-0.726211, 0.072841] | l2 radius: 1.98E-01 | Size: 2.46E+03 | Time: 291ms
> Iteration 13 | Bound: [-0.480706, 0.073261] | l2 radius: 1.65E-01 | Size: 4.70E+03 | Time: 494ms
> Iteration 14 | Bound: [-0.256194, 0.075931] | l2 radius: 1.25E-01 | Size: 8.92E+03 | Time: 890ms
> Iteration 15 | Bound: [-0.186712, 0.079231] | l2 radius: 1.13E-01 | Size: 1.68E+04 | Time: 1s661ms
> Iteration 16 | Bound: [-0.132286, 0.080383] | l2 radius: 9.88E-02 | Size: 2.83E+04 | Time: 2s841ms
> Iteration 17 | Bound: [-0.069114, 0.079496] | l2 radius: 8.27E-02 | Size: 3.67E+04 | Time: 4s377ms
> Iteration 18 | Bound: [-0.013951, 0.079297] | l2 radius: 6.25E-02 | Size: 1.44E+04 | Time: 4s976ms
> Iteration 19 | Bound: [0.003118, 0.080972] | l2 radius: 5.63E-02 | Size: 2.20E+01 | Time: 4s978ms
> No region to refine. Done!
> Time for subregion 0000000006: 4s978ms
> Total time up to subregion 0000000006: 26s995ms = 26.99521017074585 s
==> Subregion 0000000007 / 0000000016: 
==> [[-2.  0.  0. -1.], [0. 2. 1. 0.]]
==> Lipschitz constant of the zero order test function: 5.886008
> Iteration 00 | Bound: [-9.142326, 0.164270] | l2 radius: 1.58E+00 | Size: 1.00E+00 | Time: 0ms
> Iteration 01 | Bound: [-7.641360, 0.145097] | l2 radius: 1.32E+00 | Size: 2.00E+00 | Time: 2ms
> Iteration 02 | Bound: [-5.795536, 0.090473] | l2 radius: 1.00E+00 | Size: 4.00E+00 | Time: 3ms
> Iteration 03 | Bound: [-5.215528, 0.090048] | l2 radius: 9.01E-01 | Size: 8.00E+00 | Time: 5ms
> Iteration 04 | Bound: [-4.581068, 0.072231] | l2 radius: 7.91E-01 | Size: 1.60E+01 | Time: 6ms
> Iteration 05 | Bound: [-3.840050, 0.053179] | l2 radius: 6.61E-01 | Size: 3.20E+01 | Time: 8ms
> Iteration 06 | Bound: [-2.889702, 0.053302] | l2 radius: 5.00E-01 | Size: 6.40E+01 | Time: 11ms
> Iteration 07 | Bound: [-2.601378, 0.051410] | l2 radius: 4.51E-01 | Size: 1.28E+02 | Time: 21ms
> Iteration 08 | Bound: [-2.279748, 0.046901] | l2 radius: 3.95E-01 | Size: 2.55E+02 | Time: 37ms
> Iteration 09 | Bound: [-1.899490, 0.047124] | l2 radius: 3.31E-01 | Size: 5.03E+02 | Time: 68ms
> Iteration 10 | Bound: [-1.188668, 0.029613] | l2 radius: 2.50E-01 | Size: 9.63E+02 | Time: 118ms
> Iteration 11 | Bound: [-0.967319, 0.029453] | l2 radius: 2.25E-01 | Size: 1.89E+03 | Time: 206ms
> Iteration 12 | Bound: [-0.743955, 0.028419] | l2 radius: 1.98E-01 | Size: 3.68E+03 | Time: 384ms
> Iteration 13 | Bound: [-0.528843, 0.019561] | l2 radius: 1.65E-01 | Size: 7.12E+03 | Time: 682ms
> Iteration 14 | Bound: [-0.305096, 0.017167] | l2 radius: 1.25E-01 | Size: 1.38E+04 | Time: 1s290ms
> Iteration 15 | Bound: [-0.249460, 0.015458] | l2 radius: 1.13E-01 | Size: 2.40E+04 | Time: 2s277ms
> Iteration 16 | Bound: [-0.190591, 0.017463] | l2 radius: 9.88E-02 | Size: 3.99E+04 | Time: 3s910ms
> Iteration 17 | Bound: [-0.134544, 0.014186] | l2 radius: 8.27E-02 | Size: 5.69E+04 | Time: 6s316ms
> Iteration 18 | Bound: [-0.079804, 0.008665] | l2 radius: 6.25E-02 | Size: 5.02E+04 | Time: 8s480ms
> Iteration 19 | Bound: [-0.064103, 0.010358] | l2 radius: 5.63E-02 | Size: 4.49E+03 | Time: 8s695ms
> Iteration 20 | Bound: [-0.048504, 0.010976] | l2 radius: 4.94E-02 | Size: 1.68E+03 | Time: 8s777ms
> Iteration 21 | Bound: [-0.034504, 0.008453] | l2 radius: 4.13E-02 | Size: 1.24E+03 | Time: 8s841ms
> Iteration 22 | Bound: [-0.020814, 0.005746] | l2 radius: 3.12E-02 | Size: 8.63E+02 | Time: 8s887ms
> Iteration 23 | Bound: [-0.016489, 0.006182] | l2 radius: 2.82E-02 | Size: 3.77E+02 | Time: 8s909ms
> Iteration 24 | Bound: [-0.012058, 0.006536] | l2 radius: 2.47E-02 | Size: 4.02E+02 | Time: 8s934ms
> Iteration 25 | Bound: [-0.008664, 0.004897] | l2 radius: 2.07E-02 | Size: 3.94E+02 | Time: 8s958ms
> Iteration 26 | Bound: [-0.005238, 0.003491] | l2 radius: 1.56E-02 | Size: 2.55E+02 | Time: 8s975ms
> Iteration 27 | Bound: [-0.004025, 0.003463] | l2 radius: 1.41E-02 | Size: 1.18E+02 | Time: 8s983ms
> Iteration 28 | Bound: [-0.002509, 0.003257] | l2 radius: 1.24E-02 | Size: 1.33E+02 | Time: 8s990ms
> Iteration 29 | Bound: [-0.001667, 0.002374] | l2 radius: 1.03E-02 | Size: 1.22E+02 | Time: 8s997ms
> Iteration 30 | Bound: [-0.000809, 0.001509] | l2 radius: 7.81E-03 | Size: 6.20E+01 | Time: 9s2ms
> Iteration 31 | Bound: [-0.000405, 0.001478] | l2 radius: 7.04E-03 | Size: 2.60E+01 | Time: 9s6ms
> Iteration 32 | Bound: [0.000126, 0.001577] | l2 radius: 6.18E-03 | Size: 1.50E+01 | Time: 9s9ms
> No region to refine. Done!
> Time for subregion 0000000007: 9s9ms
> Total time up to subregion 0000000007: 36s4ms = 36.00430989265442 s
==> Subregion 0000000008 / 0000000016: 
==> [[ 0.  0.  0. -1.], [2. 2. 1. 0.]]
==> Lipschitz constant of the zero order test function: 5.886008
> Iteration 00 | Bound: [-9.065699, 0.240898] | l2 radius: 1.58E+00 | Size: 1.00E+00 | Time: 1ms
> Iteration 01 | Bound: [-7.590106, 0.196351] | l2 radius: 1.32E+00 | Size: 2.00E+00 | Time: 4ms
> Iteration 02 | Bound: [-5.745014, 0.140995] | l2 radius: 1.00E+00 | Size: 4.00E+00 | Time: 6ms
> Iteration 03 | Bound: [-5.186392, 0.119184] | l2 radius: 9.01E-01 | Size: 8.00E+00 | Time: 9ms
> Iteration 04 | Bound: [-4.552903, 0.100395] | l2 radius: 7.91E-01 | Size: 1.60E+01 | Time: 11ms
> Iteration 05 | Bound: [-3.818727, 0.074502] | l2 radius: 6.61E-01 | Size: 3.20E+01 | Time: 15ms
> Iteration 06 | Bound: [-2.877638, 0.065366] | l2 radius: 5.00E-01 | Size: 6.40E+01 | Time: 18ms
> Iteration 07 | Bound: [-2.592676, 0.060112] | l2 radius: 4.51E-01 | Size: 1.28E+02 | Time: 26ms
> Iteration 08 | Bound: [-2.271231, 0.055418] | l2 radius: 3.95E-01 | Size: 2.56E+02 | Time: 43ms
> Iteration 09 | Bound: [-1.895010, 0.051605] | l2 radius: 3.31E-01 | Size: 5.08E+02 | Time: 76ms
> Iteration 10 | Bound: [-1.187655, 0.038174] | l2 radius: 2.50E-01 | Size: 9.88E+02 | Time: 137ms
> Iteration 11 | Bound: [-0.966053, 0.033876] | l2 radius: 2.25E-01 | Size: 1.95E+03 | Time: 232ms
> Iteration 12 | Bound: [-0.740385, 0.037001] | l2 radius: 1.98E-01 | Size: 3.80E+03 | Time: 407ms
> Iteration 13 | Bound: [-0.518763, 0.037267] | l2 radius: 1.65E-01 | Size: 7.46E+03 | Time: 717ms
> Iteration 14 | Bound: [-0.298782, 0.025279] | l2 radius: 1.25E-01 | Size: 1.46E+04 | Time: 1s347ms
> Iteration 15 | Bound: [-0.243115, 0.023738] | l2 radius: 1.13E-01 | Size: 2.23E+04 | Time: 2s261ms
> Iteration 16 | Bound: [-0.183286, 0.026186] | l2 radius: 9.88E-02 | Size: 3.23E+04 | Time: 3s611ms
> Iteration 17 | Bound: [-0.129653, 0.020894] | l2 radius: 8.27E-02 | Size: 3.75E+04 | Time: 5s166ms
> Iteration 18 | Bound: [-0.074630, 0.014729] | l2 radius: 6.25E-02 | Size: 2.36E+04 | Time: 6s142ms
> Iteration 19 | Bound: [-0.060684, 0.014146] | l2 radius: 5.63E-02 | Size: 7.59E+02 | Time: 6s199ms
> Iteration 20 | Bound: [-0.041672, 0.018171] | l2 radius: 4.94E-02 | Size: 5.59E+02 | Time: 6s233ms
> Iteration 21 | Bound: [-0.028267, 0.015194] | l2 radius: 4.13E-02 | Size: 4.14E+02 | Time: 6s258ms
> Iteration 22 | Bound: [-0.014505, 0.012057] | l2 radius: 3.12E-02 | Size: 2.30E+02 | Time: 6s266ms
> Iteration 23 | Bound: [-0.011014, 0.011828] | l2 radius: 2.82E-02 | Size: 6.70E+01 | Time: 6s269ms
> Iteration 24 | Bound: [-0.007542, 0.011126] | l2 radius: 2.47E-02 | Size: 6.20E+01 | Time: 6s272ms
> Iteration 25 | Bound: [-0.004188, 0.009543] | l2 radius: 2.07E-02 | Size: 4.20E+01 | Time: 6s274ms
> Iteration 26 | Bound: [-0.000745, 0.007971] | l2 radius: 1.56E-02 | Size: 1.60E+01 | Time: 6s275ms
> Iteration 27 | Bound: [0.000128, 0.007613] | l2 radius: 1.41E-02 | Size: 2.00E+00 | Time: 6s277ms
> No region to refine. Done!
> Time for subregion 0000000008: 6s277ms
> Total time up to subregion 0000000008: 42s281ms = 42.281660318374634 s
==> Subregion 0000000009 / 0000000016: 
==> [[-2. -2. -1.  0.], [0. 0. 0. 1.]]
==> Lipschitz constant of the zero order test function: 5.886008
> Iteration 00 | Bound: [-9.033954, 0.272643] | l2 radius: 1.58E+00 | Size: 1.00E+00 | Time: 0ms
> Iteration 01 | Bound: [-7.626053, 0.160404] | l2 radius: 1.32E+00 | Size: 2.00E+00 | Time: 2ms
> Iteration 02 | Bound: [-5.739934, 0.146074] | l2 radius: 1.00E+00 | Size: 4.00E+00 | Time: 3ms
> Iteration 03 | Bound: [-5.217613, 0.087963] | l2 radius: 9.01E-01 | Size: 8.00E+00 | Time: 5ms
> Iteration 04 | Bound: [-4.563344, 0.089955] | l2 radius: 7.91E-01 | Size: 1.60E+01 | Time: 6ms
> Iteration 05 | Bound: [-3.822528, 0.070700] | l2 radius: 6.61E-01 | Size: 3.20E+01 | Time: 8ms
> Iteration 06 | Bound: [-2.836416, 0.106588] | l2 radius: 5.00E-01 | Size: 4.20E+01 | Time: 11ms
> Iteration 07 | Bound: [-2.535209, 0.117579] | l2 radius: 4.51E-01 | Size: 6.40E+01 | Time: 14ms
> Iteration 08 | Bound: [-2.215838, 0.110811] | l2 radius: 3.95E-01 | Size: 1.07E+02 | Time: 19ms
> Iteration 09 | Bound: [-1.859596, 0.087018] | l2 radius: 3.31E-01 | Size: 1.51E+02 | Time: 25ms
> Iteration 10 | Bound: [-1.143910, 0.088302] | l2 radius: 2.50E-01 | Size: 1.48E+02 | Time: 32ms
> Iteration 11 | Bound: [-0.903394, 0.087072] | l2 radius: 2.25E-01 | Size: 1.89E+02 | Time: 40ms
> Iteration 12 | Bound: [-0.681406, 0.082450] | l2 radius: 1.98E-01 | Size: 2.86E+02 | Time: 56ms
> Iteration 13 | Bound: [-0.456789, 0.074481] | l2 radius: 1.65E-01 | Size: 4.01E+02 | Time: 85ms
> Iteration 14 | Bound: [-0.232338, 0.077201] | l2 radius: 1.25E-01 | Size: 4.26E+02 | Time: 118ms
> Iteration 15 | Bound: [-0.136408, 0.123780] | l2 radius: 1.13E-01 | Size: 3.39E+02 | Time: 137ms
> Iteration 16 | Bound: [-0.068423, 0.133849] | l2 radius: 9.88E-02 | Size: 3.92E+02 | Time: 162ms
> Iteration 17 | Bound: [-0.006290, 0.135668] | l2 radius: 8.27E-02 | Size: 1.88E+02 | Time: 169ms
> Mesh returns no regions. Done!
> Time for subregion 0000000009: 170ms
> Total time up to subregion 0000000009: 42s452ms = 42.45212388038635 s
==> Subregion 0000000010 / 0000000016: 
==> [[ 0. -2. -1.  0.], [2. 0. 0. 1.]]
==> Lipschitz constant of the zero order test function: 5.886008
> Iteration 00 | Bound: [-9.120051, 0.186545] | l2 radius: 1.58E+00 | Size: 1.00E+00 | Time: 0ms
> Iteration 01 | Bound: [-7.711814, 0.074643] | l2 radius: 1.32E+00 | Size: 2.00E+00 | Time: 2ms
> Iteration 02 | Bound: [-5.820618, 0.065390] | l2 radius: 1.00E+00 | Size: 4.00E+00 | Time: 3ms
> Iteration 03 | Bound: [-5.266667, 0.038909] | l2 radius: 9.01E-01 | Size: 8.00E+00 | Time: 5ms
> Iteration 04 | Bound: [-4.612505, 0.040793] | l2 radius: 7.91E-01 | Size: 1.60E+01 | Time: 6ms
> Iteration 05 | Bound: [-3.856168, 0.037061] | l2 radius: 6.61E-01 | Size: 3.20E+01 | Time: 8ms
> Iteration 06 | Bound: [-2.901835, 0.041169] | l2 radius: 5.00E-01 | Size: 5.50E+01 | Time: 11ms
> Iteration 07 | Bound: [-2.598983, 0.053806] | l2 radius: 4.51E-01 | Size: 9.50E+01 | Time: 17ms
> Iteration 08 | Bound: [-2.233095, 0.093554] | l2 radius: 3.95E-01 | Size: 1.64E+02 | Time: 23ms
> Iteration 09 | Bound: [-1.838115, 0.108499] | l2 radius: 3.31E-01 | Size: 2.51E+02 | Time: 33ms
> Iteration 10 | Bound: [-1.074386, 0.139623] | l2 radius: 2.50E-01 | Size: 3.76E+02 | Time: 62ms
> Iteration 11 | Bound: [-0.830205, 0.150511] | l2 radius: 2.25E-01 | Size: 6.33E+02 | Time: 108ms
> Iteration 12 | Bound: [-0.607153, 0.156261] | l2 radius: 1.98E-01 | Size: 1.14E+03 | Time: 181ms
> Iteration 13 | Bound: [-0.365980, 0.170672] | l2 radius: 1.65E-01 | Size: 1.81E+03 | Time: 277ms
> Iteration 14 | Bound: [-0.142650, 0.168668] | l2 radius: 1.25E-01 | Size: 3.05E+03 | Time: 438ms
> Iteration 15 | Bound: [-0.078708, 0.173298] | l2 radius: 1.13E-01 | Size: 3.25E+03 | Time: 585ms
> Iteration 16 | Bound: [-0.019784, 0.176354] | l2 radius: 9.88E-02 | Size: 1.68E+03 | Time: 665ms
> Iteration 17 | Bound: [0.035501, 0.176182] | l2 radius: 8.27E-02 | Size: 7.30E+01 | Time: 670ms
> No region to refine. Done!
> Time for subregion 0000000010: 670ms
> Total time up to subregion 0000000010: 43s122ms = 43.12261962890625 s
==> Subregion 0000000011 / 0000000016: 
==> [[-2.  0. -1.  0.], [0. 2. 0. 1.]]
==> Lipschitz constant of the zero order test function: 5.886008
> Iteration 00 | Bound: [-9.029672, 0.276925] | l2 radius: 1.58E+00 | Size: 1.00E+00 | Time: 0ms
> Iteration 01 | Bound: [-7.546265, 0.240192] | l2 radius: 1.32E+00 | Size: 2.00E+00 | Time: 2ms
> Iteration 02 | Bound: [-5.702712, 0.183297] | l2 radius: 1.00E+00 | Size: 4.00E+00 | Time: 3ms
> Iteration 03 | Bound: [-5.165090, 0.140486] | l2 radius: 9.01E-01 | Size: 8.00E+00 | Time: 5ms
> Iteration 04 | Bound: [-4.537379, 0.115919] | l2 radius: 7.91E-01 | Size: 1.60E+01 | Time: 6ms
> Iteration 05 | Bound: [-3.798183, 0.095045] | l2 radius: 6.61E-01 | Size: 3.20E+01 | Time: 8ms
> Iteration 06 | Bound: [-2.876707, 0.066297] | l2 radius: 5.00E-01 | Size: 6.30E+01 | Time: 11ms
> Iteration 07 | Bound: [-2.575818, 0.076970] | l2 radius: 4.51E-01 | Size: 1.20E+02 | Time: 16ms
> Iteration 08 | Bound: [-2.229818, 0.096831] | l2 radius: 3.95E-01 | Size: 2.21E+02 | Time: 24ms
> Iteration 09 | Bound: [-1.870667, 0.075948] | l2 radius: 3.31E-01 | Size: 3.97E+02 | Time: 52ms
> Iteration 10 | Bound: [-1.164385, 0.069393] | l2 radius: 2.50E-01 | Size: 6.99E+02 | Time: 101ms
> Iteration 11 | Bound: [-0.943212, 0.067019] | l2 radius: 2.25E-01 | Size: 1.30E+03 | Time: 181ms
> Iteration 12 | Bound: [-0.721361, 0.067229] | l2 radius: 1.98E-01 | Size: 2.35E+03 | Time: 312ms
> Iteration 13 | Bound: [-0.516055, 0.061476] | l2 radius: 1.65E-01 | Size: 4.38E+03 | Time: 555ms
> Iteration 14 | Bound: [-0.271017, 0.061142] | l2 radius: 1.25E-01 | Size: 8.14E+03 | Time: 929ms
> Iteration 15 | Bound: [-0.212832, 0.060177] | l2 radius: 1.13E-01 | Size: 9.02E+03 | Time: 1s341ms
> Iteration 16 | Bound: [-0.149349, 0.060002] | l2 radius: 9.88E-02 | Size: 1.04E+04 | Time: 1s793ms
> Iteration 17 | Bound: [-0.098599, 0.058387] | l2 radius: 8.27E-02 | Size: 7.44E+03 | Time: 2s119ms
> Iteration 18 | Bound: [-0.032401, 0.058336] | l2 radius: 6.25E-02 | Size: 3.64E+03 | Time: 2s278ms
> Iteration 19 | Bound: [-0.019172, 0.057926] | l2 radius: 5.63E-02 | Size: 7.03E+02 | Time: 2s317ms
> Iteration 20 | Bound: [-0.003276, 0.057939] | l2 radius: 4.94E-02 | Size: 2.48E+02 | Time: 2s325ms
> Iteration 21 | Bound: [0.012976, 0.059549] | l2 radius: 4.13E-02 | Size: 8.00E+00 | Time: 2s327ms
> No region to refine. Done!
> Time for subregion 0000000011: 2s327ms
> Total time up to subregion 0000000011: 45s450ms = 45.45034885406494 s
==> Subregion 0000000012 / 0000000016: 
==> [[ 0.  0. -1.  0.], [2. 2. 0. 1.]]
==> Lipschitz constant of the zero order test function: 5.886008
> Iteration 00 | Bound: [-9.042997, 0.263600] | l2 radius: 1.58E+00 | Size: 1.00E+00 | Time: 0ms
> Iteration 01 | Bound: [-7.609386, 0.177071] | l2 radius: 1.32E+00 | Size: 2.00E+00 | Time: 2ms
> Iteration 02 | Bound: [-5.768364, 0.117644] | l2 radius: 1.00E+00 | Size: 4.00E+00 | Time: 3ms
> Iteration 03 | Bound: [-5.208646, 0.096930] | l2 radius: 9.01E-01 | Size: 8.00E+00 | Time: 5ms
> Iteration 04 | Bound: [-4.582021, 0.071277] | l2 radius: 7.91E-01 | Size: 1.60E+01 | Time: 7ms
> Iteration 05 | Bound: [-3.820554, 0.072674] | l2 radius: 6.61E-01 | Size: 3.20E+01 | Time: 9ms
> Iteration 06 | Bound: [-2.887595, 0.055409] | l2 radius: 5.00E-01 | Size: 6.40E+01 | Time: 11ms
> Iteration 07 | Bound: [-2.598259, 0.054529] | l2 radius: 4.51E-01 | Size: 1.24E+02 | Time: 16ms
> Iteration 08 | Bound: [-2.260826, 0.065824] | l2 radius: 3.95E-01 | Size: 2.34E+02 | Time: 23ms
> Iteration 09 | Bound: [-1.836123, 0.110491] | l2 radius: 3.31E-01 | Size: 4.20E+02 | Time: 50ms
> Iteration 10 | Bound: [-1.110604, 0.120872] | l2 radius: 2.50E-01 | Size: 7.53E+02 | Time: 92ms
> Iteration 11 | Bound: [-0.869749, 0.134525] | l2 radius: 2.25E-01 | Size: 1.41E+03 | Time: 160ms
> Iteration 12 | Bound: [-0.630430, 0.148545] | l2 radius: 1.98E-01 | Size: 2.64E+03 | Time: 298ms
> Iteration 13 | Bound: [-0.392608, 0.159337] | l2 radius: 1.65E-01 | Size: 4.73E+03 | Time: 503ms
> Iteration 14 | Bound: [-0.163512, 0.160827] | l2 radius: 1.25E-01 | Size: 8.87E+03 | Time: 886ms
> Iteration 15 | Bound: [-0.098576, 0.165558] | l2 radius: 1.13E-01 | Size: 6.84E+03 | Time: 1s179ms
> Iteration 16 | Bound: [-0.036481, 0.168484] | l2 radius: 9.88E-02 | Size: 3.72E+03 | Time: 1s365ms
> Iteration 17 | Bound: [0.025846, 0.172772] | l2 radius: 8.27E-02 | Size: 5.95E+02 | Time: 1s402ms
> No region to refine. Done!
> Time for subregion 0000000012: 1s402ms
> Total time up to subregion 0000000012: 46s852ms = 46.852896213531494 s
==> Subregion 0000000013 / 0000000016: 
==> [[-2. -2.  0.  0.], [0. 0. 1. 1.]]
==> Lipschitz constant of the zero order test function: 5.886008
> Iteration 00 | Bound: [-9.233395, 0.073202] | l2 radius: 1.58E+00 | Size: 1.00E+00 | Time: 0ms
> Iteration 01 | Bound: [-7.692113, 0.094344] | l2 radius: 1.32E+00 | Size: 2.00E+00 | Time: 2ms
> Iteration 02 | Bound: [-5.798219, 0.087790] | l2 radius: 1.00E+00 | Size: 4.00E+00 | Time: 3ms
> Iteration 03 | Bound: [-5.231529, 0.074047] | l2 radius: 9.01E-01 | Size: 8.00E+00 | Time: 5ms
> Iteration 04 | Bound: [-4.586431, 0.066868] | l2 radius: 7.91E-01 | Size: 1.60E+01 | Time: 6ms
> Iteration 05 | Bound: [-3.829599, 0.063629] | l2 radius: 6.61E-01 | Size: 3.20E+01 | Time: 8ms
> Iteration 06 | Bound: [-2.899170, 0.043834] | l2 radius: 5.00E-01 | Size: 5.70E+01 | Time: 10ms
> Iteration 07 | Bound: [-2.608762, 0.044026] | l2 radius: 4.51E-01 | Size: 9.80E+01 | Time: 15ms
> Iteration 08 | Bound: [-2.281792, 0.044857] | l2 radius: 3.95E-01 | Size: 1.60E+02 | Time: 20ms
> Iteration 09 | Bound: [-1.895598, 0.051016] | l2 radius: 3.31E-01 | Size: 2.42E+02 | Time: 29ms
> Iteration 10 | Bound: [-1.199437, 0.061124] | l2 radius: 2.50E-01 | Size: 3.56E+02 | Time: 49ms
> Iteration 11 | Bound: [-0.977996, 0.061838] | l2 radius: 2.25E-01 | Size: 5.78E+02 | Time: 84ms
> Iteration 12 | Bound: [-0.739325, 0.061431] | l2 radius: 1.98E-01 | Size: 1.01E+03 | Time: 138ms
> Iteration 13 | Bound: [-0.510151, 0.062680] | l2 radius: 1.65E-01 | Size: 1.61E+03 | Time: 220ms
> Iteration 14 | Bound: [-0.272383, 0.062034] | l2 radius: 1.25E-01 | Size: 2.58E+03 | Time: 347ms
> Iteration 15 | Bound: [-0.212213, 0.062303] | l2 radius: 1.13E-01 | Size: 4.50E+03 | Time: 565ms
> Iteration 16 | Bound: [-0.147483, 0.061219] | l2 radius: 9.88E-02 | Size: 8.26E+03 | Time: 925ms
> Iteration 17 | Bound: [-0.079627, 0.067151] | l2 radius: 8.27E-02 | Size: 1.15E+04 | Time: 1s442ms
> Iteration 18 | Bound: [-0.030642, 0.067565] | l2 radius: 6.25E-02 | Size: 4.28E+03 | Time: 1s650ms
> Iteration 19 | Bound: [-0.002942, 0.071773] | l2 radius: 5.63E-02 | Size: 3.90E+01 | Time: 1s653ms
> Iteration 20 | Bound: [0.010839, 0.077602] | l2 radius: 4.94E-02 | Size: 4.00E+00 | Time: 1s654ms
> No region to refine. Done!
> Time for subregion 0000000013: 1s654ms
> Total time up to subregion 0000000013: 48s507ms = 48.507336378097534 s
==> Subregion 0000000014 / 0000000016: 
==> [[ 0. -2.  0.  0.], [2. 0. 1. 1.]]
==> Lipschitz constant of the zero order test function: 5.886008
> Iteration 00 | Bound: [-9.032329, 0.274268] | l2 radius: 1.58E+00 | Size: 1.00E+00 | Time: 0ms
> Iteration 01 | Bound: [-7.569267, 0.217190] | l2 radius: 1.32E+00 | Size: 2.00E+00 | Time: 2ms
> Iteration 02 | Bound: [-5.665668, 0.220340] | l2 radius: 1.00E+00 | Size: 4.00E+00 | Time: 3ms
> Iteration 03 | Bound: [-5.107563, 0.198014] | l2 radius: 9.01E-01 | Size: 8.00E+00 | Time: 5ms
> Iteration 04 | Bound: [-4.464921, 0.188378] | l2 radius: 7.91E-01 | Size: 1.60E+01 | Time: 6ms
> Iteration 05 | Bound: [-3.756498, 0.136730] | l2 radius: 6.61E-01 | Size: 3.20E+01 | Time: 8ms
> Iteration 06 | Bound: [-2.835739, 0.107265] | l2 radius: 5.00E-01 | Size: 6.40E+01 | Time: 11ms
> Iteration 07 | Bound: [-2.558607, 0.094181] | l2 radius: 4.51E-01 | Size: 1.22E+02 | Time: 15ms
> Iteration 08 | Bound: [-2.207012, 0.119637] | l2 radius: 3.95E-01 | Size: 2.21E+02 | Time: 23ms
> Iteration 09 | Bound: [-1.814851, 0.131763] | l2 radius: 3.31E-01 | Size: 3.85E+02 | Time: 48ms
> Iteration 10 | Bound: [-1.120048, 0.149274] | l2 radius: 2.50E-01 | Size: 6.69E+02 | Time: 87ms
> Iteration 11 | Bound: [-0.880544, 0.148226] | l2 radius: 2.25E-01 | Size: 1.24E+03 | Time: 149ms
> Iteration 12 | Bound: [-0.660014, 0.154505] | l2 radius: 1.98E-01 | Size: 2.38E+03 | Time: 258ms
> Iteration 13 | Bound: [-0.419723, 0.151909] | l2 radius: 1.65E-01 | Size: 4.52E+03 | Time: 470ms
> Iteration 14 | Bound: [-0.173890, 0.144373] | l2 radius: 1.25E-01 | Size: 8.59E+03 | Time: 853ms
> Iteration 15 | Bound: [-0.118746, 0.142285] | l2 radius: 1.13E-01 | Size: 9.92E+03 | Time: 1s292ms
> Iteration 16 | Bound: [-0.065879, 0.142575] | l2 radius: 9.88E-02 | Size: 1.09E+04 | Time: 1s775ms
> Iteration 17 | Bound: [-0.002538, 0.141345] | l2 radius: 8.27E-02 | Size: 5.70E+03 | Time: 2s46ms
> Iteration 18 | Bound: [0.053132, 0.141206] | l2 radius: 6.25E-02 | Size: 4.00E+00 | Time: 2s47ms
> No region to refine. Done!
> Time for subregion 0000000014: 2s47ms
> Total time up to subregion 0000000014: 50s555ms = 50.555105209350586 s
==> Subregion 0000000015 / 0000000016: 
==> [[-2.  0.  0.  0.], [0. 2. 1. 1.]]
==> Lipschitz constant of the zero order test function: 5.886008
> Iteration 00 | Bound: [-9.147290, 0.159306] | l2 radius: 1.58E+00 | Size: 1.00E+00 | Time: 0ms
> Iteration 01 | Bound: [-7.623537, 0.162921] | l2 radius: 1.32E+00 | Size: 2.00E+00 | Time: 2ms
> Iteration 02 | Bound: [-5.768767, 0.117241] | l2 radius: 1.00E+00 | Size: 4.00E+00 | Time: 3ms
> Iteration 03 | Bound: [-5.201164, 0.104412] | l2 radius: 9.01E-01 | Size: 8.00E+00 | Time: 5ms
> Iteration 04 | Bound: [-4.565890, 0.087409] | l2 radius: 7.91E-01 | Size: 1.60E+01 | Time: 6ms
> Iteration 05 | Bound: [-3.814136, 0.079093] | l2 radius: 6.61E-01 | Size: 3.20E+01 | Time: 8ms
> Iteration 06 | Bound: [-2.881702, 0.061302] | l2 radius: 5.00E-01 | Size: 6.40E+01 | Time: 11ms
> Iteration 07 | Bound: [-2.592327, 0.060461] | l2 radius: 4.51E-01 | Size: 1.28E+02 | Time: 17ms
> Iteration 08 | Bound: [-2.273624, 0.053025] | l2 radius: 3.95E-01 | Size: 2.48E+02 | Time: 24ms
> Iteration 09 | Bound: [-1.888919, 0.057696] | l2 radius: 3.31E-01 | Size: 4.64E+02 | Time: 55ms
> Iteration 10 | Bound: [-1.197763, 0.056202] | l2 radius: 2.50E-01 | Size: 8.46E+02 | Time: 112ms
> Iteration 11 | Bound: [-0.968308, 0.056691] | l2 radius: 2.25E-01 | Size: 1.62E+03 | Time: 184ms
> Iteration 12 | Bound: [-0.749831, 0.056605] | l2 radius: 1.98E-01 | Size: 3.07E+03 | Time: 313ms
> Iteration 13 | Bound: [-0.515605, 0.056333] | l2 radius: 1.65E-01 | Size: 5.80E+03 | Time: 575ms
> Iteration 14 | Bound: [-0.278543, 0.056386] | l2 radius: 1.25E-01 | Size: 1.09E+04 | Time: 1s85ms
> Iteration 15 | Bound: [-0.224858, 0.056296] | l2 radius: 1.13E-01 | Size: 2.00E+04 | Time: 1s945ms
> Iteration 16 | Bound: [-0.163108, 0.056206] | l2 radius: 9.88E-02 | Size: 3.08E+04 | Time: 3s235ms
> Iteration 17 | Bound: [-0.106625, 0.056030] | l2 radius: 8.27E-02 | Size: 3.22E+04 | Time: 4s662ms
> Iteration 18 | Bound: [-0.037881, 0.055487] | l2 radius: 6.25E-02 | Size: 1.69E+04 | Time: 5s420ms
> Iteration 19 | Bound: [-0.025095, 0.055676] | l2 radius: 5.63E-02 | Size: 1.49E+03 | Time: 5s499ms
> Iteration 20 | Bound: [-0.008471, 0.055359] | l2 radius: 4.94E-02 | Size: 7.48E+02 | Time: 5s541ms
> Iteration 21 | Bound: [0.007579, 0.056371] | l2 radius: 4.13E-02 | Size: 7.00E+01 | Time: 5s545ms
> No region to refine. Done!
> Time for subregion 0000000015: 5s545ms
> Total time up to subregion 0000000015: 56s100ms = 56.10026502609253 s
==> Subregion 0000000016 / 0000000016: 
==> [[0. 0. 0. 0.], [2. 2. 1. 1.]]
==> Lipschitz constant of the zero order test function: 5.886008
> Iteration 00 | Bound: [-8.964512, 0.342085] | l2 radius: 1.58E+00 | Size: 1.00E+00 | Time: 0ms
> Iteration 01 | Bound: [-7.531743, 0.254714] | l2 radius: 1.32E+00 | Size: 2.00E+00 | Time: 2ms
> Iteration 02 | Bound: [-5.664139, 0.221869] | l2 radius: 1.00E+00 | Size: 4.00E+00 | Time: 3ms
> Iteration 03 | Bound: [-5.110179, 0.195397] | l2 radius: 9.01E-01 | Size: 8.00E+00 | Time: 5ms
> Iteration 04 | Bound: [-4.469396, 0.183902] | l2 radius: 7.91E-01 | Size: 1.60E+01 | Time: 6ms
> Iteration 05 | Bound: [-3.742764, 0.150465] | l2 radius: 6.61E-01 | Size: 3.20E+01 | Time: 8ms
> Iteration 06 | Bound: [-2.813897, 0.129107] | l2 radius: 5.00E-01 | Size: 6.40E+01 | Time: 11ms
> Iteration 07 | Bound: [-2.537218, 0.115570] | l2 radius: 4.51E-01 | Size: 1.28E+02 | Time: 18ms
> Iteration 08 | Bound: [-2.201349, 0.125300] | l2 radius: 3.95E-01 | Size: 2.54E+02 | Time: 29ms
> Iteration 09 | Bound: [-1.816532, 0.130082] | l2 radius: 3.31E-01 | Size: 4.96E+02 | Time: 61ms
> Iteration 10 | Bound: [-1.091616, 0.135783] | l2 radius: 2.50E-01 | Size: 9.27E+02 | Time: 120ms
> Iteration 11 | Bound: [-0.854868, 0.151867] | l2 radius: 2.25E-01 | Size: 1.78E+03 | Time: 219ms
> Iteration 12 | Bound: [-0.624123, 0.157223] | l2 radius: 1.98E-01 | Size: 3.45E+03 | Time: 363ms
> Iteration 13 | Bound: [-0.378287, 0.168681] | l2 radius: 1.65E-01 | Size: 6.69E+03 | Time: 656ms
> Iteration 14 | Bound: [-0.157992, 0.162292] | l2 radius: 1.25E-01 | Size: 1.24E+04 | Time: 1s191ms
> Iteration 15 | Bound: [-0.090693, 0.166948] | l2 radius: 1.13E-01 | Size: 1.25E+04 | Time: 1s729ms
> Iteration 16 | Bound: [-0.029195, 0.169706] | l2 radius: 9.88E-02 | Size: 5.95E+03 | Time: 1s999ms
> Iteration 17 | Bound: [0.031213, 0.173741] | l2 radius: 8.27E-02 | Size: 3.81E+02 | Time: 2s23ms
> No region to refine. Done!
> Time for subregion 0000000016: 2s23ms
> Total time up to subregion 0000000016: 58s123ms = 58.123504638671875 s
> Total time excluding drawing: 58s123ms = 58.123504638671875 s
> Success: True
==> Done!
