==> Creating result directory ...
==> Loading test settings ...
==> Deciding torch device ...
==> torch device:  cuda
==> Building cbf neural network ...
==> Lipschitz constant of CBF network: 1.000000
==> Hessian bound of CBF network: 2.177606
==> Third order elementwise bound of CBF network: 8.000000
==> Number of subregions: 1
==> Subregion 0000000001 / 0000000001: 
==> [[-0.5 -2.  -1.  -1. ], [0.5 0.  1.  1. ]]
> Iteration 00 | Bound: [-0.351703, 1.451073] | l2 radius: 1.80E+00 | Size: 1.00E+00 | Time: 68ms
> Iteration 01 | Bound: [-0.343463, 1.237676] | l2 radius: 1.58E+00 | Size: 2.00E+00 | Time: 72ms
> Iteration 02 | Bound: [-0.285738, 1.037138] | l2 radius: 1.32E+00 | Size: 4.00E+00 | Time: 74ms
> Iteration 03 | Bound: [-0.245789, 0.754211] | l2 radius: 1.00E+00 | Size: 8.00E+00 | Time: 75ms
> Iteration 04 | Bound: [-0.210800, 0.690588] | l2 radius: 9.01E-01 | Size: 1.60E+01 | Time: 77ms
> Iteration 05 | Bound: [-0.201887, 0.588683] | l2 radius: 7.91E-01 | Size: 3.20E+01 | Time: 80ms
> Iteration 06 | Bound: [-0.185933, 0.425491] | l2 radius: 6.61E-01 | Size: 6.40E+01 | Time: 82ms
> Iteration 07 | Bound: [-0.162839, 0.234653] | l2 radius: 5.00E-01 | Size: 1.28E+02 | Time: 85ms
> Iteration 08 | Bound: [-0.146841, 0.196598] | l2 radius: 4.51E-01 | Size: 1.94E+02 | Time: 88ms
> Iteration 09 | Bound: [-0.132664, 0.151868] | l2 radius: 3.95E-01 | Size: 2.86E+02 | Time: 92ms
> Iteration 10 | Bound: [-0.091357, 0.099411] | l2 radius: 3.31E-01 | Size: 3.60E+02 | Time: 97ms
> Iteration 11 | Bound: [-0.041947, 0.044161] | l2 radius: 2.50E-01 | Size: 1.28E+02 | Time: 99ms
> Iteration 12 | Bound: [-0.030363, 0.031788] | l2 radius: 2.25E-01 | Size: 6.00E+00 | Time: 102ms
> Iteration 13 | Bound: [-0.020261, 0.021197] | l2 radius: 1.98E-01 | Size: 4.00E+00 | Time: 103ms
> Iteration 14 | Bound: [-0.012133, 0.012517] | l2 radius: 1.65E-01 | Size: 4.00E+00 | Time: 105ms
> Iteration 15 | Bound: [-0.005971, 0.005104] | l2 radius: 1.25E-01 | Size: 2.00E+00 | Time: 107ms
> Iteration 16 | Bound: [-0.004524, 0.003532] | l2 radius: 1.13E-01 | Size: 2.00E+00 | Time: 109ms
> Iteration 17 | Bound: [-0.003264, 0.002185] | l2 radius: 9.88E-02 | Size: 2.00E+00 | Time: 111ms
> Iteration 18 | Bound: [-0.002250, 0.001047] | l2 radius: 8.27E-02 | Size: 2.00E+00 | Time: 113ms
> Iteration 19 | Bound: [-0.001480, -0.000011] | l2 radius: 6.25E-02 | Size: 2.00E+00 | Time: 114ms
> No region to refine. Done!
> Time for subregion 0000000001: 114ms
> Total time up to subregion 0000000001: 114ms = 0.11480593681335449 s
> Total time excluding drawing: 114ms = 0.11480593681335449 s
> Success: True
==> Done!
