==> Creating result directory ...
==> Loading test settings ...
==> Deciding torch device ...
==> torch device:  cpu
==> Building cbf neural network ...
==> Lipschitz constant of CBF network: 1.000000
==> Hessian bound of CBF network: 2.177606
==> Third order elementwise bound of CBF network: 8.000000
==> Number of subregions: 1
==> Subregion 0000000001 / 0000000001: 
==> [[-0.5 -2.  -1.  -1. ], [0.5 0.  1.  1. ]]
> Iteration 00 | Bound: [-0.351703, 1.451073] | l2 radius: 1.80E+00 | Size: 1.00E+00 | Time: 4ms
> Iteration 01 | Bound: [-0.343463, 1.237676] | l2 radius: 1.58E+00 | Size: 2.00E+00 | Time: 6ms
> Iteration 02 | Bound: [-0.285738, 1.037138] | l2 radius: 1.32E+00 | Size: 4.00E+00 | Time: 8ms
> Iteration 03 | Bound: [-0.245789, 0.754211] | l2 radius: 1.00E+00 | Size: 8.00E+00 | Time: 9ms
> Iteration 04 | Bound: [-0.210800, 0.690588] | l2 radius: 9.01E-01 | Size: 1.60E+01 | Time: 11ms
> Iteration 05 | Bound: [-0.201887, 0.588683] | l2 radius: 7.91E-01 | Size: 3.20E+01 | Time: 14ms
> Iteration 06 | Bound: [-0.185933, 0.425492] | l2 radius: 6.61E-01 | Size: 6.40E+01 | Time: 17ms
> Iteration 07 | Bound: [-0.162839, 0.234653] | l2 radius: 5.00E-01 | Size: 1.28E+02 | Time: 24ms
> Iteration 08 | Bound: [-0.146841, 0.196598] | l2 radius: 4.51E-01 | Size: 1.94E+02 | Time: 32ms
> Iteration 09 | Bound: [-0.132664, 0.151868] | l2 radius: 3.95E-01 | Size: 2.86E+02 | Time: 44ms
> Iteration 10 | Bound: [-0.091356, 0.099412] | l2 radius: 3.31E-01 | Size: 3.60E+02 | Time: 59ms
> Iteration 11 | Bound: [-0.041947, 0.044161] | l2 radius: 2.50E-01 | Size: 1.28E+02 | Time: 64ms
> Iteration 12 | Bound: [-0.030363, 0.031788] | l2 radius: 2.25E-01 | Size: 6.00E+00 | Time: 66ms
> Iteration 13 | Bound: [-0.020261, 0.021197] | l2 radius: 1.98E-01 | Size: 4.00E+00 | Time: 68ms
> Iteration 14 | Bound: [-0.012133, 0.012517] | l2 radius: 1.65E-01 | Size: 4.00E+00 | Time: 69ms
> Iteration 15 | Bound: [-0.005970, 0.005104] | l2 radius: 1.25E-01 | Size: 2.00E+00 | Time: 71ms
> Iteration 16 | Bound: [-0.004524, 0.003532] | l2 radius: 1.13E-01 | Size: 2.00E+00 | Time: 72ms
> Iteration 17 | Bound: [-0.003263, 0.002185] | l2 radius: 9.88E-02 | Size: 2.00E+00 | Time: 74ms
> Iteration 18 | Bound: [-0.002249, 0.001047] | l2 radius: 8.27E-02 | Size: 2.00E+00 | Time: 75ms
> Iteration 19 | Bound: [-0.001480, -0.000011] | l2 radius: 6.25E-02 | Size: 2.00E+00 | Time: 77ms
> No region to refine. Done!
> Time for subregion 0000000001: 77ms
> Total time up to subregion 0000000001: 77ms = 0.07762455940246582 s
> Total time excluding drawing: 77ms = 0.07762455940246582 s
> Success: True
==> Done!
