==> Creating result directory ...
==> Loading test settings ...
==> Deciding torch device ...
==> torch device:  cuda
==> Seeding everything ...
==> Building dynamical system ...
==> Building cbf neural network ...
==========================================================================================
Layer (type:depth-idx)                   Output Shape              Param #
==========================================================================================
LipschitzNetwork                         [1, 1]                    --
├─Sequential: 1-1                        [1, 1]                    --
│    └─SandwichFc: 2-1                   [1, 128]                  17,153
│    └─SandwichLin: 2-2                  [1, 1]                    131
==========================================================================================
Total params: 17,284
Trainable params: 17,156
Non-trainable params: 128
Total mult-adds (M): 0.02
==========================================================================================
Input size (MB): 0.00
Forward/backward pass size (MB): 0.00
Params size (MB): 0.07
Estimated Total Size (MB): 0.07
==========================================================================================
==> Lipschitz constant of CBF network: 1.000000
==> Amount of training data:  40000
==> Creating training data ...
==> Start training ...
Epoch: 001 | Train Loss: 3.2210E-01 | CBF GN: 7.9767E+00 | Time: 605ms
Epoch: 001 | Test Loss: 1.0878E-01 | Time: 156ms
> Save at epoch 001 | Test loss 1.0878E-01
Epoch: 002 | Test Loss: 2.6364E-02 | Time: 154ms
> Save at epoch 002 | Test loss 2.6364E-02
Epoch: 003 | Test Loss: 2.2332E-02 | Time: 156ms
> Save at epoch 003 | Test loss 2.2332E-02
Epoch: 004 | Test Loss: 1.5119E-02 | Time: 151ms
> Save at epoch 004 | Test loss 1.5119E-02
Epoch: 005 | Test Loss: 1.3886E-02 | Time: 181ms
> Save at epoch 005 | Test loss 1.3886E-02
Epoch: 006 | Train Loss: 2.1040E-02 | CBF GN: 5.2881E-01 | Time: 508ms
Epoch: 006 | Test Loss: 1.2632E-02 | Time: 146ms
> Save at epoch 006 | Test loss 1.2632E-02
Epoch: 007 | Test Loss: 8.6734E-03 | Time: 159ms
> Save at epoch 007 | Test loss 8.6734E-03
Epoch: 008 | Test Loss: 8.2056E-03 | Time: 184ms
> Save at epoch 008 | Test loss 8.2056E-03
Epoch: 009 | Test Loss: 8.8052E-03 | Time: 154ms
Epoch: 010 | Test Loss: 8.4751E-03 | Time: 153ms
Epoch: 011 | Train Loss: 1.3071E-02 | CBF GN: 3.2402E-01 | Time: 488ms
Epoch: 011 | Test Loss: 7.4509E-03 | Time: 176ms
> Save at epoch 011 | Test loss 7.4509E-03
Epoch: 012 | Test Loss: 8.3626E-03 | Time: 150ms
Epoch: 013 | Test Loss: 8.5717E-03 | Time: 150ms
Epoch: 014 | Test Loss: 5.1999E-03 | Time: 164ms
> Save at epoch 014 | Test loss 5.1999E-03
Epoch: 015 | Test Loss: 6.9637E-03 | Time: 150ms
Epoch: 016 | Train Loss: 1.0590E-02 | CBF GN: 2.5984E-01 | Time: 504ms
Epoch: 016 | Test Loss: 5.5820E-03 | Time: 151ms
Epoch: 017 | Test Loss: 5.6741E-03 | Time: 154ms
Epoch: 018 | Test Loss: 6.1882E-03 | Time: 153ms
Epoch: 019 | Test Loss: 7.3112E-03 | Time: 150ms
Epoch: 020 | Test Loss: 9.0403E-03 | Time: 150ms
Epoch: 021 | Train Loss: 9.4675E-03 | CBF GN: 2.1519E-01 | Time: 491ms
Epoch: 021 | Test Loss: 4.5805E-03 | Time: 151ms
> Save at epoch 021 | Test loss 4.5805E-03
Epoch: 022 | Test Loss: 5.6196E-03 | Time: 178ms
Epoch: 023 | Test Loss: 6.8180E-03 | Time: 156ms
Epoch: 024 | Test Loss: 4.9622E-03 | Time: 152ms
Epoch: 025 | Test Loss: 4.4694E-03 | Time: 186ms
> Save at epoch 025 | Test loss 4.4694E-03
Epoch: 026 | Train Loss: 9.9965E-03 | CBF GN: 2.1296E-01 | Time: 521ms
Epoch: 026 | Test Loss: 4.9582E-03 | Time: 150ms
Epoch: 027 | Test Loss: 7.1186E-03 | Time: 160ms
Epoch: 028 | Test Loss: 4.8821E-03 | Time: 159ms
Epoch: 029 | Test Loss: 5.0124E-03 | Time: 150ms
Epoch: 030 | Test Loss: 8.5284E-03 | Time: 160ms
Epoch: 031 | Train Loss: 9.8184E-03 | CBF GN: 2.0244E-01 | Time: 583ms
Epoch: 031 | Test Loss: 5.4860E-03 | Time: 157ms
Epoch: 032 | Test Loss: 5.4818E-03 | Time: 159ms
Epoch: 033 | Test Loss: 6.3283E-03 | Time: 159ms
Epoch: 034 | Test Loss: 4.7166E-03 | Time: 154ms
Epoch: 035 | Test Loss: 4.8601E-03 | Time: 150ms
Epoch: 036 | Train Loss: 9.0022E-03 | CBF GN: 1.8112E-01 | Time: 493ms
Epoch: 036 | Test Loss: 5.5432E-03 | Time: 177ms
Epoch: 037 | Test Loss: 5.3957E-03 | Time: 150ms
Epoch: 038 | Test Loss: 6.1405E-03 | Time: 150ms
Epoch: 039 | Test Loss: 5.4902E-03 | Time: 186ms
Epoch: 040 | Test Loss: 5.6772E-03 | Time: 151ms
Epoch: 041 | Train Loss: 9.1797E-03 | CBF GN: 1.7264E-01 | Time: 526ms
Epoch: 041 | Test Loss: 6.0612E-03 | Time: 166ms
Epoch: 042 | Test Loss: 6.0052E-03 | Time: 177ms
Epoch: 043 | Test Loss: 4.9494E-03 | Time: 163ms
Epoch: 044 | Test Loss: 5.7854E-03 | Time: 153ms
Epoch: 045 | Test Loss: 7.2177E-03 | Time: 156ms
Epoch: 046 | Train Loss: 9.2679E-03 | CBF GN: 1.7514E-01 | Time: 526ms
Epoch: 046 | Test Loss: 6.2176E-03 | Time: 165ms
Epoch: 047 | Test Loss: 5.7743E-03 | Time: 152ms
Epoch: 048 | Test Loss: 4.9262E-03 | Time: 157ms
Epoch: 049 | Test Loss: 5.3222E-03 | Time: 150ms
Epoch: 050 | Test Loss: 5.3654E-03 | Time: 188ms
Epoch: 051 | Train Loss: 8.1673E-03 | CBF GN: 1.4217E-01 | Time: 538ms
Epoch: 051 | Test Loss: 5.4589E-03 | Time: 151ms
Epoch: 052 | Test Loss: 5.6336E-03 | Time: 157ms
Epoch: 053 | Test Loss: 4.5914E-03 | Time: 189ms
Epoch: 054 | Test Loss: 4.5581E-03 | Time: 165ms
Epoch: 055 | Test Loss: 4.3935E-03 | Time: 159ms
> Save at epoch 055 | Test loss 4.3935E-03
Epoch: 056 | Train Loss: 7.6664E-03 | CBF GN: 1.3582E-01 | Time: 515ms
Epoch: 056 | Test Loss: 4.5604E-03 | Time: 203ms
Epoch: 057 | Test Loss: 5.0930E-03 | Time: 155ms
Epoch: 058 | Test Loss: 5.8746E-03 | Time: 161ms
Epoch: 059 | Test Loss: 4.6548E-03 | Time: 169ms
Epoch: 060 | Test Loss: 5.9639E-03 | Time: 151ms
Epoch: 061 | Train Loss: 7.6448E-03 | CBF GN: 1.3417E-01 | Time: 520ms
Epoch: 061 | Test Loss: 3.7882E-03 | Time: 152ms
> Save at epoch 061 | Test loss 3.7882E-03
Epoch: 062 | Test Loss: 4.0182E-03 | Time: 164ms
Epoch: 063 | Test Loss: 4.2562E-03 | Time: 168ms
Epoch: 064 | Test Loss: 5.7926E-03 | Time: 197ms
Epoch: 065 | Test Loss: 4.1472E-03 | Time: 157ms
Epoch: 066 | Train Loss: 7.5473E-03 | CBF GN: 1.4119E-01 | Time: 508ms
Epoch: 066 | Test Loss: 4.9002E-03 | Time: 152ms
Epoch: 067 | Test Loss: 4.3302E-03 | Time: 185ms
Epoch: 068 | Test Loss: 5.1868E-03 | Time: 161ms
Epoch: 069 | Test Loss: 4.3950E-03 | Time: 161ms
Epoch: 070 | Test Loss: 4.9413E-03 | Time: 180ms
Epoch: 071 | Train Loss: 7.1965E-03 | CBF GN: 1.2186E-01 | Time: 525ms
Epoch: 071 | Test Loss: 4.2542E-03 | Time: 184ms
Epoch: 072 | Test Loss: 4.4385E-03 | Time: 150ms
Epoch: 073 | Test Loss: 4.4272E-03 | Time: 164ms
Epoch: 074 | Test Loss: 4.5532E-03 | Time: 143ms
Epoch: 075 | Test Loss: 4.5292E-03 | Time: 143ms
Epoch: 076 | Train Loss: 7.4925E-03 | CBF GN: 1.4311E-01 | Time: 502ms
Epoch: 076 | Test Loss: 4.6716E-03 | Time: 148ms
Epoch: 077 | Test Loss: 4.9984E-03 | Time: 144ms
Epoch: 078 | Test Loss: 4.0496E-03 | Time: 144ms
Epoch: 079 | Test Loss: 4.7083E-03 | Time: 144ms
Epoch: 080 | Test Loss: 4.5137E-03 | Time: 143ms
Epoch: 081 | Train Loss: 6.8683E-03 | CBF GN: 1.2059E-01 | Time: 478ms
Epoch: 081 | Test Loss: 4.2808E-03 | Time: 170ms
Epoch: 082 | Test Loss: 4.4255E-03 | Time: 143ms
Epoch: 083 | Test Loss: 4.3738E-03 | Time: 146ms
Epoch: 084 | Test Loss: 4.6788E-03 | Time: 171ms
Epoch: 085 | Test Loss: 4.1812E-03 | Time: 144ms
Epoch: 086 | Train Loss: 6.7930E-03 | CBF GN: 1.3112E-01 | Time: 483ms
Epoch: 086 | Test Loss: 4.3811E-03 | Time: 144ms
Epoch: 087 | Test Loss: 4.6208E-03 | Time: 144ms
Epoch: 088 | Test Loss: 4.7294E-03 | Time: 143ms
Epoch: 089 | Test Loss: 4.4745E-03 | Time: 144ms
Epoch: 090 | Test Loss: 4.3765E-03 | Time: 143ms
Epoch: 091 | Train Loss: 6.6992E-03 | CBF GN: 1.2138E-01 | Time: 478ms
Epoch: 091 | Test Loss: 4.4800E-03 | Time: 144ms
Epoch: 092 | Test Loss: 4.3863E-03 | Time: 143ms
Epoch: 093 | Test Loss: 4.4819E-03 | Time: 144ms
Epoch: 094 | Test Loss: 4.3373E-03 | Time: 144ms
Epoch: 095 | Test Loss: 4.3960E-03 | Time: 170ms
Epoch: 096 | Train Loss: 6.6422E-03 | CBF GN: 1.2040E-01 | Time: 480ms
Epoch: 096 | Test Loss: 4.4716E-03 | Time: 144ms
Epoch: 097 | Test Loss: 4.3689E-03 | Time: 144ms
Epoch: 098 | Test Loss: 4.4057E-03 | Time: 169ms
Epoch: 099 | Test Loss: 4.3968E-03 | Time: 144ms
Epoch: 100 | Test Loss: 4.4020E-03 | Time: 144ms
Total time: 1m7s
==> Visualizing training and test losses ...
==> Computing the smoothness constants ...
> Lipschitz constant of CBF network: 1.000000
> Hessian bound of CBF network: 2.177606
==> Saving the training results ...
==> Visualizing the CBF function and feasibility condition ...
==> Checking the safe and unsafe set ...
> Safe set percentage: 0.7360
> Unsafe set percentage: 0.9987
> Feasibility percentage: 1.0000
> Success:  False
==> Saving the feasibility results ...
==> Visualizing the CBF function and stability condition ...
==> Visualizing the feasibility condition ...
==> Done!
