==> Creating result directory ...
==> Loading test settings ...
==> Deciding torch device ...
==> torch device:  cuda
==> Building cbf neural network ...
==> Lipschitz constant of CBF network: 4.000000
==> Hessian bound of CBF network: 17.420848
==> Third order elementwise bound of CBF network: 128.000000
==> Number of subregions: 1
==> Subregion 0000000001 / 0000000001: 
==> [[-0.5 -2.  -0.1 -1.  -1.  -1. ], [0.5 0.  0.1 1.  1.  1. ]]
> Iteration 00 | Bound: [-0.988342, 7.267565] | l2 radius: 2.06E+00 | Size: 1.00E+00 | Time: 69ms
> Iteration 01 | Bound: [-0.933342, 6.560656] | l2 radius: 1.87E+00 | Size: 2.00E+00 | Time: 73ms
> Iteration 02 | Bound: [-0.945654, 5.699645] | l2 radius: 1.66E+00 | Size: 4.00E+00 | Time: 75ms
> Iteration 03 | Bound: [-0.953301, 4.717678] | l2 radius: 1.42E+00 | Size: 8.00E+00 | Time: 78ms
> Iteration 04 | Bound: [-0.904026, 3.585963] | l2 radius: 1.12E+00 | Size: 1.60E+01 | Time: 80ms
> Iteration 05 | Bound: [-0.700255, 3.442208] | l2 radius: 1.04E+00 | Size: 3.20E+01 | Time: 83ms
> Iteration 06 | Bound: [-0.632993, 3.129985] | l2 radius: 9.41E-01 | Size: 6.40E+01 | Time: 85ms
> Iteration 07 | Bound: [-0.633121, 2.707537] | l2 radius: 8.35E-01 | Size: 1.28E+02 | Time: 88ms
> Iteration 08 | Bound: [-0.633478, 2.223094] | l2 radius: 7.14E-01 | Size: 2.56E+02 | Time: 92ms
> Iteration 09 | Bound: [-0.610492, 1.661072] | l2 radius: 5.68E-01 | Size: 5.12E+02 | Time: 98ms
> Iteration 10 | Bound: [-0.411698, 1.688302] | l2 radius: 5.25E-01 | Size: 1.02E+03 | Time: 108ms
> Iteration 11 | Bound: [-0.350657, 1.562455] | l2 radius: 4.78E-01 | Size: 2.05E+03 | Time: 127ms
> Iteration 12 | Bound: [-0.349900, 1.355972] | l2 radius: 4.26E-01 | Size: 4.10E+03 | Time: 150ms
> Iteration 13 | Bound: [-0.349682, 1.120012] | l2 radius: 3.67E-01 | Size: 8.19E+03 | Time: 199ms
> Iteration 14 | Bound: [-0.336587, 0.750227] | l2 radius: 2.97E-01 | Size: 1.64E+04 | Time: 302ms
> Iteration 15 | Bound: [-0.240370, 0.645654] | l2 radius: 2.76E-01 | Size: 2.47E+04 | Time: 450ms
> Iteration 16 | Bound: [-0.191583, 0.550582] | l2 radius: 2.54E-01 | Size: 3.83E+04 | Time: 669ms
> Iteration 17 | Bound: [-0.187439, 0.449662] | l2 radius: 2.30E-01 | Size: 5.75E+04 | Time: 1s1ms
> Iteration 18 | Bound: [-0.186869, 0.348265] | l2 radius: 2.03E-01 | Size: 8.14E+04 | Time: 1s481ms
> Iteration 19 | Bound: [-0.177203, 0.246884] | l2 radius: 1.72E-01 | Size: 1.06E+05 | Time: 2s91ms
> Iteration 20 | Bound: [-0.175228, 0.175212] | l2 radius: 1.48E-01 | Size: 9.11E+04 | Time: 2s623ms
> Iteration 21 | Bound: [-0.131515, 0.135452] | l2 radius: 1.38E-01 | Size: 7.31E+04 | Time: 3s18ms
> Iteration 22 | Bound: [-0.101570, 0.101847] | l2 radius: 1.27E-01 | Size: 3.72E+04 | Time: 3s215ms
> Iteration 23 | Bound: [-0.086227, 0.072883] | l2 radius: 1.15E-01 | Size: 2.13E+04 | Time: 3s330ms
> Iteration 24 | Bound: [-0.062563, 0.047687] | l2 radius: 1.02E-01 | Size: 1.32E+04 | Time: 3s407ms
> Iteration 25 | Bound: [-0.042800, 0.026440] | l2 radius: 8.59E-02 | Size: 7.36E+03 | Time: 3s444ms
> Iteration 26 | Bound: [-0.031624, 0.014192] | l2 radius: 7.42E-02 | Size: 1.56E+03 | Time: 3s452ms
> Iteration 27 | Bound: [-0.027250, 0.008748] | l2 radius: 6.91E-02 | Size: 1.88E+02 | Time: 3s454ms
> Iteration 28 | Bound: [-0.023359, 0.004439] | l2 radius: 6.36E-02 | Size: 5.60E+01 | Time: 3s455ms
> Iteration 29 | Bound: [-0.019913, 0.000697] | l2 radius: 5.75E-02 | Size: 1.60E+01 | Time: 3s456ms
> Iteration 30 | Bound: [-0.016955, -0.002589] | l2 radius: 5.08E-02 | Size: 2.00E+00 | Time: 3s457ms
> No region to refine. Done!
> Time for subregion 0000000001: 3s457ms
> Total time up to subregion 0000000001: 3s457ms = 3.4574310779571533 s
> Total time excluding drawing: 3s457ms = 3.4574310779571533 s
> Success: True
==> Done!
