==> Creating result directory ...
==> Loading test settings ...
==> Deciding torch device ...
==> torch device:  cuda
==> Building dynamical system ...
==> Building cbf neural network ...
==> Lipschitz constant of CBF network: 1.000000
==> Hessian bound of CBF network: 6.532818
==> Third order elementwise bound of CBF network: 66.677713
==> Number of subregions: 16
==> Subregion 0000000001 / 0000000016: 
==> [[-2. -2. -1. -1.], [0. 0. 0. 0.]]
==> Lipschitz constant of the zero order test function: 14.658024
> Iteration 00 | Bound: [-22.701912, 0.474458] | l2 radius: 1.58E+00 | Size: 1.00E+00 | Time: 62ms
> Iteration 01 | Bound: [-19.213367, 0.177377] | l2 radius: 1.32E+00 | Size: 2.00E+00 | Time: 64ms
> Iteration 02 | Bound: [-14.502848, 0.155176] | l2 radius: 1.00E+00 | Size: 4.00E+00 | Time: 67ms
> Iteration 03 | Bound: [-13.117800, 0.094765] | l2 radius: 9.01E-01 | Size: 8.00E+00 | Time: 69ms
> Iteration 04 | Bound: [-11.495416, 0.092769] | l2 radius: 7.91E-01 | Size: 1.60E+01 | Time: 72ms
> Iteration 05 | Bound: [-9.647055, 0.048317] | l2 radius: 6.61E-01 | Size: 3.20E+01 | Time: 75ms
> Iteration 06 | Bound: [-7.284257, 0.044755] | l2 radius: 5.00E-01 | Size: 6.40E+01 | Time: 79ms
> Iteration 07 | Bound: [-6.566009, 0.040274] | l2 radius: 4.51E-01 | Size: 1.28E+02 | Time: 83ms
> Iteration 08 | Bound: [-5.754250, 0.039843] | l2 radius: 3.95E-01 | Size: 2.45E+02 | Time: 88ms
> Iteration 09 | Bound: [-4.812819, 0.034867] | l2 radius: 3.31E-01 | Size: 4.42E+02 | Time: 96ms
> Iteration 10 | Bound: [-3.607153, 0.057353] | l2 radius: 2.50E-01 | Size: 6.98E+02 | Time: 110ms
> Iteration 11 | Bound: [-3.207963, 0.095178] | l2 radius: 2.25E-01 | Size: 1.28E+03 | Time: 163ms
> Iteration 12 | Bound: [-2.781221, 0.115825] | l2 radius: 1.98E-01 | Size: 2.36E+03 | Time: 205ms
> Iteration 13 | Bound: [-2.304423, 0.119420] | l2 radius: 1.65E-01 | Size: 4.34E+03 | Time: 272ms
> Iteration 14 | Bound: [-1.698498, 0.133755] | l2 radius: 1.25E-01 | Size: 7.75E+03 | Time: 426ms
> Iteration 15 | Bound: [-1.513714, 0.137857] | l2 radius: 1.13E-01 | Size: 1.46E+04 | Time: 762ms
> Iteration 16 | Bound: [-1.302948, 0.145202] | l2 radius: 9.88E-02 | Size: 2.86E+04 | Time: 1s310ms
> Iteration 17 | Bound: [-0.874439, 0.134036] | l2 radius: 8.27E-02 | Size: 5.53E+04 | Time: 2s51ms
> Iteration 18 | Bound: [-0.445718, 0.137993] | l2 radius: 6.25E-02 | Size: 1.06E+05 | Time: 3s518ms
> Iteration 19 | Bound: [-0.340571, 0.141063] | l2 radius: 5.63E-02 | Size: 8.89E+04 | Time: 4s705ms
> Iteration 20 | Bound: [-0.236346, 0.140642] | l2 radius: 4.94E-02 | Size: 1.18E+05 | Time: 6s292ms
> Iteration 21 | Bound: [-0.124980, 0.139139] | l2 radius: 4.13E-02 | Size: 1.25E+05 | Time: 7s981ms
> Iteration 22 | Bound: [-0.014698, 0.139326] | l2 radius: 3.12E-02 | Size: 6.53E+04 | Time: 8s882ms
> Iteration 23 | Bound: [0.011219, 0.140275] | l2 radius: 2.82E-02 | Size: 2.61E+02 | Time: 8s888ms
> No region to refine. Done!
> Time for subregion 0000000001: 8s888ms
> Total time up to subregion 0000000001: 8s888ms = 8.888140201568604 s
==> Subregion 0000000002 / 0000000016: 
==> [[ 0. -2. -1. -1.], [2. 0. 0. 0.]]
==> Lipschitz constant of the zero order test function: 14.658024
> Iteration 00 | Bound: [-22.975962, 0.200408] | l2 radius: 1.58E+00 | Size: 1.00E+00 | Time: 1ms
> Iteration 01 | Bound: [-19.283573, 0.107169] | l2 radius: 1.32E+00 | Size: 2.00E+00 | Time: 2ms
> Iteration 02 | Bound: [-14.553945, 0.104079] | l2 radius: 1.00E+00 | Size: 4.00E+00 | Time: 4ms
> Iteration 03 | Bound: [-13.139396, 0.073169] | l2 radius: 9.01E-01 | Size: 8.00E+00 | Time: 6ms
> Iteration 04 | Bound: [-11.514057, 0.074128] | l2 radius: 7.91E-01 | Size: 1.60E+01 | Time: 8ms
> Iteration 05 | Bound: [-9.647572, 0.047800] | l2 radius: 6.61E-01 | Size: 3.20E+01 | Time: 10ms
> Iteration 06 | Bound: [-7.285080, 0.043932] | l2 radius: 5.00E-01 | Size: 6.40E+01 | Time: 12ms
> Iteration 07 | Bound: [-6.568125, 0.038157] | l2 radius: 4.51E-01 | Size: 1.28E+02 | Time: 15ms
> Iteration 08 | Bound: [-5.756168, 0.037924] | l2 radius: 3.95E-01 | Size: 2.49E+02 | Time: 19ms
> Iteration 09 | Bound: [-4.815880, 0.031806] | l2 radius: 3.31E-01 | Size: 4.72E+02 | Time: 27ms
> Iteration 10 | Bound: [-3.630600, 0.033906] | l2 radius: 2.50E-01 | Size: 8.14E+02 | Time: 39ms
> Iteration 11 | Bound: [-3.263069, 0.040073] | l2 radius: 2.25E-01 | Size: 1.54E+03 | Time: 60ms
> Iteration 12 | Bound: [-2.852410, 0.044637] | l2 radius: 1.98E-01 | Size: 2.84E+03 | Time: 97ms
> Iteration 13 | Bound: [-2.370013, 0.053830] | l2 radius: 1.65E-01 | Size: 5.18E+03 | Time: 182ms
> Iteration 14 | Bound: [-1.773317, 0.058937] | l2 radius: 1.25E-01 | Size: 9.33E+03 | Time: 319ms
> Iteration 15 | Bound: [-1.584888, 0.066682] | l2 radius: 1.13E-01 | Size: 1.77E+04 | Time: 554ms
> Iteration 16 | Bound: [-1.334132, 0.070356] | l2 radius: 9.88E-02 | Size: 3.46E+04 | Time: 1s17ms
> Iteration 17 | Bound: [-0.915171, 0.069779] | l2 radius: 8.27E-02 | Size: 6.59E+04 | Time: 1s920ms
> Iteration 18 | Bound: [-0.496043, 0.070703] | l2 radius: 6.25E-02 | Size: 1.27E+05 | Time: 3s648ms
> Iteration 19 | Bound: [-0.386634, 0.073168] | l2 radius: 5.63E-02 | Size: 2.49E+05 | Time: 7s12ms
> Iteration 20 | Bound: [-0.281372, 0.074482] | l2 radius: 4.94E-02 | Size: 4.94E+05 | Time: 13s620ms
> Iteration 21 | Bound: [-0.176466, 0.074010] | l2 radius: 4.13E-02 | Size: 8.84E+05 | Time: 25s551ms
> Iteration 22 | Bound: [-0.070965, 0.073404] | l2 radius: 3.12E-02 | Size: 8.24E+05 | Time: 36s689ms
> Iteration 23 | Bound: [-0.043127, 0.074187] | l2 radius: 2.82E-02 | Size: 1.01E+05 | Time: 38s75ms
> Iteration 24 | Bound: [-0.016597, 0.074604] | l2 radius: 2.47E-02 | Size: 5.39E+04 | Time: 38s814ms
> Iteration 25 | Bound: [0.009801, 0.074114] | l2 radius: 2.07E-02 | Size: 7.04E+03 | Time: 38s902ms
> No region to refine. Done!
> Time for subregion 0000000002: 38s902ms
> Total time up to subregion 0000000002: 47s790ms = 47.79080247879028 s
==> Subregion 0000000003 / 0000000016: 
==> [[-2.  0. -1. -1.], [0. 2. 0. 0.]]
==> Lipschitz constant of the zero order test function: 14.658024
> Iteration 00 | Bound: [-22.965403, 0.210967] | l2 radius: 1.58E+00 | Size: 1.00E+00 | Time: 1ms
> Iteration 01 | Bound: [-19.279346, 0.111397] | l2 radius: 1.32E+00 | Size: 2.00E+00 | Time: 3ms
> Iteration 02 | Bound: [-14.521035, 0.136988] | l2 radius: 1.00E+00 | Size: 4.00E+00 | Time: 5ms
> Iteration 03 | Bound: [-13.108478, 0.104087] | l2 radius: 9.01E-01 | Size: 8.00E+00 | Time: 7ms
> Iteration 04 | Bound: [-11.490102, 0.098084] | l2 radius: 7.91E-01 | Size: 1.60E+01 | Time: 8ms
> Iteration 05 | Bound: [-9.627396, 0.067976] | l2 radius: 6.61E-01 | Size: 3.20E+01 | Time: 10ms
> Iteration 06 | Bound: [-7.273448, 0.055565] | l2 radius: 5.00E-01 | Size: 6.40E+01 | Time: 12ms
> Iteration 07 | Bound: [-6.555879, 0.050404] | l2 radius: 4.51E-01 | Size: 1.28E+02 | Time: 15ms
> Iteration 08 | Bound: [-5.743876, 0.050217] | l2 radius: 3.95E-01 | Size: 2.55E+02 | Time: 19ms
> Iteration 09 | Bound: [-4.801781, 0.045905] | l2 radius: 3.31E-01 | Size: 5.04E+02 | Time: 27ms
> Iteration 10 | Bound: [-3.607712, 0.056794] | l2 radius: 2.50E-01 | Size: 9.62E+02 | Time: 57ms
> Iteration 11 | Bound: [-3.246364, 0.056777] | l2 radius: 2.25E-01 | Size: 1.90E+03 | Time: 82ms
> Iteration 12 | Bound: [-2.836814, 0.060232] | l2 radius: 1.98E-01 | Size: 3.66E+03 | Time: 130ms
> Iteration 13 | Bound: [-2.363338, 0.060505] | l2 radius: 1.65E-01 | Size: 7.04E+03 | Time: 235ms
> Iteration 14 | Bound: [-1.767182, 0.065071] | l2 radius: 1.25E-01 | Size: 1.32E+04 | Time: 420ms
> Iteration 15 | Bound: [-1.583776, 0.067795] | l2 radius: 1.13E-01 | Size: 2.58E+04 | Time: 764ms
> Iteration 16 | Bound: [-1.344257, 0.069602] | l2 radius: 9.88E-02 | Size: 5.03E+04 | Time: 1s442ms
> Iteration 17 | Bound: [-0.927422, 0.070361] | l2 radius: 8.27E-02 | Size: 9.88E+04 | Time: 2s777ms
> Iteration 18 | Bound: [-0.492118, 0.072414] | l2 radius: 6.25E-02 | Size: 1.92E+05 | Time: 5s375ms
> Iteration 19 | Bound: [-0.384948, 0.073122] | l2 radius: 5.63E-02 | Size: 3.45E+05 | Time: 10s15ms
> Iteration 20 | Bound: [-0.277156, 0.073506] | l2 radius: 4.94E-02 | Size: 6.31E+05 | Time: 18s481ms
> Iteration 21 | Bound: [-0.171838, 0.073948] | l2 radius: 4.13E-02 | Size: 1.08E+06 | Time: 32s971ms
> Iteration 22 | Bound: [-0.065782, 0.074656] | l2 radius: 3.12E-02 | Size: 1.52E+06 | Time: 53s518ms
> Iteration 23 | Bound: [-0.039508, 0.074983] | l2 radius: 2.82E-02 | Size: 9.34E+05 | Time: 1m6s
> Iteration 24 | Bound: [-0.012678, 0.075302] | l2 radius: 2.47E-02 | Size: 6.84E+05 | Time: 1m15s
> Iteration 25 | Bound: [0.013505, 0.075367] | l2 radius: 2.07E-02 | Size: 8.36E+04 | Time: 1m16s
> No region to refine. Done!
> Time for subregion 0000000003: 1m16s
> Total time up to subregion 0000000003: 2m4s = 124.24003958702087 s
==> Subregion 0000000004 / 0000000016: 
==> [[ 0.  0. -1. -1.], [2. 2. 0. 0.]]
==> Lipschitz constant of the zero order test function: 14.658024
> Iteration 00 | Bound: [-22.962566, 0.213805] | l2 radius: 1.58E+00 | Size: 1.00E+00 | Time: 1ms
> Iteration 01 | Bound: [-19.264084, 0.126659] | l2 radius: 1.32E+00 | Size: 2.00E+00 | Time: 3ms
> Iteration 02 | Bound: [-14.541107, 0.116917] | l2 radius: 1.00E+00 | Size: 4.00E+00 | Time: 8ms
> Iteration 03 | Bound: [-13.125478, 0.087087] | l2 radius: 9.01E-01 | Size: 8.00E+00 | Time: 10ms
> Iteration 04 | Bound: [-11.500067, 0.088119] | l2 radius: 7.91E-01 | Size: 1.60E+01 | Time: 12ms
> Iteration 05 | Bound: [-9.621075, 0.074297] | l2 radius: 6.61E-01 | Size: 3.20E+01 | Time: 14ms
> Iteration 06 | Bound: [-7.260235, 0.068777] | l2 radius: 5.00E-01 | Size: 6.40E+01 | Time: 16ms
> Iteration 07 | Bound: [-6.550028, 0.056255] | l2 radius: 4.51E-01 | Size: 1.28E+02 | Time: 19ms
> Iteration 08 | Bound: [-5.737789, 0.056303] | l2 radius: 3.95E-01 | Size: 2.56E+02 | Time: 23ms
> Iteration 09 | Bound: [-4.792276, 0.055410] | l2 radius: 3.31E-01 | Size: 5.06E+02 | Time: 31ms
> Iteration 10 | Bound: [-3.607021, 0.057485] | l2 radius: 2.50E-01 | Size: 9.83E+02 | Time: 45ms
> Iteration 11 | Bound: [-3.246299, 0.056842] | l2 radius: 2.25E-01 | Size: 1.94E+03 | Time: 70ms
> Iteration 12 | Bound: [-2.840283, 0.056763] | l2 radius: 1.98E-01 | Size: 3.79E+03 | Time: 135ms
> Iteration 13 | Bound: [-2.363163, 0.060680] | l2 radius: 1.65E-01 | Size: 7.32E+03 | Time: 224ms
> Iteration 14 | Bound: [-1.762313, 0.069940] | l2 radius: 1.25E-01 | Size: 1.39E+04 | Time: 414ms
> Iteration 15 | Bound: [-1.580741, 0.070830] | l2 radius: 1.13E-01 | Size: 2.73E+04 | Time: 792ms
> Iteration 16 | Bound: [-1.326052, 0.072671] | l2 radius: 9.88E-02 | Size: 5.35E+04 | Time: 1s509ms
> Iteration 17 | Bound: [-0.908665, 0.075196] | l2 radius: 8.27E-02 | Size: 1.04E+05 | Time: 2s914ms
> Iteration 18 | Bound: [-0.488367, 0.078496] | l2 radius: 6.25E-02 | Size: 2.04E+05 | Time: 5s676ms
> Iteration 19 | Bound: [-0.380228, 0.077839] | l2 radius: 5.63E-02 | Size: 4.05E+05 | Time: 11s112ms
> Iteration 20 | Bound: [-0.272558, 0.079436] | l2 radius: 4.94E-02 | Size: 7.91E+05 | Time: 21s712ms
> Iteration 21 | Bound: [-0.167352, 0.079736] | l2 radius: 4.13E-02 | Size: 1.41E+06 | Time: 40s698ms
> Iteration 22 | Bound: [-0.063277, 0.081571] | l2 radius: 3.12E-02 | Size: 1.09E+06 | Time: 55s392ms
> Iteration 23 | Bound: [-0.034972, 0.081864] | l2 radius: 2.82E-02 | Size: 1.46E+05 | Time: 57s376ms
> Iteration 24 | Bound: [-0.007815, 0.082152] | l2 radius: 2.47E-02 | Size: 6.07E+04 | Time: 58s211ms
> Iteration 25 | Bound: [0.018319, 0.081810] | l2 radius: 2.07E-02 | Size: 1.31E+03 | Time: 58s232ms
> No region to refine. Done!
> Time for subregion 0000000004: 58s232ms
> Total time up to subregion 0000000004: 3m2s = 182.47244143486023 s
==> Subregion 0000000005 / 0000000016: 
==> [[-2. -2.  0. -1.], [0. 0. 1. 0.]]
==> Lipschitz constant of the zero order test function: 14.658024
> Iteration 00 | Bound: [-23.108736, 0.067635] | l2 radius: 1.58E+00 | Size: 1.00E+00 | Time: 1ms
> Iteration 01 | Bound: [-19.328176, 0.062567] | l2 radius: 1.32E+00 | Size: 2.00E+00 | Time: 2ms
> Iteration 02 | Bound: [-14.592443, 0.065581] | l2 radius: 1.00E+00 | Size: 4.00E+00 | Time: 4ms
> Iteration 03 | Bound: [-13.148461, 0.064103] | l2 radius: 9.01E-01 | Size: 8.00E+00 | Time: 6ms
> Iteration 04 | Bound: [-11.525459, 0.062726] | l2 radius: 7.91E-01 | Size: 1.60E+01 | Time: 8ms
> Iteration 05 | Bound: [-9.648602, 0.046770] | l2 radius: 6.61E-01 | Size: 3.20E+01 | Time: 10ms
> Iteration 06 | Bound: [-7.280322, 0.048690] | l2 radius: 5.00E-01 | Size: 6.40E+01 | Time: 12ms
> Iteration 07 | Bound: [-6.557221, 0.049061] | l2 radius: 4.51E-01 | Size: 1.28E+02 | Time: 15ms
> Iteration 08 | Bound: [-5.745573, 0.048520] | l2 radius: 3.95E-01 | Size: 2.56E+02 | Time: 19ms
> Iteration 09 | Bound: [-4.809196, 0.038489] | l2 radius: 3.31E-01 | Size: 5.09E+02 | Time: 27ms
> Iteration 10 | Bound: [-3.624761, 0.039745] | l2 radius: 2.50E-01 | Size: 8.67E+02 | Time: 40ms
> Iteration 11 | Bound: [-3.265512, 0.037629] | l2 radius: 2.25E-01 | Size: 1.55E+03 | Time: 61ms
> Iteration 12 | Bound: [-2.848790, 0.048256] | l2 radius: 1.98E-01 | Size: 2.75E+03 | Time: 114ms
> Iteration 13 | Bound: [-2.380095, 0.043748] | l2 radius: 1.65E-01 | Size: 4.80E+03 | Time: 177ms
> Iteration 14 | Bound: [-1.784828, 0.047425] | l2 radius: 1.25E-01 | Size: 8.50E+03 | Time: 305ms
> Iteration 15 | Bound: [-1.604622, 0.046948] | l2 radius: 1.13E-01 | Size: 1.61E+04 | Time: 521ms
> Iteration 16 | Bound: [-1.351310, 0.048163] | l2 radius: 9.88E-02 | Size: 3.12E+04 | Time: 951ms
> Iteration 17 | Bound: [-0.932732, 0.047196] | l2 radius: 8.27E-02 | Size: 5.95E+04 | Time: 1s770ms
> Iteration 18 | Bound: [-0.516486, 0.045854] | l2 radius: 6.25E-02 | Size: 1.14E+05 | Time: 3s331ms
> Iteration 19 | Bound: [-0.408661, 0.048477] | l2 radius: 5.63E-02 | Size: 2.23E+05 | Time: 6s334ms
> Iteration 20 | Bound: [-0.304102, 0.048691] | l2 radius: 4.94E-02 | Size: 4.42E+05 | Time: 12s249ms
> Iteration 21 | Bound: [-0.200087, 0.047329] | l2 radius: 4.13E-02 | Size: 8.69E+05 | Time: 23s950ms
> Iteration 22 | Bound: [-0.094239, 0.048192] | l2 radius: 3.12E-02 | Size: 1.66E+06 | Time: 46s301ms
> Iteration 23 | Bound: [-0.067769, 0.048135] | l2 radius: 2.82E-02 | Size: 2.31E+06 | Time: 1m17s
> Iteration 24 | Bound: [-0.041450, 0.048276] | l2 radius: 2.47E-02 | Size: 2.93E+06 | Time: 1m56s
> Iteration 25 | Bound: [-0.015437, 0.047593] | l2 radius: 2.07E-02 | Size: 2.28E+06 | Time: 2m27s
> Iteration 26 | Bound: [0.010581, 0.047196] | l2 radius: 1.56E-02 | Size: 7.16E+04 | Time: 2m28s
> No region to refine. Done!
> Time for subregion 0000000005: 2m28s
> Total time up to subregion 0000000005: 5m30s = 330.85873579978943 s
==> Subregion 0000000006 / 0000000016: 
==> [[ 0. -2.  0. -1.], [2. 0. 1. 0.]]
==> Lipschitz constant of the zero order test function: 14.658024
> Iteration 00 | Bound: [-22.763580, 0.412790] | l2 radius: 1.58E+00 | Size: 1.00E+00 | Time: 1ms
> Iteration 01 | Bound: [-19.219673, 0.171070] | l2 radius: 1.32E+00 | Size: 2.00E+00 | Time: 3ms
> Iteration 02 | Bound: [-14.531139, 0.126884] | l2 radius: 1.00E+00 | Size: 4.00E+00 | Time: 4ms
> Iteration 03 | Bound: [-13.135805, 0.076759] | l2 radius: 9.01E-01 | Size: 8.00E+00 | Time: 6ms
> Iteration 04 | Bound: [-11.514837, 0.073348] | l2 radius: 7.91E-01 | Size: 1.60E+01 | Time: 8ms
> Iteration 05 | Bound: [-9.650449, 0.044922] | l2 radius: 6.61E-01 | Size: 3.20E+01 | Time: 10ms
> Iteration 06 | Bound: [-7.286688, 0.042323] | l2 radius: 5.00E-01 | Size: 6.40E+01 | Time: 12ms
> Iteration 07 | Bound: [-6.562120, 0.044162] | l2 radius: 4.51E-01 | Size: 1.28E+02 | Time: 15ms
> Iteration 08 | Bound: [-5.750213, 0.043879] | l2 radius: 3.95E-01 | Size: 2.56E+02 | Time: 19ms
> Iteration 09 | Bound: [-4.811104, 0.036582] | l2 radius: 3.31E-01 | Size: 5.12E+02 | Time: 27ms
> Iteration 10 | Bound: [-3.631022, 0.033483] | l2 radius: 2.50E-01 | Size: 1.00E+03 | Time: 41ms
> Iteration 11 | Bound: [-3.264551, 0.038590] | l2 radius: 2.25E-01 | Size: 1.82E+03 | Time: 66ms
> Iteration 12 | Bound: [-2.850545, 0.046501] | l2 radius: 1.98E-01 | Size: 3.32E+03 | Time: 110ms
> Iteration 13 | Bound: [-2.370762, 0.053081] | l2 radius: 1.65E-01 | Size: 6.11E+03 | Time: 205ms
> Iteration 14 | Bound: [-1.771927, 0.060326] | l2 radius: 1.25E-01 | Size: 1.13E+04 | Time: 364ms
> Iteration 15 | Bound: [-1.591896, 0.059675] | l2 radius: 1.13E-01 | Size: 2.17E+04 | Time: 662ms
> Iteration 16 | Bound: [-1.376718, 0.062967] | l2 radius: 9.88E-02 | Size: 4.26E+04 | Time: 1s230ms
> Iteration 17 | Bound: [-0.944923, 0.064818] | l2 radius: 8.27E-02 | Size: 8.35E+04 | Time: 2s365ms
> Iteration 18 | Bound: [-0.518678, 0.065532] | l2 radius: 6.25E-02 | Size: 1.63E+05 | Time: 4s590ms
> Iteration 19 | Bound: [-0.411620, 0.068039] | l2 radius: 5.63E-02 | Size: 2.50E+05 | Time: 7s945ms
> Iteration 20 | Bound: [-0.308981, 0.068186] | l2 radius: 4.94E-02 | Size: 3.96E+05 | Time: 13s247ms
> Iteration 21 | Bound: [-0.194350, 0.068379] | l2 radius: 4.13E-02 | Size: 5.09E+05 | Time: 20s113ms
> Iteration 22 | Bound: [-0.089077, 0.067854] | l2 radius: 3.12E-02 | Size: 4.45E+05 | Time: 26s94ms
> Iteration 23 | Bound: [-0.059240, 0.068900] | l2 radius: 2.82E-02 | Size: 1.60E+05 | Time: 28s273ms
> Iteration 24 | Bound: [-0.033222, 0.068814] | l2 radius: 2.47E-02 | Size: 1.47E+05 | Time: 30s245ms
> Iteration 25 | Bound: [-0.001774, 0.068912] | l2 radius: 2.07E-02 | Size: 7.20E+04 | Time: 31s230ms
> Iteration 26 | Bound: [0.028992, 0.069645] | l2 radius: 1.56E-02 | Size: 2.50E+01 | Time: 31s233ms
> No region to refine. Done!
> Time for subregion 0000000006: 31s233ms
> Total time up to subregion 0000000006: 6m2s = 362.09204864501953 s
==> Subregion 0000000007 / 0000000016: 
==> [[-2.  0.  0. -1.], [0. 2. 1. 0.]]
==> Lipschitz constant of the zero order test function: 14.658024
> Iteration 00 | Bound: [-23.064739, 0.111631] | l2 radius: 1.58E+00 | Size: 1.00E+00 | Time: 1ms
> Iteration 01 | Bound: [-19.280416, 0.110327] | l2 radius: 1.32E+00 | Size: 2.00E+00 | Time: 2ms
> Iteration 02 | Bound: [-14.591516, 0.066508] | l2 radius: 1.00E+00 | Size: 4.00E+00 | Time: 4ms
> Iteration 03 | Bound: [-13.144118, 0.068447] | l2 radius: 9.01E-01 | Size: 8.00E+00 | Time: 6ms
> Iteration 04 | Bound: [-11.522640, 0.065545] | l2 radius: 7.91E-01 | Size: 1.60E+01 | Time: 8ms
> Iteration 05 | Bound: [-9.635858, 0.059514] | l2 radius: 6.61E-01 | Size: 3.20E+01 | Time: 10ms
> Iteration 06 | Bound: [-7.269763, 0.059249] | l2 radius: 5.00E-01 | Size: 6.40E+01 | Time: 12ms
> Iteration 07 | Bound: [-6.548389, 0.057893] | l2 radius: 4.51E-01 | Size: 1.28E+02 | Time: 15ms
> Iteration 08 | Bound: [-5.736814, 0.057278] | l2 radius: 3.95E-01 | Size: 2.56E+02 | Time: 19ms
> Iteration 09 | Bound: [-4.795413, 0.052273] | l2 radius: 3.31E-01 | Size: 5.12E+02 | Time: 27ms
> Iteration 10 | Bound: [-3.610172, 0.054334] | l2 radius: 2.50E-01 | Size: 1.02E+03 | Time: 41ms
> Iteration 11 | Bound: [-3.247154, 0.055988] | l2 radius: 2.25E-01 | Size: 2.01E+03 | Time: 68ms
> Iteration 12 | Bound: [-2.841233, 0.055814] | l2 radius: 1.98E-01 | Size: 3.95E+03 | Time: 117ms
> Iteration 13 | Bound: [-2.372227, 0.051615] | l2 radius: 1.65E-01 | Size: 7.64E+03 | Time: 230ms
> Iteration 14 | Bound: [-1.786191, 0.046062] | l2 radius: 1.25E-01 | Size: 1.47E+04 | Time: 432ms
> Iteration 15 | Bound: [-1.605525, 0.046046] | l2 radius: 1.13E-01 | Size: 2.89E+04 | Time: 834ms
> Iteration 16 | Bound: [-1.363598, 0.045993] | l2 radius: 9.88E-02 | Size: 5.67E+04 | Time: 1s601ms
> Iteration 17 | Bound: [-0.940159, 0.043542] | l2 radius: 8.27E-02 | Size: 1.11E+05 | Time: 3s93ms
> Iteration 18 | Bound: [-0.522619, 0.040174] | l2 radius: 6.25E-02 | Size: 2.19E+05 | Time: 6s58ms
> Iteration 19 | Bound: [-0.418035, 0.040379] | l2 radius: 5.63E-02 | Size: 4.35E+05 | Time: 11s883ms
> Iteration 20 | Bound: [-0.313465, 0.040599] | l2 radius: 4.94E-02 | Size: 8.52E+05 | Time: 23s327ms
> Iteration 21 | Bound: [-0.209462, 0.039157] | l2 radius: 4.13E-02 | Size: 1.61E+06 | Time: 44s962ms
> Iteration 22 | Bound: [-0.105296, 0.037536] | l2 radius: 3.12E-02 | Size: 2.63E+06 | Time: 1m20s
> Iteration 23 | Bound: [-0.079222, 0.037473] | l2 radius: 2.82E-02 | Size: 2.23E+06 | Time: 1m50s
> Iteration 24 | Bound: [-0.052715, 0.037777] | l2 radius: 2.47E-02 | Size: 2.61E+06 | Time: 2m25s
> Iteration 25 | Bound: [-0.026701, 0.037026] | l2 radius: 2.07E-02 | Size: 1.72E+06 | Time: 2m48s
> Iteration 26 | Bound: [-0.000707, 0.036087] | l2 radius: 1.56E-02 | Size: 6.48E+04 | Time: 2m49s
> Iteration 27 | Bound: [0.005905, 0.036121] | l2 radius: 1.41E-02 | Size: 3.10E+01 | Time: 2m49s
> No region to refine. Done!
> Time for subregion 0000000007: 2m49s
> Total time up to subregion 0000000007: 8m51s = 531.4554755687714 s
==> Subregion 0000000008 / 0000000016: 
==> [[ 0.  0.  0. -1.], [2. 2. 1. 0.]]
==> Lipschitz constant of the zero order test function: 14.658024
> Iteration 00 | Bound: [-22.947248, 0.229123] | l2 radius: 1.58E+00 | Size: 1.00E+00 | Time: 1ms
> Iteration 01 | Bound: [-19.240147, 0.150597] | l2 radius: 1.32E+00 | Size: 2.00E+00 | Time: 2ms
> Iteration 02 | Bound: [-14.519878, 0.138146] | l2 radius: 1.00E+00 | Size: 4.00E+00 | Time: 4ms
> Iteration 03 | Bound: [-13.103318, 0.109246] | l2 radius: 9.01E-01 | Size: 8.00E+00 | Time: 6ms
> Iteration 04 | Bound: [-11.477546, 0.110640] | l2 radius: 7.91E-01 | Size: 1.60E+01 | Time: 8ms
> Iteration 05 | Bound: [-9.608843, 0.086529] | l2 radius: 6.61E-01 | Size: 3.20E+01 | Time: 10ms
> Iteration 06 | Bound: [-7.247895, 0.081117] | l2 radius: 5.00E-01 | Size: 6.40E+01 | Time: 12ms
> Iteration 07 | Bound: [-6.534125, 0.072157] | l2 radius: 4.51E-01 | Size: 1.28E+02 | Time: 15ms
> Iteration 08 | Bound: [-5.722709, 0.071384] | l2 radius: 3.95E-01 | Size: 2.56E+02 | Time: 19ms
> Iteration 09 | Bound: [-4.783577, 0.064109] | l2 radius: 3.31E-01 | Size: 5.12E+02 | Time: 27ms
> Iteration 10 | Bound: [-3.606158, 0.058348] | l2 radius: 2.50E-01 | Size: 1.02E+03 | Time: 41ms
> Iteration 11 | Bound: [-3.246455, 0.056686] | l2 radius: 2.25E-01 | Size: 2.04E+03 | Time: 69ms
> Iteration 12 | Bound: [-2.841629, 0.055418] | l2 radius: 1.98E-01 | Size: 4.05E+03 | Time: 119ms
> Iteration 13 | Bound: [-2.364123, 0.059720] | l2 radius: 1.65E-01 | Size: 7.96E+03 | Time: 235ms
> Iteration 14 | Bound: [-1.772425, 0.059828] | l2 radius: 1.25E-01 | Size: 1.56E+04 | Time: 443ms
> Iteration 15 | Bound: [-1.594072, 0.057498] | l2 radius: 1.13E-01 | Size: 3.08E+04 | Time: 868ms
> Iteration 16 | Bound: [-1.347926, 0.057429] | l2 radius: 9.88E-02 | Size: 6.08E+04 | Time: 1s688ms
> Iteration 17 | Bound: [-0.932004, 0.054887] | l2 radius: 8.27E-02 | Size: 1.20E+05 | Time: 3s306ms
> Iteration 18 | Bound: [-0.515615, 0.050220] | l2 radius: 6.25E-02 | Size: 2.39E+05 | Time: 6s518ms
> Iteration 19 | Bound: [-0.411254, 0.049121] | l2 radius: 5.63E-02 | Size: 4.49E+05 | Time: 12s526ms
> Iteration 20 | Bound: [-0.306991, 0.049103] | l2 radius: 4.94E-02 | Size: 8.02E+05 | Time: 23s290ms
> Iteration 21 | Bound: [-0.202993, 0.047655] | l2 radius: 4.13E-02 | Size: 1.28E+06 | Time: 40s534ms
> Iteration 22 | Bound: [-0.098982, 0.045111] | l2 radius: 3.12E-02 | Size: 1.59E+06 | Time: 1m1s
> Iteration 23 | Bound: [-0.072695, 0.044791] | l2 radius: 2.82E-02 | Size: 4.82E+05 | Time: 1m8s
> Iteration 24 | Bound: [-0.046661, 0.044734] | l2 radius: 2.47E-02 | Size: 3.39E+05 | Time: 1m12s
> Iteration 25 | Bound: [-0.020654, 0.043969] | l2 radius: 2.07E-02 | Size: 1.02E+05 | Time: 1m14s
> Iteration 26 | Bound: [0.005357, 0.042698] | l2 radius: 1.56E-02 | Size: 7.55E+03 | Time: 1m14s
> No region to refine. Done!
> Time for subregion 0000000008: 1m14s
> Total time up to subregion 0000000008: 10m5s = 605.9391674995422 s
==> Subregion 0000000009 / 0000000016: 
==> [[-2. -2. -1.  0.], [0. 0. 0. 1.]]
==> Lipschitz constant of the zero order test function: 14.658024
> Iteration 00 | Bound: [-22.985817, 0.190554] | l2 radius: 1.58E+00 | Size: 1.00E+00 | Time: 1ms
> Iteration 01 | Bound: [-19.290491, 0.100251] | l2 radius: 1.32E+00 | Size: 2.00E+00 | Time: 3ms
> Iteration 02 | Bound: [-14.569231, 0.088793] | l2 radius: 1.00E+00 | Size: 4.00E+00 | Time: 5ms
> Iteration 03 | Bound: [-13.148964, 0.063601] | l2 radius: 9.01E-01 | Size: 8.00E+00 | Time: 7ms
> Iteration 04 | Bound: [-11.519576, 0.068609] | l2 radius: 7.91E-01 | Size: 1.60E+01 | Time: 8ms
> Iteration 05 | Bound: [-9.635387, 0.059985] | l2 radius: 6.61E-01 | Size: 3.20E+01 | Time: 10ms
> Iteration 06 | Bound: [-7.282773, 0.046239] | l2 radius: 5.00E-01 | Size: 5.70E+01 | Time: 13ms
> Iteration 07 | Bound: [-6.557610, 0.048673] | l2 radius: 4.51E-01 | Size: 9.80E+01 | Time: 15ms
> Iteration 08 | Bound: [-5.723327, 0.070766] | l2 radius: 3.95E-01 | Size: 1.61E+02 | Time: 19ms
> Iteration 09 | Bound: [-4.768418, 0.079268] | l2 radius: 3.31E-01 | Size: 2.80E+02 | Time: 24ms
> Iteration 10 | Bound: [-3.559227, 0.105279] | l2 radius: 2.50E-01 | Size: 4.55E+02 | Time: 31ms
> Iteration 11 | Bound: [-3.190631, 0.112511] | l2 radius: 2.25E-01 | Size: 8.41E+02 | Time: 44ms
> Iteration 12 | Bound: [-2.781102, 0.115945] | l2 radius: 1.98E-01 | Size: 1.52E+03 | Time: 65ms
> Iteration 13 | Bound: [-2.307394, 0.116449] | l2 radius: 1.65E-01 | Size: 2.70E+03 | Time: 100ms
> Iteration 14 | Bound: [-1.704612, 0.127641] | l2 radius: 1.25E-01 | Size: 4.60E+03 | Time: 179ms
> Iteration 15 | Bound: [-1.520439, 0.131132] | l2 radius: 1.13E-01 | Size: 8.34E+03 | Time: 284ms
> Iteration 16 | Bound: [-1.276472, 0.132985] | l2 radius: 9.88E-02 | Size: 1.60E+04 | Time: 515ms
> Iteration 17 | Bound: [-0.855256, 0.131884] | l2 radius: 8.27E-02 | Size: 3.03E+04 | Time: 949ms
> Iteration 18 | Bound: [-0.434498, 0.131803] | l2 radius: 6.25E-02 | Size: 5.68E+04 | Time: 1s729ms
> Iteration 19 | Bound: [-0.326770, 0.133584] | l2 radius: 5.63E-02 | Size: 7.41E+04 | Time: 2s745ms
> Iteration 20 | Bound: [-0.222450, 0.134375] | l2 radius: 4.94E-02 | Size: 1.12E+05 | Time: 4s276ms
> Iteration 21 | Bound: [-0.116636, 0.133898] | l2 radius: 4.13E-02 | Size: 1.58E+05 | Time: 6s396ms
> Iteration 22 | Bound: [-0.010867, 0.133898] | l2 radius: 3.12E-02 | Size: 1.76E+05 | Time: 8s793ms
> Iteration 23 | Bound: [0.015839, 0.133111] | l2 radius: 2.82E-02 | Size: 3.33E+02 | Time: 8s799ms
> No region to refine. Done!
> Time for subregion 0000000009: 8s799ms
> Total time up to subregion 0000000009: 10m14s = 614.7391529083252 s
==> Subregion 0000000010 / 0000000016: 
==> [[ 0. -2. -1.  0.], [2. 0. 0. 1.]]
==> Lipschitz constant of the zero order test function: 14.658024
> Iteration 00 | Bound: [-22.846642, 0.329729] | l2 radius: 1.58E+00 | Size: 1.00E+00 | Time: 1ms
> Iteration 01 | Bound: [-19.206758, 0.183985] | l2 radius: 1.32E+00 | Size: 2.00E+00 | Time: 2ms
> Iteration 02 | Bound: [-14.500107, 0.157917] | l2 radius: 1.00E+00 | Size: 4.00E+00 | Time: 4ms
> Iteration 03 | Bound: [-13.113314, 0.099251] | l2 radius: 9.01E-01 | Size: 8.00E+00 | Time: 6ms
> Iteration 04 | Bound: [-11.490647, 0.097538] | l2 radius: 7.91E-01 | Size: 1.60E+01 | Time: 8ms
> Iteration 05 | Bound: [-9.619194, 0.076177] | l2 radius: 6.61E-01 | Size: 3.20E+01 | Time: 10ms
> Iteration 06 | Bound: [-7.251863, 0.077148] | l2 radius: 5.00E-01 | Size: 6.00E+01 | Time: 12ms
> Iteration 07 | Bound: [-6.533716, 0.072566] | l2 radius: 4.51E-01 | Size: 1.11E+02 | Time: 15ms
> Iteration 08 | Bound: [-5.720949, 0.073144] | l2 radius: 3.95E-01 | Size: 2.09E+02 | Time: 19ms
> Iteration 09 | Bound: [-4.741423, 0.106263] | l2 radius: 3.31E-01 | Size: 3.60E+02 | Time: 25ms
> Iteration 10 | Bound: [-3.539619, 0.124887] | l2 radius: 2.50E-01 | Size: 6.13E+02 | Time: 35ms
> Iteration 11 | Bound: [-3.163187, 0.139954] | l2 radius: 2.25E-01 | Size: 1.16E+03 | Time: 52ms
> Iteration 12 | Bound: [-2.737069, 0.159977] | l2 radius: 1.98E-01 | Size: 2.20E+03 | Time: 80ms
> Iteration 13 | Bound: [-2.244389, 0.179454] | l2 radius: 1.65E-01 | Size: 4.03E+03 | Time: 133ms
> Iteration 14 | Bound: [-1.645417, 0.186836] | l2 radius: 1.25E-01 | Size: 7.26E+03 | Time: 245ms
> Iteration 15 | Bound: [-1.448446, 0.203124] | l2 radius: 1.13E-01 | Size: 1.37E+04 | Time: 431ms
> Iteration 16 | Bound: [-1.209049, 0.207414] | l2 radius: 9.88E-02 | Size: 2.65E+04 | Time: 792ms
> Iteration 17 | Bound: [-0.779523, 0.212279] | l2 radius: 8.27E-02 | Size: 4.94E+04 | Time: 1s485ms
> Iteration 18 | Bound: [-0.362617, 0.210613] | l2 radius: 6.25E-02 | Size: 9.47E+04 | Time: 2s768ms
> Iteration 19 | Bound: [-0.250446, 0.215076] | l2 radius: 5.63E-02 | Size: 1.81E+05 | Time: 5s237ms
> Iteration 20 | Bound: [-0.145920, 0.215557] | l2 radius: 4.94E-02 | Size: 2.36E+05 | Time: 8s414ms
> Iteration 21 | Bound: [-0.040678, 0.215420] | l2 radius: 4.13E-02 | Size: 1.20E+05 | Time: 10s95ms
> Iteration 22 | Bound: [0.065146, 0.213359] | l2 radius: 3.12E-02 | Size: 2.81E+03 | Time: 10s132ms
> No region to refine. Done!
> Time for subregion 0000000010: 10s132ms
> Total time up to subregion 0000000010: 10m24s = 624.8714425563812 s
==> Subregion 0000000011 / 0000000016: 
==> [[-2.  0. -1.  0.], [0. 2. 0. 1.]]
==> Lipschitz constant of the zero order test function: 14.658024
> Iteration 00 | Bound: [-22.728420, 0.447951] | l2 radius: 1.58E+00 | Size: 1.00E+00 | Time: 1ms
> Iteration 01 | Bound: [-18.968262, 0.422481] | l2 radius: 1.32E+00 | Size: 2.00E+00 | Time: 3ms
> Iteration 02 | Bound: [-14.403354, 0.254670] | l2 radius: 1.00E+00 | Size: 4.00E+00 | Time: 5ms
> Iteration 03 | Bound: [-12.984784, 0.227780] | l2 radius: 9.01E-01 | Size: 8.00E+00 | Time: 6ms
> Iteration 04 | Bound: [-11.459741, 0.128445] | l2 radius: 7.91E-01 | Size: 1.60E+01 | Time: 8ms
> Iteration 05 | Bound: [-9.538239, 0.157132] | l2 radius: 6.61E-01 | Size: 3.20E+01 | Time: 10ms
> Iteration 06 | Bound: [-7.249506, 0.079507] | l2 radius: 5.00E-01 | Size: 6.40E+01 | Time: 12ms
> Iteration 07 | Bound: [-6.525712, 0.080570] | l2 radius: 4.51E-01 | Size: 1.26E+02 | Time: 15ms
> Iteration 08 | Bound: [-5.726348, 0.067745] | l2 radius: 3.95E-01 | Size: 2.47E+02 | Time: 19ms
> Iteration 09 | Bound: [-4.758618, 0.089068] | l2 radius: 3.31E-01 | Size: 4.72E+02 | Time: 26ms
> Iteration 10 | Bound: [-3.572874, 0.091632] | l2 radius: 2.50E-01 | Size: 8.83E+02 | Time: 39ms
> Iteration 11 | Bound: [-3.208627, 0.094514] | l2 radius: 2.25E-01 | Size: 1.72E+03 | Time: 63ms
> Iteration 12 | Bound: [-2.796569, 0.100478] | l2 radius: 1.98E-01 | Size: 3.28E+03 | Time: 122ms
> Iteration 13 | Bound: [-2.323033, 0.100810] | l2 radius: 1.65E-01 | Size: 6.23E+03 | Time: 202ms
> Iteration 14 | Bound: [-1.732159, 0.100094] | l2 radius: 1.25E-01 | Size: 1.18E+04 | Time: 368ms
> Iteration 15 | Bound: [-1.550787, 0.100784] | l2 radius: 1.13E-01 | Size: 2.28E+04 | Time: 681ms
> Iteration 16 | Bound: [-1.341755, 0.101583] | l2 radius: 9.88E-02 | Size: 4.43E+04 | Time: 1s292ms
> Iteration 17 | Bound: [-0.918368, 0.101487] | l2 radius: 8.27E-02 | Size: 8.66E+04 | Time: 2s459ms
> Iteration 18 | Bound: [-0.484270, 0.099118] | l2 radius: 6.25E-02 | Size: 1.70E+05 | Time: 4s794ms
> Iteration 19 | Bound: [-0.380283, 0.100192] | l2 radius: 5.63E-02 | Size: 2.13E+05 | Time: 7s647ms
> Iteration 20 | Bound: [-0.272843, 0.100718] | l2 radius: 4.94E-02 | Size: 2.67E+05 | Time: 11s256ms
> Iteration 21 | Bound: [-0.167296, 0.099695] | l2 radius: 4.13E-02 | Size: 2.73E+05 | Time: 14s938ms
> Iteration 22 | Bound: [-0.054284, 0.098638] | l2 radius: 3.12E-02 | Size: 1.73E+05 | Time: 17s272ms
> Iteration 23 | Bound: [-0.028287, 0.099229] | l2 radius: 2.82E-02 | Size: 1.63E+04 | Time: 17s495ms
> Iteration 24 | Bound: [-0.001037, 0.099457] | l2 radius: 2.47E-02 | Size: 2.89E+03 | Time: 17s550ms
> Iteration 25 | Bound: [0.026931, 0.101147] | l2 radius: 2.07E-02 | Size: 3.00E+00 | Time: 17s552ms
> No region to refine. Done!
> Time for subregion 0000000011: 17s552ms
> Total time up to subregion 0000000011: 10m42s = 642.423821926117 s
==> Subregion 0000000012 / 0000000016: 
==> [[ 0.  0. -1.  0.], [2. 2. 0. 1.]]
==> Lipschitz constant of the zero order test function: 14.658024
> Iteration 00 | Bound: [-22.754335, 0.422034] | l2 radius: 1.58E+00 | Size: 1.00E+00 | Time: 1ms
> Iteration 01 | Bound: [-19.016535, 0.374208] | l2 radius: 1.32E+00 | Size: 2.00E+00 | Time: 2ms
> Iteration 02 | Bound: [-14.432477, 0.225547] | l2 radius: 1.00E+00 | Size: 4.00E+00 | Time: 4ms
> Iteration 03 | Bound: [-13.005226, 0.207339] | l2 radius: 9.01E-01 | Size: 8.00E+00 | Time: 6ms
> Iteration 04 | Bound: [-11.451063, 0.137123] | l2 radius: 7.91E-01 | Size: 1.60E+01 | Time: 8ms
> Iteration 05 | Bound: [-9.584520, 0.110851] | l2 radius: 6.61E-01 | Size: 3.20E+01 | Time: 10ms
> Iteration 06 | Bound: [-7.252219, 0.076793] | l2 radius: 5.00E-01 | Size: 6.40E+01 | Time: 12ms
> Iteration 07 | Bound: [-6.524921, 0.081361] | l2 radius: 4.51E-01 | Size: 1.26E+02 | Time: 15ms
> Iteration 08 | Bound: [-5.707897, 0.086196] | l2 radius: 3.95E-01 | Size: 2.50E+02 | Time: 19ms
> Iteration 09 | Bound: [-4.749547, 0.098138] | l2 radius: 3.31E-01 | Size: 4.84E+02 | Time: 27ms
> Iteration 10 | Bound: [-3.549183, 0.115323] | l2 radius: 2.50E-01 | Size: 9.13E+02 | Time: 40ms
> Iteration 11 | Bound: [-3.183857, 0.119284] | l2 radius: 2.25E-01 | Size: 1.80E+03 | Time: 64ms
> Iteration 12 | Bound: [-2.772588, 0.124459] | l2 radius: 1.98E-01 | Size: 3.51E+03 | Time: 108ms
> Iteration 13 | Bound: [-2.286204, 0.137639] | l2 radius: 1.65E-01 | Size: 6.69E+03 | Time: 207ms
> Iteration 14 | Bound: [-1.685341, 0.146912] | l2 radius: 1.25E-01 | Size: 1.28E+04 | Time: 381ms
> Iteration 15 | Bound: [-1.501967, 0.149603] | l2 radius: 1.13E-01 | Size: 2.50E+04 | Time: 722ms
> Iteration 16 | Bound: [-1.276561, 0.155245] | l2 radius: 9.88E-02 | Size: 4.87E+04 | Time: 1s401ms
> Iteration 17 | Bound: [-0.854553, 0.163587] | l2 radius: 8.27E-02 | Size: 9.44E+04 | Time: 2s680ms
> Iteration 18 | Bound: [-0.420349, 0.164585] | l2 radius: 6.25E-02 | Size: 1.85E+05 | Time: 5s170ms
> Iteration 19 | Bound: [-0.313750, 0.167015] | l2 radius: 5.63E-02 | Size: 3.38E+05 | Time: 9s703ms
> Iteration 20 | Bound: [-0.204166, 0.169918] | l2 radius: 4.94E-02 | Size: 3.47E+05 | Time: 14s418ms
> Iteration 21 | Bound: [-0.093723, 0.172302] | l2 radius: 4.13E-02 | Size: 2.70E+05 | Time: 18s198ms
> Iteration 22 | Bound: [0.017603, 0.171831] | l2 radius: 3.12E-02 | Size: 8.62E+04 | Time: 19s385ms
> No region to refine. Done!
> Time for subregion 0000000012: 19s385ms
> Total time up to subregion 0000000012: 11m1s = 661.8091244697571 s
==> Subregion 0000000013 / 0000000016: 
==> [[-2. -2.  0.  0.], [0. 0. 1. 1.]]
==> Lipschitz constant of the zero order test function: 14.658024
> Iteration 00 | Bound: [-23.066324, 0.110046] | l2 radius: 1.58E+00 | Size: 1.00E+00 | Time: 1ms
> Iteration 01 | Bound: [-19.285601, 0.105142] | l2 radius: 1.32E+00 | Size: 2.00E+00 | Time: 3ms
> Iteration 02 | Bound: [-14.560717, 0.097307] | l2 radius: 1.00E+00 | Size: 4.00E+00 | Time: 5ms
> Iteration 03 | Bound: [-13.115788, 0.096776] | l2 radius: 9.01E-01 | Size: 8.00E+00 | Time: 7ms
> Iteration 04 | Bound: [-11.489609, 0.098577] | l2 radius: 7.91E-01 | Size: 1.60E+01 | Time: 8ms
> Iteration 05 | Bound: [-9.604887, 0.090484] | l2 radius: 6.61E-01 | Size: 3.20E+01 | Time: 10ms
> Iteration 06 | Bound: [-7.259014, 0.069998] | l2 radius: 5.00E-01 | Size: 6.40E+01 | Time: 13ms
> Iteration 07 | Bound: [-6.537766, 0.068517] | l2 radius: 4.51E-01 | Size: 1.28E+02 | Time: 15ms
> Iteration 08 | Bound: [-5.726694, 0.067399] | l2 radius: 3.95E-01 | Size: 2.56E+02 | Time: 20ms
> Iteration 09 | Bound: [-4.782460, 0.065226] | l2 radius: 3.31E-01 | Size: 4.46E+02 | Time: 27ms
> Iteration 10 | Bound: [-3.600675, 0.063831] | l2 radius: 2.50E-01 | Size: 7.05E+02 | Time: 39ms
> Iteration 11 | Bound: [-3.239518, 0.063623] | l2 radius: 2.25E-01 | Size: 1.26E+03 | Time: 57ms
> Iteration 12 | Bound: [-2.833703, 0.063343] | l2 radius: 1.98E-01 | Size: 2.19E+03 | Time: 104ms
> Iteration 13 | Bound: [-2.359598, 0.064245] | l2 radius: 1.65E-01 | Size: 3.71E+03 | Time: 159ms
> Iteration 14 | Bound: [-1.770339, 0.061914] | l2 radius: 1.25E-01 | Size: 6.35E+03 | Time: 264ms
> Iteration 15 | Bound: [-1.588642, 0.062929] | l2 radius: 1.13E-01 | Size: 1.17E+04 | Time: 432ms
> Iteration 16 | Bound: [-1.330895, 0.062825] | l2 radius: 9.88E-02 | Size: 2.25E+04 | Time: 745ms
> Iteration 17 | Bound: [-0.913264, 0.062989] | l2 radius: 8.27E-02 | Size: 4.21E+04 | Time: 1s332ms
> Iteration 18 | Bound: [-0.495085, 0.062112] | l2 radius: 6.25E-02 | Size: 7.97E+04 | Time: 2s454ms
> Iteration 19 | Bound: [-0.391022, 0.062721] | l2 radius: 5.63E-02 | Size: 1.54E+05 | Time: 4s604ms
> Iteration 20 | Bound: [-0.286725, 0.062843] | l2 radius: 4.94E-02 | Size: 3.03E+05 | Time: 8s774ms
> Iteration 21 | Bound: [-0.181881, 0.062827] | l2 radius: 4.13E-02 | Size: 5.91E+05 | Time: 16s938ms
> Iteration 22 | Bound: [-0.077293, 0.062676] | l2 radius: 3.12E-02 | Size: 1.16E+06 | Time: 32s944ms
> Iteration 23 | Bound: [-0.051202, 0.062682] | l2 radius: 2.82E-02 | Size: 1.64E+06 | Time: 55s555ms
> Iteration 24 | Bound: [-0.025072, 0.062687] | l2 radius: 2.47E-02 | Size: 1.29E+06 | Time: 1m12s
> Iteration 25 | Bound: [0.001267, 0.062767] | l2 radius: 2.07E-02 | Size: 3.57E+05 | Time: 1m17s
> No region to refine. Done!
> Time for subregion 0000000013: 1m17s
> Total time up to subregion 0000000013: 12m19s = 739.5660164356232 s
==> Subregion 0000000014 / 0000000016: 
==> [[ 0. -2.  0.  0.], [2. 0. 1. 1.]]
==> Lipschitz constant of the zero order test function: 14.658024
> Iteration 00 | Bound: [-22.777235, 0.399136] | l2 radius: 1.58E+00 | Size: 1.00E+00 | Time: 1ms
> Iteration 01 | Bound: [-19.180443, 0.210300] | l2 radius: 1.32E+00 | Size: 2.00E+00 | Time: 3ms
> Iteration 02 | Bound: [-14.452174, 0.205850] | l2 radius: 1.00E+00 | Size: 4.00E+00 | Time: 6ms
> Iteration 03 | Bound: [-13.037430, 0.175135] | l2 radius: 9.01E-01 | Size: 8.00E+00 | Time: 8ms
> Iteration 04 | Bound: [-11.414443, 0.173743] | l2 radius: 7.91E-01 | Size: 1.60E+01 | Time: 11ms
> Iteration 05 | Bound: [-9.532166, 0.163205] | l2 radius: 6.61E-01 | Size: 3.20E+01 | Time: 13ms
> Iteration 06 | Bound: [-7.200963, 0.128049] | l2 radius: 5.00E-01 | Size: 6.40E+01 | Time: 15ms
> Iteration 07 | Bound: [-6.494381, 0.111901] | l2 radius: 4.51E-01 | Size: 1.28E+02 | Time: 18ms
> Iteration 08 | Bound: [-5.683880, 0.110213] | l2 radius: 3.95E-01 | Size: 2.56E+02 | Time: 22ms
> Iteration 09 | Bound: [-4.748747, 0.098939] | l2 radius: 3.31E-01 | Size: 5.12E+02 | Time: 30ms
> Iteration 10 | Bound: [-3.550553, 0.113953] | l2 radius: 2.50E-01 | Size: 9.59E+02 | Time: 44ms
> Iteration 11 | Bound: [-3.183400, 0.119742] | l2 radius: 2.25E-01 | Size: 1.78E+03 | Time: 68ms
> Iteration 12 | Bound: [-2.759355, 0.137692] | l2 radius: 1.98E-01 | Size: 3.25E+03 | Time: 110ms
> Iteration 13 | Bound: [-2.260430, 0.163413] | l2 radius: 1.65E-01 | Size: 5.98E+03 | Time: 203ms
> Iteration 14 | Bound: [-1.675328, 0.156925] | l2 radius: 1.25E-01 | Size: 1.11E+04 | Time: 359ms
> Iteration 15 | Bound: [-1.481521, 0.170049] | l2 radius: 1.13E-01 | Size: 2.13E+04 | Time: 661ms
> Iteration 16 | Bound: [-1.275761, 0.170011] | l2 radius: 9.88E-02 | Size: 4.17E+04 | Time: 1s212ms
> Iteration 17 | Bound: [-0.831176, 0.170899] | l2 radius: 8.27E-02 | Size: 8.15E+04 | Time: 2s338ms
> Iteration 18 | Bound: [-0.428122, 0.173138] | l2 radius: 6.25E-02 | Size: 1.59E+05 | Time: 4s556ms
> Iteration 19 | Bound: [-0.313364, 0.171420] | l2 radius: 5.63E-02 | Size: 2.24E+05 | Time: 7s635ms
> Iteration 20 | Bound: [-0.208311, 0.173216] | l2 radius: 4.94E-02 | Size: 3.04E+05 | Time: 11s717ms
> Iteration 21 | Bound: [-0.083006, 0.175178] | l2 radius: 4.13E-02 | Size: 2.25E+05 | Time: 14s774ms
> Iteration 22 | Bound: [0.019635, 0.172794] | l2 radius: 3.12E-02 | Size: 5.02E+04 | Time: 15s458ms
> No region to refine. Done!
> Time for subregion 0000000014: 15s458ms
> Total time up to subregion 0000000014: 12m35s = 755.0242581367493 s
==> Subregion 0000000015 / 0000000016: 
==> [[-2.  0.  0.  0.], [0. 2. 1. 1.]]
==> Lipschitz constant of the zero order test function: 14.658024
> Iteration 00 | Bound: [-22.686359, 0.490011] | l2 radius: 1.58E+00 | Size: 1.00E+00 | Time: 1ms
> Iteration 01 | Bound: [-18.936491, 0.454253] | l2 radius: 1.32E+00 | Size: 2.00E+00 | Time: 3ms
> Iteration 02 | Bound: [-14.394252, 0.263772] | l2 radius: 1.00E+00 | Size: 4.00E+00 | Time: 4ms
> Iteration 03 | Bound: [-12.945121, 0.267444] | l2 radius: 9.01E-01 | Size: 8.00E+00 | Time: 6ms
> Iteration 04 | Bound: [-11.412160, 0.176025] | l2 radius: 7.91E-01 | Size: 1.60E+01 | Time: 8ms
> Iteration 05 | Bound: [-9.542211, 0.153161] | l2 radius: 6.61E-01 | Size: 3.20E+01 | Time: 10ms
> Iteration 06 | Bound: [-7.235274, 0.093738] | l2 radius: 5.00E-01 | Size: 6.40E+01 | Time: 12ms
> Iteration 07 | Bound: [-6.511130, 0.095152] | l2 radius: 4.51E-01 | Size: 1.28E+02 | Time: 15ms
> Iteration 08 | Bound: [-5.714267, 0.079826] | l2 radius: 3.95E-01 | Size: 2.56E+02 | Time: 19ms
> Iteration 09 | Bound: [-4.768493, 0.079193] | l2 radius: 3.31E-01 | Size: 5.12E+02 | Time: 27ms
> Iteration 10 | Bound: [-3.596059, 0.068447] | l2 radius: 2.50E-01 | Size: 1.00E+03 | Time: 41ms
> Iteration 11 | Bound: [-3.235116, 0.068025] | l2 radius: 2.25E-01 | Size: 1.98E+03 | Time: 84ms
> Iteration 12 | Bound: [-2.830611, 0.066435] | l2 radius: 1.98E-01 | Size: 3.86E+03 | Time: 132ms
> Iteration 13 | Bound: [-2.357169, 0.066674] | l2 radius: 1.65E-01 | Size: 7.42E+03 | Time: 242ms
> Iteration 14 | Bound: [-1.769180, 0.063073] | l2 radius: 1.25E-01 | Size: 1.43E+04 | Time: 434ms
> Iteration 15 | Bound: [-1.588330, 0.063241] | l2 radius: 1.13E-01 | Size: 2.81E+04 | Time: 812ms
> Iteration 16 | Bound: [-1.358091, 0.063823] | l2 radius: 9.88E-02 | Size: 5.50E+04 | Time: 1s568ms
> Iteration 17 | Bound: [-0.937528, 0.063463] | l2 radius: 8.27E-02 | Size: 1.08E+05 | Time: 3s16ms
> Iteration 18 | Bound: [-0.508756, 0.062472] | l2 radius: 6.25E-02 | Size: 2.13E+05 | Time: 5s894ms
> Iteration 19 | Bound: [-0.404306, 0.062682] | l2 radius: 5.63E-02 | Size: 3.15E+05 | Time: 10s115ms
> Iteration 20 | Bound: [-0.296464, 0.062823] | l2 radius: 4.94E-02 | Size: 3.95E+05 | Time: 15s445ms
> Iteration 21 | Bound: [-0.190384, 0.063064] | l2 radius: 4.13E-02 | Size: 4.43E+05 | Time: 21s430ms
> Iteration 22 | Bound: [-0.078857, 0.062547] | l2 radius: 3.12E-02 | Size: 4.47E+05 | Time: 27s456ms
> Iteration 23 | Bound: [-0.052794, 0.062652] | l2 radius: 2.82E-02 | Size: 2.67E+05 | Time: 31s52ms
> Iteration 24 | Bound: [-0.025172, 0.062715] | l2 radius: 2.47E-02 | Size: 2.96E+05 | Time: 35s42ms
> Iteration 25 | Bound: [0.001237, 0.062762] | l2 radius: 2.07E-02 | Size: 1.83E+05 | Time: 37s533ms
> No region to refine. Done!
> Time for subregion 0000000015: 37s534ms
> Total time up to subregion 0000000015: 13m12s = 792.5583441257477 s
==> Subregion 0000000016 / 0000000016: 
==> [[0. 0. 0. 0.], [2. 2. 1. 1.]]
==> Lipschitz constant of the zero order test function: 14.658024
> Iteration 00 | Bound: [-22.699701, 0.476670] | l2 radius: 1.58E+00 | Size: 1.00E+00 | Time: 1ms
> Iteration 01 | Bound: [-18.935339, 0.455404] | l2 radius: 1.32E+00 | Size: 2.00E+00 | Time: 4ms
> Iteration 02 | Bound: [-14.280397, 0.377627] | l2 radius: 1.00E+00 | Size: 4.00E+00 | Time: 6ms
> Iteration 03 | Bound: [-12.852082, 0.360482] | l2 radius: 9.01E-01 | Size: 8.00E+00 | Time: 8ms
> Iteration 04 | Bound: [-11.288094, 0.300091] | l2 radius: 7.91E-01 | Size: 1.60E+01 | Time: 11ms
> Iteration 05 | Bound: [-9.395756, 0.299616] | l2 radius: 6.61E-01 | Size: 3.20E+01 | Time: 13ms
> Iteration 06 | Bound: [-7.096466, 0.232546] | l2 radius: 5.00E-01 | Size: 6.40E+01 | Time: 16ms
> Iteration 07 | Bound: [-6.382178, 0.224104] | l2 radius: 4.51E-01 | Size: 1.28E+02 | Time: 19ms
> Iteration 08 | Bound: [-5.602287, 0.191806] | l2 radius: 3.95E-01 | Size: 2.56E+02 | Time: 24ms
> Iteration 09 | Bound: [-4.693306, 0.154380] | l2 radius: 3.31E-01 | Size: 5.12E+02 | Time: 33ms
> Iteration 10 | Bound: [-3.523867, 0.140639] | l2 radius: 2.50E-01 | Size: 1.02E+03 | Time: 55ms
> Iteration 11 | Bound: [-3.170943, 0.132198] | l2 radius: 2.25E-01 | Size: 2.04E+03 | Time: 89ms
> Iteration 12 | Bound: [-2.753014, 0.144032] | l2 radius: 1.98E-01 | Size: 4.04E+03 | Time: 155ms
> Iteration 13 | Bound: [-2.256884, 0.166959] | l2 radius: 1.65E-01 | Size: 7.93E+03 | Time: 270ms
> Iteration 14 | Bound: [-1.666474, 0.165779] | l2 radius: 1.25E-01 | Size: 1.55E+04 | Time: 480ms
> Iteration 15 | Bound: [-1.480004, 0.171567] | l2 radius: 1.13E-01 | Size: 3.06E+04 | Time: 882ms
> Iteration 16 | Bound: [-1.252666, 0.182141] | l2 radius: 9.88E-02 | Size: 6.05E+04 | Time: 1s717ms
> Iteration 17 | Bound: [-0.823350, 0.192987] | l2 radius: 8.27E-02 | Size: 1.20E+05 | Time: 3s332ms
> Iteration 18 | Bound: [-0.396635, 0.190935] | l2 radius: 6.25E-02 | Size: 2.38E+05 | Time: 6s577ms
> Iteration 19 | Bound: [-0.285795, 0.189669] | l2 radius: 5.63E-02 | Size: 3.51E+05 | Time: 11s299ms
> Iteration 20 | Bound: [-0.181526, 0.190926] | l2 radius: 4.94E-02 | Size: 3.96E+05 | Time: 16s665ms
> Iteration 21 | Bound: [-0.072919, 0.191394] | l2 radius: 4.13E-02 | Size: 2.10E+05 | Time: 19s511ms
> Iteration 22 | Bound: [0.036175, 0.189549] | l2 radius: 3.12E-02 | Size: 1.64E+04 | Time: 19s731ms
> No region to refine. Done!
> Time for subregion 0000000016: 19s731ms
> Total time up to subregion 0000000016: 13m32s = 812.2900087833405 s
> Total time excluding drawing: 13m32s = 812.2900087833405 s
> Success: True
==> Done!
