==> Creating result directory ...
==> Loading test settings ...
==> Deciding torch device ...
==> torch device:  cuda
==> Seeding everything ...
==> Building dynamical system ...
==> Building cbf neural network ...
==========================================================================================
Layer (type:depth-idx)                   Output Shape              Param #
==========================================================================================
LipschitzNetwork                         [1, 1]                    --
├─Sequential: 1-1                        [1, 1]                    --
│    └─SandwichFc: 2-1                   [1, 128]                  17,153
│    └─SandwichFc: 2-2                   [1, 128]                  33,025
│    └─SandwichFc: 2-3                   [1, 128]                  33,025
│    └─SandwichLin: 2-4                  [1, 1]                    131
==========================================================================================
Total params: 83,334
Trainable params: 82,950
Non-trainable params: 384
Total mult-adds (M): 0.08
==========================================================================================
Input size (MB): 0.00
Forward/backward pass size (MB): 0.00
Params size (MB): 0.33
Estimated Total Size (MB): 0.34
==========================================================================================
==> Lipschitz constant of CBF network: 1.000000
==> Amount of training data:  40000
==> Creating training data ...
==> Start training ...
Epoch: 001 | Train Loss: 2.9845E-01 | CBF GN: 9.3203E+00 | Time: 906ms
Epoch: 001 | Test Loss: 8.7665E-02 | Time: 193ms
> Save at epoch 001 | Test loss 8.7665E-02
Epoch: 002 | Test Loss: 2.0752E-02 | Time: 183ms
> Save at epoch 002 | Test loss 2.0752E-02
Epoch: 003 | Test Loss: 1.5019E-02 | Time: 177ms
> Save at epoch 003 | Test loss 1.5019E-02
Epoch: 004 | Test Loss: 1.1284E-02 | Time: 193ms
> Save at epoch 004 | Test loss 1.1284E-02
Epoch: 005 | Test Loss: 7.0873E-03 | Time: 219ms
> Save at epoch 005 | Test loss 7.0873E-03
Epoch: 006 | Train Loss: 1.6364E-02 | CBF GN: 4.1275E-01 | Time: 802ms
Epoch: 006 | Test Loss: 9.3666E-03 | Time: 196ms
Epoch: 007 | Test Loss: 7.9350E-03 | Time: 188ms
Epoch: 008 | Test Loss: 7.5239E-03 | Time: 203ms
Epoch: 009 | Test Loss: 5.5768E-03 | Time: 177ms
> Save at epoch 009 | Test loss 5.5768E-03
Epoch: 010 | Test Loss: 6.4227E-03 | Time: 177ms
Epoch: 011 | Train Loss: 1.2350E-02 | CBF GN: 2.8178E-01 | Time: 768ms
Epoch: 011 | Test Loss: 1.0452E-02 | Time: 203ms
Epoch: 012 | Test Loss: 5.7826E-03 | Time: 178ms
Epoch: 013 | Test Loss: 6.2995E-03 | Time: 178ms
Epoch: 014 | Test Loss: 7.1186E-03 | Time: 177ms
Epoch: 015 | Test Loss: 4.7314E-03 | Time: 177ms
> Save at epoch 015 | Test loss 4.7314E-03
Epoch: 016 | Train Loss: 1.1810E-02 | CBF GN: 2.2562E-01 | Time: 767ms
Epoch: 016 | Test Loss: 5.1197E-03 | Time: 177ms
Epoch: 017 | Test Loss: 1.1226E-02 | Time: 176ms
Epoch: 018 | Test Loss: 8.3766E-03 | Time: 177ms
Epoch: 019 | Test Loss: 6.3406E-03 | Time: 177ms
Epoch: 020 | Test Loss: 6.4656E-03 | Time: 177ms
Epoch: 021 | Train Loss: 1.2390E-02 | CBF GN: 2.1427E-01 | Time: 768ms
Epoch: 021 | Test Loss: 6.6168E-03 | Time: 177ms
Epoch: 022 | Test Loss: 6.5474E-03 | Time: 203ms
Epoch: 023 | Test Loss: 8.4644E-03 | Time: 177ms
Epoch: 024 | Test Loss: 7.3807E-03 | Time: 177ms
Epoch: 025 | Test Loss: 5.9792E-03 | Time: 202ms
Epoch: 026 | Train Loss: 1.1234E-02 | CBF GN: 1.8722E-01 | Time: 778ms
Epoch: 026 | Test Loss: 7.1896E-03 | Time: 178ms
Epoch: 027 | Test Loss: 8.8271E-03 | Time: 177ms
Epoch: 028 | Test Loss: 8.3818E-03 | Time: 177ms
Epoch: 029 | Test Loss: 8.3672E-03 | Time: 177ms
Epoch: 030 | Test Loss: 6.2651E-03 | Time: 176ms
Epoch: 031 | Train Loss: 1.0004E-02 | CBF GN: 1.6584E-01 | Time: 797ms
Epoch: 031 | Test Loss: 7.1582E-03 | Time: 177ms
Epoch: 032 | Test Loss: 6.1379E-03 | Time: 177ms
Epoch: 033 | Test Loss: 5.4795E-03 | Time: 176ms
Epoch: 034 | Test Loss: 6.4978E-03 | Time: 178ms
Epoch: 035 | Test Loss: 7.4275E-03 | Time: 177ms
Epoch: 036 | Train Loss: 9.9199E-03 | CBF GN: 1.6103E-01 | Time: 768ms
Epoch: 036 | Test Loss: 5.8019E-03 | Time: 203ms
Epoch: 037 | Test Loss: 5.4581E-03 | Time: 177ms
Epoch: 038 | Test Loss: 5.6111E-03 | Time: 177ms
Epoch: 039 | Test Loss: 6.6756E-03 | Time: 202ms
Epoch: 040 | Test Loss: 5.7939E-03 | Time: 177ms
Epoch: 041 | Train Loss: 1.0269E-02 | CBF GN: 1.6083E-01 | Time: 772ms
Epoch: 041 | Test Loss: 4.7685E-03 | Time: 179ms
Epoch: 042 | Test Loss: 4.9952E-03 | Time: 202ms
Epoch: 043 | Test Loss: 6.8655E-03 | Time: 177ms
Epoch: 044 | Test Loss: 7.2156E-03 | Time: 177ms
Epoch: 045 | Test Loss: 5.5261E-03 | Time: 178ms
Epoch: 046 | Train Loss: 1.0257E-02 | CBF GN: 1.6998E-01 | Time: 773ms
Epoch: 046 | Test Loss: 6.3421E-03 | Time: 178ms
Epoch: 047 | Test Loss: 4.9281E-03 | Time: 177ms
Epoch: 048 | Test Loss: 5.2336E-03 | Time: 177ms
Epoch: 049 | Test Loss: 6.5860E-03 | Time: 177ms
Epoch: 050 | Test Loss: 4.5847E-03 | Time: 202ms
> Save at epoch 050 | Test loss 4.5847E-03
Epoch: 051 | Train Loss: 8.6937E-03 | CBF GN: 1.4339E-01 | Time: 767ms
Epoch: 051 | Test Loss: 5.2556E-03 | Time: 177ms
Epoch: 052 | Test Loss: 8.0004E-03 | Time: 177ms
Epoch: 053 | Test Loss: 6.1012E-03 | Time: 204ms
Epoch: 054 | Test Loss: 6.6274E-03 | Time: 177ms
Epoch: 055 | Test Loss: 7.9259E-03 | Time: 178ms
Epoch: 056 | Train Loss: 9.3129E-03 | CBF GN: 1.5154E-01 | Time: 775ms
Epoch: 056 | Test Loss: 5.3489E-03 | Time: 205ms
Epoch: 057 | Test Loss: 5.7967E-03 | Time: 177ms
Epoch: 058 | Test Loss: 6.0269E-03 | Time: 177ms
Epoch: 059 | Test Loss: 4.8334E-03 | Time: 177ms
Epoch: 060 | Test Loss: 5.1462E-03 | Time: 177ms
Epoch: 061 | Train Loss: 8.2983E-03 | CBF GN: 1.4169E-01 | Time: 767ms
Epoch: 061 | Test Loss: 5.0284E-03 | Time: 177ms
Epoch: 062 | Test Loss: 4.2700E-03 | Time: 177ms
> Save at epoch 062 | Test loss 4.2700E-03
Epoch: 063 | Test Loss: 5.2185E-03 | Time: 177ms
Epoch: 064 | Test Loss: 5.2245E-03 | Time: 203ms
Epoch: 065 | Test Loss: 4.4535E-03 | Time: 177ms
Epoch: 066 | Train Loss: 7.4427E-03 | CBF GN: 1.2676E-01 | Time: 770ms
Epoch: 066 | Test Loss: 4.7615E-03 | Time: 177ms
Epoch: 067 | Test Loss: 4.7953E-03 | Time: 203ms
Epoch: 068 | Test Loss: 5.0467E-03 | Time: 178ms
Epoch: 069 | Test Loss: 5.0057E-03 | Time: 178ms
Epoch: 070 | Test Loss: 5.4862E-03 | Time: 203ms
Epoch: 071 | Train Loss: 7.3141E-03 | CBF GN: 1.2170E-01 | Time: 771ms
Epoch: 071 | Test Loss: 4.6066E-03 | Time: 177ms
Epoch: 072 | Test Loss: 5.4678E-03 | Time: 178ms
Epoch: 073 | Test Loss: 4.6482E-03 | Time: 177ms
Epoch: 074 | Test Loss: 4.5142E-03 | Time: 178ms
Epoch: 075 | Test Loss: 4.6466E-03 | Time: 178ms
Epoch: 076 | Train Loss: 7.0737E-03 | CBF GN: 1.1836E-01 | Time: 797ms
Epoch: 076 | Test Loss: 4.1384E-03 | Time: 178ms
> Save at epoch 076 | Test loss 4.1384E-03
Epoch: 077 | Test Loss: 4.2594E-03 | Time: 177ms
Epoch: 078 | Test Loss: 4.4920E-03 | Time: 176ms
Epoch: 079 | Test Loss: 4.8430E-03 | Time: 177ms
Epoch: 080 | Test Loss: 4.6628E-03 | Time: 177ms
Epoch: 081 | Train Loss: 6.7538E-03 | CBF GN: 1.1905E-01 | Time: 776ms
Epoch: 081 | Test Loss: 4.3686E-03 | Time: 203ms
Epoch: 082 | Test Loss: 4.4054E-03 | Time: 176ms
Epoch: 083 | Test Loss: 5.4501E-03 | Time: 177ms
Epoch: 084 | Test Loss: 4.5016E-03 | Time: 202ms
Epoch: 085 | Test Loss: 4.4341E-03 | Time: 177ms
Epoch: 086 | Train Loss: 6.5263E-03 | CBF GN: 1.2191E-01 | Time: 774ms
Epoch: 086 | Test Loss: 4.6597E-03 | Time: 178ms
Epoch: 087 | Test Loss: 4.2005E-03 | Time: 178ms
Epoch: 088 | Test Loss: 4.6641E-03 | Time: 177ms
Epoch: 089 | Test Loss: 4.2586E-03 | Time: 178ms
Epoch: 090 | Test Loss: 4.3032E-03 | Time: 177ms
Epoch: 091 | Train Loss: 6.2260E-03 | CBF GN: 1.0984E-01 | Time: 774ms
Epoch: 091 | Test Loss: 4.3917E-03 | Time: 177ms
Epoch: 092 | Test Loss: 4.3348E-03 | Time: 177ms
Epoch: 093 | Test Loss: 4.1660E-03 | Time: 192ms
Epoch: 094 | Test Loss: 4.3360E-03 | Time: 179ms
Epoch: 095 | Test Loss: 4.2774E-03 | Time: 207ms
Epoch: 096 | Train Loss: 6.0903E-03 | CBF GN: 1.1284E-01 | Time: 807ms
Epoch: 096 | Test Loss: 4.2500E-03 | Time: 177ms
Epoch: 097 | Test Loss: 4.3040E-03 | Time: 177ms
Epoch: 098 | Test Loss: 4.2805E-03 | Time: 202ms
Epoch: 099 | Test Loss: 4.2919E-03 | Time: 179ms
Epoch: 100 | Test Loss: 4.2944E-03 | Time: 177ms
Total time: 1m36s
==> Visualizing training and test losses ...
==> Computing the smoothness constants ...
> Lipschitz constant of CBF network: 1.000000
> Hessian bound of CBF network: 6.532818
==> Saving the training results ...
==> Visualizing the CBF function and feasibility condition ...
==> Checking the safe and unsafe set ...
> Safe set percentage: 0.7440
> Unsafe set percentage: 0.9999
> Feasibility percentage: 1.0000
> Success:  False
==> Saving the feasibility results ...
==> Visualizing the CBF function and stability condition ...
==> Visualizing the feasibility condition ...
==> Done!
