==> Creating result directory ...
==> Loading test settings ...
==> Deciding torch device ...
==> torch device:  cpu
==> Building cbf neural network ...
==> Lipschitz constant of CBF network: 1.000000
==> Hessian bound of CBF network: 6.532818
==> Third order elementwise bound of CBF network: 66.677713
==> Number of subregions: 1
==> Subregion 0000000001 / 0000000001: 
==> [[-0.5 -2.  -1.  -1. ], [0.5 0.  1.  1. ]]
> Iteration 00 | Bound: [-0.329456, 1.473320] | l2 radius: 1.80E+00 | Size: 1.00E+00 | Time: 14ms
> Iteration 01 | Bound: [-0.313130, 1.268009] | l2 radius: 1.58E+00 | Size: 2.00E+00 | Time: 17ms
> Iteration 02 | Bound: [-0.246397, 1.076478] | l2 radius: 1.32E+00 | Size: 4.00E+00 | Time: 20ms
> Iteration 03 | Bound: [-0.240322, 0.759678] | l2 radius: 1.00E+00 | Size: 8.00E+00 | Time: 24ms
> Iteration 04 | Bound: [-0.193732, 0.707655] | l2 radius: 9.01E-01 | Size: 1.60E+01 | Time: 29ms
> Iteration 05 | Bound: [-0.187120, 0.603450] | l2 radius: 7.91E-01 | Size: 3.20E+01 | Time: 38ms
> Iteration 06 | Bound: [-0.175297, 0.486140] | l2 radius: 6.61E-01 | Size: 6.40E+01 | Time: 51ms
> Iteration 07 | Bound: [-0.170195, 0.329805] | l2 radius: 5.00E-01 | Size: 1.28E+02 | Time: 79ms
> Iteration 08 | Bound: [-0.141441, 0.309253] | l2 radius: 4.51E-01 | Size: 2.34E+02 | Time: 125ms
> Iteration 09 | Bound: [-0.133422, 0.261863] | l2 radius: 3.95E-01 | Size: 4.38E+02 | Time: 206ms
> Iteration 10 | Bound: [-0.126944, 0.203775] | l2 radius: 3.31E-01 | Size: 7.82E+02 | Time: 344ms
> Iteration 11 | Bound: [-0.116099, 0.133901] | l2 radius: 2.50E-01 | Size: 1.31E+03 | Time: 566ms
> Iteration 12 | Bound: [-0.104835, 0.120026] | l2 radius: 2.25E-01 | Size: 1.49E+03 | Time: 817ms
> Iteration 13 | Bound: [-0.097151, 0.098630] | l2 radius: 1.98E-01 | Size: 1.68E+03 | Time: 1s88ms
> Iteration 14 | Bound: [-0.082799, 0.060985] | l2 radius: 1.65E-01 | Size: 1.26E+03 | Time: 1s286ms
> Iteration 15 | Bound: [-0.068155, 0.019811] | l2 radius: 1.25E-01 | Size: 1.44E+02 | Time: 1s317ms
> Iteration 16 | Bound: [-0.055681, 0.007202] | l2 radius: 1.13E-01 | Size: 4.00E+00 | Time: 1s320ms
> Iteration 17 | Bound: [-0.045177, -0.003462] | l2 radius: 9.88E-02 | Size: 2.00E+00 | Time: 1s323ms
> No region to refine. Done!
> Time for subregion 0000000001: 1s323ms
> Total time up to subregion 0000000001: 1s323ms = 1.3233039379119873 s
> Total time excluding drawing: 1s323ms = 1.3233039379119873 s
> Success: True
==> Done!
