==> Creating result directory ...
==> Loading test settings ...
==> Deciding torch device ...
==> torch device:  cuda
==> Seeding everything ...
==> Building dynamical system ...
==> Building cbf neural network ...
==========================================================================================
Layer (type:depth-idx)                   Output Shape              Param #
==========================================================================================
LipschitzNetwork                         [1, 1]                    --
├─Sequential: 1-1                        [1, 1]                    --
│    └─SandwichFc: 2-1                   [1, 128]                  16,897
│    └─SandwichFc: 2-2                   [1, 128]                  33,025
│    └─SandwichLin: 2-3                  [1, 1]                    131
==========================================================================================
Total params: 50,053
Trainable params: 49,797
Non-trainable params: 256
Total mult-adds (M): 0.05
==========================================================================================
Input size (MB): 0.00
Forward/backward pass size (MB): 0.00
Params size (MB): 0.20
Estimated Total Size (MB): 0.20
==========================================================================================
==> Lipschitz constant of CBF network: 1.000000
==> Amount of training data:  1500
==> Creating training data ...
==> Start training ...
Epoch: 001 | Train Loss: 8.8086E-02 | CBF GN: 3.6577E+00 | Time: 104ms
Epoch: 001 | Test Loss: 8.4497E-02 | Time: 7ms
> Save at epoch 001 | Test loss 8.4497E-02
Epoch: 002 | Test Loss: 1.0167E-01 | Time: 7ms
Epoch: 003 | Test Loss: 9.0141E-02 | Time: 7ms
Epoch: 004 | Test Loss: 5.2788E-02 | Time: 7ms
> Save at epoch 004 | Test loss 5.2788E-02
Epoch: 005 | Test Loss: 4.6789E-02 | Time: 7ms
> Save at epoch 005 | Test loss 4.6789E-02
Epoch: 006 | Train Loss: 4.5379E-02 | CBF GN: 2.2028E+00 | Time: 25ms
Epoch: 006 | Test Loss: 1.4106E-02 | Time: 7ms
> Save at epoch 006 | Test loss 1.4106E-02
Epoch: 007 | Test Loss: 3.4459E-02 | Time: 7ms
Epoch: 008 | Test Loss: 4.7132E-02 | Time: 7ms
Epoch: 009 | Test Loss: 2.3553E-02 | Time: 7ms
Epoch: 010 | Test Loss: 3.7099E-02 | Time: 7ms
Epoch: 011 | Train Loss: 2.0118E-02 | CBF GN: 5.6949E-01 | Time: 25ms
Epoch: 011 | Test Loss: 3.7796E-02 | Time: 7ms
Epoch: 012 | Test Loss: 5.0225E-02 | Time: 7ms
Epoch: 013 | Test Loss: 8.9197E-03 | Time: 7ms
> Save at epoch 013 | Test loss 8.9197E-03
Epoch: 014 | Test Loss: 6.8734E-03 | Time: 7ms
> Save at epoch 014 | Test loss 6.8734E-03
Epoch: 015 | Test Loss: 4.4479E-03 | Time: 7ms
> Save at epoch 015 | Test loss 4.4479E-03
Epoch: 016 | Train Loss: 5.2049E-03 | CBF GN: 2.2517E-01 | Time: 25ms
Epoch: 016 | Test Loss: 5.6625E-03 | Time: 7ms
Epoch: 017 | Test Loss: 6.1801E-03 | Time: 8ms
Epoch: 018 | Test Loss: 8.5138E-03 | Time: 7ms
Epoch: 019 | Test Loss: 5.7642E-03 | Time: 7ms
Epoch: 020 | Test Loss: 5.8495E-03 | Time: 7ms
Epoch: 021 | Train Loss: 5.8390E-03 | CBF GN: 1.9597E-01 | Time: 25ms
Epoch: 021 | Test Loss: 5.2395E-03 | Time: 7ms
Epoch: 022 | Test Loss: 1.9400E-03 | Time: 7ms
> Save at epoch 022 | Test loss 1.9400E-03
Epoch: 023 | Test Loss: 1.2729E-03 | Time: 7ms
> Save at epoch 023 | Test loss 1.2729E-03
Epoch: 024 | Test Loss: 3.1309E-04 | Time: 7ms
> Save at epoch 024 | Test loss 3.1309E-04
Epoch: 025 | Test Loss: 1.2294E-03 | Time: 7ms
Epoch: 026 | Train Loss: 1.6287E-03 | CBF GN: 9.4110E-02 | Time: 25ms
Epoch: 026 | Test Loss: 8.3765E-04 | Time: 7ms
Epoch: 027 | Test Loss: 4.1763E-04 | Time: 7ms
Epoch: 028 | Test Loss: 3.8603E-04 | Time: 7ms
Epoch: 029 | Test Loss: 5.8414E-04 | Time: 7ms
Epoch: 030 | Test Loss: 4.7970E-04 | Time: 7ms
Epoch: 031 | Train Loss: 6.8536E-04 | CBF GN: 4.6971E-02 | Time: 25ms
Epoch: 031 | Test Loss: 3.6301E-04 | Time: 7ms
Epoch: 032 | Test Loss: 5.0155E-04 | Time: 8ms
Epoch: 033 | Test Loss: 3.9753E-04 | Time: 7ms
Epoch: 034 | Test Loss: 5.0086E-04 | Time: 7ms
Epoch: 035 | Test Loss: 5.0955E-04 | Time: 7ms
Epoch: 036 | Train Loss: 6.7495E-04 | CBF GN: 7.0086E-02 | Time: 24ms
Epoch: 036 | Test Loss: 6.5987E-04 | Time: 7ms
Epoch: 037 | Test Loss: 4.3278E-04 | Time: 7ms
Epoch: 038 | Test Loss: 4.8613E-04 | Time: 7ms
Epoch: 039 | Test Loss: 4.2968E-04 | Time: 7ms
Epoch: 040 | Test Loss: 4.3549E-04 | Time: 7ms
Epoch: 041 | Train Loss: 4.8815E-04 | CBF GN: 7.8398E-02 | Time: 25ms
Epoch: 041 | Test Loss: 2.4446E-04 | Time: 7ms
> Save at epoch 041 | Test loss 2.4446E-04
Epoch: 042 | Test Loss: 3.1879E-04 | Time: 7ms
Epoch: 043 | Test Loss: 5.5536E-04 | Time: 7ms
Epoch: 044 | Test Loss: 3.6351E-04 | Time: 7ms
Epoch: 045 | Test Loss: 2.6798E-04 | Time: 7ms
Epoch: 046 | Train Loss: 5.4142E-04 | CBF GN: 5.7203E-02 | Time: 25ms
Epoch: 046 | Test Loss: 4.0395E-04 | Time: 7ms
Epoch: 047 | Test Loss: 4.8168E-04 | Time: 7ms
Epoch: 048 | Test Loss: 2.0476E-04 | Time: 7ms
> Save at epoch 048 | Test loss 2.0476E-04
Epoch: 049 | Test Loss: 2.3243E-04 | Time: 7ms
Epoch: 050 | Test Loss: 1.6595E-04 | Time: 7ms
> Save at epoch 050 | Test loss 1.6595E-04
Epoch: 051 | Train Loss: 4.5769E-04 | CBF GN: 7.6208E-02 | Time: 25ms
Epoch: 051 | Test Loss: 2.9346E-04 | Time: 7ms
Epoch: 052 | Test Loss: 4.1449E-04 | Time: 7ms
Epoch: 053 | Test Loss: 3.9582E-04 | Time: 7ms
Epoch: 054 | Test Loss: 5.1453E-04 | Time: 32ms
Epoch: 055 | Test Loss: 3.3441E-04 | Time: 7ms
Epoch: 056 | Train Loss: 4.4515E-04 | CBF GN: 5.9147E-02 | Time: 25ms
Epoch: 056 | Test Loss: 2.2556E-04 | Time: 7ms
Epoch: 057 | Test Loss: 1.5167E-04 | Time: 7ms
> Save at epoch 057 | Test loss 1.5167E-04
Epoch: 058 | Test Loss: 4.0194E-04 | Time: 7ms
Epoch: 059 | Test Loss: 1.5093E-04 | Time: 7ms
> Save at epoch 059 | Test loss 1.5093E-04
Epoch: 060 | Test Loss: 2.1312E-04 | Time: 7ms
Epoch: 061 | Train Loss: 2.9595E-04 | CBF GN: 2.7379E-02 | Time: 25ms
Epoch: 061 | Test Loss: 2.2672E-04 | Time: 7ms
Epoch: 062 | Test Loss: 1.8589E-04 | Time: 7ms
Epoch: 063 | Test Loss: 2.4260E-04 | Time: 7ms
Epoch: 064 | Test Loss: 2.6950E-04 | Time: 7ms
Epoch: 065 | Test Loss: 3.1606E-04 | Time: 7ms
Epoch: 066 | Train Loss: 3.3422E-04 | CBF GN: 5.0731E-02 | Time: 25ms
Epoch: 066 | Test Loss: 1.7931E-04 | Time: 7ms
Epoch: 067 | Test Loss: 2.0686E-04 | Time: 7ms
Epoch: 068 | Test Loss: 3.5972E-04 | Time: 7ms
Epoch: 069 | Test Loss: 1.9787E-04 | Time: 7ms
Epoch: 070 | Test Loss: 2.0526E-04 | Time: 7ms
Epoch: 071 | Train Loss: 2.9315E-04 | CBF GN: 3.9381E-02 | Time: 25ms
Epoch: 071 | Test Loss: 2.5597E-04 | Time: 7ms
Epoch: 072 | Test Loss: 1.9440E-04 | Time: 7ms
Epoch: 073 | Test Loss: 2.0191E-04 | Time: 7ms
Epoch: 074 | Test Loss: 1.7305E-04 | Time: 7ms
Epoch: 075 | Test Loss: 1.9733E-04 | Time: 7ms
Epoch: 076 | Train Loss: 2.4282E-04 | CBF GN: 2.9051E-02 | Time: 25ms
Epoch: 076 | Test Loss: 2.0199E-04 | Time: 7ms
Epoch: 077 | Test Loss: 2.1867E-04 | Time: 7ms
Epoch: 078 | Test Loss: 1.7995E-04 | Time: 7ms
Epoch: 079 | Test Loss: 1.8224E-04 | Time: 7ms
Epoch: 080 | Test Loss: 1.9434E-04 | Time: 7ms
Epoch: 081 | Train Loss: 2.2546E-04 | CBF GN: 3.1680E-02 | Time: 25ms
Epoch: 081 | Test Loss: 2.0456E-04 | Time: 7ms
Epoch: 082 | Test Loss: 1.8235E-04 | Time: 7ms
Epoch: 083 | Test Loss: 1.7749E-04 | Time: 7ms
Epoch: 084 | Test Loss: 1.8752E-04 | Time: 7ms
Epoch: 085 | Test Loss: 1.7504E-04 | Time: 7ms
Epoch: 086 | Train Loss: 2.0953E-04 | CBF GN: 2.3318E-02 | Time: 25ms
Epoch: 086 | Test Loss: 1.8361E-04 | Time: 7ms
Epoch: 087 | Test Loss: 1.6408E-04 | Time: 7ms
Epoch: 088 | Test Loss: 2.0185E-04 | Time: 7ms
Epoch: 089 | Test Loss: 1.7990E-04 | Time: 7ms
Epoch: 090 | Test Loss: 1.8462E-04 | Time: 7ms
Epoch: 091 | Train Loss: 2.0508E-04 | CBF GN: 2.4392E-02 | Time: 25ms
Epoch: 091 | Test Loss: 1.7114E-04 | Time: 7ms
Epoch: 092 | Test Loss: 1.6985E-04 | Time: 7ms
Epoch: 093 | Test Loss: 1.8043E-04 | Time: 7ms
Epoch: 094 | Test Loss: 1.8630E-04 | Time: 7ms
Epoch: 095 | Test Loss: 1.8109E-04 | Time: 7ms
Epoch: 096 | Train Loss: 1.9498E-04 | CBF GN: 2.0923E-02 | Time: 25ms
Epoch: 096 | Test Loss: 1.7557E-04 | Time: 7ms
Epoch: 097 | Test Loss: 1.7619E-04 | Time: 7ms
Epoch: 098 | Test Loss: 1.7647E-04 | Time: 7ms
Epoch: 099 | Test Loss: 1.7680E-04 | Time: 7ms
Epoch: 100 | Test Loss: 1.7734E-04 | Time: 7ms
Total time: 3s445ms
==> Visualizing training and test losses ...
==> Computing the smoothness constants ...
> Lipschitz constant of CBF network: 1.000000
> Hessian bound of CBF network: 4.355212
==> Saving the training results ...
==> Visualizing the CBF function and feasibility condition ...
==> Checking the safe and unsafe set ...
> Safe set percentage: 0.6794
> Unsafe set percentage: 1.0000
> Feasibility percentage: 1.0000
> Success:  True
==> Saving the feasibility results ...
==> Visualizing the CBF function and stability condition ...
==> Visualizing the feasibility condition ...
==> Done!
