==> Creating result directory ...
==> Loading test settings ...
==> Deciding torch device ...
==> torch device:  cuda
==> Building cbf neural network ...
==> Lipschitz constant of CBF network: 4.000000
==> Hessian bound of CBF network: 17.420848
==> Third order elementwise bound of CBF network: 128.000000
==> Number of subregions: 1
==> Subregion 0000000001 / 0000000001: 
==> [[-0.5 -2.  -1.  -1. ], [0.5 0.  1.  1. ]]
> Iteration 00 | Bound: [-1.013472, 6.197631] | l2 radius: 1.80E+00 | Size: 1.00E+00 | Time: 70ms
> Iteration 01 | Bound: [-0.993900, 5.330655] | l2 radius: 1.58E+00 | Size: 2.00E+00 | Time: 74ms
> Iteration 02 | Bound: [-0.820198, 4.471304] | l2 radius: 1.32E+00 | Size: 4.00E+00 | Time: 76ms
> Iteration 03 | Bound: [-0.747125, 3.252875] | l2 radius: 1.00E+00 | Size: 8.00E+00 | Time: 77ms
> Iteration 04 | Bound: [-0.634997, 2.970554] | l2 radius: 9.01E-01 | Size: 1.60E+01 | Time: 79ms
> Iteration 05 | Bound: [-0.618192, 2.544086] | l2 radius: 7.91E-01 | Size: 3.20E+01 | Time: 81ms
> Iteration 06 | Bound: [-0.543794, 2.101957] | l2 radius: 6.61E-01 | Size: 6.40E+01 | Time: 82ms
> Iteration 07 | Bound: [-0.530569, 1.469431] | l2 radius: 5.00E-01 | Size: 1.28E+02 | Time: 84ms
> Iteration 08 | Bound: [-0.445348, 1.357428] | l2 radius: 4.51E-01 | Size: 2.56E+02 | Time: 86ms
> Iteration 09 | Bound: [-0.412512, 1.157192] | l2 radius: 3.95E-01 | Size: 5.12E+02 | Time: 89ms
> Iteration 10 | Bound: [-0.386005, 0.869339] | l2 radius: 3.31E-01 | Size: 9.86E+02 | Time: 96ms
> Iteration 11 | Bound: [-0.330009, 0.476001] | l2 radius: 2.50E-01 | Size: 1.63E+03 | Time: 108ms
> Iteration 12 | Bound: [-0.293914, 0.381067] | l2 radius: 2.25E-01 | Size: 1.44E+03 | Time: 118ms
> Iteration 13 | Bound: [-0.267118, 0.284709] | l2 radius: 1.98E-01 | Size: 1.29E+03 | Time: 128ms
> Iteration 14 | Bound: [-0.223725, 0.153198] | l2 radius: 1.65E-01 | Size: 6.98E+02 | Time: 134ms
> Iteration 15 | Bound: [-0.125040, 0.048189] | l2 radius: 1.25E-01 | Size: 3.60E+01 | Time: 136ms
> Iteration 16 | Bound: [-0.101229, 0.022872] | l2 radius: 1.13E-01 | Size: 2.00E+00 | Time: 138ms
> Iteration 17 | Bound: [-0.081167, 0.001563] | l2 radius: 9.88E-02 | Size: 2.00E+00 | Time: 140ms
> Iteration 18 | Bound: [-0.064896, -0.016032] | l2 radius: 8.27E-02 | Size: 2.00E+00 | Time: 142ms
> No region to refine. Done!
> Time for subregion 0000000001: 142ms
> Total time up to subregion 0000000001: 142ms = 0.14263105392456055 s
> Total time excluding drawing: 142ms = 0.14263105392456055 s
> Success: True
==> Done!
