==> Creating result directory ...
==> Loading test settings ...
==> Deciding torch device ...
==> torch device:  cpu
==> Building dynamical system ...
==> Building cbf neural network ...
==> Lipschitz constant of CBF network: 1.000000
==> Hessian bound of CBF network: 6.532818
==> Third order elementwise bound of CBF network: 66.677713
==> Number of subregions: 1
==> Subregion 0000000001 / 0000000001: 
==> [[-3.14 -5.  ], [3.14 5.  ]]
==> Lipschitz constant of the zero order test function: 159.999742
> Iteration 00 | Bound: [-944.512390, 0.158401] | l2 radius: 5.90E+00 | Size: 1.00E+00 | Time: 7ms
> Iteration 01 | Bound: [-641.259766, 0.927401] | l2 radius: 4.01E+00 | Size: 2.00E+00 | Time: 10ms
> Iteration 02 | Bound: [-472.278107, 0.057283] | l2 radius: 2.95E+00 | Size: 4.00E+00 | Time: 12ms
> Iteration 03 | Bound: [-321.031372, 0.062219] | l2 radius: 2.01E+00 | Size: 8.00E+00 | Time: 14ms
> Iteration 04 | Bound: [-236.091202, 0.076485] | l2 radius: 1.48E+00 | Size: 1.60E+01 | Time: 18ms
> Iteration 05 | Bound: [-160.482162, 0.064643] | l2 radius: 1.00E+00 | Size: 3.20E+01 | Time: 21ms
> Iteration 06 | Bound: [-118.103394, 0.036326] | l2 radius: 7.38E-01 | Size: 6.40E+01 | Time: 28ms
> Iteration 07 | Bound: [-80.299820, 0.002054] | l2 radius: 5.02E-01 | Size: 1.28E+02 | Time: 39ms
> Iteration 08 | Bound: [-59.163586, 0.000236] | l2 radius: 3.69E-01 | Size: 2.56E+02 | Time: 57ms
> Iteration 09 | Bound: [-40.256310, 0.000335] | l2 radius: 2.51E-01 | Size: 5.12E+02 | Time: 99ms
> Iteration 10 | Bound: [-29.700516, 0.006111] | l2 radius: 1.85E-01 | Size: 9.28E+02 | Time: 171ms
> Iteration 11 | Bound: [-15.579825, 0.006244] | l2 radius: 1.25E-01 | Size: 1.39E+03 | Time: 304ms
> Iteration 12 | Bound: [-8.422254, 0.001461] | l2 radius: 9.23E-02 | Size: 2.40E+03 | Time: 481ms
> Iteration 13 | Bound: [-3.890485, 0.013370] | l2 radius: 6.27E-02 | Size: 4.36E+03 | Time: 824ms
> Iteration 14 | Bound: [-2.092444, 0.006959] | l2 radius: 4.61E-02 | Size: 8.33E+03 | Time: 1s394ms
> Iteration 15 | Bound: [-0.979223, 0.007836] | l2 radius: 3.14E-02 | Size: 1.59E+04 | Time: 2s356ms
> Iteration 16 | Bound: [-0.515162, 0.015706] | l2 radius: 2.31E-02 | Size: 2.21E+04 | Time: 3s724ms
> Iteration 17 | Bound: [-0.234098, 0.015316] | l2 radius: 1.57E-02 | Size: 2.92E+04 | Time: 5s518ms
> Iteration 18 | Bound: [-0.123296, 0.016779] | l2 radius: 1.15E-02 | Size: 3.53E+04 | Time: 7s663ms
> Iteration 19 | Bound: [-0.045848, 0.016324] | l2 radius: 7.84E-03 | Size: 3.63E+04 | Time: 9s878ms
> Iteration 20 | Bound: [-0.018122, 0.015541] | l2 radius: 5.77E-03 | Size: 3.48E+03 | Time: 10s110ms
> Iteration 21 | Bound: [-0.001999, 0.015632] | l2 radius: 3.92E-03 | Size: 5.77E+02 | Time: 10s153ms
> Iteration 22 | Bound: [0.007180, 0.015842] | l2 radius: 2.88E-03 | Size: 5.00E+00 | Time: 10s155ms
> No region to refine. Done!
> Time for subregion 0000000001: 10s155ms
> Total time up to subregion 0000000001: 10s155ms = 10.155730724334717 s
> Total time excluding drawing: 10s155ms = 10.155730724334717 s
> Success: True
==> Done!
