==> Creating result directory ...
==> Loading test settings ...
==> Deciding torch device ...
==> torch device:  cuda
==> Seeding everything ...
==> Building dynamical system ...
==> Building cbf neural network ...
==========================================================================================
Layer (type:depth-idx)                   Output Shape              Param #
==========================================================================================
LipschitzNetwork                         [1, 1]                    --
├─Sequential: 1-1                        [1, 1]                    --
│    └─SandwichFc: 2-1                   [1, 128]                  16,897
│    └─SandwichLin: 2-2                  [1, 1]                    131
==========================================================================================
Total params: 17,028
Trainable params: 16,900
Non-trainable params: 128
Total mult-adds (M): 0.02
==========================================================================================
Input size (MB): 0.00
Forward/backward pass size (MB): 0.00
Params size (MB): 0.07
Estimated Total Size (MB): 0.07
==========================================================================================
==> Lipschitz constant of CBF network: 1.000000
==> Amount of training data:  1500
==> Creating training data ...
==> Start training ...
Epoch: 001 | Train Loss: 5.9392E-02 | CBF GN: 7.6688E+00 | Time: 102ms
Epoch: 001 | Test Loss: 5.7976E-02 | Time: 6ms
> Save at epoch 001 | Test loss 5.7976E-02
Epoch: 002 | Test Loss: 1.1676E-01 | Time: 6ms
Epoch: 003 | Test Loss: 4.0893E-02 | Time: 6ms
> Save at epoch 003 | Test loss 4.0893E-02
Epoch: 004 | Test Loss: 1.6329E-02 | Time: 6ms
> Save at epoch 004 | Test loss 1.6329E-02
Epoch: 005 | Test Loss: 2.5500E-02 | Time: 6ms
Epoch: 006 | Train Loss: 3.1231E-02 | CBF GN: 1.5578E+00 | Time: 20ms
Epoch: 006 | Test Loss: 1.9260E-02 | Time: 6ms
Epoch: 007 | Test Loss: 1.4753E-02 | Time: 6ms
> Save at epoch 007 | Test loss 1.4753E-02
Epoch: 008 | Test Loss: 5.8543E-03 | Time: 6ms
> Save at epoch 008 | Test loss 5.8543E-03
Epoch: 009 | Test Loss: 2.8986E-02 | Time: 6ms
Epoch: 010 | Test Loss: 1.4264E-02 | Time: 6ms
Epoch: 011 | Train Loss: 8.5691E-03 | CBF GN: 8.7166E-01 | Time: 20ms
Epoch: 011 | Test Loss: 1.7874E-02 | Time: 6ms
Epoch: 012 | Test Loss: 1.2851E-02 | Time: 6ms
Epoch: 013 | Test Loss: 8.3665E-03 | Time: 6ms
Epoch: 014 | Test Loss: 6.5582E-03 | Time: 6ms
Epoch: 015 | Test Loss: 4.8957E-03 | Time: 6ms
> Save at epoch 015 | Test loss 4.8957E-03
Epoch: 016 | Train Loss: 6.1070E-03 | CBF GN: 5.0146E-01 | Time: 20ms
Epoch: 016 | Test Loss: 1.6201E-02 | Time: 6ms
Epoch: 017 | Test Loss: 4.6280E-03 | Time: 6ms
> Save at epoch 017 | Test loss 4.6280E-03
Epoch: 018 | Test Loss: 9.5937E-03 | Time: 6ms
Epoch: 019 | Test Loss: 5.7896E-03 | Time: 6ms
Epoch: 020 | Test Loss: 4.1851E-03 | Time: 7ms
> Save at epoch 020 | Test loss 4.1851E-03
Epoch: 021 | Train Loss: 4.6747E-03 | CBF GN: 3.8172E-01 | Time: 21ms
Epoch: 021 | Test Loss: 6.2599E-03 | Time: 6ms
Epoch: 022 | Test Loss: 7.8642E-03 | Time: 6ms
Epoch: 023 | Test Loss: 6.5172E-03 | Time: 6ms
Epoch: 024 | Test Loss: 2.7451E-03 | Time: 6ms
> Save at epoch 024 | Test loss 2.7451E-03
Epoch: 025 | Test Loss: 2.2614E-03 | Time: 6ms
> Save at epoch 025 | Test loss 2.2614E-03
Epoch: 026 | Train Loss: 2.7221E-03 | CBF GN: 1.8861E-01 | Time: 19ms
Epoch: 026 | Test Loss: 2.2835E-03 | Time: 6ms
Epoch: 027 | Test Loss: 1.6728E-03 | Time: 6ms
> Save at epoch 027 | Test loss 1.6728E-03
Epoch: 028 | Test Loss: 1.1281E-03 | Time: 6ms
> Save at epoch 028 | Test loss 1.1281E-03
Epoch: 029 | Test Loss: 6.7678E-04 | Time: 8ms
> Save at epoch 029 | Test loss 6.7678E-04
Epoch: 030 | Test Loss: 4.8650E-04 | Time: 6ms
> Save at epoch 030 | Test loss 4.8650E-04
Epoch: 031 | Train Loss: 9.0416E-04 | CBF GN: 1.1422E-01 | Time: 20ms
Epoch: 031 | Test Loss: 3.6936E-04 | Time: 6ms
> Save at epoch 031 | Test loss 3.6936E-04
Epoch: 032 | Test Loss: 3.9622E-04 | Time: 6ms
Epoch: 033 | Test Loss: 2.4763E-04 | Time: 6ms
> Save at epoch 033 | Test loss 2.4763E-04
Epoch: 034 | Test Loss: 3.0553E-04 | Time: 6ms
Epoch: 035 | Test Loss: 2.9147E-04 | Time: 6ms
Epoch: 036 | Train Loss: 6.8686E-04 | CBF GN: 1.1388E-01 | Time: 20ms
Epoch: 036 | Test Loss: 3.8509E-04 | Time: 6ms
Epoch: 037 | Test Loss: 5.4628E-04 | Time: 6ms
Epoch: 038 | Test Loss: 4.4832E-04 | Time: 6ms
Epoch: 039 | Test Loss: 7.2910E-04 | Time: 7ms
Epoch: 040 | Test Loss: 1.5737E-03 | Time: 7ms
Epoch: 041 | Train Loss: 1.3434E-03 | CBF GN: 1.6059E-01 | Time: 20ms
Epoch: 041 | Test Loss: 9.5344E-04 | Time: 6ms
Epoch: 042 | Test Loss: 6.8092E-04 | Time: 6ms
Epoch: 043 | Test Loss: 6.6378E-04 | Time: 6ms
Epoch: 044 | Test Loss: 4.1721E-04 | Time: 6ms
Epoch: 045 | Test Loss: 5.3380E-04 | Time: 6ms
Epoch: 046 | Train Loss: 7.5388E-04 | CBF GN: 9.8813E-02 | Time: 19ms
Epoch: 046 | Test Loss: 4.2804E-04 | Time: 6ms
Epoch: 047 | Test Loss: 3.1907E-04 | Time: 6ms
Epoch: 048 | Test Loss: 5.0122E-04 | Time: 6ms
Epoch: 049 | Test Loss: 3.4634E-04 | Time: 6ms
Epoch: 050 | Test Loss: 3.5174E-04 | Time: 6ms
Epoch: 051 | Train Loss: 7.5234E-04 | CBF GN: 1.4015E-01 | Time: 20ms
Epoch: 051 | Test Loss: 6.4298E-04 | Time: 6ms
Epoch: 052 | Test Loss: 4.9590E-04 | Time: 6ms
Epoch: 053 | Test Loss: 3.7342E-04 | Time: 6ms
Epoch: 054 | Test Loss: 3.0994E-04 | Time: 31ms
Epoch: 055 | Test Loss: 2.8318E-04 | Time: 6ms
Epoch: 056 | Train Loss: 4.9902E-04 | CBF GN: 6.9394E-02 | Time: 20ms
Epoch: 056 | Test Loss: 3.6494E-04 | Time: 7ms
Epoch: 057 | Test Loss: 4.8581E-04 | Time: 6ms
Epoch: 058 | Test Loss: 4.9315E-04 | Time: 6ms
Epoch: 059 | Test Loss: 3.6415E-04 | Time: 6ms
Epoch: 060 | Test Loss: 4.0781E-04 | Time: 6ms
Epoch: 061 | Train Loss: 4.4415E-04 | CBF GN: 5.6165E-02 | Time: 20ms
Epoch: 061 | Test Loss: 4.8748E-04 | Time: 6ms
Epoch: 062 | Test Loss: 2.9971E-04 | Time: 6ms
Epoch: 063 | Test Loss: 3.2232E-04 | Time: 6ms
Epoch: 064 | Test Loss: 3.1418E-04 | Time: 6ms
Epoch: 065 | Test Loss: 2.3794E-04 | Time: 6ms
> Save at epoch 065 | Test loss 2.3794E-04
Epoch: 066 | Train Loss: 3.8613E-04 | CBF GN: 5.4572E-02 | Time: 20ms
Epoch: 066 | Test Loss: 3.3849E-04 | Time: 6ms
Epoch: 067 | Test Loss: 2.9625E-04 | Time: 6ms
Epoch: 068 | Test Loss: 2.8905E-04 | Time: 6ms
Epoch: 069 | Test Loss: 2.2801E-04 | Time: 6ms
> Save at epoch 069 | Test loss 2.2801E-04
Epoch: 070 | Test Loss: 2.7720E-04 | Time: 6ms
Epoch: 071 | Train Loss: 3.3611E-04 | CBF GN: 2.5285E-02 | Time: 20ms
Epoch: 071 | Test Loss: 2.9303E-04 | Time: 6ms
Epoch: 072 | Test Loss: 3.0809E-04 | Time: 6ms
Epoch: 073 | Test Loss: 2.5375E-04 | Time: 6ms
Epoch: 074 | Test Loss: 2.6784E-04 | Time: 6ms
Epoch: 075 | Test Loss: 2.3985E-04 | Time: 6ms
Epoch: 076 | Train Loss: 3.4066E-04 | CBF GN: 4.4236E-02 | Time: 21ms
Epoch: 076 | Test Loss: 3.0123E-04 | Time: 6ms
Epoch: 077 | Test Loss: 3.2499E-04 | Time: 6ms
Epoch: 078 | Test Loss: 2.4417E-04 | Time: 6ms
Epoch: 079 | Test Loss: 3.0526E-04 | Time: 6ms
Epoch: 080 | Test Loss: 2.5009E-04 | Time: 6ms
Epoch: 081 | Train Loss: 3.4001E-04 | CBF GN: 3.8611E-02 | Time: 20ms
Epoch: 081 | Test Loss: 2.9134E-04 | Time: 6ms
Epoch: 082 | Test Loss: 2.3165E-04 | Time: 6ms
Epoch: 083 | Test Loss: 3.0963E-04 | Time: 6ms
Epoch: 084 | Test Loss: 2.3569E-04 | Time: 6ms
Epoch: 085 | Test Loss: 3.0424E-04 | Time: 6ms
Epoch: 086 | Train Loss: 3.4650E-04 | CBF GN: 5.0548E-02 | Time: 20ms
Epoch: 086 | Test Loss: 2.7330E-04 | Time: 6ms
Epoch: 087 | Test Loss: 2.6187E-04 | Time: 6ms
Epoch: 088 | Test Loss: 2.9496E-04 | Time: 6ms
Epoch: 089 | Test Loss: 2.6137E-04 | Time: 6ms
Epoch: 090 | Test Loss: 2.7841E-04 | Time: 6ms
Epoch: 091 | Train Loss: 3.0921E-04 | CBF GN: 4.0247E-02 | Time: 20ms
Epoch: 091 | Test Loss: 2.6748E-04 | Time: 6ms
Epoch: 092 | Test Loss: 2.7156E-04 | Time: 6ms
Epoch: 093 | Test Loss: 2.6740E-04 | Time: 7ms
Epoch: 094 | Test Loss: 2.6645E-04 | Time: 6ms
Epoch: 095 | Test Loss: 2.6493E-04 | Time: 6ms
Epoch: 096 | Train Loss: 3.0763E-04 | CBF GN: 2.0078E-02 | Time: 20ms
Epoch: 096 | Test Loss: 2.6612E-04 | Time: 6ms
Epoch: 097 | Test Loss: 2.6481E-04 | Time: 6ms
Epoch: 098 | Test Loss: 2.6340E-04 | Time: 6ms
Epoch: 099 | Test Loss: 2.6306E-04 | Time: 6ms
Epoch: 100 | Test Loss: 2.6391E-04 | Time: 6ms
Total time: 2s835ms
==> Visualizing training and test losses ...
==> Computing the smoothness constants ...
> Lipschitz constant of CBF network: 1.000000
> Hessian bound of CBF network: 2.177606
==> Saving the training results ...
==> Visualizing the CBF function and feasibility condition ...
==> Checking the safe and unsafe set ...
> Safe set percentage: 0.6522
> Unsafe set percentage: 1.0000
> Feasibility percentage: 1.0000
> Success:  True
==> Saving the feasibility results ...
==> Visualizing the CBF function and stability condition ...
==> Visualizing the feasibility condition ...
==> Done!
