==> Creating result directory ...
==> Loading test settings ...
==> Deciding torch device ...
==> torch device:  cuda
==> Building cbf neural network ...
==> Lipschitz constant of CBF network: 1.000000
==> Hessian bound of CBF network: 6.532818
==> Third order elementwise bound of CBF network: 66.677713
==> Number of subregions: 4
==> Subregion 0000000001 / 0000000004: 
==> [[-3.14 -5.  ], [-2.618  5.   ]]
> Iteration 00 | Bound: [-0.053111, 4.953696] | l2 radius: 5.01E+00 | Size: 1.00E+00 | Time: 68ms
> Iteration 01 | Bound: [-0.078777, 2.434810] | l2 radius: 2.51E+00 | Size: 2.00E+00 | Time: 73ms
> Iteration 02 | Bound: [-0.061484, 1.215474] | l2 radius: 1.28E+00 | Size: 4.00E+00 | Time: 75ms
> Iteration 03 | Bound: [-0.054863, 0.622445] | l2 radius: 6.77E-01 | Size: 8.00E+00 | Time: 76ms
> Iteration 04 | Bound: [-0.053010, 0.354148] | l2 radius: 4.07E-01 | Size: 1.60E+01 | Time: 78ms
> Iteration 05 | Bound: [-0.052786, 0.251410] | l2 radius: 3.04E-01 | Size: 3.20E+01 | Time: 80ms
> Iteration 06 | Bound: [-0.030025, 0.127034] | l2 radius: 2.04E-01 | Size: 6.40E+01 | Time: 81ms
> Iteration 07 | Bound: [-0.029869, 0.047902] | l2 radius: 1.52E-01 | Size: 1.26E+02 | Time: 83ms
> Iteration 08 | Bound: [-0.018182, 0.010608] | l2 radius: 1.02E-01 | Size: 8.20E+01 | Time: 85ms
> Iteration 09 | Bound: [-0.012930, 0.000626] | l2 radius: 7.60E-02 | Size: 2.40E+01 | Time: 87ms
> Iteration 10 | Bound: [-0.008299, -0.004076] | l2 radius: 5.09E-02 | Size: 1.20E+01 | Time: 89ms
> No region to refine. Done!
> Time for subregion 0000000001: 89ms
> Total time up to subregion 0000000001: 89ms = 0.08918428421020508 s
==> Subregion 0000000002 / 0000000004: 
==> [[ 2.618 -5.   ], [3.14 5.  ]]
> Iteration 00 | Bound: [-0.040505, 4.966302] | l2 radius: 5.01E+00 | Size: 1.00E+00 | Time: 1ms
> Iteration 01 | Bound: [-0.045327, 2.468260] | l2 radius: 2.51E+00 | Size: 2.00E+00 | Time: 2ms
> Iteration 02 | Bound: [-0.050417, 1.226541] | l2 radius: 1.28E+00 | Size: 4.00E+00 | Time: 4ms
> Iteration 03 | Bound: [-0.044723, 0.632585] | l2 radius: 6.77E-01 | Size: 8.00E+00 | Time: 5ms
> Iteration 04 | Bound: [-0.041575, 0.365582] | l2 radius: 4.07E-01 | Size: 1.60E+01 | Time: 6ms
> Iteration 05 | Bound: [-0.040706, 0.263490] | l2 radius: 3.04E-01 | Size: 3.20E+01 | Time: 8ms
> Iteration 06 | Bound: [-0.020431, 0.133763] | l2 radius: 2.04E-01 | Size: 6.40E+01 | Time: 10ms
> Iteration 07 | Bound: [-0.020465, 0.054712] | l2 radius: 1.52E-01 | Size: 1.22E+02 | Time: 11ms
> Iteration 08 | Bound: [-0.010074, 0.017312] | l2 radius: 1.02E-01 | Size: 1.46E+02 | Time: 13ms
> Iteration 09 | Bound: [-0.006290, 0.007306] | l2 radius: 7.60E-02 | Size: 5.20E+01 | Time: 15ms
> Iteration 10 | Bound: [-0.001652, 0.002580] | l2 radius: 5.09E-02 | Size: 4.20E+01 | Time: 17ms
> Iteration 11 | Bound: [-0.000428, 0.001299] | l2 radius: 3.80E-02 | Size: 2.40E+01 | Time: 18ms
> Iteration 12 | Bound: [0.000152, 0.000695] | l2 radius: 2.54E-02 | Size: 3.20E+01 | Time: 20ms
> Not included region:  [ 2.6343126  -0.29296875]
> Not included value:  0.00014864503
> Double check:  tensor([[-0.0022],
        [-0.0023],
        [-0.0023],
        [-0.0022],
        [-0.0025],
        [-0.0023]])
> Time for subregion 0000000002: 21ms
> Total time up to subregion 0000000002: 110ms = 0.11023783683776855 s
==> Subregion 0000000003 / 0000000004: 
==> [[-2.618 -5.   ], [ 2.618 -4.   ]]
> Iteration 00 | Bound: [-0.103508, 2.561811] | l2 radius: 2.67E+00 | Size: 1.00E+00 | Time: 2ms
> Iteration 01 | Bound: [-0.053134, 1.348109] | l2 radius: 1.40E+00 | Size: 2.00E+00 | Time: 5ms
> Iteration 02 | Bound: [-0.046301, 0.777331] | l2 radius: 8.24E-01 | Size: 4.00E+00 | Time: 8ms
> Iteration 03 | Bound: [-0.047199, 0.550373] | l2 radius: 5.98E-01 | Size: 8.00E+00 | Time: 11ms
> Iteration 04 | Bound: [-0.026052, 0.385764] | l2 radius: 4.12E-01 | Size: 1.60E+01 | Time: 14ms
> Iteration 05 | Bound: [-0.026103, 0.272683] | l2 radius: 2.99E-01 | Size: 3.20E+01 | Time: 17ms
> Iteration 06 | Bound: [-0.016561, 0.132950] | l2 radius: 2.06E-01 | Size: 6.40E+01 | Time: 20ms
> Iteration 07 | Bound: [-0.016008, 0.046787] | l2 radius: 1.49E-01 | Size: 1.06E+02 | Time: 23ms
> Iteration 08 | Bound: [-0.010948, 0.011836] | l2 radius: 1.03E-01 | Size: 6.80E+01 | Time: 27ms
> Iteration 09 | Bound: [-0.010856, 0.000898] | l2 radius: 7.47E-02 | Size: 2.60E+01 | Time: 30ms
> Iteration 10 | Bound: [-0.007995, -0.003554] | l2 radius: 5.15E-02 | Size: 1.00E+01 | Time: 33ms
> No region to refine. Done!
> Time for subregion 0000000003: 33ms
> Total time up to subregion 0000000003: 143ms = 0.14335083961486816 s
==> Subregion 0000000004 / 0000000004: 
==> [[-2.618  4.   ], [2.618 5.   ]]
> Iteration 00 | Bound: [-0.115706, 2.549613] | l2 radius: 2.67E+00 | Size: 1.00E+00 | Time: 2ms
> Iteration 01 | Bound: [-0.083834, 1.317409] | l2 radius: 1.40E+00 | Size: 2.00E+00 | Time: 5ms
> Iteration 02 | Bound: [-0.074508, 0.749125] | l2 radius: 8.24E-01 | Size: 4.00E+00 | Time: 8ms
> Iteration 03 | Bound: [-0.071945, 0.525628] | l2 radius: 5.98E-01 | Size: 8.00E+00 | Time: 11ms
> Iteration 04 | Bound: [-0.056776, 0.355040] | l2 radius: 4.12E-01 | Size: 1.60E+01 | Time: 13ms
> Iteration 05 | Bound: [-0.057010, 0.241776] | l2 radius: 2.99E-01 | Size: 3.20E+01 | Time: 16ms
> Iteration 06 | Bound: [-0.044899, 0.106396] | l2 radius: 2.06E-01 | Size: 6.40E+01 | Time: 20ms
> Iteration 07 | Bound: [-0.044776, 0.020634] | l2 radius: 1.49E-01 | Size: 9.20E+01 | Time: 23ms
> Iteration 08 | Bound: [-0.038378, -0.014101] | l2 radius: 1.03E-01 | Size: 2.80E+01 | Time: 26ms
> No region to refine. Done!
> Time for subregion 0000000004: 26ms
> Total time up to subregion 0000000004: 169ms = 0.16991496086120605 s
> Total time excluding drawing: 169ms = 0.16991496086120605 s
> Success: True
==> Done!
