==> Creating result directory ...
==> Loading test settings ...
==> Deciding torch device ...
==> torch device:  cuda
==> Building cbf neural network ...
==> Lipschitz constant of CBF network: 1.000000
==> Hessian bound of CBF network: 4.355212
==> Third order elementwise bound of CBF network: 30.225904
==> Number of subregions: 1
==> Subregion 0000000001 / 0000000001: 
==> [[-0.5 -2.  -0.1 -1.  -1.  -1. ], [0.5 0.  0.1 1.  1.  1. ]]
> Iteration 00 | Bound: [-0.264652, 1.799325] | l2 radius: 2.06E+00 | Size: 1.00E+00 | Time: 72ms
> Iteration 01 | Bound: [-0.246486, 1.627013] | l2 radius: 1.87E+00 | Size: 2.00E+00 | Time: 77ms
> Iteration 02 | Bound: [-0.246727, 1.414598] | l2 radius: 1.66E+00 | Size: 4.00E+00 | Time: 79ms
> Iteration 03 | Bound: [-0.245995, 1.171749] | l2 radius: 1.42E+00 | Size: 8.00E+00 | Time: 82ms
> Iteration 04 | Bound: [-0.214080, 0.908417] | l2 radius: 1.12E+00 | Size: 1.60E+01 | Time: 84ms
> Iteration 05 | Bound: [-0.183483, 0.852132] | l2 radius: 1.04E+00 | Size: 3.20E+01 | Time: 86ms
> Iteration 06 | Bound: [-0.159446, 0.781299] | l2 radius: 9.41E-01 | Size: 6.40E+01 | Time: 88ms
> Iteration 07 | Bound: [-0.159425, 0.675740] | l2 radius: 8.35E-01 | Size: 1.28E+02 | Time: 92ms
> Iteration 08 | Bound: [-0.159417, 0.554726] | l2 radius: 7.14E-01 | Size: 2.56E+02 | Time: 97ms
> Iteration 09 | Bound: [-0.143726, 0.424165] | l2 radius: 5.68E-01 | Size: 5.12E+02 | Time: 109ms
> Iteration 10 | Bound: [-0.108595, 0.416405] | l2 radius: 5.25E-01 | Size: 1.02E+03 | Time: 132ms
> Iteration 11 | Bound: [-0.092405, 0.385874] | l2 radius: 4.78E-01 | Size: 2.05E+03 | Time: 165ms
> Iteration 12 | Bound: [-0.092285, 0.334184] | l2 radius: 4.26E-01 | Size: 4.10E+03 | Time: 230ms
> Iteration 13 | Bound: [-0.092174, 0.275250] | l2 radius: 3.67E-01 | Size: 8.19E+03 | Time: 360ms
> Iteration 14 | Bound: [-0.084317, 0.173941] | l2 radius: 2.97E-01 | Size: 1.64E+04 | Time: 632ms
> Iteration 15 | Bound: [-0.063141, 0.151559] | l2 radius: 2.76E-01 | Size: 2.24E+04 | Time: 1s2ms
> Iteration 16 | Bound: [-0.054186, 0.126685] | l2 radius: 2.54E-01 | Size: 2.89E+04 | Time: 1s473ms
> Iteration 17 | Bound: [-0.054190, 0.101160] | l2 radius: 2.30E-01 | Size: 3.46E+04 | Time: 2s56ms
> Iteration 18 | Bound: [-0.054116, 0.075661] | l2 radius: 2.03E-01 | Size: 4.15E+04 | Time: 2s721ms
> Iteration 19 | Bound: [-0.050193, 0.050138] | l2 radius: 1.72E-01 | Size: 4.01E+04 | Time: 3s386ms
> Iteration 20 | Bound: [-0.049860, 0.031988] | l2 radius: 1.48E-01 | Size: 2.30E+04 | Time: 3s752ms
> Iteration 21 | Bound: [-0.038564, 0.023017] | l2 radius: 1.38E-01 | Size: 1.49E+04 | Time: 4s5ms
> Iteration 22 | Bound: [-0.033932, 0.014976] | l2 radius: 1.27E-01 | Size: 7.95E+03 | Time: 4s133ms
> Iteration 23 | Bound: [-0.031066, 0.007743] | l2 radius: 1.15E-01 | Size: 5.62E+03 | Time: 4s233ms
> Iteration 24 | Bound: [-0.025476, 0.001451] | l2 radius: 1.02E-01 | Size: 3.95E+03 | Time: 4s296ms
> Iteration 25 | Bound: [-0.020809, -0.003923] | l2 radius: 8.59E-02 | Size: 5.32E+02 | Time: 4s307ms
> No region to refine. Done!
> Time for subregion 0000000001: 4s307ms
> Total time up to subregion 0000000001: 4s307ms = 4.307445764541626 s
> Total time excluding drawing: 4s307ms = 4.307445764541626 s
> Success: True
==> Done!
