==> Creating result directory ...
==> Loading test settings ...
==> Deciding torch device ...
==> torch device:  cuda
==> Seeding everything ...
==> Building dynamical system ...
==> Building CBF neural network ...
==========================================================================================
Layer (type:depth-idx)                   Output Shape              Param #
==========================================================================================
LipschitzNetwork                         [1, 1]                    --
├─Sequential: 1-1                        [1, 1]                    --
│    └─SandwichFc: 2-1                   [1, 128]                  16,897
│    └─SandwichLin: 2-2                  [1, 1]                    131
==========================================================================================
Total params: 17,028
Trainable params: 16,900
Non-trainable params: 128
Total mult-adds (M): 0.02
==========================================================================================
Input size (MB): 0.00
Forward/backward pass size (MB): 0.00
Params size (MB): 0.07
Estimated Total Size (MB): 0.07
==========================================================================================
==> Lipschitz constant of CBF network: 1.000000
==> Amount of training data:  6000
==> Creating training data ...
==> Start training ...
Epoch: 001 | Train Loss: 4.8035E-01 | CBF GN: 5.8344E+00 | Time: 172ms
Epoch: 001 | Test Loss: 2.9317E-01 | Time: 24ms
> Save at epoch 001 | Test loss 2.9317E-01
Epoch: 002 | Test Loss: 3.4738E-02 | Time: 23ms
> Save at epoch 002 | Test loss 3.4738E-02
Epoch: 003 | Test Loss: 3.8246E-02 | Time: 24ms
Epoch: 004 | Test Loss: 2.9498E-02 | Time: 24ms
> Save at epoch 004 | Test loss 2.9498E-02
Epoch: 005 | Test Loss: 3.0814E-02 | Time: 24ms
Epoch: 006 | Train Loss: 4.8124E-02 | CBF GN: 3.5277E+00 | Time: 80ms
Epoch: 006 | Test Loss: 3.7898E-02 | Time: 24ms
Epoch: 007 | Test Loss: 3.4753E-02 | Time: 24ms
Epoch: 008 | Test Loss: 3.3465E-02 | Time: 24ms
Epoch: 009 | Test Loss: 3.4430E-02 | Time: 24ms
Epoch: 010 | Test Loss: 4.5730E-02 | Time: 24ms
Epoch: 011 | Train Loss: 7.5795E-02 | CBF GN: 2.3814E+00 | Time: 79ms
Epoch: 011 | Test Loss: 2.7850E-02 | Time: 23ms
> Save at epoch 011 | Test loss 2.7850E-02
Epoch: 012 | Test Loss: 2.8885E-02 | Time: 23ms
Epoch: 013 | Test Loss: 2.8187E-02 | Time: 23ms
Epoch: 014 | Test Loss: 2.7646E-02 | Time: 24ms
> Save at epoch 014 | Test loss 2.7646E-02
Epoch: 015 | Test Loss: 2.3679E-02 | Time: 24ms
> Save at epoch 015 | Test loss 2.3679E-02
Epoch: 016 | Train Loss: 4.1078E-02 | CBF GN: 6.8798E-01 | Time: 81ms
Epoch: 016 | Test Loss: 2.2095E-02 | Time: 24ms
> Save at epoch 016 | Test loss 2.2095E-02
Epoch: 017 | Test Loss: 2.2858E-02 | Time: 24ms
Epoch: 018 | Test Loss: 2.6478E-02 | Time: 25ms
Epoch: 019 | Test Loss: 2.8418E-02 | Time: 25ms
Epoch: 020 | Test Loss: 2.4289E-02 | Time: 24ms
Epoch: 021 | Train Loss: 3.7333E-02 | CBF GN: 6.1981E-01 | Time: 81ms
Epoch: 021 | Test Loss: 2.4216E-02 | Time: 24ms
Epoch: 022 | Test Loss: 2.3297E-02 | Time: 24ms
Epoch: 023 | Test Loss: 2.3174E-02 | Time: 24ms
Epoch: 024 | Test Loss: 1.8682E-02 | Time: 24ms
> Save at epoch 024 | Test loss 1.8682E-02
Epoch: 025 | Test Loss: 2.2598E-02 | Time: 24ms
Epoch: 026 | Train Loss: 3.3809E-02 | CBF GN: 2.3650E-01 | Time: 82ms
Epoch: 026 | Test Loss: 2.4954E-02 | Time: 24ms
Epoch: 027 | Test Loss: 2.0710E-02 | Time: 24ms
Epoch: 028 | Test Loss: 2.2707E-02 | Time: 26ms
Epoch: 029 | Test Loss: 2.3466E-02 | Time: 27ms
Epoch: 030 | Test Loss: 2.1758E-02 | Time: 26ms
Epoch: 031 | Train Loss: 3.6120E-02 | CBF GN: 4.0752E-01 | Time: 86ms
Epoch: 031 | Test Loss: 2.4658E-02 | Time: 26ms
Epoch: 032 | Test Loss: 2.8411E-02 | Time: 26ms
Epoch: 033 | Test Loss: 2.2505E-02 | Time: 27ms
Epoch: 034 | Test Loss: 2.2961E-02 | Time: 26ms
Epoch: 035 | Test Loss: 2.4520E-02 | Time: 27ms
Epoch: 036 | Train Loss: 3.2765E-02 | CBF GN: 3.5157E-01 | Time: 83ms
Epoch: 036 | Test Loss: 1.5866E-02 | Time: 26ms
> Save at epoch 036 | Test loss 1.5866E-02
Epoch: 037 | Test Loss: 1.3034E-02 | Time: 26ms
> Save at epoch 037 | Test loss 1.3034E-02
Epoch: 038 | Test Loss: 1.0403E-02 | Time: 26ms
> Save at epoch 038 | Test loss 1.0403E-02
Epoch: 039 | Test Loss: 1.0653E-02 | Time: 27ms
Epoch: 040 | Test Loss: 8.0495E-03 | Time: 25ms
> Save at epoch 040 | Test loss 8.0495E-03
Epoch: 041 | Train Loss: 1.0314E-02 | CBF GN: 1.7272E-01 | Time: 79ms
Epoch: 041 | Test Loss: 7.3309E-03 | Time: 25ms
> Save at epoch 041 | Test loss 7.3309E-03
Epoch: 042 | Test Loss: 8.0964E-03 | Time: 24ms
Epoch: 043 | Test Loss: 9.3117E-03 | Time: 24ms
Epoch: 044 | Test Loss: 5.4582E-03 | Time: 24ms
> Save at epoch 044 | Test loss 5.4582E-03
Epoch: 045 | Test Loss: 8.1331E-03 | Time: 24ms
Epoch: 046 | Train Loss: 9.6929E-03 | CBF GN: 1.4215E-01 | Time: 80ms
Epoch: 046 | Test Loss: 6.7482E-03 | Time: 24ms
Epoch: 047 | Test Loss: 6.0746E-03 | Time: 24ms
Epoch: 048 | Test Loss: 4.6874E-03 | Time: 24ms
> Save at epoch 048 | Test loss 4.6874E-03
Epoch: 049 | Test Loss: 5.6543E-03 | Time: 24ms
Epoch: 050 | Test Loss: 6.2418E-03 | Time: 24ms
Epoch: 051 | Train Loss: 9.5283E-03 | CBF GN: 1.5102E-01 | Time: 76ms
Epoch: 051 | Test Loss: 6.4327E-03 | Time: 24ms
Epoch: 052 | Test Loss: 8.0476E-03 | Time: 55ms
Epoch: 053 | Test Loss: 6.2107E-03 | Time: 24ms
Epoch: 054 | Test Loss: 5.7603E-03 | Time: 24ms
Epoch: 055 | Test Loss: 4.9821E-03 | Time: 24ms
Epoch: 056 | Train Loss: 7.8244E-03 | CBF GN: 1.4254E-01 | Time: 80ms
Epoch: 056 | Test Loss: 5.4288E-03 | Time: 24ms
Epoch: 057 | Test Loss: 6.9254E-03 | Time: 24ms
Epoch: 058 | Test Loss: 4.7524E-03 | Time: 24ms
Epoch: 059 | Test Loss: 5.9824E-03 | Time: 24ms
Epoch: 060 | Test Loss: 5.3688E-03 | Time: 25ms
Epoch: 061 | Train Loss: 9.6753E-03 | CBF GN: 1.7633E-01 | Time: 83ms
Epoch: 061 | Test Loss: 6.8874E-03 | Time: 32ms
Epoch: 062 | Test Loss: 4.3707E-03 | Time: 25ms
> Save at epoch 062 | Test loss 4.3707E-03
Epoch: 063 | Test Loss: 5.5375E-03 | Time: 26ms
Epoch: 064 | Test Loss: 4.2967E-03 | Time: 24ms
> Save at epoch 064 | Test loss 4.2967E-03
Epoch: 065 | Test Loss: 4.4600E-03 | Time: 24ms
Epoch: 066 | Train Loss: 7.6830E-03 | CBF GN: 1.4073E-01 | Time: 89ms
Epoch: 066 | Test Loss: 4.0241E-03 | Time: 27ms
> Save at epoch 066 | Test loss 4.0241E-03
Epoch: 067 | Test Loss: 6.7019E-03 | Time: 26ms
Epoch: 068 | Test Loss: 5.6071E-03 | Time: 24ms
Epoch: 069 | Test Loss: 4.9982E-03 | Time: 24ms
Epoch: 070 | Test Loss: 5.8491E-03 | Time: 25ms
Epoch: 071 | Train Loss: 7.6071E-03 | CBF GN: 1.1752E-01 | Time: 76ms
Epoch: 071 | Test Loss: 5.4216E-03 | Time: 50ms
Epoch: 072 | Test Loss: 4.8833E-03 | Time: 25ms
Epoch: 073 | Test Loss: 6.6306E-03 | Time: 24ms
Epoch: 074 | Test Loss: 4.6977E-03 | Time: 24ms
Epoch: 075 | Test Loss: 4.7876E-03 | Time: 24ms
Epoch: 076 | Train Loss: 7.3231E-03 | CBF GN: 1.5987E-01 | Time: 80ms
Epoch: 076 | Test Loss: 5.1096E-03 | Time: 24ms
Epoch: 077 | Test Loss: 4.9150E-03 | Time: 24ms
Epoch: 078 | Test Loss: 5.0431E-03 | Time: 25ms
Epoch: 079 | Test Loss: 4.4352E-03 | Time: 24ms
Epoch: 080 | Test Loss: 4.6819E-03 | Time: 24ms
Epoch: 081 | Train Loss: 6.3469E-03 | CBF GN: 1.1928E-01 | Time: 79ms
Epoch: 081 | Test Loss: 4.5302E-03 | Time: 24ms
Epoch: 082 | Test Loss: 5.0557E-03 | Time: 25ms
Epoch: 083 | Test Loss: 4.4428E-03 | Time: 24ms
Epoch: 084 | Test Loss: 4.3679E-03 | Time: 24ms
Epoch: 085 | Test Loss: 4.3045E-03 | Time: 24ms
Epoch: 086 | Train Loss: 6.1321E-03 | CBF GN: 1.2021E-01 | Time: 77ms
Epoch: 086 | Test Loss: 4.9522E-03 | Time: 24ms
Epoch: 087 | Test Loss: 4.4017E-03 | Time: 25ms
Epoch: 088 | Test Loss: 3.9221E-03 | Time: 25ms
> Save at epoch 088 | Test loss 3.9221E-03
Epoch: 089 | Test Loss: 3.5922E-03 | Time: 25ms
> Save at epoch 089 | Test loss 3.5922E-03
Epoch: 090 | Test Loss: 4.1041E-03 | Time: 50ms
Epoch: 091 | Train Loss: 5.7973E-03 | CBF GN: 9.6991E-02 | Time: 77ms
Epoch: 091 | Test Loss: 3.8690E-03 | Time: 24ms
Epoch: 092 | Test Loss: 4.6795E-03 | Time: 24ms
Epoch: 093 | Test Loss: 4.4589E-03 | Time: 26ms
Epoch: 094 | Test Loss: 4.1079E-03 | Time: 24ms
Epoch: 095 | Test Loss: 4.3210E-03 | Time: 25ms
Epoch: 096 | Train Loss: 5.6299E-03 | CBF GN: 9.1518E-02 | Time: 77ms
Epoch: 096 | Test Loss: 4.3094E-03 | Time: 24ms
Epoch: 097 | Test Loss: 4.2348E-03 | Time: 25ms
Epoch: 098 | Test Loss: 4.3074E-03 | Time: 24ms
Epoch: 099 | Test Loss: 4.3399E-03 | Time: 24ms
Epoch: 100 | Test Loss: 4.3525E-03 | Time: 24ms
Total time: 10s832ms
==> Visualizing training and test losses ...
==> Computing the smoothness constants ...
> Lipschitz constant of CBF network: 1.000000
> Hessian bound of CBF network: 2.177606
==> Saving the training results ...
==> Visualizing the CBF function and feasibility condition ...
==> Checking the safe and unsafe set ...
> Safe set percentage: 0.6696
> Unsafe set percentage: 1.0000
> Feasibility percentage: 1.0000
> Success:  True
==> Saving the feasibility results ...
==> Visualizing the CBF function and stability condition ...
==> Visualizing the feasibility condition ...
==> Done!
