==> Creating result directory ...
==> Loading test settings ...
==> Deciding torch device ...
==> torch device:  cuda
==> Seeding everything ...
==> Building dynamical system ...
==> Building cbf neural network ...
==========================================================================================
Layer (type:depth-idx)                   Output Shape              Param #
==========================================================================================
LipschitzNetwork                         [1, 1]                    --
├─Sequential: 1-1                        [1, 1]                    --
│    └─SandwichFc: 2-1                   [1, 128]                  16,897
│    └─SandwichFc: 2-2                   [1, 128]                  33,025
│    └─SandwichLin: 2-3                  [1, 1]                    131
==========================================================================================
Total params: 50,053
Trainable params: 49,797
Non-trainable params: 256
Total mult-adds (M): 0.05
==========================================================================================
Input size (MB): 0.00
Forward/backward pass size (MB): 0.00
Params size (MB): 0.20
Estimated Total Size (MB): 0.20
==========================================================================================
==> Lipschitz constant of CBF network: 1.000000
==> Amount of training data:  1500
==> Creating training data ...
==> Start training ...
Epoch: 001 | Train Loss: 6.9772E-02 | CBF GN: 3.4523E+00 | Time: 112ms
Epoch: 001 | Test Loss: 6.5449E-02 | Time: 7ms
> Save at epoch 001 | Test loss 6.5449E-02
Epoch: 002 | Test Loss: 1.0692E-01 | Time: 7ms
Epoch: 003 | Test Loss: 5.5834E-02 | Time: 7ms
> Save at epoch 003 | Test loss 5.5834E-02
Epoch: 004 | Test Loss: 5.1516E-02 | Time: 7ms
> Save at epoch 004 | Test loss 5.1516E-02
Epoch: 005 | Test Loss: 3.2134E-02 | Time: 7ms
> Save at epoch 005 | Test loss 3.2134E-02
Epoch: 006 | Train Loss: 4.8767E-02 | CBF GN: 2.5468E+00 | Time: 25ms
Epoch: 006 | Test Loss: 3.5435E-02 | Time: 7ms
Epoch: 007 | Test Loss: 1.1741E-02 | Time: 7ms
> Save at epoch 007 | Test loss 1.1741E-02
Epoch: 008 | Test Loss: 1.1065E-01 | Time: 7ms
Epoch: 009 | Test Loss: 5.9466E-02 | Time: 7ms
Epoch: 010 | Test Loss: 5.2958E-02 | Time: 7ms
Epoch: 011 | Train Loss: 3.9896E-02 | CBF GN: 1.0283E+00 | Time: 26ms
Epoch: 011 | Test Loss: 4.5467E-02 | Time: 7ms
Epoch: 012 | Test Loss: 3.1803E-02 | Time: 7ms
Epoch: 013 | Test Loss: 1.5178E-02 | Time: 7ms
Epoch: 014 | Test Loss: 1.1240E-02 | Time: 7ms
> Save at epoch 014 | Test loss 1.1240E-02
Epoch: 015 | Test Loss: 1.0538E-02 | Time: 7ms
> Save at epoch 015 | Test loss 1.0538E-02
Epoch: 016 | Train Loss: 1.0703E-02 | CBF GN: 2.4017E-01 | Time: 25ms
Epoch: 016 | Test Loss: 5.6953E-03 | Time: 7ms
> Save at epoch 016 | Test loss 5.6953E-03
Epoch: 017 | Test Loss: 3.7944E-03 | Time: 7ms
> Save at epoch 017 | Test loss 3.7944E-03
Epoch: 018 | Test Loss: 5.4248E-03 | Time: 7ms
Epoch: 019 | Test Loss: 2.5158E-03 | Time: 7ms
> Save at epoch 019 | Test loss 2.5158E-03
Epoch: 020 | Test Loss: 2.8577E-03 | Time: 7ms
Epoch: 021 | Train Loss: 2.8319E-03 | CBF GN: 1.6829E-01 | Time: 25ms
Epoch: 021 | Test Loss: 2.6106E-03 | Time: 7ms
Epoch: 022 | Test Loss: 5.9590E-03 | Time: 7ms
Epoch: 023 | Test Loss: 4.3626E-03 | Time: 7ms
Epoch: 024 | Test Loss: 2.4779E-03 | Time: 7ms
> Save at epoch 024 | Test loss 2.4779E-03
Epoch: 025 | Test Loss: 1.3954E-03 | Time: 7ms
> Save at epoch 025 | Test loss 1.3954E-03
Epoch: 026 | Train Loss: 2.0250E-03 | CBF GN: 1.4853E-01 | Time: 25ms
Epoch: 026 | Test Loss: 2.0941E-03 | Time: 7ms
Epoch: 027 | Test Loss: 7.8499E-04 | Time: 7ms
> Save at epoch 027 | Test loss 7.8499E-04
Epoch: 028 | Test Loss: 5.7653E-04 | Time: 7ms
> Save at epoch 028 | Test loss 5.7653E-04
Epoch: 029 | Test Loss: 1.1657E-03 | Time: 7ms
Epoch: 030 | Test Loss: 1.4394E-03 | Time: 7ms
Epoch: 031 | Train Loss: 1.2729E-03 | CBF GN: 1.0188E-01 | Time: 25ms
Epoch: 031 | Test Loss: 5.3293E-04 | Time: 7ms
> Save at epoch 031 | Test loss 5.3293E-04
Epoch: 032 | Test Loss: 6.4580E-04 | Time: 7ms
Epoch: 033 | Test Loss: 8.5290E-04 | Time: 7ms
Epoch: 034 | Test Loss: 5.5970E-04 | Time: 7ms
Epoch: 035 | Test Loss: 8.5695E-04 | Time: 7ms
Epoch: 036 | Train Loss: 8.9565E-04 | CBF GN: 5.8624E-02 | Time: 25ms
Epoch: 036 | Test Loss: 6.4584E-04 | Time: 8ms
Epoch: 037 | Test Loss: 4.8525E-04 | Time: 7ms
> Save at epoch 037 | Test loss 4.8525E-04
Epoch: 038 | Test Loss: 4.1266E-04 | Time: 7ms
> Save at epoch 038 | Test loss 4.1266E-04
Epoch: 039 | Test Loss: 4.5671E-04 | Time: 7ms
Epoch: 040 | Test Loss: 4.1676E-04 | Time: 7ms
Epoch: 041 | Train Loss: 7.3820E-04 | CBF GN: 6.1645E-02 | Time: 26ms
Epoch: 041 | Test Loss: 6.1033E-04 | Time: 7ms
Epoch: 042 | Test Loss: 4.8857E-04 | Time: 7ms
Epoch: 043 | Test Loss: 5.5774E-04 | Time: 7ms
Epoch: 044 | Test Loss: 4.3838E-04 | Time: 7ms
Epoch: 045 | Test Loss: 5.5279E-04 | Time: 7ms
Epoch: 046 | Train Loss: 8.7572E-04 | CBF GN: 5.3305E-02 | Time: 25ms
Epoch: 046 | Test Loss: 6.2441E-04 | Time: 7ms
Epoch: 047 | Test Loss: 5.2414E-04 | Time: 7ms
Epoch: 048 | Test Loss: 4.3426E-04 | Time: 7ms
Epoch: 049 | Test Loss: 4.7417E-04 | Time: 7ms
Epoch: 050 | Test Loss: 4.9984E-04 | Time: 7ms
Epoch: 051 | Train Loss: 6.6372E-04 | CBF GN: 5.7670E-02 | Time: 25ms
Epoch: 051 | Test Loss: 3.1352E-04 | Time: 7ms
> Save at epoch 051 | Test loss 3.1352E-04
Epoch: 052 | Test Loss: 3.5211E-04 | Time: 7ms
Epoch: 053 | Test Loss: 5.0498E-04 | Time: 7ms
Epoch: 054 | Test Loss: 5.0433E-04 | Time: 35ms
Epoch: 055 | Test Loss: 3.0223E-04 | Time: 7ms
> Save at epoch 055 | Test loss 3.0223E-04
Epoch: 056 | Train Loss: 6.0362E-04 | CBF GN: 2.7260E-02 | Time: 26ms
Epoch: 056 | Test Loss: 4.1386E-04 | Time: 7ms
Epoch: 057 | Test Loss: 3.1563E-04 | Time: 7ms
Epoch: 058 | Test Loss: 4.0770E-04 | Time: 7ms
Epoch: 059 | Test Loss: 3.8466E-04 | Time: 7ms
Epoch: 060 | Test Loss: 5.0537E-04 | Time: 7ms
Epoch: 061 | Train Loss: 5.9210E-04 | CBF GN: 6.3105E-02 | Time: 25ms
Epoch: 061 | Test Loss: 3.7020E-04 | Time: 7ms
Epoch: 062 | Test Loss: 3.5984E-04 | Time: 7ms
Epoch: 063 | Test Loss: 3.5072E-04 | Time: 7ms
Epoch: 064 | Test Loss: 4.9755E-04 | Time: 7ms
Epoch: 065 | Test Loss: 3.9693E-04 | Time: 7ms
Epoch: 066 | Train Loss: 6.1137E-04 | CBF GN: 3.8416E-02 | Time: 25ms
Epoch: 066 | Test Loss: 4.4871E-04 | Time: 7ms
Epoch: 067 | Test Loss: 3.5715E-04 | Time: 7ms
Epoch: 068 | Test Loss: 4.1109E-04 | Time: 7ms
Epoch: 069 | Test Loss: 3.9015E-04 | Time: 7ms
Epoch: 070 | Test Loss: 3.3431E-04 | Time: 7ms
Epoch: 071 | Train Loss: 5.7040E-04 | CBF GN: 4.1157E-02 | Time: 25ms
Epoch: 071 | Test Loss: 4.0545E-04 | Time: 7ms
Epoch: 072 | Test Loss: 3.3303E-04 | Time: 7ms
Epoch: 073 | Test Loss: 3.6568E-04 | Time: 7ms
Epoch: 074 | Test Loss: 3.4886E-04 | Time: 7ms
Epoch: 075 | Test Loss: 3.3229E-04 | Time: 7ms
Epoch: 076 | Train Loss: 5.7214E-04 | CBF GN: 7.3376E-02 | Time: 25ms
Epoch: 076 | Test Loss: 5.1054E-04 | Time: 7ms
Epoch: 077 | Test Loss: 2.4054E-04 | Time: 7ms
> Save at epoch 077 | Test loss 2.4054E-04
Epoch: 078 | Test Loss: 4.5739E-04 | Time: 7ms
Epoch: 079 | Test Loss: 2.8007E-04 | Time: 7ms
Epoch: 080 | Test Loss: 3.6552E-04 | Time: 7ms
Epoch: 081 | Train Loss: 4.9634E-04 | CBF GN: 4.4630E-02 | Time: 25ms
Epoch: 081 | Test Loss: 3.1153E-04 | Time: 7ms
Epoch: 082 | Test Loss: 3.9315E-04 | Time: 7ms
Epoch: 083 | Test Loss: 3.1247E-04 | Time: 7ms
Epoch: 084 | Test Loss: 3.3224E-04 | Time: 7ms
Epoch: 085 | Test Loss: 3.4951E-04 | Time: 7ms
Epoch: 086 | Train Loss: 4.7464E-04 | CBF GN: 3.8879E-02 | Time: 25ms
Epoch: 086 | Test Loss: 3.0244E-04 | Time: 7ms
Epoch: 087 | Test Loss: 3.3543E-04 | Time: 7ms
Epoch: 088 | Test Loss: 3.1586E-04 | Time: 7ms
Epoch: 089 | Test Loss: 3.2363E-04 | Time: 7ms
Epoch: 090 | Test Loss: 3.1910E-04 | Time: 7ms
Epoch: 091 | Train Loss: 4.5713E-04 | CBF GN: 3.3027E-02 | Time: 25ms
Epoch: 091 | Test Loss: 3.0572E-04 | Time: 7ms
Epoch: 092 | Test Loss: 3.2117E-04 | Time: 7ms
Epoch: 093 | Test Loss: 3.0797E-04 | Time: 7ms
Epoch: 094 | Test Loss: 3.0347E-04 | Time: 7ms
Epoch: 095 | Test Loss: 3.0444E-04 | Time: 7ms
Epoch: 096 | Train Loss: 4.5571E-04 | CBF GN: 3.2330E-02 | Time: 25ms
Epoch: 096 | Test Loss: 3.1272E-04 | Time: 7ms
Epoch: 097 | Test Loss: 3.1350E-04 | Time: 7ms
Epoch: 098 | Test Loss: 3.1245E-04 | Time: 7ms
Epoch: 099 | Test Loss: 3.1093E-04 | Time: 7ms
Epoch: 100 | Test Loss: 3.0902E-04 | Time: 7ms
Total time: 3s481ms
==> Visualizing training and test losses ...
==> Computing the smoothness constants ...
> Lipschitz constant of CBF network: 1.000000
> Hessian bound of CBF network: 4.355212
==> Saving the training results ...
==> Visualizing the CBF function and feasibility condition ...
==> Checking the safe and unsafe set ...
> Safe set percentage: 0.5114
> Unsafe set percentage: 1.0000
> Feasibility percentage: 0.9647
> Success:  False
==> Saving the feasibility results ...
==> Visualizing the CBF function and stability condition ...
==> Visualizing the feasibility condition ...
==> Done!
