==> Creating result directory ...
==> Loading test settings ...
==> Deciding torch device ...
==> torch device:  cuda
==> Building cbf neural network ...
==> Lipschitz constant of CBF network: 1.000000
==> Hessian bound of CBF network: 6.532818
==> Third order elementwise bound of CBF network: 66.677713
==> Number of subregions: 4
==> Subregion 0000000001 / 0000000004: 
==> [[-3.14 -5.  ], [-2.618  5.   ]]
> Iteration 00 | Bound: [-0.048596, 4.958211] | l2 radius: 5.01E+00 | Size: 1.00E+00 | Time: 69ms
> Iteration 01 | Bound: [-0.061320, 2.452267] | l2 radius: 2.51E+00 | Size: 2.00E+00 | Time: 74ms
> Iteration 02 | Bound: [-0.049891, 1.227067] | l2 radius: 1.28E+00 | Size: 4.00E+00 | Time: 76ms
> Iteration 03 | Bound: [-0.051064, 0.626244] | l2 radius: 6.77E-01 | Size: 8.00E+00 | Time: 77ms
> Iteration 04 | Bound: [-0.048834, 0.358323] | l2 radius: 4.07E-01 | Size: 1.60E+01 | Time: 78ms
> Iteration 05 | Bound: [-0.048420, 0.255776] | l2 radius: 3.04E-01 | Size: 3.20E+01 | Time: 80ms
> Iteration 06 | Bound: [-0.027497, 0.129071] | l2 radius: 2.04E-01 | Size: 6.40E+01 | Time: 81ms
> Iteration 07 | Bound: [-0.027328, 0.049852] | l2 radius: 1.52E-01 | Size: 1.28E+02 | Time: 83ms
> Iteration 08 | Bound: [-0.016128, 0.012467] | l2 radius: 1.02E-01 | Size: 1.20E+02 | Time: 84ms
> Iteration 09 | Bound: [-0.011221, 0.002363] | l2 radius: 7.60E-02 | Size: 2.60E+01 | Time: 86ms
> Iteration 10 | Bound: [-0.006586, -0.002341] | l2 radius: 5.09E-02 | Size: 2.20E+01 | Time: 87ms
> No region to refine. Done!
> Time for subregion 0000000001: 87ms
> Total time up to subregion 0000000001: 87ms = 0.08778619766235352 s
==> Subregion 0000000002 / 0000000004: 
==> [[ 2.618 -5.   ], [3.14 5.  ]]
> Iteration 00 | Bound: [-0.051873, 4.954934] | l2 radius: 5.01E+00 | Size: 1.00E+00 | Time: 1ms
> Iteration 01 | Bound: [-0.071304, 2.442284] | l2 radius: 2.51E+00 | Size: 2.00E+00 | Time: 2ms
> Iteration 02 | Bound: [-0.058469, 1.218488] | l2 radius: 1.28E+00 | Size: 4.00E+00 | Time: 3ms
> Iteration 03 | Bound: [-0.050975, 0.626333] | l2 radius: 6.77E-01 | Size: 8.00E+00 | Time: 4ms
> Iteration 04 | Bound: [-0.049786, 0.357371] | l2 radius: 4.07E-01 | Size: 1.60E+01 | Time: 5ms
> Iteration 05 | Bound: [-0.050048, 0.254147] | l2 radius: 3.04E-01 | Size: 3.20E+01 | Time: 6ms
> Iteration 06 | Bound: [-0.028288, 0.129354] | l2 radius: 2.04E-01 | Size: 6.40E+01 | Time: 7ms
> Iteration 07 | Bound: [-0.028412, 0.049500] | l2 radius: 1.52E-01 | Size: 1.26E+02 | Time: 9ms
> Iteration 08 | Bound: [-0.016993, 0.011840] | l2 radius: 1.02E-01 | Size: 9.60E+01 | Time: 10ms
> Iteration 09 | Bound: [-0.012080, 0.001654] | l2 radius: 7.60E-02 | Size: 2.20E+01 | Time: 11ms
> Iteration 10 | Bound: [-0.007442, -0.003134] | l2 radius: 5.09E-02 | Size: 1.60E+01 | Time: 13ms
> No region to refine. Done!
> Time for subregion 0000000002: 13ms
> Total time up to subregion 0000000002: 100ms = 0.10083460807800293 s
==> Subregion 0000000003 / 0000000004: 
==> [[-2.618 -5.   ], [ 2.618 -4.   ]]
> Iteration 00 | Bound: [-0.109005, 2.556313] | l2 radius: 2.67E+00 | Size: 1.00E+00 | Time: 1ms
> Iteration 01 | Bound: [-0.083716, 1.317527] | l2 radius: 1.40E+00 | Size: 2.00E+00 | Time: 2ms
> Iteration 02 | Bound: [-0.076637, 0.746995] | l2 radius: 8.24E-01 | Size: 4.00E+00 | Time: 3ms
> Iteration 03 | Bound: [-0.078833, 0.518740] | l2 radius: 5.98E-01 | Size: 8.00E+00 | Time: 4ms
> Iteration 04 | Bound: [-0.047776, 0.364040] | l2 radius: 4.12E-01 | Size: 1.60E+01 | Time: 5ms
> Iteration 05 | Bound: [-0.047662, 0.251125] | l2 radius: 2.99E-01 | Size: 3.20E+01 | Time: 6ms
> Iteration 06 | Bound: [-0.032953, 0.121357] | l2 radius: 2.06E-01 | Size: 6.40E+01 | Time: 7ms
> Iteration 07 | Bound: [-0.032550, 0.035378] | l2 radius: 1.49E-01 | Size: 1.16E+02 | Time: 9ms
> Iteration 08 | Bound: [-0.024776, 0.000541] | l2 radius: 1.03E-01 | Size: 4.40E+01 | Time: 10ms
> Iteration 09 | Bound: [-0.023468, -0.010284] | l2 radius: 7.47E-02 | Size: 6.00E+00 | Time: 11ms
> No region to refine. Done!
> Time for subregion 0000000003: 11ms
> Total time up to subregion 0000000003: 112ms = 0.1126554012298584 s
==> Subregion 0000000004 / 0000000004: 
==> [[-2.618  4.   ], [2.618 5.   ]]
> Iteration 00 | Bound: [-0.104175, 2.561144] | l2 radius: 2.67E+00 | Size: 1.00E+00 | Time: 1ms
> Iteration 01 | Bound: [-0.081969, 1.319273] | l2 radius: 1.40E+00 | Size: 2.00E+00 | Time: 2ms
> Iteration 02 | Bound: [-0.077387, 0.746245] | l2 radius: 8.24E-01 | Size: 4.00E+00 | Time: 3ms
> Iteration 03 | Bound: [-0.072985, 0.524587] | l2 radius: 5.98E-01 | Size: 8.00E+00 | Time: 4ms
> Iteration 04 | Bound: [-0.050309, 0.361507] | l2 radius: 4.12E-01 | Size: 1.60E+01 | Time: 5ms
> Iteration 05 | Bound: [-0.049791, 0.248995] | l2 radius: 2.99E-01 | Size: 3.20E+01 | Time: 6ms
> Iteration 06 | Bound: [-0.033647, 0.120167] | l2 radius: 2.06E-01 | Size: 6.40E+01 | Time: 7ms
> Iteration 07 | Bound: [-0.033463, 0.034634] | l2 radius: 1.49E-01 | Size: 1.04E+02 | Time: 9ms
> Iteration 08 | Bound: [-0.025367, 0.000092] | l2 radius: 1.03E-01 | Size: 5.00E+01 | Time: 10ms
> Iteration 09 | Bound: [-0.023767, -0.010748] | l2 radius: 7.47E-02 | Size: 2.00E+00 | Time: 11ms
> No region to refine. Done!
> Time for subregion 0000000004: 11ms
> Total time up to subregion 0000000004: 124ms = 0.12430739402770996 s
> Total time excluding drawing: 124ms = 0.12430739402770996 s
> Success: True
==> Done!
