==> Creating result directory ...
==> Loading test settings ...
==> Deciding torch device ...
==> torch device:  cpu
==> Building dynamical system ...
==> Building cbf neural network ...
==> Lipschitz constant of CBF network: 1.000000
==> Hessian bound of CBF network: 6.532818
==> Third order elementwise bound of CBF network: 66.677713
==> Number of subregions: 1
==> Subregion 0000000001 / 0000000001: 
==> [[-3.14 -5.  ], [3.14 5.  ]]
==> Lipschitz constant of the zero order test function: 159.999742
> Iteration 00 | Bound: [-944.449341, 0.221409] | l2 radius: 5.90E+00 | Size: 1.00E+00 | Time: 11ms
> Iteration 01 | Bound: [-641.004028, 1.183166] | l2 radius: 4.01E+00 | Size: 2.00E+00 | Time: 16ms
> Iteration 02 | Bound: [-472.284454, 0.050931] | l2 radius: 2.95E+00 | Size: 4.00E+00 | Time: 20ms
> Iteration 03 | Bound: [-321.029083, 0.064517] | l2 radius: 2.01E+00 | Size: 8.00E+00 | Time: 24ms
> Iteration 04 | Bound: [-236.078506, 0.089194] | l2 radius: 1.48E+00 | Size: 1.60E+01 | Time: 29ms
> Iteration 05 | Bound: [-160.474197, 0.072598] | l2 radius: 1.00E+00 | Size: 3.20E+01 | Time: 35ms
> Iteration 06 | Bound: [-118.067619, 0.016231] | l2 radius: 7.38E-01 | Size: 6.40E+01 | Time: 43ms
> Iteration 07 | Bound: [-80.288498, 0.018037] | l2 radius: 5.02E-01 | Size: 1.28E+02 | Time: 59ms
> Iteration 08 | Bound: [-59.100433, 0.004682] | l2 radius: 3.69E-01 | Size: 2.56E+02 | Time: 81ms
> Iteration 09 | Bound: [-40.230972, 0.016636] | l2 radius: 2.51E-01 | Size: 5.12E+02 | Time: 133ms
> Iteration 10 | Bound: [-29.640532, 0.003457] | l2 radius: 1.85E-01 | Size: 9.36E+02 | Time: 222ms
> Iteration 11 | Bound: [-15.614612, 0.015910] | l2 radius: 1.25E-01 | Size: 1.40E+03 | Time: 363ms
> Iteration 12 | Bound: [-8.479361, 0.010210] | l2 radius: 9.23E-02 | Size: 2.42E+03 | Time: 552ms
> Iteration 13 | Bound: [-3.918511, 0.001057] | l2 radius: 6.27E-02 | Size: 4.44E+03 | Time: 874ms
> Iteration 14 | Bound: [-2.138795, 0.009303] | l2 radius: 4.61E-02 | Size: 8.51E+03 | Time: 1s461ms
> Iteration 15 | Bound: [-0.985310, 0.000695] | l2 radius: 3.14E-02 | Size: 1.52E+04 | Time: 2s458ms
> Iteration 16 | Bound: [-0.531547, 0.005228] | l2 radius: 2.31E-02 | Size: 2.14E+04 | Time: 3s787ms
> Iteration 17 | Bound: [-0.251356, 0.006549] | l2 radius: 1.57E-02 | Size: 2.90E+04 | Time: 5s626ms
> Iteration 18 | Bound: [-0.131286, 0.003966] | l2 radius: 1.15E-02 | Size: 3.36E+04 | Time: 7s665ms
> Iteration 19 | Bound: [-0.060990, 0.003296] | l2 radius: 7.84E-03 | Size: 3.01E+04 | Time: 9s483ms
> Iteration 20 | Bound: [-0.033275, 0.004595] | l2 radius: 5.77E-03 | Size: 3.68E+03 | Time: 9s734ms
> Iteration 21 | Bound: [-0.015696, 0.004106] | l2 radius: 3.92E-03 | Size: 5.19E+02 | Time: 9s776ms
> Iteration 22 | Bound: [-0.006247, 0.004251] | l2 radius: 2.88E-03 | Size: 1.75E+02 | Time: 9s791ms
> Iteration 23 | Bound: [-0.001964, 0.004164] | l2 radius: 1.96E-03 | Size: 6.80E+01 | Time: 9s796ms
> Iteration 24 | Bound: [0.001871, 0.004411] | l2 radius: 1.44E-03 | Size: 2.00E+00 | Time: 9s798ms
> No region to refine. Done!
> Time for subregion 0000000001: 9s798ms
> Total time up to subregion 0000000001: 9s798ms = 9.798152446746826 s
> Total time excluding drawing: 9s798ms = 9.798152446746826 s
> Success: True
==> Done!
