==> Creating result directory ...
==> Loading test settings ...
==> Deciding torch device ...
==> torch device:  cuda
==> Seeding everything ...
==> Building dynamical system ...
==> Building cbf neural network ...
==========================================================================================
Layer (type:depth-idx)                   Output Shape              Param #
==========================================================================================
LipschitzNetwork                         [1, 1]                    --
├─Sequential: 1-1                        [1, 1]                    --
│    └─SandwichFc: 2-1                   [1, 128]                  16,897
│    └─SandwichFc: 2-2                   [1, 128]                  33,025
│    └─SandwichFc: 2-3                   [1, 128]                  33,025
│    └─SandwichLin: 2-4                  [1, 1]                    131
==========================================================================================
Total params: 83,078
Trainable params: 82,694
Non-trainable params: 384
Total mult-adds (M): 0.08
==========================================================================================
Input size (MB): 0.00
Forward/backward pass size (MB): 0.00
Params size (MB): 0.33
Estimated Total Size (MB): 0.34
==========================================================================================
==> Lipschitz constant of CBF network: 1.000000
==> Amount of training data:  1500
==> Creating training data ...
==> Start training ...
Epoch: 001 | Train Loss: 6.2420E-02 | CBF GN: 3.1240E+00 | Time: 110ms
Epoch: 001 | Test Loss: 6.0009E-02 | Time: 8ms
> Save at epoch 001 | Test loss 6.0009E-02
Epoch: 002 | Test Loss: 7.1254E-02 | Time: 8ms
Epoch: 003 | Test Loss: 7.2400E-02 | Time: 8ms
Epoch: 004 | Test Loss: 2.9453E-02 | Time: 8ms
> Save at epoch 004 | Test loss 2.9453E-02
Epoch: 005 | Test Loss: 2.9603E-02 | Time: 8ms
Epoch: 006 | Train Loss: 3.0055E-02 | CBF GN: 4.7999E-01 | Time: 31ms
Epoch: 006 | Test Loss: 2.0223E-02 | Time: 8ms
> Save at epoch 006 | Test loss 2.0223E-02
Epoch: 007 | Test Loss: 1.3541E-02 | Time: 8ms
> Save at epoch 007 | Test loss 1.3541E-02
Epoch: 008 | Test Loss: 2.5708E-02 | Time: 8ms
Epoch: 009 | Test Loss: 2.0181E-02 | Time: 8ms
Epoch: 010 | Test Loss: 1.5349E-02 | Time: 8ms
Epoch: 011 | Train Loss: 1.3295E-02 | CBF GN: 4.2084E-01 | Time: 31ms
Epoch: 011 | Test Loss: 6.9798E-03 | Time: 8ms
> Save at epoch 011 | Test loss 6.9798E-03
Epoch: 012 | Test Loss: 1.4681E-02 | Time: 8ms
Epoch: 013 | Test Loss: 6.3900E-03 | Time: 8ms
> Save at epoch 013 | Test loss 6.3900E-03
Epoch: 014 | Test Loss: 8.1146E-03 | Time: 8ms
Epoch: 015 | Test Loss: 2.2580E-02 | Time: 8ms
Epoch: 016 | Train Loss: 2.0495E-02 | CBF GN: 4.6321E-01 | Time: 31ms
Epoch: 016 | Test Loss: 3.0909E-02 | Time: 8ms
Epoch: 017 | Test Loss: 1.5816E-02 | Time: 8ms
Epoch: 018 | Test Loss: 1.5223E-02 | Time: 8ms
Epoch: 019 | Test Loss: 8.4783E-03 | Time: 8ms
Epoch: 020 | Test Loss: 2.0441E-02 | Time: 8ms
Epoch: 021 | Train Loss: 1.2368E-02 | CBF GN: 2.6692E-01 | Time: 31ms
Epoch: 021 | Test Loss: 8.2958E-03 | Time: 8ms
Epoch: 022 | Test Loss: 1.6591E-03 | Time: 8ms
> Save at epoch 022 | Test loss 1.6591E-03
Epoch: 023 | Test Loss: 2.5770E-03 | Time: 8ms
Epoch: 024 | Test Loss: 9.6759E-04 | Time: 8ms
> Save at epoch 024 | Test loss 9.6759E-04
Epoch: 025 | Test Loss: 1.2877E-03 | Time: 8ms
Epoch: 026 | Train Loss: 1.4706E-03 | CBF GN: 8.5677E-02 | Time: 31ms
Epoch: 026 | Test Loss: 1.1257E-03 | Time: 8ms
Epoch: 027 | Test Loss: 8.6721E-04 | Time: 12ms
> Save at epoch 027 | Test loss 8.6721E-04
Epoch: 028 | Test Loss: 9.6803E-04 | Time: 8ms
Epoch: 029 | Test Loss: 6.2909E-04 | Time: 8ms
> Save at epoch 029 | Test loss 6.2909E-04
Epoch: 030 | Test Loss: 6.0380E-04 | Time: 8ms
> Save at epoch 030 | Test loss 6.0380E-04
Epoch: 031 | Train Loss: 8.6128E-04 | CBF GN: 8.0775E-02 | Time: 31ms
Epoch: 031 | Test Loss: 6.4450E-04 | Time: 8ms
Epoch: 032 | Test Loss: 4.4078E-04 | Time: 8ms
> Save at epoch 032 | Test loss 4.4078E-04
Epoch: 033 | Test Loss: 5.1959E-04 | Time: 8ms
Epoch: 034 | Test Loss: 5.2625E-04 | Time: 8ms
Epoch: 035 | Test Loss: 8.8229E-04 | Time: 8ms
Epoch: 036 | Train Loss: 8.9310E-04 | CBF GN: 1.0060E-01 | Time: 31ms
Epoch: 036 | Test Loss: 8.6753E-04 | Time: 8ms
Epoch: 037 | Test Loss: 7.1683E-04 | Time: 8ms
Epoch: 038 | Test Loss: 5.7577E-04 | Time: 8ms
Epoch: 039 | Test Loss: 6.3592E-04 | Time: 8ms
Epoch: 040 | Test Loss: 5.3200E-04 | Time: 8ms
Epoch: 041 | Train Loss: 7.5340E-04 | CBF GN: 8.0449E-02 | Time: 31ms
Epoch: 041 | Test Loss: 6.1085E-04 | Time: 8ms
Epoch: 042 | Test Loss: 6.1376E-04 | Time: 8ms
Epoch: 043 | Test Loss: 7.8470E-04 | Time: 8ms
Epoch: 044 | Test Loss: 8.1462E-04 | Time: 8ms
Epoch: 045 | Test Loss: 3.5911E-04 | Time: 8ms
> Save at epoch 045 | Test loss 3.5911E-04
Epoch: 046 | Train Loss: 1.0826E-03 | CBF GN: 1.3162E-01 | Time: 31ms
Epoch: 046 | Test Loss: 6.2036E-04 | Time: 8ms
Epoch: 047 | Test Loss: 6.5654E-04 | Time: 8ms
Epoch: 048 | Test Loss: 5.0168E-04 | Time: 8ms
Epoch: 049 | Test Loss: 3.2306E-04 | Time: 8ms
> Save at epoch 049 | Test loss 3.2306E-04
Epoch: 050 | Test Loss: 5.0014E-04 | Time: 8ms
Epoch: 051 | Train Loss: 7.0559E-04 | CBF GN: 8.3589E-02 | Time: 31ms
Epoch: 051 | Test Loss: 5.9670E-04 | Time: 8ms
Epoch: 052 | Test Loss: 6.1842E-04 | Time: 8ms
Epoch: 053 | Test Loss: 4.3298E-04 | Time: 8ms
Epoch: 054 | Test Loss: 4.1103E-04 | Time: 37ms
Epoch: 055 | Test Loss: 4.4362E-04 | Time: 8ms
Epoch: 056 | Train Loss: 6.2651E-04 | CBF GN: 5.5469E-02 | Time: 31ms
Epoch: 056 | Test Loss: 4.9935E-04 | Time: 8ms
Epoch: 057 | Test Loss: 3.7303E-04 | Time: 8ms
Epoch: 058 | Test Loss: 4.2015E-04 | Time: 8ms
Epoch: 059 | Test Loss: 3.3176E-04 | Time: 8ms
Epoch: 060 | Test Loss: 3.3661E-04 | Time: 8ms
Epoch: 061 | Train Loss: 5.6912E-04 | CBF GN: 4.1425E-02 | Time: 31ms
Epoch: 061 | Test Loss: 3.6247E-04 | Time: 8ms
Epoch: 062 | Test Loss: 3.5295E-04 | Time: 8ms
Epoch: 063 | Test Loss: 3.2725E-04 | Time: 8ms
Epoch: 064 | Test Loss: 4.4553E-04 | Time: 8ms
Epoch: 065 | Test Loss: 4.4484E-04 | Time: 8ms
Epoch: 066 | Train Loss: 5.7643E-04 | CBF GN: 5.5062E-02 | Time: 31ms
Epoch: 066 | Test Loss: 3.6028E-04 | Time: 8ms
Epoch: 067 | Test Loss: 5.1308E-04 | Time: 8ms
Epoch: 068 | Test Loss: 3.1022E-04 | Time: 8ms
> Save at epoch 068 | Test loss 3.1022E-04
Epoch: 069 | Test Loss: 4.0386E-04 | Time: 8ms
Epoch: 070 | Test Loss: 4.1930E-04 | Time: 8ms
Epoch: 071 | Train Loss: 6.1248E-04 | CBF GN: 2.4109E-02 | Time: 31ms
Epoch: 071 | Test Loss: 4.9787E-04 | Time: 8ms
Epoch: 072 | Test Loss: 2.9787E-04 | Time: 8ms
> Save at epoch 072 | Test loss 2.9787E-04
Epoch: 073 | Test Loss: 4.5321E-04 | Time: 8ms
Epoch: 074 | Test Loss: 4.0366E-04 | Time: 8ms
Epoch: 075 | Test Loss: 3.6721E-04 | Time: 8ms
Epoch: 076 | Train Loss: 5.5591E-04 | CBF GN: 2.6724E-02 | Time: 31ms
Epoch: 076 | Test Loss: 4.2256E-04 | Time: 8ms
Epoch: 077 | Test Loss: 3.7961E-04 | Time: 8ms
Epoch: 078 | Test Loss: 4.0748E-04 | Time: 8ms
Epoch: 079 | Test Loss: 2.9075E-04 | Time: 8ms
> Save at epoch 079 | Test loss 2.9075E-04
Epoch: 080 | Test Loss: 3.9713E-04 | Time: 8ms
Epoch: 081 | Train Loss: 5.0217E-04 | CBF GN: 3.4594E-02 | Time: 31ms
Epoch: 081 | Test Loss: 2.9622E-04 | Time: 8ms
Epoch: 082 | Test Loss: 3.4457E-04 | Time: 8ms
Epoch: 083 | Test Loss: 3.3272E-04 | Time: 8ms
Epoch: 084 | Test Loss: 3.3614E-04 | Time: 8ms
Epoch: 085 | Test Loss: 3.2963E-04 | Time: 8ms
Epoch: 086 | Train Loss: 4.8615E-04 | CBF GN: 4.8741E-02 | Time: 31ms
Epoch: 086 | Test Loss: 2.9866E-04 | Time: 8ms
Epoch: 087 | Test Loss: 3.3249E-04 | Time: 8ms
Epoch: 088 | Test Loss: 3.0779E-04 | Time: 8ms
Epoch: 089 | Test Loss: 3.0619E-04 | Time: 8ms
Epoch: 090 | Test Loss: 2.9849E-04 | Time: 8ms
Epoch: 091 | Train Loss: 4.5273E-04 | CBF GN: 1.9848E-02 | Time: 31ms
Epoch: 091 | Test Loss: 3.0312E-04 | Time: 8ms
Epoch: 092 | Test Loss: 3.1299E-04 | Time: 8ms
Epoch: 093 | Test Loss: 3.1449E-04 | Time: 8ms
Epoch: 094 | Test Loss: 3.0640E-04 | Time: 8ms
Epoch: 095 | Test Loss: 3.0602E-04 | Time: 8ms
Epoch: 096 | Train Loss: 4.3940E-04 | CBF GN: 2.5174E-02 | Time: 31ms
Epoch: 096 | Test Loss: 3.1222E-04 | Time: 8ms
Epoch: 097 | Test Loss: 3.1394E-04 | Time: 8ms
Epoch: 098 | Test Loss: 3.1211E-04 | Time: 8ms
Epoch: 099 | Test Loss: 3.1199E-04 | Time: 8ms
Epoch: 100 | Test Loss: 3.1345E-04 | Time: 8ms
Total time: 4s120ms
==> Visualizing training and test losses ...
==> Computing the smoothness constants ...
> Lipschitz constant of CBF network: 1.000000
> Hessian bound of CBF network: 6.532818
==> Saving the training results ...
==> Visualizing the CBF function and feasibility condition ...
==> Checking the safe and unsafe set ...
> Safe set percentage: 0.3904
> Unsafe set percentage: 1.0000
> Feasibility percentage: 0.9646
> Success:  False
==> Saving the feasibility results ...
==> Visualizing the CBF function and stability condition ...
==> Visualizing the feasibility condition ...
==> Done!
