==> Creating result directory ...
==> Loading test settings ...
==> Deciding torch device ...
==> torch device:  cuda
==> Seeding everything ...
==> Building dynamical system ...
==> Building cbf neural network ...
==========================================================================================
Layer (type:depth-idx)                   Output Shape              Param #
==========================================================================================
LipschitzNetwork                         [1, 1]                    --
├─Sequential: 1-1                        [1, 1]                    --
│    └─SandwichFc: 2-1                   [1, 128]                  16,897
│    └─SandwichFc: 2-2                   [1, 128]                  33,025
│    └─SandwichLin: 2-3                  [1, 1]                    131
==========================================================================================
Total params: 50,053
Trainable params: 49,797
Non-trainable params: 256
Total mult-adds (M): 0.05
==========================================================================================
Input size (MB): 0.00
Forward/backward pass size (MB): 0.00
Params size (MB): 0.20
Estimated Total Size (MB): 0.20
==========================================================================================
==> Lipschitz constant of CBF network: 1.000000
==> Amount of training data:  1500
==> Creating training data ...
==> Start training ...
Epoch: 001 | Train Loss: 5.0600E-02 | CBF GN: 4.6095E+00 | Time: 103ms
Epoch: 001 | Test Loss: 4.7762E-02 | Time: 7ms
> Save at epoch 001 | Test loss 4.7762E-02
Epoch: 002 | Test Loss: 1.1464E-01 | Time: 7ms
Epoch: 003 | Test Loss: 1.1299E-01 | Time: 7ms
Epoch: 004 | Test Loss: 4.5286E-02 | Time: 7ms
> Save at epoch 004 | Test loss 4.5286E-02
Epoch: 005 | Test Loss: 4.9264E-02 | Time: 7ms
Epoch: 006 | Train Loss: 6.9702E-02 | CBF GN: 1.8558E+00 | Time: 25ms
Epoch: 006 | Test Loss: 5.3804E-02 | Time: 7ms
Epoch: 007 | Test Loss: 4.7667E-02 | Time: 7ms
Epoch: 008 | Test Loss: 2.4341E-02 | Time: 7ms
> Save at epoch 008 | Test loss 2.4341E-02
Epoch: 009 | Test Loss: 1.8113E-02 | Time: 7ms
> Save at epoch 009 | Test loss 1.8113E-02
Epoch: 010 | Test Loss: 3.0093E-02 | Time: 7ms
Epoch: 011 | Train Loss: 3.0400E-02 | CBF GN: 1.1007E+00 | Time: 25ms
Epoch: 011 | Test Loss: 2.2730E-02 | Time: 7ms
Epoch: 012 | Test Loss: 1.9278E-02 | Time: 7ms
Epoch: 013 | Test Loss: 2.2387E-02 | Time: 7ms
Epoch: 014 | Test Loss: 1.7829E-02 | Time: 7ms
> Save at epoch 014 | Test loss 1.7829E-02
Epoch: 015 | Test Loss: 1.1109E-02 | Time: 7ms
> Save at epoch 015 | Test loss 1.1109E-02
Epoch: 016 | Train Loss: 9.0491E-03 | CBF GN: 3.7890E-01 | Time: 25ms
Epoch: 016 | Test Loss: 6.9101E-03 | Time: 7ms
> Save at epoch 016 | Test loss 6.9101E-03
Epoch: 017 | Test Loss: 4.4943E-03 | Time: 7ms
> Save at epoch 017 | Test loss 4.4943E-03
Epoch: 018 | Test Loss: 3.3179E-03 | Time: 7ms
> Save at epoch 018 | Test loss 3.3179E-03
Epoch: 019 | Test Loss: 3.5234E-03 | Time: 7ms
Epoch: 020 | Test Loss: 3.3094E-03 | Time: 7ms
> Save at epoch 020 | Test loss 3.3094E-03
Epoch: 021 | Train Loss: 3.2112E-03 | CBF GN: 1.3103E-01 | Time: 25ms
Epoch: 021 | Test Loss: 2.9341E-03 | Time: 7ms
> Save at epoch 021 | Test loss 2.9341E-03
Epoch: 022 | Test Loss: 2.4546E-03 | Time: 7ms
> Save at epoch 022 | Test loss 2.4546E-03
Epoch: 023 | Test Loss: 9.4267E-04 | Time: 7ms
> Save at epoch 023 | Test loss 9.4267E-04
Epoch: 024 | Test Loss: 7.8284E-04 | Time: 7ms
> Save at epoch 024 | Test loss 7.8284E-04
Epoch: 025 | Test Loss: 5.6769E-04 | Time: 7ms
> Save at epoch 025 | Test loss 5.6769E-04
Epoch: 026 | Train Loss: 1.4073E-03 | CBF GN: 1.3871E-01 | Time: 25ms
Epoch: 026 | Test Loss: 1.0894E-03 | Time: 7ms
Epoch: 027 | Test Loss: 1.2157E-03 | Time: 7ms
Epoch: 028 | Test Loss: 3.8121E-04 | Time: 7ms
> Save at epoch 028 | Test loss 3.8121E-04
Epoch: 029 | Test Loss: 1.2164E-03 | Time: 7ms
Epoch: 030 | Test Loss: 8.0250E-04 | Time: 7ms
Epoch: 031 | Train Loss: 1.5577E-03 | CBF GN: 1.1911E-01 | Time: 25ms
Epoch: 031 | Test Loss: 8.6779E-04 | Time: 7ms
Epoch: 032 | Test Loss: 2.1286E-03 | Time: 7ms
Epoch: 033 | Test Loss: 7.5927E-04 | Time: 7ms
Epoch: 034 | Test Loss: 1.1618E-03 | Time: 7ms
Epoch: 035 | Test Loss: 9.2737E-04 | Time: 7ms
Epoch: 036 | Train Loss: 1.3984E-03 | CBF GN: 1.0711E-01 | Time: 24ms
Epoch: 036 | Test Loss: 1.1919E-03 | Time: 8ms
Epoch: 037 | Test Loss: 1.0888E-03 | Time: 7ms
Epoch: 038 | Test Loss: 7.9136E-04 | Time: 7ms
Epoch: 039 | Test Loss: 1.0010E-03 | Time: 7ms
Epoch: 040 | Test Loss: 7.9332E-04 | Time: 7ms
Epoch: 041 | Train Loss: 1.0401E-03 | CBF GN: 9.0046E-02 | Time: 25ms
Epoch: 041 | Test Loss: 7.5443E-04 | Time: 7ms
Epoch: 042 | Test Loss: 1.2247E-03 | Time: 7ms
Epoch: 043 | Test Loss: 6.9930E-04 | Time: 7ms
Epoch: 044 | Test Loss: 1.2801E-03 | Time: 7ms
Epoch: 045 | Test Loss: 1.4135E-03 | Time: 7ms
Epoch: 046 | Train Loss: 1.2511E-03 | CBF GN: 1.5148E-01 | Time: 25ms
Epoch: 046 | Test Loss: 1.3469E-03 | Time: 7ms
Epoch: 047 | Test Loss: 6.6133E-04 | Time: 7ms
Epoch: 048 | Test Loss: 3.9660E-04 | Time: 7ms
Epoch: 049 | Test Loss: 3.5677E-04 | Time: 7ms
> Save at epoch 049 | Test loss 3.5677E-04
Epoch: 050 | Test Loss: 3.5269E-04 | Time: 7ms
> Save at epoch 050 | Test loss 3.5269E-04
Epoch: 051 | Train Loss: 5.5571E-04 | CBF GN: 3.9719E-02 | Time: 25ms
Epoch: 051 | Test Loss: 3.2992E-04 | Time: 7ms
> Save at epoch 051 | Test loss 3.2992E-04
Epoch: 052 | Test Loss: 2.4297E-04 | Time: 7ms
> Save at epoch 052 | Test loss 2.4297E-04
Epoch: 053 | Test Loss: 3.2011E-04 | Time: 7ms
Epoch: 054 | Test Loss: 3.9505E-04 | Time: 36ms
Epoch: 055 | Test Loss: 3.6456E-04 | Time: 7ms
Epoch: 056 | Train Loss: 5.3409E-04 | CBF GN: 6.8091E-02 | Time: 25ms
Epoch: 056 | Test Loss: 4.6828E-04 | Time: 7ms
Epoch: 057 | Test Loss: 2.0957E-04 | Time: 7ms
> Save at epoch 057 | Test loss 2.0957E-04
Epoch: 058 | Test Loss: 4.3452E-04 | Time: 7ms
Epoch: 059 | Test Loss: 3.5748E-04 | Time: 7ms
Epoch: 060 | Test Loss: 2.1515E-04 | Time: 7ms
Epoch: 061 | Train Loss: 3.6721E-04 | CBF GN: 5.3057E-02 | Time: 26ms
Epoch: 061 | Test Loss: 3.0996E-04 | Time: 7ms
Epoch: 062 | Test Loss: 1.8518E-04 | Time: 7ms
> Save at epoch 062 | Test loss 1.8518E-04
Epoch: 063 | Test Loss: 2.4738E-04 | Time: 7ms
Epoch: 064 | Test Loss: 1.7214E-04 | Time: 7ms
> Save at epoch 064 | Test loss 1.7214E-04
Epoch: 065 | Test Loss: 1.7545E-04 | Time: 7ms
Epoch: 066 | Train Loss: 3.4939E-04 | CBF GN: 6.0321E-02 | Time: 25ms
Epoch: 066 | Test Loss: 2.2121E-04 | Time: 7ms
Epoch: 067 | Test Loss: 2.2224E-04 | Time: 7ms
Epoch: 068 | Test Loss: 2.9817E-04 | Time: 7ms
Epoch: 069 | Test Loss: 3.0428E-04 | Time: 7ms
Epoch: 070 | Test Loss: 3.1829E-04 | Time: 7ms
Epoch: 071 | Train Loss: 3.3531E-04 | CBF GN: 4.7756E-02 | Time: 25ms
Epoch: 071 | Test Loss: 3.0432E-04 | Time: 7ms
Epoch: 072 | Test Loss: 2.6412E-04 | Time: 7ms
Epoch: 073 | Test Loss: 3.1452E-04 | Time: 7ms
Epoch: 074 | Test Loss: 2.2590E-04 | Time: 7ms
Epoch: 075 | Test Loss: 1.9880E-04 | Time: 7ms
Epoch: 076 | Train Loss: 2.8450E-04 | CBF GN: 5.1166E-02 | Time: 25ms
Epoch: 076 | Test Loss: 1.8542E-04 | Time: 7ms
Epoch: 077 | Test Loss: 1.7059E-04 | Time: 7ms
> Save at epoch 077 | Test loss 1.7059E-04
Epoch: 078 | Test Loss: 2.5360E-04 | Time: 7ms
Epoch: 079 | Test Loss: 2.2522E-04 | Time: 7ms
Epoch: 080 | Test Loss: 1.8773E-04 | Time: 7ms
Epoch: 081 | Train Loss: 2.6941E-04 | CBF GN: 4.5457E-02 | Time: 24ms
Epoch: 081 | Test Loss: 2.3961E-04 | Time: 7ms
Epoch: 082 | Test Loss: 1.8568E-04 | Time: 7ms
Epoch: 083 | Test Loss: 2.0829E-04 | Time: 7ms
Epoch: 084 | Test Loss: 2.2711E-04 | Time: 7ms
Epoch: 085 | Test Loss: 1.7616E-04 | Time: 7ms
Epoch: 086 | Train Loss: 2.3485E-04 | CBF GN: 3.0497E-02 | Time: 24ms
Epoch: 086 | Test Loss: 2.0224E-04 | Time: 7ms
Epoch: 087 | Test Loss: 1.6616E-04 | Time: 7ms
> Save at epoch 087 | Test loss 1.6616E-04
Epoch: 088 | Test Loss: 2.2781E-04 | Time: 7ms
Epoch: 089 | Test Loss: 1.8913E-04 | Time: 7ms
Epoch: 090 | Test Loss: 1.9884E-04 | Time: 7ms
Epoch: 091 | Train Loss: 2.1865E-04 | CBF GN: 2.3254E-02 | Time: 24ms
Epoch: 091 | Test Loss: 1.8018E-04 | Time: 7ms
Epoch: 092 | Test Loss: 1.9703E-04 | Time: 7ms
Epoch: 093 | Test Loss: 1.9682E-04 | Time: 7ms
Epoch: 094 | Test Loss: 1.9959E-04 | Time: 7ms
Epoch: 095 | Test Loss: 1.9404E-04 | Time: 7ms
Epoch: 096 | Train Loss: 2.1150E-04 | CBF GN: 2.2817E-02 | Time: 24ms
Epoch: 096 | Test Loss: 1.8780E-04 | Time: 7ms
Epoch: 097 | Test Loss: 1.9089E-04 | Time: 7ms
Epoch: 098 | Test Loss: 1.9151E-04 | Time: 7ms
Epoch: 099 | Test Loss: 1.9187E-04 | Time: 7ms
Epoch: 100 | Test Loss: 1.9177E-04 | Time: 7ms
Total time: 3s444ms
==> Visualizing training and test losses ...
==> Computing the smoothness constants ...
> Lipschitz constant of CBF network: 1.000000
> Hessian bound of CBF network: 4.355212
==> Saving the training results ...
==> Visualizing the CBF function and feasibility condition ...
==> Checking the safe and unsafe set ...
> Safe set percentage: 0.6761
> Unsafe set percentage: 1.0000
> Feasibility percentage: 1.0000
> Success:  True
==> Saving the feasibility results ...
==> Visualizing the CBF function and stability condition ...
==> Visualizing the feasibility condition ...
==> Done!
