==> Creating result directory ...
==> Loading test settings ...
==> Deciding torch device ...
==> torch device:  cuda
==> Building cbf neural network ...
==> Lipschitz constant of CBF network: 2.000000
==> Hessian bound of CBF network: 6.159200
==> Third order elementwise bound of CBF network: 32.000000
==> Number of subregions: 1
==> Subregion 0000000001 / 0000000001: 
==> [[-0.5 -2.  -1.  -1. ], [0.5 0.  1.  1. ]]
> Iteration 00 | Bound: [-0.523571, 3.081981] | l2 radius: 1.80E+00 | Size: 1.00E+00 | Time: 68ms
> Iteration 01 | Bound: [-0.480045, 2.682233] | l2 radius: 1.58E+00 | Size: 2.00E+00 | Time: 73ms
> Iteration 02 | Bound: [-0.414054, 2.231697] | l2 radius: 1.32E+00 | Size: 4.00E+00 | Time: 74ms
> Iteration 03 | Bound: [-0.378826, 1.621174] | l2 radius: 1.00E+00 | Size: 8.00E+00 | Time: 75ms
> Iteration 04 | Bound: [-0.320224, 1.482552] | l2 radius: 9.01E-01 | Size: 1.60E+01 | Time: 76ms
> Iteration 05 | Bound: [-0.302078, 1.279060] | l2 radius: 7.91E-01 | Size: 3.20E+01 | Time: 79ms
> Iteration 06 | Bound: [-0.296385, 1.026491] | l2 radius: 6.61E-01 | Size: 6.40E+01 | Time: 81ms
> Iteration 07 | Bound: [-0.273788, 0.656810] | l2 radius: 5.00E-01 | Size: 1.28E+02 | Time: 84ms
> Iteration 08 | Bound: [-0.230654, 0.538184] | l2 radius: 4.51E-01 | Size: 2.54E+02 | Time: 88ms
> Iteration 09 | Bound: [-0.211680, 0.399964] | l2 radius: 3.95E-01 | Size: 4.84E+02 | Time: 93ms
> Iteration 10 | Bound: [-0.195162, 0.266975] | l2 radius: 3.31E-01 | Size: 8.42E+02 | Time: 100ms
> Iteration 11 | Bound: [-0.181238, 0.119122] | l2 radius: 2.50E-01 | Size: 1.04E+03 | Time: 108ms
> Iteration 12 | Bound: [-0.159671, 0.069684] | l2 radius: 2.25E-01 | Size: 2.28E+02 | Time: 112ms
> Iteration 13 | Bound: [-0.132059, 0.027757] | l2 radius: 1.98E-01 | Size: 2.80E+01 | Time: 114ms
> Iteration 14 | Bound: [-0.099458, -0.005177] | l2 radius: 1.65E-01 | Size: 4.00E+00 | Time: 116ms
> No region to refine. Done!
> Time for subregion 0000000001: 116ms
> Total time up to subregion 0000000001: 116ms = 0.11621689796447754 s
> Total time excluding drawing: 116ms = 0.11621689796447754 s
> Success: True
==> Done!
