==> Creating result directory ...
==> Loading test settings ...
==> Deciding torch device ...
==> torch device:  cuda
==> Seeding everything ...
==> Building dynamical system ...
==> Building cbf neural network ...
==========================================================================================
Layer (type:depth-idx)                   Output Shape              Param #
==========================================================================================
LipschitzNetwork                         [1, 1]                    --
├─Sequential: 1-1                        [1, 1]                    --
│    └─SandwichFc: 2-1                   [1, 256]                  67,073
│    └─SandwichLin: 2-2                  [1, 1]                    259
==========================================================================================
Total params: 67,332
Trainable params: 67,076
Non-trainable params: 256
Total mult-adds (M): 0.07
==========================================================================================
Input size (MB): 0.00
Forward/backward pass size (MB): 0.00
Params size (MB): 0.27
Estimated Total Size (MB): 0.27
==========================================================================================
==> Lipschitz constant of CBF network: 2.000000
==> Amount of training data:  40000
==> Creating training data ...
==> Start training ...
Epoch: 001 | Train Loss: 3.9389E-01 | CBF GN: 7.4439E+00 | Time: 496ms
Epoch: 001 | Test Loss: 1.3037E-01 | Time: 140ms
> Save at epoch 001 | Test loss 1.3037E-01
Epoch: 002 | Test Loss: 4.9786E-03 | Time: 131ms
> Save at epoch 002 | Test loss 4.9786E-03
Epoch: 003 | Test Loss: 5.6020E-03 | Time: 157ms
Epoch: 004 | Test Loss: 5.8531E-03 | Time: 136ms
Epoch: 005 | Test Loss: 5.7058E-03 | Time: 144ms
Epoch: 006 | Train Loss: 7.3889E-03 | CBF GN: 2.1993E-01 | Time: 422ms
Epoch: 006 | Test Loss: 5.6061E-03 | Time: 136ms
Epoch: 007 | Test Loss: 5.4611E-03 | Time: 138ms
Epoch: 008 | Test Loss: 4.9903E-03 | Time: 133ms
Epoch: 009 | Test Loss: 4.9501E-03 | Time: 159ms
> Save at epoch 009 | Test loss 4.9501E-03
Epoch: 010 | Test Loss: 5.4726E-03 | Time: 132ms
Epoch: 011 | Train Loss: 6.1649E-03 | CBF GN: 1.7215E-01 | Time: 435ms
Epoch: 011 | Test Loss: 4.5224E-03 | Time: 132ms
> Save at epoch 011 | Test loss 4.5224E-03
Epoch: 012 | Test Loss: 4.6585E-03 | Time: 132ms
Epoch: 013 | Test Loss: 4.0733E-03 | Time: 133ms
> Save at epoch 013 | Test loss 4.0733E-03
Epoch: 014 | Test Loss: 3.7632E-03 | Time: 133ms
> Save at epoch 014 | Test loss 3.7632E-03
Epoch: 015 | Test Loss: 3.8057E-03 | Time: 132ms
Epoch: 016 | Train Loss: 5.5573E-03 | CBF GN: 1.4886E-01 | Time: 405ms
Epoch: 016 | Test Loss: 3.2735E-03 | Time: 132ms
> Save at epoch 016 | Test loss 3.2735E-03
Epoch: 017 | Test Loss: 3.5452E-03 | Time: 132ms
Epoch: 018 | Test Loss: 3.1563E-03 | Time: 131ms
> Save at epoch 018 | Test loss 3.1563E-03
Epoch: 019 | Test Loss: 3.3042E-03 | Time: 158ms
Epoch: 020 | Test Loss: 3.4888E-03 | Time: 132ms
Epoch: 021 | Train Loss: 4.0056E-03 | CBF GN: 1.0639E-01 | Time: 407ms
Epoch: 021 | Test Loss: 2.9849E-03 | Time: 132ms
> Save at epoch 021 | Test loss 2.9849E-03
Epoch: 022 | Test Loss: 2.4248E-03 | Time: 146ms
> Save at epoch 022 | Test loss 2.4248E-03
Epoch: 023 | Test Loss: 2.7835E-03 | Time: 143ms
Epoch: 024 | Test Loss: 2.5786E-03 | Time: 132ms
Epoch: 025 | Test Loss: 2.9768E-03 | Time: 132ms
Epoch: 026 | Train Loss: 3.9937E-03 | CBF GN: 1.0410E-01 | Time: 417ms
Epoch: 026 | Test Loss: 3.9113E-03 | Time: 169ms
Epoch: 027 | Test Loss: 2.4182E-03 | Time: 136ms
> Save at epoch 027 | Test loss 2.4182E-03
Epoch: 028 | Test Loss: 2.1381E-03 | Time: 158ms
> Save at epoch 028 | Test loss 2.1381E-03
Epoch: 029 | Test Loss: 2.1693E-03 | Time: 133ms
Epoch: 030 | Test Loss: 2.6629E-03 | Time: 133ms
Epoch: 031 | Train Loss: 3.3345E-03 | CBF GN: 8.4600E-02 | Time: 453ms
Epoch: 031 | Test Loss: 2.0387E-03 | Time: 133ms
> Save at epoch 031 | Test loss 2.0387E-03
Epoch: 032 | Test Loss: 2.6456E-03 | Time: 132ms
Epoch: 033 | Test Loss: 2.2170E-03 | Time: 133ms
Epoch: 034 | Test Loss: 2.6454E-03 | Time: 159ms
Epoch: 035 | Test Loss: 2.6099E-03 | Time: 132ms
Epoch: 036 | Train Loss: 3.1735E-03 | CBF GN: 7.7706E-02 | Time: 418ms
Epoch: 036 | Test Loss: 1.7675E-03 | Time: 132ms
> Save at epoch 036 | Test loss 1.7675E-03
Epoch: 037 | Test Loss: 2.0054E-03 | Time: 132ms
Epoch: 038 | Test Loss: 1.7419E-03 | Time: 132ms
> Save at epoch 038 | Test loss 1.7419E-03
Epoch: 039 | Test Loss: 2.1173E-03 | Time: 159ms
Epoch: 040 | Test Loss: 1.3880E-03 | Time: 132ms
> Save at epoch 040 | Test loss 1.3880E-03
Epoch: 041 | Train Loss: 2.4522E-03 | CBF GN: 6.5610E-02 | Time: 415ms
Epoch: 041 | Test Loss: 1.4843E-03 | Time: 158ms
Epoch: 042 | Test Loss: 2.0038E-03 | Time: 132ms
Epoch: 043 | Test Loss: 1.5131E-03 | Time: 143ms
Epoch: 044 | Test Loss: 2.3608E-03 | Time: 132ms
Epoch: 045 | Test Loss: 1.3897E-03 | Time: 158ms
Epoch: 046 | Train Loss: 2.0729E-03 | CBF GN: 5.7360E-02 | Time: 408ms
Epoch: 046 | Test Loss: 1.3466E-03 | Time: 131ms
> Save at epoch 046 | Test loss 1.3466E-03
Epoch: 047 | Test Loss: 1.4332E-03 | Time: 158ms
Epoch: 048 | Test Loss: 1.5708E-03 | Time: 132ms
Epoch: 049 | Test Loss: 1.8981E-03 | Time: 132ms
Epoch: 050 | Test Loss: 1.3026E-03 | Time: 160ms
> Save at epoch 050 | Test loss 1.3026E-03
Epoch: 051 | Train Loss: 2.0091E-03 | CBF GN: 5.6507E-02 | Time: 410ms
Epoch: 051 | Test Loss: 1.2571E-03 | Time: 136ms
> Save at epoch 051 | Test loss 1.2571E-03
Epoch: 052 | Test Loss: 1.1072E-03 | Time: 135ms
> Save at epoch 052 | Test loss 1.1072E-03
Epoch: 053 | Test Loss: 1.1560E-03 | Time: 133ms
Epoch: 054 | Test Loss: 1.3600E-03 | Time: 159ms
Epoch: 055 | Test Loss: 1.5103E-03 | Time: 133ms
Epoch: 056 | Train Loss: 1.9913E-03 | CBF GN: 5.2583E-02 | Time: 418ms
Epoch: 056 | Test Loss: 1.3682E-03 | Time: 137ms
Epoch: 057 | Test Loss: 1.0585E-03 | Time: 159ms
> Save at epoch 057 | Test loss 1.0585E-03
Epoch: 058 | Test Loss: 1.5856E-03 | Time: 137ms
Epoch: 059 | Test Loss: 1.1875E-03 | Time: 163ms
Epoch: 060 | Test Loss: 1.4160E-03 | Time: 138ms
Epoch: 061 | Train Loss: 1.8989E-03 | CBF GN: 4.8174E-02 | Time: 417ms
Epoch: 061 | Test Loss: 1.2294E-03 | Time: 146ms
Epoch: 062 | Test Loss: 1.0974E-03 | Time: 158ms
Epoch: 063 | Test Loss: 1.3630E-03 | Time: 137ms
Epoch: 064 | Test Loss: 1.0924E-03 | Time: 146ms
Epoch: 065 | Test Loss: 1.2549E-03 | Time: 139ms
Epoch: 066 | Train Loss: 1.7714E-03 | CBF GN: 5.1372E-02 | Time: 409ms
Epoch: 066 | Test Loss: 1.0814E-03 | Time: 137ms
Epoch: 067 | Test Loss: 1.0868E-03 | Time: 136ms
Epoch: 068 | Test Loss: 1.1294E-03 | Time: 165ms
Epoch: 069 | Test Loss: 1.1625E-03 | Time: 140ms
Epoch: 070 | Test Loss: 1.2186E-03 | Time: 135ms
Epoch: 071 | Train Loss: 1.7622E-03 | CBF GN: 5.0442E-02 | Time: 449ms
Epoch: 071 | Test Loss: 1.3202E-03 | Time: 138ms
Epoch: 072 | Test Loss: 1.0827E-03 | Time: 164ms
Epoch: 073 | Test Loss: 1.1886E-03 | Time: 139ms
Epoch: 074 | Test Loss: 1.3260E-03 | Time: 136ms
Epoch: 075 | Test Loss: 1.0902E-03 | Time: 168ms
Epoch: 076 | Train Loss: 1.5476E-03 | CBF GN: 4.4764E-02 | Time: 425ms
Epoch: 076 | Test Loss: 1.0317E-03 | Time: 137ms
> Save at epoch 076 | Test loss 1.0317E-03
Epoch: 077 | Test Loss: 1.0929E-03 | Time: 136ms
Epoch: 078 | Test Loss: 1.1739E-03 | Time: 158ms
Epoch: 079 | Test Loss: 1.1276E-03 | Time: 133ms
Epoch: 080 | Test Loss: 1.1531E-03 | Time: 153ms
Epoch: 081 | Train Loss: 1.5506E-03 | CBF GN: 4.6466E-02 | Time: 446ms
Epoch: 081 | Test Loss: 1.0625E-03 | Time: 133ms
Epoch: 082 | Test Loss: 1.0950E-03 | Time: 159ms
Epoch: 083 | Test Loss: 1.0634E-03 | Time: 133ms
Epoch: 084 | Test Loss: 1.0547E-03 | Time: 138ms
Epoch: 085 | Test Loss: 1.0847E-03 | Time: 161ms
Epoch: 086 | Train Loss: 1.4929E-03 | CBF GN: 4.3190E-02 | Time: 417ms
Epoch: 086 | Test Loss: 9.4433E-04 | Time: 138ms
> Save at epoch 086 | Test loss 9.4433E-04
Epoch: 087 | Test Loss: 1.0115E-03 | Time: 134ms
Epoch: 088 | Test Loss: 9.7368E-04 | Time: 168ms
Epoch: 089 | Test Loss: 1.0298E-03 | Time: 132ms
Epoch: 090 | Test Loss: 9.6685E-04 | Time: 133ms
Epoch: 091 | Train Loss: 1.4152E-03 | CBF GN: 4.2977E-02 | Time: 418ms
Epoch: 091 | Test Loss: 9.6340E-04 | Time: 166ms
Epoch: 092 | Test Loss: 9.8975E-04 | Time: 174ms
Epoch: 093 | Test Loss: 9.9628E-04 | Time: 134ms
Epoch: 094 | Test Loss: 9.9064E-04 | Time: 140ms
Epoch: 095 | Test Loss: 9.9993E-04 | Time: 135ms
Epoch: 096 | Train Loss: 1.3880E-03 | CBF GN: 4.2466E-02 | Time: 425ms
Epoch: 096 | Test Loss: 9.9730E-04 | Time: 135ms
Epoch: 097 | Test Loss: 9.8713E-04 | Time: 135ms
Epoch: 098 | Test Loss: 9.8036E-04 | Time: 163ms
Epoch: 099 | Test Loss: 9.7829E-04 | Time: 134ms
Epoch: 100 | Test Loss: 9.7955E-04 | Time: 135ms
Total time: 56s487ms
==> Visualizing training and test losses ...
==> Computing the smoothness constants ...
> Lipschitz constant of CBF network: 2.000000
> Hessian bound of CBF network: 6.159200
==> Saving the training results ...
==> Visualizing the CBF function and feasibility condition ...
==> Checking the safe and unsafe set ...
> Safe set percentage: 0.630775
> Unsafe set percentage: 1.000000
> Feasibility percentage: 1.000000
> Success:  True
==> Saving the feasibility results ...
==> Visualizing the CBF function and stability condition ...
==> Visualizing the feasibility condition ...
==> Done!
