==> Creating result directory ...
==> Loading test settings ...
==> Deciding torch device ...
==> torch device:  cuda
==> Seeding everything ...
==> Building dynamical system ...
==> Building cbf neural network ...
==========================================================================================
Layer (type:depth-idx)                   Output Shape              Param #
==========================================================================================
LipschitzNetwork                         [1, 1]                    --
├─Sequential: 1-1                        [1, 1]                    --
│    └─SandwichFc: 2-1                   [1, 128]                  16,897
│    └─SandwichFc: 2-2                   [1, 128]                  33,025
│    └─SandwichFc: 2-3                   [1, 128]                  33,025
│    └─SandwichLin: 2-4                  [1, 1]                    131
==========================================================================================
Total params: 83,078
Trainable params: 82,694
Non-trainable params: 384
Total mult-adds (M): 0.08
==========================================================================================
Input size (MB): 0.00
Forward/backward pass size (MB): 0.00
Params size (MB): 0.33
Estimated Total Size (MB): 0.34
==========================================================================================
==> Lipschitz constant of CBF network: 1.000000
==> Amount of training data:  1500
==> Creating training data ...
==> Start training ...
Epoch: 001 | Train Loss: 7.0122E-02 | CBF GN: 3.4458E+00 | Time: 119ms
Epoch: 001 | Test Loss: 6.7591E-02 | Time: 8ms
> Save at epoch 001 | Test loss 6.7591E-02
Epoch: 002 | Test Loss: 9.7644E-02 | Time: 8ms
Epoch: 003 | Test Loss: 6.0757E-02 | Time: 8ms
> Save at epoch 003 | Test loss 6.0757E-02
Epoch: 004 | Test Loss: 5.4380E-02 | Time: 8ms
> Save at epoch 004 | Test loss 5.4380E-02
Epoch: 005 | Test Loss: 1.5847E-02 | Time: 8ms
> Save at epoch 005 | Test loss 1.5847E-02
Epoch: 006 | Train Loss: 3.5895E-02 | CBF GN: 1.9526E+00 | Time: 30ms
Epoch: 006 | Test Loss: 2.5721E-02 | Time: 8ms
Epoch: 007 | Test Loss: 2.5041E-02 | Time: 8ms
Epoch: 008 | Test Loss: 9.7645E-03 | Time: 8ms
> Save at epoch 008 | Test loss 9.7645E-03
Epoch: 009 | Test Loss: 3.1643E-02 | Time: 8ms
Epoch: 010 | Test Loss: 1.5843E-02 | Time: 8ms
Epoch: 011 | Train Loss: 1.5677E-02 | CBF GN: 3.6997E-01 | Time: 30ms
Epoch: 011 | Test Loss: 1.2806E-02 | Time: 8ms
Epoch: 012 | Test Loss: 1.0085E-02 | Time: 8ms
Epoch: 013 | Test Loss: 8.7881E-03 | Time: 8ms
> Save at epoch 013 | Test loss 8.7881E-03
Epoch: 014 | Test Loss: 3.7622E-03 | Time: 8ms
> Save at epoch 014 | Test loss 3.7622E-03
Epoch: 015 | Test Loss: 1.7677E-02 | Time: 9ms
Epoch: 016 | Train Loss: 9.1778E-03 | CBF GN: 2.8528E-01 | Time: 31ms
Epoch: 016 | Test Loss: 4.5009E-03 | Time: 8ms
Epoch: 017 | Test Loss: 4.1722E-03 | Time: 8ms
Epoch: 018 | Test Loss: 4.5041E-03 | Time: 8ms
Epoch: 019 | Test Loss: 4.5743E-03 | Time: 8ms
Epoch: 020 | Test Loss: 2.1598E-03 | Time: 8ms
> Save at epoch 020 | Test loss 2.1598E-03
Epoch: 021 | Train Loss: 3.4693E-03 | CBF GN: 1.5806E-01 | Time: 30ms
Epoch: 021 | Test Loss: 2.9549E-03 | Time: 8ms
Epoch: 022 | Test Loss: 1.2677E-02 | Time: 8ms
Epoch: 023 | Test Loss: 1.1291E-02 | Time: 8ms
Epoch: 024 | Test Loss: 1.7317E-02 | Time: 8ms
Epoch: 025 | Test Loss: 1.0282E-02 | Time: 8ms
Epoch: 026 | Train Loss: 6.9115E-03 | CBF GN: 1.7300E-01 | Time: 30ms
Epoch: 026 | Test Loss: 2.8736E-03 | Time: 8ms
Epoch: 027 | Test Loss: 1.7949E-03 | Time: 8ms
> Save at epoch 027 | Test loss 1.7949E-03
Epoch: 028 | Test Loss: 1.6163E-03 | Time: 8ms
> Save at epoch 028 | Test loss 1.6163E-03
Epoch: 029 | Test Loss: 1.5426E-03 | Time: 8ms
> Save at epoch 029 | Test loss 1.5426E-03
Epoch: 030 | Test Loss: 6.2980E-04 | Time: 8ms
> Save at epoch 030 | Test loss 6.2980E-04
Epoch: 031 | Train Loss: 1.2036E-03 | CBF GN: 8.4907E-02 | Time: 31ms
Epoch: 031 | Test Loss: 8.9833E-04 | Time: 8ms
Epoch: 032 | Test Loss: 9.9916E-04 | Time: 8ms
Epoch: 033 | Test Loss: 5.8589E-04 | Time: 8ms
> Save at epoch 033 | Test loss 5.8589E-04
Epoch: 034 | Test Loss: 6.4012E-04 | Time: 8ms
Epoch: 035 | Test Loss: 9.1983E-04 | Time: 8ms
Epoch: 036 | Train Loss: 9.8678E-04 | CBF GN: 8.6633E-02 | Time: 31ms
Epoch: 036 | Test Loss: 8.9642E-04 | Time: 8ms
Epoch: 037 | Test Loss: 6.5489E-04 | Time: 8ms
Epoch: 038 | Test Loss: 5.0842E-04 | Time: 8ms
> Save at epoch 038 | Test loss 5.0842E-04
Epoch: 039 | Test Loss: 6.7441E-04 | Time: 8ms
Epoch: 040 | Test Loss: 7.3303E-04 | Time: 8ms
Epoch: 041 | Train Loss: 8.9214E-04 | CBF GN: 3.0317E-02 | Time: 32ms
Epoch: 041 | Test Loss: 5.8272E-04 | Time: 8ms
Epoch: 042 | Test Loss: 6.9084E-04 | Time: 8ms
Epoch: 043 | Test Loss: 5.9841E-04 | Time: 8ms
Epoch: 044 | Test Loss: 6.0560E-04 | Time: 8ms
Epoch: 045 | Test Loss: 5.5285E-04 | Time: 8ms
Epoch: 046 | Train Loss: 7.8370E-04 | CBF GN: 2.0154E-02 | Time: 31ms
Epoch: 046 | Test Loss: 6.6323E-04 | Time: 8ms
Epoch: 047 | Test Loss: 5.4888E-04 | Time: 8ms
Epoch: 048 | Test Loss: 7.3005E-04 | Time: 8ms
Epoch: 049 | Test Loss: 6.4836E-04 | Time: 8ms
Epoch: 050 | Test Loss: 7.8362E-04 | Time: 8ms
Epoch: 051 | Train Loss: 9.4782E-04 | CBF GN: 6.9889E-02 | Time: 31ms
Epoch: 051 | Test Loss: 7.7522E-04 | Time: 8ms
Epoch: 052 | Test Loss: 7.2397E-04 | Time: 8ms
Epoch: 053 | Test Loss: 4.5676E-04 | Time: 8ms
> Save at epoch 053 | Test loss 4.5676E-04
Epoch: 054 | Test Loss: 5.0050E-04 | Time: 33ms
Epoch: 055 | Test Loss: 5.8625E-04 | Time: 8ms
Epoch: 056 | Train Loss: 7.6587E-04 | CBF GN: 7.0676E-02 | Time: 31ms
Epoch: 056 | Test Loss: 6.5237E-04 | Time: 8ms
Epoch: 057 | Test Loss: 5.4918E-04 | Time: 8ms
Epoch: 058 | Test Loss: 5.5236E-04 | Time: 8ms
Epoch: 059 | Test Loss: 4.9212E-04 | Time: 8ms
Epoch: 060 | Test Loss: 6.9277E-04 | Time: 8ms
Epoch: 061 | Train Loss: 8.9256E-04 | CBF GN: 6.7041E-02 | Time: 31ms
Epoch: 061 | Test Loss: 5.5242E-04 | Time: 8ms
Epoch: 062 | Test Loss: 6.1334E-04 | Time: 8ms
Epoch: 063 | Test Loss: 4.8221E-04 | Time: 8ms
Epoch: 064 | Test Loss: 3.5927E-04 | Time: 8ms
> Save at epoch 064 | Test loss 3.5927E-04
Epoch: 065 | Test Loss: 6.2997E-04 | Time: 8ms
Epoch: 066 | Train Loss: 7.0820E-04 | CBF GN: 7.5108E-02 | Time: 31ms
Epoch: 066 | Test Loss: 2.7539E-04 | Time: 8ms
> Save at epoch 066 | Test loss 2.7539E-04
Epoch: 067 | Test Loss: 4.5916E-04 | Time: 8ms
Epoch: 068 | Test Loss: 6.3009E-04 | Time: 8ms
Epoch: 069 | Test Loss: 2.7299E-04 | Time: 8ms
> Save at epoch 069 | Test loss 2.7299E-04
Epoch: 070 | Test Loss: 4.2385E-04 | Time: 8ms
Epoch: 071 | Train Loss: 5.9872E-04 | CBF GN: 5.6282E-02 | Time: 31ms
Epoch: 071 | Test Loss: 5.7168E-04 | Time: 8ms
Epoch: 072 | Test Loss: 2.8225E-04 | Time: 8ms
Epoch: 073 | Test Loss: 5.7114E-04 | Time: 8ms
Epoch: 074 | Test Loss: 3.6132E-04 | Time: 8ms
Epoch: 075 | Test Loss: 3.4532E-04 | Time: 8ms
Epoch: 076 | Train Loss: 6.0811E-04 | CBF GN: 4.4680E-02 | Time: 31ms
Epoch: 076 | Test Loss: 4.7429E-04 | Time: 8ms
Epoch: 077 | Test Loss: 4.1732E-04 | Time: 9ms
Epoch: 078 | Test Loss: 4.9521E-04 | Time: 8ms
Epoch: 079 | Test Loss: 6.3691E-04 | Time: 8ms
Epoch: 080 | Test Loss: 3.1935E-04 | Time: 8ms
Epoch: 081 | Train Loss: 5.5696E-04 | CBF GN: 5.3734E-02 | Time: 31ms
Epoch: 081 | Test Loss: 4.2617E-04 | Time: 8ms
Epoch: 082 | Test Loss: 3.5584E-04 | Time: 8ms
Epoch: 083 | Test Loss: 4.5878E-04 | Time: 8ms
Epoch: 084 | Test Loss: 5.0455E-04 | Time: 8ms
Epoch: 085 | Test Loss: 6.4008E-04 | Time: 8ms
Epoch: 086 | Train Loss: 7.4701E-04 | CBF GN: 5.1899E-02 | Time: 31ms
Epoch: 086 | Test Loss: 4.4214E-04 | Time: 8ms
Epoch: 087 | Test Loss: 3.7344E-04 | Time: 8ms
Epoch: 088 | Test Loss: 3.6274E-04 | Time: 8ms
Epoch: 089 | Test Loss: 3.3672E-04 | Time: 8ms
Epoch: 090 | Test Loss: 3.6222E-04 | Time: 8ms
Epoch: 091 | Train Loss: 5.3639E-04 | CBF GN: 2.8348E-02 | Time: 31ms
Epoch: 091 | Test Loss: 4.0711E-04 | Time: 8ms
Epoch: 092 | Test Loss: 3.5533E-04 | Time: 8ms
Epoch: 093 | Test Loss: 2.9538E-04 | Time: 8ms
Epoch: 094 | Test Loss: 3.1995E-04 | Time: 8ms
Epoch: 095 | Test Loss: 3.3382E-04 | Time: 8ms
Epoch: 096 | Train Loss: 4.8487E-04 | CBF GN: 2.4157E-02 | Time: 31ms
Epoch: 096 | Test Loss: 3.4729E-04 | Time: 8ms
Epoch: 097 | Test Loss: 3.4105E-04 | Time: 8ms
Epoch: 098 | Test Loss: 3.3421E-04 | Time: 8ms
Epoch: 099 | Test Loss: 3.3566E-04 | Time: 8ms
Epoch: 100 | Test Loss: 3.3473E-04 | Time: 8ms
Total time: 4s89ms
==> Visualizing training and test losses ...
==> Computing the smoothness constants ...
> Lipschitz constant of CBF network: 1.000000
> Hessian bound of CBF network: 6.532818
==> Saving the training results ...
==> Visualizing the CBF function and feasibility condition ...
==> Checking the safe and unsafe set ...
> Safe set percentage: 0.3641
> Unsafe set percentage: 1.0000
> Feasibility percentage: 0.9615
> Success:  False
==> Saving the feasibility results ...
==> Visualizing the CBF function and stability condition ...
==> Visualizing the feasibility condition ...
==> Done!
