==> Creating result directory ...
==> Loading test settings ...
==> Deciding torch device ...
==> torch device:  cpu
==> Building cbf neural network ...
==> Lipschitz constant of CBF network: 1.000000
==> Hessian bound of CBF network: 6.532818
==> Third order elementwise bound of CBF network: 66.677713
==> Number of subregions: 1
==> Subregion 0000000001 / 0000000001: 
==> [[-0.5  -2.   -1.57], [0.5  0.   1.57]]
> Iteration 00 | Bound: [-0.386154, 1.541254] | l2 radius: 1.93E+00 | Size: 1.00E+00 | Time: 13ms
> Iteration 01 | Bound: [-0.425178, 0.940920] | l2 radius: 1.37E+00 | Size: 2.00E+00 | Time: 17ms
> Iteration 02 | Bound: [-0.377101, 0.679415] | l2 radius: 1.06E+00 | Size: 4.00E+00 | Time: 20ms
> Iteration 03 | Bound: [-0.339228, 0.469509] | l2 radius: 8.09E-01 | Size: 8.00E+00 | Time: 24ms
> Iteration 04 | Bound: [-0.302974, 0.380075] | l2 radius: 6.83E-01 | Size: 1.60E+01 | Time: 29ms
> Iteration 05 | Bound: [-0.259465, 0.268793] | l2 radius: 5.28E-01 | Size: 3.20E+01 | Time: 37ms
> Iteration 06 | Bound: [-0.237358, 0.167010] | l2 radius: 4.04E-01 | Size: 6.00E+01 | Time: 52ms
> Iteration 07 | Bound: [-0.200402, 0.141123] | l2 radius: 3.42E-01 | Size: 9.00E+01 | Time: 71ms
> Iteration 08 | Bound: [-0.164281, 0.099848] | l2 radius: 2.64E-01 | Size: 1.06E+02 | Time: 95ms
> Iteration 09 | Bound: [-0.154112, 0.048072] | l2 radius: 2.02E-01 | Size: 3.60E+01 | Time: 102ms
> Iteration 10 | Bound: [-0.131565, 0.036368] | l2 radius: 1.71E-01 | Size: 1.40E+01 | Time: 109ms
> Iteration 11 | Bound: [-0.098501, -0.006455] | l2 radius: 1.32E-01 | Size: 8.00E+00 | Time: 113ms
> No region to refine. Done!
> Time for subregion 0000000001: 113ms
> Total time up to subregion 0000000001: 113ms = 0.11313271522521973 s
> Total time excluding drawing: 113ms = 0.11313271522521973 s
> Success: True
==> Done!
