==> Creating result directory ...
==> Loading test settings ...
==> Deciding torch device ...
==> torch device:  cuda
==> Building cbf neural network ...
==> Lipschitz constant of CBF network: 1.000000
==> Hessian bound of CBF network: 6.532818
==> Third order elementwise bound of CBF network: 66.677713
==> Number of subregions: 1
==> Subregion 0000000001 / 0000000001: 
==> [[-0.5  -2.   -1.57], [0.5  0.   1.57]]
> Iteration 00 | Bound: [-0.386153, 1.541254] | l2 radius: 1.93E+00 | Size: 1.00E+00 | Time: 72ms
> Iteration 01 | Bound: [-0.425178, 0.940921] | l2 radius: 1.37E+00 | Size: 2.00E+00 | Time: 77ms
> Iteration 02 | Bound: [-0.377100, 0.679415] | l2 radius: 1.06E+00 | Size: 4.00E+00 | Time: 79ms
> Iteration 03 | Bound: [-0.339227, 0.469510] | l2 radius: 8.09E-01 | Size: 8.00E+00 | Time: 81ms
> Iteration 04 | Bound: [-0.302973, 0.380076] | l2 radius: 6.83E-01 | Size: 1.60E+01 | Time: 82ms
> Iteration 05 | Bound: [-0.259465, 0.268793] | l2 radius: 5.28E-01 | Size: 3.20E+01 | Time: 84ms
> Iteration 06 | Bound: [-0.237359, 0.167010] | l2 radius: 4.04E-01 | Size: 6.00E+01 | Time: 87ms
> Iteration 07 | Bound: [-0.200402, 0.141123] | l2 radius: 3.42E-01 | Size: 9.00E+01 | Time: 89ms
> Iteration 08 | Bound: [-0.164281, 0.099848] | l2 radius: 2.64E-01 | Size: 1.06E+02 | Time: 93ms
> Iteration 09 | Bound: [-0.154112, 0.048072] | l2 radius: 2.02E-01 | Size: 3.60E+01 | Time: 96ms
> Iteration 10 | Bound: [-0.131565, 0.036368] | l2 radius: 1.71E-01 | Size: 1.40E+01 | Time: 99ms
> Iteration 11 | Bound: [-0.098501, -0.006455] | l2 radius: 1.32E-01 | Size: 8.00E+00 | Time: 102ms
> No region to refine. Done!
> Time for subregion 0000000001: 102ms
> Total time up to subregion 0000000001: 102ms = 0.10288739204406738 s
> Total time excluding drawing: 102ms = 0.10288739204406738 s
> Success: True
==> Done!
