==> Creating result directory ...
==> Loading test settings ...
==> Deciding torch device ...
==> torch device:  cpu
==> Building dynamical system ...
==> Building cbf neural network ...
==> Lipschitz constant of CBF network: 1.000000
==> Hessian bound of CBF network: 4.355212
==> Third order elementwise bound of CBF network: 30.225904
==> Number of subregions: 1
==> Subregion 0000000001 / 0000000001: 
==> [[-3.14 -5.  ], [3.14 5.  ]]
==> Lipschitz constant of the zero order test function: 110.103333
> Iteration 00 | Bound: [-649.669556, 0.402754] | l2 radius: 5.90E+00 | Size: 1.00E+00 | Time: 11ms
> Iteration 01 | Bound: [-438.427246, 3.491926] | l2 radius: 4.01E+00 | Size: 2.00E+00 | Time: 15ms
> Iteration 02 | Bound: [-324.943237, 0.092927] | l2 radius: 2.95E+00 | Size: 4.00E+00 | Time: 18ms
> Iteration 03 | Bound: [-220.776352, 0.183221] | l2 radius: 2.01E+00 | Size: 8.00E+00 | Time: 22ms
> Iteration 04 | Bound: [-162.362686, 0.155392] | l2 radius: 1.48E+00 | Size: 1.60E+01 | Time: 26ms
> Iteration 05 | Bound: [-110.338478, 0.141309] | l2 radius: 1.00E+00 | Size: 3.20E+01 | Time: 30ms
> Iteration 06 | Bound: [-81.262138, 0.005630] | l2 radius: 7.38E-01 | Size: 6.40E+01 | Time: 34ms
> Iteration 07 | Bound: [-55.252743, 0.001257] | l2 radius: 5.02E-01 | Size: 1.28E+02 | Time: 43ms
> Iteration 08 | Bound: [-40.804394, 0.015933] | l2 radius: 3.69E-01 | Size: 2.41E+02 | Time: 77ms
> Iteration 09 | Bound: [-27.786680, 0.074704] | l2 radius: 2.51E-01 | Size: 3.65E+02 | Time: 102ms
> Iteration 10 | Bound: [-15.922248, 0.045392] | l2 radius: 1.85E-01 | Size: 5.94E+02 | Time: 140ms
> Iteration 11 | Bound: [-7.329525, 0.045685] | l2 radius: 1.25E-01 | Size: 1.07E+03 | Time: 220ms
> Iteration 12 | Bound: [-3.887999, 0.071863] | l2 radius: 9.23E-02 | Size: 2.01E+03 | Time: 308ms
> Iteration 13 | Bound: [-1.780691, 0.073796] | l2 radius: 6.27E-02 | Size: 3.25E+03 | Time: 451ms
> Iteration 14 | Bound: [-0.910537, 0.074378] | l2 radius: 4.61E-02 | Size: 4.01E+03 | Time: 626ms
> Iteration 15 | Bound: [-0.381102, 0.074791] | l2 radius: 3.14E-02 | Size: 5.68E+03 | Time: 878ms
> Iteration 16 | Bound: [-0.171862, 0.075084] | l2 radius: 2.31E-02 | Size: 7.39E+03 | Time: 1s166ms
> Iteration 17 | Bound: [-0.038843, 0.075879] | l2 radius: 1.57E-02 | Size: 8.16E+03 | Time: 1s509ms
> Iteration 18 | Bound: [0.013658, 0.075679] | l2 radius: 1.15E-02 | Size: 1.01E+03 | Time: 1s563ms
> No region to refine. Done!
> Time for subregion 0000000001: 1s563ms
> Total time up to subregion 0000000001: 1s563ms = 1.5637264251708984 s
> Total time excluding drawing: 1s563ms = 1.5637264251708984 s
> Success: True
==> Done!
