==> Creating result directory ...
==> Loading test settings ...
==> Deciding torch device ...
==> torch device:  cpu
==> Building cbf neural network ...
==> Lipschitz constant of CBF network: 1.000000
==> Hessian bound of CBF network: 4.355212
==> Third order elementwise bound of CBF network: 30.225904
==> Number of subregions: 4
==> Subregion 0000000001 / 0000000004: 
==> [[-3.14 -5.  ], [-2.618  5.   ]]
> Iteration 00 | Bound: [-0.148936, 4.857872] | l2 radius: 5.01E+00 | Size: 1.00E+00 | Time: 5ms
> Iteration 01 | Bound: [-0.194344, 2.319243] | l2 radius: 2.51E+00 | Size: 2.00E+00 | Time: 6ms
> Iteration 02 | Bound: [-0.171334, 1.105624] | l2 radius: 1.28E+00 | Size: 4.00E+00 | Time: 8ms
> Iteration 03 | Bound: [-0.154085, 0.523223] | l2 radius: 6.77E-01 | Size: 8.00E+00 | Time: 9ms
> Iteration 04 | Bound: [-0.149697, 0.257460] | l2 radius: 4.07E-01 | Size: 1.60E+01 | Time: 11ms
> Iteration 05 | Bound: [-0.148858, 0.154310] | l2 radius: 3.04E-01 | Size: 3.20E+01 | Time: 12ms
> Iteration 06 | Bound: [-0.097005, 0.019353] | l2 radius: 2.04E-01 | Size: 5.00E+01 | Time: 22ms
> Iteration 07 | Bound: [-0.066913, -0.017325] | l2 radius: 1.52E-01 | Size: 1.20E+01 | Time: 24ms
> No region to refine. Done!
> Time for subregion 0000000001: 24ms
> Total time up to subregion 0000000001: 24ms = 0.024940013885498047 s
==> Subregion 0000000002 / 0000000004: 
==> [[ 2.618 -5.   ], [3.14 5.  ]]
> Iteration 00 | Bound: [-0.120136, 4.886672] | l2 radius: 5.01E+00 | Size: 1.00E+00 | Time: 2ms
> Iteration 01 | Bound: [-0.179502, 2.334085] | l2 radius: 2.51E+00 | Size: 2.00E+00 | Time: 5ms
> Iteration 02 | Bound: [-0.142431, 1.134526] | l2 radius: 1.28E+00 | Size: 4.00E+00 | Time: 12ms
> Iteration 03 | Bound: [-0.126483, 0.550825] | l2 radius: 6.77E-01 | Size: 8.00E+00 | Time: 14ms
> Iteration 04 | Bound: [-0.121713, 0.285444] | l2 radius: 4.07E-01 | Size: 1.60E+01 | Time: 16ms
> Iteration 05 | Bound: [-0.120488, 0.172224] | l2 radius: 3.04E-01 | Size: 3.20E+01 | Time: 19ms
> Iteration 06 | Bound: [-0.074100, 0.036622] | l2 radius: 2.04E-01 | Size: 4.80E+01 | Time: 22ms
> Iteration 07 | Bound: [-0.049914, -0.000533] | l2 radius: 1.52E-01 | Size: 1.80E+01 | Time: 24ms
> No region to refine. Done!
> Time for subregion 0000000002: 24ms
> Total time up to subregion 0000000002: 49ms = 0.04958915710449219 s
==> Subregion 0000000003 / 0000000004: 
==> [[-2.618 -5.   ], [ 2.618 -4.   ]]
> Iteration 00 | Bound: [-0.337253, 2.328066] | l2 radius: 2.67E+00 | Size: 1.00E+00 | Time: 3ms
> Iteration 01 | Bound: [-0.179398, 1.221845] | l2 radius: 1.40E+00 | Size: 2.00E+00 | Time: 6ms
> Iteration 02 | Bound: [-0.155908, 0.667724] | l2 radius: 8.24E-01 | Size: 4.00E+00 | Time: 8ms
> Iteration 03 | Bound: [-0.159497, 0.438075] | l2 radius: 5.98E-01 | Size: 8.00E+00 | Time: 9ms
> Iteration 04 | Bound: [-0.117125, 0.294692] | l2 radius: 4.12E-01 | Size: 1.60E+01 | Time: 12ms
> Iteration 05 | Bound: [-0.117350, 0.125852] | l2 radius: 2.99E-01 | Size: 2.60E+01 | Time: 14ms
> Iteration 06 | Bound: [-0.098043, -0.004359] | l2 radius: 2.06E-01 | Size: 2.60E+01 | Time: 16ms
> No region to refine. Done!
> Time for subregion 0000000003: 16ms
> Total time up to subregion 0000000003: 66ms = 0.06648755073547363 s
==> Subregion 0000000004 / 0000000004: 
==> [[-2.618  4.   ], [2.618 5.   ]]
> Iteration 00 | Bound: [-0.322080, 2.343239] | l2 radius: 2.67E+00 | Size: 1.00E+00 | Time: 3ms
> Iteration 01 | Bound: [-0.170315, 1.230927] | l2 radius: 1.40E+00 | Size: 2.00E+00 | Time: 5ms
> Iteration 02 | Bound: [-0.148780, 0.674853] | l2 radius: 8.24E-01 | Size: 4.00E+00 | Time: 8ms
> Iteration 03 | Bound: [-0.152214, 0.445359] | l2 radius: 5.98E-01 | Size: 8.00E+00 | Time: 10ms
> Iteration 04 | Bound: [-0.116750, 0.292653] | l2 radius: 4.12E-01 | Size: 1.60E+01 | Time: 12ms
> Iteration 05 | Bound: [-0.116880, 0.119199] | l2 radius: 2.99E-01 | Size: 3.00E+01 | Time: 15ms
> Iteration 06 | Bound: [-0.100350, -0.010173] | l2 radius: 2.06E-01 | Size: 2.60E+01 | Time: 17ms
> No region to refine. Done!
> Time for subregion 0000000004: 17ms
> Total time up to subregion 0000000004: 84ms = 0.08429694175720215 s
> Total time excluding drawing: 84ms = 0.08429694175720215 s
> Success: True
==> Done!
