==> Creating result directory ...
==> Loading test settings ...
==> Deciding torch device ...
==> torch device:  cuda
==> Seeding everything ...
==> Building dynamical system ...
==> Building cbf neural network ...
==========================================================================================
Layer (type:depth-idx)                   Output Shape              Param #
==========================================================================================
LipschitzNetwork                         [1, 1]                    --
├─Sequential: 1-1                        [1, 1]                    --
│    └─SandwichFc: 2-1                   [1, 128]                  16,897
│    └─SandwichFc: 2-2                   [1, 128]                  33,025
│    └─SandwichFc: 2-3                   [1, 128]                  33,025
│    └─SandwichLin: 2-4                  [1, 1]                    131
==========================================================================================
Total params: 83,078
Trainable params: 82,694
Non-trainable params: 384
Total mult-adds (M): 0.08
==========================================================================================
Input size (MB): 0.00
Forward/backward pass size (MB): 0.00
Params size (MB): 0.33
Estimated Total Size (MB): 0.34
==========================================================================================
==> Lipschitz constant of CBF network: 1.000000
==> Amount of training data:  1500
==> Creating training data ...
==> Start training ...
Epoch: 001 | Train Loss: 1.3946E-01 | CBF GN: 3.7103E+00 | Time: 110ms
Epoch: 001 | Test Loss: 1.3544E-01 | Time: 8ms
> Save at epoch 001 | Test loss 1.3544E-01
Epoch: 002 | Test Loss: 5.2166E-02 | Time: 8ms
> Save at epoch 002 | Test loss 5.2166E-02
Epoch: 003 | Test Loss: 5.9836E-02 | Time: 8ms
Epoch: 004 | Test Loss: 3.0636E-02 | Time: 8ms
> Save at epoch 004 | Test loss 3.0636E-02
Epoch: 005 | Test Loss: 1.5402E-02 | Time: 8ms
> Save at epoch 005 | Test loss 1.5402E-02
Epoch: 006 | Train Loss: 2.2834E-02 | CBF GN: 3.8981E-01 | Time: 34ms
Epoch: 006 | Test Loss: 1.8795E-02 | Time: 9ms
Epoch: 007 | Test Loss: 1.3992E-02 | Time: 8ms
> Save at epoch 007 | Test loss 1.3992E-02
Epoch: 008 | Test Loss: 1.3412E-02 | Time: 8ms
> Save at epoch 008 | Test loss 1.3412E-02
Epoch: 009 | Test Loss: 9.4454E-03 | Time: 8ms
> Save at epoch 009 | Test loss 9.4454E-03
Epoch: 010 | Test Loss: 1.9894E-02 | Time: 8ms
Epoch: 011 | Train Loss: 5.3422E-02 | CBF GN: 8.8578E-01 | Time: 31ms
Epoch: 011 | Test Loss: 3.2731E-02 | Time: 8ms
Epoch: 012 | Test Loss: 1.1204E-02 | Time: 8ms
Epoch: 013 | Test Loss: 1.1322E-02 | Time: 8ms
Epoch: 014 | Test Loss: 1.2601E-02 | Time: 8ms
Epoch: 015 | Test Loss: 6.2930E-03 | Time: 8ms
> Save at epoch 015 | Test loss 6.2930E-03
Epoch: 016 | Train Loss: 1.1598E-02 | CBF GN: 4.0064E-01 | Time: 31ms
Epoch: 016 | Test Loss: 1.2394E-02 | Time: 8ms
Epoch: 017 | Test Loss: 5.2730E-03 | Time: 8ms
> Save at epoch 017 | Test loss 5.2730E-03
Epoch: 018 | Test Loss: 3.3407E-03 | Time: 8ms
> Save at epoch 018 | Test loss 3.3407E-03
Epoch: 019 | Test Loss: 5.2500E-03 | Time: 8ms
Epoch: 020 | Test Loss: 8.9955E-03 | Time: 8ms
Epoch: 021 | Train Loss: 5.1341E-03 | CBF GN: 2.1130E-01 | Time: 31ms
Epoch: 021 | Test Loss: 2.9573E-03 | Time: 8ms
> Save at epoch 021 | Test loss 2.9573E-03
Epoch: 022 | Test Loss: 6.7228E-03 | Time: 8ms
Epoch: 023 | Test Loss: 7.4121E-03 | Time: 8ms
Epoch: 024 | Test Loss: 2.9180E-03 | Time: 8ms
> Save at epoch 024 | Test loss 2.9180E-03
Epoch: 025 | Test Loss: 4.7790E-03 | Time: 8ms
Epoch: 026 | Train Loss: 4.2046E-03 | CBF GN: 1.4292E-01 | Time: 31ms
Epoch: 026 | Test Loss: 3.0979E-03 | Time: 9ms
Epoch: 027 | Test Loss: 2.5049E-03 | Time: 8ms
> Save at epoch 027 | Test loss 2.5049E-03
Epoch: 028 | Test Loss: 2.6163E-03 | Time: 8ms
Epoch: 029 | Test Loss: 1.7193E-03 | Time: 8ms
> Save at epoch 029 | Test loss 1.7193E-03
Epoch: 030 | Test Loss: 1.4174E-03 | Time: 8ms
> Save at epoch 030 | Test loss 1.4174E-03
Epoch: 031 | Train Loss: 1.2593E-03 | CBF GN: 8.3097E-02 | Time: 31ms
Epoch: 031 | Test Loss: 5.1945E-04 | Time: 8ms
> Save at epoch 031 | Test loss 5.1945E-04
Epoch: 032 | Test Loss: 1.2021E-03 | Time: 8ms
Epoch: 033 | Test Loss: 7.0531E-04 | Time: 8ms
Epoch: 034 | Test Loss: 5.9692E-04 | Time: 8ms
Epoch: 035 | Test Loss: 7.3741E-04 | Time: 8ms
Epoch: 036 | Train Loss: 8.6471E-04 | CBF GN: 7.8616E-02 | Time: 31ms
Epoch: 036 | Test Loss: 7.8907E-04 | Time: 8ms
Epoch: 037 | Test Loss: 1.0202E-03 | Time: 8ms
Epoch: 038 | Test Loss: 1.1087E-03 | Time: 8ms
Epoch: 039 | Test Loss: 1.2594E-03 | Time: 8ms
Epoch: 040 | Test Loss: 5.8484E-04 | Time: 8ms
Epoch: 041 | Train Loss: 8.0129E-04 | CBF GN: 8.8272E-02 | Time: 31ms
Epoch: 041 | Test Loss: 5.4898E-04 | Time: 8ms
Epoch: 042 | Test Loss: 6.4397E-04 | Time: 8ms
Epoch: 043 | Test Loss: 5.6009E-04 | Time: 8ms
Epoch: 044 | Test Loss: 4.2393E-04 | Time: 8ms
> Save at epoch 044 | Test loss 4.2393E-04
Epoch: 045 | Test Loss: 2.8003E-04 | Time: 8ms
> Save at epoch 045 | Test loss 2.8003E-04
Epoch: 046 | Train Loss: 7.1987E-04 | CBF GN: 1.2015E-01 | Time: 31ms
Epoch: 046 | Test Loss: 2.3114E-04 | Time: 8ms
> Save at epoch 046 | Test loss 2.3114E-04
Epoch: 047 | Test Loss: 2.5652E-04 | Time: 8ms
Epoch: 048 | Test Loss: 3.4519E-04 | Time: 8ms
Epoch: 049 | Test Loss: 3.2931E-04 | Time: 8ms
Epoch: 050 | Test Loss: 3.8764E-04 | Time: 8ms
Epoch: 051 | Train Loss: 4.2255E-04 | CBF GN: 2.7126E-02 | Time: 31ms
Epoch: 051 | Test Loss: 3.8410E-04 | Time: 8ms
Epoch: 052 | Test Loss: 3.3529E-04 | Time: 8ms
Epoch: 053 | Test Loss: 3.1277E-04 | Time: 8ms
Epoch: 054 | Test Loss: 3.4982E-04 | Time: 37ms
Epoch: 055 | Test Loss: 3.5073E-04 | Time: 8ms
Epoch: 056 | Train Loss: 5.3094E-04 | CBF GN: 8.5528E-02 | Time: 31ms
Epoch: 056 | Test Loss: 6.1082E-04 | Time: 8ms
Epoch: 057 | Test Loss: 4.0146E-04 | Time: 8ms
Epoch: 058 | Test Loss: 2.4140E-04 | Time: 8ms
Epoch: 059 | Test Loss: 2.4250E-04 | Time: 8ms
Epoch: 060 | Test Loss: 2.8334E-04 | Time: 8ms
Epoch: 061 | Train Loss: 4.6506E-04 | CBF GN: 6.0329E-02 | Time: 31ms
Epoch: 061 | Test Loss: 2.8816E-04 | Time: 8ms
Epoch: 062 | Test Loss: 3.1553E-04 | Time: 8ms
Epoch: 063 | Test Loss: 3.3497E-04 | Time: 8ms
Epoch: 064 | Test Loss: 2.5241E-04 | Time: 8ms
Epoch: 065 | Test Loss: 4.2978E-04 | Time: 8ms
Epoch: 066 | Train Loss: 4.3898E-04 | CBF GN: 5.3972E-02 | Time: 31ms
Epoch: 066 | Test Loss: 4.2065E-04 | Time: 8ms
Epoch: 067 | Test Loss: 2.1629E-04 | Time: 8ms
> Save at epoch 067 | Test loss 2.1629E-04
Epoch: 068 | Test Loss: 3.6153E-04 | Time: 8ms
Epoch: 069 | Test Loss: 4.2800E-04 | Time: 8ms
Epoch: 070 | Test Loss: 3.0204E-04 | Time: 8ms
Epoch: 071 | Train Loss: 4.0395E-04 | CBF GN: 4.2471E-02 | Time: 31ms
Epoch: 071 | Test Loss: 4.1291E-04 | Time: 8ms
Epoch: 072 | Test Loss: 3.0187E-04 | Time: 8ms
Epoch: 073 | Test Loss: 3.8090E-04 | Time: 8ms
Epoch: 074 | Test Loss: 2.3247E-04 | Time: 8ms
Epoch: 075 | Test Loss: 3.4149E-04 | Time: 8ms
Epoch: 076 | Train Loss: 3.7110E-04 | CBF GN: 4.5741E-02 | Time: 32ms
Epoch: 076 | Test Loss: 3.5260E-04 | Time: 8ms
Epoch: 077 | Test Loss: 2.4073E-04 | Time: 8ms
Epoch: 078 | Test Loss: 3.0006E-04 | Time: 8ms
Epoch: 079 | Test Loss: 2.1617E-04 | Time: 8ms
> Save at epoch 079 | Test loss 2.1617E-04
Epoch: 080 | Test Loss: 2.9597E-04 | Time: 8ms
Epoch: 081 | Train Loss: 3.0171E-04 | CBF GN: 1.7215E-02 | Time: 31ms
Epoch: 081 | Test Loss: 2.3911E-04 | Time: 8ms
Epoch: 082 | Test Loss: 2.6522E-04 | Time: 8ms
Epoch: 083 | Test Loss: 2.2706E-04 | Time: 8ms
Epoch: 084 | Test Loss: 2.9170E-04 | Time: 8ms
Epoch: 085 | Test Loss: 2.4406E-04 | Time: 8ms
Epoch: 086 | Train Loss: 2.9461E-04 | CBF GN: 4.6922E-02 | Time: 31ms
Epoch: 086 | Test Loss: 2.8291E-04 | Time: 8ms
Epoch: 087 | Test Loss: 2.2993E-04 | Time: 8ms
Epoch: 088 | Test Loss: 2.4503E-04 | Time: 8ms
Epoch: 089 | Test Loss: 2.7676E-04 | Time: 8ms
Epoch: 090 | Test Loss: 2.3663E-04 | Time: 8ms
Epoch: 091 | Train Loss: 2.8518E-04 | CBF GN: 2.7984E-02 | Time: 31ms
Epoch: 091 | Test Loss: 2.4071E-04 | Time: 8ms
Epoch: 092 | Test Loss: 2.5736E-04 | Time: 8ms
Epoch: 093 | Test Loss: 2.4939E-04 | Time: 8ms
Epoch: 094 | Test Loss: 2.4446E-04 | Time: 8ms
Epoch: 095 | Test Loss: 2.4066E-04 | Time: 8ms
Epoch: 096 | Train Loss: 2.7434E-04 | CBF GN: 1.5492E-02 | Time: 31ms
Epoch: 096 | Test Loss: 2.4605E-04 | Time: 8ms
Epoch: 097 | Test Loss: 2.4855E-04 | Time: 8ms
Epoch: 098 | Test Loss: 2.4836E-04 | Time: 8ms
Epoch: 099 | Test Loss: 2.4838E-04 | Time: 8ms
Epoch: 100 | Test Loss: 2.4855E-04 | Time: 8ms
Total time: 4s132ms
==> Visualizing training and test losses ...
==> Computing the smoothness constants ...
> Lipschitz constant of CBF network: 1.000000
> Hessian bound of CBF network: 6.532818
==> Saving the training results ...
==> Visualizing the CBF function and feasibility condition ...
==> Checking the safe and unsafe set ...
> Safe set percentage: 0.5962
> Unsafe set percentage: 1.0000
> Feasibility percentage: 1.0000
> Success:  True
==> Saving the feasibility results ...
==> Visualizing the CBF function and stability condition ...
==> Visualizing the feasibility condition ...
==> Done!
