==> Creating result directory ...
==> Loading test settings ...
==> Deciding torch device ...
==> torch device:  cuda
==> Building cbf neural network ...
==> Lipschitz constant of CBF network: 2.000000
==> Hessian bound of CBF network: 6.159200
==> Third order elementwise bound of CBF network: 32.000000
==> Number of subregions: 1
==> Subregion 0000000001 / 0000000001: 
==> [[-0.5 -2.  -0.1 -1.  -1.  -1. ], [0.5 0.  0.1 1.  1.  1. ]]
> Iteration 00 | Bound: [-0.410420, 3.717534] | l2 radius: 2.06E+00 | Size: 1.00E+00 | Time: 72ms
> Iteration 01 | Bound: [-0.361197, 3.385802] | l2 radius: 1.87E+00 | Size: 2.00E+00 | Time: 77ms
> Iteration 02 | Bound: [-0.361221, 2.961429] | l2 radius: 1.66E+00 | Size: 4.00E+00 | Time: 78ms
> Iteration 03 | Bound: [-0.361390, 2.474099] | l2 radius: 1.42E+00 | Size: 8.00E+00 | Time: 80ms
> Iteration 04 | Bound: [-0.333099, 1.911895] | l2 radius: 1.12E+00 | Size: 1.60E+01 | Time: 81ms
> Iteration 05 | Bound: [-0.282117, 1.789114] | l2 radius: 1.04E+00 | Size: 3.20E+01 | Time: 83ms
> Iteration 06 | Bound: [-0.232270, 1.649219] | l2 radius: 9.41E-01 | Size: 6.40E+01 | Time: 85ms
> Iteration 07 | Bound: [-0.231064, 1.439266] | l2 radius: 8.35E-01 | Size: 1.28E+02 | Time: 86ms
> Iteration 08 | Bound: [-0.230483, 1.197803] | l2 radius: 7.14E-01 | Size: 2.56E+02 | Time: 88ms
> Iteration 09 | Bound: [-0.215774, 0.920007] | l2 radius: 5.68E-01 | Size: 5.12E+02 | Time: 92ms
> Iteration 10 | Bound: [-0.163082, 0.819688] | l2 radius: 5.25E-01 | Size: 1.02E+03 | Time: 98ms
> Iteration 11 | Bound: [-0.133605, 0.677879] | l2 radius: 4.78E-01 | Size: 2.05E+03 | Time: 109ms
> Iteration 12 | Bound: [-0.132451, 0.534369] | l2 radius: 4.26E-01 | Size: 4.10E+03 | Time: 130ms
> Iteration 13 | Bound: [-0.132197, 0.390365] | l2 radius: 3.67E-01 | Size: 8.19E+03 | Time: 171ms
> Iteration 14 | Bound: [-0.124142, 0.246614] | l2 radius: 2.97E-01 | Size: 1.64E+04 | Time: 263ms
> Iteration 15 | Bound: [-0.094019, 0.212652] | l2 radius: 2.76E-01 | Size: 2.13E+04 | Time: 385ms
> Iteration 16 | Bound: [-0.078791, 0.176795] | l2 radius: 2.54E-01 | Size: 2.82E+04 | Time: 547ms
> Iteration 17 | Bound: [-0.077998, 0.140942] | l2 radius: 2.30E-01 | Size: 3.53E+04 | Time: 762ms
> Iteration 18 | Bound: [-0.077789, 0.094914] | l2 radius: 2.03E-01 | Size: 4.17E+04 | Time: 980ms
> Iteration 19 | Bound: [-0.073599, 0.050872] | l2 radius: 1.72E-01 | Size: 3.30E+04 | Time: 1s169ms
> Iteration 20 | Bound: [-0.063946, 0.026459] | l2 radius: 1.48E-01 | Size: 1.58E+04 | Time: 1s250ms
> Iteration 21 | Bound: [-0.055245, 0.016343] | l2 radius: 1.38E-01 | Size: 8.83E+03 | Time: 1s310ms
> Iteration 22 | Bound: [-0.047397, 0.007760] | l2 radius: 1.27E-01 | Size: 3.25E+03 | Time: 1s328ms
> Iteration 23 | Bound: [-0.040502, 0.000279] | l2 radius: 1.15E-01 | Size: 5.60E+02 | Time: 1s333ms
> Iteration 24 | Bound: [-0.034584, -0.006266] | l2 radius: 1.02E-01 | Size: 4.00E+00 | Time: 1s334ms
> No region to refine. Done!
> Time for subregion 0000000001: 1s334ms
> Total time up to subregion 0000000001: 1s334ms = 1.3346598148345947 s
> Total time excluding drawing: 1s334ms = 1.3346598148345947 s
> Success: True
==> Done!
