==> Creating result directory ...
==> Loading test settings ...
==> Deciding torch device ...
==> torch device:  cuda
==> Seeding everything ...
==> Building dynamical system ...
==> Building cbf neural network ...
==========================================================================================
Layer (type:depth-idx)                   Output Shape              Param #
==========================================================================================
LipschitzNetwork                         [1, 1]                    --
├─Sequential: 1-1                        [1, 1]                    --
│    └─SandwichFc: 2-1                   [1, 512]                  266,241
│    └─SandwichLin: 2-2                  [1, 1]                    515
==========================================================================================
Total params: 266,756
Trainable params: 266,244
Non-trainable params: 512
Total mult-adds (M): 0.27
==========================================================================================
Input size (MB): 0.00
Forward/backward pass size (MB): 0.00
Params size (MB): 1.07
Estimated Total Size (MB): 1.07
==========================================================================================
==> Lipschitz constant of CBF network: 2.000000
==> Amount of training data:  25000
==> Creating training data ...
==> Start training ...
Epoch: 001 | Train Loss: 4.5321E-01 | CBF GN: 7.8116E+01 | Time: 524ms
Epoch: 001 | Test Loss: 2.6135E-02 | Time: 147ms
> Save at epoch 001 | Test loss 2.6135E-02
Epoch: 002 | Test Loss: 7.1569E-03 | Time: 120ms
> Save at epoch 002 | Test loss 7.1569E-03
Epoch: 003 | Test Loss: 7.7954E-03 | Time: 120ms
Epoch: 004 | Test Loss: 5.7546E-03 | Time: 121ms
> Save at epoch 004 | Test loss 5.7546E-03
Epoch: 005 | Test Loss: 5.3955E-03 | Time: 148ms
> Save at epoch 005 | Test loss 5.3955E-03
Epoch: 006 | Train Loss: 6.0114E-03 | CBF GN: 2.8050E-01 | Time: 438ms
Epoch: 006 | Test Loss: 5.2237E-03 | Time: 121ms
> Save at epoch 006 | Test loss 5.2237E-03
Epoch: 007 | Test Loss: 5.6756E-03 | Time: 121ms
Epoch: 008 | Test Loss: 4.6160E-03 | Time: 121ms
> Save at epoch 008 | Test loss 4.6160E-03
Epoch: 009 | Test Loss: 4.7784E-03 | Time: 151ms
Epoch: 010 | Test Loss: 5.7855E-03 | Time: 150ms
Epoch: 011 | Train Loss: 5.7962E-03 | CBF GN: 4.1154E-01 | Time: 436ms
Epoch: 011 | Test Loss: 4.2487E-03 | Time: 121ms
> Save at epoch 011 | Test loss 4.2487E-03
Epoch: 012 | Test Loss: 6.5948E-03 | Time: 121ms
Epoch: 013 | Test Loss: 6.4224E-03 | Time: 123ms
Epoch: 014 | Test Loss: 5.5701E-03 | Time: 151ms
Epoch: 015 | Test Loss: 4.9650E-03 | Time: 150ms
Epoch: 016 | Train Loss: 6.4120E-03 | CBF GN: 2.1846E-01 | Time: 435ms
Epoch: 016 | Test Loss: 5.6572E-03 | Time: 121ms
Epoch: 017 | Test Loss: 5.0104E-03 | Time: 121ms
Epoch: 018 | Test Loss: 4.2266E-03 | Time: 121ms
> Save at epoch 018 | Test loss 4.2266E-03
Epoch: 019 | Test Loss: 3.7595E-03 | Time: 150ms
> Save at epoch 019 | Test loss 3.7595E-03
Epoch: 020 | Test Loss: 7.6439E-03 | Time: 148ms
Epoch: 021 | Train Loss: 5.8173E-03 | CBF GN: 8.2671E-02 | Time: 437ms
Epoch: 021 | Test Loss: 3.4638E-03 | Time: 120ms
> Save at epoch 021 | Test loss 3.4638E-03
Epoch: 022 | Test Loss: 3.8106E-03 | Time: 120ms
Epoch: 023 | Test Loss: 7.2461E-03 | Time: 121ms
Epoch: 024 | Test Loss: 3.8763E-03 | Time: 147ms
Epoch: 025 | Test Loss: 3.1882E-03 | Time: 147ms
> Save at epoch 025 | Test loss 3.1882E-03
Epoch: 026 | Train Loss: 5.8328E-03 | CBF GN: 9.2522E-02 | Time: 436ms
Epoch: 026 | Test Loss: 3.6537E-03 | Time: 120ms
Epoch: 027 | Test Loss: 3.0336E-03 | Time: 120ms
> Save at epoch 027 | Test loss 3.0336E-03
Epoch: 028 | Test Loss: 4.1519E-03 | Time: 120ms
Epoch: 029 | Test Loss: 5.6062E-03 | Time: 151ms
Epoch: 030 | Test Loss: 3.7320E-03 | Time: 149ms
Epoch: 031 | Train Loss: 4.3636E-03 | CBF GN: 1.2163E-01 | Time: 436ms
Epoch: 031 | Test Loss: 5.1475E-03 | Time: 121ms
Epoch: 032 | Test Loss: 1.8394E-03 | Time: 121ms
> Save at epoch 032 | Test loss 1.8394E-03
Epoch: 033 | Test Loss: 2.5482E-03 | Time: 121ms
Epoch: 034 | Test Loss: 1.5116E-03 | Time: 151ms
> Save at epoch 034 | Test loss 1.5116E-03
Epoch: 035 | Test Loss: 3.9969E-03 | Time: 151ms
Epoch: 036 | Train Loss: 3.0457E-03 | CBF GN: 7.8064E-02 | Time: 438ms
Epoch: 036 | Test Loss: 2.3770E-03 | Time: 120ms
Epoch: 037 | Test Loss: 1.6223E-03 | Time: 120ms
Epoch: 038 | Test Loss: 6.0273E-03 | Time: 121ms
Epoch: 039 | Test Loss: 5.1189E-03 | Time: 152ms
Epoch: 040 | Test Loss: 1.6862E-03 | Time: 147ms
Epoch: 041 | Train Loss: 2.9025E-03 | CBF GN: 8.3794E-02 | Time: 437ms
Epoch: 041 | Test Loss: 2.7871E-03 | Time: 120ms
Epoch: 042 | Test Loss: 1.1921E-03 | Time: 120ms
> Save at epoch 042 | Test loss 1.1921E-03
Epoch: 043 | Test Loss: 7.3788E-04 | Time: 120ms
> Save at epoch 043 | Test loss 7.3788E-04
Epoch: 044 | Test Loss: 7.7703E-04 | Time: 147ms
Epoch: 045 | Test Loss: 9.8558E-04 | Time: 147ms
Epoch: 046 | Train Loss: 1.0868E-03 | CBF GN: 5.2530E-02 | Time: 437ms
Epoch: 046 | Test Loss: 1.1100E-03 | Time: 121ms
Epoch: 047 | Test Loss: 2.6907E-03 | Time: 120ms
Epoch: 048 | Test Loss: 4.9852E-03 | Time: 120ms
Epoch: 049 | Test Loss: 8.7153E-04 | Time: 148ms
Epoch: 050 | Test Loss: 9.4591E-04 | Time: 151ms
Epoch: 051 | Train Loss: 1.1319E-03 | CBF GN: 5.1232E-02 | Time: 438ms
Epoch: 051 | Test Loss: 9.5120E-04 | Time: 121ms
Epoch: 052 | Test Loss: 7.0797E-04 | Time: 121ms
> Save at epoch 052 | Test loss 7.0797E-04
Epoch: 053 | Test Loss: 9.7160E-04 | Time: 121ms
Epoch: 054 | Test Loss: 6.6019E-04 | Time: 147ms
> Save at epoch 054 | Test loss 6.6019E-04
Epoch: 055 | Test Loss: 6.6660E-04 | Time: 150ms
Epoch: 056 | Train Loss: 8.3771E-04 | CBF GN: 5.0248E-02 | Time: 437ms
Epoch: 056 | Test Loss: 8.1056E-04 | Time: 121ms
Epoch: 057 | Test Loss: 5.9231E-04 | Time: 120ms
> Save at epoch 057 | Test loss 5.9231E-04
Epoch: 058 | Test Loss: 5.4136E-04 | Time: 121ms
> Save at epoch 058 | Test loss 5.4136E-04
Epoch: 059 | Test Loss: 6.4134E-04 | Time: 152ms
Epoch: 060 | Test Loss: 4.3162E-04 | Time: 150ms
> Save at epoch 060 | Test loss 4.3162E-04
Epoch: 061 | Train Loss: 6.7914E-04 | CBF GN: 4.4693E-02 | Time: 436ms
Epoch: 061 | Test Loss: 6.2824E-04 | Time: 121ms
Epoch: 062 | Test Loss: 4.3793E-04 | Time: 120ms
Epoch: 063 | Test Loss: 6.0169E-04 | Time: 121ms
Epoch: 064 | Test Loss: 6.4281E-04 | Time: 151ms
Epoch: 065 | Test Loss: 3.9642E-04 | Time: 149ms
> Save at epoch 065 | Test loss 3.9642E-04
Epoch: 066 | Train Loss: 4.8459E-04 | CBF GN: 4.0050E-02 | Time: 437ms
Epoch: 066 | Test Loss: 4.8906E-04 | Time: 121ms
Epoch: 067 | Test Loss: 8.0814E-04 | Time: 121ms
Epoch: 068 | Test Loss: 4.2702E-04 | Time: 120ms
Epoch: 069 | Test Loss: 4.6118E-04 | Time: 149ms
Epoch: 070 | Test Loss: 3.5411E-04 | Time: 150ms
> Save at epoch 070 | Test loss 3.5411E-04
Epoch: 071 | Train Loss: 4.3040E-04 | CBF GN: 3.8441E-02 | Time: 437ms
Epoch: 071 | Test Loss: 4.5637E-04 | Time: 120ms
Epoch: 072 | Test Loss: 3.4887E-04 | Time: 120ms
> Save at epoch 072 | Test loss 3.4887E-04
Epoch: 073 | Test Loss: 2.9275E-04 | Time: 119ms
> Save at epoch 073 | Test loss 2.9275E-04
Epoch: 074 | Test Loss: 3.7454E-04 | Time: 150ms
Epoch: 075 | Test Loss: 3.4358E-04 | Time: 149ms
Epoch: 076 | Train Loss: 3.9398E-04 | CBF GN: 3.2132E-02 | Time: 436ms
Epoch: 076 | Test Loss: 3.0408E-04 | Time: 120ms
Epoch: 077 | Test Loss: 5.1108E-04 | Time: 121ms
Epoch: 078 | Test Loss: 3.9154E-04 | Time: 119ms
Epoch: 079 | Test Loss: 4.0958E-04 | Time: 150ms
Epoch: 080 | Test Loss: 3.1126E-04 | Time: 149ms
Epoch: 081 | Train Loss: 3.5742E-04 | CBF GN: 2.9112E-02 | Time: 435ms
Epoch: 081 | Test Loss: 2.9913E-04 | Time: 121ms
Epoch: 082 | Test Loss: 3.5693E-04 | Time: 121ms
Epoch: 083 | Test Loss: 2.4950E-04 | Time: 121ms
> Save at epoch 083 | Test loss 2.4950E-04
Epoch: 084 | Test Loss: 2.6750E-04 | Time: 147ms
Epoch: 085 | Test Loss: 2.9462E-04 | Time: 149ms
Epoch: 086 | Train Loss: 2.9390E-04 | CBF GN: 3.3544E-02 | Time: 436ms
Epoch: 086 | Test Loss: 3.1140E-04 | Time: 121ms
Epoch: 087 | Test Loss: 2.5630E-04 | Time: 120ms
Epoch: 088 | Test Loss: 2.7463E-04 | Time: 121ms
Epoch: 089 | Test Loss: 2.4268E-04 | Time: 149ms
> Save at epoch 089 | Test loss 2.4268E-04
Epoch: 090 | Test Loss: 2.6769E-04 | Time: 148ms
Epoch: 091 | Train Loss: 2.8419E-04 | CBF GN: 2.1496E-02 | Time: 436ms
Epoch: 091 | Test Loss: 2.6070E-04 | Time: 121ms
Epoch: 092 | Test Loss: 2.3575E-04 | Time: 121ms
> Save at epoch 092 | Test loss 2.3575E-04
Epoch: 093 | Test Loss: 2.4623E-04 | Time: 121ms
Epoch: 094 | Test Loss: 2.4224E-04 | Time: 148ms
Epoch: 095 | Test Loss: 2.4447E-04 | Time: 148ms
Epoch: 096 | Train Loss: 2.5846E-04 | CBF GN: 1.7119E-02 | Time: 438ms
Epoch: 096 | Test Loss: 2.3886E-04 | Time: 121ms
Epoch: 097 | Test Loss: 2.3438E-04 | Time: 122ms
> Save at epoch 097 | Test loss 2.3438E-04
Epoch: 098 | Test Loss: 2.3781E-04 | Time: 121ms
Epoch: 099 | Test Loss: 2.3642E-04 | Time: 146ms
Epoch: 100 | Test Loss: 2.3638E-04 | Time: 147ms
Total time: 58s326ms
==> Visualizing training and test losses ...
==> Computing the smoothness constants ...
> Lipschitz constant of CBF network: 2.000000
> Hessian bound of CBF network: 6.159200
==> Saving the training results ...
==> Visualizing the CBF function and feasibility condition ...
==> Checking the safe and unsafe set ...
> Safe set percentage: 0.8509
> Unsafe set percentage: 1.0000
> Feasibility percentage: 1.0000
> Success:  True
==> Saving the feasibility results ...
==> Visualizing the CBF function ...
==> Visualizing the feasibility condition ...
==> Done!
