==> Creating result directory ...
==> Loading test settings ...
==> Deciding torch device ...
==> torch device:  cuda
==> Seeding everything ...
==> Building dynamical system ...
==> Building cbf neural network ...
==========================================================================================
Layer (type:depth-idx)                   Output Shape              Param #
==========================================================================================
LipschitzNetwork                         [1, 1]                    --
├─Sequential: 1-1                        [1, 1]                    --
│    └─SandwichFc: 2-1                   [1, 256]                  66,817
│    └─SandwichLin: 2-2                  [1, 1]                    259
==========================================================================================
Total params: 67,076
Trainable params: 66,820
Non-trainable params: 256
Total mult-adds (M): 0.07
==========================================================================================
Input size (MB): 0.00
Forward/backward pass size (MB): 0.00
Params size (MB): 0.27
Estimated Total Size (MB): 0.27
==========================================================================================
==> Lipschitz constant of CBF network: 4.000000
==> Amount of training data:  48000
==> Creating training data ...
==> Start training ...
Epoch: 001 | Train Loss: 4.8882E-01 | CBF GN: 1.0032E+01 | Time: 587ms
Epoch: 001 | Test Loss: 2.1183E-01 | Time: 185ms
> Save at epoch 001 | Test loss 2.1183E-01
Epoch: 002 | Test Loss: 1.8618E-03 | Time: 178ms
> Save at epoch 002 | Test loss 1.8618E-03
Epoch: 003 | Test Loss: 1.5675E-03 | Time: 170ms
> Save at epoch 003 | Test loss 1.5675E-03
Epoch: 004 | Test Loss: 1.5865E-03 | Time: 189ms
Epoch: 005 | Test Loss: 1.6070E-03 | Time: 170ms
Epoch: 006 | Train Loss: 3.1465E-03 | CBF GN: 2.0806E-01 | Time: 505ms
Epoch: 006 | Test Loss: 1.6051E-03 | Time: 160ms
Epoch: 007 | Test Loss: 1.5914E-03 | Time: 163ms
Epoch: 008 | Test Loss: 1.5510E-03 | Time: 159ms
> Save at epoch 008 | Test loss 1.5510E-03
Epoch: 009 | Test Loss: 1.4522E-03 | Time: 186ms
> Save at epoch 009 | Test loss 1.4522E-03
Epoch: 010 | Test Loss: 1.6601E-03 | Time: 160ms
Epoch: 011 | Train Loss: 2.0218E-03 | CBF GN: 1.0818E-01 | Time: 525ms
Epoch: 011 | Test Loss: 1.5658E-03 | Time: 160ms
Epoch: 012 | Test Loss: 1.3892E-03 | Time: 160ms
> Save at epoch 012 | Test loss 1.3892E-03
Epoch: 013 | Test Loss: 1.4584E-03 | Time: 159ms
Epoch: 014 | Test Loss: 1.3857E-03 | Time: 163ms
> Save at epoch 014 | Test loss 1.3857E-03
Epoch: 015 | Test Loss: 1.3568E-03 | Time: 162ms
> Save at epoch 015 | Test loss 1.3568E-03
Epoch: 016 | Train Loss: 1.9097E-03 | CBF GN: 9.8307E-02 | Time: 499ms
Epoch: 016 | Test Loss: 1.3472E-03 | Time: 189ms
> Save at epoch 016 | Test loss 1.3472E-03
Epoch: 017 | Test Loss: 1.3154E-03 | Time: 159ms
> Save at epoch 017 | Test loss 1.3154E-03
Epoch: 018 | Test Loss: 1.3715E-03 | Time: 159ms
Epoch: 019 | Test Loss: 1.4334E-03 | Time: 159ms
Epoch: 020 | Test Loss: 1.3875E-03 | Time: 160ms
Epoch: 021 | Train Loss: 1.7170E-03 | CBF GN: 7.6509E-02 | Time: 489ms
Epoch: 021 | Test Loss: 1.1982E-03 | Time: 187ms
> Save at epoch 021 | Test loss 1.1982E-03
Epoch: 022 | Test Loss: 1.4843E-03 | Time: 185ms
Epoch: 023 | Test Loss: 1.1644E-03 | Time: 159ms
> Save at epoch 023 | Test loss 1.1644E-03
Epoch: 024 | Test Loss: 1.2967E-03 | Time: 185ms
Epoch: 025 | Test Loss: 1.4719E-03 | Time: 160ms
Epoch: 026 | Train Loss: 1.6172E-03 | CBF GN: 6.9336E-02 | Time: 495ms
Epoch: 026 | Test Loss: 1.1459E-03 | Time: 163ms
> Save at epoch 026 | Test loss 1.1459E-03
Epoch: 027 | Test Loss: 1.6379E-03 | Time: 160ms
Epoch: 028 | Test Loss: 1.2932E-03 | Time: 159ms
Epoch: 029 | Test Loss: 1.3280E-03 | Time: 159ms
Epoch: 030 | Test Loss: 1.6531E-03 | Time: 185ms
Epoch: 031 | Train Loss: 1.8915E-03 | CBF GN: 7.4161E-02 | Time: 487ms
Epoch: 031 | Test Loss: 1.2003E-03 | Time: 160ms
Epoch: 032 | Test Loss: 9.8879E-04 | Time: 187ms
> Save at epoch 032 | Test loss 9.8879E-04
Epoch: 033 | Test Loss: 1.2334E-03 | Time: 159ms
Epoch: 034 | Test Loss: 1.1542E-03 | Time: 160ms
Epoch: 035 | Test Loss: 8.3758E-04 | Time: 160ms
> Save at epoch 035 | Test loss 8.3758E-04
Epoch: 036 | Train Loss: 1.4350E-03 | CBF GN: 6.9436E-02 | Time: 487ms
Epoch: 036 | Test Loss: 8.6999E-04 | Time: 186ms
Epoch: 037 | Test Loss: 1.1784E-03 | Time: 186ms
Epoch: 038 | Test Loss: 1.1110E-03 | Time: 160ms
Epoch: 039 | Test Loss: 1.0797E-03 | Time: 160ms
Epoch: 040 | Test Loss: 1.1694E-03 | Time: 158ms
Epoch: 041 | Train Loss: 1.6665E-03 | CBF GN: 7.4802E-02 | Time: 513ms
Epoch: 041 | Test Loss: 8.6392E-04 | Time: 160ms
Epoch: 042 | Test Loss: 6.6567E-04 | Time: 161ms
> Save at epoch 042 | Test loss 6.6567E-04
Epoch: 043 | Test Loss: 9.2044E-04 | Time: 162ms
Epoch: 044 | Test Loss: 6.9335E-04 | Time: 160ms
Epoch: 045 | Test Loss: 6.1886E-04 | Time: 187ms
> Save at epoch 045 | Test loss 6.1886E-04
Epoch: 046 | Train Loss: 1.1810E-03 | CBF GN: 5.8535E-02 | Time: 488ms
Epoch: 046 | Test Loss: 6.3059E-04 | Time: 160ms
Epoch: 047 | Test Loss: 4.3197E-04 | Time: 189ms
> Save at epoch 047 | Test loss 4.3197E-04
Epoch: 048 | Test Loss: 4.4034E-04 | Time: 163ms
Epoch: 049 | Test Loss: 6.2486E-04 | Time: 161ms
Epoch: 050 | Test Loss: 4.2365E-04 | Time: 160ms
> Save at epoch 050 | Test loss 4.2365E-04
Epoch: 051 | Train Loss: 8.0405E-04 | CBF GN: 4.4535E-02 | Time: 539ms
Epoch: 051 | Test Loss: 4.8296E-04 | Time: 169ms
Epoch: 052 | Test Loss: 3.9357E-04 | Time: 201ms
> Save at epoch 052 | Test loss 3.9357E-04
Epoch: 053 | Test Loss: 4.5286E-04 | Time: 166ms
Epoch: 054 | Test Loss: 4.8828E-04 | Time: 163ms
Epoch: 055 | Test Loss: 6.1341E-04 | Time: 159ms
Epoch: 056 | Train Loss: 7.6889E-04 | CBF GN: 4.1674E-02 | Time: 525ms
Epoch: 056 | Test Loss: 3.8515E-04 | Time: 167ms
> Save at epoch 056 | Test loss 3.8515E-04
Epoch: 057 | Test Loss: 3.5016E-04 | Time: 160ms
> Save at epoch 057 | Test loss 3.5016E-04
Epoch: 058 | Test Loss: 3.4184E-04 | Time: 160ms
> Save at epoch 058 | Test loss 3.4184E-04
Epoch: 059 | Test Loss: 3.2759E-04 | Time: 186ms
> Save at epoch 059 | Test loss 3.2759E-04
Epoch: 060 | Test Loss: 4.3256E-04 | Time: 174ms
Epoch: 061 | Train Loss: 6.0847E-04 | CBF GN: 4.1784E-02 | Time: 499ms
Epoch: 061 | Test Loss: 3.9362E-04 | Time: 187ms
Epoch: 062 | Test Loss: 3.7776E-04 | Time: 186ms
Epoch: 063 | Test Loss: 4.2714E-04 | Time: 159ms
Epoch: 064 | Test Loss: 3.8923E-04 | Time: 160ms
Epoch: 065 | Test Loss: 2.5290E-04 | Time: 160ms
> Save at epoch 065 | Test loss 2.5290E-04
Epoch: 066 | Train Loss: 5.8150E-04 | CBF GN: 3.7584E-02 | Time: 499ms
Epoch: 066 | Test Loss: 3.0852E-04 | Time: 186ms
Epoch: 067 | Test Loss: 3.4659E-04 | Time: 160ms
Epoch: 068 | Test Loss: 2.8667E-04 | Time: 160ms
Epoch: 069 | Test Loss: 2.6718E-04 | Time: 160ms
Epoch: 070 | Test Loss: 2.3079E-04 | Time: 161ms
> Save at epoch 070 | Test loss 2.3079E-04
Epoch: 071 | Train Loss: 4.9911E-04 | CBF GN: 3.6038E-02 | Time: 487ms
Epoch: 071 | Test Loss: 2.5992E-04 | Time: 160ms
Epoch: 072 | Test Loss: 2.2470E-04 | Time: 161ms
> Save at epoch 072 | Test loss 2.2470E-04
Epoch: 073 | Test Loss: 2.5060E-04 | Time: 186ms
Epoch: 074 | Test Loss: 2.3574E-04 | Time: 160ms
Epoch: 075 | Test Loss: 2.1354E-04 | Time: 159ms
> Save at epoch 075 | Test loss 2.1354E-04
Epoch: 076 | Train Loss: 4.2490E-04 | CBF GN: 2.9059E-02 | Time: 487ms
Epoch: 076 | Test Loss: 2.6655E-04 | Time: 186ms
Epoch: 077 | Test Loss: 2.2959E-04 | Time: 160ms
Epoch: 078 | Test Loss: 1.9802E-04 | Time: 159ms
> Save at epoch 078 | Test loss 1.9802E-04
Epoch: 079 | Test Loss: 2.3352E-04 | Time: 160ms
Epoch: 080 | Test Loss: 2.3506E-04 | Time: 159ms
Epoch: 081 | Train Loss: 3.8627E-04 | CBF GN: 2.5196E-02 | Time: 514ms
Epoch: 081 | Test Loss: 1.8466E-04 | Time: 161ms
> Save at epoch 081 | Test loss 1.8466E-04
Epoch: 082 | Test Loss: 2.2441E-04 | Time: 160ms
Epoch: 083 | Test Loss: 2.0619E-04 | Time: 160ms
Epoch: 084 | Test Loss: 2.1432E-04 | Time: 160ms
Epoch: 085 | Test Loss: 2.1164E-04 | Time: 159ms
Epoch: 086 | Train Loss: 3.5975E-04 | CBF GN: 2.9681E-02 | Time: 487ms
Epoch: 086 | Test Loss: 1.8809E-04 | Time: 186ms
Epoch: 087 | Test Loss: 2.0212E-04 | Time: 185ms
Epoch: 088 | Test Loss: 2.1340E-04 | Time: 161ms
Epoch: 089 | Test Loss: 1.9878E-04 | Time: 159ms
Epoch: 090 | Test Loss: 1.7705E-04 | Time: 160ms
> Save at epoch 090 | Test loss 1.7705E-04
Epoch: 091 | Train Loss: 3.2174E-04 | CBF GN: 2.9521E-02 | Time: 488ms
Epoch: 091 | Test Loss: 2.0293E-04 | Time: 188ms
Epoch: 092 | Test Loss: 1.8715E-04 | Time: 186ms
Epoch: 093 | Test Loss: 1.7479E-04 | Time: 160ms
> Save at epoch 093 | Test loss 1.7479E-04
Epoch: 094 | Test Loss: 1.8000E-04 | Time: 188ms
Epoch: 095 | Test Loss: 1.7785E-04 | Time: 160ms
Epoch: 096 | Train Loss: 2.8365E-04 | CBF GN: 2.5995E-02 | Time: 487ms
Epoch: 096 | Test Loss: 1.7805E-04 | Time: 187ms
Epoch: 097 | Test Loss: 1.7973E-04 | Time: 172ms
Epoch: 098 | Test Loss: 1.8007E-04 | Time: 160ms
Epoch: 099 | Test Loss: 1.7985E-04 | Time: 159ms
Epoch: 100 | Test Loss: 1.7976E-04 | Time: 187ms
Total time: 1m6s
==> Visualizing training and test losses ...
==> Computing the smoothness constants ...
> Lipschitz constant of CBF network: 4.000000
> Hessian bound of CBF network: 17.420848
==> Saving the training results ...
==> Visualizing the CBF function and feasibility condition ...
==> Checking the safe and unsafe set ...
> Safe set percentage: 0.791315
> Unsafe set percentage: 1.000000
> Feasibility percentage: 1.000000
> Success:  True
==> Saving the feasibility results ...
==> Visualizing the CBF function and stability condition ...
==> Visualizing the feasibility condition ...
==> Done!
