==> Creating result directory ...
==> Loading test settings ...
==> Deciding torch device ...
==> torch device:  cuda
==> Building cbf neural network ...
==> Lipschitz constant of CBF network: 4.000000
==> Hessian bound of CBF network: 17.420848
==> Third order elementwise bound of CBF network: 128.000000
==> Number of subregions: 1
==> Subregion 0000000001 / 0000000001: 
==> [[-0.5  -2.   -1.57], [0.5  0.   1.57]]
> Iteration 00 | Bound: [-0.835026, 6.874604] | l2 radius: 1.93E+00 | Size: 1.00E+00 | Time: 68ms
> Iteration 01 | Bound: [-0.830747, 4.633646] | l2 radius: 1.37E+00 | Size: 2.00E+00 | Time: 72ms
> Iteration 02 | Bound: [-0.750719, 3.475343] | l2 radius: 1.06E+00 | Size: 4.00E+00 | Time: 74ms
> Iteration 03 | Bound: [-0.724015, 2.510935] | l2 radius: 8.09E-01 | Size: 8.00E+00 | Time: 75ms
> Iteration 04 | Bound: [-0.606805, 2.125391] | l2 radius: 6.83E-01 | Size: 1.60E+01 | Time: 77ms
> Iteration 05 | Bound: [-0.526762, 1.586269] | l2 radius: 5.28E-01 | Size: 3.20E+01 | Time: 78ms
> Iteration 06 | Bound: [-0.492493, 1.124982] | l2 radius: 4.04E-01 | Size: 6.40E+01 | Time: 79ms
> Iteration 07 | Bound: [-0.386605, 0.903596] | l2 radius: 3.42E-01 | Size: 1.20E+02 | Time: 81ms
> Iteration 08 | Bound: [-0.315335, 0.536827] | l2 radius: 2.64E-01 | Size: 2.20E+02 | Time: 83ms
> Iteration 09 | Bound: [-0.291297, 0.289766] | l2 radius: 2.02E-01 | Size: 2.10E+02 | Time: 86ms
> Iteration 10 | Bound: [-0.224789, 0.153427] | l2 radius: 1.71E-01 | Size: 1.08E+02 | Time: 89ms
> Iteration 11 | Bound: [-0.129707, 0.055343] | l2 radius: 1.32E-01 | Size: 4.00E+01 | Time: 91ms
> Iteration 12 | Bound: [-0.084691, 0.001163] | l2 radius: 1.01E-01 | Size: 8.00E+00 | Time: 93ms
> Iteration 13 | Bound: [-0.069239, -0.018790] | l2 radius: 8.54E-02 | Size: 2.00E+00 | Time: 95ms
> No region to refine. Done!
> Time for subregion 0000000001: 95ms
> Total time up to subregion 0000000001: 95ms = 0.09543204307556152 s
> Total time excluding drawing: 95ms = 0.09543204307556152 s
> Success: True
==> Done!
