==> Creating result directory ...
==> Loading test settings ...
==> Deciding torch device ...
==> torch device:  cuda
==> Seeding everything ...
==> Building dynamical system ...
==> Building cbf neural network ...
==========================================================================================
Layer (type:depth-idx)                   Output Shape              Param #
==========================================================================================
LipschitzNetwork                         [1, 1]                    --
├─Sequential: 1-1                        [1, 1]                    --
│    └─SandwichFc: 2-1                   [1, 128]                  16,897
│    └─SandwichFc: 2-2                   [1, 128]                  33,025
│    └─SandwichFc: 2-3                   [1, 128]                  33,025
│    └─SandwichLin: 2-4                  [1, 1]                    131
==========================================================================================
Total params: 83,078
Trainable params: 82,694
Non-trainable params: 384
Total mult-adds (M): 0.08
==========================================================================================
Input size (MB): 0.00
Forward/backward pass size (MB): 0.00
Params size (MB): 0.33
Estimated Total Size (MB): 0.34
==========================================================================================
==> Lipschitz constant of CBF network: 1.000000
==> Amount of training data:  1500
==> Creating training data ...
==> Start training ...
Epoch: 001 | Train Loss: 1.9697E-02 | CBF GN: 1.9086E+00 | Time: 112ms
Epoch: 001 | Test Loss: 1.8615E-02 | Time: 8ms
> Save at epoch 001 | Test loss 1.8615E-02
Epoch: 002 | Test Loss: 1.2922E-01 | Time: 8ms
Epoch: 003 | Test Loss: 5.9670E-02 | Time: 8ms
Epoch: 004 | Test Loss: 7.9821E-02 | Time: 8ms
Epoch: 005 | Test Loss: 2.3952E-02 | Time: 8ms
Epoch: 006 | Train Loss: 1.9161E-02 | CBF GN: 4.6147E-01 | Time: 31ms
Epoch: 006 | Test Loss: 1.3976E-02 | Time: 8ms
> Save at epoch 006 | Test loss 1.3976E-02
Epoch: 007 | Test Loss: 2.0637E-02 | Time: 8ms
Epoch: 008 | Test Loss: 9.0752E-03 | Time: 8ms
> Save at epoch 008 | Test loss 9.0752E-03
Epoch: 009 | Test Loss: 4.1959E-03 | Time: 8ms
> Save at epoch 009 | Test loss 4.1959E-03
Epoch: 010 | Test Loss: 1.4918E-02 | Time: 8ms
Epoch: 011 | Train Loss: 1.2618E-02 | CBF GN: 4.1352E-01 | Time: 30ms
Epoch: 011 | Test Loss: 1.5671E-02 | Time: 8ms
Epoch: 012 | Test Loss: 1.9199E-02 | Time: 8ms
Epoch: 013 | Test Loss: 1.5755E-02 | Time: 8ms
Epoch: 014 | Test Loss: 2.2042E-02 | Time: 10ms
Epoch: 015 | Test Loss: 2.1083E-02 | Time: 8ms
Epoch: 016 | Train Loss: 3.5884E-02 | CBF GN: 6.5660E-01 | Time: 30ms
Epoch: 016 | Test Loss: 2.4027E-02 | Time: 8ms
Epoch: 017 | Test Loss: 1.6605E-02 | Time: 8ms
Epoch: 018 | Test Loss: 2.5537E-02 | Time: 8ms
Epoch: 019 | Test Loss: 1.3118E-02 | Time: 8ms
Epoch: 020 | Test Loss: 1.3260E-02 | Time: 8ms
Epoch: 021 | Train Loss: 1.1599E-02 | CBF GN: 1.8485E-01 | Time: 31ms
Epoch: 021 | Test Loss: 5.7026E-03 | Time: 8ms
Epoch: 022 | Test Loss: 3.1456E-03 | Time: 8ms
> Save at epoch 022 | Test loss 3.1456E-03
Epoch: 023 | Test Loss: 1.2300E-03 | Time: 8ms
> Save at epoch 023 | Test loss 1.2300E-03
Epoch: 024 | Test Loss: 1.0434E-03 | Time: 8ms
> Save at epoch 024 | Test loss 1.0434E-03
Epoch: 025 | Test Loss: 1.1048E-03 | Time: 8ms
Epoch: 026 | Train Loss: 1.2002E-03 | CBF GN: 9.5549E-02 | Time: 31ms
Epoch: 026 | Test Loss: 8.9116E-04 | Time: 8ms
> Save at epoch 026 | Test loss 8.9116E-04
Epoch: 027 | Test Loss: 1.3065E-03 | Time: 8ms
Epoch: 028 | Test Loss: 1.5325E-03 | Time: 8ms
Epoch: 029 | Test Loss: 1.3864E-03 | Time: 8ms
Epoch: 030 | Test Loss: 1.0828E-03 | Time: 8ms
Epoch: 031 | Train Loss: 1.3625E-03 | CBF GN: 1.6857E-01 | Time: 30ms
Epoch: 031 | Test Loss: 1.3288E-03 | Time: 8ms
Epoch: 032 | Test Loss: 1.1740E-03 | Time: 8ms
Epoch: 033 | Test Loss: 7.3887E-04 | Time: 8ms
> Save at epoch 033 | Test loss 7.3887E-04
Epoch: 034 | Test Loss: 4.7977E-04 | Time: 8ms
> Save at epoch 034 | Test loss 4.7977E-04
Epoch: 035 | Test Loss: 4.0737E-04 | Time: 8ms
> Save at epoch 035 | Test loss 4.0737E-04
Epoch: 036 | Train Loss: 7.7290E-04 | CBF GN: 6.7248E-02 | Time: 31ms
Epoch: 036 | Test Loss: 6.5103E-04 | Time: 8ms
Epoch: 037 | Test Loss: 5.0299E-04 | Time: 8ms
Epoch: 038 | Test Loss: 5.3620E-04 | Time: 8ms
Epoch: 039 | Test Loss: 8.0272E-04 | Time: 9ms
Epoch: 040 | Test Loss: 6.4290E-04 | Time: 8ms
Epoch: 041 | Train Loss: 9.5208E-04 | CBF GN: 5.1563E-02 | Time: 31ms
Epoch: 041 | Test Loss: 6.5420E-04 | Time: 8ms
Epoch: 042 | Test Loss: 9.3918E-04 | Time: 8ms
Epoch: 043 | Test Loss: 6.9936E-04 | Time: 8ms
Epoch: 044 | Test Loss: 3.9793E-04 | Time: 8ms
> Save at epoch 044 | Test loss 3.9793E-04
Epoch: 045 | Test Loss: 4.2394E-04 | Time: 8ms
Epoch: 046 | Train Loss: 8.0960E-04 | CBF GN: 6.6772E-02 | Time: 30ms
Epoch: 046 | Test Loss: 6.0778E-04 | Time: 8ms
Epoch: 047 | Test Loss: 4.8041E-04 | Time: 8ms
Epoch: 048 | Test Loss: 4.8544E-04 | Time: 8ms
Epoch: 049 | Test Loss: 5.0299E-04 | Time: 8ms
Epoch: 050 | Test Loss: 5.3983E-04 | Time: 8ms
Epoch: 051 | Train Loss: 5.7188E-04 | CBF GN: 4.8465E-02 | Time: 30ms
Epoch: 051 | Test Loss: 4.2643E-04 | Time: 8ms
Epoch: 052 | Test Loss: 4.3229E-04 | Time: 8ms
Epoch: 053 | Test Loss: 4.6593E-04 | Time: 8ms
Epoch: 054 | Test Loss: 4.0334E-04 | Time: 36ms
Epoch: 055 | Test Loss: 5.0458E-04 | Time: 8ms
Epoch: 056 | Train Loss: 5.3217E-04 | CBF GN: 4.6517E-02 | Time: 31ms
Epoch: 056 | Test Loss: 3.3524E-04 | Time: 8ms
> Save at epoch 056 | Test loss 3.3524E-04
Epoch: 057 | Test Loss: 7.2202E-04 | Time: 8ms
Epoch: 058 | Test Loss: 4.8664E-04 | Time: 8ms
Epoch: 059 | Test Loss: 3.9512E-04 | Time: 8ms
Epoch: 060 | Test Loss: 4.2727E-04 | Time: 8ms
Epoch: 061 | Train Loss: 6.9722E-04 | CBF GN: 4.7510E-02 | Time: 31ms
Epoch: 061 | Test Loss: 4.4833E-04 | Time: 8ms
Epoch: 062 | Test Loss: 6.7500E-04 | Time: 8ms
Epoch: 063 | Test Loss: 1.0969E-03 | Time: 8ms
Epoch: 064 | Test Loss: 8.3117E-04 | Time: 8ms
Epoch: 065 | Test Loss: 6.2256E-04 | Time: 8ms
Epoch: 066 | Train Loss: 7.1593E-04 | CBF GN: 4.5801E-02 | Time: 31ms
Epoch: 066 | Test Loss: 5.5346E-04 | Time: 8ms
Epoch: 067 | Test Loss: 4.4130E-04 | Time: 8ms
Epoch: 068 | Test Loss: 2.0514E-04 | Time: 8ms
> Save at epoch 068 | Test loss 2.0514E-04
Epoch: 069 | Test Loss: 4.3465E-04 | Time: 8ms
Epoch: 070 | Test Loss: 3.5004E-04 | Time: 8ms
Epoch: 071 | Train Loss: 5.7228E-04 | CBF GN: 5.6696E-02 | Time: 30ms
Epoch: 071 | Test Loss: 5.5501E-04 | Time: 8ms
Epoch: 072 | Test Loss: 2.5663E-04 | Time: 8ms
Epoch: 073 | Test Loss: 4.6845E-04 | Time: 8ms
Epoch: 074 | Test Loss: 3.3848E-04 | Time: 8ms
Epoch: 075 | Test Loss: 3.6185E-04 | Time: 8ms
Epoch: 076 | Train Loss: 4.7768E-04 | CBF GN: 2.4982E-02 | Time: 31ms
Epoch: 076 | Test Loss: 2.5825E-04 | Time: 9ms
Epoch: 077 | Test Loss: 4.3777E-04 | Time: 8ms
Epoch: 078 | Test Loss: 2.0531E-04 | Time: 8ms
Epoch: 079 | Test Loss: 3.6741E-04 | Time: 8ms
Epoch: 080 | Test Loss: 2.5089E-04 | Time: 8ms
Epoch: 081 | Train Loss: 4.1371E-04 | CBF GN: 2.3562E-02 | Time: 31ms
Epoch: 081 | Test Loss: 3.0325E-04 | Time: 8ms
Epoch: 082 | Test Loss: 2.7352E-04 | Time: 8ms
Epoch: 083 | Test Loss: 2.7047E-04 | Time: 8ms
Epoch: 084 | Test Loss: 3.1435E-04 | Time: 8ms
Epoch: 085 | Test Loss: 2.7230E-04 | Time: 8ms
Epoch: 086 | Train Loss: 4.0108E-04 | CBF GN: 4.7989E-02 | Time: 30ms
Epoch: 086 | Test Loss: 2.7472E-04 | Time: 8ms
Epoch: 087 | Test Loss: 3.1193E-04 | Time: 8ms
Epoch: 088 | Test Loss: 2.5777E-04 | Time: 8ms
Epoch: 089 | Test Loss: 2.5504E-04 | Time: 8ms
Epoch: 090 | Test Loss: 2.6930E-04 | Time: 8ms
Epoch: 091 | Train Loss: 3.6575E-04 | CBF GN: 1.1794E-02 | Time: 31ms
Epoch: 091 | Test Loss: 2.6499E-04 | Time: 8ms
Epoch: 092 | Test Loss: 2.7101E-04 | Time: 8ms
Epoch: 093 | Test Loss: 2.6654E-04 | Time: 8ms
Epoch: 094 | Test Loss: 2.5665E-04 | Time: 8ms
Epoch: 095 | Test Loss: 2.6115E-04 | Time: 8ms
Epoch: 096 | Train Loss: 3.6011E-04 | CBF GN: 1.7873E-02 | Time: 31ms
Epoch: 096 | Test Loss: 2.6608E-04 | Time: 8ms
Epoch: 097 | Test Loss: 2.6804E-04 | Time: 8ms
Epoch: 098 | Test Loss: 2.6428E-04 | Time: 8ms
Epoch: 099 | Test Loss: 2.6640E-04 | Time: 8ms
Epoch: 100 | Test Loss: 2.6470E-04 | Time: 8ms
Total time: 4s89ms
==> Visualizing training and test losses ...
==> Computing the smoothness constants ...
> Lipschitz constant of CBF network: 1.000000
> Hessian bound of CBF network: 6.532818
==> Saving the training results ...
==> Visualizing the CBF function and feasibility condition ...
==> Checking the safe and unsafe set ...
> Safe set percentage: 0.6298
> Unsafe set percentage: 0.9942
> Feasibility percentage: 0.9785
> Success:  False
==> Saving the feasibility results ...
==> Visualizing the CBF function and stability condition ...
==> Visualizing the feasibility condition ...
==> Done!
