==> Creating result directory ...
==> Loading test settings ...
==> Deciding torch device ...
==> torch device:  cpu
==> Building cbf neural network ...
==> Lipschitz constant of CBF network: 1.000000
==> Hessian bound of CBF network: 2.177606
==> Third order elementwise bound of CBF network: 8.000000
==> Number of subregions: 1
==> Subregion 0000000001 / 0000000001: 
==> [[-0.5 -2.  -0.1 -1.  -1.  -1. ], [0.5 0.  0.1 1.  1.  1. ]]
> Iteration 00 | Bound: [-0.275812, 1.788165] | l2 radius: 2.06E+00 | Size: 1.00E+00 | Time: 7ms
> Iteration 01 | Bound: [-0.236223, 1.637277] | l2 radius: 1.87E+00 | Size: 2.00E+00 | Time: 8ms
> Iteration 02 | Bound: [-0.235890, 1.425435] | l2 radius: 1.66E+00 | Size: 4.00E+00 | Time: 10ms
> Iteration 03 | Bound: [-0.236076, 1.181669] | l2 radius: 1.42E+00 | Size: 8.00E+00 | Time: 12ms
> Iteration 04 | Bound: [-0.208146, 0.914351] | l2 radius: 1.12E+00 | Size: 1.60E+01 | Time: 15ms
> Iteration 05 | Bound: [-0.186822, 0.848794] | l2 radius: 1.04E+00 | Size: 3.20E+01 | Time: 20ms
> Iteration 06 | Bound: [-0.157073, 0.783671] | l2 radius: 9.41E-01 | Size: 6.40E+01 | Time: 29ms
> Iteration 07 | Bound: [-0.156843, 0.678322] | l2 radius: 8.35E-01 | Size: 1.28E+02 | Time: 47ms
> Iteration 08 | Bound: [-0.156850, 0.500041] | l2 radius: 7.14E-01 | Size: 2.56E+02 | Time: 75ms
> Iteration 09 | Bound: [-0.143327, 0.295954] | l2 radius: 5.68E-01 | Size: 5.12E+02 | Time: 124ms
> Iteration 10 | Bound: [-0.119024, 0.255188] | l2 radius: 5.25E-01 | Size: 1.02E+03 | Time: 217ms
> Iteration 11 | Bound: [-0.102524, 0.205075] | l2 radius: 4.78E-01 | Size: 2.05E+03 | Time: 400ms
> Iteration 12 | Bound: [-0.102356, 0.154101] | l2 radius: 4.26E-01 | Size: 3.54E+03 | Time: 712ms
> Iteration 13 | Bound: [-0.102269, 0.103242] | l2 radius: 3.67E-01 | Size: 4.98E+03 | Time: 1s141ms
> Iteration 14 | Bound: [-0.095344, 0.052355] | l2 radius: 2.97E-01 | Size: 4.52E+03 | Time: 1s535ms
> Iteration 15 | Bound: [-0.080986, 0.039767] | l2 radius: 2.76E-01 | Size: 1.52E+03 | Time: 1s682ms
> Iteration 16 | Bound: [-0.072587, 0.021692] | l2 radius: 2.54E-01 | Size: 1.28E+03 | Time: 1s795ms
> Iteration 17 | Bound: [-0.072487, 0.005798] | l2 radius: 2.30E-01 | Size: 5.90E+02 | Time: 1s860ms
> Iteration 18 | Bound: [-0.067295, -0.008092] | l2 radius: 2.03E-01 | Size: 2.44E+02 | Time: 1s890ms
> No region to refine. Done!
> Time for subregion 0000000001: 1s890ms
> Total time up to subregion 0000000001: 1s890ms = 1.8905718326568604 s
> Total time excluding drawing: 1s890ms = 1.8905718326568604 s
> Success: True
==> Done!
