==> Creating result directory ...
==> Loading test settings ...
==> Deciding torch device ...
==> torch device:  cuda
==> Building dynamical system ...
==> Building cbf neural network ...
==> Lipschitz constant of CBF network: 1.000000
==> Hessian bound of CBF network: 4.355212
==> Third order elementwise bound of CBF network: 30.225904
==> Current beta range: [1.0000, 10.0000]
==> Testing beta = 5.5000
==> Number of subregions: 1
==> Subregion 0000000001 / 0000000001: 
==> [[-3.14 -5.  ], [3.14 5.  ]]
==> Lipschitz constant of the zero order test function: 111.083256
> Iteration 00 | Bound: [-655.697266, 0.160716] | l2 radius: 5.90E+00 | Size: 1.00E+00 | Time: 65ms
> Iteration 01 | Bound: [-445.118988, 0.733267] | l2 radius: 4.01E+00 | Size: 2.00E+00 | Time: 67ms
> Iteration 02 | Bound: [-327.919434, 0.009566] | l2 radius: 2.95E+00 | Size: 4.00E+00 | Time: 70ms
> Iteration 03 | Bound: [-222.904999, 0.021135] | l2 radius: 2.01E+00 | Size: 8.00E+00 | Time: 72ms
> Iteration 04 | Bound: [-163.941879, 0.022618] | l2 radius: 1.48E+00 | Size: 1.60E+01 | Time: 74ms
> Iteration 05 | Bound: [-111.442947, 0.020121] | l2 radius: 1.00E+00 | Size: 3.20E+01 | Time: 77ms
> Iteration 06 | Bound: [-81.985214, 0.001602] | l2 radius: 7.38E-01 | Size: 6.40E+01 | Time: 86ms
> Iteration 07 | Bound: [-55.738396, 0.000167] | l2 radius: 5.02E-01 | Size: 1.28E+02 | Time: 89ms
> Iteration 08 | Bound: [-41.029984, 0.005057] | l2 radius: 3.69E-01 | Size: 2.56E+02 | Time: 92ms
> Iteration 09 | Bound: [-27.901392, 0.001052] | l2 radius: 2.51E-01 | Size: 5.12E+02 | Time: 96ms
> Iteration 10 | Bound: [-15.929706, 0.000707] | l2 radius: 1.85E-01 | Size: 9.60E+02 | Time: 102ms
> Iteration 11 | Bound: [-7.375732, 0.004572] | l2 radius: 1.25E-01 | Size: 1.38E+03 | Time: 112ms
> Iteration 12 | Bound: [-3.972901, 0.000549] | l2 radius: 9.23E-02 | Size: 2.30E+03 | Time: 127ms
> Iteration 13 | Bound: [-1.838873, 0.005163] | l2 radius: 6.27E-02 | Size: 4.12E+03 | Time: 150ms
> Iteration 14 | Bound: [-0.986134, 0.005029] | l2 radius: 4.61E-02 | Size: 7.81E+03 | Time: 205ms
> Iteration 15 | Bound: [-0.453158, 0.005237] | l2 radius: 3.14E-02 | Size: 1.31E+04 | Time: 291ms
> Iteration 16 | Bound: [-0.242654, 0.005334] | l2 radius: 2.31E-02 | Size: 1.63E+04 | Time: 408ms
> Iteration 17 | Bound: [-0.109352, 0.005457] | l2 radius: 1.57E-02 | Size: 2.32E+04 | Time: 553ms
> Iteration 18 | Bound: [-0.056623, 0.005495] | l2 radius: 1.15E-02 | Size: 3.08E+04 | Time: 738ms
> Iteration 19 | Bound: [-0.023237, 0.005530] | l2 radius: 7.84E-03 | Size: 3.63E+04 | Time: 963ms
> Iteration 20 | Bound: [-0.010023, 0.005553] | l2 radius: 5.77E-03 | Size: 2.63E+04 | Time: 1s131ms
> Iteration 21 | Bound: [-0.001674, 0.005556] | l2 radius: 3.92E-03 | Size: 1.58E+04 | Time: 1s248ms
> Iteration 22 | Bound: [0.001659, 0.005576] | l2 radius: 2.88E-03 | Size: 2.13E+03 | Time: 1s260ms
> No region to refine. Done!
> Time for subregion 0000000001: 1s260ms
> Total time up to subregion 0000000001: 1s260ms = 1.2607011795043945 s
> Total time : 1s260ms = 1.2607011795043945 s
> Success: True
==> Feasibility test passed for beta = 5.5000. Reducing beta range to [5.5000, 10.0000].
==> Time for this iteration: 1s278ms
==> Total time for binary search so far: 1s278ms = 1.2780141830444336 s
##################################################
==> Current beta range: [5.5000, 10.0000]
==> Testing beta = 7.7500
==> Number of subregions: 1
==> Subregion 0000000001 / 0000000001: 
==> [[-3.14 -5.  ], [3.14 5.  ]]
==> Lipschitz constant of the zero order test function: 111.573217
> Iteration 00 | Bound: [-658.590820, 0.159961] | l2 radius: 5.90E+00 | Size: 1.00E+00 | Time: 1ms
> Iteration 01 | Bound: [-447.092957, 0.725866] | l2 radius: 4.01E+00 | Size: 2.00E+00 | Time: 2ms
> Iteration 02 | Bound: [-329.370544, 0.004853] | l2 radius: 2.95E+00 | Size: 4.00E+00 | Time: 4ms
> Iteration 03 | Bound: [-223.892120, 0.017284] | l2 radius: 2.01E+00 | Size: 8.00E+00 | Time: 6ms
> Iteration 04 | Bound: [-164.667404, 0.020289] | l2 radius: 1.48E+00 | Size: 1.60E+01 | Time: 7ms
> Iteration 05 | Bound: [-111.937134, 0.017573] | l2 radius: 1.00E+00 | Size: 3.20E+01 | Time: 9ms
> Iteration 06 | Bound: [-82.347572, 0.000390] | l2 radius: 7.38E-01 | Size: 6.40E+01 | Time: 11ms
> Iteration 07 | Bound: [-55.984619, 0.000215] | l2 radius: 5.02E-01 | Size: 1.28E+02 | Time: 13ms
> Iteration 08 | Bound: [-41.210823, 0.000760] | l2 radius: 3.69E-01 | Size: 2.56E+02 | Time: 15ms
> Iteration 09 | Bound: [-28.024502, 0.000898] | l2 radius: 2.51E-01 | Size: 5.12E+02 | Time: 19ms
> Iteration 10 | Bound: [-15.987920, 0.001380] | l2 radius: 1.85E-01 | Size: 9.60E+02 | Time: 25ms
> Iteration 11 | Bound: [-7.402781, 0.001415] | l2 radius: 1.25E-01 | Size: 1.38E+03 | Time: 46ms
> Iteration 12 | Bound: [-3.987758, 0.000741] | l2 radius: 9.23E-02 | Size: 2.30E+03 | Time: 60ms
> Iteration 13 | Bound: [-1.845683, 0.000761] | l2 radius: 6.27E-02 | Size: 4.12E+03 | Time: 83ms
> Iteration 14 | Bound: [-0.994244, 0.000672] | l2 radius: 4.61E-02 | Size: 7.81E+03 | Time: 134ms
> Iteration 15 | Bound: [-0.459287, 0.000856] | l2 radius: 3.14E-02 | Size: 1.32E+04 | Time: 213ms
> Iteration 16 | Bound: [-0.247951, 0.000981] | l2 radius: 2.31E-02 | Size: 1.64E+04 | Time: 313ms
> Iteration 17 | Bound: [-0.114230, 0.001034] | l2 radius: 1.57E-02 | Size: 2.34E+04 | Time: 458ms
> Iteration 18 | Bound: [-0.061278, 0.001086] | l2 radius: 1.15E-02 | Size: 3.13E+04 | Time: 696ms
> Iteration 19 | Bound: [-0.027774, 0.001155] | l2 radius: 7.84E-03 | Size: 3.79E+04 | Time: 940ms
> Iteration 20 | Bound: [-0.014477, 0.001167] | l2 radius: 5.77E-03 | Size: 3.26E+04 | Time: 1s147ms
> Iteration 21 | Bound: [-0.006092, 0.001180] | l2 radius: 3.92E-03 | Size: 2.55E+04 | Time: 1s310ms
> Iteration 22 | Bound: [-0.002756, 0.001186] | l2 radius: 2.88E-03 | Size: 1.66E+04 | Time: 1s427ms
> Iteration 23 | Bound: [-0.000658, 0.001186] | l2 radius: 1.96E-03 | Size: 9.29E+03 | Time: 1s474ms
> Iteration 24 | Bound: [0.000191, 0.001191] | l2 radius: 1.44E-03 | Size: 2.44E+03 | Time: 1s499ms
> No region to refine. Done!
> Time for subregion 0000000001: 1s499ms
> Total time up to subregion 0000000001: 1s499ms = 1.4994797706604004 s
> Total time : 1s499ms = 1.4994797706604004 s
> Success: True
==> Feasibility test passed for beta = 7.7500. Reducing beta range to [7.7500, 10.0000].
==> Time for this iteration: 1s500ms
==> Total time for binary search so far: 2s778ms = 2.7781596183776855 s
##################################################
==> Current beta range: [7.7500, 10.0000]
==> Testing beta = 8.8750
==> Number of subregions: 1
==> Subregion 0000000001 / 0000000001: 
==> [[-3.14 -5.  ], [3.14 5.  ]]
==> Lipschitz constant of the zero order test function: 111.818198
> Iteration 00 | Bound: [-660.037598, 0.159583] | l2 radius: 5.90E+00 | Size: 1.00E+00 | Time: 1ms
> Iteration 01 | Bound: [-448.079926, 0.722166] | l2 radius: 4.01E+00 | Size: 2.00E+00 | Time: 2ms
> Iteration 02 | Bound: [-330.096100, 0.002496] | l2 radius: 2.95E+00 | Size: 4.00E+00 | Time: 4ms
> Iteration 03 | Bound: [-224.385681, 0.015358] | l2 radius: 2.01E+00 | Size: 8.00E+00 | Time: 6ms
> Iteration 04 | Bound: [-165.030182, 0.019124] | l2 radius: 1.48E+00 | Size: 1.60E+01 | Time: 7ms
> Iteration 05 | Bound: [-112.184227, 0.016300] | l2 radius: 1.00E+00 | Size: 3.20E+01 | Time: 9ms
> Iteration 06 | Bound: [-82.528755, 0.000292] | l2 radius: 7.38E-01 | Size: 6.40E+01 | Time: 11ms
> Iteration 07 | Bound: [-56.107731, 0.002235] | l2 radius: 5.02E-01 | Size: 1.28E+02 | Time: 13ms
> Iteration 08 | Bound: [-41.301247, 0.000602] | l2 radius: 3.69E-01 | Size: 2.56E+02 | Time: 16ms
> Iteration 09 | Bound: [-28.086056, 0.000359] | l2 radius: 2.51E-01 | Size: 5.12E+02 | Time: 19ms
> Iteration 10 | Bound: [-16.017027, 0.000248] | l2 radius: 1.85E-01 | Size: 9.60E+02 | Time: 25ms
> Iteration 11 | Bound: [-7.416305, -0.000301] | l2 radius: 1.25E-01 | Size: 1.38E+03 | Time: 34ms
> Negative region:  [1.6681252 2.109375 ]
> Negative value:  -0.00030111335
> Double check:  tensor([-0.0003])
> CBF value:  tensor([[0.0006]])
==> Feasibility test failed for beta = 8.8750. Reducing beta range to [7.7500, 8.8750].
==> Time for this iteration: 36ms
==> Total time for binary search so far: 2s814ms = 2.814168930053711 s
##################################################
==> Current beta range: [7.7500, 8.8750]
==> Testing beta = 8.3125
==> Number of subregions: 1
==> Subregion 0000000001 / 0000000001: 
==> [[-3.14 -5.  ], [3.14 5.  ]]
==> Lipschitz constant of the zero order test function: 111.695707
> Iteration 00 | Bound: [-659.314209, 0.159772] | l2 radius: 5.90E+00 | Size: 1.00E+00 | Time: 1ms
> Iteration 01 | Bound: [-447.586426, 0.724016] | l2 radius: 4.01E+00 | Size: 2.00E+00 | Time: 2ms
> Iteration 02 | Bound: [-329.733337, 0.003674] | l2 radius: 2.95E+00 | Size: 4.00E+00 | Time: 4ms
> Iteration 03 | Bound: [-224.138901, 0.016321] | l2 radius: 2.01E+00 | Size: 8.00E+00 | Time: 6ms
> Iteration 04 | Bound: [-164.848801, 0.019707] | l2 radius: 1.48E+00 | Size: 1.60E+01 | Time: 7ms
> Iteration 05 | Bound: [-112.060677, 0.016937] | l2 radius: 1.00E+00 | Size: 3.20E+01 | Time: 9ms
> Iteration 06 | Bound: [-82.438164, 0.000038] | l2 radius: 7.38E-01 | Size: 6.40E+01 | Time: 11ms
> Iteration 07 | Bound: [-56.046177, 0.000081] | l2 radius: 5.02E-01 | Size: 1.28E+02 | Time: 13ms
> Iteration 08 | Bound: [-41.256035, 0.001843] | l2 radius: 3.69E-01 | Size: 2.56E+02 | Time: 15ms
> Iteration 09 | Bound: [-28.055279, 0.000188] | l2 radius: 2.51E-01 | Size: 5.12E+02 | Time: 19ms
> Iteration 10 | Bound: [-16.002474, 0.000249] | l2 radius: 1.85E-01 | Size: 9.60E+02 | Time: 25ms
> Iteration 11 | Bound: [-7.409543, 0.000277] | l2 radius: 1.25E-01 | Size: 1.38E+03 | Time: 34ms
> Iteration 12 | Bound: [-3.991472, 0.000329] | l2 radius: 9.23E-02 | Size: 2.30E+03 | Time: 47ms
> Iteration 13 | Bound: [-1.847385, 0.000185] | l2 radius: 6.27E-02 | Size: 4.12E+03 | Time: 81ms
> Iteration 14 | Bound: [-0.996293, 0.000005] | l2 radius: 4.61E-02 | Size: 7.81E+03 | Time: 122ms
> Iteration 15 | Bound: [-0.460852, 0.000065] | l2 radius: 3.14E-02 | Size: 1.33E+04 | Time: 214ms
> Iteration 16 | Bound: [-0.249297, 0.000040] | l2 radius: 2.31E-02 | Size: 1.65E+04 | Time: 311ms
> Iteration 17 | Bound: [-0.115450, 0.000022] | l2 radius: 1.57E-02 | Size: 2.35E+04 | Time: 457ms
> Iteration 18 | Bound: [-0.062441, 0.000035] | l2 radius: 1.15E-02 | Size: 3.14E+04 | Time: 652ms
> Iteration 19 | Bound: [-0.028916, 0.000045] | l2 radius: 7.84E-03 | Size: 3.82E+04 | Time: 877ms
> Iteration 20 | Bound: [-0.015603, 0.000070] | l2 radius: 5.77E-03 | Size: 3.40E+04 | Time: 1s84ms
> Iteration 21 | Bound: [-0.007210, 0.000082] | l2 radius: 3.92E-03 | Size: 2.80E+04 | Time: 1s249ms
> Iteration 22 | Bound: [-0.003865, 0.000081] | l2 radius: 2.88E-03 | Size: 2.11E+04 | Time: 1s380ms
> Iteration 23 | Bound: [-0.001762, 0.000084] | l2 radius: 1.96E-03 | Size: 1.72E+04 | Time: 1s495ms
> Iteration 24 | Bound: [-0.000913, 0.000088] | l2 radius: 1.44E-03 | Size: 8.88E+03 | Time: 1s540ms
> Iteration 25 | Bound: [-0.000383, 0.000091] | l2 radius: 9.80E-04 | Size: 7.54E+03 | Time: 1s591ms
> Early stopping. Done!
> Time for subregion 0000000001: 1s591ms
> Total time up to subregion 0000000001: 1s591ms = 1.5911402702331543 s
> Total time : 1s591ms = 1.5911402702331543 s
> Success: True
==> Feasibility test passed for beta = 8.3125. Reducing beta range to [8.3125, 8.8750].
==> Time for this iteration: 1s591ms
==> Total time for binary search so far: 4s405ms = 4.405916452407837 s
##################################################
==> Current beta range: [8.3125, 8.8750]
==> Testing beta = 8.5938
==> Number of subregions: 1
==> Subregion 0000000001 / 0000000001: 
==> [[-3.14 -5.  ], [3.14 5.  ]]
==> Lipschitz constant of the zero order test function: 111.756953
> Iteration 00 | Bound: [-659.675964, 0.159677] | l2 radius: 5.90E+00 | Size: 1.00E+00 | Time: 1ms
> Iteration 01 | Bound: [-447.833191, 0.723091] | l2 radius: 4.01E+00 | Size: 2.00E+00 | Time: 2ms
> Iteration 02 | Bound: [-329.914734, 0.003085] | l2 radius: 2.95E+00 | Size: 4.00E+00 | Time: 4ms
> Iteration 03 | Bound: [-224.262299, 0.015840] | l2 radius: 2.01E+00 | Size: 8.00E+00 | Time: 6ms
> Iteration 04 | Bound: [-164.939499, 0.019415] | l2 radius: 1.48E+00 | Size: 1.60E+01 | Time: 8ms
> Iteration 05 | Bound: [-112.122452, 0.016618] | l2 radius: 1.00E+00 | Size: 3.20E+01 | Time: 9ms
> Iteration 06 | Bound: [-82.483467, 0.000401] | l2 radius: 7.38E-01 | Size: 6.40E+01 | Time: 11ms
> Iteration 07 | Bound: [-56.076954, 0.000015] | l2 radius: 5.02E-01 | Size: 1.28E+02 | Time: 13ms
> Iteration 08 | Bound: [-41.278637, 0.001222] | l2 radius: 3.69E-01 | Size: 2.56E+02 | Time: 16ms
> Iteration 09 | Bound: [-28.070665, 0.000494] | l2 radius: 2.51E-01 | Size: 5.12E+02 | Time: 19ms
> Iteration 10 | Bound: [-16.009750, 0.000825] | l2 radius: 1.85E-01 | Size: 9.60E+02 | Time: 25ms
> Iteration 11 | Bound: [-7.412924, 0.000274] | l2 radius: 1.25E-01 | Size: 1.38E+03 | Time: 34ms
> Iteration 12 | Bound: [-3.993329, 0.000432] | l2 radius: 9.23E-02 | Size: 2.30E+03 | Time: 48ms
> Iteration 13 | Bound: [-1.848237, -0.000373] | l2 radius: 6.27E-02 | Size: 4.12E+03 | Time: 82ms
> Negative region:  [1.7171876 2.0703125]
> Negative value:  -0.0003730338
> Double check:  tensor([-0.0004])
> CBF value:  tensor([[0.0003]])
==> Feasibility test failed for beta = 8.5938. Reducing beta range to [8.3125, 8.5938].
==> Time for this iteration: 84ms
==> Total time for binary search so far: 4s490ms = 4.490474224090576 s
##################################################
==> Current beta range: [8.3125, 8.5938]
==> Testing beta = 8.4531
==> Number of subregions: 1
==> Subregion 0000000001 / 0000000001: 
==> [[-3.14 -5.  ], [3.14 5.  ]]
==> Lipschitz constant of the zero order test function: 111.726330
> Iteration 00 | Bound: [-659.495117, 0.159725] | l2 radius: 5.90E+00 | Size: 1.00E+00 | Time: 1ms
> Iteration 01 | Bound: [-447.709839, 0.723553] | l2 radius: 4.01E+00 | Size: 2.00E+00 | Time: 2ms
> Iteration 02 | Bound: [-329.824036, 0.003380] | l2 radius: 2.95E+00 | Size: 4.00E+00 | Time: 4ms
> Iteration 03 | Bound: [-224.200607, 0.016080] | l2 radius: 2.01E+00 | Size: 8.00E+00 | Time: 6ms
> Iteration 04 | Bound: [-164.894150, 0.019561] | l2 radius: 1.48E+00 | Size: 1.60E+01 | Time: 8ms
> Iteration 05 | Bound: [-112.091568, 0.016777] | l2 radius: 1.00E+00 | Size: 3.20E+01 | Time: 9ms
> Iteration 06 | Bound: [-82.460823, 0.000456] | l2 radius: 7.38E-01 | Size: 6.40E+01 | Time: 11ms
> Iteration 07 | Bound: [-56.061565, 0.000048] | l2 radius: 5.02E-01 | Size: 1.28E+02 | Time: 13ms
> Iteration 08 | Bound: [-41.267342, 0.001533] | l2 radius: 3.69E-01 | Size: 2.56E+02 | Time: 16ms
> Iteration 09 | Bound: [-28.062973, 0.000561] | l2 radius: 2.51E-01 | Size: 5.12E+02 | Time: 19ms
> Iteration 10 | Bound: [-16.006111, 0.001113] | l2 radius: 1.85E-01 | Size: 9.60E+02 | Time: 25ms
> Iteration 11 | Bound: [-7.411233, 0.000106] | l2 radius: 1.25E-01 | Size: 1.38E+03 | Time: 34ms
> Iteration 12 | Bound: [-3.992401, 0.000068] | l2 radius: 9.23E-02 | Size: 2.30E+03 | Time: 48ms
> Iteration 13 | Bound: [-1.847811, -0.000094] | l2 radius: 6.27E-02 | Size: 4.12E+03 | Time: 81ms
> Negative region:  [1.7171876 2.0703125]
> Negative value:  -9.400025e-05
> Double check:  tensor([-9.3982e-05])
> CBF value:  tensor([[0.0003]])
==> Feasibility test failed for beta = 8.4531. Reducing beta range to [8.3125, 8.4531].
==> Time for this iteration: 83ms
==> Total time for binary search so far: 4s574ms = 4.574190855026245 s
##################################################
==> Current beta range: [8.3125, 8.4531]
==> Testing beta = 8.3828
==> Number of subregions: 1
==> Subregion 0000000001 / 0000000001: 
==> [[-3.14 -5.  ], [3.14 5.  ]]
==> Lipschitz constant of the zero order test function: 111.711019
> Iteration 00 | Bound: [-659.404724, 0.159748] | l2 radius: 5.90E+00 | Size: 1.00E+00 | Time: 1ms
> Iteration 01 | Bound: [-447.648132, 0.723785] | l2 radius: 4.01E+00 | Size: 2.00E+00 | Time: 2ms
> Iteration 02 | Bound: [-329.778687, 0.003527] | l2 radius: 2.95E+00 | Size: 4.00E+00 | Time: 4ms
> Iteration 03 | Bound: [-224.169754, 0.016201] | l2 radius: 2.01E+00 | Size: 8.00E+00 | Time: 6ms
> Iteration 04 | Bound: [-164.871475, 0.019634] | l2 radius: 1.48E+00 | Size: 1.60E+01 | Time: 8ms
> Iteration 05 | Bound: [-112.076126, 0.016857] | l2 radius: 1.00E+00 | Size: 3.20E+01 | Time: 9ms
> Iteration 06 | Bound: [-82.449501, 0.000483] | l2 radius: 7.38E-01 | Size: 6.40E+01 | Time: 11ms
> Iteration 07 | Bound: [-56.053871, 0.000065] | l2 radius: 5.02E-01 | Size: 1.28E+02 | Time: 13ms
> Iteration 08 | Bound: [-41.261688, 0.001688] | l2 radius: 3.69E-01 | Size: 2.56E+02 | Time: 16ms
> Iteration 09 | Bound: [-28.059126, 0.000053] | l2 radius: 2.51E-01 | Size: 5.12E+02 | Time: 20ms
> Iteration 10 | Bound: [-16.004292, 0.000108] | l2 radius: 1.85E-01 | Size: 9.60E+02 | Time: 25ms
> Iteration 11 | Bound: [-7.410388, 0.000134] | l2 radius: 1.25E-01 | Size: 1.38E+03 | Time: 34ms
> Iteration 12 | Bound: [-3.991936, 0.000198] | l2 radius: 9.23E-02 | Size: 2.30E+03 | Time: 48ms
> Iteration 13 | Bound: [-1.847598, 0.000046] | l2 radius: 6.27E-02 | Size: 4.12E+03 | Time: 70ms
> Iteration 14 | Bound: [-0.996549, 0.000006] | l2 radius: 4.61E-02 | Size: 7.81E+03 | Time: 121ms
> Iteration 15 | Bound: [-0.461047, -0.000029] | l2 radius: 3.14E-02 | Size: 1.33E+04 | Time: 201ms
> Negative region:  [1.7417189 2.0507812]
> Negative value:  -2.8535724e-05
> Double check:  tensor([-2.8512e-05])
> CBF value:  tensor([[3.8049e-05]])
==> Feasibility test failed for beta = 8.3828. Reducing beta range to [8.3125, 8.3828].
==> Time for this iteration: 203ms
==> Total time for binary search so far: 4s777ms = 4.777756452560425 s
##################################################
==> Best beta found: 8.3125
==> Done!
