==> Creating result directory ...
==> Loading test settings ...
==> Deciding torch device ...
==> torch device:  cuda
==> Seeding everything ...
==> Building dynamical system ...
==> Building CBF neural network ...
==========================================================================================
Layer (type:depth-idx)                   Output Shape              Param #
==========================================================================================
LipschitzNetwork                         [1, 1]                    --
├─Sequential: 1-1                        [1, 1]                    --
│    └─SandwichFc: 2-1                   [1, 128]                  16,897
│    └─SandwichFc: 2-2                   [1, 128]                  33,025
│    └─SandwichLin: 2-3                  [1, 1]                    131
==========================================================================================
Total params: 50,053
Trainable params: 49,797
Non-trainable params: 256
Total mult-adds (M): 0.05
==========================================================================================
Input size (MB): 0.00
Forward/backward pass size (MB): 0.00
Params size (MB): 0.20
Estimated Total Size (MB): 0.20
==========================================================================================
==> Lipschitz constant of CBF network: 1.000000
==> Amount of training data:  6000
==> Creating training data ...
==> Start training ...
Epoch: 001 | Train Loss: 4.0594E-01 | CBF GN: 1.2645E+01 | Time: 185ms
Epoch: 001 | Test Loss: 1.6274E-01 | Time: 26ms
> Save at epoch 001 | Test loss 1.6274E-01
Epoch: 002 | Test Loss: 7.6675E-02 | Time: 27ms
> Save at epoch 002 | Test loss 7.6675E-02
Epoch: 003 | Test Loss: 6.2350E-02 | Time: 26ms
> Save at epoch 003 | Test loss 6.2350E-02
Epoch: 004 | Test Loss: 4.4743E-02 | Time: 26ms
> Save at epoch 004 | Test loss 4.4743E-02
Epoch: 005 | Test Loss: 1.1798E-01 | Time: 26ms
Epoch: 006 | Train Loss: 8.0019E-02 | CBF GN: 2.3669E+00 | Time: 102ms
Epoch: 006 | Test Loss: 4.0777E-02 | Time: 26ms
> Save at epoch 006 | Test loss 4.0777E-02
Epoch: 007 | Test Loss: 2.4224E-02 | Time: 26ms
> Save at epoch 007 | Test loss 2.4224E-02
Epoch: 008 | Test Loss: 2.3837E-02 | Time: 27ms
> Save at epoch 008 | Test loss 2.3837E-02
Epoch: 009 | Test Loss: 1.4529E-02 | Time: 27ms
> Save at epoch 009 | Test loss 1.4529E-02
Epoch: 010 | Test Loss: 1.5733E-02 | Time: 27ms
Epoch: 011 | Train Loss: 3.4672E-02 | CBF GN: 5.6350E-01 | Time: 103ms
Epoch: 011 | Test Loss: 1.6171E-02 | Time: 27ms
Epoch: 012 | Test Loss: 1.3472E-02 | Time: 27ms
> Save at epoch 012 | Test loss 1.3472E-02
Epoch: 013 | Test Loss: 1.3553E-02 | Time: 27ms
Epoch: 014 | Test Loss: 1.9034E-02 | Time: 27ms
Epoch: 015 | Test Loss: 1.5501E-02 | Time: 27ms
Epoch: 016 | Train Loss: 2.8405E-02 | CBF GN: 3.5381E-01 | Time: 102ms
Epoch: 016 | Test Loss: 1.3172E-02 | Time: 27ms
> Save at epoch 016 | Test loss 1.3172E-02
Epoch: 017 | Test Loss: 1.0930E-02 | Time: 27ms
> Save at epoch 017 | Test loss 1.0930E-02
Epoch: 018 | Test Loss: 1.1332E-02 | Time: 27ms
Epoch: 019 | Test Loss: 9.0457E-03 | Time: 27ms
> Save at epoch 019 | Test loss 9.0457E-03
Epoch: 020 | Test Loss: 1.0241E-02 | Time: 28ms
Epoch: 021 | Train Loss: 1.4900E-02 | CBF GN: 2.4496E-01 | Time: 102ms
Epoch: 021 | Test Loss: 1.0864E-02 | Time: 26ms
Epoch: 022 | Test Loss: 1.0392E-02 | Time: 26ms
Epoch: 023 | Test Loss: 1.5429E-02 | Time: 26ms
Epoch: 024 | Test Loss: 8.8349E-03 | Time: 26ms
> Save at epoch 024 | Test loss 8.8349E-03
Epoch: 025 | Test Loss: 1.3367E-02 | Time: 26ms
Epoch: 026 | Train Loss: 1.4546E-02 | CBF GN: 1.8904E-01 | Time: 102ms
Epoch: 026 | Test Loss: 9.8738E-03 | Time: 26ms
Epoch: 027 | Test Loss: 1.0835E-02 | Time: 26ms
Epoch: 028 | Test Loss: 1.2028E-02 | Time: 26ms
Epoch: 029 | Test Loss: 6.8643E-03 | Time: 26ms
> Save at epoch 029 | Test loss 6.8643E-03
Epoch: 030 | Test Loss: 8.1749E-03 | Time: 27ms
Epoch: 031 | Train Loss: 1.0932E-02 | CBF GN: 1.4553E-01 | Time: 102ms
Epoch: 031 | Test Loss: 8.3028E-03 | Time: 26ms
Epoch: 032 | Test Loss: 1.0277E-02 | Time: 27ms
Epoch: 033 | Test Loss: 8.4271E-03 | Time: 26ms
Epoch: 034 | Test Loss: 5.5274E-03 | Time: 26ms
> Save at epoch 034 | Test loss 5.5274E-03
Epoch: 035 | Test Loss: 9.1419E-03 | Time: 27ms
Epoch: 036 | Train Loss: 1.2375E-02 | CBF GN: 1.3244E-01 | Time: 102ms
Epoch: 036 | Test Loss: 6.9605E-03 | Time: 26ms
Epoch: 037 | Test Loss: 5.1632E-03 | Time: 27ms
> Save at epoch 037 | Test loss 5.1632E-03
Epoch: 038 | Test Loss: 1.1461E-02 | Time: 26ms
Epoch: 039 | Test Loss: 6.3062E-03 | Time: 26ms
Epoch: 040 | Test Loss: 5.9342E-03 | Time: 26ms
Epoch: 041 | Train Loss: 1.1853E-02 | CBF GN: 1.2135E-01 | Time: 102ms
Epoch: 041 | Test Loss: 7.1382E-03 | Time: 26ms
Epoch: 042 | Test Loss: 6.6596E-03 | Time: 27ms
Epoch: 043 | Test Loss: 8.3889E-03 | Time: 26ms
Epoch: 044 | Test Loss: 4.8116E-03 | Time: 26ms
> Save at epoch 044 | Test loss 4.8116E-03
Epoch: 045 | Test Loss: 7.8618E-03 | Time: 26ms
Epoch: 046 | Train Loss: 1.0630E-02 | CBF GN: 1.2305E-01 | Time: 102ms
Epoch: 046 | Test Loss: 7.1235E-03 | Time: 26ms
Epoch: 047 | Test Loss: 6.9153E-03 | Time: 26ms
Epoch: 048 | Test Loss: 4.2886E-03 | Time: 26ms
> Save at epoch 048 | Test loss 4.2886E-03
Epoch: 049 | Test Loss: 6.5857E-03 | Time: 26ms
Epoch: 050 | Test Loss: 7.1250E-03 | Time: 26ms
Epoch: 051 | Train Loss: 8.1184E-03 | CBF GN: 1.0120E-01 | Time: 98ms
Epoch: 051 | Test Loss: 6.3424E-03 | Time: 26ms
Epoch: 052 | Test Loss: 6.9579E-03 | Time: 56ms
Epoch: 053 | Test Loss: 8.0215E-03 | Time: 26ms
Epoch: 054 | Test Loss: 6.2537E-03 | Time: 26ms
Epoch: 055 | Test Loss: 4.4551E-03 | Time: 26ms
Epoch: 056 | Train Loss: 8.5759E-03 | CBF GN: 9.5455E-02 | Time: 98ms
Epoch: 056 | Test Loss: 6.2554E-03 | Time: 26ms
Epoch: 057 | Test Loss: 5.3794E-03 | Time: 26ms
Epoch: 058 | Test Loss: 6.4881E-03 | Time: 26ms
Epoch: 059 | Test Loss: 5.4535E-03 | Time: 26ms
Epoch: 060 | Test Loss: 5.5082E-03 | Time: 26ms
Epoch: 061 | Train Loss: 8.4050E-03 | CBF GN: 9.3809E-02 | Time: 103ms
Epoch: 061 | Test Loss: 6.7532E-03 | Time: 26ms
Epoch: 062 | Test Loss: 6.2586E-03 | Time: 26ms
Epoch: 063 | Test Loss: 4.5448E-03 | Time: 26ms
Epoch: 064 | Test Loss: 6.0637E-03 | Time: 26ms
Epoch: 065 | Test Loss: 5.6013E-03 | Time: 26ms
Epoch: 066 | Train Loss: 7.3476E-03 | CBF GN: 6.8823E-02 | Time: 111ms
Epoch: 066 | Test Loss: 4.9030E-03 | Time: 26ms
Epoch: 067 | Test Loss: 5.0379E-03 | Time: 27ms
Epoch: 068 | Test Loss: 5.3571E-03 | Time: 27ms
Epoch: 069 | Test Loss: 4.7022E-03 | Time: 27ms
Epoch: 070 | Test Loss: 4.9753E-03 | Time: 27ms
Epoch: 071 | Train Loss: 6.7055E-03 | CBF GN: 7.9104E-02 | Time: 102ms
Epoch: 071 | Test Loss: 4.6421E-03 | Time: 53ms
Epoch: 072 | Test Loss: 4.7009E-03 | Time: 26ms
Epoch: 073 | Test Loss: 4.4879E-03 | Time: 26ms
Epoch: 074 | Test Loss: 4.9324E-03 | Time: 27ms
Epoch: 075 | Test Loss: 4.6349E-03 | Time: 27ms
Epoch: 076 | Train Loss: 6.6011E-03 | CBF GN: 8.4474E-02 | Time: 102ms
Epoch: 076 | Test Loss: 5.0571E-03 | Time: 27ms
Epoch: 077 | Test Loss: 5.3617E-03 | Time: 26ms
Epoch: 078 | Test Loss: 5.2853E-03 | Time: 26ms
Epoch: 079 | Test Loss: 4.6954E-03 | Time: 26ms
Epoch: 080 | Test Loss: 4.6802E-03 | Time: 26ms
Epoch: 081 | Train Loss: 6.6911E-03 | CBF GN: 9.1725E-02 | Time: 101ms
Epoch: 081 | Test Loss: 5.1502E-03 | Time: 28ms
Epoch: 082 | Test Loss: 4.5707E-03 | Time: 26ms
Epoch: 083 | Test Loss: 5.1739E-03 | Time: 26ms
Epoch: 084 | Test Loss: 4.6462E-03 | Time: 26ms
Epoch: 085 | Test Loss: 4.8069E-03 | Time: 28ms
Epoch: 086 | Train Loss: 6.2686E-03 | CBF GN: 9.7463E-02 | Time: 97ms
Epoch: 086 | Test Loss: 4.6956E-03 | Time: 26ms
Epoch: 087 | Test Loss: 4.5737E-03 | Time: 26ms
Epoch: 088 | Test Loss: 4.3851E-03 | Time: 26ms
Epoch: 089 | Test Loss: 4.0689E-03 | Time: 26ms
> Save at epoch 089 | Test loss 4.0689E-03
Epoch: 090 | Test Loss: 4.1412E-03 | Time: 51ms
Epoch: 091 | Train Loss: 5.7528E-03 | CBF GN: 8.3027E-02 | Time: 101ms
Epoch: 091 | Test Loss: 4.3590E-03 | Time: 26ms
Epoch: 092 | Test Loss: 4.1340E-03 | Time: 26ms
Epoch: 093 | Test Loss: 4.5429E-03 | Time: 26ms
Epoch: 094 | Test Loss: 4.2355E-03 | Time: 26ms
Epoch: 095 | Test Loss: 4.5042E-03 | Time: 26ms
Epoch: 096 | Train Loss: 5.4569E-03 | CBF GN: 7.2558E-02 | Time: 102ms
Epoch: 096 | Test Loss: 4.2522E-03 | Time: 26ms
Epoch: 097 | Test Loss: 4.3594E-03 | Time: 26ms
Epoch: 098 | Test Loss: 4.3486E-03 | Time: 27ms
Epoch: 099 | Test Loss: 4.3414E-03 | Time: 26ms
Epoch: 100 | Test Loss: 4.4220E-03 | Time: 26ms
Total time: 13s156ms
==> Visualizing training and test losses ...
==> Computing the smoothness constants ...
> Lipschitz constant of CBF network: 1.000000
> Hessian bound of CBF network: 4.355212
==> Saving the training results ...
==> Visualizing the CBF function and feasibility condition ...
==> Checking the safe and unsafe set ...
> Safe set percentage: 0.6577
> Unsafe set percentage: 1.0000
> Feasibility percentage: 1.0000
> Success:  True
==> Saving the feasibility results ...
==> Visualizing the CBF function and stability condition ...
==> Visualizing the feasibility condition ...
==> Done!
