==> Creating result directory ...
==> Loading test settings ...
==> Deciding torch device ...
==> torch device:  cuda
==> Building cbf neural network ...
==> Lipschitz constant of CBF network: 1.000000
==> Hessian bound of CBF network: 4.355212
==> Third order elementwise bound of CBF network: 30.225904
==> Number of subregions: 1
==> Subregion 0000000001 / 0000000001: 
==> [[-0.5 -2.  -1.  -1. ], [0.5 0.  1.  1. ]]
> Iteration 00 | Bound: [-0.320083, 1.482693] | l2 radius: 1.80E+00 | Size: 1.00E+00 | Time: 69ms
> Iteration 01 | Bound: [-0.299360, 1.281779] | l2 radius: 1.58E+00 | Size: 2.00E+00 | Time: 74ms
> Iteration 02 | Bound: [-0.240187, 1.082688] | l2 radius: 1.32E+00 | Size: 4.00E+00 | Time: 76ms
> Iteration 03 | Bound: [-0.225709, 0.774291] | l2 radius: 1.00E+00 | Size: 8.00E+00 | Time: 77ms
> Iteration 04 | Bound: [-0.184606, 0.716782] | l2 radius: 9.01E-01 | Size: 1.60E+01 | Time: 79ms
> Iteration 05 | Bound: [-0.177976, 0.612594] | l2 radius: 7.91E-01 | Size: 3.20E+01 | Time: 81ms
> Iteration 06 | Bound: [-0.167476, 0.493962] | l2 radius: 6.61E-01 | Size: 6.40E+01 | Time: 83ms
> Iteration 07 | Bound: [-0.160777, 0.339223] | l2 radius: 5.00E-01 | Size: 1.28E+02 | Time: 85ms
> Iteration 08 | Bound: [-0.127277, 0.323417] | l2 radius: 4.51E-01 | Size: 2.40E+02 | Time: 88ms
> Iteration 09 | Bound: [-0.127269, 0.268016] | l2 radius: 3.95E-01 | Size: 4.54E+02 | Time: 93ms
> Iteration 10 | Bound: [-0.115500, 0.209182] | l2 radius: 3.31E-01 | Size: 8.34E+02 | Time: 103ms
> Iteration 11 | Bound: [-0.102289, 0.115799] | l2 radius: 2.50E-01 | Size: 1.24E+03 | Time: 116ms
> Iteration 12 | Bound: [-0.090465, 0.092931] | l2 radius: 2.25E-01 | Size: 7.66E+02 | Time: 124ms
> Iteration 13 | Bound: [-0.083195, 0.065492] | l2 radius: 1.98E-01 | Size: 5.40E+02 | Time: 131ms
> Iteration 14 | Bound: [-0.055344, 0.033013] | l2 radius: 1.65E-01 | Size: 2.26E+02 | Time: 135ms
> Iteration 15 | Bound: [-0.032021, 0.008564] | l2 radius: 1.25E-01 | Size: 2.80E+01 | Time: 138ms
> Iteration 16 | Bound: [-0.026407, 0.002767] | l2 radius: 1.13E-01 | Size: 2.00E+00 | Time: 140ms
> Iteration 17 | Bound: [-0.021648, -0.002199] | l2 radius: 9.88E-02 | Size: 2.00E+00 | Time: 143ms
> No region to refine. Done!
> Time for subregion 0000000001: 143ms
> Total time up to subregion 0000000001: 143ms = 0.14321017265319824 s
> Total time excluding drawing: 143ms = 0.14321017265319824 s
> Success: True
==> Done!
