==> Creating result directory ...
==> Loading test settings ...
==> Deciding torch device ...
==> torch device:  cuda
==> Building cbf neural network ...
==> Lipschitz constant of CBF network: 4.000000
==> Hessian bound of CBF network: 17.420848
==> Third order elementwise bound of CBF network: 128.000000
==> Number of subregions: 1
==> Subregion 0000000001 / 0000000001: 
==> [[-0.5 -2.  -0.1 -1.  -1.  -1. ], [0.5 0.  0.1 1.  1.  1. ]]
> Iteration 00 | Bound: [-0.962557, 7.293350] | l2 radius: 2.06E+00 | Size: 1.00E+00 | Time: 70ms
> Iteration 01 | Bound: [-0.901717, 6.592281] | l2 radius: 1.87E+00 | Size: 2.00E+00 | Time: 74ms
> Iteration 02 | Bound: [-0.911060, 5.734239] | l2 radius: 1.66E+00 | Size: 4.00E+00 | Time: 75ms
> Iteration 03 | Bound: [-0.921855, 4.749124] | l2 radius: 1.42E+00 | Size: 8.00E+00 | Time: 77ms
> Iteration 04 | Bound: [-0.879877, 3.610112] | l2 radius: 1.12E+00 | Size: 1.60E+01 | Time: 79ms
> Iteration 05 | Bound: [-0.710968, 3.431495] | l2 radius: 1.04E+00 | Size: 3.20E+01 | Time: 80ms
> Iteration 06 | Bound: [-0.649336, 3.113642] | l2 radius: 9.41E-01 | Size: 6.40E+01 | Time: 81ms
> Iteration 07 | Bound: [-0.645011, 2.695648] | l2 radius: 8.35E-01 | Size: 1.28E+02 | Time: 83ms
> Iteration 08 | Bound: [-0.644598, 2.211974] | l2 radius: 7.14E-01 | Size: 2.56E+02 | Time: 86ms
> Iteration 09 | Bound: [-0.625205, 1.646359] | l2 radius: 5.68E-01 | Size: 5.12E+02 | Time: 90ms
> Iteration 10 | Bound: [-0.452541, 1.647459] | l2 radius: 5.25E-01 | Size: 1.02E+03 | Time: 98ms
> Iteration 11 | Bound: [-0.395521, 1.517592] | l2 radius: 4.78E-01 | Size: 2.05E+03 | Time: 116ms
> Iteration 12 | Bound: [-0.394745, 1.311128] | l2 radius: 4.26E-01 | Size: 4.10E+03 | Time: 139ms
> Iteration 13 | Bound: [-0.394830, 1.068937] | l2 radius: 3.67E-01 | Size: 8.19E+03 | Time: 191ms
> Iteration 14 | Bound: [-0.378639, 0.662660] | l2 radius: 2.97E-01 | Size: 1.64E+04 | Time: 300ms
> Iteration 15 | Bound: [-0.302129, 0.563114] | l2 radius: 2.76E-01 | Size: 2.49E+04 | Time: 448ms
> Iteration 16 | Bound: [-0.248168, 0.467881] | l2 radius: 2.54E-01 | Size: 3.69E+04 | Time: 681ms
> Iteration 17 | Bound: [-0.247485, 0.365990] | l2 radius: 2.30E-01 | Size: 5.04E+04 | Time: 982ms
> Iteration 18 | Bound: [-0.247152, 0.264205] | l2 radius: 2.03E-01 | Size: 6.45E+04 | Time: 1s343ms
> Iteration 19 | Bound: [-0.238344, 0.162794] | l2 radius: 1.72E-01 | Size: 5.99E+04 | Time: 1s698ms
> Iteration 20 | Bound: [-0.238117, 0.092143] | l2 radius: 1.48E-01 | Size: 3.54E+04 | Time: 1s897ms
> Iteration 21 | Bound: [-0.199771, 0.053597] | l2 radius: 1.38E-01 | Size: 1.74E+04 | Time: 2s
> Iteration 22 | Bound: [-0.171183, 0.020436] | l2 radius: 1.27E-01 | Size: 4.06E+03 | Time: 2s20ms
> Iteration 23 | Bound: [-0.169017, -0.009006] | l2 radius: 1.15E-01 | Size: 2.74E+02 | Time: 2s23ms
> No region to refine. Done!
> Time for subregion 0000000001: 2s23ms
> Total time up to subregion 0000000001: 2s23ms = 2.02331280708313 s
> Total time excluding drawing: 2s23ms = 2.02331280708313 s
> Success: True
==> Done!
