==> Creating result directory ...
==> Loading test settings ...
==> Deciding torch device ...
==> torch device:  cuda
==> Seeding everything ...
==> Building dynamical system ...
==> Building cbf neural network ...
==========================================================================================
Layer (type:depth-idx)                   Output Shape              Param #
==========================================================================================
LipschitzNetwork                         [1, 1]                    --
├─Sequential: 1-1                        [1, 1]                    --
│    └─SandwichFc: 2-1                   [1, 512]                  266,241
│    └─SandwichLin: 2-2                  [1, 1]                    515
==========================================================================================
Total params: 266,756
Trainable params: 266,244
Non-trainable params: 512
Total mult-adds (M): 0.27
==========================================================================================
Input size (MB): 0.00
Forward/backward pass size (MB): 0.00
Params size (MB): 1.07
Estimated Total Size (MB): 1.07
==========================================================================================
==> Lipschitz constant of CBF network: 4.000000
==> Amount of training data:  25000
==> Creating training data ...
==> Start training ...
Epoch: 001 | Train Loss: 7.4095E-01 | CBF GN: 1.1233E+01 | Time: 513ms
Epoch: 001 | Test Loss: 1.6496E-01 | Time: 146ms
> Save at epoch 001 | Test loss 1.6496E-01
Epoch: 002 | Test Loss: 1.2320E-02 | Time: 120ms
> Save at epoch 002 | Test loss 1.2320E-02
Epoch: 003 | Test Loss: 1.6002E-02 | Time: 119ms
Epoch: 004 | Test Loss: 1.3354E-02 | Time: 120ms
Epoch: 005 | Test Loss: 1.1475E-02 | Time: 155ms
> Save at epoch 005 | Test loss 1.1475E-02
Epoch: 006 | Train Loss: 1.5536E-02 | CBF GN: 3.4992E+00 | Time: 476ms
Epoch: 006 | Test Loss: 1.3203E-02 | Time: 130ms
Epoch: 007 | Test Loss: 1.2778E-02 | Time: 133ms
Epoch: 008 | Test Loss: 1.2231E-02 | Time: 133ms
Epoch: 009 | Test Loss: 1.2457E-02 | Time: 164ms
Epoch: 010 | Test Loss: 1.2727E-02 | Time: 165ms
Epoch: 011 | Train Loss: 1.9083E-02 | CBF GN: 2.9933E+00 | Time: 462ms
Epoch: 011 | Test Loss: 1.4583E-02 | Time: 122ms
Epoch: 012 | Test Loss: 1.0594E-02 | Time: 129ms
> Save at epoch 012 | Test loss 1.0594E-02
Epoch: 013 | Test Loss: 1.1498E-02 | Time: 122ms
Epoch: 014 | Test Loss: 1.0119E-02 | Time: 148ms
> Save at epoch 014 | Test loss 1.0119E-02
Epoch: 015 | Test Loss: 8.8204E-03 | Time: 152ms
> Save at epoch 015 | Test loss 8.8204E-03
Epoch: 016 | Train Loss: 1.2994E-02 | CBF GN: 4.7989E-01 | Time: 435ms
Epoch: 016 | Test Loss: 1.1696E-02 | Time: 122ms
Epoch: 017 | Test Loss: 9.7286E-03 | Time: 122ms
Epoch: 018 | Test Loss: 9.5080E-03 | Time: 122ms
Epoch: 019 | Test Loss: 8.9141E-03 | Time: 152ms
Epoch: 020 | Test Loss: 6.8189E-03 | Time: 151ms
> Save at epoch 020 | Test loss 6.8189E-03
Epoch: 021 | Train Loss: 1.0444E-02 | CBF GN: 8.5019E-01 | Time: 438ms
Epoch: 021 | Test Loss: 9.3484E-03 | Time: 122ms
Epoch: 022 | Test Loss: 6.3180E-03 | Time: 122ms
> Save at epoch 022 | Test loss 6.3180E-03
Epoch: 023 | Test Loss: 6.2657E-03 | Time: 122ms
> Save at epoch 023 | Test loss 6.2657E-03
Epoch: 024 | Test Loss: 7.9214E-03 | Time: 151ms
Epoch: 025 | Test Loss: 7.9046E-03 | Time: 151ms
Epoch: 026 | Train Loss: 9.2573E-03 | CBF GN: 3.5658E-01 | Time: 436ms
Epoch: 026 | Test Loss: 7.2070E-03 | Time: 122ms
Epoch: 027 | Test Loss: 5.9269E-03 | Time: 122ms
> Save at epoch 027 | Test loss 5.9269E-03
Epoch: 028 | Test Loss: 5.1937E-03 | Time: 122ms
> Save at epoch 028 | Test loss 5.1937E-03
Epoch: 029 | Test Loss: 6.8532E-03 | Time: 152ms
Epoch: 030 | Test Loss: 2.8267E-03 | Time: 151ms
> Save at epoch 030 | Test loss 2.8267E-03
Epoch: 031 | Train Loss: 3.9900E-03 | CBF GN: 2.9959E-01 | Time: 435ms
Epoch: 031 | Test Loss: 6.2542E-03 | Time: 121ms
Epoch: 032 | Test Loss: 2.8153E-03 | Time: 122ms
> Save at epoch 032 | Test loss 2.8153E-03
Epoch: 033 | Test Loss: 4.8657E-03 | Time: 121ms
Epoch: 034 | Test Loss: 3.2819E-03 | Time: 148ms
Epoch: 035 | Test Loss: 3.3052E-03 | Time: 147ms
Epoch: 036 | Train Loss: 3.0340E-03 | CBF GN: 1.6175E-01 | Time: 437ms
Epoch: 036 | Test Loss: 2.6396E-03 | Time: 121ms
> Save at epoch 036 | Test loss 2.6396E-03
Epoch: 037 | Test Loss: 2.0210E-03 | Time: 121ms
> Save at epoch 037 | Test loss 2.0210E-03
Epoch: 038 | Test Loss: 1.4874E-03 | Time: 121ms
> Save at epoch 038 | Test loss 1.4874E-03
Epoch: 039 | Test Loss: 5.1967E-03 | Time: 147ms
Epoch: 040 | Test Loss: 3.6028E-03 | Time: 147ms
Epoch: 041 | Train Loss: 4.3389E-03 | CBF GN: 1.2439E-01 | Time: 436ms
Epoch: 041 | Test Loss: 2.5444E-03 | Time: 121ms
Epoch: 042 | Test Loss: 1.3920E-03 | Time: 121ms
> Save at epoch 042 | Test loss 1.3920E-03
Epoch: 043 | Test Loss: 1.3844E-03 | Time: 122ms
> Save at epoch 043 | Test loss 1.3844E-03
Epoch: 044 | Test Loss: 1.9787E-03 | Time: 149ms
Epoch: 045 | Test Loss: 1.8613E-03 | Time: 150ms
Epoch: 046 | Train Loss: 2.5414E-03 | CBF GN: 1.9076E-01 | Time: 434ms
Epoch: 046 | Test Loss: 4.8537E-03 | Time: 122ms
Epoch: 047 | Test Loss: 1.7511E-03 | Time: 122ms
Epoch: 048 | Test Loss: 1.9067E-03 | Time: 122ms
Epoch: 049 | Test Loss: 2.6962E-03 | Time: 151ms
Epoch: 050 | Test Loss: 1.6534E-03 | Time: 151ms
Epoch: 051 | Train Loss: 2.1418E-03 | CBF GN: 1.3272E-01 | Time: 436ms
Epoch: 051 | Test Loss: 3.0686E-03 | Time: 122ms
Epoch: 052 | Test Loss: 1.3046E-03 | Time: 122ms
> Save at epoch 052 | Test loss 1.3046E-03
Epoch: 053 | Test Loss: 1.9362E-03 | Time: 122ms
Epoch: 054 | Test Loss: 1.5089E-03 | Time: 152ms
Epoch: 055 | Test Loss: 1.4554E-03 | Time: 147ms
Epoch: 056 | Train Loss: 1.6591E-03 | CBF GN: 4.3770E-02 | Time: 437ms
Epoch: 056 | Test Loss: 1.2704E-03 | Time: 121ms
> Save at epoch 056 | Test loss 1.2704E-03
Epoch: 057 | Test Loss: 1.1844E-03 | Time: 119ms
> Save at epoch 057 | Test loss 1.1844E-03
Epoch: 058 | Test Loss: 1.0241E-03 | Time: 121ms
> Save at epoch 058 | Test loss 1.0241E-03
Epoch: 059 | Test Loss: 1.4611E-03 | Time: 153ms
Epoch: 060 | Test Loss: 1.3438E-03 | Time: 148ms
Epoch: 061 | Train Loss: 1.1513E-03 | CBF GN: 5.8970E-02 | Time: 437ms
Epoch: 061 | Test Loss: 8.6020E-04 | Time: 122ms
> Save at epoch 061 | Test loss 8.6020E-04
Epoch: 062 | Test Loss: 1.2554E-03 | Time: 121ms
Epoch: 063 | Test Loss: 9.5450E-04 | Time: 122ms
Epoch: 064 | Test Loss: 8.8744E-04 | Time: 151ms
Epoch: 065 | Test Loss: 8.1381E-04 | Time: 151ms
> Save at epoch 065 | Test loss 8.1381E-04
Epoch: 066 | Train Loss: 1.1884E-03 | CBF GN: 1.2486E-01 | Time: 437ms
Epoch: 066 | Test Loss: 1.3542E-03 | Time: 121ms
Epoch: 067 | Test Loss: 9.5261E-04 | Time: 121ms
Epoch: 068 | Test Loss: 9.1589E-04 | Time: 120ms
Epoch: 069 | Test Loss: 8.9313E-04 | Time: 146ms
Epoch: 070 | Test Loss: 1.3455E-03 | Time: 148ms
Epoch: 071 | Train Loss: 1.0591E-03 | CBF GN: 6.4902E-02 | Time: 437ms
Epoch: 071 | Test Loss: 8.8020E-04 | Time: 121ms
Epoch: 072 | Test Loss: 6.8104E-04 | Time: 121ms
> Save at epoch 072 | Test loss 6.8104E-04
Epoch: 073 | Test Loss: 6.8291E-04 | Time: 122ms
Epoch: 074 | Test Loss: 9.5867E-04 | Time: 152ms
Epoch: 075 | Test Loss: 7.5454E-04 | Time: 150ms
Epoch: 076 | Train Loss: 8.0080E-04 | CBF GN: 2.8015E-02 | Time: 434ms
Epoch: 076 | Test Loss: 6.3098E-04 | Time: 122ms
> Save at epoch 076 | Test loss 6.3098E-04
Epoch: 077 | Test Loss: 1.1039E-03 | Time: 122ms
Epoch: 078 | Test Loss: 8.4462E-04 | Time: 121ms
Epoch: 079 | Test Loss: 7.2505E-04 | Time: 151ms
Epoch: 080 | Test Loss: 5.3856E-04 | Time: 151ms
> Save at epoch 080 | Test loss 5.3856E-04
Epoch: 081 | Train Loss: 6.2467E-04 | CBF GN: 8.8276E-02 | Time: 435ms
Epoch: 081 | Test Loss: 6.4817E-04 | Time: 122ms
Epoch: 082 | Test Loss: 5.9060E-04 | Time: 122ms
Epoch: 083 | Test Loss: 6.2276E-04 | Time: 122ms
Epoch: 084 | Test Loss: 6.1380E-04 | Time: 151ms
Epoch: 085 | Test Loss: 6.4607E-04 | Time: 149ms
Epoch: 086 | Train Loss: 6.8226E-04 | CBF GN: 2.9792E-02 | Time: 436ms
Epoch: 086 | Test Loss: 6.0389E-04 | Time: 121ms
Epoch: 087 | Test Loss: 5.0373E-04 | Time: 120ms
> Save at epoch 087 | Test loss 5.0373E-04
Epoch: 088 | Test Loss: 5.4257E-04 | Time: 121ms
Epoch: 089 | Test Loss: 5.1444E-04 | Time: 147ms
Epoch: 090 | Test Loss: 5.2503E-04 | Time: 145ms
Epoch: 091 | Train Loss: 5.1826E-04 | CBF GN: 2.4272E-02 | Time: 436ms
Epoch: 091 | Test Loss: 4.6810E-04 | Time: 119ms
> Save at epoch 091 | Test loss 4.6810E-04
Epoch: 092 | Test Loss: 4.9176E-04 | Time: 120ms
Epoch: 093 | Test Loss: 4.7443E-04 | Time: 118ms
Epoch: 094 | Test Loss: 4.8755E-04 | Time: 145ms
Epoch: 095 | Test Loss: 4.6616E-04 | Time: 146ms
> Save at epoch 095 | Test loss 4.6616E-04
Epoch: 096 | Train Loss: 4.9438E-04 | CBF GN: 5.9553E-02 | Time: 433ms
Epoch: 096 | Test Loss: 4.7136E-04 | Time: 119ms
Epoch: 097 | Test Loss: 4.6723E-04 | Time: 120ms
Epoch: 098 | Test Loss: 4.6484E-04 | Time: 120ms
> Save at epoch 098 | Test loss 4.6484E-04
Epoch: 099 | Test Loss: 4.6427E-04 | Time: 148ms
> Save at epoch 099 | Test loss 4.6427E-04
Epoch: 100 | Test Loss: 4.6508E-04 | Time: 147ms
Total time: 58s505ms
==> Visualizing training and test losses ...
==> Computing the smoothness constants ...
> Lipschitz constant of CBF network: 4.000000
> Hessian bound of CBF network: 17.420848
==> Saving the training results ...
==> Visualizing the CBF function and feasibility condition ...
==> Checking the safe and unsafe set ...
> Safe set percentage: 0.8665
> Unsafe set percentage: 1.0000
> Feasibility percentage: 1.0000
> Success:  True
==> Saving the feasibility results ...
==> Visualizing the CBF function ...
==> Visualizing the feasibility condition ...
==> Done!
