==> Creating result directory ...
==> Loading test settings ...
==> Deciding torch device ...
==> torch device:  cuda
==> Building cbf neural network ...
==> Lipschitz constant of CBF network: 4.000000
==> Hessian bound of CBF network: 17.420848
==> Third order elementwise bound of CBF network: 128.000000
==> Number of subregions: 4
==> Subregion 0000000001 / 0000000004: 
==> [[-3.14 -5.  ], [-2.618  5.   ]]
> Iteration 00 | Bound: [-0.018889, 20.008341] | l2 radius: 5.01E+00 | Size: 1.00E+00 | Time: 71ms
> Iteration 01 | Bound: [-0.029353, 10.024996] | l2 radius: 2.51E+00 | Size: 2.00E+00 | Time: 75ms
> Iteration 02 | Bound: [-0.021694, 5.086137] | l2 radius: 1.28E+00 | Size: 4.00E+00 | Time: 77ms
> Iteration 03 | Bound: [-0.019502, 2.689730] | l2 radius: 6.77E-01 | Size: 8.00E+00 | Time: 78ms
> Iteration 04 | Bound: [-0.018980, 1.439931] | l2 radius: 4.07E-01 | Size: 1.60E+01 | Time: 79ms
> Iteration 05 | Bound: [-0.018878, 0.801790] | l2 radius: 3.04E-01 | Size: 3.20E+01 | Time: 82ms
> Iteration 06 | Bound: [-0.011669, 0.249850] | l2 radius: 2.04E-01 | Size: 6.40E+01 | Time: 84ms
> Iteration 07 | Bound: [-0.011635, 0.099064] | l2 radius: 1.52E-01 | Size: 1.28E+02 | Time: 87ms
> Iteration 08 | Bound: [-0.007870, 0.027754] | l2 radius: 1.02E-01 | Size: 2.56E+02 | Time: 91ms
> Iteration 09 | Bound: [-0.007868, 0.008879] | l2 radius: 7.60E-02 | Size: 2.72E+02 | Time: 95ms
> Iteration 10 | Bound: [-0.005958, -0.000040] | l2 radius: 5.09E-02 | Size: 1.32E+02 | Time: 98ms
> No region to refine. Done!
> Time for subregion 0000000001: 98ms
> Total time up to subregion 0000000001: 98ms = 0.09828567504882812 s
==> Subregion 0000000002 / 0000000004: 
==> [[ 2.618 -5.   ], [3.14 5.  ]]
> Iteration 00 | Bound: [-0.022486, 20.004744] | l2 radius: 5.01E+00 | Size: 1.00E+00 | Time: 1ms
> Iteration 01 | Bound: [-0.028663, 10.025685] | l2 radius: 2.51E+00 | Size: 2.00E+00 | Time: 3ms
> Iteration 02 | Bound: [-0.024089, 5.083743] | l2 radius: 1.28E+00 | Size: 4.00E+00 | Time: 5ms
> Iteration 03 | Bound: [-0.022840, 2.686392] | l2 radius: 6.77E-01 | Size: 8.00E+00 | Time: 7ms
> Iteration 04 | Bound: [-0.022528, 1.437305] | l2 radius: 4.07E-01 | Size: 1.60E+01 | Time: 9ms
> Iteration 05 | Bound: [-0.022470, 0.799276] | l2 radius: 3.04E-01 | Size: 3.20E+01 | Time: 11ms
> Iteration 06 | Bound: [-0.014635, 0.247182] | l2 radius: 2.04E-01 | Size: 6.40E+01 | Time: 14ms
> Iteration 07 | Bound: [-0.014613, 0.096482] | l2 radius: 1.52E-01 | Size: 1.28E+02 | Time: 17ms
> Iteration 08 | Bound: [-0.010616, 0.025193] | l2 radius: 1.02E-01 | Size: 2.56E+02 | Time: 21ms
> Iteration 09 | Bound: [-0.010605, 0.006337] | l2 radius: 7.60E-02 | Size: 2.62E+02 | Time: 24ms
> Iteration 10 | Bound: [-0.008581, -0.002577] | l2 radius: 5.09E-02 | Size: 8.40E+01 | Time: 26ms
> No region to refine. Done!
> Time for subregion 0000000002: 26ms
> Total time up to subregion 0000000002: 125ms = 0.12525153160095215 s
==> Subregion 0000000003 / 0000000004: 
==> [[-2.618 -5.   ], [ 2.618 -4.   ]]
> Iteration 00 | Bound: [-0.056946, 10.604329] | l2 radius: 2.67E+00 | Size: 1.00E+00 | Time: 1ms
> Iteration 01 | Bound: [-0.028586, 5.576385] | l2 radius: 1.40E+00 | Size: 2.00E+00 | Time: 4ms
> Iteration 02 | Bound: [-0.026792, 3.267738] | l2 radius: 8.24E-01 | Size: 4.00E+00 | Time: 6ms
> Iteration 03 | Bound: [-0.026244, 2.364044] | l2 radius: 5.98E-01 | Size: 8.00E+00 | Time: 8ms
> Iteration 04 | Bound: [-0.020086, 1.465775] | l2 radius: 4.12E-01 | Size: 1.60E+01 | Time: 10ms
> Iteration 05 | Bound: [-0.020292, 0.764761] | l2 radius: 2.99E-01 | Size: 3.20E+01 | Time: 12ms
> Iteration 06 | Bound: [-0.016833, 0.248695] | l2 radius: 2.06E-01 | Size: 6.40E+01 | Time: 14ms
> Iteration 07 | Bound: [-0.016796, 0.085743] | l2 radius: 1.49E-01 | Size: 1.28E+02 | Time: 17ms
> Iteration 08 | Bound: [-0.015131, 0.019651] | l2 radius: 1.03E-01 | Size: 2.52E+02 | Time: 20ms
> Iteration 09 | Bound: [-0.015085, -0.000866] | l2 radius: 7.47E-02 | Size: 1.54E+02 | Time: 23ms
> No region to refine. Done!
> Time for subregion 0000000003: 23ms
> Total time up to subregion 0000000003: 148ms = 0.14893269538879395 s
==> Subregion 0000000004 / 0000000004: 
==> [[-2.618  4.   ], [2.618 5.   ]]
> Iteration 00 | Bound: [-0.054067, 10.607207] | l2 radius: 2.67E+00 | Size: 1.00E+00 | Time: 1ms
> Iteration 01 | Bound: [-0.027626, 5.577345] | l2 radius: 1.40E+00 | Size: 2.00E+00 | Time: 3ms
> Iteration 02 | Bound: [-0.025179, 3.269351] | l2 radius: 8.24E-01 | Size: 4.00E+00 | Time: 4ms
> Iteration 03 | Bound: [-0.024757, 2.365532] | l2 radius: 5.98E-01 | Size: 8.00E+00 | Time: 5ms
> Iteration 04 | Bound: [-0.016459, 1.470770] | l2 radius: 4.12E-01 | Size: 1.60E+01 | Time: 6ms
> Iteration 05 | Bound: [-0.016858, 0.770507] | l2 radius: 2.99E-01 | Size: 3.20E+01 | Time: 7ms
> Iteration 06 | Bound: [-0.012403, 0.254426] | l2 radius: 2.06E-01 | Size: 6.40E+01 | Time: 8ms
> Iteration 07 | Bound: [-0.012270, 0.091200] | l2 radius: 1.49E-01 | Size: 1.28E+02 | Time: 9ms
> Iteration 08 | Bound: [-0.010143, 0.025058] | l2 radius: 1.03E-01 | Size: 2.56E+02 | Time: 10ms
> Iteration 09 | Bound: [-0.010136, 0.004519] | l2 radius: 7.47E-02 | Size: 1.58E+02 | Time: 11ms
> Iteration 10 | Bound: [-0.009053, -0.003793] | l2 radius: 5.15E-02 | Size: 3.60E+01 | Time: 13ms
> No region to refine. Done!
> Time for subregion 0000000004: 13ms
> Total time up to subregion 0000000004: 162ms = 0.16283369064331055 s
> Total time excluding drawing: 162ms = 0.16283369064331055 s
> Success: True
==> Done!
