==> Creating result directory ...
==> Loading test settings ...
==> Deciding torch device ...
==> torch device:  cuda
==> Building dynamical system ...
==> Building cbf neural network ...
==> Lipschitz constant of CBF network: 4.000000
==> Hessian bound of CBF network: 17.420848
==> Third order elementwise bound of CBF network: 128.000000
==> Number of subregions: 1
==> Subregion 0000000001 / 0000000001: 
==> [[-3.14 -5.  ], [3.14 5.  ]]
==> Lipschitz constant of the zero order test function: 440.413332
> Iteration 00 | Bound: [-2600.201660, 0.087761] | l2 radius: 5.90E+00 | Size: 1.00E+00 | Time: 70ms
> Iteration 01 | Bound: [-1767.111938, 0.564644] | l2 radius: 4.01E+00 | Size: 2.00E+00 | Time: 72ms
> Iteration 02 | Bound: [-1300.133057, 0.011583] | l2 radius: 2.95E+00 | Size: 4.00E+00 | Time: 75ms
> Iteration 03 | Bound: [-883.820679, 0.017654] | l2 radius: 2.01E+00 | Size: 8.00E+00 | Time: 77ms
> Iteration 04 | Bound: [-650.059204, 0.013124] | l2 radius: 1.48E+00 | Size: 1.60E+01 | Time: 79ms
> Iteration 05 | Bound: [-441.906372, 0.012795] | l2 radius: 1.00E+00 | Size: 3.20E+01 | Time: 81ms
> Iteration 06 | Bound: [-325.041870, 0.005037] | l2 radius: 7.38E-01 | Size: 6.40E+01 | Time: 90ms
> Iteration 07 | Bound: [-220.963684, 0.004018] | l2 radius: 5.02E-01 | Size: 1.28E+02 | Time: 92ms
> Iteration 08 | Bound: [-162.540146, 0.006748] | l2 radius: 3.69E-01 | Size: 2.56E+02 | Time: 95ms
> Iteration 09 | Bound: [-110.503296, 0.002029] | l2 radius: 2.51E-01 | Size: 5.12E+02 | Time: 98ms
> Iteration 10 | Bound: [-66.292587, 0.000855] | l2 radius: 1.85E-01 | Size: 1.02E+03 | Time: 104ms
> Iteration 11 | Bound: [-30.661322, 0.000881] | l2 radius: 1.25E-01 | Size: 2.05E+03 | Time: 132ms
> Iteration 12 | Bound: [-16.609802, 0.000189] | l2 radius: 9.23E-02 | Size: 3.90E+03 | Time: 150ms
> Iteration 13 | Bound: [-7.701647, 0.000060] | l2 radius: 6.27E-02 | Size: 6.25E+03 | Time: 201ms
> Iteration 14 | Bound: [-4.153947, 0.000370] | l2 radius: 4.61E-02 | Size: 1.00E+04 | Time: 270ms
> Iteration 15 | Bound: [-1.912431, 0.002314] | l2 radius: 3.14E-02 | Size: 1.73E+04 | Time: 371ms
> Iteration 16 | Bound: [-1.029580, 0.006248] | l2 radius: 2.31E-02 | Size: 3.27E+04 | Time: 575ms
> Iteration 17 | Bound: [-0.472082, 0.006284] | l2 radius: 1.57E-02 | Size: 6.29E+04 | Time: 929ms
> Iteration 18 | Bound: [-0.252503, 0.006286] | l2 radius: 1.15E-02 | Size: 8.53E+04 | Time: 1s421ms
> Iteration 19 | Bound: [-0.113317, 0.006285] | l2 radius: 7.84E-03 | Size: 1.21E+05 | Time: 2s91ms
> Iteration 20 | Bound: [-0.058417, 0.006284] | l2 radius: 5.77E-03 | Size: 1.63E+05 | Time: 2s991ms
> Iteration 21 | Bound: [-0.023619, 0.006284] | l2 radius: 3.92E-03 | Size: 2.24E+05 | Time: 4s239ms
> Iteration 22 | Bound: [-0.009894, 0.006284] | l2 radius: 2.88E-03 | Size: 2.35E+05 | Time: 5s602ms
> Iteration 23 | Bound: [-0.001194, 0.006284] | l2 radius: 1.96E-03 | Size: 2.02E+05 | Time: 6s739ms
> Iteration 24 | Bound: [0.002238, 0.006284] | l2 radius: 1.44E-03 | Size: 3.63E+04 | Time: 6s941ms
> No region to refine. Done!
> Time for subregion 0000000001: 6s942ms
> Total time up to subregion 0000000001: 6s942ms = 6.94202184677124 s
> Total time excluding drawing: 6s942ms = 6.94202184677124 s
> Success: True
==> Done!
