==> Creating result directory ...
==> Loading test settings ...
==> Deciding torch device ...
==> torch device:  cuda
==> Seeding everything ...
==> Building dynamical system ...
==> Building cbf neural network ...
==========================================================================================
Layer (type:depth-idx)                   Output Shape              Param #
==========================================================================================
LipschitzNetwork                         [1, 1]                    --
├─Sequential: 1-1                        [1, 1]                    --
│    └─SandwichFc: 2-1                   [1, 128]                  16,897
│    └─SandwichFc: 2-2                   [1, 128]                  33,025
│    └─SandwichFc: 2-3                   [1, 128]                  33,025
│    └─SandwichLin: 2-4                  [1, 1]                    131
==========================================================================================
Total params: 83,078
Trainable params: 82,694
Non-trainable params: 384
Total mult-adds (M): 0.08
==========================================================================================
Input size (MB): 0.00
Forward/backward pass size (MB): 0.00
Params size (MB): 0.33
Estimated Total Size (MB): 0.34
==========================================================================================
==> Lipschitz constant of CBF network: 1.000000
==> Amount of training data:  1500
==> Creating training data ...
==> Start training ...
Epoch: 001 | Train Loss: 1.3946E-01 | CBF GN: 3.7103E+00 | Time: 113ms
Epoch: 001 | Test Loss: 1.3544E-01 | Time: 8ms
> Save at epoch 001 | Test loss 1.3544E-01
Epoch: 002 | Test Loss: 5.7510E-02 | Time: 8ms
> Save at epoch 002 | Test loss 5.7510E-02
Epoch: 003 | Test Loss: 1.3683E-01 | Time: 8ms
Epoch: 004 | Test Loss: 1.7820E-01 | Time: 8ms
Epoch: 005 | Test Loss: 3.5147E-02 | Time: 8ms
> Save at epoch 005 | Test loss 3.5147E-02
Epoch: 006 | Train Loss: 7.4275E-02 | CBF GN: 1.6295E+00 | Time: 32ms
Epoch: 006 | Test Loss: 4.2906E-02 | Time: 8ms
Epoch: 007 | Test Loss: 1.6905E-02 | Time: 8ms
> Save at epoch 007 | Test loss 1.6905E-02
Epoch: 008 | Test Loss: 1.6566E-02 | Time: 8ms
> Save at epoch 008 | Test loss 1.6566E-02
Epoch: 009 | Test Loss: 2.7368E-02 | Time: 8ms
Epoch: 010 | Test Loss: 1.1598E-02 | Time: 8ms
> Save at epoch 010 | Test loss 1.1598E-02
Epoch: 011 | Train Loss: 1.3358E-02 | CBF GN: 3.4668E-01 | Time: 31ms
Epoch: 011 | Test Loss: 8.9567E-03 | Time: 8ms
> Save at epoch 011 | Test loss 8.9567E-03
Epoch: 012 | Test Loss: 6.1387E-03 | Time: 8ms
> Save at epoch 012 | Test loss 6.1387E-03
Epoch: 013 | Test Loss: 1.1598E-02 | Time: 8ms
Epoch: 014 | Test Loss: 6.3734E-03 | Time: 8ms
Epoch: 015 | Test Loss: 7.6251E-03 | Time: 8ms
Epoch: 016 | Train Loss: 6.6084E-03 | CBF GN: 4.1549E-01 | Time: 31ms
Epoch: 016 | Test Loss: 7.0050E-03 | Time: 8ms
Epoch: 017 | Test Loss: 2.4925E-03 | Time: 8ms
> Save at epoch 017 | Test loss 2.4925E-03
Epoch: 018 | Test Loss: 8.5108E-03 | Time: 8ms
Epoch: 019 | Test Loss: 1.5272E-02 | Time: 8ms
Epoch: 020 | Test Loss: 1.0175E-02 | Time: 8ms
Epoch: 021 | Train Loss: 6.5090E-03 | CBF GN: 2.4985E-01 | Time: 31ms
Epoch: 021 | Test Loss: 1.4213E-03 | Time: 8ms
> Save at epoch 021 | Test loss 1.4213E-03
Epoch: 022 | Test Loss: 3.6267E-03 | Time: 8ms
Epoch: 023 | Test Loss: 1.4384E-03 | Time: 8ms
Epoch: 024 | Test Loss: 3.4058E-03 | Time: 8ms
Epoch: 025 | Test Loss: 1.7560E-03 | Time: 8ms
Epoch: 026 | Train Loss: 1.6982E-03 | CBF GN: 9.9692E-02 | Time: 31ms
Epoch: 026 | Test Loss: 2.1175E-03 | Time: 8ms
Epoch: 027 | Test Loss: 8.0269E-04 | Time: 8ms
> Save at epoch 027 | Test loss 8.0269E-04
Epoch: 028 | Test Loss: 2.1420E-03 | Time: 8ms
Epoch: 029 | Test Loss: 1.9259E-03 | Time: 8ms
Epoch: 030 | Test Loss: 1.2382E-03 | Time: 8ms
Epoch: 031 | Train Loss: 2.2277E-03 | CBF GN: 1.6786E-01 | Time: 31ms
Epoch: 031 | Test Loss: 2.8403E-03 | Time: 8ms
Epoch: 032 | Test Loss: 3.8620E-03 | Time: 8ms
Epoch: 033 | Test Loss: 8.5226E-03 | Time: 8ms
Epoch: 034 | Test Loss: 7.3326E-03 | Time: 8ms
Epoch: 035 | Test Loss: 3.6046E-03 | Time: 8ms
Epoch: 036 | Train Loss: 4.6428E-03 | CBF GN: 2.1616E-01 | Time: 31ms
Epoch: 036 | Test Loss: 2.2479E-03 | Time: 8ms
Epoch: 037 | Test Loss: 1.3111E-03 | Time: 8ms
Epoch: 038 | Test Loss: 1.5438E-03 | Time: 8ms
Epoch: 039 | Test Loss: 1.1895E-03 | Time: 8ms
Epoch: 040 | Test Loss: 4.0237E-04 | Time: 8ms
> Save at epoch 040 | Test loss 4.0237E-04
Epoch: 041 | Train Loss: 1.2275E-03 | CBF GN: 1.0222E-01 | Time: 31ms
Epoch: 041 | Test Loss: 6.7448E-04 | Time: 8ms
Epoch: 042 | Test Loss: 8.6612E-04 | Time: 8ms
Epoch: 043 | Test Loss: 1.0326E-03 | Time: 8ms
Epoch: 044 | Test Loss: 1.0996E-03 | Time: 8ms
Epoch: 045 | Test Loss: 5.7501E-04 | Time: 8ms
Epoch: 046 | Train Loss: 8.5529E-04 | CBF GN: 8.9007E-02 | Time: 30ms
Epoch: 046 | Test Loss: 2.8292E-04 | Time: 8ms
> Save at epoch 046 | Test loss 2.8292E-04
Epoch: 047 | Test Loss: 3.7473E-04 | Time: 8ms
Epoch: 048 | Test Loss: 5.3994E-04 | Time: 8ms
Epoch: 049 | Test Loss: 6.4445E-04 | Time: 8ms
Epoch: 050 | Test Loss: 3.5883E-04 | Time: 8ms
Epoch: 051 | Train Loss: 6.3097E-04 | CBF GN: 6.0587E-02 | Time: 30ms
Epoch: 051 | Test Loss: 2.7519E-04 | Time: 8ms
> Save at epoch 051 | Test loss 2.7519E-04
Epoch: 052 | Test Loss: 3.1287E-04 | Time: 8ms
Epoch: 053 | Test Loss: 3.6357E-04 | Time: 8ms
Epoch: 054 | Test Loss: 3.7781E-04 | Time: 33ms
Epoch: 055 | Test Loss: 4.0625E-04 | Time: 8ms
Epoch: 056 | Train Loss: 6.7967E-04 | CBF GN: 5.6682E-02 | Time: 30ms
Epoch: 056 | Test Loss: 4.2324E-04 | Time: 8ms
Epoch: 057 | Test Loss: 8.6709E-04 | Time: 8ms
Epoch: 058 | Test Loss: 5.6658E-04 | Time: 8ms
Epoch: 059 | Test Loss: 2.9320E-04 | Time: 8ms
Epoch: 060 | Test Loss: 4.6188E-04 | Time: 8ms
Epoch: 061 | Train Loss: 7.4314E-04 | CBF GN: 1.0472E-01 | Time: 31ms
Epoch: 061 | Test Loss: 6.1597E-04 | Time: 8ms
Epoch: 062 | Test Loss: 4.1558E-04 | Time: 8ms
Epoch: 063 | Test Loss: 3.3459E-04 | Time: 8ms
Epoch: 064 | Test Loss: 3.8806E-04 | Time: 8ms
Epoch: 065 | Test Loss: 4.0867E-04 | Time: 8ms
Epoch: 066 | Train Loss: 5.6595E-04 | CBF GN: 3.2820E-02 | Time: 31ms
Epoch: 066 | Test Loss: 3.9571E-04 | Time: 8ms
Epoch: 067 | Test Loss: 3.2455E-04 | Time: 8ms
Epoch: 068 | Test Loss: 2.8246E-04 | Time: 8ms
Epoch: 069 | Test Loss: 4.3748E-04 | Time: 8ms
Epoch: 070 | Test Loss: 3.2780E-04 | Time: 8ms
Epoch: 071 | Train Loss: 5.9042E-04 | CBF GN: 6.0672E-02 | Time: 31ms
Epoch: 071 | Test Loss: 4.1832E-04 | Time: 8ms
Epoch: 072 | Test Loss: 3.5943E-04 | Time: 8ms
Epoch: 073 | Test Loss: 3.8607E-04 | Time: 8ms
Epoch: 074 | Test Loss: 2.7102E-04 | Time: 8ms
> Save at epoch 074 | Test loss 2.7102E-04
Epoch: 075 | Test Loss: 4.1394E-04 | Time: 8ms
Epoch: 076 | Train Loss: 5.3508E-04 | CBF GN: 4.4272E-02 | Time: 31ms
Epoch: 076 | Test Loss: 2.5995E-04 | Time: 8ms
> Save at epoch 076 | Test loss 2.5995E-04
Epoch: 077 | Test Loss: 3.9350E-04 | Time: 8ms
Epoch: 078 | Test Loss: 2.9640E-04 | Time: 8ms
Epoch: 079 | Test Loss: 3.3936E-04 | Time: 8ms
Epoch: 080 | Test Loss: 2.9058E-04 | Time: 8ms
Epoch: 081 | Train Loss: 4.8224E-04 | CBF GN: 2.3104E-02 | Time: 31ms
Epoch: 081 | Test Loss: 3.1297E-04 | Time: 8ms
Epoch: 082 | Test Loss: 3.1865E-04 | Time: 8ms
Epoch: 083 | Test Loss: 2.7438E-04 | Time: 8ms
Epoch: 084 | Test Loss: 3.1342E-04 | Time: 8ms
Epoch: 085 | Test Loss: 3.0811E-04 | Time: 8ms
Epoch: 086 | Train Loss: 4.7598E-04 | CBF GN: 3.6916E-02 | Time: 31ms
Epoch: 086 | Test Loss: 3.0409E-04 | Time: 8ms
Epoch: 087 | Test Loss: 3.0388E-04 | Time: 8ms
Epoch: 088 | Test Loss: 2.8911E-04 | Time: 8ms
Epoch: 089 | Test Loss: 3.3891E-04 | Time: 8ms
Epoch: 090 | Test Loss: 2.8031E-04 | Time: 8ms
Epoch: 091 | Train Loss: 4.5653E-04 | CBF GN: 3.9510E-02 | Time: 30ms
Epoch: 091 | Test Loss: 2.7920E-04 | Time: 8ms
Epoch: 092 | Test Loss: 2.9595E-04 | Time: 8ms
Epoch: 093 | Test Loss: 2.8515E-04 | Time: 8ms
Epoch: 094 | Test Loss: 2.8789E-04 | Time: 8ms
Epoch: 095 | Test Loss: 2.8221E-04 | Time: 8ms
Epoch: 096 | Train Loss: 4.4207E-04 | CBF GN: 1.6462E-02 | Time: 31ms
Epoch: 096 | Test Loss: 2.8718E-04 | Time: 8ms
Epoch: 097 | Test Loss: 2.8522E-04 | Time: 8ms
Epoch: 098 | Test Loss: 2.8524E-04 | Time: 8ms
Epoch: 099 | Test Loss: 2.8229E-04 | Time: 8ms
Epoch: 100 | Test Loss: 2.8131E-04 | Time: 8ms
Total time: 4s96ms
==> Visualizing training and test losses ...
==> Computing the smoothness constants ...
> Lipschitz constant of CBF network: 1.000000
> Hessian bound of CBF network: 6.532818
==> Saving the training results ...
==> Visualizing the CBF function and feasibility condition ...
==> Checking the safe and unsafe set ...
> Safe set percentage: 0.5239
> Unsafe set percentage: 1.0000
> Feasibility percentage: 0.9758
> Success:  False
==> Saving the feasibility results ...
==> Visualizing the CBF function and stability condition ...
==> Visualizing the feasibility condition ...
==> Done!
