==> Creating result directory ...
==> Loading test settings ...
==> Deciding torch device ...
==> torch device:  cuda
==> Building dynamical system ...
==> Building cbf neural network ...
==> Lipschitz constant of CBF network: 1.000000
==> Hessian bound of CBF network: 4.355212
==> Third order elementwise bound of CBF network: 30.225904
==> Number of subregions: 1
==> Subregion 0000000001 / 0000000001: 
==> [[-3.14 -5.  ], [3.14 5.  ]]
==> Lipschitz constant of the zero order test function: 110.103333
> Iteration 00 | Bound: [-649.761047, 0.311296] | l2 radius: 5.90E+00 | Size: 1.00E+00 | Time: 66ms
> Iteration 01 | Bound: [-439.614380, 2.304768] | l2 radius: 4.01E+00 | Size: 2.00E+00 | Time: 69ms
> Iteration 02 | Bound: [-324.948273, 0.087906] | l2 radius: 2.95E+00 | Size: 4.00E+00 | Time: 71ms
> Iteration 03 | Bound: [-220.851517, 0.108067] | l2 radius: 2.01E+00 | Size: 8.00E+00 | Time: 76ms
> Iteration 04 | Bound: [-162.394333, 0.123749] | l2 radius: 1.48E+00 | Size: 1.60E+01 | Time: 81ms
> Iteration 05 | Bound: [-110.377892, 0.101896] | l2 radius: 1.00E+00 | Size: 3.20E+01 | Time: 86ms
> Iteration 06 | Bound: [-81.308662, 0.022032] | l2 radius: 7.38E-01 | Size: 6.40E+01 | Time: 98ms
> Iteration 07 | Bound: [-55.289364, 0.000519] | l2 radius: 5.02E-01 | Size: 1.28E+02 | Time: 101ms
> Iteration 08 | Bound: [-40.847225, 0.071307] | l2 radius: 3.69E-01 | Size: 2.49E+02 | Time: 104ms
> Iteration 09 | Bound: [-27.853081, 0.010768] | l2 radius: 2.51E-01 | Size: 3.62E+02 | Time: 107ms
> Iteration 10 | Bound: [-15.843222, 0.025070] | l2 radius: 1.85E-01 | Size: 5.97E+02 | Time: 112ms
> Iteration 11 | Bound: [-7.317758, 0.028856] | l2 radius: 1.25E-01 | Size: 1.07E+03 | Time: 136ms
> Iteration 12 | Bound: [-3.926275, 0.077278] | l2 radius: 9.23E-02 | Size: 2.01E+03 | Time: 148ms
> Iteration 13 | Bound: [-1.743897, 0.080329] | l2 radius: 6.27E-02 | Size: 3.53E+03 | Time: 167ms
> Iteration 14 | Bound: [-0.905601, 0.081683] | l2 radius: 4.61E-02 | Size: 4.75E+03 | Time: 192ms
> Iteration 15 | Bound: [-0.374936, 0.082584] | l2 radius: 3.14E-02 | Size: 6.85E+03 | Time: 244ms
> Iteration 16 | Bound: [-0.164303, 0.083027] | l2 radius: 2.31E-02 | Size: 8.58E+03 | Time: 306ms
> Iteration 17 | Bound: [-0.031300, 0.083561] | l2 radius: 1.57E-02 | Size: 6.65E+03 | Time: 339ms
> Iteration 18 | Bound: [0.021517, 0.083891] | l2 radius: 1.15E-02 | Size: 1.01E+03 | Time: 345ms
> No region to refine. Done!
> Time for subregion 0000000001: 345ms
> Total time up to subregion 0000000001: 345ms = 0.3456857204437256 s
> Total time excluding drawing: 345ms = 0.3456857204437256 s
> Success: True
==> Done!
