==> Creating result directory ...
==> Loading test settings ...
==> Deciding torch device ...
==> torch device:  cpu
==> Building cbf neural network ...
==> Lipschitz constant of CBF network: 1.000000
==> Hessian bound of CBF network: 4.355212
==> Third order elementwise bound of CBF network: 30.225904
==> Number of subregions: 4
==> Subregion 0000000001 / 0000000004: 
==> [[-3.14 -5.  ], [-2.618  5.   ]]
> Iteration 00 | Bound: [-0.151221, 4.855587] | l2 radius: 5.01E+00 | Size: 1.00E+00 | Time: 8ms
> Iteration 01 | Bound: [-0.210797, 2.302791] | l2 radius: 2.51E+00 | Size: 2.00E+00 | Time: 10ms
> Iteration 02 | Bound: [-0.164370, 1.112588] | l2 radius: 1.28E+00 | Size: 4.00E+00 | Time: 12ms
> Iteration 03 | Bound: [-0.151465, 0.525843] | l2 radius: 6.77E-01 | Size: 8.00E+00 | Time: 15ms
> Iteration 04 | Bound: [-0.149683, 0.257475] | l2 radius: 4.07E-01 | Size: 1.60E+01 | Time: 17ms
> Iteration 05 | Bound: [-0.150045, 0.151028] | l2 radius: 3.04E-01 | Size: 3.20E+01 | Time: 20ms
> Iteration 06 | Bound: [-0.100285, 0.016857] | l2 radius: 2.04E-01 | Size: 4.60E+01 | Time: 23ms
> Iteration 07 | Bound: [-0.070509, -0.020325] | l2 radius: 1.52E-01 | Size: 1.20E+01 | Time: 25ms
> No region to refine. Done!
> Time for subregion 0000000001: 26ms
> Total time up to subregion 0000000001: 26ms = 0.026047706604003906 s
==> Subregion 0000000002 / 0000000004: 
==> [[ 2.618 -5.   ], [3.14 5.  ]]
> Iteration 00 | Bound: [-0.144638, 4.862169] | l2 radius: 5.01E+00 | Size: 1.00E+00 | Time: 4ms
> Iteration 01 | Bound: [-0.218229, 2.295358] | l2 radius: 2.51E+00 | Size: 2.00E+00 | Time: 6ms
> Iteration 02 | Bound: [-0.164596, 1.112362] | l2 radius: 1.28E+00 | Size: 4.00E+00 | Time: 7ms
> Iteration 03 | Bound: [-0.148044, 0.529264] | l2 radius: 6.77E-01 | Size: 8.00E+00 | Time: 8ms
> Iteration 04 | Bound: [-0.144558, 0.262600] | l2 radius: 4.07E-01 | Size: 1.60E+01 | Time: 9ms
> Iteration 05 | Bound: [-0.144151, 0.157041] | l2 radius: 3.04E-01 | Size: 3.20E+01 | Time: 10ms
> Iteration 06 | Bound: [-0.094665, 0.021246] | l2 radius: 2.04E-01 | Size: 4.40E+01 | Time: 12ms
> Iteration 07 | Bound: [-0.065977, -0.015963] | l2 radius: 1.52E-01 | Size: 1.40E+01 | Time: 13ms
> No region to refine. Done!
> Time for subregion 0000000002: 13ms
> Total time up to subregion 0000000002: 39ms = 0.039676666259765625 s
==> Subregion 0000000003 / 0000000004: 
==> [[-2.618 -5.   ], [ 2.618 -4.   ]]
> Iteration 00 | Bound: [-0.246461, 2.418857] | l2 radius: 2.67E+00 | Size: 1.00E+00 | Time: 2ms
> Iteration 01 | Bound: [-0.175492, 1.225751] | l2 radius: 1.40E+00 | Size: 2.00E+00 | Time: 3ms
> Iteration 02 | Bound: [-0.181812, 0.641821] | l2 radius: 8.24E-01 | Size: 4.00E+00 | Time: 4ms
> Iteration 03 | Bound: [-0.172524, 0.425048] | l2 radius: 5.98E-01 | Size: 8.00E+00 | Time: 5ms
> Iteration 04 | Bound: [-0.123162, 0.288654] | l2 radius: 4.12E-01 | Size: 1.60E+01 | Time: 6ms
> Iteration 05 | Bound: [-0.119901, 0.129525] | l2 radius: 2.99E-01 | Size: 3.20E+01 | Time: 7ms
> Iteration 06 | Bound: [-0.093595, 0.002276] | l2 radius: 2.06E-01 | Size: 2.80E+01 | Time: 9ms
> Iteration 07 | Bound: [-0.087929, -0.038907] | l2 radius: 1.49E-01 | Size: 4.00E+00 | Time: 9ms
> No region to refine. Done!
> Time for subregion 0000000003: 9ms
> Total time up to subregion 0000000003: 49ms = 0.049497127532958984 s
==> Subregion 0000000004 / 0000000004: 
==> [[-2.618  4.   ], [2.618 5.   ]]
> Iteration 00 | Bound: [-0.270666, 2.394653] | l2 radius: 2.67E+00 | Size: 1.00E+00 | Time: 1ms
> Iteration 01 | Bound: [-0.193916, 1.207326] | l2 radius: 1.40E+00 | Size: 2.00E+00 | Time: 3ms
> Iteration 02 | Bound: [-0.188409, 0.635223] | l2 radius: 8.24E-01 | Size: 4.00E+00 | Time: 4ms
> Iteration 03 | Bound: [-0.185609, 0.411963] | l2 radius: 5.98E-01 | Size: 8.00E+00 | Time: 5ms
> Iteration 04 | Bound: [-0.136842, 0.274974] | l2 radius: 4.12E-01 | Size: 1.60E+01 | Time: 5ms
> Iteration 05 | Bound: [-0.136322, 0.110121] | l2 radius: 2.99E-01 | Size: 3.20E+01 | Time: 7ms
> Iteration 06 | Bound: [-0.110156, -0.017007] | l2 radius: 2.06E-01 | Size: 2.40E+01 | Time: 8ms
> No region to refine. Done!
> Time for subregion 0000000004: 8ms
> Total time up to subregion 0000000004: 57ms = 0.05771636962890625 s
> Total time excluding drawing: 57ms = 0.05771636962890625 s
> Success: True
==> Done!
