==> Creating result directory ...
==> Loading test settings ...
==> Deciding torch device ...
==> torch device:  cuda
==> Building cbf neural network ...
==> Lipschitz constant of CBF network: 4.000000
==> Hessian bound of CBF network: 17.420848
==> Third order elementwise bound of CBF network: 128.000000
==> Number of subregions: 1
==> Subregion 0000000001 / 0000000001: 
==> [[-0.5 -2.  -0.1 -1.  -1.  -1. ], [0.5 0.  0.1 1.  1.  1. ]]
> Iteration 00 | Bound: [-0.964904, 7.291003] | l2 radius: 2.06E+00 | Size: 1.00E+00 | Time: 73ms
> Iteration 01 | Bound: [-0.907685, 6.586312] | l2 radius: 1.87E+00 | Size: 2.00E+00 | Time: 78ms
> Iteration 02 | Bound: [-0.919196, 5.726103] | l2 radius: 1.66E+00 | Size: 4.00E+00 | Time: 80ms
> Iteration 03 | Bound: [-0.926829, 4.744150] | l2 radius: 1.42E+00 | Size: 8.00E+00 | Time: 83ms
> Iteration 04 | Bound: [-0.882872, 3.607117] | l2 radius: 1.12E+00 | Size: 1.60E+01 | Time: 85ms
> Iteration 05 | Bound: [-0.711675, 3.430789] | l2 radius: 1.04E+00 | Size: 3.20E+01 | Time: 88ms
> Iteration 06 | Bound: [-0.642535, 3.120443] | l2 radius: 9.41E-01 | Size: 6.40E+01 | Time: 89ms
> Iteration 07 | Bound: [-0.642486, 2.698173] | l2 radius: 8.35E-01 | Size: 1.28E+02 | Time: 92ms
> Iteration 08 | Bound: [-0.642634, 2.213938] | l2 radius: 7.14E-01 | Size: 2.56E+02 | Time: 96ms
> Iteration 09 | Bound: [-0.619407, 1.652156] | l2 radius: 5.68E-01 | Size: 5.12E+02 | Time: 102ms
> Iteration 10 | Bound: [-0.442283, 1.657717] | l2 radius: 5.25E-01 | Size: 1.02E+03 | Time: 113ms
> Iteration 11 | Bound: [-0.387987, 1.525125] | l2 radius: 4.78E-01 | Size: 2.05E+03 | Time: 124ms
> Iteration 12 | Bound: [-0.387248, 1.318624] | l2 radius: 4.26E-01 | Size: 4.10E+03 | Time: 147ms
> Iteration 13 | Bound: [-0.386308, 1.080087] | l2 radius: 3.67E-01 | Size: 8.19E+03 | Time: 190ms
> Iteration 14 | Bound: [-0.372204, 0.682780] | l2 radius: 2.97E-01 | Size: 1.64E+04 | Time: 285ms
> Iteration 15 | Bound: [-0.288888, 0.583397] | l2 radius: 2.76E-01 | Size: 2.47E+04 | Time: 425ms
> Iteration 16 | Bound: [-0.238783, 0.488359] | l2 radius: 2.54E-01 | Size: 3.73E+04 | Time: 649ms
> Iteration 17 | Bound: [-0.236044, 0.386928] | l2 radius: 2.30E-01 | Size: 5.19E+04 | Time: 958ms
> Iteration 18 | Bound: [-0.234980, 0.285333] | l2 radius: 2.03E-01 | Size: 7.00E+04 | Time: 1s363ms
> Iteration 19 | Bound: [-0.225618, 0.183923] | l2 radius: 1.72E-01 | Size: 7.26E+04 | Time: 1s771ms
> Iteration 20 | Bound: [-0.225135, 0.113589] | l2 radius: 1.48E-01 | Size: 4.71E+04 | Time: 2s36ms
> Iteration 21 | Bound: [-0.184485, 0.074848] | l2 radius: 1.38E-01 | Size: 2.84E+04 | Time: 2s197ms
> Iteration 22 | Bound: [-0.156056, 0.041562] | l2 radius: 1.27E-01 | Size: 1.04E+04 | Time: 2s261ms
> Iteration 23 | Bound: [-0.147866, 0.012206] | l2 radius: 1.15E-01 | Size: 1.81E+03 | Time: 2s293ms
> Iteration 24 | Bound: [-0.124201, -0.013304] | l2 radius: 1.02E-01 | Size: 8.00E+01 | Time: 2s296ms
> No region to refine. Done!
> Time for subregion 0000000001: 2s296ms
> Total time up to subregion 0000000001: 2s296ms = 2.296499729156494 s
> Total time excluding drawing: 2s296ms = 2.296499729156494 s
> Success: True
==> Done!
