==> Creating result directory ...
==> Loading test settings ...
==> Deciding torch device ...
==> torch device:  cuda
==> Building cbf neural network ...
==> Lipschitz constant of CBF network: 2.000000
==> Hessian bound of CBF network: 6.159200
==> Third order elementwise bound of CBF network: 32.000000
==> Number of subregions: 1
==> Subregion 0000000001 / 0000000001: 
==> [[-0.5 -2.  -0.1 -1.  -1.  -1. ], [0.5 0.  0.1 1.  1.  1. ]]
> Iteration 00 | Bound: [-0.377194, 3.750760] | l2 radius: 2.06E+00 | Size: 1.00E+00 | Time: 70ms
> Iteration 01 | Bound: [-0.338067, 3.408932] | l2 radius: 1.87E+00 | Size: 2.00E+00 | Time: 74ms
> Iteration 02 | Bound: [-0.337980, 2.984669] | l2 radius: 1.66E+00 | Size: 4.00E+00 | Time: 77ms
> Iteration 03 | Bound: [-0.337345, 2.498144] | l2 radius: 1.42E+00 | Size: 8.00E+00 | Time: 80ms
> Iteration 04 | Bound: [-0.314891, 1.930104] | l2 radius: 1.12E+00 | Size: 1.60E+01 | Time: 82ms
> Iteration 05 | Bound: [-0.277878, 1.793353] | l2 radius: 1.04E+00 | Size: 3.20E+01 | Time: 84ms
> Iteration 06 | Bound: [-0.225938, 1.655550] | l2 radius: 9.41E-01 | Size: 6.40E+01 | Time: 87ms
> Iteration 07 | Bound: [-0.225968, 1.444361] | l2 radius: 8.35E-01 | Size: 1.28E+02 | Time: 90ms
> Iteration 08 | Bound: [-0.225792, 1.202493] | l2 radius: 7.14E-01 | Size: 2.56E+02 | Time: 93ms
> Iteration 09 | Bound: [-0.214060, 0.921722] | l2 radius: 5.68E-01 | Size: 5.12E+02 | Time: 99ms
> Iteration 10 | Bound: [-0.173408, 0.799575] | l2 radius: 5.25E-01 | Size: 1.02E+03 | Time: 110ms
> Iteration 11 | Bound: [-0.141299, 0.659769] | l2 radius: 4.78E-01 | Size: 2.05E+03 | Time: 121ms
> Iteration 12 | Bound: [-0.141030, 0.515026] | l2 radius: 4.26E-01 | Size: 4.10E+03 | Time: 143ms
> Iteration 13 | Bound: [-0.140607, 0.370996] | l2 radius: 3.67E-01 | Size: 8.19E+03 | Time: 184ms
> Iteration 14 | Bound: [-0.133992, 0.226512] | l2 radius: 2.97E-01 | Size: 1.64E+04 | Time: 278ms
> Iteration 15 | Bound: [-0.110291, 0.193274] | l2 radius: 2.76E-01 | Size: 2.18E+04 | Time: 398ms
> Iteration 16 | Bound: [-0.092755, 0.157880] | l2 radius: 2.54E-01 | Size: 2.81E+04 | Time: 548ms
> Iteration 17 | Bound: [-0.092780, 0.121518] | l2 radius: 2.30E-01 | Size: 3.19E+04 | Time: 719ms
> Iteration 18 | Bound: [-0.092775, 0.074531] | l2 radius: 2.03E-01 | Size: 3.21E+04 | Time: 911ms
> Iteration 19 | Bound: [-0.088485, 0.031834] | l2 radius: 1.72E-01 | Size: 2.10E+04 | Time: 1s35ms
> Iteration 20 | Bound: [-0.082846, 0.007471] | l2 radius: 1.48E-01 | Size: 5.57E+03 | Time: 1s67ms
> Iteration 21 | Bound: [-0.074100, -0.002148] | l2 radius: 1.38E-01 | Size: 8.24E+02 | Time: 1s72ms
> No region to refine. Done!
> Time for subregion 0000000001: 1s72ms
> Total time up to subregion 0000000001: 1s72ms = 1.072571039199829 s
> Total time excluding drawing: 1s72ms = 1.072571039199829 s
> Success: True
==> Done!
