==> Creating result directory ...
==> Loading test settings ...
==> Deciding torch device ...
==> torch device:  cuda
==> Building cbf neural network ...
==> Lipschitz constant of CBF network: 4.000000
==> Hessian bound of CBF network: 17.420848
==> Third order elementwise bound of CBF network: 128.000000
==> Number of subregions: 4
==> Subregion 0000000001 / 0000000004: 
==> [[-3.14 -5.  ], [-2.618  5.   ]]
> Iteration 00 | Bound: [-0.019256, 20.007973] | l2 radius: 5.01E+00 | Size: 1.00E+00 | Time: 70ms
> Iteration 01 | Bound: [-0.026557, 10.027792] | l2 radius: 2.51E+00 | Size: 2.00E+00 | Time: 75ms
> Iteration 02 | Bound: [-0.022590, 5.085241] | l2 radius: 1.28E+00 | Size: 4.00E+00 | Time: 77ms
> Iteration 03 | Bound: [-0.020312, 2.688920] | l2 radius: 6.77E-01 | Size: 8.00E+00 | Time: 79ms
> Iteration 04 | Bound: [-0.019506, 1.438860] | l2 radius: 4.07E-01 | Size: 1.60E+01 | Time: 82ms
> Iteration 05 | Bound: [-0.019310, 0.800592] | l2 radius: 3.04E-01 | Size: 3.20E+01 | Time: 84ms
> Iteration 06 | Bound: [-0.012387, 0.248731] | l2 radius: 2.04E-01 | Size: 6.40E+01 | Time: 86ms
> Iteration 07 | Bound: [-0.012392, 0.097928] | l2 radius: 1.52E-01 | Size: 1.28E+02 | Time: 89ms
> Iteration 08 | Bound: [-0.008816, 0.026622] | l2 radius: 1.02E-01 | Size: 2.56E+02 | Time: 93ms
> Iteration 09 | Bound: [-0.008811, 0.007751] | l2 radius: 7.60E-02 | Size: 3.12E+02 | Time: 97ms
> Iteration 10 | Bound: [-0.006995, -0.001167] | l2 radius: 5.09E-02 | Size: 1.18E+02 | Time: 99ms
> No region to refine. Done!
> Time for subregion 0000000001: 99ms
> Total time up to subregion 0000000001: 99ms = 0.09997367858886719 s
==> Subregion 0000000002 / 0000000004: 
==> [[ 2.618 -5.   ], [3.14 5.  ]]
> Iteration 00 | Bound: [-0.019581, 20.007648] | l2 radius: 5.01E+00 | Size: 1.00E+00 | Time: 1ms
> Iteration 01 | Bound: [-0.029533, 10.024817] | l2 radius: 2.51E+00 | Size: 2.00E+00 | Time: 3ms
> Iteration 02 | Bound: [-0.023072, 5.084759] | l2 radius: 1.28E+00 | Size: 4.00E+00 | Time: 5ms
> Iteration 03 | Bound: [-0.020475, 2.688757] | l2 radius: 6.77E-01 | Size: 8.00E+00 | Time: 7ms
> Iteration 04 | Bound: [-0.019781, 1.438759] | l2 radius: 4.07E-01 | Size: 1.60E+01 | Time: 9ms
> Iteration 05 | Bound: [-0.019618, 0.800593] | l2 radius: 3.04E-01 | Size: 3.20E+01 | Time: 11ms
> Iteration 06 | Bound: [-0.012569, 0.248659] | l2 radius: 2.04E-01 | Size: 6.40E+01 | Time: 13ms
> Iteration 07 | Bound: [-0.012574, 0.097864] | l2 radius: 1.52E-01 | Size: 1.28E+02 | Time: 16ms
> Iteration 08 | Bound: [-0.008935, 0.026557] | l2 radius: 1.02E-01 | Size: 2.56E+02 | Time: 19ms
> Iteration 09 | Bound: [-0.008936, 0.007678] | l2 radius: 7.60E-02 | Size: 2.92E+02 | Time: 23ms
> Iteration 10 | Bound: [-0.007088, -0.001240] | l2 radius: 5.09E-02 | Size: 1.04E+02 | Time: 25ms
> No region to refine. Done!
> Time for subregion 0000000002: 25ms
> Total time up to subregion 0000000002: 125ms = 0.12586307525634766 s
==> Subregion 0000000003 / 0000000004: 
==> [[-2.618 -5.   ], [ 2.618 -4.   ]]
> Iteration 00 | Bound: [-0.052070, 10.609205] | l2 radius: 2.67E+00 | Size: 1.00E+00 | Time: 1ms
> Iteration 01 | Bound: [-0.027731, 5.577240] | l2 radius: 1.40E+00 | Size: 2.00E+00 | Time: 3ms
> Iteration 02 | Bound: [-0.023353, 3.271176] | l2 radius: 8.24E-01 | Size: 4.00E+00 | Time: 5ms
> Iteration 03 | Bound: [-0.024292, 2.365997] | l2 radius: 5.98E-01 | Size: 8.00E+00 | Time: 7ms
> Iteration 04 | Bound: [-0.017618, 1.467376] | l2 radius: 4.12E-01 | Size: 1.60E+01 | Time: 9ms
> Iteration 05 | Bound: [-0.017444, 0.767626] | l2 radius: 2.99E-01 | Size: 3.20E+01 | Time: 11ms
> Iteration 06 | Bound: [-0.014437, 0.251493] | l2 radius: 2.06E-01 | Size: 6.40E+01 | Time: 13ms
> Iteration 07 | Bound: [-0.014255, 0.088192] | l2 radius: 1.49E-01 | Size: 1.28E+02 | Time: 16ms
> Iteration 08 | Bound: [-0.012664, 0.022088] | l2 radius: 1.03E-01 | Size: 2.56E+02 | Time: 19ms
> Iteration 09 | Bound: [-0.012600, 0.001569] | l2 radius: 7.47E-02 | Size: 1.76E+02 | Time: 22ms
> Iteration 10 | Bound: [-0.011753, -0.006732] | l2 radius: 5.15E-02 | Size: 1.80E+01 | Time: 24ms
> No region to refine. Done!
> Time for subregion 0000000003: 24ms
> Total time up to subregion 0000000003: 150ms = 0.1507103443145752 s
==> Subregion 0000000004 / 0000000004: 
==> [[-2.618  4.   ], [2.618 5.   ]]
> Iteration 00 | Bound: [-0.053758, 10.607517] | l2 radius: 2.67E+00 | Size: 1.00E+00 | Time: 1ms
> Iteration 01 | Bound: [-0.028991, 5.575980] | l2 radius: 1.40E+00 | Size: 2.00E+00 | Time: 3ms
> Iteration 02 | Bound: [-0.025212, 3.269317] | l2 radius: 8.24E-01 | Size: 4.00E+00 | Time: 5ms
> Iteration 03 | Bound: [-0.025917, 2.364372] | l2 radius: 5.98E-01 | Size: 8.00E+00 | Time: 7ms
> Iteration 04 | Bound: [-0.018522, 1.466965] | l2 radius: 4.12E-01 | Size: 1.60E+01 | Time: 9ms
> Iteration 05 | Bound: [-0.018428, 0.767359] | l2 radius: 2.99E-01 | Size: 3.20E+01 | Time: 11ms
> Iteration 06 | Bound: [-0.015044, 0.251201] | l2 radius: 2.06E-01 | Size: 6.40E+01 | Time: 13ms
> Iteration 07 | Bound: [-0.014844, 0.087936] | l2 radius: 1.49E-01 | Size: 1.28E+02 | Time: 16ms
> Iteration 08 | Bound: [-0.013043, 0.021844] | l2 radius: 1.03E-01 | Size: 2.56E+02 | Time: 19ms
> Iteration 09 | Bound: [-0.012986, 0.001339] | l2 radius: 7.47E-02 | Size: 1.58E+02 | Time: 22ms
> Iteration 10 | Bound: [-0.012043, -0.006956] | l2 radius: 5.15E-02 | Size: 1.80E+01 | Time: 24ms
> No region to refine. Done!
> Time for subregion 0000000004: 24ms
> Total time up to subregion 0000000004: 174ms = 0.1749570369720459 s
> Total time excluding drawing: 174ms = 0.1749570369720459 s
> Success: True
==> Done!
