==> Creating result directory ...
==> Loading test settings ...
==> Deciding torch device ...
==> torch device:  cuda
==> Seeding everything ...
==> Building dynamical system ...
==> Building cbf neural network ...
==========================================================================================
Layer (type:depth-idx)                   Output Shape              Param #
==========================================================================================
LipschitzNetwork                         [1, 1]                    --
├─Sequential: 1-1                        [1, 1]                    --
│    └─SandwichFc: 2-1                   [1, 128]                  16,897
│    └─SandwichFc: 2-2                   [1, 128]                  33,025
│    └─SandwichLin: 2-3                  [1, 1]                    131
==========================================================================================
Total params: 50,053
Trainable params: 49,797
Non-trainable params: 256
Total mult-adds (M): 0.05
==========================================================================================
Input size (MB): 0.00
Forward/backward pass size (MB): 0.00
Params size (MB): 0.20
Estimated Total Size (MB): 0.20
==========================================================================================
==> Lipschitz constant of CBF network: 1.000000
==> Amount of training data:  1500
==> Creating training data ...
==> Start training ...
Epoch: 001 | Train Loss: 9.6295E-02 | CBF GN: 3.9035E+00 | Time: 111ms
Epoch: 001 | Test Loss: 9.4289E-02 | Time: 7ms
> Save at epoch 001 | Test loss 9.4289E-02
Epoch: 002 | Test Loss: 8.6150E-02 | Time: 7ms
> Save at epoch 002 | Test loss 8.6150E-02
Epoch: 003 | Test Loss: 6.6966E-02 | Time: 7ms
> Save at epoch 003 | Test loss 6.6966E-02
Epoch: 004 | Test Loss: 4.9126E-02 | Time: 7ms
> Save at epoch 004 | Test loss 4.9126E-02
Epoch: 005 | Test Loss: 5.8143E-02 | Time: 7ms
Epoch: 006 | Train Loss: 6.6217E-02 | CBF GN: 2.2583E+00 | Time: 26ms
Epoch: 006 | Test Loss: 6.3001E-02 | Time: 7ms
Epoch: 007 | Test Loss: 3.9729E-02 | Time: 7ms
> Save at epoch 007 | Test loss 3.9729E-02
Epoch: 008 | Test Loss: 4.8974E-02 | Time: 7ms
Epoch: 009 | Test Loss: 2.6695E-02 | Time: 7ms
> Save at epoch 009 | Test loss 2.6695E-02
Epoch: 010 | Test Loss: 1.9909E-02 | Time: 7ms
> Save at epoch 010 | Test loss 1.9909E-02
Epoch: 011 | Train Loss: 2.0498E-02 | CBF GN: 5.3444E-01 | Time: 25ms
Epoch: 011 | Test Loss: 1.8924E-02 | Time: 7ms
> Save at epoch 011 | Test loss 1.8924E-02
Epoch: 012 | Test Loss: 1.1370E-02 | Time: 7ms
> Save at epoch 012 | Test loss 1.1370E-02
Epoch: 013 | Test Loss: 2.6853E-02 | Time: 7ms
Epoch: 014 | Test Loss: 2.1247E-02 | Time: 7ms
Epoch: 015 | Test Loss: 1.7477E-02 | Time: 7ms
Epoch: 016 | Train Loss: 1.6955E-02 | CBF GN: 5.2465E-01 | Time: 26ms
Epoch: 016 | Test Loss: 5.5354E-03 | Time: 8ms
> Save at epoch 016 | Test loss 5.5354E-03
Epoch: 017 | Test Loss: 1.0386E-02 | Time: 7ms
Epoch: 018 | Test Loss: 4.9733E-03 | Time: 7ms
> Save at epoch 018 | Test loss 4.9733E-03
Epoch: 019 | Test Loss: 4.4697E-03 | Time: 7ms
> Save at epoch 019 | Test loss 4.4697E-03
Epoch: 020 | Test Loss: 3.2139E-03 | Time: 7ms
> Save at epoch 020 | Test loss 3.2139E-03
Epoch: 021 | Train Loss: 5.3028E-03 | CBF GN: 3.3819E-01 | Time: 25ms
Epoch: 021 | Test Loss: 2.3970E-03 | Time: 7ms
> Save at epoch 021 | Test loss 2.3970E-03
Epoch: 022 | Test Loss: 3.8523E-03 | Time: 7ms
Epoch: 023 | Test Loss: 2.9313E-03 | Time: 7ms
Epoch: 024 | Test Loss: 2.7632E-03 | Time: 7ms
Epoch: 025 | Test Loss: 1.3553E-03 | Time: 7ms
> Save at epoch 025 | Test loss 1.3553E-03
Epoch: 026 | Train Loss: 1.6958E-03 | CBF GN: 9.1173E-02 | Time: 25ms
Epoch: 026 | Test Loss: 8.9003E-04 | Time: 7ms
> Save at epoch 026 | Test loss 8.9003E-04
Epoch: 027 | Test Loss: 1.3059E-03 | Time: 7ms
Epoch: 028 | Test Loss: 9.5771E-04 | Time: 7ms
Epoch: 029 | Test Loss: 7.3074E-04 | Time: 7ms
> Save at epoch 029 | Test loss 7.3074E-04
Epoch: 030 | Test Loss: 6.7427E-04 | Time: 7ms
> Save at epoch 030 | Test loss 6.7427E-04
Epoch: 031 | Train Loss: 9.0577E-04 | CBF GN: 6.9635E-02 | Time: 26ms
Epoch: 031 | Test Loss: 8.7352E-04 | Time: 8ms
Epoch: 032 | Test Loss: 6.5437E-04 | Time: 7ms
> Save at epoch 032 | Test loss 6.5437E-04
Epoch: 033 | Test Loss: 6.5193E-04 | Time: 7ms
> Save at epoch 033 | Test loss 6.5193E-04
Epoch: 034 | Test Loss: 8.0365E-04 | Time: 7ms
Epoch: 035 | Test Loss: 6.1495E-04 | Time: 7ms
> Save at epoch 035 | Test loss 6.1495E-04
Epoch: 036 | Train Loss: 9.9190E-04 | CBF GN: 1.6453E-01 | Time: 25ms
Epoch: 036 | Test Loss: 7.4231E-04 | Time: 7ms
Epoch: 037 | Test Loss: 1.0879E-03 | Time: 7ms
Epoch: 038 | Test Loss: 8.5550E-04 | Time: 7ms
Epoch: 039 | Test Loss: 7.8655E-04 | Time: 7ms
Epoch: 040 | Test Loss: 3.2760E-04 | Time: 7ms
> Save at epoch 040 | Test loss 3.2760E-04
Epoch: 041 | Train Loss: 9.1967E-04 | CBF GN: 1.2143E-01 | Time: 25ms
Epoch: 041 | Test Loss: 3.7098E-04 | Time: 7ms
Epoch: 042 | Test Loss: 6.9042E-04 | Time: 7ms
Epoch: 043 | Test Loss: 8.3513E-04 | Time: 7ms
Epoch: 044 | Test Loss: 5.0088E-04 | Time: 7ms
Epoch: 045 | Test Loss: 3.5018E-04 | Time: 7ms
Epoch: 046 | Train Loss: 6.7395E-04 | CBF GN: 4.4658E-02 | Time: 26ms
Epoch: 046 | Test Loss: 3.4051E-04 | Time: 7ms
Epoch: 047 | Test Loss: 4.4106E-04 | Time: 7ms
Epoch: 048 | Test Loss: 5.5151E-04 | Time: 7ms
Epoch: 049 | Test Loss: 4.6823E-04 | Time: 7ms
Epoch: 050 | Test Loss: 2.5381E-04 | Time: 7ms
> Save at epoch 050 | Test loss 2.5381E-04
Epoch: 051 | Train Loss: 8.9381E-04 | CBF GN: 1.3461E-01 | Time: 25ms
Epoch: 051 | Test Loss: 5.3223E-04 | Time: 7ms
Epoch: 052 | Test Loss: 4.6869E-04 | Time: 7ms
Epoch: 053 | Test Loss: 4.8999E-04 | Time: 7ms
Epoch: 054 | Test Loss: 5.0383E-04 | Time: 35ms
Epoch: 055 | Test Loss: 3.9505E-04 | Time: 7ms
Epoch: 056 | Train Loss: 7.0078E-04 | CBF GN: 8.4857E-02 | Time: 24ms
Epoch: 056 | Test Loss: 4.1817E-04 | Time: 7ms
Epoch: 057 | Test Loss: 5.9338E-04 | Time: 7ms
Epoch: 058 | Test Loss: 5.5480E-04 | Time: 7ms
Epoch: 059 | Test Loss: 3.6069E-04 | Time: 7ms
Epoch: 060 | Test Loss: 3.0920E-04 | Time: 7ms
Epoch: 061 | Train Loss: 6.5134E-04 | CBF GN: 7.6752E-02 | Time: 25ms
Epoch: 061 | Test Loss: 2.8168E-04 | Time: 7ms
Epoch: 062 | Test Loss: 4.9856E-04 | Time: 7ms
Epoch: 063 | Test Loss: 5.3847E-04 | Time: 7ms
Epoch: 064 | Test Loss: 4.1542E-04 | Time: 7ms
Epoch: 065 | Test Loss: 4.2786E-04 | Time: 7ms
Epoch: 066 | Train Loss: 5.8861E-04 | CBF GN: 4.0283E-02 | Time: 24ms
Epoch: 066 | Test Loss: 3.8902E-04 | Time: 7ms
Epoch: 067 | Test Loss: 2.7498E-04 | Time: 7ms
Epoch: 068 | Test Loss: 4.1949E-04 | Time: 7ms
Epoch: 069 | Test Loss: 3.6569E-04 | Time: 7ms
Epoch: 070 | Test Loss: 2.6829E-04 | Time: 7ms
Epoch: 071 | Train Loss: 5.4909E-04 | CBF GN: 3.2758E-02 | Time: 25ms
Epoch: 071 | Test Loss: 3.0304E-04 | Time: 7ms
Epoch: 072 | Test Loss: 3.7810E-04 | Time: 7ms
Epoch: 073 | Test Loss: 3.4077E-04 | Time: 7ms
Epoch: 074 | Test Loss: 2.7587E-04 | Time: 7ms
Epoch: 075 | Test Loss: 3.4273E-04 | Time: 8ms
Epoch: 076 | Train Loss: 4.8521E-04 | CBF GN: 2.5814E-02 | Time: 25ms
Epoch: 076 | Test Loss: 2.5515E-04 | Time: 7ms
Epoch: 077 | Test Loss: 3.4378E-04 | Time: 7ms
Epoch: 078 | Test Loss: 3.1636E-04 | Time: 7ms
Epoch: 079 | Test Loss: 2.6996E-04 | Time: 7ms
Epoch: 080 | Test Loss: 3.3398E-04 | Time: 7ms
Epoch: 081 | Train Loss: 4.7205E-04 | CBF GN: 4.4168E-02 | Time: 25ms
Epoch: 081 | Test Loss: 2.8094E-04 | Time: 7ms
Epoch: 082 | Test Loss: 3.4397E-04 | Time: 7ms
Epoch: 083 | Test Loss: 2.9566E-04 | Time: 7ms
Epoch: 084 | Test Loss: 2.9943E-04 | Time: 7ms
Epoch: 085 | Test Loss: 3.0696E-04 | Time: 7ms
Epoch: 086 | Train Loss: 4.7044E-04 | CBF GN: 2.0887E-02 | Time: 25ms
Epoch: 086 | Test Loss: 3.1603E-04 | Time: 7ms
Epoch: 087 | Test Loss: 2.6832E-04 | Time: 7ms
Epoch: 088 | Test Loss: 2.8007E-04 | Time: 7ms
Epoch: 089 | Test Loss: 3.0101E-04 | Time: 7ms
Epoch: 090 | Test Loss: 2.6868E-04 | Time: 7ms
Epoch: 091 | Train Loss: 4.5056E-04 | CBF GN: 3.9666E-02 | Time: 25ms
Epoch: 091 | Test Loss: 2.9358E-04 | Time: 7ms
Epoch: 092 | Test Loss: 2.9916E-04 | Time: 7ms
Epoch: 093 | Test Loss: 2.9060E-04 | Time: 7ms
Epoch: 094 | Test Loss: 2.8143E-04 | Time: 7ms
Epoch: 095 | Test Loss: 2.8787E-04 | Time: 7ms
Epoch: 096 | Train Loss: 4.4328E-04 | CBF GN: 3.0668E-02 | Time: 24ms
Epoch: 096 | Test Loss: 2.8773E-04 | Time: 7ms
Epoch: 097 | Test Loss: 2.8510E-04 | Time: 7ms
Epoch: 098 | Test Loss: 2.8810E-04 | Time: 7ms
Epoch: 099 | Test Loss: 2.8432E-04 | Time: 7ms
Epoch: 100 | Test Loss: 2.8115E-04 | Time: 7ms
Total time: 3s453ms
==> Visualizing training and test losses ...
==> Computing the smoothness constants ...
> Lipschitz constant of CBF network: 1.000000
> Hessian bound of CBF network: 4.355212
==> Saving the training results ...
==> Visualizing the CBF function and feasibility condition ...
==> Checking the safe and unsafe set ...
> Safe set percentage: 0.5305
> Unsafe set percentage: 0.9966
> Feasibility percentage: 0.9684
> Success:  False
==> Saving the feasibility results ...
==> Visualizing the CBF function and stability condition ...
==> Visualizing the feasibility condition ...
==> Done!
