==> Creating result directory ...
==> Loading test settings ...
==> Deciding torch device ...
==> torch device:  cuda
==> Seeding everything ...
==> Building dynamical system ...
==> Building CBF neural network ...
==========================================================================================
Layer (type:depth-idx)                   Output Shape              Param #
==========================================================================================
LipschitzNetwork                         [1, 1]                    --
├─Sequential: 1-1                        [1, 1]                    --
│    └─SandwichFc: 2-1                   [1, 128]                  16,897
│    └─SandwichLin: 2-2                  [1, 1]                    131
==========================================================================================
Total params: 17,028
Trainable params: 16,900
Non-trainable params: 128
Total mult-adds (M): 0.02
==========================================================================================
Input size (MB): 0.00
Forward/backward pass size (MB): 0.00
Params size (MB): 0.07
Estimated Total Size (MB): 0.07
==========================================================================================
==> Lipschitz constant of CBF network: 2.000000
==> Amount of training data:  6000
==> Creating training data ...
==> Start training ...
Epoch: 001 | Train Loss: 5.8049E-02 | CBF GN: 7.5774E+00 | Time: 169ms
Epoch: 001 | Test Loss: 5.2017E-02 | Time: 23ms
> Save at epoch 001 | Test loss 5.2017E-02
Epoch: 002 | Test Loss: 2.6540E-02 | Time: 24ms
> Save at epoch 002 | Test loss 2.6540E-02
Epoch: 003 | Test Loss: 7.6337E-03 | Time: 23ms
> Save at epoch 003 | Test loss 7.6337E-03
Epoch: 004 | Test Loss: 4.2099E-03 | Time: 23ms
> Save at epoch 004 | Test loss 4.2099E-03
Epoch: 005 | Test Loss: 1.8275E-03 | Time: 23ms
> Save at epoch 005 | Test loss 1.8275E-03
Epoch: 006 | Train Loss: 4.4940E-03 | CBF GN: 1.7083E+00 | Time: 78ms
Epoch: 006 | Test Loss: 1.9441E-03 | Time: 23ms
Epoch: 007 | Test Loss: 3.3935E-03 | Time: 23ms
Epoch: 008 | Test Loss: 1.9724E-03 | Time: 23ms
Epoch: 009 | Test Loss: 2.3574E-03 | Time: 23ms
Epoch: 010 | Test Loss: 3.6645E-03 | Time: 23ms
Epoch: 011 | Train Loss: 6.1134E-03 | CBF GN: 1.9515E+00 | Time: 79ms
Epoch: 011 | Test Loss: 2.2992E-03 | Time: 23ms
Epoch: 012 | Test Loss: 4.8671E-03 | Time: 24ms
Epoch: 013 | Test Loss: 3.1053E-03 | Time: 23ms
Epoch: 014 | Test Loss: 3.7696E-03 | Time: 24ms
Epoch: 015 | Test Loss: 4.0476E-03 | Time: 23ms
Epoch: 016 | Train Loss: 6.7260E-03 | CBF GN: 1.3428E+00 | Time: 80ms
Epoch: 016 | Test Loss: 4.4352E-03 | Time: 24ms
Epoch: 017 | Test Loss: 1.8264E-03 | Time: 24ms
> Save at epoch 017 | Test loss 1.8264E-03
Epoch: 018 | Test Loss: 8.0337E-03 | Time: 24ms
Epoch: 019 | Test Loss: 3.4394E-03 | Time: 23ms
Epoch: 020 | Test Loss: 7.5799E-03 | Time: 24ms
Epoch: 021 | Train Loss: 5.1043E-03 | CBF GN: 9.0491E-01 | Time: 80ms
Epoch: 021 | Test Loss: 5.6504E-03 | Time: 23ms
Epoch: 022 | Test Loss: 4.5591E-03 | Time: 23ms
Epoch: 023 | Test Loss: 2.8876E-03 | Time: 25ms
Epoch: 024 | Test Loss: 2.4078E-03 | Time: 23ms
Epoch: 025 | Test Loss: 4.2560E-03 | Time: 23ms
Epoch: 026 | Train Loss: 4.4067E-03 | CBF GN: 7.5405E-01 | Time: 77ms
Epoch: 026 | Test Loss: 3.5807E-03 | Time: 23ms
Epoch: 027 | Test Loss: 1.9026E-03 | Time: 23ms
Epoch: 028 | Test Loss: 9.4522E-03 | Time: 23ms
Epoch: 029 | Test Loss: 3.7292E-03 | Time: 23ms
Epoch: 030 | Test Loss: 2.7895E-03 | Time: 23ms
Epoch: 031 | Train Loss: 5.9358E-03 | CBF GN: 7.2877E-01 | Time: 78ms
Epoch: 031 | Test Loss: 3.5742E-03 | Time: 23ms
Epoch: 032 | Test Loss: 2.0534E-03 | Time: 23ms
Epoch: 033 | Test Loss: 1.9413E-03 | Time: 23ms
Epoch: 034 | Test Loss: 3.4410E-03 | Time: 23ms
Epoch: 035 | Test Loss: 1.8534E-03 | Time: 23ms
Epoch: 036 | Train Loss: 2.4635E-03 | CBF GN: 2.4437E-01 | Time: 78ms
Epoch: 036 | Test Loss: 1.2023E-03 | Time: 23ms
> Save at epoch 036 | Test loss 1.2023E-03
Epoch: 037 | Test Loss: 8.4074E-04 | Time: 24ms
> Save at epoch 037 | Test loss 8.4074E-04
Epoch: 038 | Test Loss: 7.4372E-04 | Time: 24ms
> Save at epoch 038 | Test loss 7.4372E-04
Epoch: 039 | Test Loss: 1.1139E-03 | Time: 24ms
Epoch: 040 | Test Loss: 1.0130E-03 | Time: 24ms
Epoch: 041 | Train Loss: 1.9583E-03 | CBF GN: 2.5608E-01 | Time: 78ms
Epoch: 041 | Test Loss: 1.0184E-03 | Time: 24ms
Epoch: 042 | Test Loss: 7.0864E-04 | Time: 24ms
> Save at epoch 042 | Test loss 7.0864E-04
Epoch: 043 | Test Loss: 1.1734E-03 | Time: 24ms
Epoch: 044 | Test Loss: 1.7318E-03 | Time: 24ms
Epoch: 045 | Test Loss: 1.5739E-03 | Time: 24ms
Epoch: 046 | Train Loss: 2.4593E-03 | CBF GN: 2.7918E-01 | Time: 77ms
Epoch: 046 | Test Loss: 1.4393E-03 | Time: 24ms
Epoch: 047 | Test Loss: 9.4959E-04 | Time: 24ms
Epoch: 048 | Test Loss: 7.7894E-04 | Time: 24ms
Epoch: 049 | Test Loss: 5.7689E-04 | Time: 24ms
> Save at epoch 049 | Test loss 5.7689E-04
Epoch: 050 | Test Loss: 6.9156E-04 | Time: 24ms
Epoch: 051 | Train Loss: 2.0802E-03 | CBF GN: 3.7106E-01 | Time: 77ms
Epoch: 051 | Test Loss: 7.2295E-04 | Time: 24ms
Epoch: 052 | Test Loss: 8.8100E-04 | Time: 53ms
Epoch: 053 | Test Loss: 8.7384E-04 | Time: 24ms
Epoch: 054 | Test Loss: 6.9056E-04 | Time: 24ms
Epoch: 055 | Test Loss: 5.6772E-04 | Time: 24ms
> Save at epoch 055 | Test loss 5.6772E-04
Epoch: 056 | Train Loss: 1.6060E-03 | CBF GN: 2.8347E-01 | Time: 81ms
Epoch: 056 | Test Loss: 5.8835E-04 | Time: 24ms
Epoch: 057 | Test Loss: 7.3758E-04 | Time: 24ms
Epoch: 058 | Test Loss: 6.5063E-04 | Time: 24ms
Epoch: 059 | Test Loss: 7.2624E-04 | Time: 24ms
Epoch: 060 | Test Loss: 5.2794E-04 | Time: 24ms
> Save at epoch 060 | Test loss 5.2794E-04
Epoch: 061 | Train Loss: 1.2379E-03 | CBF GN: 1.8331E-01 | Time: 79ms
Epoch: 061 | Test Loss: 5.6700E-04 | Time: 24ms
Epoch: 062 | Test Loss: 6.5513E-04 | Time: 24ms
Epoch: 063 | Test Loss: 7.2081E-04 | Time: 24ms
Epoch: 064 | Test Loss: 6.9491E-04 | Time: 24ms
Epoch: 065 | Test Loss: 5.3065E-04 | Time: 24ms
Epoch: 066 | Train Loss: 1.2941E-03 | CBF GN: 2.1988E-01 | Time: 81ms
Epoch: 066 | Test Loss: 5.2191E-04 | Time: 24ms
> Save at epoch 066 | Test loss 5.2191E-04
Epoch: 067 | Test Loss: 4.9677E-04 | Time: 24ms
> Save at epoch 067 | Test loss 4.9677E-04
Epoch: 068 | Test Loss: 4.6203E-04 | Time: 24ms
> Save at epoch 068 | Test loss 4.6203E-04
Epoch: 069 | Test Loss: 5.0751E-04 | Time: 24ms
Epoch: 070 | Test Loss: 5.7072E-04 | Time: 24ms
Epoch: 071 | Train Loss: 1.2605E-03 | CBF GN: 1.6226E-01 | Time: 81ms
Epoch: 071 | Test Loss: 4.9424E-04 | Time: 53ms
Epoch: 072 | Test Loss: 4.7109E-04 | Time: 24ms
Epoch: 073 | Test Loss: 5.3957E-04 | Time: 24ms
Epoch: 074 | Test Loss: 4.9958E-04 | Time: 24ms
Epoch: 075 | Test Loss: 4.5804E-04 | Time: 24ms
> Save at epoch 075 | Test loss 4.5804E-04
Epoch: 076 | Train Loss: 1.1568E-03 | CBF GN: 1.2909E-01 | Time: 81ms
Epoch: 076 | Test Loss: 4.1776E-04 | Time: 24ms
> Save at epoch 076 | Test loss 4.1776E-04
Epoch: 077 | Test Loss: 4.4664E-04 | Time: 24ms
Epoch: 078 | Test Loss: 5.9598E-04 | Time: 24ms
Epoch: 079 | Test Loss: 5.0919E-04 | Time: 24ms
Epoch: 080 | Test Loss: 4.8864E-04 | Time: 25ms
Epoch: 081 | Train Loss: 1.0762E-03 | CBF GN: 1.4595E-01 | Time: 81ms
Epoch: 081 | Test Loss: 4.7687E-04 | Time: 24ms
Epoch: 082 | Test Loss: 4.6995E-04 | Time: 24ms
Epoch: 083 | Test Loss: 4.8200E-04 | Time: 24ms
Epoch: 084 | Test Loss: 4.6765E-04 | Time: 24ms
Epoch: 085 | Test Loss: 4.8582E-04 | Time: 24ms
Epoch: 086 | Train Loss: 1.0493E-03 | CBF GN: 1.4403E-01 | Time: 81ms
Epoch: 086 | Test Loss: 4.5560E-04 | Time: 24ms
Epoch: 087 | Test Loss: 4.6417E-04 | Time: 24ms
Epoch: 088 | Test Loss: 4.6119E-04 | Time: 24ms
Epoch: 089 | Test Loss: 4.5031E-04 | Time: 24ms
Epoch: 090 | Test Loss: 4.6476E-04 | Time: 53ms
Epoch: 091 | Train Loss: 1.0057E-03 | CBF GN: 1.2520E-01 | Time: 81ms
Epoch: 091 | Test Loss: 4.5641E-04 | Time: 24ms
Epoch: 092 | Test Loss: 4.5305E-04 | Time: 24ms
Epoch: 093 | Test Loss: 4.5688E-04 | Time: 24ms
Epoch: 094 | Test Loss: 4.5223E-04 | Time: 24ms
Epoch: 095 | Test Loss: 4.5389E-04 | Time: 24ms
Epoch: 096 | Train Loss: 9.9586E-04 | CBF GN: 1.1061E-01 | Time: 79ms
Epoch: 096 | Test Loss: 4.5524E-04 | Time: 24ms
Epoch: 097 | Test Loss: 4.5496E-04 | Time: 24ms
Epoch: 098 | Test Loss: 4.5241E-04 | Time: 24ms
Epoch: 099 | Test Loss: 4.5621E-04 | Time: 24ms
Epoch: 100 | Test Loss: 4.5657E-04 | Time: 24ms
Total time: 10s650ms
==> Visualizing training and test losses ...
==> Computing the smoothness constants ...
> Lipschitz constant of CBF network: 2.000000
> Hessian bound of CBF network: 6.159200
==> Saving the training results ...
==> Visualizing the CBF function and feasibility condition ...
==> Checking the safe and unsafe set ...
> Safe set percentage: 0.6800
> Unsafe set percentage: 1.0000
> Feasibility percentage: 1.0000
> Success:  True
==> Saving the feasibility results ...
==> Visualizing the CBF function and stability condition ...
==> Visualizing the feasibility condition ...
==> Done!
