==> Creating result directory ...
==> Loading test settings ...
==> Deciding torch device ...
==> torch device:  cuda
==> Building dynamical system ...
==> Building cbf neural network ...
==> Lipschitz constant of CBF network: 2.000000
==> Hessian bound of CBF network: 6.159200
==> Third order elementwise bound of CBF network: 32.000000
==> Number of subregions: 1
==> Subregion 0000000001 / 0000000001: 
==> [[-3.14 -5.  ], [3.14 5.  ]]
==> Lipschitz constant of the zero order test function: 161.749387
> Iteration 00 | Bound: [-954.920837, 0.080223] | l2 radius: 5.90E+00 | Size: 1.00E+00 | Time: 69ms
> Iteration 01 | Bound: [-648.588562, 0.621159] | l2 radius: 4.01E+00 | Size: 2.00E+00 | Time: 71ms
> Iteration 02 | Bound: [-477.482819, 0.017707] | l2 radius: 2.95E+00 | Size: 4.00E+00 | Time: 73ms
> Iteration 03 | Bound: [-324.582336, 0.022517] | l2 radius: 2.01E+00 | Size: 8.00E+00 | Time: 75ms
> Iteration 04 | Bound: [-238.727448, 0.022809] | l2 radius: 1.48E+00 | Size: 1.60E+01 | Time: 77ms
> Iteration 05 | Bound: [-162.279327, 0.023101] | l2 radius: 1.00E+00 | Size: 3.20E+01 | Time: 80ms
> Iteration 06 | Bound: [-119.370789, 0.004341] | l2 radius: 7.38E-01 | Size: 6.40E+01 | Time: 82ms
> Iteration 07 | Bound: [-81.147011, 0.004206] | l2 radius: 5.02E-01 | Size: 1.28E+02 | Time: 85ms
> Iteration 08 | Bound: [-59.704361, 0.007805] | l2 radius: 3.69E-01 | Size: 2.56E+02 | Time: 96ms
> Iteration 09 | Bound: [-32.106125, 0.002717] | l2 radius: 2.51E-01 | Size: 5.12E+02 | Time: 100ms
> Iteration 10 | Bound: [-17.396029, 0.000138] | l2 radius: 1.85E-01 | Size: 1.02E+03 | Time: 106ms
> Iteration 11 | Bound: [-8.059876, 0.000112] | l2 radius: 1.25E-01 | Size: 1.73E+03 | Time: 137ms
> Iteration 12 | Bound: [-4.364195, 0.000721] | l2 radius: 9.23E-02 | Size: 2.75E+03 | Time: 154ms
> Iteration 13 | Bound: [-2.011822, 0.000716] | l2 radius: 6.27E-02 | Size: 4.57E+03 | Time: 178ms
> Iteration 14 | Bound: [-1.076705, 0.009343] | l2 radius: 4.61E-02 | Size: 8.41E+03 | Time: 240ms
> Iteration 15 | Bound: [-0.490224, 0.010969] | l2 radius: 3.14E-02 | Size: 1.60E+04 | Time: 338ms
> Iteration 16 | Bound: [-0.260167, 0.010924] | l2 radius: 2.31E-02 | Size: 2.15E+04 | Time: 473ms
> Iteration 17 | Bound: [-0.114380, 0.010924] | l2 radius: 1.57E-02 | Size: 3.03E+04 | Time: 669ms
> Iteration 18 | Bound: [-0.056863, 0.010917] | l2 radius: 1.15E-02 | Size: 4.07E+04 | Time: 906ms
> Iteration 19 | Bound: [-0.020415, 0.010917] | l2 radius: 7.84E-03 | Size: 5.47E+04 | Time: 1s237ms
> Iteration 20 | Bound: [-0.006033, 0.010916] | l2 radius: 5.77E-03 | Size: 5.23E+04 | Time: 1s554ms
> Iteration 21 | Bound: [0.003080, 0.010916] | l2 radius: 3.92E-03 | Size: 2.60E+04 | Time: 1s702ms
> No region to refine. Done!
> Time for subregion 0000000001: 1s702ms
> Total time up to subregion 0000000001: 1s702ms = 1.7028217315673828 s
> Total time excluding drawing: 1s702ms = 1.7028217315673828 s
> Success: True
==> Done!
