==> Creating result directory ...
==> Loading test settings ...
==> Deciding torch device ...
==> torch device:  cpu
==> Building cbf neural network ...
==> Lipschitz constant of CBF network: 1.000000
==> Hessian bound of CBF network: 2.177606
==> Third order elementwise bound of CBF network: 8.000000
==> Number of subregions: 4
==> Subregion 0000000001 / 0000000004: 
==> [[-3.14 -5.  ], [-2.618  5.   ]]
> Iteration 00 | Bound: [-0.118718, 4.888089] | l2 radius: 5.01E+00 | Size: 1.00E+00 | Time: 3ms
> Iteration 01 | Bound: [-0.133542, 2.380045] | l2 radius: 2.51E+00 | Size: 2.00E+00 | Time: 4ms
> Iteration 02 | Bound: [-0.127518, 1.149440] | l2 radius: 1.28E+00 | Size: 4.00E+00 | Time: 5ms
> Iteration 03 | Bound: [-0.119965, 0.466781] | l2 radius: 6.77E-01 | Size: 8.00E+00 | Time: 6ms
> Iteration 04 | Bound: [-0.118086, 0.096370] | l2 radius: 4.07E-01 | Size: 1.60E+01 | Time: 7ms
> Iteration 05 | Bound: [-0.086557, 0.018237] | l2 radius: 3.04E-01 | Size: 2.20E+01 | Time: 8ms
> Iteration 06 | Bound: [-0.051208, -0.018136] | l2 radius: 2.04E-01 | Size: 1.60E+01 | Time: 9ms
> No region to refine. Done!
> Time for subregion 0000000001: 9ms
> Total time up to subregion 0000000001: 9ms = 0.009413957595825195 s
==> Subregion 0000000002 / 0000000004: 
==> [[ 2.618 -5.   ], [3.14 5.  ]]
> Iteration 00 | Bound: [-0.127188, 4.879619] | l2 radius: 5.01E+00 | Size: 1.00E+00 | Time: 0ms
> Iteration 01 | Bound: [-0.143684, 2.369903] | l2 radius: 2.51E+00 | Size: 2.00E+00 | Time: 1ms
> Iteration 02 | Bound: [-0.136708, 1.140250] | l2 radius: 1.28E+00 | Size: 4.00E+00 | Time: 2ms
> Iteration 03 | Bound: [-0.129053, 0.461330] | l2 radius: 6.77E-01 | Size: 8.00E+00 | Time: 3ms
> Iteration 04 | Bound: [-0.127005, 0.090951] | l2 radius: 4.07E-01 | Size: 1.60E+01 | Time: 4ms
> Iteration 05 | Bound: [-0.092253, 0.012597] | l2 radius: 3.04E-01 | Size: 2.20E+01 | Time: 5ms
> Iteration 06 | Bound: [-0.056917, -0.023884] | l2 radius: 2.04E-01 | Size: 1.40E+01 | Time: 6ms
> No region to refine. Done!
> Time for subregion 0000000002: 7ms
> Total time up to subregion 0000000002: 16ms = 0.016436100006103516 s
==> Subregion 0000000003 / 0000000004: 
==> [[-2.618 -5.   ], [ 2.618 -4.   ]]
> Iteration 00 | Bound: [-0.289444, 2.375875] | l2 radius: 2.67E+00 | Size: 1.00E+00 | Time: 1ms
> Iteration 01 | Bound: [-0.166532, 1.234711] | l2 radius: 1.40E+00 | Size: 2.00E+00 | Time: 2ms
> Iteration 02 | Bound: [-0.129591, 0.683134] | l2 radius: 8.24E-01 | Size: 4.00E+00 | Time: 4ms
> Iteration 03 | Bound: [-0.126653, 0.332731] | l2 radius: 5.98E-01 | Size: 8.00E+00 | Time: 5ms
> Iteration 04 | Bound: [-0.106165, 0.079853] | l2 radius: 4.12E-01 | Size: 1.60E+01 | Time: 7ms
> Iteration 05 | Bound: [-0.102386, -0.013546] | l2 radius: 2.99E-01 | Size: 1.00E+01 | Time: 8ms
> No region to refine. Done!
> Time for subregion 0000000003: 8ms
> Total time up to subregion 0000000003: 25ms = 0.025048255920410156 s
==> Subregion 0000000004 / 0000000004: 
==> [[-2.618  4.   ], [2.618 5.   ]]
> Iteration 00 | Bound: [-0.309604, 2.355715] | l2 radius: 2.67E+00 | Size: 1.00E+00 | Time: 1ms
> Iteration 01 | Bound: [-0.176396, 1.224847] | l2 radius: 1.40E+00 | Size: 2.00E+00 | Time: 3ms
> Iteration 02 | Bound: [-0.133630, 0.690002] | l2 radius: 8.24E-01 | Size: 4.00E+00 | Time: 4ms
> Iteration 03 | Bound: [-0.129970, 0.343793] | l2 radius: 5.98E-01 | Size: 8.00E+00 | Time: 6ms
> Iteration 04 | Bound: [-0.104954, 0.090682] | l2 radius: 4.12E-01 | Size: 1.60E+01 | Time: 7ms
> Iteration 05 | Bound: [-0.100844, -0.004912] | l2 radius: 2.99E-01 | Size: 1.00E+01 | Time: 9ms
> No region to refine. Done!
> Time for subregion 0000000004: 9ms
> Total time up to subregion 0000000004: 34ms = 0.0341029167175293 s
> Total time excluding drawing: 34ms = 0.0341029167175293 s
> Success: True
==> Done!
