==> Creating result directory ...
==> Loading test settings ...
==> Deciding torch device ...
==> torch device:  cuda
==> Building dynamical system ...
==> Building cbf neural network ...
==> Lipschitz constant of CBF network: 1.000000
==> Hessian bound of CBF network: 4.355212
==> Third order elementwise bound of CBF network: 30.225904
==> Number of subregions: 16
==> Subregion 0000000001 / 0000000016: 
==> [[-2. -2. -1. -1.], [0. 0. 0. 0.]]
==> Lipschitz constant of the zero order test function: 10.272016
> Iteration 00 | Bound: [-15.930781, 0.310702] | l2 radius: 1.58E+00 | Size: 1.00E+00 | Time: 64ms
> Iteration 01 | Bound: [-13.490970, 0.097631] | l2 radius: 1.32E+00 | Size: 2.00E+00 | Time: 66ms
> Iteration 02 | Bound: [-10.187633, 0.084384] | l2 radius: 1.00E+00 | Size: 4.00E+00 | Time: 69ms
> Iteration 03 | Bound: [-9.222937, 0.036134] | l2 radius: 9.01E-01 | Size: 8.00E+00 | Time: 72ms
> Iteration 04 | Bound: [-8.093184, 0.027558] | l2 radius: 7.91E-01 | Size: 1.60E+01 | Time: 77ms
> Iteration 05 | Bound: [-6.766581, 0.027719] | l2 radius: 6.61E-01 | Size: 3.20E+01 | Time: 82ms
> Iteration 06 | Bound: [-5.117806, 0.018202] | l2 radius: 5.00E-01 | Size: 5.70E+01 | Time: 89ms
> Iteration 07 | Bound: [-4.613030, 0.016505] | l2 radius: 4.51E-01 | Size: 1.01E+02 | Time: 95ms
> Iteration 08 | Bound: [-4.045068, 0.015303] | l2 radius: 3.95E-01 | Size: 1.67E+02 | Time: 101ms
> Iteration 09 | Bound: [-3.367271, 0.029879] | l2 radius: 3.31E-01 | Size: 2.80E+02 | Time: 109ms
> Iteration 10 | Bound: [-2.457780, 0.110224] | l2 radius: 2.50E-01 | Size: 4.32E+02 | Time: 120ms
> Iteration 11 | Bound: [-2.210153, 0.104615] | l2 radius: 2.25E-01 | Size: 7.59E+02 | Time: 136ms
> Iteration 12 | Bound: [-1.891157, 0.139028] | l2 radius: 1.98E-01 | Size: 1.36E+03 | Time: 177ms
> Iteration 13 | Bound: [-1.568708, 0.129867] | l2 radius: 1.65E-01 | Size: 2.48E+03 | Time: 219ms
> Iteration 14 | Bound: [-0.966092, 0.151647] | l2 radius: 1.25E-01 | Size: 4.14E+03 | Time: 291ms
> Iteration 15 | Bound: [-0.754308, 0.160134] | l2 radius: 1.13E-01 | Size: 7.47E+03 | Time: 389ms
> Iteration 16 | Bound: [-0.544612, 0.169724] | l2 radius: 9.88E-02 | Size: 1.42E+04 | Time: 540ms
> Iteration 17 | Bound: [-0.343189, 0.154145] | l2 radius: 8.27E-02 | Size: 1.88E+04 | Time: 868ms
> Iteration 18 | Bound: [-0.132164, 0.163251] | l2 radius: 6.25E-02 | Size: 1.77E+04 | Time: 1s57ms
> Iteration 19 | Bound: [-0.078883, 0.165685] | l2 radius: 5.63E-02 | Size: 9.25E+03 | Time: 1s158ms
> Iteration 20 | Bound: [-0.024296, 0.171097] | l2 radius: 4.94E-02 | Size: 5.83E+03 | Time: 1s230ms
> Iteration 21 | Bound: [0.024348, 0.160080] | l2 radius: 4.13E-02 | Size: 6.72E+02 | Time: 1s237ms
> No region to refine. Done!
> Time for subregion 0000000001: 1s237ms
> Total time up to subregion 0000000001: 1s237ms = 1.2379636764526367 s
==> Subregion 0000000002 / 0000000016: 
==> [[ 0. -2. -1. -1.], [2. 0. 0. 0.]]
==> Lipschitz constant of the zero order test function: 10.272016
> Iteration 00 | Bound: [-15.962594, 0.278889] | l2 radius: 1.58E+00 | Size: 1.00E+00 | Time: 0ms
> Iteration 01 | Bound: [-13.468836, 0.119764] | l2 radius: 1.32E+00 | Size: 2.00E+00 | Time: 2ms
> Iteration 02 | Bound: [-10.155559, 0.116458] | l2 radius: 1.00E+00 | Size: 4.00E+00 | Time: 4ms
> Iteration 03 | Bound: [-9.201841, 0.057229] | l2 radius: 9.01E-01 | Size: 8.00E+00 | Time: 5ms
> Iteration 04 | Bound: [-8.068187, 0.052555] | l2 radius: 7.91E-01 | Size: 1.60E+01 | Time: 7ms
> Iteration 05 | Bound: [-6.746893, 0.047407] | l2 radius: 6.61E-01 | Size: 3.20E+01 | Time: 9ms
> Iteration 06 | Bound: [-5.094059, 0.041949] | l2 radius: 5.00E-01 | Size: 6.10E+01 | Time: 10ms
> Iteration 07 | Bound: [-4.597883, 0.031652] | l2 radius: 4.51E-01 | Size: 1.20E+02 | Time: 13ms
> Iteration 08 | Bound: [-4.030799, 0.029571] | l2 radius: 3.95E-01 | Size: 2.22E+02 | Time: 16ms
> Iteration 09 | Bound: [-3.360662, 0.036489] | l2 radius: 3.31E-01 | Size: 3.88E+02 | Time: 21ms
> Iteration 10 | Bound: [-2.503529, 0.064476] | l2 radius: 2.50E-01 | Size: 6.64E+02 | Time: 28ms
> Iteration 11 | Bound: [-2.231003, 0.083765] | l2 radius: 2.25E-01 | Size: 1.24E+03 | Time: 41ms
> Iteration 12 | Bound: [-1.942239, 0.087946] | l2 radius: 1.98E-01 | Size: 2.34E+03 | Time: 63ms
> Iteration 13 | Bound: [-1.591770, 0.106805] | l2 radius: 1.65E-01 | Size: 4.23E+03 | Time: 102ms
> Iteration 14 | Bound: [-0.957243, 0.105170] | l2 radius: 1.25E-01 | Size: 7.75E+03 | Time: 191ms
> Iteration 15 | Bound: [-0.751160, 0.111668] | l2 radius: 1.13E-01 | Size: 1.47E+04 | Time: 357ms
> Iteration 16 | Bound: [-0.546752, 0.120877] | l2 radius: 9.88E-02 | Size: 2.89E+04 | Time: 655ms
> Iteration 17 | Bound: [-0.350567, 0.121677] | l2 radius: 8.27E-02 | Size: 5.46E+04 | Time: 1s240ms
> Iteration 18 | Bound: [-0.153189, 0.120662] | l2 radius: 6.25E-02 | Size: 8.49E+04 | Time: 2s102ms
> Iteration 19 | Bound: [-0.098586, 0.123820] | l2 radius: 5.63E-02 | Size: 1.59E+04 | Time: 2s285ms
> Iteration 20 | Bound: [-0.048135, 0.124851] | l2 radius: 4.94E-02 | Size: 5.59E+03 | Time: 2s337ms
> Iteration 21 | Bound: [0.000550, 0.123708] | l2 radius: 4.13E-02 | Size: 1.06E+03 | Time: 2s349ms
> No region to refine. Done!
> Time for subregion 0000000002: 2s349ms
> Total time up to subregion 0000000002: 3s587ms = 3.587379217147827 s
==> Subregion 0000000003 / 0000000016: 
==> [[-2.  0. -1. -1.], [0. 2. 0. 0.]]
==> Lipschitz constant of the zero order test function: 10.272016
> Iteration 00 | Bound: [-15.824896, 0.416588] | l2 radius: 1.58E+00 | Size: 1.00E+00 | Time: 1ms
> Iteration 01 | Bound: [-13.264935, 0.323664] | l2 radius: 1.32E+00 | Size: 2.00E+00 | Time: 2ms
> Iteration 02 | Bound: [-10.053182, 0.218835] | l2 radius: 1.00E+00 | Size: 4.00E+00 | Time: 4ms
> Iteration 03 | Bound: [-9.081690, 0.177381] | l2 radius: 9.01E-01 | Size: 8.00E+00 | Time: 6ms
> Iteration 04 | Bound: [-7.997287, 0.123455] | l2 radius: 7.91E-01 | Size: 1.60E+01 | Time: 7ms
> Iteration 05 | Bound: [-6.707203, 0.087097] | l2 radius: 6.61E-01 | Size: 3.20E+01 | Time: 9ms
> Iteration 06 | Bound: [-5.062191, 0.073817] | l2 radius: 5.00E-01 | Size: 6.40E+01 | Time: 11ms
> Iteration 07 | Bound: [-4.556708, 0.072827] | l2 radius: 4.51E-01 | Size: 1.28E+02 | Time: 13ms
> Iteration 08 | Bound: [-3.997229, 0.063142] | l2 radius: 3.95E-01 | Size: 2.51E+02 | Time: 17ms
> Iteration 09 | Bound: [-3.338083, 0.059067] | l2 radius: 3.31E-01 | Size: 4.93E+02 | Time: 22ms
> Iteration 10 | Bound: [-2.480328, 0.087676] | l2 radius: 2.50E-01 | Size: 9.14E+02 | Time: 32ms
> Iteration 11 | Bound: [-2.222006, 0.092761] | l2 radius: 2.25E-01 | Size: 1.78E+03 | Time: 49ms
> Iteration 12 | Bound: [-1.913276, 0.116910] | l2 radius: 1.98E-01 | Size: 3.40E+03 | Time: 99ms
> Iteration 13 | Bound: [-1.585576, 0.112999] | l2 radius: 1.65E-01 | Size: 6.57E+03 | Time: 160ms
> Iteration 14 | Bound: [-0.983132, 0.125263] | l2 radius: 1.25E-01 | Size: 1.23E+04 | Time: 293ms
> Iteration 15 | Bound: [-0.786223, 0.132499] | l2 radius: 1.13E-01 | Size: 2.40E+04 | Time: 540ms
> Iteration 16 | Bound: [-0.579376, 0.140005] | l2 radius: 9.88E-02 | Size: 4.67E+04 | Time: 1s49ms
> Iteration 17 | Bound: [-0.377394, 0.125976] | l2 radius: 8.27E-02 | Size: 8.69E+04 | Time: 1s947ms
> Iteration 18 | Bound: [-0.162109, 0.138542] | l2 radius: 6.25E-02 | Size: 1.06E+05 | Time: 3s70ms
> Iteration 19 | Bound: [-0.109400, 0.139172] | l2 radius: 5.63E-02 | Size: 2.58E+04 | Time: 3s359ms
> Iteration 20 | Bound: [-0.053474, 0.142773] | l2 radius: 4.94E-02 | Size: 1.20E+04 | Time: 3s490ms
> Iteration 21 | Bound: [-0.001269, 0.136569] | l2 radius: 4.13E-02 | Size: 2.29E+03 | Time: 3s513ms
> Iteration 22 | Bound: [0.054507, 0.140185] | l2 radius: 3.12E-02 | Size: 2.00E+00 | Time: 3s515ms
> No region to refine. Done!
> Time for subregion 0000000003: 3s515ms
> Total time up to subregion 0000000003: 7s102ms = 7.102656364440918 s
==> Subregion 0000000004 / 0000000016: 
==> [[ 0.  0. -1. -1.], [2. 2. 0. 0.]]
==> Lipschitz constant of the zero order test function: 10.272016
> Iteration 00 | Bound: [-15.880991, 0.360493] | l2 radius: 1.58E+00 | Size: 1.00E+00 | Time: 1ms
> Iteration 01 | Bound: [-13.305663, 0.282937] | l2 radius: 1.32E+00 | Size: 2.00E+00 | Time: 2ms
> Iteration 02 | Bound: [-10.075481, 0.196535] | l2 radius: 1.00E+00 | Size: 4.00E+00 | Time: 4ms
> Iteration 03 | Bound: [-9.099025, 0.160045] | l2 radius: 9.01E-01 | Size: 8.00E+00 | Time: 6ms
> Iteration 04 | Bound: [-8.006701, 0.114041] | l2 radius: 7.91E-01 | Size: 1.60E+01 | Time: 7ms
> Iteration 05 | Bound: [-6.679325, 0.114975] | l2 radius: 6.61E-01 | Size: 3.20E+01 | Time: 9ms
> Iteration 06 | Bound: [-5.038913, 0.097096] | l2 radius: 5.00E-01 | Size: 6.40E+01 | Time: 11ms
> Iteration 07 | Bound: [-4.536978, 0.092557] | l2 radius: 4.51E-01 | Size: 1.28E+02 | Time: 13ms
> Iteration 08 | Bound: [-3.989096, 0.071275] | l2 radius: 3.95E-01 | Size: 2.53E+02 | Time: 17ms
> Iteration 09 | Bound: [-3.325538, 0.071612] | l2 radius: 3.31E-01 | Size: 5.01E+02 | Time: 22ms
> Iteration 10 | Bound: [-2.503148, 0.064856] | l2 radius: 2.50E-01 | Size: 9.60E+02 | Time: 32ms
> Iteration 11 | Bound: [-2.244143, 0.070625] | l2 radius: 2.25E-01 | Size: 1.88E+03 | Time: 51ms
> Iteration 12 | Bound: [-1.933967, 0.096219] | l2 radius: 1.98E-01 | Size: 3.66E+03 | Time: 85ms
> Iteration 13 | Bound: [-1.599538, 0.099037] | l2 radius: 1.65E-01 | Size: 7.04E+03 | Time: 167ms
> Iteration 14 | Bound: [-0.953629, 0.108985] | l2 radius: 1.25E-01 | Size: 1.34E+04 | Time: 310ms
> Iteration 15 | Bound: [-0.754172, 0.109519] | l2 radius: 1.13E-01 | Size: 2.63E+04 | Time: 581ms
> Iteration 16 | Bound: [-0.549082, 0.118790] | l2 radius: 9.88E-02 | Size: 5.15E+04 | Time: 1s135ms
> Iteration 17 | Bound: [-0.354694, 0.117135] | l2 radius: 8.27E-02 | Size: 1.01E+05 | Time: 2s167ms
> Iteration 18 | Bound: [-0.154665, 0.119318] | l2 radius: 6.25E-02 | Size: 1.92E+05 | Time: 4s127ms
> Iteration 19 | Bound: [-0.100590, 0.122215] | l2 radius: 5.63E-02 | Size: 2.87E+04 | Time: 4s446ms
> Iteration 20 | Bound: [-0.049271, 0.123592] | l2 radius: 4.94E-02 | Size: 8.04E+03 | Time: 4s520ms
> Iteration 21 | Bound: [-0.000584, 0.122464] | l2 radius: 4.13E-02 | Size: 1.70E+03 | Time: 4s555ms
> Mesh returns no regions. Done!
> Time for subregion 0000000004: 4s556ms
> Total time up to subregion 0000000004: 11s659ms = 11.659541368484497 s
==> Subregion 0000000005 / 0000000016: 
==> [[-2. -2.  0. -1.], [0. 0. 1. 0.]]
==> Lipschitz constant of the zero order test function: 10.272016
> Iteration 00 | Bound: [-16.156019, 0.085465] | l2 radius: 1.58E+00 | Size: 1.00E+00 | Time: 1ms
> Iteration 01 | Bound: [-13.475592, 0.113008] | l2 radius: 1.32E+00 | Size: 2.00E+00 | Time: 2ms
> Iteration 02 | Bound: [-10.177765, 0.094252] | l2 radius: 1.00E+00 | Size: 4.00E+00 | Time: 4ms
> Iteration 03 | Bound: [-9.188444, 0.070626] | l2 radius: 9.01E-01 | Size: 8.00E+00 | Time: 5ms
> Iteration 04 | Bound: [-8.058349, 0.062393] | l2 radius: 7.91E-01 | Size: 1.60E+01 | Time: 7ms
> Iteration 05 | Bound: [-6.741663, 0.052637] | l2 radius: 6.61E-01 | Size: 3.20E+01 | Time: 9ms
> Iteration 06 | Bound: [-5.093091, 0.042918] | l2 radius: 5.00E-01 | Size: 6.40E+01 | Time: 11ms
> Iteration 07 | Bound: [-4.586881, 0.042654] | l2 radius: 4.51E-01 | Size: 1.28E+02 | Time: 13ms
> Iteration 08 | Bound: [-4.016068, 0.044304] | l2 radius: 3.95E-01 | Size: 2.36E+02 | Time: 16ms
> Iteration 09 | Bound: [-3.355607, 0.041543] | l2 radius: 3.31E-01 | Size: 3.93E+02 | Time: 21ms
> Iteration 10 | Bound: [-2.522390, 0.045614] | l2 radius: 2.50E-01 | Size: 5.55E+02 | Time: 28ms
> Iteration 11 | Bound: [-2.270161, 0.044606] | l2 radius: 2.25E-01 | Size: 9.64E+02 | Time: 38ms
> Iteration 12 | Bound: [-1.980428, 0.049757] | l2 radius: 1.98E-01 | Size: 1.73E+03 | Time: 55ms
> Iteration 13 | Bound: [-1.649867, 0.048708] | l2 radius: 1.65E-01 | Size: 3.02E+03 | Time: 84ms
> Iteration 14 | Bound: [-1.035726, 0.052156] | l2 radius: 1.25E-01 | Size: 5.16E+03 | Time: 149ms
> Iteration 15 | Bound: [-0.818087, 0.054277] | l2 radius: 1.13E-01 | Size: 9.41E+03 | Time: 234ms
> Iteration 16 | Bound: [-0.624031, 0.054756] | l2 radius: 9.88E-02 | Size: 1.81E+04 | Time: 425ms
> Iteration 17 | Bound: [-0.412936, 0.054474] | l2 radius: 8.27E-02 | Size: 3.39E+04 | Time: 777ms
> Iteration 18 | Bound: [-0.216288, 0.053353] | l2 radius: 6.25E-02 | Size: 6.33E+04 | Time: 1s449ms
> Iteration 19 | Bound: [-0.160011, 0.053380] | l2 radius: 5.63E-02 | Size: 1.21E+05 | Time: 2s679ms
> Iteration 20 | Bound: [-0.111509, 0.052806] | l2 radius: 4.94E-02 | Size: 2.26E+05 | Time: 5s12ms
> Iteration 21 | Bound: [-0.062616, 0.052600] | l2 radius: 4.13E-02 | Size: 3.37E+05 | Time: 8s463ms
> Iteration 22 | Bound: [-0.014025, 0.052044] | l2 radius: 3.12E-02 | Size: 2.45E+05 | Time: 10s945ms
> Iteration 23 | Bound: [-0.001933, 0.052052] | l2 radius: 2.82E-02 | Size: 6.53E+03 | Time: 11s21ms
> Iteration 24 | Bound: [0.010261, 0.051755] | l2 radius: 2.47E-02 | Size: 7.10E+01 | Time: 11s24ms
> No region to refine. Done!
> Time for subregion 0000000005: 11s24ms
> Total time up to subregion 0000000005: 22s683ms = 22.683586835861206 s
==> Subregion 0000000006 / 0000000016: 
==> [[ 0. -2.  0. -1.], [2. 0. 1. 0.]]
==> Lipschitz constant of the zero order test function: 10.272016
> Iteration 00 | Bound: [-15.856678, 0.384805] | l2 radius: 1.58E+00 | Size: 1.00E+00 | Time: 1ms
> Iteration 01 | Bound: [-13.326385, 0.262215] | l2 radius: 1.32E+00 | Size: 2.00E+00 | Time: 2ms
> Iteration 02 | Bound: [-10.046280, 0.225737] | l2 radius: 1.00E+00 | Size: 4.00E+00 | Time: 4ms
> Iteration 03 | Bound: [-9.060766, 0.198304] | l2 radius: 9.01E-01 | Size: 8.00E+00 | Time: 5ms
> Iteration 04 | Bound: [-7.940234, 0.180508] | l2 radius: 7.91E-01 | Size: 1.60E+01 | Time: 7ms
> Iteration 05 | Bound: [-6.652307, 0.141993] | l2 radius: 6.61E-01 | Size: 3.20E+01 | Time: 9ms
> Iteration 06 | Bound: [-5.039537, 0.096471] | l2 radius: 5.00E-01 | Size: 6.40E+01 | Time: 11ms
> Iteration 07 | Bound: [-4.545938, 0.083597] | l2 radius: 4.51E-01 | Size: 1.28E+02 | Time: 13ms
> Iteration 08 | Bound: [-3.977151, 0.083220] | l2 radius: 3.95E-01 | Size: 2.56E+02 | Time: 16ms
> Iteration 09 | Bound: [-3.329744, 0.067406] | l2 radius: 3.31E-01 | Size: 5.01E+02 | Time: 21ms
> Iteration 10 | Bound: [-2.487387, 0.080618] | l2 radius: 2.50E-01 | Size: 8.65E+02 | Time: 31ms
> Iteration 11 | Bound: [-2.225551, 0.089217] | l2 radius: 2.25E-01 | Size: 1.56E+03 | Time: 46ms
> Iteration 12 | Bound: [-1.938850, 0.091336] | l2 radius: 1.98E-01 | Size: 2.98E+03 | Time: 73ms
> Iteration 13 | Bound: [-1.591114, 0.107461] | l2 radius: 1.65E-01 | Size: 5.66E+03 | Time: 139ms
> Iteration 14 | Bound: [-0.981084, 0.099172] | l2 radius: 1.25E-01 | Size: 1.08E+04 | Time: 254ms
> Iteration 15 | Bound: [-0.786734, 0.103147] | l2 radius: 1.13E-01 | Size: 2.07E+04 | Time: 455ms
> Iteration 16 | Bound: [-0.584132, 0.108337] | l2 radius: 9.88E-02 | Size: 4.09E+04 | Time: 911ms
> Iteration 17 | Bound: [-0.365644, 0.111275] | l2 radius: 8.27E-02 | Size: 8.00E+04 | Time: 1s731ms
> Iteration 18 | Bound: [-0.168140, 0.106834] | l2 radius: 6.25E-02 | Size: 9.95E+04 | Time: 2s736ms
> Iteration 19 | Bound: [-0.116962, 0.109067] | l2 radius: 5.63E-02 | Size: 2.42E+04 | Time: 3s2ms
> Iteration 20 | Bound: [-0.069709, 0.110364] | l2 radius: 4.94E-02 | Size: 1.38E+04 | Time: 3s142ms
> Iteration 21 | Bound: [-0.018686, 0.111307] | l2 radius: 4.13E-02 | Size: 4.51E+03 | Time: 3s183ms
> Iteration 22 | Bound: [0.030578, 0.108850] | l2 radius: 3.12E-02 | Size: 1.44E+02 | Time: 3s186ms
> No region to refine. Done!
> Time for subregion 0000000006: 3s186ms
> Total time up to subregion 0000000006: 25s869ms = 25.869895696640015 s
==> Subregion 0000000007 / 0000000016: 
==> [[-2.  0.  0. -1.], [0. 2. 1. 0.]]
==> Lipschitz constant of the zero order test function: 10.272016
> Iteration 00 | Bound: [-15.958832, 0.282652] | l2 radius: 1.58E+00 | Size: 1.00E+00 | Time: 1ms
> Iteration 01 | Bound: [-13.329751, 0.258849] | l2 radius: 1.32E+00 | Size: 2.00E+00 | Time: 2ms
> Iteration 02 | Bound: [-10.128490, 0.143526] | l2 radius: 1.00E+00 | Size: 4.00E+00 | Time: 4ms
> Iteration 03 | Bound: [-9.115321, 0.143750] | l2 radius: 9.01E-01 | Size: 8.00E+00 | Time: 5ms
> Iteration 04 | Bound: [-8.024612, 0.096129] | l2 radius: 7.91E-01 | Size: 1.60E+01 | Time: 7ms
> Iteration 05 | Bound: [-6.705319, 0.088981] | l2 radius: 6.61E-01 | Size: 3.20E+01 | Time: 9ms
> Iteration 06 | Bound: [-5.054018, 0.081990] | l2 radius: 5.00E-01 | Size: 6.40E+01 | Time: 11ms
> Iteration 07 | Bound: [-4.548277, 0.081258] | l2 radius: 4.51E-01 | Size: 1.28E+02 | Time: 13ms
> Iteration 08 | Bound: [-3.997203, 0.063168] | l2 radius: 3.95E-01 | Size: 2.56E+02 | Time: 16ms
> Iteration 09 | Bound: [-3.333515, 0.063635] | l2 radius: 3.31E-01 | Size: 5.10E+02 | Time: 22ms
> Iteration 10 | Bound: [-2.511872, 0.056132] | l2 radius: 2.50E-01 | Size: 9.91E+02 | Time: 31ms
> Iteration 11 | Bound: [-2.259374, 0.055394] | l2 radius: 2.25E-01 | Size: 1.94E+03 | Time: 50ms
> Iteration 12 | Bound: [-1.976892, 0.053294] | l2 radius: 1.98E-01 | Size: 3.77E+03 | Time: 101ms
> Iteration 13 | Bound: [-1.649736, 0.048839] | l2 radius: 1.65E-01 | Size: 7.28E+03 | Time: 166ms
> Iteration 14 | Bound: [-1.020988, 0.049485] | l2 radius: 1.25E-01 | Size: 1.39E+04 | Time: 327ms
> Iteration 15 | Bound: [-0.827433, 0.051077] | l2 radius: 1.13E-01 | Size: 2.74E+04 | Time: 597ms
> Iteration 16 | Bound: [-0.624967, 0.055089] | l2 radius: 9.88E-02 | Size: 5.37E+04 | Time: 1s153ms
> Iteration 17 | Bound: [-0.413906, 0.054514] | l2 radius: 8.27E-02 | Size: 1.06E+05 | Time: 2s218ms
> Iteration 18 | Bound: [-0.211647, 0.055929] | l2 radius: 6.25E-02 | Size: 1.98E+05 | Time: 4s224ms
> Iteration 19 | Bound: [-0.161272, 0.056668] | l2 radius: 5.63E-02 | Size: 1.65E+05 | Time: 5s903ms
> Iteration 20 | Bound: [-0.111738, 0.059462] | l2 radius: 4.94E-02 | Size: 1.86E+05 | Time: 7s797ms
> Iteration 21 | Bound: [-0.060236, 0.057812] | l2 radius: 4.13E-02 | Size: 1.57E+05 | Time: 9s402ms
> Iteration 22 | Bound: [-0.010744, 0.058759] | l2 radius: 3.12E-02 | Size: 7.51E+04 | Time: 10s158ms
> Iteration 23 | Bound: [0.001930, 0.059001] | l2 radius: 2.82E-02 | Size: 6.30E+02 | Time: 10s165ms
> No region to refine. Done!
> Time for subregion 0000000007: 10s165ms
> Total time up to subregion 0000000007: 36s35ms = 36.03568720817566 s
==> Subregion 0000000008 / 0000000016: 
==> [[ 0.  0.  0. -1.], [2. 2. 1. 0.]]
==> Lipschitz constant of the zero order test function: 10.272016
> Iteration 00 | Bound: [-15.811776, 0.429707] | l2 radius: 1.58E+00 | Size: 1.00E+00 | Time: 0ms
> Iteration 01 | Bound: [-13.343078, 0.245523] | l2 radius: 1.32E+00 | Size: 2.00E+00 | Time: 2ms
> Iteration 02 | Bound: [-10.071589, 0.200427] | l2 radius: 1.00E+00 | Size: 4.00E+00 | Time: 4ms
> Iteration 03 | Bound: [-9.071795, 0.187275] | l2 radius: 9.01E-01 | Size: 8.00E+00 | Time: 6ms
> Iteration 04 | Bound: [-7.947846, 0.172896] | l2 radius: 7.91E-01 | Size: 1.60E+01 | Time: 7ms
> Iteration 05 | Bound: [-6.640110, 0.154190] | l2 radius: 6.61E-01 | Size: 3.20E+01 | Time: 9ms
> Iteration 06 | Bound: [-5.017320, 0.118689] | l2 radius: 5.00E-01 | Size: 6.40E+01 | Time: 11ms
> Iteration 07 | Bound: [-4.520334, 0.109201] | l2 radius: 4.51E-01 | Size: 1.28E+02 | Time: 13ms
> Iteration 08 | Bound: [-3.964693, 0.095678] | l2 radius: 3.95E-01 | Size: 2.56E+02 | Time: 16ms
> Iteration 09 | Bound: [-3.311465, 0.085685] | l2 radius: 3.31E-01 | Size: 5.12E+02 | Time: 22ms
> Iteration 10 | Bound: [-2.494014, 0.073990] | l2 radius: 2.50E-01 | Size: 1.02E+03 | Time: 32ms
> Iteration 11 | Bound: [-2.236172, 0.078595] | l2 radius: 2.25E-01 | Size: 2.01E+03 | Time: 68ms
> Iteration 12 | Bound: [-1.945810, 0.084375] | l2 radius: 1.98E-01 | Size: 3.95E+03 | Time: 103ms
> Iteration 13 | Bound: [-1.620045, 0.078530] | l2 radius: 1.65E-01 | Size: 7.75E+03 | Time: 189ms
> Iteration 14 | Bound: [-1.029504, 0.077570] | l2 radius: 1.25E-01 | Size: 1.51E+04 | Time: 339ms
> Iteration 15 | Bound: [-0.808961, 0.076137] | l2 radius: 1.13E-01 | Size: 2.98E+04 | Time: 632ms
> Iteration 16 | Bound: [-0.608805, 0.078145] | l2 radius: 9.88E-02 | Size: 5.88E+04 | Time: 1s227ms
> Iteration 17 | Bound: [-0.422563, 0.072851] | l2 radius: 8.27E-02 | Size: 1.17E+05 | Time: 2s400ms
> Iteration 18 | Bound: [-0.211259, 0.075513] | l2 radius: 6.25E-02 | Size: 1.79E+05 | Time: 4s222ms
> Iteration 19 | Bound: [-0.153629, 0.075127] | l2 radius: 5.63E-02 | Size: 9.47E+04 | Time: 5s181ms
> Iteration 20 | Bound: [-0.105283, 0.073892] | l2 radius: 4.94E-02 | Size: 7.46E+04 | Time: 5s951ms
> Iteration 21 | Bound: [-0.056925, 0.070966] | l2 radius: 4.13E-02 | Size: 4.28E+04 | Time: 6s376ms
> Iteration 22 | Bound: [-0.002031, 0.070343] | l2 radius: 3.12E-02 | Size: 7.93E+03 | Time: 6s465ms
> Iteration 23 | Bound: [0.020502, 0.085821] | l2 radius: 2.82E-02 | Size: 2.00E+00 | Time: 6s467ms
> No region to refine. Done!
> Time for subregion 0000000008: 6s467ms
> Total time up to subregion 0000000008: 42s502ms = 42.50281620025635 s
==> Subregion 0000000009 / 0000000016: 
==> [[-2. -2. -1.  0.], [0. 0. 0. 1.]]
==> Lipschitz constant of the zero order test function: 10.272016
> Iteration 00 | Bound: [-15.712846, 0.528638] | l2 radius: 1.58E+00 | Size: 1.00E+00 | Time: 1ms
> Iteration 01 | Bound: [-13.363680, 0.224921] | l2 radius: 1.32E+00 | Size: 2.00E+00 | Time: 2ms
> Iteration 02 | Bound: [-10.102693, 0.169324] | l2 radius: 1.00E+00 | Size: 4.00E+00 | Time: 4ms
> Iteration 03 | Bound: [-9.184062, 0.075008] | l2 radius: 9.01E-01 | Size: 8.00E+00 | Time: 5ms
> Iteration 04 | Bound: [-8.052594, 0.068147] | l2 radius: 7.91E-01 | Size: 1.60E+01 | Time: 7ms
> Iteration 05 | Bound: [-6.770781, 0.023519] | l2 radius: 6.61E-01 | Size: 3.20E+01 | Time: 9ms
> Iteration 06 | Bound: [-5.118252, 0.017756] | l2 radius: 5.00E-01 | Size: 6.40E+01 | Time: 11ms
> Iteration 07 | Bound: [-4.623642, 0.005893] | l2 radius: 4.51E-01 | Size: 1.28E+02 | Time: 13ms
> Iteration 08 | Bound: [-4.054764, 0.005607] | l2 radius: 3.95E-01 | Size: 2.56E+02 | Time: 16ms
> Iteration 09 | Bound: [-3.390028, 0.007122] | l2 radius: 3.31E-01 | Size: 4.58E+02 | Time: 21ms
> Iteration 10 | Bound: [-2.423258, 0.144746] | l2 radius: 2.50E-01 | Size: 6.89E+02 | Time: 30ms
> Iteration 11 | Bound: [-2.157371, 0.157397] | l2 radius: 2.25E-01 | Size: 1.26E+03 | Time: 42ms
> Iteration 12 | Bound: [-1.858711, 0.171475] | l2 radius: 1.98E-01 | Size: 2.38E+03 | Time: 65ms
> Iteration 13 | Bound: [-1.552189, 0.146386] | l2 radius: 1.65E-01 | Size: 4.46E+03 | Time: 120ms
> Iteration 14 | Bound: [-0.948169, 0.167586] | l2 radius: 1.25E-01 | Size: 8.22E+03 | Time: 196ms
> Iteration 15 | Bound: [-0.737622, 0.174193] | l2 radius: 1.13E-01 | Size: 1.57E+04 | Time: 370ms
> Iteration 16 | Bound: [-0.542354, 0.172447] | l2 radius: 9.88E-02 | Size: 2.65E+04 | Time: 633ms
> Iteration 17 | Bound: [-0.339509, 0.153991] | l2 radius: 8.27E-02 | Size: 3.37E+04 | Time: 978ms
> Iteration 18 | Bound: [-0.136804, 0.161020] | l2 radius: 6.25E-02 | Size: 3.07E+04 | Time: 1s305ms
> Iteration 19 | Bound: [-0.081245, 0.162968] | l2 radius: 5.63E-02 | Size: 8.29E+03 | Time: 1s379ms
> Iteration 20 | Bound: [-0.031886, 0.162959] | l2 radius: 4.94E-02 | Size: 4.00E+03 | Time: 1s433ms
> Iteration 21 | Bound: [0.019737, 0.153799] | l2 radius: 4.13E-02 | Size: 6.77E+02 | Time: 1s440ms
> No region to refine. Done!
> Time for subregion 0000000009: 1s440ms
> Total time up to subregion 0000000009: 43s943ms = 43.94372534751892 s
==> Subregion 0000000010 / 0000000016: 
==> [[ 0. -2. -1.  0.], [2. 0. 0. 1.]]
==> Lipschitz constant of the zero order test function: 10.272016
> Iteration 00 | Bound: [-16.072172, 0.169312] | l2 radius: 1.58E+00 | Size: 1.00E+00 | Time: 0ms
> Iteration 01 | Bound: [-13.525300, 0.063300] | l2 radius: 1.32E+00 | Size: 2.00E+00 | Time: 2ms
> Iteration 02 | Bound: [-10.214455, 0.057562] | l2 radius: 1.00E+00 | Size: 4.00E+00 | Time: 4ms
> Iteration 03 | Bound: [-9.225197, 0.033873] | l2 radius: 9.01E-01 | Size: 8.00E+00 | Time: 5ms
> Iteration 04 | Bound: [-8.091193, 0.029549] | l2 radius: 7.91E-01 | Size: 1.60E+01 | Time: 7ms
> Iteration 05 | Bound: [-6.785302, 0.008998] | l2 radius: 6.61E-01 | Size: 3.20E+01 | Time: 9ms
> Iteration 06 | Bound: [-5.128324, 0.007685] | l2 radius: 5.00E-01 | Size: 6.40E+01 | Time: 11ms
> Iteration 07 | Bound: [-4.626126, 0.003409] | l2 radius: 4.51E-01 | Size: 1.28E+02 | Time: 13ms
> Iteration 08 | Bound: [-4.056202, 0.004168] | l2 radius: 3.95E-01 | Size: 2.56E+02 | Time: 16ms
> Iteration 09 | Bound: [-3.398153, 0.001673] | l2 radius: 3.31E-01 | Size: 4.90E+02 | Time: 23ms
> Iteration 10 | Bound: [-2.553954, 0.014050] | l2 radius: 2.50E-01 | Size: 8.06E+02 | Time: 32ms
> Iteration 11 | Bound: [-2.294489, 0.020279] | l2 radius: 2.25E-01 | Size: 1.48E+03 | Time: 47ms
> Iteration 12 | Bound: [-1.994303, 0.035882] | l2 radius: 1.98E-01 | Size: 2.78E+03 | Time: 73ms
> Iteration 13 | Bound: [-1.666748, 0.031827] | l2 radius: 1.65E-01 | Size: 5.10E+03 | Time: 138ms
> Iteration 14 | Bound: [-1.002336, 0.049235] | l2 radius: 1.25E-01 | Size: 9.54E+03 | Time: 242ms
> Iteration 15 | Bound: [-0.807466, 0.044703] | l2 radius: 1.13E-01 | Size: 1.83E+04 | Time: 420ms
> Iteration 16 | Bound: [-0.609472, 0.049591] | l2 radius: 9.88E-02 | Size: 3.59E+04 | Time: 782ms
> Iteration 17 | Bound: [-0.410345, 0.050652] | l2 radius: 8.27E-02 | Size: 6.92E+04 | Time: 1s490ms
> Iteration 18 | Bound: [-0.216121, 0.050687] | l2 radius: 6.25E-02 | Size: 1.35E+05 | Time: 2s871ms
> Iteration 19 | Bound: [-0.163302, 0.052868] | l2 radius: 5.63E-02 | Size: 1.70E+05 | Time: 4s600ms
> Iteration 20 | Bound: [-0.114741, 0.052877] | l2 radius: 4.94E-02 | Size: 1.79E+05 | Time: 6s408ms
> Iteration 21 | Bound: [-0.066072, 0.051282] | l2 radius: 4.13E-02 | Size: 1.19E+05 | Time: 7s650ms
> Iteration 22 | Bound: [-0.017376, 0.051337] | l2 radius: 3.12E-02 | Size: 4.30E+04 | Time: 8s78ms
> Iteration 23 | Bound: [-0.003133, 0.052402] | l2 radius: 2.82E-02 | Size: 1.85E+03 | Time: 8s114ms
> Iteration 24 | Bound: [0.009153, 0.052561] | l2 radius: 2.47E-02 | Size: 6.70E+01 | Time: 8s116ms
> No region to refine. Done!
> Time for subregion 0000000010: 8s116ms
> Total time up to subregion 0000000010: 52s60ms = 52.06021189689636 s
==> Subregion 0000000011 / 0000000016: 
==> [[-2.  0. -1.  0.], [0. 2. 0. 1.]]
==> Lipschitz constant of the zero order test function: 10.272016
> Iteration 00 | Bound: [-15.713924, 0.527559] | l2 radius: 1.58E+00 | Size: 1.00E+00 | Time: 1ms
> Iteration 01 | Bound: [-13.193169, 0.395431] | l2 radius: 1.32E+00 | Size: 2.00E+00 | Time: 2ms
> Iteration 02 | Bound: [-9.870758, 0.401258] | l2 radius: 1.00E+00 | Size: 4.00E+00 | Time: 4ms
> Iteration 03 | Bound: [-9.001064, 0.258006] | l2 radius: 9.01E-01 | Size: 8.00E+00 | Time: 6ms
> Iteration 04 | Bound: [-7.892244, 0.228498] | l2 radius: 7.91E-01 | Size: 1.60E+01 | Time: 7ms
> Iteration 05 | Bound: [-6.611040, 0.183261] | l2 radius: 6.61E-01 | Size: 3.20E+01 | Time: 9ms
> Iteration 06 | Bound: [-5.019569, 0.116439] | l2 radius: 5.00E-01 | Size: 6.40E+01 | Time: 11ms
> Iteration 07 | Bound: [-4.526375, 0.103160] | l2 radius: 4.51E-01 | Size: 1.28E+02 | Time: 13ms
> Iteration 08 | Bound: [-3.984469, 0.075902] | l2 radius: 3.95E-01 | Size: 2.56E+02 | Time: 16ms
> Iteration 09 | Bound: [-3.331255, 0.065895] | l2 radius: 3.31E-01 | Size: 5.12E+02 | Time: 22ms
> Iteration 10 | Bound: [-2.492002, 0.076002] | l2 radius: 2.50E-01 | Size: 1.02E+03 | Time: 32ms
> Iteration 11 | Bound: [-2.202264, 0.112504] | l2 radius: 2.25E-01 | Size: 2.01E+03 | Time: 51ms
> Iteration 12 | Bound: [-1.901604, 0.128582] | l2 radius: 1.98E-01 | Size: 3.95E+03 | Time: 86ms
> Iteration 13 | Bound: [-1.573169, 0.125406] | l2 radius: 1.65E-01 | Size: 7.79E+03 | Time: 173ms
> Iteration 14 | Bound: [-0.957567, 0.149710] | l2 radius: 1.25E-01 | Size: 1.52E+04 | Time: 328ms
> Iteration 15 | Bound: [-0.754044, 0.148786] | l2 radius: 1.13E-01 | Size: 3.02E+04 | Time: 640ms
> Iteration 16 | Bound: [-0.549182, 0.161650] | l2 radius: 9.88E-02 | Size: 5.96E+04 | Time: 1s238ms
> Iteration 17 | Bound: [-0.352934, 0.147789] | l2 radius: 8.27E-02 | Size: 1.06E+05 | Time: 2s300ms
> Iteration 18 | Bound: [-0.145132, 0.153378] | l2 radius: 6.25E-02 | Size: 1.12E+05 | Time: 3s435ms
> Iteration 19 | Bound: [-0.085619, 0.153554] | l2 radius: 5.63E-02 | Size: 9.38E+03 | Time: 3s517ms
> Iteration 20 | Bound: [-0.037363, 0.157137] | l2 radius: 4.94E-02 | Size: 3.28E+03 | Time: 3s566ms
> Iteration 21 | Bound: [0.018249, 0.155200] | l2 radius: 4.13E-02 | Size: 2.23E+02 | Time: 3s570ms
> No region to refine. Done!
> Time for subregion 0000000011: 3s570ms
> Total time up to subregion 0000000011: 55s630ms = 55.63079380989075 s
==> Subregion 0000000012 / 0000000016: 
==> [[ 0.  0. -1.  0.], [2. 2. 0. 1.]]
==> Lipschitz constant of the zero order test function: 10.272016
> Iteration 00 | Bound: [-15.879933, 0.361550] | l2 radius: 1.58E+00 | Size: 1.00E+00 | Time: 1ms
> Iteration 01 | Bound: [-13.260102, 0.328498] | l2 radius: 1.32E+00 | Size: 2.00E+00 | Time: 2ms
> Iteration 02 | Bound: [-10.056273, 0.215744] | l2 radius: 1.00E+00 | Size: 4.00E+00 | Time: 4ms
> Iteration 03 | Bound: [-9.051532, 0.207538] | l2 radius: 9.01E-01 | Size: 8.00E+00 | Time: 5ms
> Iteration 04 | Bound: [-7.975483, 0.145259] | l2 radius: 7.91E-01 | Size: 1.60E+01 | Time: 7ms
> Iteration 05 | Bound: [-6.678839, 0.115461] | l2 radius: 6.61E-01 | Size: 3.20E+01 | Time: 9ms
> Iteration 06 | Bound: [-5.035348, 0.100660] | l2 radius: 5.00E-01 | Size: 6.40E+01 | Time: 11ms
> Iteration 07 | Bound: [-4.534201, 0.095335] | l2 radius: 4.51E-01 | Size: 1.28E+02 | Time: 13ms
> Iteration 08 | Bound: [-3.991762, 0.068609] | l2 radius: 3.95E-01 | Size: 2.56E+02 | Time: 16ms
> Iteration 09 | Bound: [-3.335512, 0.061638] | l2 radius: 3.31E-01 | Size: 5.12E+02 | Time: 22ms
> Iteration 10 | Bound: [-2.508877, 0.059128] | l2 radius: 2.50E-01 | Size: 1.02E+03 | Time: 32ms
> Iteration 11 | Bound: [-2.252198, 0.062570] | l2 radius: 2.25E-01 | Size: 2.03E+03 | Time: 51ms
> Iteration 12 | Bound: [-1.966131, 0.064054] | l2 radius: 1.98E-01 | Size: 4.00E+03 | Time: 87ms
> Iteration 13 | Bound: [-1.624617, 0.073958] | l2 radius: 1.65E-01 | Size: 7.86E+03 | Time: 173ms
> Iteration 14 | Bound: [-0.983484, 0.075673] | l2 radius: 1.25E-01 | Size: 1.55E+04 | Time: 328ms
> Iteration 15 | Bound: [-0.774752, 0.085086] | l2 radius: 1.13E-01 | Size: 3.06E+04 | Time: 648ms
> Iteration 16 | Bound: [-0.579483, 0.089142] | l2 radius: 9.88E-02 | Size: 6.07E+04 | Time: 1s260ms
> Iteration 17 | Bound: [-0.388338, 0.086340] | l2 radius: 8.27E-02 | Size: 1.20E+05 | Time: 2s465ms
> Iteration 18 | Bound: [-0.188161, 0.086113] | l2 radius: 6.25E-02 | Size: 2.25E+05 | Time: 4s731ms
> Iteration 19 | Bound: [-0.134421, 0.088130] | l2 radius: 5.63E-02 | Size: 6.09E+04 | Time: 5s342ms
> Iteration 20 | Bound: [-0.083483, 0.090220] | l2 radius: 4.94E-02 | Size: 4.78E+04 | Time: 5s826ms
> Iteration 21 | Bound: [-0.037525, 0.088719] | l2 radius: 4.13E-02 | Size: 2.04E+04 | Time: 6s42ms
> Iteration 22 | Bound: [0.016882, 0.088669] | l2 radius: 3.12E-02 | Size: 2.83E+03 | Time: 6s68ms
> No region to refine. Done!
> Time for subregion 0000000012: 6s68ms
> Total time up to subregion 0000000012: 1m1s = 61.69947123527527 s
==> Subregion 0000000013 / 0000000016: 
==> [[-2. -2.  0.  0.], [0. 0. 1. 1.]]
==> Lipschitz constant of the zero order test function: 10.272016
> Iteration 00 | Bound: [-16.172756, 0.068728] | l2 radius: 1.58E+00 | Size: 1.00E+00 | Time: 1ms
> Iteration 01 | Bound: [-13.525037, 0.063563] | l2 radius: 1.32E+00 | Size: 2.00E+00 | Time: 2ms
> Iteration 02 | Bound: [-10.219860, 0.052156] | l2 radius: 1.00E+00 | Size: 4.00E+00 | Time: 4ms
> Iteration 03 | Bound: [-9.209558, 0.049513] | l2 radius: 9.01E-01 | Size: 8.00E+00 | Time: 6ms
> Iteration 04 | Bound: [-8.067328, 0.053413] | l2 radius: 7.91E-01 | Size: 1.60E+01 | Time: 7ms
> Iteration 05 | Bound: [-6.761147, 0.033153] | l2 radius: 6.61E-01 | Size: 3.20E+01 | Time: 9ms
> Iteration 06 | Bound: [-5.102211, 0.033798] | l2 radius: 5.00E-01 | Size: 6.40E+01 | Time: 11ms
> Iteration 07 | Bound: [-4.603571, 0.025964] | l2 radius: 4.51E-01 | Size: 1.28E+02 | Time: 13ms
> Iteration 08 | Bound: [-4.033812, 0.026560] | l2 radius: 3.95E-01 | Size: 2.56E+02 | Time: 16ms
> Iteration 09 | Bound: [-3.379697, 0.017453] | l2 radius: 3.31E-01 | Size: 4.93E+02 | Time: 22ms
> Iteration 10 | Bound: [-2.529028, 0.038976] | l2 radius: 2.50E-01 | Size: 7.39E+02 | Time: 30ms
> Iteration 11 | Bound: [-2.273580, 0.041187] | l2 radius: 2.25E-01 | Size: 1.34E+03 | Time: 44ms
> Iteration 12 | Bound: [-1.990127, 0.040058] | l2 radius: 1.98E-01 | Size: 2.47E+03 | Time: 83ms
> Iteration 13 | Bound: [-1.657834, 0.040741] | l2 radius: 1.65E-01 | Size: 4.50E+03 | Time: 125ms
> Iteration 14 | Bound: [-1.039403, 0.049434] | l2 radius: 1.25E-01 | Size: 8.17E+03 | Time: 217ms
> Iteration 15 | Bound: [-0.838272, 0.049232] | l2 radius: 1.13E-01 | Size: 1.55E+04 | Time: 370ms
> Iteration 16 | Bound: [-0.639828, 0.048021] | l2 radius: 9.88E-02 | Size: 3.03E+04 | Time: 684ms
> Iteration 17 | Bound: [-0.423715, 0.046492] | l2 radius: 8.27E-02 | Size: 5.85E+04 | Time: 1s274ms
> Iteration 18 | Bound: [-0.224109, 0.046876] | l2 radius: 6.25E-02 | Size: 1.13E+05 | Time: 2s427ms
> Iteration 19 | Bound: [-0.172463, 0.047025] | l2 radius: 5.63E-02 | Size: 2.18E+05 | Time: 4s611ms
> Iteration 20 | Bound: [-0.121298, 0.046338] | l2 radius: 4.94E-02 | Size: 4.17E+05 | Time: 8s820ms
> Iteration 21 | Bound: [-0.069522, 0.045635] | l2 radius: 4.13E-02 | Size: 7.72E+05 | Time: 16s691ms
> Iteration 22 | Bound: [-0.020647, 0.045999] | l2 radius: 3.12E-02 | Size: 9.97E+05 | Time: 26s828ms
> Iteration 23 | Bound: [-0.008183, 0.046044] | l2 radius: 2.82E-02 | Size: 3.15E+04 | Time: 27s159ms
> Iteration 24 | Bound: [0.003945, 0.045689] | l2 radius: 2.47E-02 | Size: 3.53E+03 | Time: 27s210ms
> No region to refine. Done!
> Time for subregion 0000000013: 27s211ms
> Total time up to subregion 0000000013: 1m28s = 88.91050696372986 s
==> Subregion 0000000014 / 0000000016: 
==> [[ 0. -2.  0.  0.], [2. 0. 1. 1.]]
==> Lipschitz constant of the zero order test function: 10.272016
> Iteration 00 | Bound: [-15.882850, 0.358634] | l2 radius: 1.58E+00 | Size: 1.00E+00 | Time: 1ms
> Iteration 01 | Bound: [-13.416261, 0.172339] | l2 radius: 1.32E+00 | Size: 2.00E+00 | Time: 2ms
> Iteration 02 | Bound: [-10.094087, 0.177930] | l2 radius: 1.00E+00 | Size: 4.00E+00 | Time: 4ms
> Iteration 03 | Bound: [-9.197845, 0.061225] | l2 radius: 9.01E-01 | Size: 8.00E+00 | Time: 6ms
> Iteration 04 | Bound: [-8.063813, 0.056928] | l2 radius: 7.91E-01 | Size: 1.60E+01 | Time: 8ms
> Iteration 05 | Bound: [-6.764778, 0.029522] | l2 radius: 6.61E-01 | Size: 3.20E+01 | Time: 9ms
> Iteration 06 | Bound: [-5.099612, 0.036396] | l2 radius: 5.00E-01 | Size: 6.40E+01 | Time: 11ms
> Iteration 07 | Bound: [-4.613319, 0.016216] | l2 radius: 4.51E-01 | Size: 1.28E+02 | Time: 13ms
> Iteration 08 | Bound: [-4.043766, 0.016606] | l2 radius: 3.95E-01 | Size: 2.56E+02 | Time: 16ms
> Iteration 09 | Bound: [-3.390854, 0.006296] | l2 radius: 3.31E-01 | Size: 5.12E+02 | Time: 22ms
> Iteration 10 | Bound: [-2.550775, 0.017230] | l2 radius: 2.50E-01 | Size: 8.92E+02 | Time: 31ms
> Iteration 11 | Bound: [-2.289718, 0.025050] | l2 radius: 2.25E-01 | Size: 1.63E+03 | Time: 47ms
> Iteration 12 | Bound: [-1.997413, 0.032772] | l2 radius: 1.98E-01 | Size: 3.07E+03 | Time: 75ms
> Iteration 13 | Bound: [-1.673653, 0.024922] | l2 radius: 1.65E-01 | Size: 5.86E+03 | Time: 144ms
> Iteration 14 | Bound: [-1.048792, 0.038199] | l2 radius: 1.25E-01 | Size: 1.11E+04 | Time: 262ms
> Iteration 15 | Bound: [-0.854114, 0.034620] | l2 radius: 1.13E-01 | Size: 2.15E+04 | Time: 467ms
> Iteration 16 | Bound: [-0.651526, 0.037030] | l2 radius: 9.88E-02 | Size: 4.24E+04 | Time: 899ms
> Iteration 17 | Bound: [-0.441513, 0.041454] | l2 radius: 8.27E-02 | Size: 8.31E+04 | Time: 1s732ms
> Iteration 18 | Bound: [-0.245919, 0.040209] | l2 radius: 6.25E-02 | Size: 1.16E+05 | Time: 2s899ms
> Iteration 19 | Bound: [-0.195745, 0.042008] | l2 radius: 5.63E-02 | Size: 9.84E+04 | Time: 3s909ms
> Iteration 20 | Bound: [-0.146292, 0.041708] | l2 radius: 4.94E-02 | Size: 1.16E+05 | Time: 5s78ms
> Iteration 21 | Bound: [-0.083918, 0.041911] | l2 radius: 4.13E-02 | Size: 1.07E+05 | Time: 6s166ms
> Iteration 22 | Bound: [-0.036553, 0.041895] | l2 radius: 3.12E-02 | Size: 5.83E+04 | Time: 6s770ms
> Iteration 23 | Bound: [-0.023842, 0.042776] | l2 radius: 2.82E-02 | Size: 1.06E+04 | Time: 6s886ms
> Iteration 24 | Bound: [-0.009838, 0.042802] | l2 radius: 2.47E-02 | Size: 4.56E+03 | Time: 6s926ms
> Iteration 25 | Bound: [0.006505, 0.042406] | l2 radius: 2.07E-02 | Size: 4.58E+02 | Time: 6s932ms
> No region to refine. Done!
> Time for subregion 0000000014: 6s932ms
> Total time up to subregion 0000000014: 1m35s = 95.84309196472168 s
==> Subregion 0000000015 / 0000000016: 
==> [[-2.  0.  0.  0.], [0. 2. 1. 1.]]
==> Lipschitz constant of the zero order test function: 10.272016
> Iteration 00 | Bound: [-15.914135, 0.327349] | l2 radius: 1.58E+00 | Size: 1.00E+00 | Time: 1ms
> Iteration 01 | Bound: [-13.288681, 0.299919] | l2 radius: 1.32E+00 | Size: 2.00E+00 | Time: 2ms
> Iteration 02 | Bound: [-10.090532, 0.181484] | l2 radius: 1.00E+00 | Size: 4.00E+00 | Time: 4ms
> Iteration 03 | Bound: [-9.097907, 0.161163] | l2 radius: 9.01E-01 | Size: 8.00E+00 | Time: 5ms
> Iteration 04 | Bound: [-7.999352, 0.121389] | l2 radius: 7.91E-01 | Size: 1.60E+01 | Time: 7ms
> Iteration 05 | Bound: [-6.675560, 0.118740] | l2 radius: 6.61E-01 | Size: 3.20E+01 | Time: 9ms
> Iteration 06 | Bound: [-5.052073, 0.083935] | l2 radius: 5.00E-01 | Size: 6.40E+01 | Time: 11ms
> Iteration 07 | Bound: [-4.542687, 0.086848] | l2 radius: 4.51E-01 | Size: 1.28E+02 | Time: 13ms
> Iteration 08 | Bound: [-3.988730, 0.071640] | l2 radius: 3.95E-01 | Size: 2.56E+02 | Time: 16ms
> Iteration 09 | Bound: [-3.334597, 0.062553] | l2 radius: 3.31E-01 | Size: 5.12E+02 | Time: 22ms
> Iteration 10 | Bound: [-2.513262, 0.054743] | l2 radius: 2.50E-01 | Size: 1.02E+03 | Time: 32ms
> Iteration 11 | Bound: [-2.260288, 0.054479] | l2 radius: 2.25E-01 | Size: 2.02E+03 | Time: 67ms
> Iteration 12 | Bound: [-1.978352, 0.051833] | l2 radius: 1.98E-01 | Size: 3.97E+03 | Time: 102ms
> Iteration 13 | Bound: [-1.651453, 0.047122] | l2 radius: 1.65E-01 | Size: 7.82E+03 | Time: 188ms
> Iteration 14 | Bound: [-1.021161, 0.050507] | l2 radius: 1.25E-01 | Size: 1.53E+04 | Time: 341ms
> Iteration 15 | Bound: [-0.822488, 0.052509] | l2 radius: 1.13E-01 | Size: 3.04E+04 | Time: 644ms
> Iteration 16 | Bound: [-0.631510, 0.056754] | l2 radius: 9.88E-02 | Size: 6.01E+04 | Time: 1s267ms
> Iteration 17 | Bound: [-0.420701, 0.055816] | l2 radius: 8.27E-02 | Size: 1.19E+05 | Time: 2s466ms
> Iteration 18 | Bound: [-0.217685, 0.057126] | l2 radius: 6.25E-02 | Size: 2.10E+05 | Time: 4s586ms
> Iteration 19 | Bound: [-0.164285, 0.057655] | l2 radius: 5.63E-02 | Size: 1.55E+05 | Time: 6s161ms
> Iteration 20 | Bound: [-0.118177, 0.060623] | l2 radius: 4.94E-02 | Size: 1.89E+05 | Time: 8s91ms
> Iteration 21 | Bound: [-0.060976, 0.058410] | l2 radius: 4.13E-02 | Size: 1.83E+05 | Time: 9s902ms
> Iteration 22 | Bound: [-0.010959, 0.059281] | l2 radius: 3.12E-02 | Size: 9.75E+04 | Time: 10s902ms
> Iteration 23 | Bound: [0.002040, 0.059401] | l2 radius: 2.82E-02 | Size: 5.33E+02 | Time: 10s909ms
> No region to refine. Done!
> Time for subregion 0000000015: 10s909ms
> Total time up to subregion 0000000015: 1m46s = 106.75253295898438 s
==> Subregion 0000000016 / 0000000016: 
==> [[0. 0. 0. 0.], [2. 2. 1. 1.]]
==> Lipschitz constant of the zero order test function: 10.272016
> Iteration 00 | Bound: [-15.661366, 0.580119] | l2 radius: 1.58E+00 | Size: 1.00E+00 | Time: 0ms
> Iteration 01 | Bound: [-13.142207, 0.446393] | l2 radius: 1.32E+00 | Size: 2.00E+00 | Time: 2ms
> Iteration 02 | Bound: [-9.852817, 0.419200] | l2 radius: 1.00E+00 | Size: 4.00E+00 | Time: 4ms
> Iteration 03 | Bound: [-8.953997, 0.305074] | l2 radius: 9.01E-01 | Size: 8.00E+00 | Time: 5ms
> Iteration 04 | Bound: [-7.883221, 0.237521] | l2 radius: 7.91E-01 | Size: 1.60E+01 | Time: 7ms
> Iteration 05 | Bound: [-6.595248, 0.199053] | l2 radius: 6.61E-01 | Size: 3.20E+01 | Time: 9ms
> Iteration 06 | Bound: [-5.004580, 0.131429] | l2 radius: 5.00E-01 | Size: 6.40E+01 | Time: 11ms
> Iteration 07 | Bound: [-4.535669, 0.093866] | l2 radius: 4.51E-01 | Size: 1.28E+02 | Time: 13ms
> Iteration 08 | Bound: [-3.992016, 0.068355] | l2 radius: 3.95E-01 | Size: 2.56E+02 | Time: 16ms
> Iteration 09 | Bound: [-3.333924, 0.063226] | l2 radius: 3.31E-01 | Size: 5.12E+02 | Time: 22ms
> Iteration 10 | Bound: [-2.505912, 0.062092] | l2 radius: 2.50E-01 | Size: 1.02E+03 | Time: 32ms
> Iteration 11 | Bound: [-2.250621, 0.064147] | l2 radius: 2.25E-01 | Size: 2.04E+03 | Time: 51ms
> Iteration 12 | Bound: [-1.967165, 0.063021] | l2 radius: 1.98E-01 | Size: 4.02E+03 | Time: 87ms
> Iteration 13 | Bound: [-1.624378, 0.074197] | l2 radius: 1.65E-01 | Size: 7.93E+03 | Time: 177ms
> Iteration 14 | Bound: [-1.023522, 0.082321] | l2 radius: 1.25E-01 | Size: 1.56E+04 | Time: 334ms
> Iteration 15 | Bound: [-0.819075, 0.081156] | l2 radius: 1.13E-01 | Size: 3.10E+04 | Time: 652ms
> Iteration 16 | Bound: [-0.621336, 0.079165] | l2 radius: 9.88E-02 | Size: 6.15E+04 | Time: 1s270ms
> Iteration 17 | Bound: [-0.418746, 0.077952] | l2 radius: 8.27E-02 | Size: 1.16E+05 | Time: 2s451ms
> Iteration 18 | Bound: [-0.222216, 0.073659] | l2 radius: 6.25E-02 | Size: 1.24E+05 | Time: 3s715ms
> Iteration 19 | Bound: [-0.167355, 0.073395] | l2 radius: 5.63E-02 | Size: 4.84E+04 | Time: 4s204ms
> Iteration 20 | Bound: [-0.109899, 0.072111] | l2 radius: 4.94E-02 | Size: 4.69E+04 | Time: 4s679ms
> Iteration 21 | Bound: [-0.057624, 0.069196] | l2 radius: 4.13E-02 | Size: 3.35E+04 | Time: 5s21ms
> Iteration 22 | Bound: [-0.006172, 0.069456] | l2 radius: 3.12E-02 | Size: 9.86E+03 | Time: 5s127ms
> Iteration 23 | Bound: [0.011454, 0.069293] | l2 radius: 2.82E-02 | Size: 1.00E+01 | Time: 5s129ms
> No region to refine. Done!
> Time for subregion 0000000016: 5s129ms
> Total time up to subregion 0000000016: 1m51s = 111.88218307495117 s
> Total time excluding drawing: 1m51s = 111.88218307495117 s
> Success: True
==> Done!
