==> Creating result directory ...
==> Loading test settings ...
==> Deciding torch device ...
==> torch device:  cuda
==> Building cbf neural network ...
==> Lipschitz constant of CBF network: 1.000000
==> Hessian bound of CBF network: 4.355212
==> Third order elementwise bound of CBF network: 30.225904
==> Number of subregions: 1
==> Subregion 0000000001 / 0000000001: 
==> [[-0.5 -2.  -1.  -1. ], [0.5 0.  1.  1. ]]
> Iteration 00 | Bound: [-0.324738, 1.478038] | l2 radius: 1.80E+00 | Size: 1.00E+00 | Time: 69ms
> Iteration 01 | Bound: [-0.305225, 1.275914] | l2 radius: 1.58E+00 | Size: 2.00E+00 | Time: 74ms
> Iteration 02 | Bound: [-0.268153, 1.054723] | l2 radius: 1.32E+00 | Size: 4.00E+00 | Time: 76ms
> Iteration 03 | Bound: [-0.238287, 0.761713] | l2 radius: 1.00E+00 | Size: 8.00E+00 | Time: 78ms
> Iteration 04 | Bound: [-0.185709, 0.715679] | l2 radius: 9.01E-01 | Size: 1.60E+01 | Time: 79ms
> Iteration 05 | Bound: [-0.182156, 0.608414] | l2 radius: 7.91E-01 | Size: 3.20E+01 | Time: 80ms
> Iteration 06 | Bound: [-0.173688, 0.487750] | l2 radius: 6.61E-01 | Size: 6.40E+01 | Time: 82ms
> Iteration 07 | Bound: [-0.168184, 0.331816] | l2 radius: 5.00E-01 | Size: 1.28E+02 | Time: 84ms
> Iteration 08 | Bound: [-0.135601, 0.315093] | l2 radius: 4.51E-01 | Size: 2.36E+02 | Time: 86ms
> Iteration 09 | Bound: [-0.126186, 0.269099] | l2 radius: 3.95E-01 | Size: 4.56E+02 | Time: 89ms
> Iteration 10 | Bound: [-0.120552, 0.185957] | l2 radius: 3.31E-01 | Size: 8.24E+02 | Time: 95ms
> Iteration 11 | Bound: [-0.116793, 0.082063] | l2 radius: 2.50E-01 | Size: 1.24E+03 | Time: 104ms
> Iteration 12 | Bound: [-0.097841, 0.059800] | l2 radius: 2.25E-01 | Size: 6.74E+02 | Time: 108ms
> Iteration 13 | Bound: [-0.089475, 0.031969] | l2 radius: 1.98E-01 | Size: 4.20E+02 | Time: 111ms
> Iteration 14 | Bound: [-0.088431, -0.000041] | l2 radius: 1.65E-01 | Size: 1.08E+02 | Time: 113ms
> No region to refine. Done!
> Time for subregion 0000000001: 113ms
> Total time up to subregion 0000000001: 113ms = 0.11330032348632812 s
> Total time excluding drawing: 113ms = 0.11330032348632812 s
> Success: True
==> Done!
