==> Creating result directory ...
==> Loading test settings ...
==> Deciding torch device ...
==> torch device:  cuda
==> Seeding everything ...
==> Building dynamical system ...
==> Building cbf neural network ...
==========================================================================================
Layer (type:depth-idx)                   Output Shape              Param #
==========================================================================================
LipschitzNetwork                         [1, 1]                    --
├─Sequential: 1-1                        [1, 1]                    --
│    └─SandwichFc: 2-1                   [1, 128]                  17,153
│    └─SandwichFc: 2-2                   [1, 128]                  33,025
│    └─SandwichLin: 2-3                  [1, 1]                    131
==========================================================================================
Total params: 50,309
Trainable params: 50,053
Non-trainable params: 256
Total mult-adds (M): 0.05
==========================================================================================
Input size (MB): 0.00
Forward/backward pass size (MB): 0.00
Params size (MB): 0.20
Estimated Total Size (MB): 0.20
==========================================================================================
==> Lipschitz constant of CBF network: 1.000000
==> Amount of training data:  40000
==> Creating training data ...
==> Start training ...
Epoch: 001 | Train Loss: 7.8275E-01 | CBF GN: 1.0982E+01 | Time: 763ms
Epoch: 001 | Test Loss: 4.5708E-01 | Time: 158ms
> Save at epoch 001 | Test loss 4.5708E-01
Epoch: 002 | Test Loss: 2.1276E-02 | Time: 157ms
> Save at epoch 002 | Test loss 2.1276E-02
Epoch: 003 | Test Loss: 1.6252E-02 | Time: 158ms
> Save at epoch 003 | Test loss 1.6252E-02
Epoch: 004 | Test Loss: 1.1936E-02 | Time: 157ms
> Save at epoch 004 | Test loss 1.1936E-02
Epoch: 005 | Test Loss: 7.2361E-03 | Time: 183ms
> Save at epoch 005 | Test loss 7.2361E-03
Epoch: 006 | Train Loss: 1.6530E-02 | CBF GN: 3.9010E-01 | Time: 621ms
Epoch: 006 | Test Loss: 8.5439E-03 | Time: 157ms
Epoch: 007 | Test Loss: 6.3547E-03 | Time: 158ms
> Save at epoch 007 | Test loss 6.3547E-03
Epoch: 008 | Test Loss: 6.4806E-03 | Time: 183ms
Epoch: 009 | Test Loss: 7.3047E-03 | Time: 157ms
Epoch: 010 | Test Loss: 7.8854E-03 | Time: 157ms
Epoch: 011 | Train Loss: 1.3648E-02 | CBF GN: 2.6929E-01 | Time: 616ms
Epoch: 011 | Test Loss: 8.9681E-03 | Time: 183ms
Epoch: 012 | Test Loss: 8.3253E-03 | Time: 160ms
Epoch: 013 | Test Loss: 6.0019E-03 | Time: 158ms
> Save at epoch 013 | Test loss 6.0019E-03
Epoch: 014 | Test Loss: 5.3448E-03 | Time: 157ms
> Save at epoch 014 | Test loss 5.3448E-03
Epoch: 015 | Test Loss: 9.9387E-03 | Time: 157ms
Epoch: 016 | Train Loss: 1.1516E-02 | CBF GN: 2.0832E-01 | Time: 616ms
Epoch: 016 | Test Loss: 6.0473E-03 | Time: 158ms
Epoch: 017 | Test Loss: 6.8389E-03 | Time: 157ms
Epoch: 018 | Test Loss: 8.5677E-03 | Time: 158ms
Epoch: 019 | Test Loss: 6.0198E-03 | Time: 157ms
Epoch: 020 | Test Loss: 5.9470E-03 | Time: 158ms
Epoch: 021 | Train Loss: 1.1883E-02 | CBF GN: 1.9870E-01 | Time: 616ms
Epoch: 021 | Test Loss: 7.9485E-03 | Time: 158ms
Epoch: 022 | Test Loss: 6.4655E-03 | Time: 183ms
Epoch: 023 | Test Loss: 8.3688E-03 | Time: 157ms
Epoch: 024 | Test Loss: 6.2140E-03 | Time: 158ms
Epoch: 025 | Test Loss: 8.2012E-03 | Time: 183ms
Epoch: 026 | Train Loss: 1.0121E-02 | CBF GN: 1.6025E-01 | Time: 619ms
Epoch: 026 | Test Loss: 6.3316E-03 | Time: 158ms
Epoch: 027 | Test Loss: 6.9086E-03 | Time: 158ms
Epoch: 028 | Test Loss: 5.6305E-03 | Time: 158ms
Epoch: 029 | Test Loss: 8.0424E-03 | Time: 157ms
Epoch: 030 | Test Loss: 8.1132E-03 | Time: 159ms
Epoch: 031 | Train Loss: 1.1085E-02 | CBF GN: 1.7107E-01 | Time: 665ms
Epoch: 031 | Test Loss: 5.8306E-03 | Time: 160ms
Epoch: 032 | Test Loss: 3.9322E-03 | Time: 157ms
> Save at epoch 032 | Test loss 3.9322E-03
Epoch: 033 | Test Loss: 5.2216E-03 | Time: 157ms
Epoch: 034 | Test Loss: 3.7104E-03 | Time: 157ms
> Save at epoch 034 | Test loss 3.7104E-03
Epoch: 035 | Test Loss: 3.8367E-03 | Time: 158ms
Epoch: 036 | Train Loss: 1.0967E-02 | CBF GN: 1.7222E-01 | Time: 616ms
Epoch: 036 | Test Loss: 5.0203E-03 | Time: 183ms
Epoch: 037 | Test Loss: 7.1389E-03 | Time: 157ms
Epoch: 038 | Test Loss: 5.5603E-03 | Time: 157ms
Epoch: 039 | Test Loss: 6.0464E-03 | Time: 183ms
Epoch: 040 | Test Loss: 5.6795E-03 | Time: 157ms
Epoch: 041 | Train Loss: 8.8316E-03 | CBF GN: 1.3457E-01 | Time: 618ms
Epoch: 041 | Test Loss: 7.6812E-03 | Time: 157ms
Epoch: 042 | Test Loss: 4.8349E-03 | Time: 182ms
Epoch: 043 | Test Loss: 5.9484E-03 | Time: 157ms
Epoch: 044 | Test Loss: 3.7449E-03 | Time: 159ms
Epoch: 045 | Test Loss: 5.5247E-03 | Time: 173ms
Epoch: 046 | Train Loss: 9.9229E-03 | CBF GN: 1.4501E-01 | Time: 692ms
Epoch: 046 | Test Loss: 4.5093E-03 | Time: 157ms
Epoch: 047 | Test Loss: 5.1018E-03 | Time: 186ms
Epoch: 048 | Test Loss: 5.0472E-03 | Time: 176ms
Epoch: 049 | Test Loss: 6.2743E-03 | Time: 157ms
Epoch: 050 | Test Loss: 5.7986E-03 | Time: 201ms
Epoch: 051 | Train Loss: 9.4172E-03 | CBF GN: 1.3471E-01 | Time: 659ms
Epoch: 051 | Test Loss: 5.3200E-03 | Time: 158ms
Epoch: 052 | Test Loss: 5.8604E-03 | Time: 157ms
Epoch: 053 | Test Loss: 7.4190E-03 | Time: 182ms
Epoch: 054 | Test Loss: 4.3831E-03 | Time: 157ms
Epoch: 055 | Test Loss: 6.7016E-03 | Time: 169ms
Epoch: 056 | Train Loss: 8.6652E-03 | CBF GN: 1.3390E-01 | Time: 658ms
Epoch: 056 | Test Loss: 5.1598E-03 | Time: 185ms
Epoch: 057 | Test Loss: 4.5502E-03 | Time: 170ms
Epoch: 058 | Test Loss: 5.0587E-03 | Time: 168ms
Epoch: 059 | Test Loss: 5.0318E-03 | Time: 156ms
Epoch: 060 | Test Loss: 5.6151E-03 | Time: 157ms
Epoch: 061 | Train Loss: 9.0656E-03 | CBF GN: 1.4185E-01 | Time: 639ms
Epoch: 061 | Test Loss: 4.6269E-03 | Time: 179ms
Epoch: 062 | Test Loss: 5.5850E-03 | Time: 180ms
Epoch: 063 | Test Loss: 4.9892E-03 | Time: 156ms
Epoch: 064 | Test Loss: 4.7931E-03 | Time: 181ms
Epoch: 065 | Test Loss: 4.9122E-03 | Time: 156ms
Epoch: 066 | Train Loss: 8.0677E-03 | CBF GN: 1.2020E-01 | Time: 619ms
Epoch: 066 | Test Loss: 3.7497E-03 | Time: 156ms
Epoch: 067 | Test Loss: 5.9617E-03 | Time: 182ms
Epoch: 068 | Test Loss: 4.3727E-03 | Time: 157ms
Epoch: 069 | Test Loss: 5.2049E-03 | Time: 158ms
Epoch: 070 | Test Loss: 4.3950E-03 | Time: 185ms
Epoch: 071 | Train Loss: 7.6682E-03 | CBF GN: 1.1776E-01 | Time: 614ms
Epoch: 071 | Test Loss: 5.0340E-03 | Time: 157ms
Epoch: 072 | Test Loss: 4.6819E-03 | Time: 157ms
Epoch: 073 | Test Loss: 4.4093E-03 | Time: 157ms
Epoch: 074 | Test Loss: 4.0357E-03 | Time: 157ms
Epoch: 075 | Test Loss: 4.6553E-03 | Time: 157ms
Epoch: 076 | Train Loss: 7.9597E-03 | CBF GN: 1.2451E-01 | Time: 641ms
Epoch: 076 | Test Loss: 4.6178E-03 | Time: 157ms
Epoch: 077 | Test Loss: 4.3964E-03 | Time: 156ms
Epoch: 078 | Test Loss: 4.7978E-03 | Time: 157ms
Epoch: 079 | Test Loss: 5.0475E-03 | Time: 156ms
Epoch: 080 | Test Loss: 4.6655E-03 | Time: 157ms
Epoch: 081 | Train Loss: 7.2767E-03 | CBF GN: 1.2099E-01 | Time: 620ms
Epoch: 081 | Test Loss: 4.5451E-03 | Time: 183ms
Epoch: 082 | Test Loss: 4.9213E-03 | Time: 159ms
Epoch: 083 | Test Loss: 4.5086E-03 | Time: 156ms
Epoch: 084 | Test Loss: 4.2209E-03 | Time: 183ms
Epoch: 085 | Test Loss: 4.2138E-03 | Time: 157ms
Epoch: 086 | Train Loss: 6.8683E-03 | CBF GN: 1.1056E-01 | Time: 621ms
Epoch: 086 | Test Loss: 4.7456E-03 | Time: 157ms
Epoch: 087 | Test Loss: 4.6737E-03 | Time: 158ms
Epoch: 088 | Test Loss: 4.1086E-03 | Time: 157ms
Epoch: 089 | Test Loss: 4.3537E-03 | Time: 159ms
Epoch: 090 | Test Loss: 4.6671E-03 | Time: 160ms
Epoch: 091 | Train Loss: 6.6472E-03 | CBF GN: 1.0806E-01 | Time: 665ms
Epoch: 091 | Test Loss: 4.3302E-03 | Time: 158ms
Epoch: 092 | Test Loss: 4.7031E-03 | Time: 170ms
Epoch: 093 | Test Loss: 4.4837E-03 | Time: 191ms
Epoch: 094 | Test Loss: 4.4344E-03 | Time: 158ms
Epoch: 095 | Test Loss: 4.3933E-03 | Time: 185ms
Epoch: 096 | Train Loss: 6.5503E-03 | CBF GN: 1.0731E-01 | Time: 658ms
Epoch: 096 | Test Loss: 4.3414E-03 | Time: 159ms
Epoch: 097 | Test Loss: 4.3446E-03 | Time: 180ms
Epoch: 098 | Test Loss: 4.3726E-03 | Time: 186ms
Epoch: 099 | Test Loss: 4.3701E-03 | Time: 177ms
Epoch: 100 | Test Loss: 4.3639E-03 | Time: 162ms
Total time: 1m20s
==> Visualizing training and test losses ...
==> Computing the smoothness constants ...
> Lipschitz constant of CBF network: 1.000000
> Hessian bound of CBF network: 4.355212
==> Saving the training results ...
==> Visualizing the CBF function and feasibility condition ...
==> Checking the safe and unsafe set ...
> Safe set percentage: 0.7748
> Unsafe set percentage: 0.9967
> Feasibility percentage: 0.9997
> Success:  False
==> Saving the feasibility results ...
==> Visualizing the CBF function and stability condition ...
==> Visualizing the feasibility condition ...
==> Done!
