==> Creating result directory ...
==> Loading test settings ...
==> Deciding torch device ...
==> torch device:  cuda
==> Seeding everything ...
==> Building dynamical system ...
==> Building cbf neural network ...
==========================================================================================
Layer (type:depth-idx)                   Output Shape              Param #
==========================================================================================
LipschitzNetwork                         [1, 1]                    --
├─Sequential: 1-1                        [1, 1]                    --
│    └─SandwichFc: 2-1                   [1, 128]                  16,897
│    └─SandwichFc: 2-2                   [1, 128]                  33,025
│    └─SandwichFc: 2-3                   [1, 128]                  33,025
│    └─SandwichLin: 2-4                  [1, 1]                    131
==========================================================================================
Total params: 83,078
Trainable params: 82,694
Non-trainable params: 384
Total mult-adds (M): 0.08
==========================================================================================
Input size (MB): 0.00
Forward/backward pass size (MB): 0.00
Params size (MB): 0.33
Estimated Total Size (MB): 0.34
==========================================================================================
==> Lipschitz constant of CBF network: 1.000000
==> Amount of training data:  1500
==> Creating training data ...
==> Start training ...
Epoch: 001 | Train Loss: 1.3946E-01 | CBF GN: 3.7103E+00 | Time: 109ms
Epoch: 001 | Test Loss: 1.3544E-01 | Time: 8ms
> Save at epoch 001 | Test loss 1.3544E-01
Epoch: 002 | Test Loss: 5.2166E-02 | Time: 8ms
> Save at epoch 002 | Test loss 5.2166E-02
Epoch: 003 | Test Loss: 7.8518E-02 | Time: 8ms
Epoch: 004 | Test Loss: 6.5566E-02 | Time: 8ms
Epoch: 005 | Test Loss: 2.9878E-02 | Time: 8ms
> Save at epoch 005 | Test loss 2.9878E-02
Epoch: 006 | Train Loss: 3.1928E-02 | CBF GN: 9.1602E-01 | Time: 31ms
Epoch: 006 | Test Loss: 3.4514E-02 | Time: 8ms
Epoch: 007 | Test Loss: 1.6145E-02 | Time: 8ms
> Save at epoch 007 | Test loss 1.6145E-02
Epoch: 008 | Test Loss: 2.2422E-02 | Time: 8ms
Epoch: 009 | Test Loss: 1.3290E-02 | Time: 8ms
> Save at epoch 009 | Test loss 1.3290E-02
Epoch: 010 | Test Loss: 3.5086E-02 | Time: 8ms
Epoch: 011 | Train Loss: 2.6976E-02 | CBF GN: 5.5162E-01 | Time: 30ms
Epoch: 011 | Test Loss: 2.2320E-02 | Time: 8ms
Epoch: 012 | Test Loss: 2.2114E-02 | Time: 8ms
Epoch: 013 | Test Loss: 3.6872E-02 | Time: 8ms
Epoch: 014 | Test Loss: 2.3934E-02 | Time: 8ms
Epoch: 015 | Test Loss: 3.8730E-03 | Time: 8ms
> Save at epoch 015 | Test loss 3.8730E-03
Epoch: 016 | Train Loss: 5.4335E-03 | CBF GN: 2.4206E-01 | Time: 30ms
Epoch: 016 | Test Loss: 2.5819E-03 | Time: 8ms
> Save at epoch 016 | Test loss 2.5819E-03
Epoch: 017 | Test Loss: 3.6958E-03 | Time: 8ms
Epoch: 018 | Test Loss: 1.8632E-03 | Time: 8ms
> Save at epoch 018 | Test loss 1.8632E-03
Epoch: 019 | Test Loss: 4.8222E-03 | Time: 8ms
Epoch: 020 | Test Loss: 7.2471E-03 | Time: 8ms
Epoch: 021 | Train Loss: 9.8365E-03 | CBF GN: 3.4506E-01 | Time: 30ms
Epoch: 021 | Test Loss: 7.1193E-03 | Time: 8ms
Epoch: 022 | Test Loss: 1.1937E-02 | Time: 8ms
Epoch: 023 | Test Loss: 5.1574E-03 | Time: 8ms
Epoch: 024 | Test Loss: 5.8841E-03 | Time: 8ms
Epoch: 025 | Test Loss: 5.0618E-03 | Time: 8ms
Epoch: 026 | Train Loss: 4.9841E-03 | CBF GN: 1.6064E-01 | Time: 30ms
Epoch: 026 | Test Loss: 1.2922E-03 | Time: 8ms
> Save at epoch 026 | Test loss 1.2922E-03
Epoch: 027 | Test Loss: 1.7855E-03 | Time: 8ms
Epoch: 028 | Test Loss: 2.7696E-03 | Time: 8ms
Epoch: 029 | Test Loss: 1.6610E-03 | Time: 8ms
Epoch: 030 | Test Loss: 8.2645E-04 | Time: 8ms
> Save at epoch 030 | Test loss 8.2645E-04
Epoch: 031 | Train Loss: 1.2392E-03 | CBF GN: 8.6955E-02 | Time: 31ms
Epoch: 031 | Test Loss: 8.5325E-04 | Time: 8ms
Epoch: 032 | Test Loss: 9.7085E-04 | Time: 8ms
Epoch: 033 | Test Loss: 7.5827E-04 | Time: 8ms
> Save at epoch 033 | Test loss 7.5827E-04
Epoch: 034 | Test Loss: 6.6302E-04 | Time: 8ms
> Save at epoch 034 | Test loss 6.6302E-04
Epoch: 035 | Test Loss: 4.0254E-04 | Time: 8ms
> Save at epoch 035 | Test loss 4.0254E-04
Epoch: 036 | Train Loss: 7.5678E-04 | CBF GN: 6.4437E-02 | Time: 31ms
Epoch: 036 | Test Loss: 3.9526E-04 | Time: 8ms
> Save at epoch 036 | Test loss 3.9526E-04
Epoch: 037 | Test Loss: 5.5760E-04 | Time: 8ms
Epoch: 038 | Test Loss: 6.8540E-04 | Time: 8ms
Epoch: 039 | Test Loss: 5.0076E-04 | Time: 8ms
Epoch: 040 | Test Loss: 4.4568E-04 | Time: 8ms
Epoch: 041 | Train Loss: 7.4385E-04 | CBF GN: 7.9624E-02 | Time: 30ms
Epoch: 041 | Test Loss: 4.7650E-04 | Time: 8ms
Epoch: 042 | Test Loss: 7.6591E-04 | Time: 8ms
Epoch: 043 | Test Loss: 7.1696E-04 | Time: 8ms
Epoch: 044 | Test Loss: 6.6077E-04 | Time: 8ms
Epoch: 045 | Test Loss: 5.4986E-04 | Time: 8ms
Epoch: 046 | Train Loss: 7.7975E-04 | CBF GN: 8.5375E-02 | Time: 30ms
Epoch: 046 | Test Loss: 4.9771E-04 | Time: 8ms
Epoch: 047 | Test Loss: 6.1222E-04 | Time: 8ms
Epoch: 048 | Test Loss: 5.8336E-04 | Time: 8ms
Epoch: 049 | Test Loss: 5.0384E-04 | Time: 8ms
Epoch: 050 | Test Loss: 5.3708E-04 | Time: 8ms
Epoch: 051 | Train Loss: 6.7834E-04 | CBF GN: 5.3709E-02 | Time: 30ms
Epoch: 051 | Test Loss: 3.7283E-04 | Time: 8ms
> Save at epoch 051 | Test loss 3.7283E-04
Epoch: 052 | Test Loss: 4.6439E-04 | Time: 8ms
Epoch: 053 | Test Loss: 5.8618E-04 | Time: 8ms
Epoch: 054 | Test Loss: 4.9426E-04 | Time: 36ms
Epoch: 055 | Test Loss: 3.7367E-04 | Time: 8ms
Epoch: 056 | Train Loss: 4.9950E-04 | CBF GN: 4.8841E-02 | Time: 30ms
Epoch: 056 | Test Loss: 3.7086E-04 | Time: 8ms
> Save at epoch 056 | Test loss 3.7086E-04
Epoch: 057 | Test Loss: 3.0005E-04 | Time: 8ms
> Save at epoch 057 | Test loss 3.0005E-04
Epoch: 058 | Test Loss: 3.4838E-04 | Time: 8ms
Epoch: 059 | Test Loss: 4.0046E-04 | Time: 8ms
Epoch: 060 | Test Loss: 2.6131E-04 | Time: 8ms
> Save at epoch 060 | Test loss 2.6131E-04
Epoch: 061 | Train Loss: 5.2978E-04 | CBF GN: 5.7517E-02 | Time: 31ms
Epoch: 061 | Test Loss: 4.8838E-04 | Time: 8ms
Epoch: 062 | Test Loss: 3.2364E-04 | Time: 8ms
Epoch: 063 | Test Loss: 2.7868E-04 | Time: 8ms
Epoch: 064 | Test Loss: 3.5901E-04 | Time: 8ms
Epoch: 065 | Test Loss: 3.1808E-04 | Time: 8ms
Epoch: 066 | Train Loss: 4.2812E-04 | CBF GN: 2.3883E-02 | Time: 31ms
Epoch: 066 | Test Loss: 2.7705E-04 | Time: 8ms
Epoch: 067 | Test Loss: 3.6047E-04 | Time: 8ms
Epoch: 068 | Test Loss: 2.6907E-04 | Time: 8ms
Epoch: 069 | Test Loss: 3.4550E-04 | Time: 8ms
Epoch: 070 | Test Loss: 3.7621E-04 | Time: 8ms
Epoch: 071 | Train Loss: 4.9822E-04 | CBF GN: 5.1623E-02 | Time: 31ms
Epoch: 071 | Test Loss: 3.6641E-04 | Time: 8ms
Epoch: 072 | Test Loss: 2.8639E-04 | Time: 8ms
Epoch: 073 | Test Loss: 3.1177E-04 | Time: 8ms
Epoch: 074 | Test Loss: 3.9358E-04 | Time: 8ms
Epoch: 075 | Test Loss: 3.3257E-04 | Time: 8ms
Epoch: 076 | Train Loss: 4.8455E-04 | CBF GN: 4.1260E-02 | Time: 31ms
Epoch: 076 | Test Loss: 3.3418E-04 | Time: 8ms
Epoch: 077 | Test Loss: 3.9093E-04 | Time: 8ms
Epoch: 078 | Test Loss: 3.0421E-04 | Time: 8ms
Epoch: 079 | Test Loss: 4.2223E-04 | Time: 8ms
Epoch: 080 | Test Loss: 2.8953E-04 | Time: 8ms
Epoch: 081 | Train Loss: 4.2085E-04 | CBF GN: 2.5786E-02 | Time: 31ms
Epoch: 081 | Test Loss: 3.1013E-04 | Time: 8ms
Epoch: 082 | Test Loss: 2.7323E-04 | Time: 8ms
Epoch: 083 | Test Loss: 2.7197E-04 | Time: 8ms
Epoch: 084 | Test Loss: 2.8252E-04 | Time: 8ms
Epoch: 085 | Test Loss: 2.8854E-04 | Time: 8ms
Epoch: 086 | Train Loss: 3.8917E-04 | CBF GN: 2.0918E-02 | Time: 31ms
Epoch: 086 | Test Loss: 3.0953E-04 | Time: 8ms
Epoch: 087 | Test Loss: 2.5025E-04 | Time: 8ms
> Save at epoch 087 | Test loss 2.5025E-04
Epoch: 088 | Test Loss: 2.7551E-04 | Time: 8ms
Epoch: 089 | Test Loss: 2.9541E-04 | Time: 8ms
Epoch: 090 | Test Loss: 2.6982E-04 | Time: 8ms
Epoch: 091 | Train Loss: 3.7897E-04 | CBF GN: 2.4861E-02 | Time: 31ms
Epoch: 091 | Test Loss: 2.7063E-04 | Time: 8ms
Epoch: 092 | Test Loss: 2.8311E-04 | Time: 8ms
Epoch: 093 | Test Loss: 2.7638E-04 | Time: 8ms
Epoch: 094 | Test Loss: 2.7960E-04 | Time: 8ms
Epoch: 095 | Test Loss: 2.6855E-04 | Time: 8ms
Epoch: 096 | Train Loss: 3.6681E-04 | CBF GN: 2.8543E-02 | Time: 31ms
Epoch: 096 | Test Loss: 2.7578E-04 | Time: 8ms
Epoch: 097 | Test Loss: 2.7531E-04 | Time: 8ms
Epoch: 098 | Test Loss: 2.7841E-04 | Time: 8ms
Epoch: 099 | Test Loss: 2.8091E-04 | Time: 8ms
Epoch: 100 | Test Loss: 2.8011E-04 | Time: 8ms
Total time: 4s80ms
==> Visualizing training and test losses ...
==> Computing the smoothness constants ...
> Lipschitz constant of CBF network: 1.000000
> Hessian bound of CBF network: 6.532818
==> Saving the training results ...
==> Visualizing the CBF function and feasibility condition ...
==> Checking the safe and unsafe set ...
> Safe set percentage: 0.5906
> Unsafe set percentage: 1.0000
> Feasibility percentage: 0.9820
> Success:  False
==> Saving the feasibility results ...
==> Visualizing the CBF function and stability condition ...
==> Visualizing the feasibility condition ...
==> Done!
