==> Creating result directory ...
==> Loading test settings ...
==> Deciding torch device ...
==> torch device:  cpu
==> Building cbf neural network ...
==> Lipschitz constant of CBF network: 1.000000
==> Hessian bound of CBF network: 2.177606
==> Third order elementwise bound of CBF network: 8.000000
==> Number of subregions: 1
==> Subregion 0000000001 / 0000000001: 
==> [[-0.5 -2.  -1.  -1. ], [0.5 0.  1.  1. ]]
> Iteration 00 | Bound: [-0.353817, 1.448959] | l2 radius: 1.80E+00 | Size: 1.00E+00 | Time: 5ms
> Iteration 01 | Bound: [-0.344925, 1.236213] | l2 radius: 1.58E+00 | Size: 2.00E+00 | Time: 6ms
> Iteration 02 | Bound: [-0.287982, 1.034894] | l2 radius: 1.32E+00 | Size: 4.00E+00 | Time: 7ms
> Iteration 03 | Bound: [-0.246645, 0.753355] | l2 radius: 1.00E+00 | Size: 8.00E+00 | Time: 8ms
> Iteration 04 | Bound: [-0.210311, 0.691077] | l2 radius: 9.01E-01 | Size: 1.60E+01 | Time: 9ms
> Iteration 05 | Bound: [-0.201490, 0.589079] | l2 radius: 7.91E-01 | Size: 3.20E+01 | Time: 11ms
> Iteration 06 | Bound: [-0.185760, 0.422684] | l2 radius: 6.61E-01 | Size: 6.40E+01 | Time: 13ms
> Iteration 07 | Bound: [-0.165801, 0.232710] | l2 radius: 5.00E-01 | Size: 1.28E+02 | Time: 18ms
> Iteration 08 | Bound: [-0.149479, 0.194964] | l2 radius: 4.51E-01 | Size: 1.90E+02 | Time: 26ms
> Iteration 09 | Bound: [-0.135363, 0.149979] | l2 radius: 3.95E-01 | Size: 2.86E+02 | Time: 38ms
> Iteration 10 | Bound: [-0.093687, 0.096258] | l2 radius: 3.31E-01 | Size: 3.68E+02 | Time: 54ms
> Iteration 11 | Bound: [-0.044294, 0.041543] | l2 radius: 2.50E-01 | Size: 1.26E+02 | Time: 60ms
> Iteration 12 | Bound: [-0.032800, 0.029005] | l2 radius: 2.25E-01 | Size: 6.00E+00 | Time: 62ms
> Iteration 13 | Bound: [-0.022718, 0.018413] | l2 radius: 1.98E-01 | Size: 4.00E+00 | Time: 63ms
> Iteration 14 | Bound: [-0.014589, 0.009771] | l2 radius: 1.65E-01 | Size: 2.00E+00 | Time: 65ms
> Iteration 15 | Bound: [-0.008429, 0.002553] | l2 radius: 1.25E-01 | Size: 2.00E+00 | Time: 66ms
> Iteration 16 | Bound: [-0.006994, 0.000966] | l2 radius: 1.13E-01 | Size: 2.00E+00 | Time: 68ms
> Iteration 17 | Bound: [-0.005736, -0.000377] | l2 radius: 9.88E-02 | Size: 2.00E+00 | Time: 69ms
> No region to refine. Done!
> Time for subregion 0000000001: 69ms
> Total time up to subregion 0000000001: 69ms = 0.06964945793151855 s
> Total time excluding drawing: 69ms = 0.06964945793151855 s
> Success: True
==> Done!
