==> Creating result directory ...
==> Loading test settings ...
==> Deciding torch device ...
==> torch device:  cuda
==> Building dynamical system ...
==> Building cbf neural network ...
==> Lipschitz constant of CBF network: 1.000000
==> Hessian bound of CBF network: 2.177606
==> Third order elementwise bound of CBF network: 8.000000
==> Number of subregions: 16
==> Subregion 0000000001 / 0000000016: 
==> [[-2. -2. -1. -1.], [0. 0. 0. 0.]]
==> Lipschitz constant of the zero order test function: 5.886008
> Iteration 00 | Bound: [-9.133268, 0.173329] | l2 radius: 1.58E+00 | Size: 1.00E+00 | Time: 60ms
> Iteration 01 | Bound: [-7.679804, 0.106653] | l2 radius: 1.32E+00 | Size: 2.00E+00 | Time: 62ms
> Iteration 02 | Bound: [-5.786706, 0.099302] | l2 radius: 1.00E+00 | Size: 4.00E+00 | Time: 64ms
> Iteration 03 | Bound: [-5.219879, 0.085698] | l2 radius: 9.01E-01 | Size: 8.00E+00 | Time: 66ms
> Iteration 04 | Bound: [-4.566689, 0.086610] | l2 radius: 7.91E-01 | Size: 1.60E+01 | Time: 68ms
> Iteration 05 | Bound: [-3.830341, 0.062887] | l2 radius: 6.61E-01 | Size: 3.20E+01 | Time: 70ms
> Iteration 06 | Bound: [-2.890684, 0.052320] | l2 radius: 5.00E-01 | Size: 6.40E+01 | Time: 72ms
> Iteration 07 | Bound: [-2.605718, 0.047070] | l2 radius: 4.51E-01 | Size: 1.28E+02 | Time: 76ms
> Iteration 08 | Bound: [-2.280619, 0.046030] | l2 radius: 3.95E-01 | Size: 2.40E+02 | Time: 82ms
> Iteration 09 | Bound: [-1.895413, 0.051201] | l2 radius: 3.31E-01 | Size: 4.05E+02 | Time: 90ms
> Iteration 10 | Bound: [-1.175457, 0.069218] | l2 radius: 2.50E-01 | Size: 6.94E+02 | Time: 102ms
> Iteration 11 | Bound: [-0.945676, 0.064970] | l2 radius: 2.25E-01 | Size: 1.30E+03 | Time: 149ms
> Iteration 12 | Bound: [-0.725945, 0.071184] | l2 radius: 1.98E-01 | Size: 2.48E+03 | Time: 169ms
> Iteration 13 | Bound: [-0.489421, 0.072202] | l2 radius: 1.65E-01 | Size: 4.78E+03 | Time: 195ms
> Iteration 14 | Bound: [-0.243137, 0.071305] | l2 radius: 1.25E-01 | Size: 9.11E+03 | Time: 269ms
> Iteration 15 | Bound: [-0.188059, 0.073055] | l2 radius: 1.13E-01 | Size: 1.66E+04 | Time: 384ms
> Iteration 16 | Bound: [-0.137281, 0.075040] | l2 radius: 9.88E-02 | Size: 2.75E+04 | Time: 578ms
> Iteration 17 | Bound: [-0.076306, 0.073594] | l2 radius: 8.27E-02 | Size: 3.87E+04 | Time: 825ms
> Iteration 18 | Bound: [-0.017322, 0.073289] | l2 radius: 6.25E-02 | Size: 2.29E+04 | Time: 979ms
> Iteration 19 | Bound: [-0.000835, 0.071983] | l2 radius: 5.63E-02 | Size: 1.60E+02 | Time: 981ms
> Iteration 20 | Bound: [0.018203, 0.076455] | l2 radius: 4.94E-02 | Size: 2.00E+00 | Time: 983ms
> No region to refine. Done!
> Time for subregion 0000000001: 983ms
> Total time up to subregion 0000000001: 983ms = 0.9832870960235596 s
==> Subregion 0000000002 / 0000000016: 
==> [[ 0. -2. -1. -1.], [2. 0. 0. 0.]]
==> Lipschitz constant of the zero order test function: 5.886008
> Iteration 00 | Bound: [-9.221611, 0.084986] | l2 radius: 1.58E+00 | Size: 1.00E+00 | Time: 0ms
> Iteration 01 | Bound: [-7.729542, 0.056915] | l2 radius: 1.32E+00 | Size: 2.00E+00 | Time: 2ms
> Iteration 02 | Bound: [-5.835727, 0.050281] | l2 radius: 1.00E+00 | Size: 4.00E+00 | Time: 3ms
> Iteration 03 | Bound: [-5.250444, 0.055132] | l2 radius: 9.01E-01 | Size: 8.00E+00 | Time: 4ms
> Iteration 04 | Bound: [-4.598883, 0.054415] | l2 radius: 7.91E-01 | Size: 1.60E+01 | Time: 6ms
> Iteration 05 | Bound: [-3.852458, 0.040771] | l2 radius: 6.61E-01 | Size: 3.20E+01 | Time: 7ms
> Iteration 06 | Bound: [-2.901700, 0.041304] | l2 radius: 5.00E-01 | Size: 6.40E+01 | Time: 9ms
> Iteration 07 | Bound: [-2.614560, 0.038228] | l2 radius: 4.51E-01 | Size: 1.22E+02 | Time: 11ms
> Iteration 08 | Bound: [-2.286692, 0.039957] | l2 radius: 3.95E-01 | Size: 2.22E+02 | Time: 13ms
> Iteration 09 | Bound: [-1.908247, 0.038368] | l2 radius: 3.31E-01 | Size: 3.72E+02 | Time: 16ms
> Iteration 10 | Bound: [-1.186981, 0.023730] | l2 radius: 2.50E-01 | Size: 6.08E+02 | Time: 21ms
> Iteration 11 | Bound: [-0.956487, 0.030984] | l2 radius: 2.25E-01 | Size: 1.10E+03 | Time: 27ms
> Iteration 12 | Bound: [-0.733514, 0.032590] | l2 radius: 1.98E-01 | Size: 2.09E+03 | Time: 39ms
> Iteration 13 | Bound: [-0.503823, 0.037335] | l2 radius: 1.65E-01 | Size: 3.83E+03 | Time: 77ms
> Iteration 14 | Bound: [-0.282637, 0.035785] | l2 radius: 1.25E-01 | Size: 6.97E+03 | Time: 114ms
> Iteration 15 | Bound: [-0.216245, 0.041150] | l2 radius: 1.13E-01 | Size: 1.31E+04 | Time: 218ms
> Iteration 16 | Bound: [-0.158737, 0.042397] | l2 radius: 9.88E-02 | Size: 2.41E+04 | Time: 376ms
> Iteration 17 | Bound: [-0.105075, 0.039555] | l2 radius: 8.27E-02 | Size: 3.30E+04 | Time: 603ms
> Iteration 18 | Bound: [-0.050440, 0.036831] | l2 radius: 6.25E-02 | Size: 1.62E+04 | Time: 712ms
> Iteration 19 | Bound: [-0.023068, 0.046660] | l2 radius: 5.63E-02 | Size: 4.74E+02 | Time: 716ms
> Iteration 20 | Bound: [-0.009242, 0.045967] | l2 radius: 4.94E-02 | Size: 7.80E+01 | Time: 718ms
> Iteration 21 | Bound: [0.005559, 0.046026] | l2 radius: 4.13E-02 | Size: 6.00E+00 | Time: 720ms
> No region to refine. Done!
> Time for subregion 0000000002: 720ms
> Total time up to subregion 0000000002: 1s703ms = 1.7033438682556152 s
==> Subregion 0000000003 / 0000000016: 
==> [[-2.  0. -1. -1.], [0. 2. 0. 0.]]
==> Lipschitz constant of the zero order test function: 5.886008
> Iteration 00 | Bound: [-9.049639, 0.256958] | l2 radius: 1.58E+00 | Size: 1.00E+00 | Time: 0ms
> Iteration 01 | Bound: [-7.581895, 0.204562] | l2 radius: 1.32E+00 | Size: 2.00E+00 | Time: 2ms
> Iteration 02 | Bound: [-5.735798, 0.150210] | l2 radius: 1.00E+00 | Size: 4.00E+00 | Time: 3ms
> Iteration 03 | Bound: [-5.180566, 0.125010] | l2 radius: 9.01E-01 | Size: 8.00E+00 | Time: 4ms
> Iteration 04 | Bound: [-4.547166, 0.106132] | l2 radius: 7.91E-01 | Size: 1.60E+01 | Time: 6ms
> Iteration 05 | Bound: [-3.815309, 0.077920] | l2 radius: 6.61E-01 | Size: 3.20E+01 | Time: 7ms
> Iteration 06 | Bound: [-2.876068, 0.066936] | l2 radius: 5.00E-01 | Size: 6.40E+01 | Time: 9ms
> Iteration 07 | Bound: [-2.592577, 0.060211] | l2 radius: 4.51E-01 | Size: 1.28E+02 | Time: 11ms
> Iteration 08 | Bound: [-2.270971, 0.055678] | l2 radius: 3.95E-01 | Size: 2.56E+02 | Time: 13ms
> Iteration 09 | Bound: [-1.896400, 0.050215] | l2 radius: 3.31E-01 | Size: 5.08E+02 | Time: 17ms
> Iteration 10 | Bound: [-1.186558, 0.039966] | l2 radius: 2.50E-01 | Size: 9.88E+02 | Time: 23ms
> Iteration 11 | Bound: [-0.964394, 0.035972] | l2 radius: 2.25E-01 | Size: 1.95E+03 | Time: 33ms
> Iteration 12 | Bound: [-0.738556, 0.039065] | l2 radius: 1.98E-01 | Size: 3.80E+03 | Time: 72ms
> Iteration 13 | Bound: [-0.516581, 0.038780] | l2 radius: 1.65E-01 | Size: 7.47E+03 | Time: 110ms
> Iteration 14 | Bound: [-0.296593, 0.027060] | l2 radius: 1.25E-01 | Size: 1.46E+04 | Time: 222ms
> Iteration 15 | Bound: [-0.240753, 0.025647] | l2 radius: 1.13E-01 | Size: 2.09E+04 | Time: 346ms
> Iteration 16 | Bound: [-0.181009, 0.028017] | l2 radius: 9.88E-02 | Size: 2.89E+04 | Time: 548ms
> Iteration 17 | Bound: [-0.127309, 0.022639] | l2 radius: 8.27E-02 | Size: 3.10E+04 | Time: 764ms
> Iteration 18 | Bound: [-0.067218, 0.021945] | l2 radius: 6.25E-02 | Size: 1.93E+04 | Time: 881ms
> Iteration 19 | Bound: [-0.053217, 0.021461] | l2 radius: 5.63E-02 | Size: 8.05E+02 | Time: 886ms
> Iteration 20 | Bound: [-0.039391, 0.020086] | l2 radius: 4.94E-02 | Size: 5.28E+02 | Time: 891ms
> Iteration 21 | Bound: [-0.025969, 0.017083] | l2 radius: 4.13E-02 | Size: 3.77E+02 | Time: 894ms
> Iteration 22 | Bound: [-0.012210, 0.014087] | l2 radius: 3.12E-02 | Size: 1.76E+02 | Time: 896ms
> Iteration 23 | Bound: [-0.008706, 0.013904] | l2 radius: 2.82E-02 | Size: 4.30E+01 | Time: 897ms
> Iteration 24 | Bound: [-0.003876, 0.014594] | l2 radius: 2.47E-02 | Size: 2.80E+01 | Time: 899ms
> Iteration 25 | Bound: [-0.000519, 0.013009] | l2 radius: 2.07E-02 | Size: 1.50E+01 | Time: 900ms
> Iteration 26 | Bound: [0.002922, 0.011507] | l2 radius: 1.56E-02 | Size: 2.00E+00 | Time: 902ms
> No region to refine. Done!
> Time for subregion 0000000003: 902ms
> Total time up to subregion 0000000003: 2s605ms = 2.605586290359497 s
==> Subregion 0000000004 / 0000000016: 
==> [[ 0.  0. -1. -1.], [2. 2. 0. 0.]]
==> Lipschitz constant of the zero order test function: 5.886008
> Iteration 00 | Bound: [-9.164465, 0.142131] | l2 radius: 1.58E+00 | Size: 1.00E+00 | Time: 0ms
> Iteration 01 | Bound: [-7.658145, 0.128312] | l2 radius: 1.32E+00 | Size: 2.00E+00 | Time: 2ms
> Iteration 02 | Bound: [-5.807031, 0.078977] | l2 radius: 1.00E+00 | Size: 4.00E+00 | Time: 3ms
> Iteration 03 | Bound: [-5.221218, 0.084358] | l2 radius: 9.01E-01 | Size: 8.00E+00 | Time: 4ms
> Iteration 04 | Bound: [-4.585026, 0.068272] | l2 radius: 7.91E-01 | Size: 1.60E+01 | Time: 6ms
> Iteration 05 | Bound: [-3.843790, 0.049438] | l2 radius: 6.61E-01 | Size: 3.20E+01 | Time: 7ms
> Iteration 06 | Bound: [-2.891308, 0.051696] | l2 radius: 5.00E-01 | Size: 6.40E+01 | Time: 9ms
> Iteration 07 | Bound: [-2.603818, 0.048970] | l2 radius: 4.51E-01 | Size: 1.28E+02 | Time: 10ms
> Iteration 08 | Bound: [-2.282273, 0.044376] | l2 radius: 3.95E-01 | Size: 2.55E+02 | Time: 13ms
> Iteration 09 | Bound: [-1.898071, 0.048544] | l2 radius: 3.31E-01 | Size: 5.02E+02 | Time: 16ms
> Iteration 10 | Bound: [-1.184081, 0.031346] | l2 radius: 2.50E-01 | Size: 9.64E+02 | Time: 39ms
> Iteration 11 | Bound: [-0.964357, 0.031521] | l2 radius: 2.25E-01 | Size: 1.89E+03 | Time: 50ms
> Iteration 12 | Bound: [-0.739708, 0.029924] | l2 radius: 1.98E-01 | Size: 3.68E+03 | Time: 70ms
> Iteration 13 | Bound: [-0.522825, 0.026125] | l2 radius: 1.65E-01 | Size: 7.13E+03 | Time: 123ms
> Iteration 14 | Bound: [-0.301030, 0.019291] | l2 radius: 1.25E-01 | Size: 1.38E+04 | Time: 213ms
> Iteration 15 | Bound: [-0.245712, 0.017711] | l2 radius: 1.13E-01 | Size: 2.57E+04 | Time: 385ms
> Iteration 16 | Bound: [-0.185041, 0.021894] | l2 radius: 9.88E-02 | Size: 4.42E+04 | Time: 683ms
> Iteration 17 | Bound: [-0.129279, 0.018379] | l2 radius: 8.27E-02 | Size: 6.45E+04 | Time: 1s105ms
> Iteration 18 | Bound: [-0.074611, 0.013756] | l2 radius: 6.25E-02 | Size: 5.84E+04 | Time: 1s515ms
> Iteration 19 | Bound: [-0.060718, 0.012934] | l2 radius: 5.63E-02 | Size: 1.65E+03 | Time: 1s529ms
> Iteration 20 | Bound: [-0.043574, 0.015229] | l2 radius: 4.94E-02 | Size: 1.42E+03 | Time: 1s548ms
> Iteration 21 | Bound: [-0.030168, 0.012255] | l2 radius: 4.13E-02 | Size: 1.11E+03 | Time: 1s556ms
> Iteration 22 | Bound: [-0.016494, 0.009609] | l2 radius: 3.12E-02 | Size: 6.59E+02 | Time: 1s560ms
> Iteration 23 | Bound: [-0.012391, 0.009925] | l2 radius: 2.82E-02 | Size: 2.33E+02 | Time: 1s563ms
> Iteration 24 | Bound: [-0.007674, 0.010560] | l2 radius: 2.47E-02 | Size: 2.22E+02 | Time: 1s565ms
> Iteration 25 | Bound: [-0.004321, 0.008997] | l2 radius: 2.07E-02 | Size: 1.53E+02 | Time: 1s567ms
> Iteration 26 | Bound: [-0.000901, 0.007673] | l2 radius: 1.56E-02 | Size: 7.40E+01 | Time: 1s569ms
> Iteration 27 | Bound: [0.000340, 0.007824] | l2 radius: 1.41E-02 | Size: 7.00E+00 | Time: 1s570ms
> No region to refine. Done!
> Time for subregion 0000000004: 1s570ms
> Total time up to subregion 0000000004: 4s176ms = 4.176191329956055 s
==> Subregion 0000000005 / 0000000016: 
==> [[-2. -2.  0. -1.], [0. 0. 1. 0.]]
==> Lipschitz constant of the zero order test function: 5.886008
> Iteration 00 | Bound: [-9.151898, 0.154698] | l2 radius: 1.58E+00 | Size: 1.00E+00 | Time: 0ms
> Iteration 01 | Bound: [-7.716254, 0.070203] | l2 radius: 1.32E+00 | Size: 2.00E+00 | Time: 2ms
> Iteration 02 | Bound: [-5.812714, 0.073295] | l2 radius: 1.00E+00 | Size: 4.00E+00 | Time: 3ms
> Iteration 03 | Bound: [-5.260435, 0.045142] | l2 radius: 9.01E-01 | Size: 8.00E+00 | Time: 4ms
> Iteration 04 | Bound: [-4.608315, 0.044983] | l2 radius: 7.91E-01 | Size: 1.60E+01 | Time: 6ms
> Iteration 05 | Bound: [-3.857232, 0.035996] | l2 radius: 6.61E-01 | Size: 3.20E+01 | Time: 7ms
> Iteration 06 | Bound: [-2.913384, 0.029620] | l2 radius: 5.00E-01 | Size: 6.40E+01 | Time: 9ms
> Iteration 07 | Bound: [-2.628251, 0.024537] | l2 radius: 4.51E-01 | Size: 1.23E+02 | Time: 11ms
> Iteration 08 | Bound: [-2.302141, 0.024508] | l2 radius: 3.95E-01 | Size: 2.32E+02 | Time: 13ms
> Iteration 09 | Bound: [-1.906118, 0.040496] | l2 radius: 3.31E-01 | Size: 3.88E+02 | Time: 16ms
> Iteration 10 | Bound: [-1.143234, 0.060279] | l2 radius: 2.50E-01 | Size: 6.34E+02 | Time: 21ms
> Iteration 11 | Bound: [-0.917982, 0.061659] | l2 radius: 2.25E-01 | Size: 1.17E+03 | Time: 28ms
> Iteration 12 | Bound: [-0.688957, 0.067177] | l2 radius: 1.98E-01 | Size: 2.25E+03 | Time: 41ms
> Iteration 13 | Bound: [-0.485352, 0.075526] | l2 radius: 1.65E-01 | Size: 4.08E+03 | Time: 80ms
> Iteration 14 | Bound: [-0.249313, 0.075683] | l2 radius: 1.25E-01 | Size: 7.49E+03 | Time: 121ms
> Iteration 15 | Bound: [-0.190221, 0.078707] | l2 radius: 1.13E-01 | Size: 1.42E+04 | Time: 212ms
> Iteration 16 | Bound: [-0.139812, 0.079392] | l2 radius: 9.88E-02 | Size: 2.16E+04 | Time: 357ms
> Iteration 17 | Bound: [-0.074096, 0.079678] | l2 radius: 8.27E-02 | Size: 2.14E+04 | Time: 503ms
> Iteration 18 | Bound: [-0.009701, 0.080109] | l2 radius: 6.25E-02 | Size: 8.25E+03 | Time: 574ms
> Iteration 19 | Bound: [0.006036, 0.081493] | l2 radius: 5.63E-02 | Size: 3.20E+01 | Time: 576ms
> No region to refine. Done!
> Time for subregion 0000000005: 576ms
> Total time up to subregion 0000000005: 4s752ms = 4.752431631088257 s
==> Subregion 0000000006 / 0000000016: 
==> [[ 0. -2.  0. -1.], [2. 0. 1. 0.]]
==> Lipschitz constant of the zero order test function: 5.886008
> Iteration 00 | Bound: [-8.937589, 0.369008] | l2 radius: 1.58E+00 | Size: 1.00E+00 | Time: 0ms
> Iteration 01 | Bound: [-7.552843, 0.233614] | l2 radius: 1.32E+00 | Size: 2.00E+00 | Time: 2ms
> Iteration 02 | Bound: [-5.680680, 0.205328] | l2 radius: 1.00E+00 | Size: 4.00E+00 | Time: 3ms
> Iteration 03 | Bound: [-5.208406, 0.097170] | l2 radius: 9.01E-01 | Size: 8.00E+00 | Time: 4ms
> Iteration 04 | Bound: [-4.573301, 0.079998] | l2 radius: 7.91E-01 | Size: 1.60E+01 | Time: 6ms
> Iteration 05 | Bound: [-3.837759, 0.055469] | l2 radius: 6.61E-01 | Size: 3.20E+01 | Time: 7ms
> Iteration 06 | Bound: [-2.901082, 0.041922] | l2 radius: 5.00E-01 | Size: 6.20E+01 | Time: 9ms
> Iteration 07 | Bound: [-2.622009, 0.030780] | l2 radius: 4.51E-01 | Size: 1.12E+02 | Time: 11ms
> Iteration 08 | Bound: [-2.266262, 0.060387] | l2 radius: 3.95E-01 | Size: 1.98E+02 | Time: 13ms
> Iteration 09 | Bound: [-1.837586, 0.109029] | l2 radius: 3.31E-01 | Size: 3.43E+02 | Time: 16ms
> Iteration 10 | Bound: [-1.142614, 0.120108] | l2 radius: 2.50E-01 | Size: 5.41E+02 | Time: 20ms
> Iteration 11 | Bound: [-0.923852, 0.124873] | l2 radius: 2.25E-01 | Size: 9.74E+02 | Time: 26ms
> Iteration 12 | Bound: [-0.686632, 0.120618] | l2 radius: 1.98E-01 | Size: 1.84E+03 | Time: 37ms
> Iteration 13 | Bound: [-0.452327, 0.112164] | l2 radius: 1.65E-01 | Size: 3.43E+03 | Time: 73ms
> Iteration 14 | Bound: [-0.207779, 0.107522] | l2 radius: 1.25E-01 | Size: 5.69E+03 | Time: 105ms
> Iteration 15 | Bound: [-0.152986, 0.107414] | l2 radius: 1.13E-01 | Size: 3.34E+03 | Time: 124ms
> Iteration 16 | Bound: [-0.095255, 0.117807] | l2 radius: 9.88E-02 | Size: 3.20E+03 | Time: 156ms
> Iteration 17 | Bound: [-0.032236, 0.114737] | l2 radius: 8.27E-02 | Size: 1.53E+03 | Time: 165ms
> Iteration 18 | Bound: [0.034430, 0.118458] | l2 radius: 6.25E-02 | Size: 1.12E+02 | Time: 167ms
> No region to refine. Done!
> Time for subregion 0000000006: 167ms
> Total time up to subregion 0000000006: 4s920ms = 4.92021369934082 s
==> Subregion 0000000007 / 0000000016: 
==> [[-2.  0.  0. -1.], [0. 2. 1. 0.]]
==> Lipschitz constant of the zero order test function: 5.886008
> Iteration 00 | Bound: [-9.122528, 0.184068] | l2 radius: 1.58E+00 | Size: 1.00E+00 | Time: 0ms
> Iteration 01 | Bound: [-7.688140, 0.098317] | l2 radius: 1.32E+00 | Size: 2.00E+00 | Time: 2ms
> Iteration 02 | Bound: [-5.795704, 0.090304] | l2 radius: 1.00E+00 | Size: 4.00E+00 | Time: 3ms
> Iteration 03 | Bound: [-5.235359, 0.070217] | l2 radius: 9.01E-01 | Size: 8.00E+00 | Time: 4ms
> Iteration 04 | Bound: [-4.584966, 0.068333] | l2 radius: 7.91E-01 | Size: 1.60E+01 | Time: 6ms
> Iteration 05 | Bound: [-3.845184, 0.048045] | l2 radius: 6.61E-01 | Size: 3.20E+01 | Time: 7ms
> Iteration 06 | Bound: [-2.900728, 0.042276] | l2 radius: 5.00E-01 | Size: 6.40E+01 | Time: 9ms
> Iteration 07 | Bound: [-2.617816, 0.034972] | l2 radius: 4.51E-01 | Size: 1.27E+02 | Time: 11ms
> Iteration 08 | Bound: [-2.286469, 0.040180] | l2 radius: 3.95E-01 | Size: 2.50E+02 | Time: 13ms
> Iteration 09 | Bound: [-1.897589, 0.049025] | l2 radius: 3.31E-01 | Size: 4.69E+02 | Time: 17ms
> Iteration 10 | Bound: [-1.139657, 0.061429] | l2 radius: 2.50E-01 | Size: 8.48E+02 | Time: 22ms
> Iteration 11 | Bound: [-0.915302, 0.060405] | l2 radius: 2.25E-01 | Size: 1.61E+03 | Time: 31ms
> Iteration 12 | Bound: [-0.691563, 0.059830] | l2 radius: 1.98E-01 | Size: 3.08E+03 | Time: 48ms
> Iteration 13 | Bound: [-0.468824, 0.059674] | l2 radius: 1.65E-01 | Size: 5.69E+03 | Time: 95ms
> Iteration 14 | Bound: [-0.245800, 0.057612] | l2 radius: 1.25E-01 | Size: 1.08E+04 | Time: 170ms
> Iteration 15 | Bound: [-0.189924, 0.057442] | l2 radius: 1.13E-01 | Size: 1.81E+04 | Time: 281ms
> Iteration 16 | Bound: [-0.133775, 0.057441] | l2 radius: 9.88E-02 | Size: 2.32E+04 | Time: 436ms
> Iteration 17 | Bound: [-0.077524, 0.056926] | l2 radius: 8.27E-02 | Size: 2.06E+04 | Time: 598ms
> Iteration 18 | Bound: [-0.021657, 0.055045] | l2 radius: 6.25E-02 | Size: 1.31E+04 | Time: 692ms
> Iteration 19 | Bound: [-0.007666, 0.055059] | l2 radius: 5.63E-02 | Size: 3.20E+03 | Time: 726ms
> Iteration 20 | Bound: [0.006386, 0.055008] | l2 radius: 4.94E-02 | Size: 1.10E+03 | Time: 733ms
> No region to refine. Done!
> Time for subregion 0000000007: 733ms
> Total time up to subregion 0000000007: 5s653ms = 5.653816223144531 s
==> Subregion 0000000008 / 0000000016: 
==> [[ 0.  0.  0. -1.], [2. 2. 1. 0.]]
==> Lipschitz constant of the zero order test function: 5.886008
> Iteration 00 | Bound: [-9.148069, 0.158527] | l2 radius: 1.58E+00 | Size: 1.00E+00 | Time: 0ms
> Iteration 01 | Bound: [-7.664203, 0.122254] | l2 radius: 1.32E+00 | Size: 2.00E+00 | Time: 2ms
> Iteration 02 | Bound: [-5.763731, 0.122277] | l2 radius: 1.00E+00 | Size: 4.00E+00 | Time: 3ms
> Iteration 03 | Bound: [-5.204284, 0.101292] | l2 radius: 9.01E-01 | Size: 8.00E+00 | Time: 5ms
> Iteration 04 | Bound: [-4.555630, 0.097669] | l2 radius: 7.91E-01 | Size: 1.60E+01 | Time: 6ms
> Iteration 05 | Bound: [-3.834195, 0.059033] | l2 radius: 6.61E-01 | Size: 3.20E+01 | Time: 7ms
> Iteration 06 | Bound: [-2.896080, 0.046925] | l2 radius: 5.00E-01 | Size: 6.40E+01 | Time: 9ms
> Iteration 07 | Bound: [-2.614842, 0.037946] | l2 radius: 4.51E-01 | Size: 1.28E+02 | Time: 11ms
> Iteration 08 | Bound: [-2.272405, 0.054244] | l2 radius: 3.95E-01 | Size: 2.48E+02 | Time: 13ms
> Iteration 09 | Bound: [-1.888660, 0.057954] | l2 radius: 3.31E-01 | Size: 4.71E+02 | Time: 17ms
> Iteration 10 | Bound: [-1.156591, 0.058750] | l2 radius: 2.50E-01 | Size: 8.36E+02 | Time: 22ms
> Iteration 11 | Bound: [-0.921721, 0.061047] | l2 radius: 2.25E-01 | Size: 1.59E+03 | Time: 31ms
> Iteration 12 | Bound: [-0.698470, 0.060999] | l2 radius: 1.98E-01 | Size: 3.01E+03 | Time: 48ms
> Iteration 13 | Bound: [-0.466932, 0.060849] | l2 radius: 1.65E-01 | Size: 5.69E+03 | Time: 96ms
> Iteration 14 | Bound: [-0.244134, 0.058455] | l2 radius: 1.25E-01 | Size: 1.06E+04 | Time: 170ms
> Iteration 15 | Bound: [-0.189279, 0.057877] | l2 radius: 1.13E-01 | Size: 1.96E+04 | Time: 287ms
> Iteration 16 | Bound: [-0.133138, 0.057749] | l2 radius: 9.88E-02 | Size: 3.51E+04 | Time: 530ms
> Iteration 17 | Bound: [-0.076987, 0.057243] | l2 radius: 8.27E-02 | Size: 5.40E+04 | Time: 893ms
> Iteration 18 | Bound: [-0.021195, 0.055288] | l2 radius: 6.25E-02 | Size: 5.38E+04 | Time: 1s255ms
> Iteration 19 | Bound: [-0.007438, 0.055167] | l2 radius: 5.63E-02 | Size: 4.13E+03 | Time: 1s277ms
> Iteration 20 | Bound: [0.006547, 0.055132] | l2 radius: 4.94E-02 | Size: 9.90E+02 | Time: 1s283ms
> No region to refine. Done!
> Time for subregion 0000000008: 1s283ms
> Total time up to subregion 0000000008: 6s937ms = 6.937368154525757 s
==> Subregion 0000000009 / 0000000016: 
==> [[-2. -2. -1.  0.], [0. 0. 0. 1.]]
==> Lipschitz constant of the zero order test function: 5.886008
> Iteration 00 | Bound: [-8.993952, 0.312645] | l2 radius: 1.58E+00 | Size: 1.00E+00 | Time: 0ms
> Iteration 01 | Bound: [-7.550590, 0.235868] | l2 radius: 1.32E+00 | Size: 2.00E+00 | Time: 2ms
> Iteration 02 | Bound: [-5.647783, 0.238225] | l2 radius: 1.00E+00 | Size: 4.00E+00 | Time: 3ms
> Iteration 03 | Bound: [-5.102488, 0.203088] | l2 radius: 9.01E-01 | Size: 8.00E+00 | Time: 5ms
> Iteration 04 | Bound: [-4.449812, 0.203486] | l2 radius: 7.91E-01 | Size: 1.60E+01 | Time: 6ms
> Iteration 05 | Bound: [-3.747449, 0.145780] | l2 radius: 6.61E-01 | Size: 3.20E+01 | Time: 7ms
> Iteration 06 | Bound: [-2.827332, 0.115672] | l2 radius: 5.00E-01 | Size: 6.40E+01 | Time: 9ms
> Iteration 07 | Bound: [-2.552584, 0.100204] | l2 radius: 4.51E-01 | Size: 1.22E+02 | Time: 11ms
> Iteration 08 | Bound: [-2.196873, 0.129776] | l2 radius: 3.95E-01 | Size: 2.24E+02 | Time: 13ms
> Iteration 09 | Bound: [-1.803074, 0.143541] | l2 radius: 3.31E-01 | Size: 3.89E+02 | Time: 16ms
> Iteration 10 | Bound: [-1.091164, 0.160918] | l2 radius: 2.50E-01 | Size: 6.83E+02 | Time: 21ms
> Iteration 11 | Bound: [-0.873587, 0.155511] | l2 radius: 2.25E-01 | Size: 1.28E+03 | Time: 28ms
> Iteration 12 | Bound: [-0.638432, 0.167908] | l2 radius: 1.98E-01 | Size: 2.45E+03 | Time: 58ms
> Iteration 13 | Bound: [-0.399176, 0.169897] | l2 radius: 1.65E-01 | Size: 4.68E+03 | Time: 83ms
> Iteration 14 | Bound: [-0.171026, 0.167207] | l2 radius: 1.25E-01 | Size: 9.02E+03 | Time: 149ms
> Iteration 15 | Bound: [-0.110121, 0.169263] | l2 radius: 1.13E-01 | Size: 8.08E+03 | Time: 192ms
> Iteration 16 | Bound: [-0.050717, 0.166977] | l2 radius: 9.88E-02 | Size: 6.98E+03 | Time: 245ms
> Iteration 17 | Bound: [0.013400, 0.164467] | l2 radius: 8.27E-02 | Size: 2.57E+03 | Time: 260ms
> No region to refine. Done!
> Time for subregion 0000000009: 260ms
> Total time up to subregion 0000000009: 7s197ms = 7.1975414752960205 s
==> Subregion 0000000010 / 0000000016: 
==> [[ 0. -2. -1.  0.], [2. 0. 0. 1.]]
==> Lipschitz constant of the zero order test function: 5.886008
> Iteration 00 | Bound: [-9.234507, 0.072090] | l2 radius: 1.58E+00 | Size: 1.00E+00 | Time: 0ms
> Iteration 01 | Bound: [-7.690385, 0.096072] | l2 radius: 1.32E+00 | Size: 2.00E+00 | Time: 2ms
> Iteration 02 | Bound: [-5.800714, 0.085294] | l2 radius: 1.00E+00 | Size: 4.00E+00 | Time: 3ms
> Iteration 03 | Bound: [-5.234193, 0.071384] | l2 radius: 9.01E-01 | Size: 8.00E+00 | Time: 5ms
> Iteration 04 | Bound: [-4.582917, 0.070381] | l2 radius: 7.91E-01 | Size: 1.60E+01 | Time: 6ms
> Iteration 05 | Bound: [-3.826074, 0.067154] | l2 radius: 6.61E-01 | Size: 3.20E+01 | Time: 7ms
> Iteration 06 | Bound: [-2.897429, 0.045575] | l2 radius: 5.00E-01 | Size: 5.80E+01 | Time: 9ms
> Iteration 07 | Bound: [-2.606717, 0.046071] | l2 radius: 4.51E-01 | Size: 9.90E+01 | Time: 11ms
> Iteration 08 | Bound: [-2.279046, 0.047603] | l2 radius: 3.95E-01 | Size: 1.63E+02 | Time: 13ms
> Iteration 09 | Bound: [-1.895107, 0.051508] | l2 radius: 3.31E-01 | Size: 2.49E+02 | Time: 15ms
> Iteration 10 | Bound: [-1.180883, 0.063106] | l2 radius: 2.50E-01 | Size: 3.76E+02 | Time: 19ms
> Iteration 11 | Bound: [-0.971305, 0.066191] | l2 radius: 2.25E-01 | Size: 6.15E+02 | Time: 23ms
> Iteration 12 | Bound: [-0.737830, 0.071921] | l2 radius: 1.98E-01 | Size: 1.10E+03 | Time: 30ms
> Iteration 13 | Bound: [-0.504831, 0.073892] | l2 radius: 1.65E-01 | Size: 1.75E+03 | Time: 57ms
> Iteration 14 | Bound: [-0.261490, 0.074840] | l2 radius: 1.25E-01 | Size: 2.84E+03 | Time: 75ms
> Iteration 15 | Bound: [-0.206309, 0.076954] | l2 radius: 1.13E-01 | Size: 5.01E+03 | Time: 103ms
> Iteration 16 | Bound: [-0.146796, 0.076438] | l2 radius: 9.88E-02 | Size: 9.24E+03 | Time: 169ms
> Iteration 17 | Bound: [-0.076406, 0.079087] | l2 radius: 8.27E-02 | Size: 1.43E+04 | Time: 283ms
> Iteration 18 | Bound: [-0.015273, 0.082268] | l2 radius: 6.25E-02 | Size: 6.41E+03 | Time: 351ms
> Iteration 19 | Bound: [0.000841, 0.083141] | l2 radius: 5.63E-02 | Size: 1.60E+01 | Time: 353ms
> No region to refine. Done!
> Time for subregion 0000000010: 353ms
> Total time up to subregion 0000000010: 7s550ms = 7.550920724868774 s
==> Subregion 0000000011 / 0000000016: 
==> [[-2.  0. -1.  0.], [0. 2. 0. 1.]]
==> Lipschitz constant of the zero order test function: 5.886008
> Iteration 00 | Bound: [-8.949903, 0.356694] | l2 radius: 1.58E+00 | Size: 1.00E+00 | Time: 1ms
> Iteration 01 | Bound: [-7.515424, 0.271033] | l2 radius: 1.32E+00 | Size: 2.00E+00 | Time: 2ms
> Iteration 02 | Bound: [-5.648073, 0.237935] | l2 radius: 1.00E+00 | Size: 4.00E+00 | Time: 4ms
> Iteration 03 | Bound: [-5.096289, 0.209288] | l2 radius: 9.01E-01 | Size: 8.00E+00 | Time: 6ms
> Iteration 04 | Bound: [-4.456059, 0.197240] | l2 radius: 7.91E-01 | Size: 1.60E+01 | Time: 7ms
> Iteration 05 | Bound: [-3.731333, 0.161896] | l2 radius: 6.61E-01 | Size: 3.20E+01 | Time: 11ms
> Iteration 06 | Bound: [-2.802158, 0.140846] | l2 radius: 5.00E-01 | Size: 6.40E+01 | Time: 15ms
> Iteration 07 | Bound: [-2.527863, 0.124926] | l2 radius: 4.51E-01 | Size: 1.28E+02 | Time: 19ms
> Iteration 08 | Bound: [-2.191269, 0.135380] | l2 radius: 3.95E-01 | Size: 2.54E+02 | Time: 25ms
> Iteration 09 | Bound: [-1.800121, 0.146493] | l2 radius: 3.31E-01 | Size: 4.90E+02 | Time: 34ms
> Iteration 10 | Bound: [-1.082578, 0.151766] | l2 radius: 2.50E-01 | Size: 9.14E+02 | Time: 47ms
> Iteration 11 | Bound: [-0.841955, 0.161386] | l2 radius: 2.25E-01 | Size: 1.76E+03 | Time: 70ms
> Iteration 12 | Bound: [-0.603081, 0.175818] | l2 radius: 1.98E-01 | Size: 3.41E+03 | Time: 110ms
> Iteration 13 | Bound: [-0.372239, 0.178777] | l2 radius: 1.65E-01 | Size: 6.59E+03 | Time: 154ms
> Iteration 14 | Bound: [-0.140543, 0.181866] | l2 radius: 1.25E-01 | Size: 1.21E+04 | Time: 238ms
> Iteration 15 | Bound: [-0.082543, 0.177181] | l2 radius: 1.13E-01 | Size: 9.38E+03 | Time: 306ms
> Iteration 16 | Bound: [-0.018819, 0.184157] | l2 radius: 9.88E-02 | Size: 2.56E+03 | Time: 321ms
> Iteration 17 | Bound: [0.037903, 0.182412] | l2 radius: 8.27E-02 | Size: 6.90E+01 | Time: 323ms
> No region to refine. Done!
> Time for subregion 0000000011: 323ms
> Total time up to subregion 0000000011: 7s874ms = 7.874355792999268 s
==> Subregion 0000000012 / 0000000016: 
==> [[ 0.  0. -1.  0.], [2. 2. 0. 1.]]
==> Lipschitz constant of the zero order test function: 5.886008
> Iteration 00 | Bound: [-9.136922, 0.169675] | l2 radius: 1.58E+00 | Size: 1.00E+00 | Time: 0ms
> Iteration 01 | Bound: [-7.611602, 0.174855] | l2 radius: 1.32E+00 | Size: 2.00E+00 | Time: 2ms
> Iteration 02 | Bound: [-5.765277, 0.120731] | l2 radius: 1.00E+00 | Size: 4.00E+00 | Time: 3ms
> Iteration 03 | Bound: [-5.197562, 0.108014] | l2 radius: 9.01E-01 | Size: 8.00E+00 | Time: 4ms
> Iteration 04 | Bound: [-4.566010, 0.087288] | l2 radius: 7.91E-01 | Size: 1.60E+01 | Time: 6ms
> Iteration 05 | Bound: [-3.804756, 0.088473] | l2 radius: 6.61E-01 | Size: 3.20E+01 | Time: 7ms
> Iteration 06 | Bound: [-2.875305, 0.067699] | l2 radius: 5.00E-01 | Size: 6.40E+01 | Time: 9ms
> Iteration 07 | Bound: [-2.584921, 0.067867] | l2 radius: 4.51E-01 | Size: 1.28E+02 | Time: 10ms
> Iteration 08 | Bound: [-2.267517, 0.059132] | l2 radius: 3.95E-01 | Size: 2.48E+02 | Time: 13ms
> Iteration 09 | Bound: [-1.887321, 0.059294] | l2 radius: 3.31E-01 | Size: 4.66E+02 | Time: 16ms
> Iteration 10 | Bound: [-1.181617, 0.060023] | l2 radius: 2.50E-01 | Size: 8.50E+02 | Time: 22ms
> Iteration 11 | Bound: [-0.950273, 0.066515] | l2 radius: 2.25E-01 | Size: 1.63E+03 | Time: 48ms
> Iteration 12 | Bound: [-0.726964, 0.068848] | l2 radius: 1.98E-01 | Size: 3.09E+03 | Time: 65ms
> Iteration 13 | Bound: [-0.501625, 0.072778] | l2 radius: 1.65E-01 | Size: 5.86E+03 | Time: 96ms
> Iteration 14 | Bound: [-0.258546, 0.073024] | l2 radius: 1.25E-01 | Size: 1.11E+04 | Time: 172ms
> Iteration 15 | Bound: [-0.206785, 0.072922] | l2 radius: 1.13E-01 | Size: 2.05E+04 | Time: 313ms
> Iteration 16 | Bound: [-0.147165, 0.072682] | l2 radius: 9.88E-02 | Size: 2.80E+04 | Time: 516ms
> Iteration 17 | Bound: [-0.089381, 0.073113] | l2 radius: 8.27E-02 | Size: 2.45E+04 | Time: 680ms
> Iteration 18 | Bound: [-0.022539, 0.073348] | l2 radius: 6.25E-02 | Size: 1.17E+04 | Time: 761ms
> Iteration 19 | Bound: [-0.006461, 0.073154] | l2 radius: 5.63E-02 | Size: 2.44E+02 | Time: 763ms
> Iteration 20 | Bound: [0.011847, 0.077802] | l2 radius: 4.94E-02 | Size: 1.70E+01 | Time: 765ms
> No region to refine. Done!
> Time for subregion 0000000012: 765ms
> Total time up to subregion 0000000012: 8s639ms = 8.639817237854004 s
==> Subregion 0000000013 / 0000000016: 
==> [[-2. -2.  0.  0.], [0. 0. 1. 1.]]
==> Lipschitz constant of the zero order test function: 5.886008
> Iteration 00 | Bound: [-9.123724, 0.182872] | l2 radius: 1.58E+00 | Size: 1.00E+00 | Time: 0ms
> Iteration 01 | Bound: [-7.712694, 0.073763] | l2 radius: 1.32E+00 | Size: 2.00E+00 | Time: 2ms
> Iteration 02 | Bound: [-5.822126, 0.063882] | l2 radius: 1.00E+00 | Size: 4.00E+00 | Time: 3ms
> Iteration 03 | Bound: [-5.272984, 0.032592] | l2 radius: 9.01E-01 | Size: 8.00E+00 | Time: 4ms
> Iteration 04 | Bound: [-4.619236, 0.034063] | l2 radius: 7.91E-01 | Size: 1.60E+01 | Time: 6ms
> Iteration 05 | Bound: [-3.856813, 0.036416] | l2 radius: 6.61E-01 | Size: 3.20E+01 | Time: 7ms
> Iteration 06 | Bound: [-2.905876, 0.037128] | l2 radius: 5.00E-01 | Size: 5.50E+01 | Time: 9ms
> Iteration 07 | Bound: [-2.599649, 0.053139] | l2 radius: 4.51E-01 | Size: 9.60E+01 | Time: 10ms
> Iteration 08 | Bound: [-2.229579, 0.097070] | l2 radius: 3.95E-01 | Size: 1.69E+02 | Time: 13ms
> Iteration 09 | Bound: [-1.829218, 0.117396] | l2 radius: 3.31E-01 | Size: 2.59E+02 | Time: 15ms
> Iteration 10 | Bound: [-1.087890, 0.134767] | l2 radius: 2.50E-01 | Size: 4.10E+02 | Time: 19ms
> Iteration 11 | Bound: [-0.828194, 0.158234] | l2 radius: 2.25E-01 | Size: 7.12E+02 | Time: 24ms
> Iteration 12 | Bound: [-0.606775, 0.159627] | l2 radius: 1.98E-01 | Size: 1.31E+03 | Time: 32ms
> Iteration 13 | Bound: [-0.373306, 0.172827] | l2 radius: 1.65E-01 | Size: 2.14E+03 | Time: 45ms
> Iteration 14 | Bound: [-0.138328, 0.172067] | l2 radius: 1.25E-01 | Size: 3.74E+03 | Time: 66ms
> Iteration 15 | Bound: [-0.079538, 0.175610] | l2 radius: 1.13E-01 | Size: 4.29E+03 | Time: 106ms
> Iteration 16 | Bound: [-0.019464, 0.178051] | l2 radius: 9.88E-02 | Size: 2.33E+03 | Time: 119ms
> Iteration 17 | Bound: [0.037943, 0.179921] | l2 radius: 8.27E-02 | Size: 8.50E+01 | Time: 121ms
> No region to refine. Done!
> Time for subregion 0000000013: 121ms
> Total time up to subregion 0000000013: 8s761ms = 8.761695623397827 s
==> Subregion 0000000014 / 0000000016: 
==> [[ 0. -2.  0.  0.], [2. 0. 1. 1.]]
==> Lipschitz constant of the zero order test function: 5.886008
> Iteration 00 | Bound: [-9.048777, 0.257820] | l2 radius: 1.58E+00 | Size: 1.00E+00 | Time: 0ms
> Iteration 01 | Bound: [-7.651218, 0.135239] | l2 radius: 1.32E+00 | Size: 2.00E+00 | Time: 2ms
> Iteration 02 | Bound: [-5.762248, 0.123761] | l2 radius: 1.00E+00 | Size: 4.00E+00 | Time: 3ms
> Iteration 03 | Bound: [-5.238217, 0.067359] | l2 radius: 9.01E-01 | Size: 8.00E+00 | Time: 4ms
> Iteration 04 | Bound: [-4.584856, 0.068442] | l2 radius: 7.91E-01 | Size: 1.60E+01 | Time: 6ms
> Iteration 05 | Bound: [-3.837365, 0.055864] | l2 radius: 6.61E-01 | Size: 3.20E+01 | Time: 7ms
> Iteration 06 | Bound: [-2.838721, 0.104283] | l2 radius: 5.00E-01 | Size: 4.20E+01 | Time: 9ms
> Iteration 07 | Bound: [-2.533940, 0.118849] | l2 radius: 4.51E-01 | Size: 6.30E+01 | Time: 10ms
> Iteration 08 | Bound: [-2.199561, 0.127088] | l2 radius: 3.95E-01 | Size: 1.07E+02 | Time: 12ms
> Iteration 09 | Bound: [-1.840701, 0.105913] | l2 radius: 3.31E-01 | Size: 1.50E+02 | Time: 14ms
> Iteration 10 | Bound: [-1.102861, 0.108382] | l2 radius: 2.50E-01 | Size: 1.46E+02 | Time: 17ms
> Iteration 11 | Bound: [-0.882727, 0.106902] | l2 radius: 2.25E-01 | Size: 1.91E+02 | Time: 19ms
> Iteration 12 | Bound: [-0.669849, 0.102981] | l2 radius: 1.98E-01 | Size: 2.82E+02 | Time: 22ms
> Iteration 13 | Bound: [-0.437041, 0.094841] | l2 radius: 1.65E-01 | Size: 4.09E+02 | Time: 25ms
> Iteration 14 | Bound: [-0.185042, 0.130223] | l2 radius: 1.25E-01 | Size: 4.66E+02 | Time: 29ms
> Iteration 15 | Bound: [-0.117286, 0.143921] | l2 radius: 1.13E-01 | Size: 3.60E+02 | Time: 33ms
> Iteration 16 | Bound: [-0.055369, 0.147422] | l2 radius: 9.88E-02 | Size: 3.45E+02 | Time: 36ms
> Iteration 17 | Bound: [0.006901, 0.149672] | l2 radius: 8.27E-02 | Size: 6.90E+01 | Time: 37ms
> No region to refine. Done!
> Time for subregion 0000000014: 37ms
> Total time up to subregion 0000000014: 8s799ms = 8.799654006958008 s
==> Subregion 0000000015 / 0000000016: 
==> [[-2.  0.  0.  0.], [0. 2. 1. 1.]]
==> Lipschitz constant of the zero order test function: 5.886008
> Iteration 00 | Bound: [-9.039199, 0.267398] | l2 radius: 1.58E+00 | Size: 1.00E+00 | Time: 0ms
> Iteration 01 | Bound: [-7.598937, 0.187520] | l2 radius: 1.32E+00 | Size: 2.00E+00 | Time: 2ms
> Iteration 02 | Bound: [-5.762078, 0.123930] | l2 radius: 1.00E+00 | Size: 4.00E+00 | Time: 3ms
> Iteration 03 | Bound: [-5.204719, 0.100857] | l2 radius: 9.01E-01 | Size: 8.00E+00 | Time: 4ms
> Iteration 04 | Bound: [-4.581388, 0.071911] | l2 radius: 7.91E-01 | Size: 1.60E+01 | Time: 6ms
> Iteration 05 | Bound: [-3.814048, 0.079180] | l2 radius: 6.61E-01 | Size: 3.20E+01 | Time: 7ms
> Iteration 06 | Bound: [-2.879184, 0.063821] | l2 radius: 5.00E-01 | Size: 6.40E+01 | Time: 9ms
> Iteration 07 | Bound: [-2.598510, 0.054278] | l2 radius: 4.51E-01 | Size: 1.24E+02 | Time: 11ms
> Iteration 08 | Bound: [-2.256796, 0.069853] | l2 radius: 3.95E-01 | Size: 2.32E+02 | Time: 13ms
> Iteration 09 | Bound: [-1.825682, 0.120932] | l2 radius: 3.31E-01 | Size: 4.12E+02 | Time: 16ms
> Iteration 10 | Bound: [-1.100567, 0.134871] | l2 radius: 2.50E-01 | Size: 7.27E+02 | Time: 21ms
> Iteration 11 | Bound: [-0.857706, 0.150437] | l2 radius: 2.25E-01 | Size: 1.36E+03 | Time: 29ms
> Iteration 12 | Bound: [-0.617267, 0.160293] | l2 radius: 1.98E-01 | Size: 2.53E+03 | Time: 58ms
> Iteration 13 | Bound: [-0.377049, 0.171200] | l2 radius: 1.65E-01 | Size: 4.56E+03 | Time: 84ms
> Iteration 14 | Bound: [-0.147036, 0.173689] | l2 radius: 1.25E-01 | Size: 8.52E+03 | Time: 148ms
> Iteration 15 | Bound: [-0.079503, 0.179055] | l2 radius: 1.13E-01 | Size: 6.37E+03 | Time: 182ms
> Iteration 16 | Bound: [-0.020443, 0.181175] | l2 radius: 9.88E-02 | Size: 2.80E+03 | Time: 216ms
> Iteration 17 | Bound: [0.042088, 0.185961] | l2 radius: 8.27E-02 | Size: 1.12E+02 | Time: 218ms
> No region to refine. Done!
> Time for subregion 0000000015: 218ms
> Total time up to subregion 0000000015: 9s17ms = 9.017955303192139 s
==> Subregion 0000000016 / 0000000016: 
==> [[0. 0. 0. 0.], [2. 2. 1. 1.]]
==> Lipschitz constant of the zero order test function: 5.886008
> Iteration 00 | Bound: [-9.023366, 0.283231] | l2 radius: 1.58E+00 | Size: 1.00E+00 | Time: 0ms
> Iteration 01 | Bound: [-7.542695, 0.243763] | l2 radius: 1.32E+00 | Size: 2.00E+00 | Time: 2ms
> Iteration 02 | Bound: [-5.708652, 0.177356] | l2 radius: 1.00E+00 | Size: 4.00E+00 | Time: 3ms
> Iteration 03 | Bound: [-5.169851, 0.135725] | l2 radius: 9.01E-01 | Size: 8.00E+00 | Time: 4ms
> Iteration 04 | Bound: [-4.546978, 0.106320] | l2 radius: 7.91E-01 | Size: 1.60E+01 | Time: 6ms
> Iteration 05 | Bound: [-3.802882, 0.090346] | l2 radius: 6.61E-01 | Size: 3.20E+01 | Time: 7ms
> Iteration 06 | Bound: [-2.880514, 0.062490] | l2 radius: 5.00E-01 | Size: 6.30E+01 | Time: 9ms
> Iteration 07 | Bound: [-2.578508, 0.074280] | l2 radius: 4.51E-01 | Size: 1.20E+02 | Time: 11ms
> Iteration 08 | Bound: [-2.216059, 0.110591] | l2 radius: 3.95E-01 | Size: 2.19E+02 | Time: 13ms
> Iteration 09 | Bound: [-1.849538, 0.097076] | l2 radius: 3.31E-01 | Size: 3.95E+02 | Time: 16ms
> Iteration 10 | Bound: [-1.133487, 0.093621] | l2 radius: 2.50E-01 | Size: 6.87E+02 | Time: 21ms
> Iteration 11 | Bound: [-0.905314, 0.091225] | l2 radius: 2.25E-01 | Size: 1.27E+03 | Time: 29ms
> Iteration 12 | Bound: [-0.692782, 0.090903] | l2 radius: 1.98E-01 | Size: 2.29E+03 | Time: 42ms
> Iteration 13 | Bound: [-0.483002, 0.084819] | l2 radius: 1.65E-01 | Size: 4.22E+03 | Time: 65ms
> Iteration 14 | Bound: [-0.238655, 0.084697] | l2 radius: 1.25E-01 | Size: 7.81E+03 | Time: 122ms
> Iteration 15 | Bound: [-0.181233, 0.083820] | l2 radius: 1.13E-01 | Size: 7.65E+03 | Time: 180ms
> Iteration 16 | Bound: [-0.123435, 0.083710] | l2 radius: 9.88E-02 | Size: 7.17E+03 | Time: 219ms
> Iteration 17 | Bound: [-0.074756, 0.081388] | l2 radius: 8.27E-02 | Size: 4.58E+03 | Time: 260ms
> Iteration 18 | Bound: [-0.007473, 0.081384] | l2 radius: 6.25E-02 | Size: 2.06E+03 | Time: 272ms
> Iteration 19 | Bound: [0.006361, 0.087535] | l2 radius: 5.63E-02 | Size: 2.00E+00 | Time: 273ms
> No region to refine. Done!
> Time for subregion 0000000016: 273ms
> Total time up to subregion 0000000016: 9s291ms = 9.291735410690308 s
> Total time excluding drawing: 9s291ms = 9.291735410690308 s
> Success: True
==> Done!
