==> Creating result directory ...
==> Loading test settings ...
==> Deciding torch device ...
==> torch device:  cuda
==> Building cbf neural network ...
==> Lipschitz constant of CBF network: 1.000000
==> Hessian bound of CBF network: 6.532818
==> Third order elementwise bound of CBF network: 66.677713
==> Number of subregions: 4
==> Subregion 0000000001 / 0000000004: 
==> [[-3.14 -5.  ], [-2.618  5.   ]]
> Iteration 00 | Bound: [-0.100514, 4.906294] | l2 radius: 5.01E+00 | Size: 1.00E+00 | Time: 70ms
> Iteration 01 | Bound: [-0.114734, 2.398853] | l2 radius: 2.51E+00 | Size: 2.00E+00 | Time: 75ms
> Iteration 02 | Bound: [-0.113103, 1.163855] | l2 radius: 1.28E+00 | Size: 4.00E+00 | Time: 77ms
> Iteration 03 | Bound: [-0.101894, 0.575414] | l2 radius: 6.77E-01 | Size: 8.00E+00 | Time: 78ms
> Iteration 04 | Bound: [-0.099771, 0.307386] | l2 radius: 4.07E-01 | Size: 1.60E+01 | Time: 83ms
> Iteration 05 | Bound: [-0.099795, 0.204401] | l2 radius: 3.04E-01 | Size: 3.20E+01 | Time: 84ms
> Iteration 06 | Bound: [-0.062645, 0.112072] | l2 radius: 2.04E-01 | Size: 6.40E+01 | Time: 86ms
> Iteration 07 | Bound: [-0.062515, 0.032383] | l2 radius: 1.52E-01 | Size: 8.80E+01 | Time: 88ms
> Iteration 08 | Bound: [-0.038829, -0.005243] | l2 radius: 1.02E-01 | Size: 5.60E+01 | Time: 89ms
> No region to refine. Done!
> Time for subregion 0000000001: 89ms
> Total time up to subregion 0000000001: 89ms = 0.08934354782104492 s
==> Subregion 0000000002 / 0000000004: 
==> [[ 2.618 -5.   ], [3.14 5.  ]]
> Iteration 00 | Bound: [-0.101665, 4.905142] | l2 radius: 5.01E+00 | Size: 1.00E+00 | Time: 1ms
> Iteration 01 | Bound: [-0.110873, 2.402714] | l2 radius: 2.51E+00 | Size: 2.00E+00 | Time: 3ms
> Iteration 02 | Bound: [-0.106468, 1.170490] | l2 radius: 1.28E+00 | Size: 4.00E+00 | Time: 4ms
> Iteration 03 | Bound: [-0.103618, 0.573690] | l2 radius: 6.77E-01 | Size: 8.00E+00 | Time: 5ms
> Iteration 04 | Bound: [-0.101463, 0.305695] | l2 radius: 4.07E-01 | Size: 1.60E+01 | Time: 6ms
> Iteration 05 | Bound: [-0.101294, 0.202902] | l2 radius: 3.04E-01 | Size: 3.20E+01 | Time: 7ms
> Iteration 06 | Bound: [-0.064653, 0.111161] | l2 radius: 2.04E-01 | Size: 6.40E+01 | Time: 9ms
> Iteration 07 | Bound: [-0.064666, 0.031145] | l2 radius: 1.52E-01 | Size: 9.40E+01 | Time: 10ms
> Iteration 08 | Bound: [-0.040043, -0.006406] | l2 radius: 1.02E-01 | Size: 5.20E+01 | Time: 11ms
> No region to refine. Done!
> Time for subregion 0000000002: 11ms
> Total time up to subregion 0000000002: 101ms = 0.10117387771606445 s
==> Subregion 0000000003 / 0000000004: 
==> [[-2.618 -5.   ], [ 2.618 -4.   ]]
> Iteration 00 | Bound: [-0.172409, 2.492910] | l2 radius: 2.67E+00 | Size: 1.00E+00 | Time: 1ms
> Iteration 01 | Bound: [-0.133131, 1.268112] | l2 radius: 1.40E+00 | Size: 2.00E+00 | Time: 2ms
> Iteration 02 | Bound: [-0.126401, 0.697232] | l2 radius: 8.24E-01 | Size: 4.00E+00 | Time: 3ms
> Iteration 03 | Bound: [-0.124688, 0.472884] | l2 radius: 5.98E-01 | Size: 8.00E+00 | Time: 4ms
> Iteration 04 | Bound: [-0.087308, 0.324508] | l2 radius: 4.12E-01 | Size: 1.60E+01 | Time: 6ms
> Iteration 05 | Bound: [-0.086912, 0.211874] | l2 radius: 2.99E-01 | Size: 3.20E+01 | Time: 7ms
> Iteration 06 | Bound: [-0.064590, 0.097493] | l2 radius: 2.06E-01 | Size: 6.40E+01 | Time: 8ms
> Iteration 07 | Bound: [-0.064245, 0.011515] | l2 radius: 1.49E-01 | Size: 4.80E+01 | Time: 10ms
> Iteration 08 | Bound: [-0.052741, -0.023182] | l2 radius: 1.03E-01 | Size: 1.60E+01 | Time: 11ms
> No region to refine. Done!
> Time for subregion 0000000003: 11ms
> Total time up to subregion 0000000003: 112ms = 0.11261129379272461 s
==> Subregion 0000000004 / 0000000004: 
==> [[-2.618  4.   ], [2.618 5.   ]]
> Iteration 00 | Bound: [-0.168836, 2.496483] | l2 radius: 2.67E+00 | Size: 1.00E+00 | Time: 1ms
> Iteration 01 | Bound: [-0.125467, 1.275776] | l2 radius: 1.40E+00 | Size: 2.00E+00 | Time: 2ms
> Iteration 02 | Bound: [-0.119055, 0.704577] | l2 radius: 8.24E-01 | Size: 4.00E+00 | Time: 3ms
> Iteration 03 | Bound: [-0.120681, 0.476891] | l2 radius: 5.98E-01 | Size: 8.00E+00 | Time: 4ms
> Iteration 04 | Bound: [-0.082614, 0.329202] | l2 radius: 4.12E-01 | Size: 1.60E+01 | Time: 5ms
> Iteration 05 | Bound: [-0.082671, 0.216116] | l2 radius: 2.99E-01 | Size: 3.20E+01 | Time: 6ms
> Iteration 06 | Bound: [-0.064130, 0.094353] | l2 radius: 2.06E-01 | Size: 6.40E+01 | Time: 7ms
> Iteration 07 | Bound: [-0.063640, 0.008254] | l2 radius: 1.49E-01 | Size: 4.60E+01 | Time: 9ms
> Iteration 08 | Bound: [-0.053899, -0.026614] | l2 radius: 1.03E-01 | Size: 1.40E+01 | Time: 10ms
> No region to refine. Done!
> Time for subregion 0000000004: 10ms
> Total time up to subregion 0000000004: 123ms = 0.12343907356262207 s
> Total time excluding drawing: 123ms = 0.12343907356262207 s
> Success: True
==> Done!
