==> Creating result directory ...
==> Loading test settings ...
==> torch device:  cpu
==> Seeding everything ...
==> Building CBF neural network ...
==> Number of subregions: 1
==> dReal variables:  [Variable('x1') Variable('x2') Variable('x3')]
==> dReal for CBF function
> Start constructing the dReal expression for Lipschitz network ...
> Start time: 2025-02-21 14:32:03.892581
> Stop time: 2025-02-21 14:32:04.808382
> Time used: 915ms = 0.9158015251159668 s
> Checking consistency for lipschitz neural network ...
==> Verifying with dReal ...
> dReal precision: 1.0E-03
> dReal number of jobs: 1
==> Subregion 0000000001 / 0000000001: 
==> [[-0.5  -2.   -1.57], [0.5  0.   1.57]]
> Start time: 2025-02-21 14:32:04.894759
> Stop time: 2025-02-21 17:48:22.155113
> Result:
None
> Time for subregion 0000000001: 3h16m = 11777.260353565216 s
> Total time up to subregion 0000000001: 3h16m = 11777.260353565216 s

==> Success: True
==> Done!
