==> Creating result directory ...
==> Loading test settings ...
==> Deciding torch device ...
==> torch device:  cpu
==> Building cbf neural network ...
==> Lipschitz constant of CBF network: 1.000000
==> Hessian bound of CBF network: 2.177606
==> Third order elementwise bound of CBF network: 8.000000
==> Number of subregions: 1
==> Subregion 0000000001 / 0000000001: 
==> [[-0.5  -2.   -1.57], [0.5  0.   1.57]]
> Iteration 00 | Bound: [-0.515403, 1.412005] | l2 radius: 1.93E+00 | Size: 1.00E+00 | Time: 6ms
> Iteration 01 | Bound: [-0.371740, 0.994358] | l2 radius: 1.37E+00 | Size: 2.00E+00 | Time: 7ms
> Iteration 02 | Bound: [-0.315675, 0.740840] | l2 radius: 1.06E+00 | Size: 4.00E+00 | Time: 9ms
> Iteration 03 | Bound: [-0.280260, 0.524863] | l2 radius: 8.09E-01 | Size: 8.00E+00 | Time: 11ms
> Iteration 04 | Bound: [-0.257703, 0.384106] | l2 radius: 6.83E-01 | Size: 1.40E+01 | Time: 13ms
> Iteration 05 | Bound: [-0.222534, 0.198113] | l2 radius: 5.28E-01 | Size: 2.40E+01 | Time: 15ms
> Iteration 06 | Bound: [-0.207701, 0.072669] | l2 radius: 4.04E-01 | Size: 3.20E+01 | Time: 18ms
> Iteration 07 | Bound: [-0.163577, 0.033199] | l2 radius: 3.42E-01 | Size: 1.80E+01 | Time: 19ms
> Iteration 08 | Bound: [-0.115224, -0.019389] | l2 radius: 2.64E-01 | Size: 1.00E+01 | Time: 21ms
> No region to refine. Done!
> Time for subregion 0000000001: 21ms
> Total time up to subregion 0000000001: 21ms = 0.021693706512451172 s
> Total time excluding drawing: 21ms = 0.021693706512451172 s
> Success: True
==> Done!
