==> Creating result directory ...
==> Loading test settings ...
==> Deciding torch device ...
==> torch device:  cuda
==> Building dynamical system ...
==> Building cbf neural network ...
==> Lipschitz constant of CBF network: 1.000000
==> Hessian bound of CBF network: 4.355212
==> Third order elementwise bound of CBF network: 30.225904
==> Number of subregions: 16
==> Subregion 0000000001 / 0000000016: 
==> [[-2. -2. -1. -1.], [0. 0. 0. 0.]]
==> Lipschitz constant of the zero order test function: 10.272016
> Iteration 00 | Bound: [-15.722952, 0.518532] | l2 radius: 1.58E+00 | Size: 1.00E+00 | Time: 65ms
> Iteration 01 | Bound: [-13.353189, 0.235411] | l2 radius: 1.32E+00 | Size: 2.00E+00 | Time: 67ms
> Iteration 02 | Bound: [-10.044150, 0.227866] | l2 radius: 1.00E+00 | Size: 4.00E+00 | Time: 70ms
> Iteration 03 | Bound: [-9.138904, 0.120167] | l2 radius: 9.01E-01 | Size: 8.00E+00 | Time: 72ms
> Iteration 04 | Bound: [-8.010933, 0.109809] | l2 radius: 7.91E-01 | Size: 1.60E+01 | Time: 75ms
> Iteration 05 | Bound: [-6.742157, 0.052143] | l2 radius: 6.61E-01 | Size: 3.20E+01 | Time: 80ms
> Iteration 06 | Bound: [-5.089513, 0.046495] | l2 radius: 5.00E-01 | Size: 6.40E+01 | Time: 87ms
> Iteration 07 | Bound: [-4.592010, 0.037525] | l2 radius: 4.51E-01 | Size: 1.28E+02 | Time: 93ms
> Iteration 08 | Bound: [-4.026245, 0.034126] | l2 radius: 3.95E-01 | Size: 2.54E+02 | Time: 101ms
> Iteration 09 | Bound: [-3.357214, 0.039936] | l2 radius: 3.31E-01 | Size: 4.48E+02 | Time: 112ms
> Iteration 10 | Bound: [-2.446623, 0.121381] | l2 radius: 2.50E-01 | Size: 6.88E+02 | Time: 121ms
> Iteration 11 | Bound: [-2.172190, 0.142578] | l2 radius: 2.25E-01 | Size: 1.26E+03 | Time: 153ms
> Iteration 12 | Bound: [-1.845024, 0.185162] | l2 radius: 1.98E-01 | Size: 2.37E+03 | Time: 178ms
> Iteration 13 | Bound: [-1.561435, 0.137140] | l2 radius: 1.65E-01 | Size: 4.49E+03 | Time: 223ms
> Iteration 14 | Bound: [-0.997978, 0.132379] | l2 radius: 1.25E-01 | Size: 8.16E+03 | Time: 324ms
> Iteration 15 | Bound: [-0.786035, 0.145308] | l2 radius: 1.13E-01 | Size: 1.56E+04 | Time: 510ms
> Iteration 16 | Bound: [-0.591544, 0.142143] | l2 radius: 9.88E-02 | Size: 2.95E+04 | Time: 973ms
> Iteration 17 | Bound: [-0.397724, 0.115471] | l2 radius: 8.27E-02 | Size: 3.69E+04 | Time: 1s350ms
> Iteration 18 | Bound: [-0.195461, 0.110079] | l2 radius: 6.25E-02 | Size: 2.93E+04 | Time: 1s663ms
> Iteration 19 | Bound: [-0.143336, 0.111853] | l2 radius: 5.63E-02 | Size: 5.28E+03 | Time: 1s712ms
> Iteration 20 | Bound: [-0.094685, 0.110268] | l2 radius: 4.94E-02 | Size: 2.75E+03 | Time: 1s737ms
> Iteration 21 | Bound: [-0.046121, 0.097055] | l2 radius: 4.13E-02 | Size: 1.38E+03 | Time: 1s751ms
> Iteration 22 | Bound: [0.006072, 0.093981] | l2 radius: 3.12E-02 | Size: 2.80E+02 | Time: 1s755ms
> No region to refine. Done!
> Time for subregion 0000000001: 1s755ms
> Total time up to subregion 0000000001: 1s755ms = 1.7551636695861816 s
==> Subregion 0000000002 / 0000000016: 
==> [[ 0. -2. -1. -1.], [2. 0. 0. 0.]]
==> Lipschitz constant of the zero order test function: 10.272016
> Iteration 00 | Bound: [-16.069117, 0.172367] | l2 radius: 1.58E+00 | Size: 1.00E+00 | Time: 0ms
> Iteration 01 | Bound: [-13.502667, 0.085933] | l2 radius: 1.32E+00 | Size: 2.00E+00 | Time: 2ms
> Iteration 02 | Bound: [-10.199041, 0.072975] | l2 radius: 1.00E+00 | Size: 4.00E+00 | Time: 4ms
> Iteration 03 | Bound: [-9.200850, 0.058220] | l2 radius: 9.01E-01 | Size: 8.00E+00 | Time: 5ms
> Iteration 04 | Bound: [-8.070794, 0.049947] | l2 radius: 7.91E-01 | Size: 1.60E+01 | Time: 7ms
> Iteration 05 | Bound: [-6.757062, 0.037238] | l2 radius: 6.61E-01 | Size: 3.20E+01 | Time: 9ms
> Iteration 06 | Bound: [-5.098880, 0.037129] | l2 radius: 5.00E-01 | Size: 6.40E+01 | Time: 10ms
> Iteration 07 | Bound: [-4.593155, 0.036380] | l2 radius: 4.51E-01 | Size: 1.28E+02 | Time: 13ms
> Iteration 08 | Bound: [-4.026567, 0.033804] | l2 radius: 3.95E-01 | Size: 2.55E+02 | Time: 16ms
> Iteration 09 | Bound: [-3.367680, 0.029470] | l2 radius: 3.31E-01 | Size: 4.84E+02 | Time: 21ms
> Iteration 10 | Bound: [-2.527802, 0.040203] | l2 radius: 2.50E-01 | Size: 7.83E+02 | Time: 46ms
> Iteration 11 | Bound: [-2.270568, 0.044199] | l2 radius: 2.25E-01 | Size: 1.44E+03 | Time: 61ms
> Iteration 12 | Bound: [-1.986247, 0.043939] | l2 radius: 1.98E-01 | Size: 2.70E+03 | Time: 87ms
> Iteration 13 | Bound: [-1.640664, 0.057911] | l2 radius: 1.65E-01 | Size: 4.98E+03 | Time: 134ms
> Iteration 14 | Bound: [-1.013623, 0.058114] | l2 radius: 1.25E-01 | Size: 9.22E+03 | Time: 239ms
> Iteration 15 | Bound: [-0.818625, 0.063617] | l2 radius: 1.13E-01 | Size: 1.77E+04 | Time: 436ms
> Iteration 16 | Bound: [-0.621508, 0.068770] | l2 radius: 9.88E-02 | Size: 3.47E+04 | Time: 802ms
> Iteration 17 | Bound: [-0.417449, 0.066946] | l2 radius: 8.27E-02 | Size: 6.70E+04 | Time: 1s499ms
> Iteration 18 | Bound: [-0.216914, 0.066795] | l2 radius: 6.25E-02 | Size: 1.30E+05 | Time: 2s866ms
> Iteration 19 | Bound: [-0.167095, 0.072097] | l2 radius: 5.63E-02 | Size: 1.26E+05 | Time: 4s172ms
> Iteration 20 | Bound: [-0.117187, 0.072496] | l2 radius: 4.94E-02 | Size: 1.47E+05 | Time: 5s666ms
> Iteration 21 | Bound: [-0.055460, 0.070036] | l2 radius: 4.13E-02 | Size: 1.28E+05 | Time: 7s11ms
> Iteration 22 | Bound: [-0.007426, 0.071238] | l2 radius: 3.12E-02 | Size: 4.58E+04 | Time: 7s490ms
> Iteration 23 | Bound: [0.005659, 0.072899] | l2 radius: 2.82E-02 | Size: 8.80E+01 | Time: 7s493ms
> No region to refine. Done!
> Time for subregion 0000000002: 7s493ms
> Total time up to subregion 0000000002: 9s248ms = 9.248307704925537 s
==> Subregion 0000000003 / 0000000016: 
==> [[-2.  0. -1. -1.], [0. 2. 0. 0.]]
==> Lipschitz constant of the zero order test function: 10.272016
> Iteration 00 | Bound: [-15.866133, 0.375351] | l2 radius: 1.58E+00 | Size: 1.00E+00 | Time: 1ms
> Iteration 01 | Bound: [-13.380498, 0.208102] | l2 radius: 1.32E+00 | Size: 2.00E+00 | Time: 2ms
> Iteration 02 | Bound: [-10.082407, 0.189609] | l2 radius: 1.00E+00 | Size: 4.00E+00 | Time: 4ms
> Iteration 03 | Bound: [-9.117586, 0.141484] | l2 radius: 9.01E-01 | Size: 8.00E+00 | Time: 5ms
> Iteration 04 | Bound: [-7.978520, 0.142222] | l2 radius: 7.91E-01 | Size: 1.60E+01 | Time: 7ms
> Iteration 05 | Bound: [-6.712417, 0.081884] | l2 radius: 6.61E-01 | Size: 3.20E+01 | Time: 9ms
> Iteration 06 | Bound: [-5.071736, 0.064272] | l2 radius: 5.00E-01 | Size: 6.40E+01 | Time: 11ms
> Iteration 07 | Bound: [-4.575309, 0.054226] | l2 radius: 4.51E-01 | Size: 1.28E+02 | Time: 13ms
> Iteration 08 | Bound: [-4.006430, 0.053941] | l2 radius: 3.95E-01 | Size: 2.56E+02 | Time: 16ms
> Iteration 09 | Bound: [-3.351292, 0.045858] | l2 radius: 3.31E-01 | Size: 5.07E+02 | Time: 22ms
> Iteration 10 | Bound: [-2.506488, 0.061516] | l2 radius: 2.50E-01 | Size: 9.60E+02 | Time: 31ms
> Iteration 11 | Bound: [-2.254833, 0.059934] | l2 radius: 2.25E-01 | Size: 1.87E+03 | Time: 49ms
> Iteration 12 | Bound: [-1.959327, 0.070859] | l2 radius: 1.98E-01 | Size: 3.60E+03 | Time: 81ms
> Iteration 13 | Bound: [-1.632619, 0.065956] | l2 radius: 1.65E-01 | Size: 6.95E+03 | Time: 161ms
> Iteration 14 | Bound: [-1.026936, 0.070627] | l2 radius: 1.25E-01 | Size: 1.32E+04 | Time: 299ms
> Iteration 15 | Bound: [-0.833525, 0.073975] | l2 radius: 1.13E-01 | Size: 2.58E+04 | Time: 561ms
> Iteration 16 | Bound: [-0.636212, 0.074347] | l2 radius: 9.88E-02 | Size: 5.04E+04 | Time: 1s93ms
> Iteration 17 | Bound: [-0.433377, 0.066403] | l2 radius: 8.27E-02 | Size: 9.37E+04 | Time: 2s44ms
> Iteration 18 | Bound: [-0.232219, 0.063437] | l2 radius: 6.25E-02 | Size: 1.30E+05 | Time: 3s372ms
> Iteration 19 | Bound: [-0.182621, 0.062153] | l2 radius: 5.63E-02 | Size: 1.10E+05 | Time: 4s467ms
> Iteration 20 | Bound: [-0.133729, 0.062242] | l2 radius: 4.94E-02 | Size: 1.31E+05 | Time: 5s816ms
> Iteration 21 | Bound: [-0.076413, 0.059974] | l2 radius: 4.13E-02 | Size: 1.19E+05 | Time: 7s20ms
> Iteration 22 | Bound: [-0.024129, 0.058273] | l2 radius: 3.12E-02 | Size: 5.18E+04 | Time: 7s550ms
> Iteration 23 | Bound: [-0.011502, 0.058277] | l2 radius: 2.82E-02 | Size: 3.20E+03 | Time: 7s596ms
> Iteration 24 | Bound: [0.000586, 0.058711] | l2 radius: 2.47E-02 | Size: 1.03E+03 | Time: 7s606ms
> No region to refine. Done!
> Time for subregion 0000000003: 7s606ms
> Total time up to subregion 0000000003: 16s855ms = 16.855201959609985 s
==> Subregion 0000000004 / 0000000016: 
==> [[ 0.  0. -1. -1.], [2. 2. 0. 0.]]
==> Lipschitz constant of the zero order test function: 10.272016
> Iteration 00 | Bound: [-16.139961, 0.101522] | l2 radius: 1.58E+00 | Size: 1.00E+00 | Time: 0ms
> Iteration 01 | Bound: [-13.504825, 0.083775] | l2 radius: 1.32E+00 | Size: 2.00E+00 | Time: 2ms
> Iteration 02 | Bound: [-10.211411, 0.060606] | l2 radius: 1.00E+00 | Size: 4.00E+00 | Time: 4ms
> Iteration 03 | Bound: [-9.192666, 0.066404] | l2 radius: 9.01E-01 | Size: 8.00E+00 | Time: 5ms
> Iteration 04 | Bound: [-8.055760, 0.064981] | l2 radius: 7.91E-01 | Size: 1.60E+01 | Time: 7ms
> Iteration 05 | Bound: [-6.740504, 0.053796] | l2 radius: 6.61E-01 | Size: 3.20E+01 | Time: 9ms
> Iteration 06 | Bound: [-5.090908, 0.045100] | l2 radius: 5.00E-01 | Size: 6.40E+01 | Time: 10ms
> Iteration 07 | Bound: [-4.585440, 0.044096] | l2 radius: 4.51E-01 | Size: 1.28E+02 | Time: 13ms
> Iteration 08 | Bound: [-4.016436, 0.043935] | l2 radius: 3.95E-01 | Size: 2.56E+02 | Time: 16ms
> Iteration 09 | Bound: [-3.352724, 0.044427] | l2 radius: 3.31E-01 | Size: 5.08E+02 | Time: 21ms
> Iteration 10 | Bound: [-2.520073, 0.047931] | l2 radius: 2.50E-01 | Size: 9.82E+02 | Time: 32ms
> Iteration 11 | Bound: [-2.263035, 0.051732] | l2 radius: 2.25E-01 | Size: 1.92E+03 | Time: 50ms
> Iteration 12 | Bound: [-1.974729, 0.055456] | l2 radius: 1.98E-01 | Size: 3.70E+03 | Time: 83ms
> Iteration 13 | Bound: [-1.640483, 0.058092] | l2 radius: 1.65E-01 | Size: 7.11E+03 | Time: 162ms
> Iteration 14 | Bound: [-1.011263, 0.061597] | l2 radius: 1.25E-01 | Size: 1.36E+04 | Time: 302ms
> Iteration 15 | Bound: [-0.815660, 0.063544] | l2 radius: 1.13E-01 | Size: 2.66E+04 | Time: 571ms
> Iteration 16 | Bound: [-0.610433, 0.064349] | l2 radius: 9.88E-02 | Size: 5.22E+04 | Time: 1s116ms
> Iteration 17 | Bound: [-0.410350, 0.065993] | l2 radius: 8.27E-02 | Size: 1.02E+05 | Time: 2s164ms
> Iteration 18 | Bound: [-0.200469, 0.067329] | l2 radius: 6.25E-02 | Size: 1.94E+05 | Time: 4s164ms
> Iteration 19 | Bound: [-0.148428, 0.067848] | l2 radius: 5.63E-02 | Size: 3.05E+05 | Time: 7s252ms
> Iteration 20 | Bound: [-0.095657, 0.068807] | l2 radius: 4.94E-02 | Size: 4.93E+05 | Time: 12s296ms
> Iteration 21 | Bound: [-0.045869, 0.069289] | l2 radius: 4.13E-02 | Size: 6.58E+05 | Time: 18s962ms
> Iteration 22 | Bound: [0.003237, 0.069579] | l2 radius: 3.12E-02 | Size: 4.10E+05 | Time: 23s131ms
> No region to refine. Done!
> Time for subregion 0000000004: 23s131ms
> Total time up to subregion 0000000004: 39s986ms = 39.98687982559204 s
==> Subregion 0000000005 / 0000000016: 
==> [[-2. -2.  0. -1.], [0. 0. 1. 0.]]
==> Lipschitz constant of the zero order test function: 10.272016
> Iteration 00 | Bound: [-16.160166, 0.081318] | l2 radius: 1.58E+00 | Size: 1.00E+00 | Time: 4ms
> Iteration 01 | Bound: [-13.532040, 0.056561] | l2 radius: 1.32E+00 | Size: 2.00E+00 | Time: 5ms
> Iteration 02 | Bound: [-10.217244, 0.054772] | l2 radius: 1.00E+00 | Size: 4.00E+00 | Time: 7ms
> Iteration 03 | Bound: [-9.211743, 0.047327] | l2 radius: 9.01E-01 | Size: 8.00E+00 | Time: 9ms
> Iteration 04 | Bound: [-8.072632, 0.048110] | l2 radius: 7.91E-01 | Size: 1.60E+01 | Time: 10ms
> Iteration 05 | Bound: [-6.756062, 0.038239] | l2 radius: 6.61E-01 | Size: 3.20E+01 | Time: 12ms
> Iteration 06 | Bound: [-5.111819, 0.024189] | l2 radius: 5.00E-01 | Size: 6.40E+01 | Time: 14ms
> Iteration 07 | Bound: [-4.610784, 0.018751] | l2 radius: 4.51E-01 | Size: 1.28E+02 | Time: 16ms
> Iteration 08 | Bound: [-4.042850, 0.017521] | l2 radius: 3.95E-01 | Size: 2.56E+02 | Time: 19ms
> Iteration 09 | Bound: [-3.396791, 0.000359] | l2 radius: 3.31E-01 | Size: 4.86E+02 | Time: 25ms
> Iteration 10 | Bound: [-2.557177, 0.010828] | l2 radius: 2.50E-01 | Size: 7.41E+02 | Time: 34ms
> Iteration 11 | Bound: [-2.300106, 0.014662] | l2 radius: 2.25E-01 | Size: 1.34E+03 | Time: 64ms
> Iteration 12 | Bound: [-2.011073, 0.019112] | l2 radius: 1.98E-01 | Size: 2.49E+03 | Time: 90ms
> Iteration 13 | Bound: [-1.674558, 0.024017] | l2 radius: 1.65E-01 | Size: 4.50E+03 | Time: 142ms
> Iteration 14 | Bound: [-1.032029, 0.032188] | l2 radius: 1.25E-01 | Size: 8.19E+03 | Time: 233ms
> Iteration 15 | Bound: [-0.823752, 0.030792] | l2 radius: 1.13E-01 | Size: 1.55E+04 | Time: 389ms
> Iteration 16 | Bound: [-0.629052, 0.036993] | l2 radius: 9.88E-02 | Size: 3.03E+04 | Time: 709ms
> Iteration 17 | Bound: [-0.428128, 0.034830] | l2 radius: 8.27E-02 | Size: 5.85E+04 | Time: 1s308ms
> Iteration 18 | Bound: [-0.228559, 0.040226] | l2 radius: 6.25E-02 | Size: 1.13E+05 | Time: 2s461ms
> Iteration 19 | Bound: [-0.177524, 0.039881] | l2 radius: 5.63E-02 | Size: 2.10E+05 | Time: 4s583ms
> Iteration 20 | Bound: [-0.129092, 0.039598] | l2 radius: 4.94E-02 | Size: 3.61E+05 | Time: 8s221ms
> Iteration 21 | Bound: [-0.080024, 0.038640] | l2 radius: 4.13E-02 | Size: 5.12E+05 | Time: 13s413ms
> Iteration 22 | Bound: [-0.031628, 0.038057] | l2 radius: 3.12E-02 | Size: 3.41E+05 | Time: 16s906ms
> Iteration 23 | Bound: [-0.017104, 0.039244] | l2 radius: 2.82E-02 | Size: 2.03E+03 | Time: 16s928ms
> Iteration 24 | Bound: [-0.004617, 0.039414] | l2 radius: 2.47E-02 | Size: 2.09E+02 | Time: 16s931ms
> Iteration 25 | Bound: [0.009239, 0.040413] | l2 radius: 2.07E-02 | Size: 8.00E+00 | Time: 16s933ms
> No region to refine. Done!
> Time for subregion 0000000005: 16s933ms
> Total time up to subregion 0000000005: 56s920ms = 56.92054557800293 s
==> Subregion 0000000006 / 0000000016: 
==> [[ 0. -2.  0. -1.], [2. 0. 1. 0.]]
==> Lipschitz constant of the zero order test function: 10.272016
> Iteration 00 | Bound: [-15.825589, 0.415894] | l2 radius: 1.58E+00 | Size: 1.00E+00 | Time: 0ms
> Iteration 01 | Bound: [-13.452668, 0.135932] | l2 radius: 1.32E+00 | Size: 2.00E+00 | Time: 2ms
> Iteration 02 | Bound: [-10.171666, 0.100350] | l2 radius: 1.00E+00 | Size: 4.00E+00 | Time: 4ms
> Iteration 03 | Bound: [-9.211371, 0.047699] | l2 radius: 9.01E-01 | Size: 8.00E+00 | Time: 5ms
> Iteration 04 | Bound: [-8.071940, 0.048801] | l2 radius: 7.91E-01 | Size: 1.60E+01 | Time: 7ms
> Iteration 05 | Bound: [-6.749878, 0.044422] | l2 radius: 6.61E-01 | Size: 3.20E+01 | Time: 8ms
> Iteration 06 | Bound: [-5.119071, 0.016937] | l2 radius: 5.00E-01 | Size: 6.40E+01 | Time: 10ms
> Iteration 07 | Bound: [-4.614201, 0.015334] | l2 radius: 4.51E-01 | Size: 1.28E+02 | Time: 12ms
> Iteration 08 | Bound: [-4.047269, 0.013102] | l2 radius: 3.95E-01 | Size: 2.56E+02 | Time: 16ms
> Iteration 09 | Bound: [-3.396850, 0.000300] | l2 radius: 3.31E-01 | Size: 5.12E+02 | Time: 21ms
> Iteration 10 | Bound: [-2.524053, 0.043952] | l2 radius: 2.50E-01 | Size: 8.43E+02 | Time: 30ms
> Iteration 11 | Bound: [-2.266691, 0.048076] | l2 radius: 2.25E-01 | Size: 1.54E+03 | Time: 46ms
> Iteration 12 | Bound: [-1.970200, 0.059985] | l2 radius: 1.98E-01 | Size: 2.90E+03 | Time: 89ms
> Iteration 13 | Bound: [-1.635435, 0.063140] | l2 radius: 1.65E-01 | Size: 5.48E+03 | Time: 140ms
> Iteration 14 | Bound: [-1.016907, 0.066218] | l2 radius: 1.25E-01 | Size: 1.03E+04 | Time: 248ms
> Iteration 15 | Bound: [-0.812279, 0.070577] | l2 radius: 1.13E-01 | Size: 1.99E+04 | Time: 459ms
> Iteration 16 | Bound: [-0.617393, 0.071194] | l2 radius: 9.88E-02 | Size: 3.85E+04 | Time: 847ms
> Iteration 17 | Bound: [-0.411118, 0.069604] | l2 radius: 8.27E-02 | Size: 6.57E+04 | Time: 1s540ms
> Iteration 18 | Bound: [-0.207893, 0.070155] | l2 radius: 6.25E-02 | Size: 8.84E+04 | Time: 2s426ms
> Iteration 19 | Bound: [-0.158530, 0.071032] | l2 radius: 5.63E-02 | Size: 6.60E+04 | Time: 3s104ms
> Iteration 20 | Bound: [-0.109740, 0.071827] | l2 radius: 4.94E-02 | Size: 8.16E+04 | Time: 3s931ms
> Iteration 21 | Bound: [-0.053667, 0.069784] | l2 radius: 4.13E-02 | Size: 8.13E+04 | Time: 4s758ms
> Iteration 22 | Bound: [-0.002937, 0.069044] | l2 radius: 3.12E-02 | Size: 3.69E+04 | Time: 5s133ms
> Iteration 23 | Bound: [0.010381, 0.072509] | l2 radius: 2.82E-02 | Size: 7.00E+00 | Time: 5s135ms
> No region to refine. Done!
> Time for subregion 0000000006: 5s135ms
> Total time up to subregion 0000000006: 1m2s = 62.05651569366455 s
==> Subregion 0000000007 / 0000000016: 
==> [[-2.  0.  0. -1.], [0. 2. 1. 0.]]
==> Lipschitz constant of the zero order test function: 10.272016
> Iteration 00 | Bound: [-16.121412, 0.120072] | l2 radius: 1.58E+00 | Size: 1.00E+00 | Time: 1ms
> Iteration 01 | Bound: [-13.490632, 0.097968] | l2 radius: 1.32E+00 | Size: 2.00E+00 | Time: 2ms
> Iteration 02 | Bound: [-10.218869, 0.053147] | l2 radius: 1.00E+00 | Size: 4.00E+00 | Time: 4ms
> Iteration 03 | Bound: [-9.200940, 0.058130] | l2 radius: 9.01E-01 | Size: 8.00E+00 | Time: 5ms
> Iteration 04 | Bound: [-8.066518, 0.054224] | l2 radius: 7.91E-01 | Size: 1.60E+01 | Time: 7ms
> Iteration 05 | Bound: [-6.747049, 0.047251] | l2 radius: 6.61E-01 | Size: 3.20E+01 | Time: 9ms
> Iteration 06 | Bound: [-5.088991, 0.047017] | l2 radius: 5.00E-01 | Size: 6.40E+01 | Time: 10ms
> Iteration 07 | Bound: [-4.583309, 0.046227] | l2 radius: 4.51E-01 | Size: 1.28E+02 | Time: 13ms
> Iteration 08 | Bound: [-4.014910, 0.045461] | l2 radius: 3.95E-01 | Size: 2.56E+02 | Time: 16ms
> Iteration 09 | Bound: [-3.355947, 0.041203] | l2 radius: 3.31E-01 | Size: 5.12E+02 | Time: 21ms
> Iteration 10 | Bound: [-2.533815, 0.034189] | l2 radius: 2.50E-01 | Size: 9.98E+02 | Time: 48ms
> Iteration 11 | Bound: [-2.281045, 0.033722] | l2 radius: 2.25E-01 | Size: 1.96E+03 | Time: 66ms
> Iteration 12 | Bound: [-1.997705, 0.032480] | l2 radius: 1.98E-01 | Size: 3.80E+03 | Time: 100ms
> Iteration 13 | Bound: [-1.670512, 0.028063] | l2 radius: 1.65E-01 | Size: 7.36E+03 | Time: 181ms
> Iteration 14 | Bound: [-1.039960, 0.026396] | l2 radius: 1.25E-01 | Size: 1.41E+04 | Time: 327ms
> Iteration 15 | Bound: [-0.839170, 0.026994] | l2 radius: 1.13E-01 | Size: 2.78E+04 | Time: 603ms
> Iteration 16 | Bound: [-0.641839, 0.029611] | l2 radius: 9.88E-02 | Size: 5.45E+04 | Time: 1s163ms
> Iteration 17 | Bound: [-0.438267, 0.027470] | l2 radius: 8.27E-02 | Size: 1.07E+05 | Time: 2s239ms
> Iteration 18 | Bound: [-0.237802, 0.028126] | l2 radius: 6.25E-02 | Size: 2.09E+05 | Time: 4s348ms
> Iteration 19 | Bound: [-0.189175, 0.027584] | l2 radius: 5.63E-02 | Size: 3.25E+05 | Time: 7s624ms
> Iteration 20 | Bound: [-0.138889, 0.028357] | l2 radius: 4.94E-02 | Size: 4.90E+05 | Time: 12s565ms
> Iteration 21 | Bound: [-0.089416, 0.028312] | l2 radius: 4.13E-02 | Size: 6.16E+05 | Time: 18s850ms
> Iteration 22 | Bound: [-0.041007, 0.027493] | l2 radius: 3.12E-02 | Size: 5.04E+05 | Time: 24s24ms
> Iteration 23 | Bound: [-0.028133, 0.027738] | l2 radius: 2.82E-02 | Size: 5.90E+04 | Time: 24s629ms
> Iteration 24 | Bound: [-0.015515, 0.027803] | l2 radius: 2.47E-02 | Size: 1.84E+04 | Time: 24s832ms
> Iteration 25 | Bound: [-0.003009, 0.027700] | l2 radius: 2.07E-02 | Size: 3.66E+03 | Time: 24s866ms
> Iteration 26 | Bound: [0.009100, 0.027149] | l2 radius: 1.56E-02 | Size: 8.60E+01 | Time: 24s869ms
> No region to refine. Done!
> Time for subregion 0000000007: 24s869ms
> Total time up to subregion 0000000007: 1m26s = 86.92572855949402 s
==> Subregion 0000000008 / 0000000016: 
==> [[ 0.  0.  0. -1.], [2. 2. 1. 0.]]
==> Lipschitz constant of the zero order test function: 10.272016
> Iteration 00 | Bound: [-16.102453, 0.139031] | l2 radius: 1.58E+00 | Size: 1.00E+00 | Time: 0ms
> Iteration 01 | Bound: [-13.452617, 0.135983] | l2 radius: 1.32E+00 | Size: 2.00E+00 | Time: 4ms
> Iteration 02 | Bound: [-10.170322, 0.101694] | l2 radius: 1.00E+00 | Size: 4.00E+00 | Time: 6ms
> Iteration 03 | Bound: [-9.168643, 0.090427] | l2 radius: 9.01E-01 | Size: 8.00E+00 | Time: 7ms
> Iteration 04 | Bound: [-8.036839, 0.083903] | l2 radius: 7.91E-01 | Size: 1.60E+01 | Time: 9ms
> Iteration 05 | Bound: [-6.730193, 0.064107] | l2 radius: 6.61E-01 | Size: 3.20E+01 | Time: 10ms
> Iteration 06 | Bound: [-5.078098, 0.057910] | l2 radius: 5.00E-01 | Size: 6.40E+01 | Time: 12ms
> Iteration 07 | Bound: [-4.575403, 0.054132] | l2 radius: 4.51E-01 | Size: 1.28E+02 | Time: 14ms
> Iteration 08 | Bound: [-4.005722, 0.054649] | l2 radius: 3.95E-01 | Size: 2.56E+02 | Time: 18ms
> Iteration 09 | Bound: [-3.342000, 0.055150] | l2 radius: 3.31E-01 | Size: 5.12E+02 | Time: 23ms
> Iteration 10 | Bound: [-2.518342, 0.049662] | l2 radius: 2.50E-01 | Size: 1.02E+03 | Time: 33ms
> Iteration 11 | Bound: [-2.266476, 0.048292] | l2 radius: 2.25E-01 | Size: 2.02E+03 | Time: 69ms
> Iteration 12 | Bound: [-1.983302, 0.046884] | l2 radius: 1.98E-01 | Size: 3.96E+03 | Time: 104ms
> Iteration 13 | Bound: [-1.648829, 0.049746] | l2 radius: 1.65E-01 | Size: 7.79E+03 | Time: 190ms
> Iteration 14 | Bound: [-1.003053, 0.049350] | l2 radius: 1.25E-01 | Size: 1.52E+04 | Time: 341ms
> Iteration 15 | Bound: [-0.808742, 0.047053] | l2 radius: 1.13E-01 | Size: 3.01E+04 | Time: 636ms
> Iteration 16 | Bound: [-0.608096, 0.053190] | l2 radius: 9.88E-02 | Size: 5.95E+04 | Time: 1s251ms
> Iteration 17 | Bound: [-0.412671, 0.053308] | l2 radius: 8.27E-02 | Size: 1.18E+05 | Time: 2s444ms
> Iteration 18 | Bound: [-0.214730, 0.052939] | l2 radius: 6.25E-02 | Size: 2.30E+05 | Time: 4s734ms
> Iteration 19 | Bound: [-0.165205, 0.052655] | l2 radius: 5.63E-02 | Size: 3.02E+05 | Time: 7s772ms
> Iteration 20 | Bound: [-0.116673, 0.051675] | l2 radius: 4.94E-02 | Size: 4.45E+05 | Time: 12s230ms
> Iteration 21 | Bound: [-0.068200, 0.051674] | l2 radius: 4.13E-02 | Size: 5.54E+05 | Time: 17s833ms
> Iteration 22 | Bound: [-0.019742, 0.049608] | l2 radius: 3.12E-02 | Size: 4.68E+05 | Time: 22s609ms
> Iteration 23 | Bound: [-0.007609, 0.049040] | l2 radius: 2.82E-02 | Size: 6.01E+03 | Time: 22s682ms
> Iteration 24 | Bound: [0.007289, 0.051081] | l2 radius: 2.47E-02 | Size: 6.50E+01 | Time: 22s685ms
> No region to refine. Done!
> Time for subregion 0000000008: 22s685ms
> Total time up to subregion 0000000008: 1m49s = 109.61154890060425 s
==> Subregion 0000000009 / 0000000016: 
==> [[-2. -2. -1.  0.], [0. 0. 0. 1.]]
==> Lipschitz constant of the zero order test function: 10.272016
> Iteration 00 | Bound: [-15.984294, 0.257189] | l2 radius: 1.58E+00 | Size: 1.00E+00 | Time: 1ms
> Iteration 01 | Bound: [-13.467985, 0.120615] | l2 radius: 1.32E+00 | Size: 2.00E+00 | Time: 2ms
> Iteration 02 | Bound: [-10.171150, 0.100866] | l2 radius: 1.00E+00 | Size: 4.00E+00 | Time: 4ms
> Iteration 03 | Bound: [-9.205537, 0.053533] | l2 radius: 9.01E-01 | Size: 8.00E+00 | Time: 5ms
> Iteration 04 | Bound: [-8.064770, 0.055972] | l2 radius: 7.91E-01 | Size: 1.60E+01 | Time: 7ms
> Iteration 05 | Bound: [-6.764627, 0.029672] | l2 radius: 6.61E-01 | Size: 3.20E+01 | Time: 11ms
> Iteration 06 | Bound: [-5.105852, 0.030156] | l2 radius: 5.00E-01 | Size: 5.80E+01 | Time: 13ms
> Iteration 07 | Bound: [-4.603630, 0.025905] | l2 radius: 4.51E-01 | Size: 9.90E+01 | Time: 16ms
> Iteration 08 | Bound: [-3.988994, 0.071377] | l2 radius: 3.95E-01 | Size: 1.60E+02 | Time: 18ms
> Iteration 09 | Bound: [-3.323072, 0.074078] | l2 radius: 3.31E-01 | Size: 2.88E+02 | Time: 24ms
> Iteration 10 | Bound: [-2.482656, 0.085348] | l2 radius: 2.50E-01 | Size: 4.25E+02 | Time: 30ms
> Iteration 11 | Bound: [-2.231666, 0.083102] | l2 radius: 2.25E-01 | Size: 7.31E+02 | Time: 38ms
> Iteration 12 | Bound: [-1.950827, 0.079358] | l2 radius: 1.98E-01 | Size: 1.33E+03 | Time: 52ms
> Iteration 13 | Bound: [-1.619215, 0.079360] | l2 radius: 1.65E-01 | Size: 2.40E+03 | Time: 76ms
> Iteration 14 | Bound: [-1.040849, 0.072174] | l2 radius: 1.25E-01 | Size: 4.08E+03 | Time: 135ms
> Iteration 15 | Bound: [-0.847279, 0.072338] | l2 radius: 1.13E-01 | Size: 7.39E+03 | Time: 205ms
> Iteration 16 | Bound: [-0.648893, 0.069787] | l2 radius: 9.88E-02 | Size: 1.41E+04 | Time: 354ms
> Iteration 17 | Bound: [-0.430013, 0.068739] | l2 radius: 8.27E-02 | Size: 2.10E+04 | Time: 574ms
> Iteration 18 | Bound: [-0.224891, 0.069343] | l2 radius: 6.25E-02 | Size: 2.28E+04 | Time: 816ms
> Iteration 19 | Bound: [-0.174289, 0.069246] | l2 radius: 5.63E-02 | Size: 1.93E+04 | Time: 1s25ms
> Iteration 20 | Bound: [-0.125592, 0.067506] | l2 radius: 4.94E-02 | Size: 2.37E+04 | Time: 1s272ms
> Iteration 21 | Bound: [-0.068207, 0.067325] | l2 radius: 4.13E-02 | Size: 2.03E+04 | Time: 1s489ms
> Iteration 22 | Bound: [-0.015530, 0.067325] | l2 radius: 3.12E-02 | Size: 1.11E+04 | Time: 1s605ms
> Iteration 23 | Bound: [-0.002848, 0.067475] | l2 radius: 2.82E-02 | Size: 4.00E+02 | Time: 1s610ms
> Iteration 24 | Bound: [0.009330, 0.068049] | l2 radius: 2.47E-02 | Size: 1.60E+01 | Time: 1s612ms
> No region to refine. Done!
> Time for subregion 0000000009: 1s612ms
> Total time up to subregion 0000000009: 1m51s = 111.22423768043518 s
==> Subregion 0000000010 / 0000000016: 
==> [[ 0. -2. -1.  0.], [2. 0. 0. 1.]]
==> Lipschitz constant of the zero order test function: 10.272016
> Iteration 00 | Bound: [-16.006220, 0.235264] | l2 radius: 1.58E+00 | Size: 1.00E+00 | Time: 1ms
> Iteration 01 | Bound: [-13.475924, 0.112675] | l2 radius: 1.32E+00 | Size: 2.00E+00 | Time: 2ms
> Iteration 02 | Bound: [-10.191293, 0.080724] | l2 radius: 1.00E+00 | Size: 4.00E+00 | Time: 4ms
> Iteration 03 | Bound: [-9.214675, 0.044396] | l2 radius: 9.01E-01 | Size: 8.00E+00 | Time: 6ms
> Iteration 04 | Bound: [-8.075343, 0.045399] | l2 radius: 7.91E-01 | Size: 1.60E+01 | Time: 7ms
> Iteration 05 | Bound: [-6.742455, 0.051846] | l2 radius: 6.61E-01 | Size: 3.20E+01 | Time: 9ms
> Iteration 06 | Bound: [-5.088142, 0.047866] | l2 radius: 5.00E-01 | Size: 6.00E+01 | Time: 11ms
> Iteration 07 | Bound: [-4.594573, 0.034963] | l2 radius: 4.51E-01 | Size: 1.11E+02 | Time: 13ms
> Iteration 08 | Bound: [-4.024382, 0.035989] | l2 radius: 3.95E-01 | Size: 2.09E+02 | Time: 16ms
> Iteration 09 | Bound: [-3.341194, 0.055956] | l2 radius: 3.31E-01 | Size: 3.60E+02 | Time: 21ms
> Iteration 10 | Bound: [-2.478340, 0.089664] | l2 radius: 2.50E-01 | Size: 6.02E+02 | Time: 27ms
> Iteration 11 | Bound: [-2.193819, 0.120949] | l2 radius: 2.25E-01 | Size: 1.10E+03 | Time: 39ms
> Iteration 12 | Bound: [-1.909956, 0.120230] | l2 radius: 1.98E-01 | Size: 2.05E+03 | Time: 59ms
> Iteration 13 | Bound: [-1.559254, 0.139321] | l2 radius: 1.65E-01 | Size: 3.69E+03 | Time: 94ms
> Iteration 14 | Bound: [-0.918005, 0.139068] | l2 radius: 1.25E-01 | Size: 6.69E+03 | Time: 173ms
> Iteration 15 | Bound: [-0.702285, 0.155499] | l2 radius: 1.13E-01 | Size: 1.26E+04 | Time: 309ms
> Iteration 16 | Bound: [-0.508301, 0.154639] | l2 radius: 9.88E-02 | Size: 2.47E+04 | Time: 562ms
> Iteration 17 | Bound: [-0.312230, 0.155637] | l2 radius: 8.27E-02 | Size: 4.63E+04 | Time: 1s46ms
> Iteration 18 | Bound: [-0.117919, 0.151661] | l2 radius: 6.25E-02 | Size: 7.53E+04 | Time: 1s833ms
> Iteration 19 | Bound: [-0.060466, 0.158191] | l2 radius: 5.63E-02 | Size: 9.34E+03 | Time: 1s935ms
> Iteration 20 | Bound: [-0.010402, 0.159064] | l2 radius: 4.94E-02 | Size: 2.26E+03 | Time: 1s956ms
> Iteration 21 | Bound: [0.038047, 0.158741] | l2 radius: 4.13E-02 | Size: 3.60E+01 | Time: 1s958ms
> No region to refine. Done!
> Time for subregion 0000000010: 1s958ms
> Total time up to subregion 0000000010: 1m53s = 113.18294525146484 s
==> Subregion 0000000011 / 0000000016: 
==> [[-2.  0. -1.  0.], [0. 2. 0. 1.]]
==> Lipschitz constant of the zero order test function: 10.272016
> Iteration 00 | Bound: [-15.978662, 0.262822] | l2 radius: 1.58E+00 | Size: 1.00E+00 | Time: 1ms
> Iteration 01 | Bound: [-13.356376, 0.232225] | l2 radius: 1.32E+00 | Size: 2.00E+00 | Time: 2ms
> Iteration 02 | Bound: [-10.102359, 0.169658] | l2 radius: 1.00E+00 | Size: 4.00E+00 | Time: 4ms
> Iteration 03 | Bound: [-9.126760, 0.132310] | l2 radius: 9.01E-01 | Size: 8.00E+00 | Time: 5ms
> Iteration 04 | Bound: [-8.021852, 0.098890] | l2 radius: 7.91E-01 | Size: 1.60E+01 | Time: 7ms
> Iteration 05 | Bound: [-6.716381, 0.077920] | l2 radius: 6.61E-01 | Size: 3.20E+01 | Time: 9ms
> Iteration 06 | Bound: [-5.077111, 0.058897] | l2 radius: 5.00E-01 | Size: 6.40E+01 | Time: 10ms
> Iteration 07 | Bound: [-4.574604, 0.054931] | l2 radius: 4.51E-01 | Size: 1.27E+02 | Time: 13ms
> Iteration 08 | Bound: [-4.017033, 0.043338] | l2 radius: 3.95E-01 | Size: 2.48E+02 | Time: 16ms
> Iteration 09 | Bound: [-3.332206, 0.064944] | l2 radius: 3.31E-01 | Size: 4.66E+02 | Time: 21ms
> Iteration 10 | Bound: [-2.492616, 0.075388] | l2 radius: 2.50E-01 | Size: 8.29E+02 | Time: 30ms
> Iteration 11 | Bound: [-2.237928, 0.076840] | l2 radius: 2.25E-01 | Size: 1.56E+03 | Time: 47ms
> Iteration 12 | Bound: [-1.956288, 0.073897] | l2 radius: 1.98E-01 | Size: 2.90E+03 | Time: 74ms
> Iteration 13 | Bound: [-1.644881, 0.053694] | l2 radius: 1.65E-01 | Size: 5.47E+03 | Time: 140ms
> Iteration 14 | Bound: [-1.045555, 0.049047] | l2 radius: 1.25E-01 | Size: 1.02E+04 | Time: 250ms
> Iteration 15 | Bound: [-0.854167, 0.050159] | l2 radius: 1.13E-01 | Size: 1.98E+04 | Time: 461ms
> Iteration 16 | Bound: [-0.657328, 0.048557] | l2 radius: 9.88E-02 | Size: 3.81E+04 | Time: 846ms
> Iteration 17 | Bound: [-0.448766, 0.051396] | l2 radius: 8.27E-02 | Size: 7.29E+04 | Time: 1s585ms
> Iteration 18 | Bound: [-0.244303, 0.046777] | l2 radius: 6.25E-02 | Size: 1.04E+05 | Time: 2s667ms
> Iteration 19 | Bound: [-0.195957, 0.046472] | l2 radius: 5.63E-02 | Size: 5.78E+04 | Time: 3s267ms
> Iteration 20 | Bound: [-0.146906, 0.046668] | l2 radius: 4.94E-02 | Size: 6.08E+04 | Time: 3s911ms
> Iteration 21 | Bound: [-0.090931, 0.047209] | l2 radius: 4.13E-02 | Size: 5.72E+04 | Time: 4s495ms
> Iteration 22 | Bound: [-0.035194, 0.046124] | l2 radius: 3.12E-02 | Size: 4.15E+04 | Time: 4s949ms
> Iteration 23 | Bound: [-0.022555, 0.046269] | l2 radius: 2.82E-02 | Size: 1.69E+04 | Time: 5s124ms
> Iteration 24 | Bound: [-0.009383, 0.046075] | l2 radius: 2.47E-02 | Size: 1.22E+04 | Time: 5s251ms
> Iteration 25 | Bound: [0.004802, 0.045574] | l2 radius: 2.07E-02 | Size: 3.00E+03 | Time: 5s297ms
> No region to refine. Done!
> Time for subregion 0000000011: 5s297ms
> Total time up to subregion 0000000011: 1m58s = 118.48022866249084 s
==> Subregion 0000000012 / 0000000016: 
==> [[ 0.  0. -1.  0.], [2. 2. 0. 1.]]
==> Lipschitz constant of the zero order test function: 10.272016
> Iteration 00 | Bound: [-15.786947, 0.454536] | l2 radius: 1.58E+00 | Size: 1.00E+00 | Time: 1ms
> Iteration 01 | Bound: [-13.273731, 0.314869] | l2 radius: 1.32E+00 | Size: 2.00E+00 | Time: 2ms
> Iteration 02 | Bound: [-10.080618, 0.191399] | l2 radius: 1.00E+00 | Size: 4.00E+00 | Time: 4ms
> Iteration 03 | Bound: [-9.115270, 0.143800] | l2 radius: 9.01E-01 | Size: 8.00E+00 | Time: 6ms
> Iteration 04 | Bound: [-8.031096, 0.089646] | l2 radius: 7.91E-01 | Size: 1.60E+01 | Time: 8ms
> Iteration 05 | Bound: [-6.702879, 0.091421] | l2 radius: 6.61E-01 | Size: 3.20E+01 | Time: 9ms
> Iteration 06 | Bound: [-5.071975, 0.064034] | l2 radius: 5.00E-01 | Size: 6.40E+01 | Time: 11ms
> Iteration 07 | Bound: [-4.569408, 0.060127] | l2 radius: 4.51E-01 | Size: 1.28E+02 | Time: 13ms
> Iteration 08 | Bound: [-4.010061, 0.050310] | l2 radius: 3.95E-01 | Size: 2.51E+02 | Time: 17ms
> Iteration 09 | Bound: [-3.334907, 0.062243] | l2 radius: 3.31E-01 | Size: 4.92E+02 | Time: 23ms
> Iteration 10 | Bound: [-2.494400, 0.073604] | l2 radius: 2.50E-01 | Size: 9.29E+02 | Time: 32ms
> Iteration 11 | Bound: [-2.228599, 0.086169] | l2 radius: 2.25E-01 | Size: 1.79E+03 | Time: 49ms
> Iteration 12 | Bound: [-1.933257, 0.096929] | l2 radius: 1.98E-01 | Size: 3.44E+03 | Time: 81ms
> Iteration 13 | Bound: [-1.594968, 0.103607] | l2 radius: 1.65E-01 | Size: 6.56E+03 | Time: 162ms
> Iteration 14 | Bound: [-1.014630, 0.097816] | l2 radius: 1.25E-01 | Size: 1.27E+04 | Time: 297ms
> Iteration 15 | Bound: [-0.808605, 0.099183] | l2 radius: 1.13E-01 | Size: 2.48E+04 | Time: 554ms
> Iteration 16 | Bound: [-0.608695, 0.107027] | l2 radius: 9.88E-02 | Size: 4.85E+04 | Time: 1s52ms
> Iteration 17 | Bound: [-0.397988, 0.110819] | l2 radius: 8.27E-02 | Size: 8.74E+04 | Time: 1s952ms
> Iteration 18 | Bound: [-0.192539, 0.105419] | l2 radius: 6.25E-02 | Size: 1.02E+05 | Time: 3s4ms
> Iteration 19 | Bound: [-0.140265, 0.105995] | l2 radius: 5.63E-02 | Size: 3.38E+04 | Time: 3s360ms
> Iteration 20 | Bound: [-0.084734, 0.109115] | l2 radius: 4.94E-02 | Size: 2.84E+04 | Time: 3s647ms
> Iteration 21 | Bound: [-0.025462, 0.111805] | l2 radius: 4.13E-02 | Size: 1.33E+04 | Time: 3s787ms
> Iteration 22 | Bound: [0.024676, 0.107385] | l2 radius: 3.12E-02 | Size: 1.07E+03 | Time: 3s798ms
> No region to refine. Done!
> Time for subregion 0000000012: 3s798ms
> Total time up to subregion 0000000012: 2m2s = 122.27918291091919 s
==> Subregion 0000000013 / 0000000016: 
==> [[-2. -2.  0.  0.], [0. 0. 1. 1.]]
==> Lipschitz constant of the zero order test function: 10.272016
> Iteration 00 | Bound: [-16.152374, 0.089109] | l2 radius: 1.58E+00 | Size: 1.00E+00 | Time: 0ms
> Iteration 01 | Bound: [-13.473542, 0.115058] | l2 radius: 1.32E+00 | Size: 2.00E+00 | Time: 2ms
> Iteration 02 | Bound: [-10.162826, 0.109191] | l2 radius: 1.00E+00 | Size: 4.00E+00 | Time: 4ms
> Iteration 03 | Bound: [-9.168839, 0.090231] | l2 radius: 9.01E-01 | Size: 8.00E+00 | Time: 5ms
> Iteration 04 | Bound: [-8.028955, 0.091786] | l2 radius: 7.91E-01 | Size: 1.60E+01 | Time: 7ms
> Iteration 05 | Bound: [-6.723447, 0.070853] | l2 radius: 6.61E-01 | Size: 3.20E+01 | Time: 9ms
> Iteration 06 | Bound: [-5.086365, 0.049643] | l2 radius: 5.00E-01 | Size: 6.40E+01 | Time: 11ms
> Iteration 07 | Bound: [-4.579405, 0.050130] | l2 radius: 4.51E-01 | Size: 1.28E+02 | Time: 13ms
> Iteration 08 | Bound: [-4.010264, 0.050107] | l2 radius: 3.95E-01 | Size: 2.48E+02 | Time: 16ms
> Iteration 09 | Bound: [-3.346109, 0.051041] | l2 radius: 3.31E-01 | Size: 4.04E+02 | Time: 21ms
> Iteration 10 | Bound: [-2.514674, 0.053330] | l2 radius: 2.50E-01 | Size: 5.92E+02 | Time: 45ms
> Iteration 11 | Bound: [-2.263165, 0.051603] | l2 radius: 2.25E-01 | Size: 1.05E+03 | Time: 56ms
> Iteration 12 | Bound: [-1.974741, 0.055445] | l2 radius: 1.98E-01 | Size: 1.93E+03 | Time: 76ms
> Iteration 13 | Bound: [-1.642462, 0.056113] | l2 radius: 1.65E-01 | Size: 3.40E+03 | Time: 109ms
> Iteration 14 | Bound: [-1.035373, 0.060324] | l2 radius: 1.25E-01 | Size: 6.09E+03 | Time: 184ms
> Iteration 15 | Bound: [-0.832536, 0.058112] | l2 radius: 1.13E-01 | Size: 1.13E+04 | Time: 310ms
> Iteration 16 | Bound: [-0.636853, 0.057677] | l2 radius: 9.88E-02 | Size: 2.20E+04 | Time: 535ms
> Iteration 17 | Bound: [-0.434897, 0.061428] | l2 radius: 8.27E-02 | Size: 4.14E+04 | Time: 955ms
> Iteration 18 | Bound: [-0.227572, 0.060944] | l2 radius: 6.25E-02 | Size: 7.94E+04 | Time: 1s773ms
> Iteration 19 | Bound: [-0.175516, 0.062586] | l2 radius: 5.63E-02 | Size: 1.34E+05 | Time: 3s160ms
> Iteration 20 | Bound: [-0.124482, 0.062293] | l2 radius: 4.94E-02 | Size: 2.36E+05 | Time: 5s536ms
> Iteration 21 | Bound: [-0.069731, 0.062379] | l2 radius: 4.13E-02 | Size: 3.21E+05 | Time: 8s841ms
> Iteration 22 | Bound: [-0.013850, 0.061743] | l2 radius: 3.12E-02 | Size: 1.54E+05 | Time: 10s415ms
> Iteration 23 | Bound: [-0.001686, 0.062657] | l2 radius: 2.82E-02 | Size: 6.54E+02 | Time: 10s441ms
> Iteration 24 | Bound: [0.013396, 0.067281] | l2 radius: 2.47E-02 | Size: 8.00E+00 | Time: 10s443ms
> No region to refine. Done!
> Time for subregion 0000000013: 10s443ms
> Total time up to subregion 0000000013: 2m12s = 132.72238636016846 s
==> Subregion 0000000014 / 0000000016: 
==> [[ 0. -2.  0.  0.], [2. 0. 1. 1.]]
==> Lipschitz constant of the zero order test function: 10.272016
> Iteration 00 | Bound: [-15.900636, 0.340848] | l2 radius: 1.58E+00 | Size: 1.00E+00 | Time: 1ms
> Iteration 01 | Bound: [-13.324475, 0.264125] | l2 radius: 1.32E+00 | Size: 2.00E+00 | Time: 2ms
> Iteration 02 | Bound: [-10.058682, 0.213334] | l2 radius: 1.00E+00 | Size: 4.00E+00 | Time: 4ms
> Iteration 03 | Bound: [-9.072526, 0.186544] | l2 radius: 9.01E-01 | Size: 8.00E+00 | Time: 5ms
> Iteration 04 | Bound: [-7.938684, 0.182058] | l2 radius: 7.91E-01 | Size: 1.60E+01 | Time: 7ms
> Iteration 05 | Bound: [-6.647329, 0.146971] | l2 radius: 6.61E-01 | Size: 3.20E+01 | Time: 9ms
> Iteration 06 | Bound: [-5.023634, 0.112374] | l2 radius: 5.00E-01 | Size: 6.40E+01 | Time: 11ms
> Iteration 07 | Bound: [-4.530643, 0.098893] | l2 radius: 4.51E-01 | Size: 1.28E+02 | Time: 13ms
> Iteration 08 | Bound: [-3.961673, 0.098698] | l2 radius: 3.95E-01 | Size: 2.56E+02 | Time: 16ms
> Iteration 09 | Bound: [-3.315109, 0.082041] | l2 radius: 3.31E-01 | Size: 4.98E+02 | Time: 21ms
> Iteration 10 | Bound: [-2.437700, 0.130304] | l2 radius: 2.50E-01 | Size: 8.20E+02 | Time: 31ms
> Iteration 11 | Bound: [-2.192948, 0.121820] | l2 radius: 2.25E-01 | Size: 1.50E+03 | Time: 46ms
> Iteration 12 | Bound: [-1.891341, 0.138844] | l2 radius: 1.98E-01 | Size: 2.85E+03 | Time: 72ms
> Iteration 13 | Bound: [-1.555103, 0.143472] | l2 radius: 1.65E-01 | Size: 5.36E+03 | Time: 121ms
> Iteration 14 | Bound: [-0.910946, 0.144835] | l2 radius: 1.25E-01 | Size: 1.01E+04 | Time: 228ms
> Iteration 15 | Bound: [-0.717521, 0.149541] | l2 radius: 1.13E-01 | Size: 1.94E+04 | Time: 434ms
> Iteration 16 | Bound: [-0.519727, 0.148992] | l2 radius: 9.88E-02 | Size: 3.81E+04 | Time: 815ms
> Iteration 17 | Bound: [-0.316025, 0.152798] | l2 radius: 8.27E-02 | Size: 6.84E+04 | Time: 1s513ms
> Iteration 18 | Bound: [-0.120101, 0.153357] | l2 radius: 6.25E-02 | Size: 7.79E+04 | Time: 2s314ms
> Iteration 19 | Bound: [-0.070479, 0.152759] | l2 radius: 5.63E-02 | Size: 1.70E+04 | Time: 2s488ms
> Iteration 20 | Bound: [-0.021867, 0.155391] | l2 radius: 4.94E-02 | Size: 6.94E+03 | Time: 2s566ms
> Iteration 21 | Bound: [0.028104, 0.154750] | l2 radius: 4.13E-02 | Size: 1.95E+02 | Time: 2s569ms
> No region to refine. Done!
> Time for subregion 0000000014: 2s569ms
> Total time up to subregion 0000000014: 2m15s = 135.2923138141632 s
==> Subregion 0000000015 / 0000000016: 
==> [[-2.  0.  0.  0.], [0. 2. 1. 1.]]
==> Lipschitz constant of the zero order test function: 10.272016
> Iteration 00 | Bound: [-15.936936, 0.304547] | l2 radius: 1.58E+00 | Size: 1.00E+00 | Time: 1ms
> Iteration 01 | Bound: [-13.287887, 0.300713] | l2 radius: 1.32E+00 | Size: 2.00E+00 | Time: 2ms
> Iteration 02 | Bound: [-10.045445, 0.226571] | l2 radius: 1.00E+00 | Size: 4.00E+00 | Time: 4ms
> Iteration 03 | Bound: [-9.034127, 0.224944] | l2 radius: 9.01E-01 | Size: 8.00E+00 | Time: 5ms
> Iteration 04 | Bound: [-7.930992, 0.189750] | l2 radius: 7.91E-01 | Size: 1.60E+01 | Time: 7ms
> Iteration 05 | Bound: [-6.653210, 0.141090] | l2 radius: 6.61E-01 | Size: 3.20E+01 | Time: 9ms
> Iteration 06 | Bound: [-5.058677, 0.077332] | l2 radius: 5.00E-01 | Size: 6.40E+01 | Time: 10ms
> Iteration 07 | Bound: [-4.561226, 0.068309] | l2 radius: 4.51E-01 | Size: 1.28E+02 | Time: 13ms
> Iteration 08 | Bound: [-3.999135, 0.061236] | l2 radius: 3.95E-01 | Size: 2.56E+02 | Time: 16ms
> Iteration 09 | Bound: [-3.336963, 0.060187] | l2 radius: 3.31E-01 | Size: 5.08E+02 | Time: 21ms
> Iteration 10 | Bound: [-2.512073, 0.055931] | l2 radius: 2.50E-01 | Size: 9.64E+02 | Time: 31ms
> Iteration 11 | Bound: [-2.258013, 0.056754] | l2 radius: 2.25E-01 | Size: 1.86E+03 | Time: 48ms
> Iteration 12 | Bound: [-1.971382, 0.058803] | l2 radius: 1.98E-01 | Size: 3.56E+03 | Time: 97ms
> Iteration 13 | Bound: [-1.640443, 0.058132] | l2 radius: 1.65E-01 | Size: 6.80E+03 | Time: 158ms
> Iteration 14 | Bound: [-1.039844, 0.057905] | l2 radius: 1.25E-01 | Size: 1.31E+04 | Time: 290ms
> Iteration 15 | Bound: [-0.850170, 0.057861] | l2 radius: 1.13E-01 | Size: 2.56E+04 | Time: 569ms
> Iteration 16 | Bound: [-0.650382, 0.057830] | l2 radius: 9.88E-02 | Size: 5.01E+04 | Time: 1s73ms
> Iteration 17 | Bound: [-0.448484, 0.056228] | l2 radius: 8.27E-02 | Size: 9.78E+04 | Time: 2s61ms
> Iteration 18 | Bound: [-0.238751, 0.054939] | l2 radius: 6.25E-02 | Size: 1.60E+05 | Time: 3s691ms
> Iteration 19 | Bound: [-0.189246, 0.055216] | l2 radius: 5.63E-02 | Size: 7.38E+04 | Time: 4s458ms
> Iteration 20 | Bound: [-0.138262, 0.054885] | l2 radius: 4.94E-02 | Size: 7.17E+04 | Time: 5s187ms
> Iteration 21 | Bound: [-0.085247, 0.053202] | l2 radius: 4.13E-02 | Size: 6.03E+04 | Time: 5s802ms
> Iteration 22 | Bound: [-0.029259, 0.053013] | l2 radius: 3.12E-02 | Size: 4.59E+04 | Time: 6s272ms
> Iteration 23 | Bound: [-0.016349, 0.053078] | l2 radius: 2.82E-02 | Size: 1.37E+04 | Time: 6s412ms
> Iteration 24 | Bound: [-0.003374, 0.052983] | l2 radius: 2.47E-02 | Size: 3.65E+03 | Time: 6s463ms
> Iteration 25 | Bound: [0.010966, 0.052014] | l2 radius: 2.07E-02 | Size: 1.92E+02 | Time: 6s466ms
> No region to refine. Done!
> Time for subregion 0000000015: 6s466ms
> Total time up to subregion 0000000015: 2m21s = 141.758882522583 s
==> Subregion 0000000016 / 0000000016: 
==> [[0. 0. 0. 0.], [2. 2. 1. 1.]]
==> Lipschitz constant of the zero order test function: 10.272016
> Iteration 00 | Bound: [-15.740075, 0.501409] | l2 radius: 1.58E+00 | Size: 1.00E+00 | Time: 1ms
> Iteration 01 | Bound: [-13.218796, 0.369805] | l2 radius: 1.32E+00 | Size: 2.00E+00 | Time: 2ms
> Iteration 02 | Bound: [-9.972663, 0.299353] | l2 radius: 1.00E+00 | Size: 4.00E+00 | Time: 4ms
> Iteration 03 | Bound: [-8.969954, 0.289117] | l2 radius: 9.01E-01 | Size: 8.00E+00 | Time: 5ms
> Iteration 04 | Bound: [-7.865308, 0.255434] | l2 radius: 7.91E-01 | Size: 1.60E+01 | Time: 7ms
> Iteration 05 | Bound: [-6.571375, 0.222925] | l2 radius: 6.61E-01 | Size: 3.20E+01 | Time: 9ms
> Iteration 06 | Bound: [-4.984653, 0.151356] | l2 radius: 5.00E-01 | Size: 6.40E+01 | Time: 11ms
> Iteration 07 | Bound: [-4.495414, 0.134121] | l2 radius: 4.51E-01 | Size: 1.28E+02 | Time: 13ms
> Iteration 08 | Bound: [-3.940080, 0.120291] | l2 radius: 3.95E-01 | Size: 2.56E+02 | Time: 16ms
> Iteration 09 | Bound: [-3.298016, 0.099134] | l2 radius: 3.31E-01 | Size: 5.12E+02 | Time: 22ms
> Iteration 10 | Bound: [-2.460809, 0.107195] | l2 radius: 2.50E-01 | Size: 1.01E+03 | Time: 32ms
> Iteration 11 | Bound: [-2.193126, 0.121641] | l2 radius: 2.25E-01 | Size: 1.99E+03 | Time: 50ms
> Iteration 12 | Bound: [-1.899524, 0.130661] | l2 radius: 1.98E-01 | Size: 3.88E+03 | Time: 85ms
> Iteration 13 | Bound: [-1.565488, 0.133087] | l2 radius: 1.65E-01 | Size: 7.58E+03 | Time: 169ms
> Iteration 14 | Bound: [-0.968081, 0.131464] | l2 radius: 1.25E-01 | Size: 1.48E+04 | Time: 315ms
> Iteration 15 | Bound: [-0.751574, 0.141520] | l2 radius: 1.13E-01 | Size: 2.93E+04 | Time: 630ms
> Iteration 16 | Bound: [-0.545138, 0.148014] | l2 radius: 9.88E-02 | Size: 5.74E+04 | Time: 1s214ms
> Iteration 17 | Bound: [-0.343422, 0.146694] | l2 radius: 8.27E-02 | Size: 1.02E+05 | Time: 2s241ms
> Iteration 18 | Bound: [-0.143177, 0.142219] | l2 radius: 6.25E-02 | Size: 1.14E+05 | Time: 3s397ms
> Iteration 19 | Bound: [-0.091705, 0.144350] | l2 radius: 5.63E-02 | Size: 1.87E+04 | Time: 3s601ms
> Iteration 20 | Bound: [-0.036983, 0.145620] | l2 radius: 4.94E-02 | Size: 7.10E+03 | Time: 3s665ms
> Iteration 21 | Bound: [0.017513, 0.148089] | l2 radius: 4.13E-02 | Size: 8.25E+02 | Time: 3s674ms
> No region to refine. Done!
> Time for subregion 0000000016: 3s674ms
> Total time up to subregion 0000000016: 2m25s = 145.4333164691925 s
> Total time excluding drawing: 2m25s = 145.4333164691925 s
> Success: True
==> Done!
