==> Creating result directory ...
==> Loading test settings ...
==> Deciding torch device ...
==> torch device:  cuda
==> Seeding everything ...
==> Building dynamical system ...
==> Building cbf neural network ...
==========================================================================================
Layer (type:depth-idx)                   Output Shape              Param #
==========================================================================================
LipschitzNetwork                         [1, 1]                    --
├─Sequential: 1-1                        [1, 1]                    --
│    └─SandwichFc: 2-1                   [1, 128]                  16,897
│    └─SandwichFc: 2-2                   [1, 128]                  33,025
│    └─SandwichLin: 2-3                  [1, 1]                    131
==========================================================================================
Total params: 50,053
Trainable params: 49,797
Non-trainable params: 256
Total mult-adds (M): 0.05
==========================================================================================
Input size (MB): 0.00
Forward/backward pass size (MB): 0.00
Params size (MB): 0.20
Estimated Total Size (MB): 0.20
==========================================================================================
==> Lipschitz constant of CBF network: 1.000000
==> Amount of training data:  1500
==> Creating training data ...
==> Start training ...
Epoch: 001 | Train Loss: 6.7739E-02 | CBF GN: 3.2874E+00 | Time: 107ms
Epoch: 001 | Test Loss: 6.3445E-02 | Time: 7ms
> Save at epoch 001 | Test loss 6.3445E-02
Epoch: 002 | Test Loss: 7.1223E-02 | Time: 8ms
Epoch: 003 | Test Loss: 5.3399E-02 | Time: 7ms
> Save at epoch 003 | Test loss 5.3399E-02
Epoch: 004 | Test Loss: 4.2196E-02 | Time: 7ms
> Save at epoch 004 | Test loss 4.2196E-02
Epoch: 005 | Test Loss: 3.0121E-02 | Time: 7ms
> Save at epoch 005 | Test loss 3.0121E-02
Epoch: 006 | Train Loss: 3.1924E-02 | CBF GN: 1.3488E+00 | Time: 25ms
Epoch: 006 | Test Loss: 5.1616E-02 | Time: 7ms
Epoch: 007 | Test Loss: 7.9444E-03 | Time: 7ms
> Save at epoch 007 | Test loss 7.9444E-03
Epoch: 008 | Test Loss: 9.1722E-03 | Time: 7ms
Epoch: 009 | Test Loss: 2.4233E-02 | Time: 7ms
Epoch: 010 | Test Loss: 3.4809E-02 | Time: 7ms
Epoch: 011 | Train Loss: 2.8960E-02 | CBF GN: 7.0329E-01 | Time: 25ms
Epoch: 011 | Test Loss: 1.8332E-02 | Time: 7ms
Epoch: 012 | Test Loss: 2.2356E-02 | Time: 7ms
Epoch: 013 | Test Loss: 1.6988E-02 | Time: 7ms
Epoch: 014 | Test Loss: 1.5002E-02 | Time: 7ms
Epoch: 015 | Test Loss: 3.1688E-03 | Time: 7ms
> Save at epoch 015 | Test loss 3.1688E-03
Epoch: 016 | Train Loss: 7.7502E-03 | CBF GN: 2.9460E-01 | Time: 25ms
Epoch: 016 | Test Loss: 8.6394E-03 | Time: 7ms
Epoch: 017 | Test Loss: 4.4031E-03 | Time: 7ms
Epoch: 018 | Test Loss: 1.0545E-02 | Time: 7ms
Epoch: 019 | Test Loss: 7.1663E-03 | Time: 7ms
Epoch: 020 | Test Loss: 6.7860E-03 | Time: 7ms
Epoch: 021 | Train Loss: 5.1564E-03 | CBF GN: 2.3508E-01 | Time: 25ms
Epoch: 021 | Test Loss: 2.8473E-03 | Time: 7ms
> Save at epoch 021 | Test loss 2.8473E-03
Epoch: 022 | Test Loss: 2.7048E-03 | Time: 7ms
> Save at epoch 022 | Test loss 2.7048E-03
Epoch: 023 | Test Loss: 4.5664E-03 | Time: 7ms
Epoch: 024 | Test Loss: 2.9194E-03 | Time: 7ms
Epoch: 025 | Test Loss: 1.3417E-03 | Time: 7ms
> Save at epoch 025 | Test loss 1.3417E-03
Epoch: 026 | Train Loss: 1.6810E-03 | CBF GN: 8.2783E-02 | Time: 25ms
Epoch: 026 | Test Loss: 7.1816E-04 | Time: 7ms
> Save at epoch 026 | Test loss 7.1816E-04
Epoch: 027 | Test Loss: 1.0785E-03 | Time: 7ms
Epoch: 028 | Test Loss: 8.1045E-04 | Time: 7ms
Epoch: 029 | Test Loss: 8.1022E-04 | Time: 7ms
Epoch: 030 | Test Loss: 7.7659E-04 | Time: 7ms
Epoch: 031 | Train Loss: 9.9296E-04 | CBF GN: 8.6233E-02 | Time: 25ms
Epoch: 031 | Test Loss: 6.8340E-04 | Time: 7ms
> Save at epoch 031 | Test loss 6.8340E-04
Epoch: 032 | Test Loss: 5.8005E-04 | Time: 7ms
> Save at epoch 032 | Test loss 5.8005E-04
Epoch: 033 | Test Loss: 7.0416E-04 | Time: 7ms
Epoch: 034 | Test Loss: 5.6149E-04 | Time: 7ms
> Save at epoch 034 | Test loss 5.6149E-04
Epoch: 035 | Test Loss: 4.5193E-04 | Time: 7ms
> Save at epoch 035 | Test loss 4.5193E-04
Epoch: 036 | Train Loss: 6.7571E-04 | CBF GN: 8.0706E-02 | Time: 25ms
Epoch: 036 | Test Loss: 4.6830E-04 | Time: 7ms
Epoch: 037 | Test Loss: 3.5606E-04 | Time: 7ms
> Save at epoch 037 | Test loss 3.5606E-04
Epoch: 038 | Test Loss: 5.0808E-04 | Time: 7ms
Epoch: 039 | Test Loss: 3.7499E-04 | Time: 7ms
Epoch: 040 | Test Loss: 4.6409E-04 | Time: 7ms
Epoch: 041 | Train Loss: 5.3549E-04 | CBF GN: 7.5866E-02 | Time: 25ms
Epoch: 041 | Test Loss: 5.6397E-04 | Time: 7ms
Epoch: 042 | Test Loss: 4.4616E-04 | Time: 7ms
Epoch: 043 | Test Loss: 3.7126E-04 | Time: 7ms
Epoch: 044 | Test Loss: 3.5579E-04 | Time: 7ms
> Save at epoch 044 | Test loss 3.5579E-04
Epoch: 045 | Test Loss: 4.8001E-04 | Time: 7ms
Epoch: 046 | Train Loss: 5.7397E-04 | CBF GN: 3.6580E-02 | Time: 25ms
Epoch: 046 | Test Loss: 3.7577E-04 | Time: 7ms
Epoch: 047 | Test Loss: 2.4402E-04 | Time: 7ms
> Save at epoch 047 | Test loss 2.4402E-04
Epoch: 048 | Test Loss: 3.6650E-04 | Time: 7ms
Epoch: 049 | Test Loss: 3.2935E-04 | Time: 7ms
Epoch: 050 | Test Loss: 3.9114E-04 | Time: 7ms
Epoch: 051 | Train Loss: 4.9697E-04 | CBF GN: 2.6096E-02 | Time: 25ms
Epoch: 051 | Test Loss: 4.5857E-04 | Time: 7ms
Epoch: 052 | Test Loss: 3.8626E-04 | Time: 7ms
Epoch: 053 | Test Loss: 5.3877E-04 | Time: 7ms
Epoch: 054 | Test Loss: 5.6750E-04 | Time: 32ms
Epoch: 055 | Test Loss: 5.0613E-04 | Time: 7ms
Epoch: 056 | Train Loss: 6.2500E-04 | CBF GN: 4.1701E-02 | Time: 25ms
Epoch: 056 | Test Loss: 4.6662E-04 | Time: 7ms
Epoch: 057 | Test Loss: 4.7841E-04 | Time: 7ms
Epoch: 058 | Test Loss: 5.0444E-04 | Time: 7ms
Epoch: 059 | Test Loss: 2.0129E-04 | Time: 7ms
> Save at epoch 059 | Test loss 2.0129E-04
Epoch: 060 | Test Loss: 3.5468E-04 | Time: 7ms
Epoch: 061 | Train Loss: 4.7224E-04 | CBF GN: 2.9300E-02 | Time: 25ms
Epoch: 061 | Test Loss: 2.8085E-04 | Time: 7ms
Epoch: 062 | Test Loss: 4.2775E-04 | Time: 7ms
Epoch: 063 | Test Loss: 4.4658E-04 | Time: 7ms
Epoch: 064 | Test Loss: 4.7740E-04 | Time: 7ms
Epoch: 065 | Test Loss: 3.1549E-04 | Time: 7ms
Epoch: 066 | Train Loss: 4.5640E-04 | CBF GN: 3.8289E-02 | Time: 25ms
Epoch: 066 | Test Loss: 2.8130E-04 | Time: 7ms
Epoch: 067 | Test Loss: 3.6892E-04 | Time: 7ms
Epoch: 068 | Test Loss: 3.3079E-04 | Time: 7ms
Epoch: 069 | Test Loss: 3.8877E-04 | Time: 7ms
Epoch: 070 | Test Loss: 3.6392E-04 | Time: 7ms
Epoch: 071 | Train Loss: 4.5519E-04 | CBF GN: 4.0805E-02 | Time: 24ms
Epoch: 071 | Test Loss: 3.0455E-04 | Time: 7ms
Epoch: 072 | Test Loss: 3.0390E-04 | Time: 7ms
Epoch: 073 | Test Loss: 2.7288E-04 | Time: 7ms
Epoch: 074 | Test Loss: 2.9515E-04 | Time: 7ms
Epoch: 075 | Test Loss: 3.0570E-04 | Time: 7ms
Epoch: 076 | Train Loss: 3.9375E-04 | CBF GN: 2.5727E-02 | Time: 24ms
Epoch: 076 | Test Loss: 2.5209E-04 | Time: 7ms
Epoch: 077 | Test Loss: 3.6012E-04 | Time: 7ms
Epoch: 078 | Test Loss: 2.6566E-04 | Time: 7ms
Epoch: 079 | Test Loss: 3.2210E-04 | Time: 7ms
Epoch: 080 | Test Loss: 2.8596E-04 | Time: 7ms
Epoch: 081 | Train Loss: 4.0596E-04 | CBF GN: 4.0988E-02 | Time: 25ms
Epoch: 081 | Test Loss: 2.9836E-04 | Time: 7ms
Epoch: 082 | Test Loss: 2.7946E-04 | Time: 7ms
Epoch: 083 | Test Loss: 2.6874E-04 | Time: 7ms
Epoch: 084 | Test Loss: 2.8852E-04 | Time: 7ms
Epoch: 085 | Test Loss: 2.7143E-04 | Time: 7ms
Epoch: 086 | Train Loss: 3.8478E-04 | CBF GN: 1.5294E-02 | Time: 25ms
Epoch: 086 | Test Loss: 2.6598E-04 | Time: 7ms
Epoch: 087 | Test Loss: 2.7214E-04 | Time: 7ms
Epoch: 088 | Test Loss: 2.8486E-04 | Time: 7ms
Epoch: 089 | Test Loss: 2.7632E-04 | Time: 7ms
Epoch: 090 | Test Loss: 2.6847E-04 | Time: 7ms
Epoch: 091 | Train Loss: 3.8017E-04 | CBF GN: 2.3553E-02 | Time: 25ms
Epoch: 091 | Test Loss: 2.6621E-04 | Time: 7ms
Epoch: 092 | Test Loss: 2.7464E-04 | Time: 8ms
Epoch: 093 | Test Loss: 2.8193E-04 | Time: 8ms
Epoch: 094 | Test Loss: 2.7594E-04 | Time: 8ms
Epoch: 095 | Test Loss: 2.6714E-04 | Time: 10ms
Epoch: 096 | Train Loss: 3.6447E-04 | CBF GN: 3.3313E-02 | Time: 27ms
Epoch: 096 | Test Loss: 2.6173E-04 | Time: 9ms
Epoch: 097 | Test Loss: 2.7177E-04 | Time: 7ms
Epoch: 098 | Test Loss: 2.7125E-04 | Time: 7ms
Epoch: 099 | Test Loss: 2.6760E-04 | Time: 7ms
Epoch: 100 | Test Loss: 2.7319E-04 | Time: 7ms
Total time: 3s453ms
==> Visualizing training and test losses ...
==> Computing the smoothness constants ...
> Lipschitz constant of CBF network: 1.000000
> Hessian bound of CBF network: 4.355212
==> Saving the training results ...
==> Visualizing the CBF function and feasibility condition ...
==> Checking the safe and unsafe set ...
> Safe set percentage: 0.6081
> Unsafe set percentage: 0.9965
> Feasibility percentage: 0.9754
> Success:  False
==> Saving the feasibility results ...
==> Visualizing the CBF function and stability condition ...
==> Visualizing the feasibility condition ...
==> Done!
