==> Creating result directory ...
==> Loading test settings ...
==> Deciding torch device ...
==> torch device:  cuda
==> Building dynamical system ...
==> Building cbf neural network ...
==> Lipschitz constant of CBF network: 4.000000
==> Hessian bound of CBF network: 17.420848
==> Third order elementwise bound of CBF network: 128.000000
==> Number of subregions: 1
==> Subregion 0000000001 / 0000000001: 
==> [[-3.14 -5.  ], [3.14 5.  ]]
==> Lipschitz constant of the zero order test function: 440.413332
> Iteration 00 | Bound: [-2600.213623, 0.075733] | l2 radius: 5.90E+00 | Size: 1.00E+00 | Time: 77ms
> Iteration 01 | Bound: [-1767.100708, 0.575958] | l2 radius: 4.01E+00 | Size: 2.00E+00 | Time: 80ms
> Iteration 02 | Bound: [-1300.129883, 0.014827] | l2 radius: 2.95E+00 | Size: 4.00E+00 | Time: 83ms
> Iteration 03 | Bound: [-883.818848, 0.019446] | l2 radius: 2.01E+00 | Size: 8.00E+00 | Time: 85ms
> Iteration 04 | Bound: [-650.056946, 0.015368] | l2 radius: 1.48E+00 | Size: 1.60E+01 | Time: 89ms
> Iteration 05 | Bound: [-441.901825, 0.017324] | l2 radius: 1.00E+00 | Size: 3.20E+01 | Time: 93ms
> Iteration 06 | Bound: [-325.033234, 0.002932] | l2 radius: 7.38E-01 | Size: 6.40E+01 | Time: 98ms
> Iteration 07 | Bound: [-220.957642, 0.001936] | l2 radius: 5.02E-01 | Size: 1.28E+02 | Time: 103ms
> Iteration 08 | Bound: [-162.530731, 0.000356] | l2 radius: 3.69E-01 | Size: 2.56E+02 | Time: 118ms
> Iteration 09 | Bound: [-110.493134, 0.000831] | l2 radius: 2.51E-01 | Size: 5.12E+02 | Time: 127ms
> Iteration 10 | Bound: [-66.276329, 0.000333] | l2 radius: 1.85E-01 | Size: 1.02E+03 | Time: 142ms
> Iteration 11 | Bound: [-30.644684, 0.001127] | l2 radius: 1.25E-01 | Size: 2.05E+03 | Time: 182ms
> Iteration 12 | Bound: [-16.592670, 0.000074] | l2 radius: 9.23E-02 | Size: 3.96E+03 | Time: 201ms
> Iteration 13 | Bound: [-7.686792, 0.000189] | l2 radius: 6.27E-02 | Size: 6.35E+03 | Time: 262ms
> Iteration 14 | Bound: [-4.149600, 0.000006] | l2 radius: 4.61E-02 | Size: 1.01E+04 | Time: 331ms
> Iteration 15 | Bound: [-1.908346, 0.006437] | l2 radius: 3.14E-02 | Size: 1.75E+04 | Time: 435ms
> Iteration 16 | Bound: [-1.026813, 0.008292] | l2 radius: 2.31E-02 | Size: 3.29E+04 | Time: 648ms
> Iteration 17 | Bound: [-0.470077, 0.008290] | l2 radius: 1.57E-02 | Size: 6.33E+04 | Time: 1s42ms
> Iteration 18 | Bound: [-0.250499, 0.008291] | l2 radius: 1.15E-02 | Size: 8.41E+04 | Time: 1s541ms
> Iteration 19 | Bound: [-0.111312, 0.008291] | l2 radius: 7.84E-03 | Size: 1.18E+05 | Time: 2s226ms
> Iteration 20 | Bound: [-0.056412, 0.008290] | l2 radius: 5.77E-03 | Size: 1.59E+05 | Time: 3s147ms
> Iteration 21 | Bound: [-0.021614, 0.008290] | l2 radius: 3.92E-03 | Size: 2.23E+05 | Time: 4s432ms
> Iteration 22 | Bound: [-0.007888, 0.008289] | l2 radius: 2.88E-03 | Size: 2.40E+05 | Time: 5s755ms
> Iteration 23 | Bound: [0.000811, 0.008289] | l2 radius: 1.96E-03 | Size: 2.07E+05 | Time: 6s956ms
> No region to refine. Done!
> Time for subregion 0000000001: 6s956ms
> Total time up to subregion 0000000001: 6s956ms = 6.956460237503052 s
> Total time excluding drawing: 6s956ms = 6.956460237503052 s
> Success: True
==> Done!
