==> Creating result directory ...
==> Loading test settings ...
==> Deciding torch device ...
==> torch device:  cuda
==> Building cbf neural network ...
==> Lipschitz constant of CBF network: 2.000000
==> Hessian bound of CBF network: 6.159200
==> Third order elementwise bound of CBF network: 32.000000
==> Number of subregions: 1
==> Subregion 0000000001 / 0000000001: 
==> [[-0.5  -2.   -1.57], [0.5  0.   1.57]]
> Iteration 00 | Bound: [-0.595441, 3.259374] | l2 radius: 1.93E+00 | Size: 1.00E+00 | Time: 69ms
> Iteration 01 | Bound: [-0.600571, 2.131626] | l2 radius: 1.37E+00 | Size: 2.00E+00 | Time: 73ms
> Iteration 02 | Bound: [-0.507515, 1.605516] | l2 radius: 1.06E+00 | Size: 4.00E+00 | Time: 75ms
> Iteration 03 | Bound: [-0.487729, 1.129746] | l2 radius: 8.09E-01 | Size: 8.00E+00 | Time: 76ms
> Iteration 04 | Bound: [-0.400451, 0.965647] | l2 radius: 6.83E-01 | Size: 1.60E+01 | Time: 77ms
> Iteration 05 | Bound: [-0.330712, 0.725804] | l2 radius: 5.28E-01 | Size: 3.20E+01 | Time: 83ms
> Iteration 06 | Bound: [-0.308319, 0.433342] | l2 radius: 4.04E-01 | Size: 6.40E+01 | Time: 86ms
> Iteration 07 | Bound: [-0.240066, 0.299999] | l2 radius: 3.42E-01 | Size: 9.20E+01 | Time: 88ms
> Iteration 08 | Bound: [-0.193044, 0.161734] | l2 radius: 2.64E-01 | Size: 9.20E+01 | Time: 91ms
> Iteration 09 | Bound: [-0.114455, 0.056007] | l2 radius: 2.02E-01 | Size: 4.80E+01 | Time: 93ms
> Iteration 10 | Bound: [-0.084464, 0.016029] | l2 radius: 1.71E-01 | Size: 1.20E+01 | Time: 95ms
> Iteration 11 | Bound: [-0.060784, -0.010514] | l2 radius: 1.32E-01 | Size: 2.00E+00 | Time: 97ms
> No region to refine. Done!
> Time for subregion 0000000001: 97ms
> Total time up to subregion 0000000001: 97ms = 0.09734845161437988 s
> Total time excluding drawing: 97ms = 0.09734845161437988 s
> Success: True
==> Done!
