==> Creating result directory ...
==> Loading test settings ...
==> Deciding torch device ...
==> torch device:  cuda
==> Seeding everything ...
==> Building dynamical system ...
==> Building cbf neural network ...
==========================================================================================
Layer (type:depth-idx)                   Output Shape              Param #
==========================================================================================
LipschitzNetwork                         [1, 1]                    --
├─Sequential: 1-1                        [1, 1]                    --
│    └─SandwichFc: 2-1                   [1, 256]                  66,817
│    └─SandwichLin: 2-2                  [1, 1]                    259
==========================================================================================
Total params: 67,076
Trainable params: 66,820
Non-trainable params: 256
Total mult-adds (M): 0.07
==========================================================================================
Input size (MB): 0.00
Forward/backward pass size (MB): 0.00
Params size (MB): 0.27
Estimated Total Size (MB): 0.27
==========================================================================================
==> Lipschitz constant of CBF network: 2.000000
==> Amount of training data:  48000
==> Creating training data ...
==> Start training ...
Epoch: 001 | Train Loss: 2.7764E-01 | CBF GN: 5.4676E+00 | Time: 574ms
Epoch: 001 | Test Loss: 9.2917E-02 | Time: 186ms
> Save at epoch 001 | Test loss 9.2917E-02
Epoch: 002 | Test Loss: 3.6469E-03 | Time: 161ms
> Save at epoch 002 | Test loss 3.6469E-03
Epoch: 003 | Test Loss: 9.6442E-04 | Time: 163ms
> Save at epoch 003 | Test loss 9.6442E-04
Epoch: 004 | Test Loss: 1.0780E-03 | Time: 196ms
Epoch: 005 | Test Loss: 1.0898E-03 | Time: 173ms
Epoch: 006 | Train Loss: 2.2971E-03 | CBF GN: 1.2342E-01 | Time: 499ms
Epoch: 006 | Test Loss: 1.0929E-03 | Time: 162ms
Epoch: 007 | Test Loss: 1.0648E-03 | Time: 162ms
Epoch: 008 | Test Loss: 1.0017E-03 | Time: 165ms
Epoch: 009 | Test Loss: 9.0810E-04 | Time: 164ms
> Save at epoch 009 | Test loss 9.0810E-04
Epoch: 010 | Test Loss: 8.8826E-04 | Time: 175ms
> Save at epoch 010 | Test loss 8.8826E-04
Epoch: 011 | Train Loss: 1.3621E-03 | CBF GN: 7.9722E-02 | Time: 498ms
Epoch: 011 | Test Loss: 9.1399E-04 | Time: 189ms
Epoch: 012 | Test Loss: 8.7421E-04 | Time: 167ms
> Save at epoch 012 | Test loss 8.7421E-04
Epoch: 013 | Test Loss: 8.5067E-04 | Time: 205ms
> Save at epoch 013 | Test loss 8.5067E-04
Epoch: 014 | Test Loss: 8.1402E-04 | Time: 159ms
> Save at epoch 014 | Test loss 8.1402E-04
Epoch: 015 | Test Loss: 8.9481E-04 | Time: 175ms
Epoch: 016 | Train Loss: 1.1428E-03 | CBF GN: 5.6702E-02 | Time: 495ms
Epoch: 016 | Test Loss: 8.1115E-04 | Time: 169ms
> Save at epoch 016 | Test loss 8.1115E-04
Epoch: 017 | Test Loss: 8.1579E-04 | Time: 159ms
Epoch: 018 | Test Loss: 8.3801E-04 | Time: 162ms
Epoch: 019 | Test Loss: 8.6639E-04 | Time: 188ms
Epoch: 020 | Test Loss: 8.4157E-04 | Time: 188ms
Epoch: 021 | Train Loss: 1.2274E-03 | CBF GN: 5.2660E-02 | Time: 510ms
Epoch: 021 | Test Loss: 8.1653E-04 | Time: 158ms
Epoch: 022 | Test Loss: 8.0472E-04 | Time: 162ms
> Save at epoch 022 | Test loss 8.0472E-04
Epoch: 023 | Test Loss: 6.9649E-04 | Time: 159ms
> Save at epoch 023 | Test loss 6.9649E-04
Epoch: 024 | Test Loss: 8.0445E-04 | Time: 184ms
Epoch: 025 | Test Loss: 8.0139E-04 | Time: 181ms
Epoch: 026 | Train Loss: 1.0223E-03 | CBF GN: 3.8098E-02 | Time: 500ms
Epoch: 026 | Test Loss: 9.4341E-04 | Time: 178ms
Epoch: 027 | Test Loss: 7.1805E-04 | Time: 172ms
Epoch: 028 | Test Loss: 7.0769E-04 | Time: 170ms
Epoch: 029 | Test Loss: 8.1471E-04 | Time: 165ms
Epoch: 030 | Test Loss: 8.4824E-04 | Time: 188ms
Epoch: 031 | Train Loss: 1.0885E-03 | CBF GN: 4.1085E-02 | Time: 503ms
Epoch: 031 | Test Loss: 7.1465E-04 | Time: 185ms
Epoch: 032 | Test Loss: 6.7944E-04 | Time: 160ms
> Save at epoch 032 | Test loss 6.7944E-04
Epoch: 033 | Test Loss: 8.8324E-04 | Time: 189ms
Epoch: 034 | Test Loss: 8.1187E-04 | Time: 162ms
Epoch: 035 | Test Loss: 8.9226E-04 | Time: 188ms
Epoch: 036 | Train Loss: 8.5123E-04 | CBF GN: 2.4664E-02 | Time: 509ms
Epoch: 036 | Test Loss: 5.6562E-04 | Time: 172ms
> Save at epoch 036 | Test loss 5.6562E-04
Epoch: 037 | Test Loss: 6.8269E-04 | Time: 166ms
Epoch: 038 | Test Loss: 6.8195E-04 | Time: 158ms
Epoch: 039 | Test Loss: 5.4357E-04 | Time: 159ms
> Save at epoch 039 | Test loss 5.4357E-04
Epoch: 040 | Test Loss: 5.9264E-04 | Time: 167ms
Epoch: 041 | Train Loss: 9.9802E-04 | CBF GN: 4.1386E-02 | Time: 509ms
Epoch: 041 | Test Loss: 6.9861E-04 | Time: 159ms
Epoch: 042 | Test Loss: 6.6719E-04 | Time: 184ms
Epoch: 043 | Test Loss: 5.7887E-04 | Time: 185ms
Epoch: 044 | Test Loss: 7.5237E-04 | Time: 159ms
Epoch: 045 | Test Loss: 8.2055E-04 | Time: 159ms
Epoch: 046 | Train Loss: 1.2586E-03 | CBF GN: 5.0814E-02 | Time: 517ms
Epoch: 046 | Test Loss: 7.8519E-04 | Time: 159ms
Epoch: 047 | Test Loss: 5.9722E-04 | Time: 185ms
Epoch: 048 | Test Loss: 4.6417E-04 | Time: 170ms
> Save at epoch 048 | Test loss 4.6417E-04
Epoch: 049 | Test Loss: 5.1714E-04 | Time: 159ms
Epoch: 050 | Test Loss: 5.4918E-04 | Time: 157ms
Epoch: 051 | Train Loss: 6.2694E-04 | CBF GN: 2.5660E-02 | Time: 478ms
Epoch: 051 | Test Loss: 3.9916E-04 | Time: 185ms
> Save at epoch 051 | Test loss 3.9916E-04
Epoch: 052 | Test Loss: 2.6145E-04 | Time: 159ms
> Save at epoch 052 | Test loss 2.6145E-04
Epoch: 053 | Test Loss: 3.8234E-04 | Time: 185ms
Epoch: 054 | Test Loss: 3.1305E-04 | Time: 159ms
Epoch: 055 | Test Loss: 3.0655E-04 | Time: 159ms
Epoch: 056 | Train Loss: 4.8005E-04 | CBF GN: 2.5899E-02 | Time: 486ms
Epoch: 056 | Test Loss: 2.6742E-04 | Time: 159ms
Epoch: 057 | Test Loss: 2.9228E-04 | Time: 159ms
Epoch: 058 | Test Loss: 2.6061E-04 | Time: 185ms
> Save at epoch 058 | Test loss 2.6061E-04
Epoch: 059 | Test Loss: 3.2407E-04 | Time: 159ms
Epoch: 060 | Test Loss: 2.0254E-04 | Time: 158ms
> Save at epoch 060 | Test loss 2.0254E-04
Epoch: 061 | Train Loss: 6.1809E-04 | CBF GN: 3.3225E-02 | Time: 488ms
Epoch: 061 | Test Loss: 2.3147E-04 | Time: 186ms
Epoch: 062 | Test Loss: 2.7708E-04 | Time: 159ms
Epoch: 063 | Test Loss: 2.6840E-04 | Time: 159ms
Epoch: 064 | Test Loss: 2.7989E-04 | Time: 160ms
Epoch: 065 | Test Loss: 1.7160E-04 | Time: 159ms
> Save at epoch 065 | Test loss 1.7160E-04
Epoch: 066 | Train Loss: 4.3472E-04 | CBF GN: 2.7896E-02 | Time: 488ms
Epoch: 066 | Test Loss: 2.2484E-04 | Time: 185ms
Epoch: 067 | Test Loss: 2.0698E-04 | Time: 159ms
Epoch: 068 | Test Loss: 1.8068E-04 | Time: 158ms
Epoch: 069 | Test Loss: 1.5755E-04 | Time: 159ms
> Save at epoch 069 | Test loss 1.5755E-04
Epoch: 070 | Test Loss: 1.7767E-04 | Time: 187ms
Epoch: 071 | Train Loss: 3.5283E-04 | CBF GN: 2.0316E-02 | Time: 488ms
Epoch: 071 | Test Loss: 1.9443E-04 | Time: 185ms
Epoch: 072 | Test Loss: 2.0952E-04 | Time: 159ms
Epoch: 073 | Test Loss: 1.6783E-04 | Time: 159ms
Epoch: 074 | Test Loss: 1.6961E-04 | Time: 160ms
Epoch: 075 | Test Loss: 1.3102E-04 | Time: 159ms
> Save at epoch 075 | Test loss 1.3102E-04
Epoch: 076 | Train Loss: 3.4545E-04 | CBF GN: 2.2498E-02 | Time: 488ms
Epoch: 076 | Test Loss: 2.0168E-04 | Time: 186ms
Epoch: 077 | Test Loss: 1.5125E-04 | Time: 159ms
Epoch: 078 | Test Loss: 1.6622E-04 | Time: 159ms
Epoch: 079 | Test Loss: 1.2596E-04 | Time: 159ms
> Save at epoch 079 | Test loss 1.2596E-04
Epoch: 080 | Test Loss: 1.3700E-04 | Time: 185ms
Epoch: 081 | Train Loss: 2.7556E-04 | CBF GN: 1.8702E-02 | Time: 488ms
Epoch: 081 | Test Loss: 1.4870E-04 | Time: 160ms
Epoch: 082 | Test Loss: 1.3359E-04 | Time: 159ms
Epoch: 083 | Test Loss: 1.5087E-04 | Time: 159ms
Epoch: 084 | Test Loss: 1.4212E-04 | Time: 159ms
Epoch: 085 | Test Loss: 1.5091E-04 | Time: 188ms
Epoch: 086 | Train Loss: 2.5945E-04 | CBF GN: 1.8954E-02 | Time: 488ms
Epoch: 086 | Test Loss: 1.2547E-04 | Time: 159ms
> Save at epoch 086 | Test loss 1.2547E-04
Epoch: 087 | Test Loss: 1.4070E-04 | Time: 185ms
Epoch: 088 | Test Loss: 1.4813E-04 | Time: 159ms
Epoch: 089 | Test Loss: 1.3815E-04 | Time: 185ms
Epoch: 090 | Test Loss: 1.2233E-04 | Time: 159ms
> Save at epoch 090 | Test loss 1.2233E-04
Epoch: 091 | Train Loss: 2.4253E-04 | CBF GN: 2.0103E-02 | Time: 514ms
Epoch: 091 | Test Loss: 1.4517E-04 | Time: 159ms
Epoch: 092 | Test Loss: 1.3309E-04 | Time: 159ms
Epoch: 093 | Test Loss: 1.3066E-04 | Time: 159ms
Epoch: 094 | Test Loss: 1.2924E-04 | Time: 185ms
Epoch: 095 | Test Loss: 1.2928E-04 | Time: 185ms
Epoch: 096 | Train Loss: 2.2359E-04 | CBF GN: 1.6070E-02 | Time: 488ms
Epoch: 096 | Test Loss: 1.2723E-04 | Time: 159ms
Epoch: 097 | Test Loss: 1.2732E-04 | Time: 159ms
Epoch: 098 | Test Loss: 1.2727E-04 | Time: 159ms
Epoch: 099 | Test Loss: 1.2710E-04 | Time: 158ms
Epoch: 100 | Test Loss: 1.2701E-04 | Time: 159ms
Total time: 1m7s
==> Visualizing training and test losses ...
==> Computing the smoothness constants ...
> Lipschitz constant of CBF network: 2.000000
> Hessian bound of CBF network: 6.159200
==> Saving the training results ...
==> Visualizing the CBF function and feasibility condition ...
==> Checking the safe and unsafe set ...
> Safe set percentage: 0.758089
> Unsafe set percentage: 1.000000
> Feasibility percentage: 1.000000
> Success:  True
==> Saving the feasibility results ...
==> Visualizing the CBF function and stability condition ...
==> Visualizing the feasibility condition ...
==> Done!
