==> Creating result directory ...
==> Loading test settings ...
==> Deciding torch device ...
==> torch device:  cuda
==> Seeding everything ...
==> Building dynamical system ...
==> Building cbf neural network ...
==========================================================================================
Layer (type:depth-idx)                   Output Shape              Param #
==========================================================================================
LipschitzNetwork                         [1, 1]                    --
├─Sequential: 1-1                        [1, 1]                    --
│    └─SandwichFc: 2-1                   [1, 128]                  16,897
│    └─SandwichFc: 2-2                   [1, 128]                  33,025
│    └─SandwichFc: 2-3                   [1, 128]                  33,025
│    └─SandwichLin: 2-4                  [1, 1]                    131
==========================================================================================
Total params: 83,078
Trainable params: 82,694
Non-trainable params: 384
Total mult-adds (M): 0.08
==========================================================================================
Input size (MB): 0.00
Forward/backward pass size (MB): 0.00
Params size (MB): 0.33
Estimated Total Size (MB): 0.34
==========================================================================================
==> Lipschitz constant of CBF network: 1.000000
==> Amount of training data:  1500
==> Creating training data ...
==> Start training ...
Epoch: 001 | Train Loss: 1.3946E-01 | CBF GN: 3.7103E+00 | Time: 112ms
Epoch: 001 | Test Loss: 1.3544E-01 | Time: 9ms
> Save at epoch 001 | Test loss 1.3544E-01
Epoch: 002 | Test Loss: 5.2166E-02 | Time: 8ms
> Save at epoch 002 | Test loss 5.2166E-02
Epoch: 003 | Test Loss: 6.1319E-02 | Time: 8ms
Epoch: 004 | Test Loss: 6.8833E-02 | Time: 8ms
Epoch: 005 | Test Loss: 6.7269E-02 | Time: 8ms
Epoch: 006 | Train Loss: 3.2854E-02 | CBF GN: 9.0222E-01 | Time: 31ms
Epoch: 006 | Test Loss: 2.6535E-02 | Time: 8ms
> Save at epoch 006 | Test loss 2.6535E-02
Epoch: 007 | Test Loss: 3.9598E-02 | Time: 8ms
Epoch: 008 | Test Loss: 3.7995E-02 | Time: 8ms
Epoch: 009 | Test Loss: 2.0213E-02 | Time: 8ms
> Save at epoch 009 | Test loss 2.0213E-02
Epoch: 010 | Test Loss: 2.8560E-02 | Time: 8ms
Epoch: 011 | Train Loss: 2.3008E-02 | CBF GN: 6.4655E-01 | Time: 31ms
Epoch: 011 | Test Loss: 1.1011E-02 | Time: 8ms
> Save at epoch 011 | Test loss 1.1011E-02
Epoch: 012 | Test Loss: 1.2324E-02 | Time: 8ms
Epoch: 013 | Test Loss: 1.2683E-02 | Time: 8ms
Epoch: 014 | Test Loss: 2.8150E-02 | Time: 8ms
Epoch: 015 | Test Loss: 8.7858E-03 | Time: 8ms
> Save at epoch 015 | Test loss 8.7858E-03
Epoch: 016 | Train Loss: 7.9989E-03 | CBF GN: 3.4054E-01 | Time: 31ms
Epoch: 016 | Test Loss: 9.0575E-03 | Time: 8ms
Epoch: 017 | Test Loss: 4.3058E-03 | Time: 8ms
> Save at epoch 017 | Test loss 4.3058E-03
Epoch: 018 | Test Loss: 4.9977E-03 | Time: 8ms
Epoch: 019 | Test Loss: 8.5318E-03 | Time: 8ms
Epoch: 020 | Test Loss: 1.6596E-03 | Time: 8ms
> Save at epoch 020 | Test loss 1.6596E-03
Epoch: 021 | Train Loss: 2.2473E-03 | CBF GN: 1.1239E-01 | Time: 31ms
Epoch: 021 | Test Loss: 1.2351E-03 | Time: 8ms
> Save at epoch 021 | Test loss 1.2351E-03
Epoch: 022 | Test Loss: 3.2030E-03 | Time: 8ms
Epoch: 023 | Test Loss: 1.1064E-03 | Time: 8ms
> Save at epoch 023 | Test loss 1.1064E-03
Epoch: 024 | Test Loss: 1.0730E-03 | Time: 8ms
> Save at epoch 024 | Test loss 1.0730E-03
Epoch: 025 | Test Loss: 1.3931E-03 | Time: 8ms
Epoch: 026 | Train Loss: 1.6948E-03 | CBF GN: 1.9382E-01 | Time: 31ms
Epoch: 026 | Test Loss: 1.7229E-03 | Time: 8ms
Epoch: 027 | Test Loss: 1.2853E-03 | Time: 8ms
Epoch: 028 | Test Loss: 7.9979E-04 | Time: 8ms
> Save at epoch 028 | Test loss 7.9979E-04
Epoch: 029 | Test Loss: 2.8846E-04 | Time: 8ms
> Save at epoch 029 | Test loss 2.8846E-04
Epoch: 030 | Test Loss: 7.5188E-04 | Time: 8ms
Epoch: 031 | Train Loss: 1.3826E-03 | CBF GN: 1.1424E-01 | Time: 31ms
Epoch: 031 | Test Loss: 7.7694E-04 | Time: 8ms
Epoch: 032 | Test Loss: 2.8642E-03 | Time: 8ms
Epoch: 033 | Test Loss: 2.0836E-03 | Time: 8ms
Epoch: 034 | Test Loss: 2.6630E-03 | Time: 8ms
Epoch: 035 | Test Loss: 1.3154E-03 | Time: 8ms
Epoch: 036 | Train Loss: 2.8728E-03 | CBF GN: 1.8751E-01 | Time: 31ms
Epoch: 036 | Test Loss: 2.8978E-03 | Time: 8ms
Epoch: 037 | Test Loss: 1.7969E-03 | Time: 8ms
Epoch: 038 | Test Loss: 1.5381E-03 | Time: 8ms
Epoch: 039 | Test Loss: 1.4564E-03 | Time: 8ms
Epoch: 040 | Test Loss: 5.8943E-04 | Time: 8ms
Epoch: 041 | Train Loss: 1.2573E-03 | CBF GN: 5.1586E-02 | Time: 31ms
Epoch: 041 | Test Loss: 9.7844E-04 | Time: 8ms
Epoch: 042 | Test Loss: 7.1145E-04 | Time: 8ms
Epoch: 043 | Test Loss: 9.2183E-04 | Time: 8ms
Epoch: 044 | Test Loss: 9.7253E-04 | Time: 8ms
Epoch: 045 | Test Loss: 5.4423E-04 | Time: 8ms
Epoch: 046 | Train Loss: 9.0974E-04 | CBF GN: 4.0705E-02 | Time: 31ms
Epoch: 046 | Test Loss: 7.1356E-04 | Time: 8ms
Epoch: 047 | Test Loss: 7.4359E-04 | Time: 8ms
Epoch: 048 | Test Loss: 3.3121E-04 | Time: 8ms
Epoch: 049 | Test Loss: 3.3379E-04 | Time: 8ms
Epoch: 050 | Test Loss: 4.6204E-04 | Time: 8ms
Epoch: 051 | Train Loss: 7.8091E-04 | CBF GN: 5.8688E-02 | Time: 31ms
Epoch: 051 | Test Loss: 4.1470E-04 | Time: 8ms
Epoch: 052 | Test Loss: 5.6357E-04 | Time: 8ms
Epoch: 053 | Test Loss: 5.4512E-04 | Time: 9ms
Epoch: 054 | Test Loss: 7.6750E-04 | Time: 35ms
Epoch: 055 | Test Loss: 5.7921E-04 | Time: 8ms
Epoch: 056 | Train Loss: 5.7392E-04 | CBF GN: 5.4803E-02 | Time: 30ms
Epoch: 056 | Test Loss: 3.7843E-04 | Time: 8ms
Epoch: 057 | Test Loss: 6.7205E-04 | Time: 8ms
Epoch: 058 | Test Loss: 5.8850E-04 | Time: 8ms
Epoch: 059 | Test Loss: 3.6743E-04 | Time: 8ms
Epoch: 060 | Test Loss: 2.5064E-04 | Time: 8ms
> Save at epoch 060 | Test loss 2.5064E-04
Epoch: 061 | Train Loss: 6.6663E-04 | CBF GN: 7.1886E-02 | Time: 31ms
Epoch: 061 | Test Loss: 3.1014E-04 | Time: 8ms
Epoch: 062 | Test Loss: 4.7235E-04 | Time: 8ms
Epoch: 063 | Test Loss: 5.7274E-04 | Time: 8ms
Epoch: 064 | Test Loss: 4.6623E-04 | Time: 8ms
Epoch: 065 | Test Loss: 4.5160E-04 | Time: 8ms
Epoch: 066 | Train Loss: 6.7526E-04 | CBF GN: 2.3301E-02 | Time: 31ms
Epoch: 066 | Test Loss: 5.4700E-04 | Time: 8ms
Epoch: 067 | Test Loss: 3.5599E-04 | Time: 8ms
Epoch: 068 | Test Loss: 4.3951E-04 | Time: 8ms
Epoch: 069 | Test Loss: 4.0152E-04 | Time: 8ms
Epoch: 070 | Test Loss: 6.6395E-04 | Time: 8ms
Epoch: 071 | Train Loss: 7.5448E-04 | CBF GN: 5.3899E-02 | Time: 31ms
Epoch: 071 | Test Loss: 6.6149E-04 | Time: 8ms
Epoch: 072 | Test Loss: 6.8873E-04 | Time: 8ms
Epoch: 073 | Test Loss: 6.0368E-04 | Time: 8ms
Epoch: 074 | Test Loss: 4.4255E-04 | Time: 8ms
Epoch: 075 | Test Loss: 5.0736E-04 | Time: 8ms
Epoch: 076 | Train Loss: 6.6364E-04 | CBF GN: 6.7278E-02 | Time: 30ms
Epoch: 076 | Test Loss: 2.8188E-04 | Time: 8ms
Epoch: 077 | Test Loss: 3.6905E-04 | Time: 8ms
Epoch: 078 | Test Loss: 3.8275E-04 | Time: 8ms
Epoch: 079 | Test Loss: 5.0763E-04 | Time: 8ms
Epoch: 080 | Test Loss: 2.5301E-04 | Time: 8ms
Epoch: 081 | Train Loss: 6.5207E-04 | CBF GN: 9.0577E-02 | Time: 30ms
Epoch: 081 | Test Loss: 5.8920E-04 | Time: 8ms
Epoch: 082 | Test Loss: 2.5401E-04 | Time: 8ms
Epoch: 083 | Test Loss: 4.0325E-04 | Time: 8ms
Epoch: 084 | Test Loss: 3.7421E-04 | Time: 8ms
Epoch: 085 | Test Loss: 2.9591E-04 | Time: 8ms
Epoch: 086 | Train Loss: 4.9844E-04 | CBF GN: 3.2777E-02 | Time: 31ms
Epoch: 086 | Test Loss: 3.3857E-04 | Time: 8ms
Epoch: 087 | Test Loss: 3.3788E-04 | Time: 8ms
Epoch: 088 | Test Loss: 3.4386E-04 | Time: 8ms
Epoch: 089 | Test Loss: 3.3301E-04 | Time: 8ms
Epoch: 090 | Test Loss: 2.7451E-04 | Time: 8ms
Epoch: 091 | Train Loss: 4.6753E-04 | CBF GN: 4.9629E-02 | Time: 31ms
Epoch: 091 | Test Loss: 3.0659E-04 | Time: 8ms
Epoch: 092 | Test Loss: 3.1202E-04 | Time: 8ms
Epoch: 093 | Test Loss: 3.0349E-04 | Time: 8ms
Epoch: 094 | Test Loss: 3.0520E-04 | Time: 8ms
Epoch: 095 | Test Loss: 2.9447E-04 | Time: 8ms
Epoch: 096 | Train Loss: 4.4332E-04 | CBF GN: 2.7930E-02 | Time: 31ms
Epoch: 096 | Test Loss: 2.9677E-04 | Time: 8ms
Epoch: 097 | Test Loss: 2.9443E-04 | Time: 8ms
Epoch: 098 | Test Loss: 2.9480E-04 | Time: 8ms
Epoch: 099 | Test Loss: 2.9634E-04 | Time: 9ms
Epoch: 100 | Test Loss: 2.9647E-04 | Time: 8ms
Total time: 4s111ms
==> Visualizing training and test losses ...
==> Computing the smoothness constants ...
> Lipschitz constant of CBF network: 1.000000
> Hessian bound of CBF network: 6.532818
==> Saving the training results ...
==> Visualizing the CBF function and feasibility condition ...
==> Checking the safe and unsafe set ...
> Safe set percentage: 0.5719
> Unsafe set percentage: 1.0000
> Feasibility percentage: 0.9714
> Success:  False
==> Saving the feasibility results ...
==> Visualizing the CBF function and stability condition ...
==> Visualizing the feasibility condition ...
==> Done!
