==> Creating result directory ...
==> Loading test settings ...
==> Deciding torch device ...
==> torch device:  cpu
==> Building cbf neural network ...
==> Lipschitz constant of CBF network: 1.000000
==> Hessian bound of CBF network: 2.177606
==> Third order elementwise bound of CBF network: 8.000000
==> Number of subregions: 4
==> Subregion 0000000001 / 0000000004: 
==> [[-3.14 -5.  ], [-2.618  5.   ]]
> Iteration 00 | Bound: [-0.111290, 4.895517] | l2 radius: 5.01E+00 | Size: 1.00E+00 | Time: 3ms
> Iteration 01 | Bound: [-0.159856, 2.353732] | l2 radius: 2.51E+00 | Size: 2.00E+00 | Time: 5ms
> Iteration 02 | Bound: [-0.122969, 1.153989] | l2 radius: 1.28E+00 | Size: 4.00E+00 | Time: 5ms
> Iteration 03 | Bound: [-0.112342, 0.471742] | l2 radius: 6.77E-01 | Size: 8.00E+00 | Time: 6ms
> Iteration 04 | Bound: [-0.110663, 0.103643] | l2 radius: 4.07E-01 | Size: 1.60E+01 | Time: 7ms
> Iteration 05 | Bound: [-0.084891, 0.021867] | l2 radius: 3.04E-01 | Size: 2.20E+01 | Time: 8ms
> Iteration 06 | Bound: [-0.049488, -0.015339] | l2 radius: 2.04E-01 | Size: 1.60E+01 | Time: 9ms
> No region to refine. Done!
> Time for subregion 0000000001: 9ms
> Total time up to subregion 0000000001: 9ms = 0.009540319442749023 s
==> Subregion 0000000002 / 0000000004: 
==> [[ 2.618 -5.   ], [3.14 5.  ]]
> Iteration 00 | Bound: [-0.106268, 4.900539] | l2 radius: 5.01E+00 | Size: 1.00E+00 | Time: 0ms
> Iteration 01 | Bound: [-0.130374, 2.383213] | l2 radius: 2.51E+00 | Size: 2.00E+00 | Time: 1ms
> Iteration 02 | Bound: [-0.121312, 1.155646] | l2 radius: 1.28E+00 | Size: 4.00E+00 | Time: 2ms
> Iteration 03 | Bound: [-0.110800, 0.480174] | l2 radius: 6.77E-01 | Size: 8.00E+00 | Time: 3ms
> Iteration 04 | Bound: [-0.107168, 0.109346] | l2 radius: 4.07E-01 | Size: 1.60E+01 | Time: 3ms
> Iteration 05 | Bound: [-0.075684, 0.029836] | l2 radius: 3.04E-01 | Size: 2.40E+01 | Time: 4ms
> Iteration 06 | Bound: [-0.040309, -0.006827] | l2 radius: 2.04E-01 | Size: 2.00E+01 | Time: 5ms
> No region to refine. Done!
> Time for subregion 0000000002: 5ms
> Total time up to subregion 0000000002: 15ms = 0.015355348587036133 s
==> Subregion 0000000003 / 0000000004: 
==> [[-2.618 -5.   ], [ 2.618 -4.   ]]
> Iteration 00 | Bound: [-0.329590, 2.335728] | l2 radius: 2.67E+00 | Size: 1.00E+00 | Time: 0ms
> Iteration 01 | Bound: [-0.176549, 1.224693] | l2 radius: 1.40E+00 | Size: 2.00E+00 | Time: 1ms
> Iteration 02 | Bound: [-0.129757, 0.691232] | l2 radius: 8.24E-01 | Size: 4.00E+00 | Time: 2ms
> Iteration 03 | Bound: [-0.124012, 0.339576] | l2 radius: 5.98E-01 | Size: 8.00E+00 | Time: 3ms
> Iteration 04 | Bound: [-0.103457, 0.087380] | l2 radius: 4.12E-01 | Size: 1.60E+01 | Time: 4ms
> Iteration 05 | Bound: [-0.100547, -0.009166] | l2 radius: 2.99E-01 | Size: 1.00E+01 | Time: 4ms
> No region to refine. Done!
> Time for subregion 0000000003: 4ms
> Total time up to subregion 0000000003: 20ms = 0.020349979400634766 s
==> Subregion 0000000004 / 0000000004: 
==> [[-2.618  4.   ], [2.618 5.   ]]
> Iteration 00 | Bound: [-0.283575, 2.381743] | l2 radius: 2.67E+00 | Size: 1.00E+00 | Time: 0ms
> Iteration 01 | Bound: [-0.145830, 1.255413] | l2 radius: 1.40E+00 | Size: 2.00E+00 | Time: 2ms
> Iteration 02 | Bound: [-0.118149, 0.672292] | l2 radius: 8.24E-01 | Size: 4.00E+00 | Time: 2ms
> Iteration 03 | Bound: [-0.125373, 0.343801] | l2 radius: 5.98E-01 | Size: 8.00E+00 | Time: 3ms
> Iteration 04 | Bound: [-0.092798, 0.092156] | l2 radius: 4.12E-01 | Size: 1.60E+01 | Time: 4ms
> Iteration 05 | Bound: [-0.090999, 0.001181] | l2 radius: 2.99E-01 | Size: 1.20E+01 | Time: 5ms
> Iteration 06 | Bound: [-0.077375, -0.037554] | l2 radius: 2.06E-01 | Size: 2.00E+00 | Time: 6ms
> No region to refine. Done!
> Time for subregion 0000000004: 6ms
> Total time up to subregion 0000000004: 26ms = 0.026587247848510742 s
> Total time excluding drawing: 26ms = 0.026587247848510742 s
> Success: True
==> Done!
