==> Creating result directory ...
==> Loading test settings ...
==> torch device:  cpu
==> Seeding everything ...
==> Building dynamical system ...
==> Building cbf neural network ...
==> dReal variables:  [Variable('x1') Variable('x2')]
==> dReal for CBF function
> Start constructing the dReal expression for lyapunov function ...
> Start time: 2025-02-18 02:42:40.995341
> Stop time: 2025-02-18 02:42:41.172546
> Time used: 177ms = 0.17720484733581543 s
> Checking consistency for lipschitz neural network ...
==> dReal for feasibility condition
> Checking consistency for feasibility condition ...
==> Verifying with dReal ...
> dReal precision: 1.0E-03
> dReal number of jobs: 1
> Start checking
> Start time: 2025-02-18 02:42:41.393018
> Stop time: 2025-02-18 03:28:42.769228
> Time used: 46m1s
> Result:
None
> Success: True
> False positive: False
==> Done!
