==> Creating result directory ...
==> Loading test settings ...
==> Deciding torch device ...
==> torch device:  cpu
==> Building dynamical system ...
==> Building cbf neural network ...
==> Lipschitz constant of CBF network: 1.000000
==> Hessian bound of CBF network: 2.177606
==> Third order elementwise bound of CBF network: 8.000000
==> Number of subregions: 1
==> Subregion 0000000001 / 0000000001: 
==> [[-3.14 -5.  ], [3.14 5.  ]]
==> Lipschitz constant of the zero order test function: 60.206924
> Iteration 00 | Bound: [-355.178009, 0.295831] | l2 radius: 5.90E+00 | Size: 1.00E+00 | Time: 4ms
> Iteration 01 | Bound: [-238.819168, 2.831953] | l2 radius: 4.01E+00 | Size: 2.00E+00 | Time: 5ms
> Iteration 02 | Bound: [-177.656372, 0.080544] | l2 radius: 2.95E+00 | Size: 4.00E+00 | Time: 7ms
> Iteration 03 | Bound: [-120.689568, 0.135996] | l2 radius: 2.01E+00 | Size: 8.00E+00 | Time: 8ms
> Iteration 04 | Bound: [-88.744873, 0.123586] | l2 radius: 1.48E+00 | Size: 1.60E+01 | Time: 10ms
> Iteration 05 | Bound: [-60.298500, 0.114281] | l2 radius: 1.00E+00 | Size: 3.20E+01 | Time: 11ms
> Iteration 06 | Bound: [-44.458385, 0.059227] | l2 radius: 7.38E-01 | Size: 6.40E+01 | Time: 13ms
> Iteration 07 | Bound: [-30.234459, 0.048045] | l2 radius: 5.02E-01 | Size: 1.23E+02 | Time: 18ms
> Iteration 08 | Bound: [-19.267582, 0.000633] | l2 radius: 3.69E-01 | Size: 2.09E+02 | Time: 23ms
> Iteration 09 | Bound: [-8.869251, 0.058608] | l2 radius: 2.51E-01 | Size: 3.09E+02 | Time: 32ms
> Iteration 10 | Bound: [-4.782301, 0.026865] | l2 radius: 1.85E-01 | Size: 5.58E+02 | Time: 48ms
> Iteration 11 | Bound: [-2.162906, 0.037951] | l2 radius: 1.25E-01 | Size: 1.03E+03 | Time: 94ms
> Iteration 12 | Bound: [-1.162229, 0.060414] | l2 radius: 9.23E-02 | Size: 1.30E+03 | Time: 115ms
> Iteration 13 | Bound: [-0.476890, 0.060469] | l2 radius: 6.27E-02 | Size: 1.77E+03 | Time: 143ms
> Iteration 14 | Bound: [-0.230412, 0.060577] | l2 radius: 4.61E-02 | Size: 2.36E+03 | Time: 188ms
> Iteration 15 | Bound: [-0.074326, 0.060682] | l2 radius: 3.14E-02 | Size: 3.18E+03 | Time: 238ms
> Iteration 16 | Bound: [-0.012370, 0.060620] | l2 radius: 2.31E-02 | Size: 2.01E+03 | Time: 272ms
> Iteration 17 | Bound: [0.026711, 0.060547] | l2 radius: 1.57E-02 | Size: 4.85E+02 | Time: 288ms
> No region to refine. Done!
> Time for subregion 0000000001: 288ms
> Total time up to subregion 0000000001: 288ms = 0.28809094429016113 s
> Total time excluding drawing: 288ms = 0.28809094429016113 s
> Success: True
==> Done!
