==> Creating result directory ...
==> Loading test settings ...
==> torch device:  cpu
==> Seeding everything ...
==> Building CBF neural network ...
==> Number of subregions: 4
==> dReal variables:  [Variable('x1') Variable('x2')]
==> dReal for CBF function
> Start constructing the dReal expression for lyapunov function ...
> Start time: 2025-02-17 19:09:00.849832
> Stop time: 2025-02-17 19:09:00.992216
> Time used: 142ms = 0.14238429069519043 s
> Checking consistency for lipschitz neural network ...
==> Verifying with dReal ...
> dReal precision: 1.0E-03
> dReal number of jobs: 1
==> Subregion 0000000001 / 0000000004: 
==> [[-3.14 -5.  ], [-2.618  5.   ]]
> Start time: 2025-02-17 19:09:01.001193
> Stop time: 2025-02-17 19:09:17.321341
> Result:
None
> Time for subregion 0000000001: 16s320ms = 16.32014799118042 s
> Total time up to subregion 0000000001: 16s320ms = 16.32014799118042 s

==> Subregion 0000000002 / 0000000004: 
==> [[ 2.618 -5.   ], [3.14 5.  ]]
> Start time: 2025-02-17 19:09:17.321763
> Stop time: 2025-02-17 19:09:32.074606
> Result:
None
> Time for subregion 0000000002: 14s752ms = 14.752843141555786 s
> Total time up to subregion 0000000002: 31s72ms = 31.072991132736206 s

==> Subregion 0000000003 / 0000000004: 
==> [[-2.618 -5.   ], [ 2.618 -4.   ]]
> Start time: 2025-02-17 19:09:32.075038
> Stop time: 2025-02-17 19:09:38.972551
> Result:
None
> Time for subregion 0000000003: 6s897ms = 6.897512674331665 s
> Total time up to subregion 0000000003: 37s970ms = 37.97050380706787 s

==> Subregion 0000000004 / 0000000004: 
==> [[-2.618  4.   ], [2.618 5.   ]]
> Start time: 2025-02-17 19:09:38.972974
> Stop time: 2025-02-17 19:09:44.460799
> Result:
None
> Time for subregion 0000000004: 5s487ms = 5.4878249168396 s
> Total time up to subregion 0000000004: 43s458ms = 43.45832872390747 s

==> Success: True
==> Done!
