==> Creating result directory ...
==> Loading test settings ...
==> Deciding torch device ...
==> torch device:  cuda
==> Building dynamical system ...
==> Building cbf neural network ...
==> Lipschitz constant of CBF network: 1.000000
==> Hessian bound of CBF network: 2.177606
==> Third order elementwise bound of CBF network: 8.000000
==> Number of subregions: 1
==> Subregion 0000000001 / 0000000001: 
==> [[-3.14 -5.  ], [3.14 5.  ]]
==> Lipschitz constant of the zero order test function: 60.206924
> Iteration 00 | Bound: [-355.237885, 0.235948] | l2 radius: 5.90E+00 | Size: 1.00E+00 | Time: 68ms
> Iteration 01 | Bound: [-239.869446, 1.781670] | l2 radius: 4.01E+00 | Size: 2.00E+00 | Time: 70ms
> Iteration 02 | Bound: [-177.673874, 0.063045] | l2 radius: 2.95E+00 | Size: 4.00E+00 | Time: 72ms
> Iteration 03 | Bound: [-120.741585, 0.083979] | l2 radius: 2.01E+00 | Size: 8.00E+00 | Time: 74ms
> Iteration 04 | Bound: [-88.794907, 0.073558] | l2 radius: 1.48E+00 | Size: 1.60E+01 | Time: 76ms
> Iteration 05 | Bound: [-60.338539, 0.074243] | l2 radius: 1.00E+00 | Size: 3.20E+01 | Time: 78ms
> Iteration 06 | Bound: [-44.415112, 0.019118] | l2 radius: 7.38E-01 | Size: 6.40E+01 | Time: 80ms
> Iteration 07 | Bound: [-30.193769, 0.012620] | l2 radius: 5.02E-01 | Size: 1.28E+02 | Time: 82ms
> Iteration 08 | Bound: [-19.127844, 0.021434] | l2 radius: 3.69E-01 | Size: 2.34E+02 | Time: 91ms
> Iteration 09 | Bound: [-8.792620, 0.013804] | l2 radius: 2.51E-01 | Size: 3.68E+02 | Time: 95ms
> Iteration 10 | Bound: [-4.875116, 0.036908] | l2 radius: 1.85E-01 | Size: 5.92E+02 | Time: 99ms
> Iteration 11 | Bound: [-2.130584, 0.037394] | l2 radius: 1.25E-01 | Size: 1.06E+03 | Time: 124ms
> Iteration 12 | Bound: [-1.167057, 0.048254] | l2 radius: 9.23E-02 | Size: 1.73E+03 | Time: 134ms
> Iteration 13 | Bound: [-0.489576, 0.048101] | l2 radius: 6.27E-02 | Size: 2.24E+03 | Time: 145ms
> Iteration 14 | Bound: [-0.246345, 0.047748] | l2 radius: 4.61E-02 | Size: 2.83E+03 | Time: 159ms
> Iteration 15 | Bound: [-0.086693, 0.047712] | l2 radius: 3.14E-02 | Size: 4.04E+03 | Time: 177ms
> Iteration 16 | Bound: [-0.024943, 0.047666] | l2 radius: 2.31E-02 | Size: 4.00E+03 | Time: 214ms
> Iteration 17 | Bound: [0.014064, 0.047669] | l2 radius: 1.57E-02 | Size: 1.79E+03 | Time: 223ms
> No region to refine. Done!
> Time for subregion 0000000001: 223ms
> Total time up to subregion 0000000001: 223ms = 0.223496675491333 s
> Total time excluding drawing: 223ms = 0.223496675491333 s
> Success: True
==> Done!
