==> Creating result directory ...
==> Loading test settings ...
==> Deciding torch device ...
==> torch device:  cuda
==> Seeding everything ...
==> Building dynamical system ...
==> Building CBF neural network ...
==========================================================================================
Layer (type:depth-idx)                   Output Shape              Param #
==========================================================================================
LipschitzNetwork                         [1, 1]                    --
├─Sequential: 1-1                        [1, 1]                    --
│    └─SandwichFc: 2-1                   [1, 128]                  16,897
│    └─SandwichFc: 2-2                   [1, 128]                  33,025
│    └─SandwichFc: 2-3                   [1, 128]                  33,025
│    └─SandwichLin: 2-4                  [1, 1]                    131
==========================================================================================
Total params: 83,078
Trainable params: 82,694
Non-trainable params: 384
Total mult-adds (M): 0.08
==========================================================================================
Input size (MB): 0.00
Forward/backward pass size (MB): 0.00
Params size (MB): 0.33
Estimated Total Size (MB): 0.34
==========================================================================================
==> Lipschitz constant of CBF network: 1.000000
==> Amount of training data:  6000
==> Creating training data ...
==> Start training ...
Epoch: 001 | Train Loss: 8.1850E-02 | CBF GN: 3.5200E+00 | Time: 205ms
Epoch: 001 | Test Loss: 6.5995E-02 | Time: 29ms
> Save at epoch 001 | Test loss 6.5995E-02
Epoch: 002 | Test Loss: 9.6874E-03 | Time: 29ms
> Save at epoch 002 | Test loss 9.6874E-03
Epoch: 003 | Test Loss: 5.2741E-03 | Time: 29ms
> Save at epoch 003 | Test loss 5.2741E-03
Epoch: 004 | Test Loss: 4.9655E-03 | Time: 29ms
> Save at epoch 004 | Test loss 4.9655E-03
Epoch: 005 | Test Loss: 4.7734E-03 | Time: 29ms
> Save at epoch 005 | Test loss 4.7734E-03
Epoch: 006 | Train Loss: 7.3111E-03 | CBF GN: 1.8988E+00 | Time: 125ms
Epoch: 006 | Test Loss: 3.6217E-03 | Time: 29ms
> Save at epoch 006 | Test loss 3.6217E-03
Epoch: 007 | Test Loss: 5.5980E-03 | Time: 32ms
Epoch: 008 | Test Loss: 2.3937E-03 | Time: 32ms
> Save at epoch 008 | Test loss 2.3937E-03
Epoch: 009 | Test Loss: 4.3800E-03 | Time: 32ms
Epoch: 010 | Test Loss: 4.4907E-03 | Time: 31ms
Epoch: 011 | Train Loss: 6.5135E-03 | CBF GN: 8.2628E-01 | Time: 131ms
Epoch: 011 | Test Loss: 3.3600E-03 | Time: 31ms
Epoch: 012 | Test Loss: 3.2438E-03 | Time: 33ms
Epoch: 013 | Test Loss: 3.9998E-03 | Time: 31ms
Epoch: 014 | Test Loss: 4.8413E-03 | Time: 32ms
Epoch: 015 | Test Loss: 4.3368E-03 | Time: 32ms
Epoch: 016 | Train Loss: 6.0510E-03 | CBF GN: 4.2493E-01 | Time: 136ms
Epoch: 016 | Test Loss: 5.3333E-03 | Time: 32ms
Epoch: 017 | Test Loss: 3.9022E-03 | Time: 32ms
Epoch: 018 | Test Loss: 3.5786E-03 | Time: 31ms
Epoch: 019 | Test Loss: 2.6909E-03 | Time: 32ms
Epoch: 020 | Test Loss: 5.9652E-03 | Time: 31ms
Epoch: 021 | Train Loss: 5.9278E-03 | CBF GN: 3.6155E-01 | Time: 135ms
Epoch: 021 | Test Loss: 5.8980E-03 | Time: 31ms
Epoch: 022 | Test Loss: 6.0244E-03 | Time: 31ms
Epoch: 023 | Test Loss: 2.0064E-03 | Time: 32ms
> Save at epoch 023 | Test loss 2.0064E-03
Epoch: 024 | Test Loss: 3.5815E-03 | Time: 29ms
Epoch: 025 | Test Loss: 2.4091E-03 | Time: 29ms
Epoch: 026 | Train Loss: 4.2450E-03 | CBF GN: 1.9994E-01 | Time: 126ms
Epoch: 026 | Test Loss: 2.2964E-03 | Time: 29ms
Epoch: 027 | Test Loss: 1.4982E-03 | Time: 30ms
> Save at epoch 027 | Test loss 1.4982E-03
Epoch: 028 | Test Loss: 1.3430E-03 | Time: 31ms
> Save at epoch 028 | Test loss 1.3430E-03
Epoch: 029 | Test Loss: 1.9442E-03 | Time: 31ms
Epoch: 030 | Test Loss: 8.3652E-04 | Time: 32ms
> Save at epoch 030 | Test loss 8.3652E-04
Epoch: 031 | Train Loss: 2.0712E-03 | CBF GN: 1.6354E-01 | Time: 136ms
Epoch: 031 | Test Loss: 1.7033E-03 | Time: 31ms
Epoch: 032 | Test Loss: 8.5070E-04 | Time: 30ms
Epoch: 033 | Test Loss: 8.2067E-04 | Time: 31ms
> Save at epoch 033 | Test loss 8.2067E-04
Epoch: 034 | Test Loss: 9.9243E-04 | Time: 30ms
Epoch: 035 | Test Loss: 1.0031E-03 | Time: 30ms
Epoch: 036 | Train Loss: 1.5297E-03 | CBF GN: 1.0054E-01 | Time: 127ms
Epoch: 036 | Test Loss: 5.8744E-04 | Time: 29ms
> Save at epoch 036 | Test loss 5.8744E-04
Epoch: 037 | Test Loss: 2.3531E-03 | Time: 29ms
Epoch: 038 | Test Loss: 1.3088E-03 | Time: 29ms
Epoch: 039 | Test Loss: 1.0681E-03 | Time: 29ms
Epoch: 040 | Test Loss: 2.0444E-03 | Time: 29ms
Epoch: 041 | Train Loss: 1.5179E-03 | CBF GN: 7.6081E-02 | Time: 127ms
Epoch: 041 | Test Loss: 9.6640E-04 | Time: 31ms
Epoch: 042 | Test Loss: 1.1003E-03 | Time: 30ms
Epoch: 043 | Test Loss: 1.0004E-03 | Time: 29ms
Epoch: 044 | Test Loss: 1.0362E-03 | Time: 30ms
Epoch: 045 | Test Loss: 9.5014E-04 | Time: 33ms
Epoch: 046 | Train Loss: 1.3981E-03 | CBF GN: 7.9528E-02 | Time: 144ms
Epoch: 046 | Test Loss: 7.2790E-04 | Time: 35ms
Epoch: 047 | Test Loss: 8.0254E-04 | Time: 33ms
Epoch: 048 | Test Loss: 7.0561E-04 | Time: 32ms
Epoch: 049 | Test Loss: 1.2497E-03 | Time: 29ms
Epoch: 050 | Test Loss: 1.1315E-03 | Time: 29ms
Epoch: 051 | Train Loss: 1.3814E-03 | CBF GN: 7.4299E-02 | Time: 125ms
Epoch: 051 | Test Loss: 9.7806E-04 | Time: 29ms
Epoch: 052 | Test Loss: 1.0207E-03 | Time: 59ms
Epoch: 053 | Test Loss: 8.4148E-04 | Time: 31ms
Epoch: 054 | Test Loss: 6.4007E-04 | Time: 31ms
Epoch: 055 | Test Loss: 8.6347E-04 | Time: 31ms
Epoch: 056 | Train Loss: 1.1476E-03 | CBF GN: 7.6651E-02 | Time: 132ms
Epoch: 056 | Test Loss: 9.2767E-04 | Time: 32ms
Epoch: 057 | Test Loss: 9.2316E-04 | Time: 31ms
Epoch: 058 | Test Loss: 9.5549E-04 | Time: 32ms
Epoch: 059 | Test Loss: 9.0596E-04 | Time: 29ms
Epoch: 060 | Test Loss: 1.0688E-03 | Time: 29ms
Epoch: 061 | Train Loss: 1.1908E-03 | CBF GN: 5.9844E-02 | Time: 128ms
Epoch: 061 | Test Loss: 6.2221E-04 | Time: 30ms
Epoch: 062 | Test Loss: 7.3017E-04 | Time: 29ms
Epoch: 063 | Test Loss: 6.0937E-04 | Time: 29ms
Epoch: 064 | Test Loss: 7.3707E-04 | Time: 29ms
Epoch: 065 | Test Loss: 8.4836E-04 | Time: 29ms
Epoch: 066 | Train Loss: 9.6932E-04 | CBF GN: 5.2367E-02 | Time: 124ms
Epoch: 066 | Test Loss: 5.8429E-04 | Time: 29ms
> Save at epoch 066 | Test loss 5.8429E-04
Epoch: 067 | Test Loss: 8.0308E-04 | Time: 29ms
Epoch: 068 | Test Loss: 8.0785E-04 | Time: 29ms
Epoch: 069 | Test Loss: 8.0791E-04 | Time: 29ms
Epoch: 070 | Test Loss: 6.9934E-04 | Time: 29ms
Epoch: 071 | Train Loss: 8.4807E-04 | CBF GN: 5.4816E-02 | Time: 125ms
Epoch: 071 | Test Loss: 5.6759E-04 | Time: 58ms
> Save at epoch 071 | Test loss 5.6759E-04
Epoch: 072 | Test Loss: 6.5114E-04 | Time: 29ms
Epoch: 073 | Test Loss: 7.0875E-04 | Time: 31ms
Epoch: 074 | Test Loss: 6.1089E-04 | Time: 31ms
Epoch: 075 | Test Loss: 6.7871E-04 | Time: 34ms
Epoch: 076 | Train Loss: 8.9954E-04 | CBF GN: 6.2040E-02 | Time: 139ms
Epoch: 076 | Test Loss: 7.2685E-04 | Time: 33ms
Epoch: 077 | Test Loss: 6.4663E-04 | Time: 31ms
Epoch: 078 | Test Loss: 5.1535E-04 | Time: 34ms
> Save at epoch 078 | Test loss 5.1535E-04
Epoch: 079 | Test Loss: 6.7417E-04 | Time: 31ms
Epoch: 080 | Test Loss: 7.2261E-04 | Time: 32ms
Epoch: 081 | Train Loss: 8.3779E-04 | CBF GN: 5.1102E-02 | Time: 130ms
Epoch: 081 | Test Loss: 5.5508E-04 | Time: 31ms
Epoch: 082 | Test Loss: 6.1410E-04 | Time: 29ms
Epoch: 083 | Test Loss: 5.9817E-04 | Time: 30ms
Epoch: 084 | Test Loss: 5.5310E-04 | Time: 33ms
Epoch: 085 | Test Loss: 5.6672E-04 | Time: 29ms
Epoch: 086 | Train Loss: 7.9553E-04 | CBF GN: 5.6632E-02 | Time: 147ms
Epoch: 086 | Test Loss: 5.8775E-04 | Time: 36ms
Epoch: 087 | Test Loss: 6.5844E-04 | Time: 32ms
Epoch: 088 | Test Loss: 5.8030E-04 | Time: 31ms
Epoch: 089 | Test Loss: 5.0042E-04 | Time: 32ms
> Save at epoch 089 | Test loss 5.0042E-04
Epoch: 090 | Test Loss: 5.4259E-04 | Time: 62ms
Epoch: 091 | Train Loss: 7.1706E-04 | CBF GN: 5.4211E-02 | Time: 133ms
Epoch: 091 | Test Loss: 5.2700E-04 | Time: 32ms
Epoch: 092 | Test Loss: 5.5782E-04 | Time: 33ms
Epoch: 093 | Test Loss: 5.1811E-04 | Time: 31ms
Epoch: 094 | Test Loss: 5.4073E-04 | Time: 32ms
Epoch: 095 | Test Loss: 5.1911E-04 | Time: 32ms
Epoch: 096 | Train Loss: 6.9418E-04 | CBF GN: 4.9267E-02 | Time: 133ms
Epoch: 096 | Test Loss: 5.3901E-04 | Time: 31ms
Epoch: 097 | Test Loss: 5.3307E-04 | Time: 32ms
Epoch: 098 | Test Loss: 5.3963E-04 | Time: 35ms
Epoch: 099 | Test Loss: 5.3676E-04 | Time: 32ms
Epoch: 100 | Test Loss: 5.3746E-04 | Time: 29ms
Total time: 16s533ms
==> Visualizing training and test losses ...
==> Computing the smoothness constants ...
> Lipschitz constant of CBF network: 1.000000
> Hessian bound of CBF network: 6.532818
==> Saving the training results ...
==> Visualizing the CBF function and feasibility condition ...
==> Checking the safe and unsafe set ...
> Safe set percentage: 0.6900
> Unsafe set percentage: 1.0000
> Feasibility percentage: 1.0000
> Success:  True
==> Saving the feasibility results ...
==> Visualizing the CBF function and stability condition ...
==> Visualizing the feasibility condition ...
==> Done!
