==> Creating result directory ...
==> Loading test settings ...
==> Deciding torch device ...
==> torch device:  cuda
==> Building dynamical system ...
==> Building cbf neural network ...
==> Lipschitz constant of CBF network: 1.000000
==> Hessian bound of CBF network: 6.532818
==> Third order elementwise bound of CBF network: 66.677713
==> Number of subregions: 1
==> Subregion 0000000001 / 0000000001: 
==> [[-3.14 -5.  ], [3.14 5.  ]]
==> Lipschitz constant of the zero order test function: 159.999742
> Iteration 00 | Bound: [-944.460876, 0.209879] | l2 radius: 5.90E+00 | Size: 1.00E+00 | Time: 65ms
> Iteration 01 | Bound: [-640.917725, 1.269472] | l2 radius: 4.01E+00 | Size: 2.00E+00 | Time: 67ms
> Iteration 02 | Bound: [-472.255341, 0.080033] | l2 radius: 2.95E+00 | Size: 4.00E+00 | Time: 70ms
> Iteration 03 | Bound: [-321.015167, 0.078442] | l2 radius: 2.01E+00 | Size: 8.00E+00 | Time: 73ms
> Iteration 04 | Bound: [-236.065247, 0.102455] | l2 radius: 1.48E+00 | Size: 1.60E+01 | Time: 75ms
> Iteration 05 | Bound: [-160.450226, 0.096572] | l2 radius: 1.00E+00 | Size: 3.20E+01 | Time: 81ms
> Iteration 06 | Bound: [-118.065819, 0.018029] | l2 radius: 7.38E-01 | Size: 6.40E+01 | Time: 87ms
> Iteration 07 | Bound: [-80.271759, 0.001637] | l2 radius: 5.02E-01 | Size: 1.28E+02 | Time: 93ms
> Iteration 08 | Bound: [-59.180286, 0.016391] | l2 radius: 3.69E-01 | Size: 2.56E+02 | Time: 108ms
> Iteration 09 | Bound: [-40.281811, 0.015324] | l2 radius: 2.51E-01 | Size: 4.86E+02 | Time: 112ms
> Iteration 10 | Bound: [-29.630480, 0.001915] | l2 radius: 1.85E-01 | Size: 7.63E+02 | Time: 118ms
> Iteration 11 | Bound: [-15.487023, 0.004399] | l2 radius: 1.25E-01 | Size: 1.18E+03 | Time: 145ms
> Iteration 12 | Bound: [-8.388967, 0.042756] | l2 radius: 9.23E-02 | Size: 2.10E+03 | Time: 160ms
> Iteration 13 | Bound: [-3.827495, 0.061854] | l2 radius: 6.27E-02 | Size: 3.90E+03 | Time: 185ms
> Iteration 14 | Bound: [-2.056039, 0.068091] | l2 radius: 4.61E-02 | Size: 7.54E+03 | Time: 247ms
> Iteration 15 | Bound: [-0.914821, 0.066871] | l2 radius: 3.14E-02 | Size: 1.34E+04 | Time: 368ms
> Iteration 16 | Bound: [-0.464648, 0.063777] | l2 radius: 2.31E-02 | Size: 1.73E+04 | Time: 503ms
> Iteration 17 | Bound: [-0.182118, 0.063193] | l2 radius: 1.57E-02 | Size: 2.38E+04 | Time: 682ms
> Iteration 18 | Bound: [-0.069624, 0.067816] | l2 radius: 1.15E-02 | Size: 2.89E+04 | Time: 912ms
> Iteration 19 | Bound: [0.003709, 0.067517] | l2 radius: 7.84E-03 | Size: 1.50E+04 | Time: 1s23ms
> No region to refine. Done!
> Time for subregion 0000000001: 1s23ms
> Total time up to subregion 0000000001: 1s23ms = 1.023838758468628 s
> Total time excluding drawing: 1s23ms = 1.023838758468628 s
> Success: True
==> Done!
