==> Creating result directory ...
==> Loading test settings ...
==> Deciding torch device ...
==> torch device:  cpu
==> Building dynamical system ...
==> Building cbf neural network ...
==> Lipschitz constant of CBF network: 1.000000
==> Hessian bound of CBF network: 6.532818
==> Third order elementwise bound of CBF network: 66.677713
==> Number of subregions: 1
==> Subregion 0000000001 / 0000000001: 
==> [[-3.14 -5.  ], [3.14 5.  ]]
==> Lipschitz constant of the zero order test function: 159.999742
> Iteration 00 | Bound: [-944.421570, 0.249177] | l2 radius: 5.90E+00 | Size: 1.00E+00 | Time: 14ms
> Iteration 01 | Bound: [-641.074707, 1.112515] | l2 radius: 4.01E+00 | Size: 2.00E+00 | Time: 19ms
> Iteration 02 | Bound: [-472.275818, 0.059571] | l2 radius: 2.95E+00 | Size: 4.00E+00 | Time: 23ms
> Iteration 03 | Bound: [-321.037628, 0.055984] | l2 radius: 2.01E+00 | Size: 8.00E+00 | Time: 27ms
> Iteration 04 | Bound: [-236.088669, 0.079031] | l2 radius: 1.48E+00 | Size: 1.60E+01 | Time: 32ms
> Iteration 05 | Bound: [-160.472778, 0.074019] | l2 radius: 1.00E+00 | Size: 3.20E+01 | Time: 38ms
> Iteration 06 | Bound: [-118.075050, 0.008796] | l2 radius: 7.38E-01 | Size: 6.40E+01 | Time: 47ms
> Iteration 07 | Bound: [-80.281448, 0.004502] | l2 radius: 5.02E-01 | Size: 1.28E+02 | Time: 61ms
> Iteration 08 | Bound: [-59.167686, 0.030192] | l2 radius: 3.69E-01 | Size: 2.56E+02 | Time: 85ms
> Iteration 09 | Bound: [-40.266331, 0.005926] | l2 radius: 2.51E-01 | Size: 5.12E+02 | Time: 135ms
> Iteration 10 | Bound: [-29.712624, 0.006244] | l2 radius: 1.85E-01 | Size: 9.39E+02 | Time: 223ms
> Iteration 11 | Bound: [-15.651519, 0.025364] | l2 radius: 1.25E-01 | Size: 1.42E+03 | Time: 375ms
> Iteration 12 | Bound: [-8.457125, 0.014979] | l2 radius: 9.23E-02 | Size: 2.42E+03 | Time: 582ms
> Iteration 13 | Bound: [-3.910553, 0.001907] | l2 radius: 6.27E-02 | Size: 4.40E+03 | Time: 881ms
> Iteration 14 | Bound: [-2.129659, 0.006676] | l2 radius: 4.61E-02 | Size: 8.42E+03 | Time: 1s427ms
> Iteration 15 | Bound: [-1.005383, 0.002550] | l2 radius: 3.14E-02 | Size: 1.54E+04 | Time: 2s394ms
> Iteration 16 | Bound: [-0.525892, 0.014834] | l2 radius: 2.31E-02 | Size: 1.92E+04 | Time: 3s611ms
> Iteration 17 | Bound: [-0.243654, 0.016060] | l2 radius: 1.57E-02 | Size: 2.54E+04 | Time: 5s225ms
> Iteration 18 | Bound: [-0.123061, 0.012734] | l2 radius: 1.15E-02 | Size: 3.23E+04 | Time: 7s228ms
> Iteration 19 | Bound: [-0.052293, 0.012121] | l2 radius: 7.84E-03 | Size: 2.41E+04 | Time: 8s751ms
> Iteration 20 | Bound: [-0.023847, 0.013789] | l2 radius: 5.77E-03 | Size: 3.00E+03 | Time: 8s970ms
> Iteration 21 | Bound: [-0.006271, 0.013482] | l2 radius: 3.92E-03 | Size: 1.97E+02 | Time: 8s983ms
> Iteration 22 | Bound: [0.003009, 0.013701] | l2 radius: 2.88E-03 | Size: 1.80E+01 | Time: 8s986ms
> No region to refine. Done!
> Time for subregion 0000000001: 8s986ms
> Total time up to subregion 0000000001: 8s986ms = 8.986783504486084 s
> Total time excluding drawing: 8s986ms = 8.986783504486084 s
> Success: True
==> Done!
