==> Creating result directory ...
==> Loading test settings ...
==> Deciding torch device ...
==> torch device:  cuda
==> Building dynamical system ...
==> Building cbf neural network ...
==> Lipschitz constant of CBF network: 1.000000
==> Hessian bound of CBF network: 4.355212
==> Third order elementwise bound of CBF network: 30.225904
==> Number of subregions: 1
==> Subregion 0000000001 / 0000000001: 
==> [[-3.14 -5.  ], [3.14 5.  ]]
==> Lipschitz constant of the zero order test function: 110.103333
> Iteration 00 | Bound: [-649.957092, 0.115264] | l2 radius: 5.90E+00 | Size: 1.00E+00 | Time: 67ms
> Iteration 01 | Bound: [-441.135498, 0.783648] | l2 radius: 4.01E+00 | Size: 2.00E+00 | Time: 70ms
> Iteration 02 | Bound: [-325.016388, 0.019774] | l2 radius: 2.95E+00 | Size: 4.00E+00 | Time: 73ms
> Iteration 03 | Bound: [-220.930313, 0.029270] | l2 radius: 2.01E+00 | Size: 8.00E+00 | Time: 75ms
> Iteration 04 | Bound: [-162.491455, 0.026629] | l2 radius: 1.48E+00 | Size: 1.60E+01 | Time: 77ms
> Iteration 05 | Bound: [-110.454460, 0.025326] | l2 radius: 1.00E+00 | Size: 3.20E+01 | Time: 80ms
> Iteration 06 | Bound: [-81.259239, 0.011559] | l2 radius: 7.38E-01 | Size: 6.40E+01 | Time: 88ms
> Iteration 07 | Bound: [-55.245747, 0.003790] | l2 radius: 5.02E-01 | Size: 1.28E+02 | Time: 91ms
> Iteration 08 | Bound: [-40.657017, 0.011980] | l2 radius: 3.69E-01 | Size: 2.56E+02 | Time: 94ms
> Iteration 09 | Bound: [-27.659079, 0.002163] | l2 radius: 2.51E-01 | Size: 5.12E+02 | Time: 98ms
> Iteration 10 | Bound: [-15.822547, 0.000712] | l2 radius: 1.85E-01 | Size: 9.67E+02 | Time: 105ms
> Iteration 11 | Bound: [-7.348666, 0.001094] | l2 radius: 1.25E-01 | Size: 1.40E+03 | Time: 133ms
> Iteration 12 | Bound: [-3.966335, 0.000783] | l2 radius: 9.23E-02 | Size: 2.34E+03 | Time: 149ms
> Iteration 13 | Bound: [-1.813049, 0.011817] | l2 radius: 6.27E-02 | Size: 4.17E+03 | Time: 173ms
> Iteration 14 | Bound: [-0.973665, 0.011787] | l2 radius: 4.61E-02 | Size: 7.91E+03 | Time: 238ms
> Iteration 15 | Bound: [-0.442812, 0.011781] | l2 radius: 3.14E-02 | Size: 1.31E+04 | Time: 326ms
> Iteration 16 | Bound: [-0.234136, 0.011783] | l2 radius: 2.31E-02 | Size: 1.63E+04 | Time: 439ms
> Iteration 17 | Bound: [-0.101894, 0.011788] | l2 radius: 1.57E-02 | Size: 2.30E+04 | Time: 589ms
> Iteration 18 | Bound: [-0.049708, 0.011787] | l2 radius: 1.15E-02 | Size: 2.99E+04 | Time: 788ms
> Iteration 19 | Bound: [-0.016645, 0.011791] | l2 radius: 7.84E-03 | Size: 3.34E+04 | Time: 1s9ms
> Iteration 20 | Bound: [-0.003589, 0.011790] | l2 radius: 5.77E-03 | Size: 1.83E+04 | Time: 1s119ms
> Iteration 21 | Bound: [0.004676, 0.011792] | l2 radius: 3.92E-03 | Size: 4.38E+03 | Time: 1s160ms
> No region to refine. Done!
> Time for subregion 0000000001: 1s160ms
> Total time up to subregion 0000000001: 1s160ms = 1.1604533195495605 s
> Total time excluding drawing: 1s160ms = 1.1604533195495605 s
> Success: True
==> Done!
