==> Creating result directory ...
==> Loading test settings ...
==> Deciding torch device ...
==> torch device:  cuda
==> Seeding everything ...
==> Building dynamical system ...
==> Building CBF neural network ...
==========================================================================================
Layer (type:depth-idx)                   Output Shape              Param #
==========================================================================================
LipschitzNetwork                         [1, 1]                    --
├─Sequential: 1-1                        [1, 1]                    --
│    └─SandwichFc: 2-1                   [1, 128]                  16,897
│    └─SandwichFc: 2-2                   [1, 128]                  33,025
│    └─SandwichLin: 2-3                  [1, 1]                    131
==========================================================================================
Total params: 50,053
Trainable params: 49,797
Non-trainable params: 256
Total mult-adds (M): 0.05
==========================================================================================
Input size (MB): 0.00
Forward/backward pass size (MB): 0.00
Params size (MB): 0.20
Estimated Total Size (MB): 0.20
==========================================================================================
==> Lipschitz constant of CBF network: 1.000000
==> Amount of training data:  6000
==> Creating training data ...
==> Start training ...
Epoch: 001 | Train Loss: 3.3437E-01 | CBF GN: 8.3729E+00 | Time: 185ms
Epoch: 001 | Test Loss: 1.9996E-01 | Time: 27ms
> Save at epoch 001 | Test loss 1.9996E-01
Epoch: 002 | Test Loss: 6.1629E-02 | Time: 27ms
> Save at epoch 002 | Test loss 6.1629E-02
Epoch: 003 | Test Loss: 4.0503E-02 | Time: 26ms
> Save at epoch 003 | Test loss 4.0503E-02
Epoch: 004 | Test Loss: 5.2918E-02 | Time: 26ms
Epoch: 005 | Test Loss: 5.8757E-02 | Time: 25ms
Epoch: 006 | Train Loss: 9.1974E-02 | CBF GN: 2.8034E+00 | Time: 96ms
Epoch: 006 | Test Loss: 8.8509E-02 | Time: 25ms
Epoch: 007 | Test Loss: 3.3348E-02 | Time: 26ms
> Save at epoch 007 | Test loss 3.3348E-02
Epoch: 008 | Test Loss: 3.1927E-02 | Time: 27ms
> Save at epoch 008 | Test loss 3.1927E-02
Epoch: 009 | Test Loss: 1.5362E-02 | Time: 26ms
> Save at epoch 009 | Test loss 1.5362E-02
Epoch: 010 | Test Loss: 2.0364E-02 | Time: 26ms
Epoch: 011 | Train Loss: 2.4507E-02 | CBF GN: 4.8972E-01 | Time: 103ms
Epoch: 011 | Test Loss: 2.4048E-02 | Time: 26ms
Epoch: 012 | Test Loss: 1.5639E-02 | Time: 26ms
Epoch: 013 | Test Loss: 9.5408E-03 | Time: 26ms
> Save at epoch 013 | Test loss 9.5408E-03
Epoch: 014 | Test Loss: 1.1692E-02 | Time: 26ms
Epoch: 015 | Test Loss: 6.6884E-03 | Time: 27ms
> Save at epoch 015 | Test loss 6.6884E-03
Epoch: 016 | Train Loss: 1.5009E-02 | CBF GN: 3.1425E-01 | Time: 98ms
Epoch: 016 | Test Loss: 1.6964E-02 | Time: 26ms
Epoch: 017 | Test Loss: 1.1773E-02 | Time: 26ms
Epoch: 018 | Test Loss: 9.8445E-03 | Time: 27ms
Epoch: 019 | Test Loss: 1.1207E-02 | Time: 27ms
Epoch: 020 | Test Loss: 9.6588E-03 | Time: 27ms
Epoch: 021 | Train Loss: 2.3685E-02 | CBF GN: 3.4981E-01 | Time: 99ms
Epoch: 021 | Test Loss: 1.4311E-02 | Time: 27ms
Epoch: 022 | Test Loss: 1.4532E-02 | Time: 27ms
Epoch: 023 | Test Loss: 1.0252E-02 | Time: 26ms
Epoch: 024 | Test Loss: 1.0178E-02 | Time: 26ms
Epoch: 025 | Test Loss: 1.2682E-02 | Time: 27ms
Epoch: 026 | Train Loss: 1.2459E-02 | CBF GN: 1.7480E-01 | Time: 99ms
Epoch: 026 | Test Loss: 7.0310E-03 | Time: 26ms
Epoch: 027 | Test Loss: 8.4291E-03 | Time: 26ms
Epoch: 028 | Test Loss: 9.2096E-03 | Time: 28ms
Epoch: 029 | Test Loss: 1.5226E-02 | Time: 26ms
Epoch: 030 | Test Loss: 1.2579E-02 | Time: 26ms
Epoch: 031 | Train Loss: 1.7802E-02 | CBF GN: 2.1699E-01 | Time: 103ms
Epoch: 031 | Test Loss: 8.9235E-03 | Time: 26ms
Epoch: 032 | Test Loss: 5.3171E-03 | Time: 26ms
> Save at epoch 032 | Test loss 5.3171E-03
Epoch: 033 | Test Loss: 8.0492E-03 | Time: 26ms
Epoch: 034 | Test Loss: 7.8891E-03 | Time: 26ms
Epoch: 035 | Test Loss: 8.4524E-03 | Time: 27ms
Epoch: 036 | Train Loss: 1.1672E-02 | CBF GN: 1.6840E-01 | Time: 100ms
Epoch: 036 | Test Loss: 1.0675E-02 | Time: 26ms
Epoch: 037 | Test Loss: 8.3490E-03 | Time: 26ms
Epoch: 038 | Test Loss: 6.2026E-03 | Time: 26ms
Epoch: 039 | Test Loss: 7.2224E-03 | Time: 26ms
Epoch: 040 | Test Loss: 7.0797E-03 | Time: 26ms
Epoch: 041 | Train Loss: 8.4592E-03 | CBF GN: 1.1521E-01 | Time: 99ms
Epoch: 041 | Test Loss: 5.8361E-03 | Time: 26ms
Epoch: 042 | Test Loss: 4.4680E-03 | Time: 26ms
> Save at epoch 042 | Test loss 4.4680E-03
Epoch: 043 | Test Loss: 9.1765E-03 | Time: 26ms
Epoch: 044 | Test Loss: 5.7907E-03 | Time: 26ms
Epoch: 045 | Test Loss: 9.9573E-03 | Time: 26ms
Epoch: 046 | Train Loss: 1.3168E-02 | CBF GN: 1.7314E-01 | Time: 99ms
Epoch: 046 | Test Loss: 8.7198E-03 | Time: 26ms
Epoch: 047 | Test Loss: 9.0291E-03 | Time: 27ms
Epoch: 048 | Test Loss: 7.4789E-03 | Time: 26ms
Epoch: 049 | Test Loss: 6.4076E-03 | Time: 26ms
Epoch: 050 | Test Loss: 6.8400E-03 | Time: 26ms
Epoch: 051 | Train Loss: 9.5576E-03 | CBF GN: 1.0655E-01 | Time: 99ms
Epoch: 051 | Test Loss: 5.5850E-03 | Time: 26ms
Epoch: 052 | Test Loss: 5.9365E-03 | Time: 51ms
Epoch: 053 | Test Loss: 7.1284E-03 | Time: 26ms
Epoch: 054 | Test Loss: 6.3926E-03 | Time: 26ms
Epoch: 055 | Test Loss: 6.5989E-03 | Time: 26ms
Epoch: 056 | Train Loss: 8.6496E-03 | CBF GN: 1.0452E-01 | Time: 99ms
Epoch: 056 | Test Loss: 5.4402E-03 | Time: 27ms
Epoch: 057 | Test Loss: 5.6655E-03 | Time: 27ms
Epoch: 058 | Test Loss: 6.4580E-03 | Time: 26ms
Epoch: 059 | Test Loss: 6.6763E-03 | Time: 26ms
Epoch: 060 | Test Loss: 5.5146E-03 | Time: 26ms
Epoch: 061 | Train Loss: 7.8019E-03 | CBF GN: 8.6712E-02 | Time: 99ms
Epoch: 061 | Test Loss: 6.1999E-03 | Time: 27ms
Epoch: 062 | Test Loss: 5.8071E-03 | Time: 27ms
Epoch: 063 | Test Loss: 7.4986E-03 | Time: 26ms
Epoch: 064 | Test Loss: 5.3239E-03 | Time: 27ms
Epoch: 065 | Test Loss: 7.2306E-03 | Time: 26ms
Epoch: 066 | Train Loss: 8.4844E-03 | CBF GN: 9.8965E-02 | Time: 99ms
Epoch: 066 | Test Loss: 4.5118E-03 | Time: 26ms
Epoch: 067 | Test Loss: 4.7755E-03 | Time: 26ms
Epoch: 068 | Test Loss: 5.0642E-03 | Time: 26ms
Epoch: 069 | Test Loss: 5.4661E-03 | Time: 26ms
Epoch: 070 | Test Loss: 4.6467E-03 | Time: 27ms
Epoch: 071 | Train Loss: 7.4877E-03 | CBF GN: 1.0446E-01 | Time: 99ms
Epoch: 071 | Test Loss: 5.8235E-03 | Time: 53ms
Epoch: 072 | Test Loss: 4.3707E-03 | Time: 27ms
> Save at epoch 072 | Test loss 4.3707E-03
Epoch: 073 | Test Loss: 4.7121E-03 | Time: 26ms
Epoch: 074 | Test Loss: 5.1185E-03 | Time: 26ms
Epoch: 075 | Test Loss: 5.2052E-03 | Time: 26ms
Epoch: 076 | Train Loss: 6.7729E-03 | CBF GN: 7.6685E-02 | Time: 99ms
Epoch: 076 | Test Loss: 4.9255E-03 | Time: 26ms
Epoch: 077 | Test Loss: 5.5495E-03 | Time: 26ms
Epoch: 078 | Test Loss: 4.8614E-03 | Time: 26ms
Epoch: 079 | Test Loss: 4.5477E-03 | Time: 27ms
Epoch: 080 | Test Loss: 4.2400E-03 | Time: 26ms
> Save at epoch 080 | Test loss 4.2400E-03
Epoch: 081 | Train Loss: 6.6010E-03 | CBF GN: 9.6069E-02 | Time: 99ms
Epoch: 081 | Test Loss: 4.6645E-03 | Time: 26ms
Epoch: 082 | Test Loss: 5.1557E-03 | Time: 26ms
Epoch: 083 | Test Loss: 4.9911E-03 | Time: 25ms
Epoch: 084 | Test Loss: 4.4170E-03 | Time: 25ms
Epoch: 085 | Test Loss: 5.1305E-03 | Time: 25ms
Epoch: 086 | Train Loss: 6.2403E-03 | CBF GN: 8.0431E-02 | Time: 98ms
Epoch: 086 | Test Loss: 4.9777E-03 | Time: 26ms
Epoch: 087 | Test Loss: 4.9680E-03 | Time: 25ms
Epoch: 088 | Test Loss: 4.6522E-03 | Time: 26ms
Epoch: 089 | Test Loss: 4.4049E-03 | Time: 25ms
Epoch: 090 | Test Loss: 4.6502E-03 | Time: 53ms
Epoch: 091 | Train Loss: 6.2156E-03 | CBF GN: 7.4432E-02 | Time: 100ms
Epoch: 091 | Test Loss: 4.5005E-03 | Time: 26ms
Epoch: 092 | Test Loss: 4.5402E-03 | Time: 25ms
Epoch: 093 | Test Loss: 4.4181E-03 | Time: 26ms
Epoch: 094 | Test Loss: 4.5162E-03 | Time: 26ms
Epoch: 095 | Test Loss: 4.4136E-03 | Time: 25ms
Epoch: 096 | Train Loss: 5.7064E-03 | CBF GN: 6.3894E-02 | Time: 99ms
Epoch: 096 | Test Loss: 4.4513E-03 | Time: 25ms
Epoch: 097 | Test Loss: 4.4515E-03 | Time: 25ms
Epoch: 098 | Test Loss: 4.4204E-03 | Time: 26ms
Epoch: 099 | Test Loss: 4.4552E-03 | Time: 27ms
Epoch: 100 | Test Loss: 4.4708E-03 | Time: 28ms
Total time: 12s892ms
==> Visualizing training and test losses ...
==> Computing the smoothness constants ...
> Lipschitz constant of CBF network: 1.000000
> Hessian bound of CBF network: 4.355212
==> Saving the training results ...
==> Visualizing the CBF function and feasibility condition ...
==> Checking the safe and unsafe set ...
> Safe set percentage: 0.6494
> Unsafe set percentage: 1.0000
> Feasibility percentage: 1.0000
> Success:  True
==> Saving the feasibility results ...
==> Visualizing the CBF function and stability condition ...
==> Visualizing the feasibility condition ...
==> Done!
