==> Creating result directory ...
==> Loading test settings ...
==> Deciding torch device ...
==> torch device:  cuda
==> Seeding everything ...
==> Building dynamical system ...
==> Building cbf neural network ...
==========================================================================================
Layer (type:depth-idx)                   Output Shape              Param #
==========================================================================================
LipschitzNetwork                         [1, 1]                    --
├─Sequential: 1-1                        [1, 1]                    --
│    └─SandwichFc: 2-1                   [1, 256]                  66,817
│    └─SandwichLin: 2-2                  [1, 1]                    259
==========================================================================================
Total params: 67,076
Trainable params: 66,820
Non-trainable params: 256
Total mult-adds (M): 0.07
==========================================================================================
Input size (MB): 0.00
Forward/backward pass size (MB): 0.00
Params size (MB): 0.27
Estimated Total Size (MB): 0.27
==========================================================================================
==> Lipschitz constant of CBF network: 4.000000
==> Amount of training data:  48000
==> Creating training data ...
==> Start training ...
Epoch: 001 | Train Loss: 1.5891E-01 | CBF GN: 4.0410E+00 | Time: 590ms
Epoch: 001 | Test Loss: 3.7356E-02 | Time: 194ms
> Save at epoch 001 | Test loss 3.7356E-02
Epoch: 002 | Test Loss: 1.3093E-03 | Time: 166ms
> Save at epoch 002 | Test loss 1.3093E-03
Epoch: 003 | Test Loss: 1.4647E-03 | Time: 160ms
Epoch: 004 | Test Loss: 1.5500E-03 | Time: 162ms
Epoch: 005 | Test Loss: 1.5545E-03 | Time: 160ms
Epoch: 006 | Train Loss: 3.4277E-03 | CBF GN: 2.2592E-01 | Time: 511ms
Epoch: 006 | Test Loss: 1.6109E-03 | Time: 200ms
Epoch: 007 | Test Loss: 1.5600E-03 | Time: 174ms
Epoch: 008 | Test Loss: 1.5845E-03 | Time: 159ms
Epoch: 009 | Test Loss: 1.6605E-03 | Time: 168ms
Epoch: 010 | Test Loss: 1.5583E-03 | Time: 159ms
Epoch: 011 | Train Loss: 2.0337E-03 | CBF GN: 1.0965E-01 | Time: 496ms
Epoch: 011 | Test Loss: 1.5388E-03 | Time: 162ms
Epoch: 012 | Test Loss: 1.6496E-03 | Time: 201ms
Epoch: 013 | Test Loss: 1.5304E-03 | Time: 191ms
Epoch: 014 | Test Loss: 1.3573E-03 | Time: 165ms
Epoch: 015 | Test Loss: 1.2681E-03 | Time: 161ms
> Save at epoch 015 | Test loss 1.2681E-03
Epoch: 016 | Train Loss: 2.1690E-03 | CBF GN: 1.1120E-01 | Time: 537ms
Epoch: 016 | Test Loss: 1.4919E-03 | Time: 167ms
Epoch: 017 | Test Loss: 1.2445E-03 | Time: 163ms
> Save at epoch 017 | Test loss 1.2445E-03
Epoch: 018 | Test Loss: 1.3384E-03 | Time: 158ms
Epoch: 019 | Test Loss: 1.4629E-03 | Time: 168ms
Epoch: 020 | Test Loss: 1.4191E-03 | Time: 189ms
Epoch: 021 | Train Loss: 2.0247E-03 | CBF GN: 9.3735E-02 | Time: 503ms
Epoch: 021 | Test Loss: 1.7314E-03 | Time: 188ms
Epoch: 022 | Test Loss: 1.2060E-03 | Time: 159ms
> Save at epoch 022 | Test loss 1.2060E-03
Epoch: 023 | Test Loss: 1.5763E-03 | Time: 190ms
Epoch: 024 | Test Loss: 1.2252E-03 | Time: 158ms
Epoch: 025 | Test Loss: 1.2148E-03 | Time: 189ms
Epoch: 026 | Train Loss: 1.5256E-03 | CBF GN: 6.5174E-02 | Time: 501ms
Epoch: 026 | Test Loss: 1.5578E-03 | Time: 163ms
Epoch: 027 | Test Loss: 1.5272E-03 | Time: 162ms
Epoch: 028 | Test Loss: 1.1967E-03 | Time: 159ms
> Save at epoch 028 | Test loss 1.1967E-03
Epoch: 029 | Test Loss: 1.3904E-03 | Time: 159ms
Epoch: 030 | Test Loss: 1.3596E-03 | Time: 159ms
Epoch: 031 | Train Loss: 2.1819E-03 | CBF GN: 9.9919E-02 | Time: 500ms
Epoch: 031 | Test Loss: 1.4704E-03 | Time: 194ms
Epoch: 032 | Test Loss: 1.1101E-03 | Time: 195ms
> Save at epoch 032 | Test loss 1.1101E-03
Epoch: 033 | Test Loss: 1.7767E-03 | Time: 162ms
Epoch: 034 | Test Loss: 7.9277E-04 | Time: 158ms
> Save at epoch 034 | Test loss 7.9277E-04
Epoch: 035 | Test Loss: 8.2136E-04 | Time: 185ms
Epoch: 036 | Train Loss: 1.2993E-03 | CBF GN: 5.7971E-02 | Time: 498ms
Epoch: 036 | Test Loss: 8.9750E-04 | Time: 159ms
Epoch: 037 | Test Loss: 1.1606E-03 | Time: 165ms
Epoch: 038 | Test Loss: 7.2039E-04 | Time: 159ms
> Save at epoch 038 | Test loss 7.2039E-04
Epoch: 039 | Test Loss: 1.0752E-03 | Time: 187ms
Epoch: 040 | Test Loss: 6.9129E-04 | Time: 185ms
> Save at epoch 040 | Test loss 6.9129E-04
Epoch: 041 | Train Loss: 1.0319E-03 | CBF GN: 5.0321E-02 | Time: 501ms
Epoch: 041 | Test Loss: 7.6940E-04 | Time: 160ms
Epoch: 042 | Test Loss: 5.3211E-04 | Time: 160ms
> Save at epoch 042 | Test loss 5.3211E-04
Epoch: 043 | Test Loss: 6.1080E-04 | Time: 191ms
Epoch: 044 | Test Loss: 5.9322E-04 | Time: 159ms
Epoch: 045 | Test Loss: 4.2905E-04 | Time: 159ms
> Save at epoch 045 | Test loss 4.2905E-04
Epoch: 046 | Train Loss: 1.0294E-03 | CBF GN: 4.8629E-02 | Time: 522ms
Epoch: 046 | Test Loss: 6.0260E-04 | Time: 159ms
Epoch: 047 | Test Loss: 5.2562E-04 | Time: 159ms
Epoch: 048 | Test Loss: 4.3785E-04 | Time: 159ms
Epoch: 049 | Test Loss: 5.9701E-04 | Time: 185ms
Epoch: 050 | Test Loss: 5.3791E-04 | Time: 159ms
Epoch: 051 | Train Loss: 7.6956E-04 | CBF GN: 4.0421E-02 | Time: 479ms
Epoch: 051 | Test Loss: 2.8769E-04 | Time: 184ms
> Save at epoch 051 | Test loss 2.8769E-04
Epoch: 052 | Test Loss: 5.0718E-04 | Time: 158ms
Epoch: 053 | Test Loss: 3.8816E-04 | Time: 159ms
Epoch: 054 | Test Loss: 3.8413E-04 | Time: 161ms
Epoch: 055 | Test Loss: 2.5082E-04 | Time: 160ms
> Save at epoch 055 | Test loss 2.5082E-04
Epoch: 056 | Train Loss: 7.1151E-04 | CBF GN: 3.8849E-02 | Time: 488ms
Epoch: 056 | Test Loss: 4.0436E-04 | Time: 185ms
Epoch: 057 | Test Loss: 6.2218E-04 | Time: 159ms
Epoch: 058 | Test Loss: 3.6630E-04 | Time: 160ms
Epoch: 059 | Test Loss: 2.9083E-04 | Time: 162ms
Epoch: 060 | Test Loss: 2.6762E-04 | Time: 159ms
Epoch: 061 | Train Loss: 6.4339E-04 | CBF GN: 3.8434E-02 | Time: 487ms
Epoch: 061 | Test Loss: 3.0558E-04 | Time: 160ms
Epoch: 062 | Test Loss: 2.8456E-04 | Time: 193ms
Epoch: 063 | Test Loss: 2.9742E-04 | Time: 193ms
Epoch: 064 | Test Loss: 4.2689E-04 | Time: 159ms
Epoch: 065 | Test Loss: 3.1314E-04 | Time: 159ms
Epoch: 066 | Train Loss: 5.4726E-04 | CBF GN: 3.6422E-02 | Time: 515ms
Epoch: 066 | Test Loss: 2.4208E-04 | Time: 160ms
> Save at epoch 066 | Test loss 2.4208E-04
Epoch: 067 | Test Loss: 3.2555E-04 | Time: 159ms
Epoch: 068 | Test Loss: 2.6469E-04 | Time: 162ms
Epoch: 069 | Test Loss: 2.7687E-04 | Time: 162ms
Epoch: 070 | Test Loss: 3.6322E-04 | Time: 176ms
Epoch: 071 | Train Loss: 5.8377E-04 | CBF GN: 3.4382E-02 | Time: 494ms
Epoch: 071 | Test Loss: 2.8482E-04 | Time: 190ms
Epoch: 072 | Test Loss: 2.4032E-04 | Time: 186ms
> Save at epoch 072 | Test loss 2.4032E-04
Epoch: 073 | Test Loss: 2.4206E-04 | Time: 159ms
Epoch: 074 | Test Loss: 2.5555E-04 | Time: 163ms
Epoch: 075 | Test Loss: 2.2626E-04 | Time: 158ms
> Save at epoch 075 | Test loss 2.2626E-04
Epoch: 076 | Train Loss: 4.0328E-04 | CBF GN: 2.9790E-02 | Time: 514ms
Epoch: 076 | Test Loss: 3.1286E-04 | Time: 159ms
Epoch: 077 | Test Loss: 2.1468E-04 | Time: 159ms
> Save at epoch 077 | Test loss 2.1468E-04
Epoch: 078 | Test Loss: 1.9159E-04 | Time: 159ms
> Save at epoch 078 | Test loss 1.9159E-04
Epoch: 079 | Test Loss: 1.7239E-04 | Time: 185ms
> Save at epoch 079 | Test loss 1.7239E-04
Epoch: 080 | Test Loss: 1.7827E-04 | Time: 159ms
Epoch: 081 | Train Loss: 3.4877E-04 | CBF GN: 2.9851E-02 | Time: 525ms
Epoch: 081 | Test Loss: 1.9840E-04 | Time: 162ms
Epoch: 082 | Test Loss: 1.6637E-04 | Time: 159ms
> Save at epoch 082 | Test loss 1.6637E-04
Epoch: 083 | Test Loss: 2.0833E-04 | Time: 162ms
Epoch: 084 | Test Loss: 1.9862E-04 | Time: 163ms
Epoch: 085 | Test Loss: 1.6997E-04 | Time: 189ms
Epoch: 086 | Train Loss: 3.2125E-04 | CBF GN: 2.8342E-02 | Time: 503ms
Epoch: 086 | Test Loss: 1.6836E-04 | Time: 185ms
Epoch: 087 | Test Loss: 1.6854E-04 | Time: 159ms
Epoch: 088 | Test Loss: 1.9328E-04 | Time: 165ms
Epoch: 089 | Test Loss: 1.7458E-04 | Time: 162ms
Epoch: 090 | Test Loss: 1.6402E-04 | Time: 163ms
> Save at epoch 090 | Test loss 1.6402E-04
Epoch: 091 | Train Loss: 3.0054E-04 | CBF GN: 2.4828E-02 | Time: 492ms
Epoch: 091 | Test Loss: 1.7520E-04 | Time: 186ms
Epoch: 092 | Test Loss: 1.5726E-04 | Time: 159ms
> Save at epoch 092 | Test loss 1.5726E-04
Epoch: 093 | Test Loss: 1.5877E-04 | Time: 185ms
Epoch: 094 | Test Loss: 1.5962E-04 | Time: 160ms
Epoch: 095 | Test Loss: 1.6021E-04 | Time: 190ms
Epoch: 096 | Train Loss: 2.7683E-04 | CBF GN: 2.4885E-02 | Time: 495ms
Epoch: 096 | Test Loss: 1.6474E-04 | Time: 160ms
Epoch: 097 | Test Loss: 1.5891E-04 | Time: 161ms
Epoch: 098 | Test Loss: 1.5902E-04 | Time: 159ms
Epoch: 099 | Test Loss: 1.5901E-04 | Time: 160ms
Epoch: 100 | Test Loss: 1.5893E-04 | Time: 185ms
Total time: 1m7s
==> Visualizing training and test losses ...
==> Computing the smoothness constants ...
> Lipschitz constant of CBF network: 4.000000
> Hessian bound of CBF network: 17.420848
==> Saving the training results ...
==> Visualizing the CBF function and feasibility condition ...
==> Checking the safe and unsafe set ...
> Safe set percentage: 0.808250
> Unsafe set percentage: 1.000000
> Feasibility percentage: 1.000000
> Success:  True
==> Saving the feasibility results ...
==> Visualizing the CBF function and stability condition ...
==> Visualizing the feasibility condition ...
==> Done!
