==> Creating result directory ...
==> Loading test settings ...
==> Deciding torch device ...
==> torch device:  cuda
==> Building dynamical system ...
==> Building cbf neural network ...
==> Lipschitz constant of CBF network: 4.000000
==> Hessian bound of CBF network: 17.420848
==> Third order elementwise bound of CBF network: 128.000000
==> Number of subregions: 8
==> Subregion 0000000001 / 0000000008: 
==> [[-2.   -2.   -1.57], [0. 0. 0.]]
==> Lipschitz constant of the zero order test function: 37.830645
> Iteration 00 | Bound: [-60.271149, 0.918972] | l2 radius: 1.62E+00 | Size: 1.00E+00 | Time: 60ms
> Iteration 01 | Bound: [-51.287415, 0.392970] | l2 radius: 1.37E+00 | Size: 2.00E+00 | Time: 62ms
> Iteration 02 | Bound: [-39.545307, 0.423353] | l2 radius: 1.06E+00 | Size: 4.00E+00 | Time: 64ms
> Iteration 03 | Bound: [-30.121298, 0.473763] | l2 radius: 8.09E-01 | Size: 8.00E+00 | Time: 65ms
> Iteration 04 | Bound: [-25.563023, 0.277170] | l2 radius: 6.83E-01 | Size: 1.60E+01 | Time: 67ms
> Iteration 05 | Bound: [-19.805931, 0.178399] | l2 radius: 5.28E-01 | Size: 3.20E+01 | Time: 69ms
> Iteration 06 | Bound: [-15.194240, 0.103291] | l2 radius: 4.04E-01 | Size: 6.40E+01 | Time: 70ms
> Iteration 07 | Bound: [-12.989202, 0.005131] | l2 radius: 3.42E-01 | Size: 1.28E+02 | Time: 78ms
> Iteration 08 | Bound: [-9.782497, 0.209669] | l2 radius: 2.64E-01 | Size: 2.27E+02 | Time: 81ms
> Iteration 09 | Bound: [-7.457582, 0.191183] | l2 radius: 2.02E-01 | Size: 3.96E+02 | Time: 84ms
> Iteration 10 | Bound: [-6.274465, 0.185585] | l2 radius: 1.71E-01 | Size: 7.40E+02 | Time: 89ms
> Iteration 11 | Bound: [-3.961827, 0.169943] | l2 radius: 1.32E-01 | Size: 1.40E+03 | Time: 116ms
> Iteration 12 | Bound: [-2.286581, 0.159347] | l2 radius: 1.01E-01 | Size: 2.69E+03 | Time: 131ms
> Iteration 13 | Bound: [-1.599419, 0.174355] | l2 radius: 8.54E-02 | Size: 5.19E+03 | Time: 158ms
> Iteration 14 | Bound: [-0.913295, 0.155628] | l2 radius: 6.60E-02 | Size: 9.87E+03 | Time: 227ms
> Iteration 15 | Bound: [-0.497301, 0.167213] | l2 radius: 5.05E-02 | Size: 1.36E+04 | Time: 316ms
> Iteration 16 | Bound: [-0.333971, 0.158360] | l2 radius: 4.27E-02 | Size: 1.00E+04 | Time: 384ms
> Iteration 17 | Bound: [-0.148078, 0.164531] | l2 radius: 3.30E-02 | Size: 6.85E+03 | Time: 436ms
> Iteration 18 | Bound: [-0.037958, 0.156832] | l2 radius: 2.53E-02 | Size: 2.05E+03 | Time: 448ms
> Iteration 19 | Bound: [0.012555, 0.158354] | l2 radius: 2.13E-02 | Size: 8.20E+01 | Time: 450ms
> No region to refine. Done!
> Time for subregion 0000000001: 450ms
> Total time up to subregion 0000000001: 450ms = 0.45046424865722656 s
==> Subregion 0000000002 / 0000000008: 
==> [[ 0.   -2.   -1.57], [2. 0. 0.]]
==> Lipschitz constant of the zero order test function: 37.830645
> Iteration 00 | Bound: [-59.776211, 1.413909] | l2 radius: 1.62E+00 | Size: 1.00E+00 | Time: 0ms
> Iteration 01 | Bound: [-50.678364, 1.002023] | l2 radius: 1.37E+00 | Size: 2.00E+00 | Time: 2ms
> Iteration 02 | Bound: [-39.160557, 0.808104] | l2 radius: 1.06E+00 | Size: 4.00E+00 | Time: 3ms
> Iteration 03 | Bound: [-30.109961, 0.485099] | l2 radius: 8.09E-01 | Size: 8.00E+00 | Time: 4ms
> Iteration 04 | Bound: [-25.777254, 0.062938] | l2 radius: 6.83E-01 | Size: 1.60E+01 | Time: 6ms
> Iteration 05 | Bound: [-19.913595, 0.070735] | l2 radius: 5.28E-01 | Size: 3.20E+01 | Time: 7ms
> Iteration 06 | Bound: [-15.485924, 0.067997] | l2 radius: 4.04E-01 | Size: 6.40E+01 | Time: 9ms
> Iteration 07 | Bound: [-13.266100, 0.022698] | l2 radius: 3.42E-01 | Size: 1.28E+02 | Time: 11ms
> Iteration 08 | Bound: [-10.143419, 0.024764] | l2 radius: 2.64E-01 | Size: 2.33E+02 | Time: 13ms
> Iteration 09 | Bound: [-7.687567, 0.053812] | l2 radius: 2.02E-01 | Size: 4.06E+02 | Time: 16ms
> Iteration 10 | Bound: [-6.388483, 0.071567] | l2 radius: 1.71E-01 | Size: 7.57E+02 | Time: 21ms
> Iteration 11 | Bound: [-4.046082, 0.159358] | l2 radius: 1.32E-01 | Size: 1.44E+03 | Time: 30ms
> Iteration 12 | Bound: [-2.420674, 0.133256] | l2 radius: 1.01E-01 | Size: 2.78E+03 | Time: 45ms
> Iteration 13 | Bound: [-1.737401, 0.143847] | l2 radius: 8.54E-02 | Size: 5.34E+03 | Time: 89ms
> Iteration 14 | Bound: [-0.976431, 0.147046] | l2 radius: 6.60E-02 | Size: 9.91E+03 | Time: 157ms
> Iteration 15 | Bound: [-0.518193, 0.172057] | l2 radius: 5.05E-02 | Size: 4.43E+03 | Time: 180ms
> Iteration 16 | Bound: [-0.344344, 0.170568] | l2 radius: 4.27E-02 | Size: 1.93E+03 | Time: 191ms
> Iteration 17 | Bound: [-0.159209, 0.161350] | l2 radius: 3.30E-02 | Size: 1.14E+03 | Time: 198ms
> Iteration 18 | Bound: [-0.041059, 0.164484] | l2 radius: 2.53E-02 | Size: 4.08E+02 | Time: 201ms
> Iteration 19 | Bound: [0.016048, 0.171898] | l2 radius: 2.13E-02 | Size: 3.20E+01 | Time: 203ms
> No region to refine. Done!
> Time for subregion 0000000002: 203ms
> Total time up to subregion 0000000002: 653ms = 0.6537482738494873 s
==> Subregion 0000000003 / 0000000008: 
==> [[-2.    0.   -1.57], [0. 2. 0.]]
==> Lipschitz constant of the zero order test function: 37.830645
> Iteration 00 | Bound: [-60.503902, 0.686219] | l2 radius: 1.62E+00 | Size: 1.00E+00 | Time: 0ms
> Iteration 01 | Bound: [-51.121033, 0.559355] | l2 radius: 1.37E+00 | Size: 2.00E+00 | Time: 2ms
> Iteration 02 | Bound: [-39.282570, 0.686094] | l2 radius: 1.06E+00 | Size: 4.00E+00 | Time: 3ms
> Iteration 03 | Bound: [-29.918032, 0.677029] | l2 radius: 8.09E-01 | Size: 8.00E+00 | Time: 4ms
> Iteration 04 | Bound: [-25.176395, 0.663798] | l2 radius: 6.83E-01 | Size: 1.60E+01 | Time: 6ms
> Iteration 05 | Bound: [-19.423201, 0.561131] | l2 radius: 5.28E-01 | Size: 3.20E+01 | Time: 7ms
> Iteration 06 | Bound: [-14.929391, 0.368139] | l2 radius: 4.04E-01 | Size: 6.40E+01 | Time: 9ms
> Iteration 07 | Bound: [-12.525614, 0.394484] | l2 radius: 3.42E-01 | Size: 1.28E+02 | Time: 11ms
> Iteration 08 | Bound: [-9.608917, 0.383249] | l2 radius: 2.64E-01 | Size: 2.56E+02 | Time: 13ms
> Iteration 09 | Bound: [-7.245875, 0.402890] | l2 radius: 2.02E-01 | Size: 5.12E+02 | Time: 17ms
> Iteration 10 | Bound: [-6.062385, 0.397664] | l2 radius: 1.71E-01 | Size: 1.02E+03 | Time: 23ms
> Iteration 11 | Bound: [-3.667274, 0.404472] | l2 radius: 1.32E-01 | Size: 2.03E+03 | Time: 50ms
> Iteration 12 | Bound: [-2.013571, 0.357956] | l2 radius: 1.01E-01 | Size: 4.03E+03 | Time: 72ms
> Iteration 13 | Bound: [-1.365005, 0.363084] | l2 radius: 8.54E-02 | Size: 8.02E+03 | Time: 129ms
> Iteration 14 | Bound: [-0.701348, 0.358012] | l2 radius: 6.60E-02 | Size: 1.47E+04 | Time: 223ms
> Iteration 15 | Bound: [-0.296546, 0.332790] | l2 radius: 5.05E-02 | Size: 1.70E+04 | Time: 332ms
> Iteration 16 | Bound: [-0.119097, 0.328674] | l2 radius: 4.27E-02 | Size: 4.02E+03 | Time: 371ms
> Iteration 17 | Bound: [0.049806, 0.335218] | l2 radius: 3.30E-02 | Size: 4.92E+02 | Time: 375ms
> No region to refine. Done!
> Time for subregion 0000000003: 375ms
> Total time up to subregion 0000000003: 1s29ms = 1.029148817062378 s
==> Subregion 0000000004 / 0000000008: 
==> [[ 0.    0.   -1.57], [2. 2. 0.]]
==> Lipschitz constant of the zero order test function: 37.830645
> Iteration 00 | Bound: [-59.975563, 1.214556] | l2 radius: 1.62E+00 | Size: 1.00E+00 | Time: 0ms
> Iteration 01 | Bound: [-51.037735, 0.642651] | l2 radius: 1.37E+00 | Size: 2.00E+00 | Time: 2ms
> Iteration 02 | Bound: [-39.457748, 0.510913] | l2 radius: 1.06E+00 | Size: 4.00E+00 | Time: 3ms
> Iteration 03 | Bound: [-30.302107, 0.292954] | l2 radius: 8.09E-01 | Size: 8.00E+00 | Time: 5ms
> Iteration 04 | Bound: [-25.572119, 0.268074] | l2 radius: 6.83E-01 | Size: 1.60E+01 | Time: 6ms
> Iteration 05 | Bound: [-19.661234, 0.323096] | l2 radius: 5.28E-01 | Size: 3.20E+01 | Time: 7ms
> Iteration 06 | Bound: [-15.051152, 0.246378] | l2 radius: 4.04E-01 | Size: 6.40E+01 | Time: 9ms
> Iteration 07 | Bound: [-12.619778, 0.300320] | l2 radius: 3.42E-01 | Size: 1.28E+02 | Time: 11ms
> Iteration 08 | Bound: [-9.775504, 0.216662] | l2 radius: 2.64E-01 | Size: 2.56E+02 | Time: 13ms
> Iteration 09 | Bound: [-7.476656, 0.172110] | l2 radius: 2.02E-01 | Size: 5.12E+02 | Time: 17ms
> Iteration 10 | Bound: [-6.291194, 0.168855] | l2 radius: 1.71E-01 | Size: 1.02E+03 | Time: 23ms
> Iteration 11 | Bound: [-4.089646, 0.116792] | l2 radius: 1.32E-01 | Size: 2.01E+03 | Time: 34ms
> Iteration 12 | Bound: [-2.307208, 0.210224] | l2 radius: 1.01E-01 | Size: 3.99E+03 | Time: 55ms
> Iteration 13 | Bound: [-1.656070, 0.164789] | l2 radius: 8.54E-02 | Size: 7.82E+03 | Time: 111ms
> Iteration 14 | Bound: [-0.882714, 0.242407] | l2 radius: 6.60E-02 | Size: 1.29E+04 | Time: 192ms
> Iteration 15 | Bound: [-0.482732, 0.213369] | l2 radius: 5.05E-02 | Size: 1.56E+04 | Time: 290ms
> Iteration 16 | Bound: [-0.318989, 0.210423] | l2 radius: 4.27E-02 | Size: 1.57E+04 | Time: 405ms
> Iteration 17 | Bound: [-0.096945, 0.222001] | l2 radius: 3.30E-02 | Size: 1.28E+04 | Time: 489ms
> Iteration 18 | Bound: [0.030809, 0.235366] | l2 radius: 2.53E-02 | Size: 2.15E+02 | Time: 491ms
> No region to refine. Done!
> Time for subregion 0000000004: 491ms
> Total time up to subregion 0000000004: 1s520ms = 1.5208847522735596 s
==> Subregion 0000000005 / 0000000008: 
==> [[-2. -2.  0.], [0.   0.   1.57]]
==> Lipschitz constant of the zero order test function: 37.830645
> Iteration 00 | Bound: [-59.490551, 1.699569] | l2 radius: 1.62E+00 | Size: 1.00E+00 | Time: 0ms
> Iteration 01 | Bound: [-50.419395, 1.260990] | l2 radius: 1.37E+00 | Size: 2.00E+00 | Time: 2ms
> Iteration 02 | Bound: [-38.823387, 1.145274] | l2 radius: 1.06E+00 | Size: 4.00E+00 | Time: 3ms
> Iteration 03 | Bound: [-29.932371, 0.662689] | l2 radius: 8.09E-01 | Size: 8.00E+00 | Time: 5ms
> Iteration 04 | Bound: [-25.786421, 0.053772] | l2 radius: 6.83E-01 | Size: 1.60E+01 | Time: 6ms
> Iteration 05 | Bound: [-19.695320, 0.289010] | l2 radius: 5.28E-01 | Size: 3.20E+01 | Time: 8ms
> Iteration 06 | Bound: [-15.270055, 0.027475] | l2 radius: 4.04E-01 | Size: 6.30E+01 | Time: 9ms
> Iteration 07 | Bound: [-12.955133, 0.189467] | l2 radius: 3.42E-01 | Size: 1.19E+02 | Time: 11ms
> Iteration 08 | Bound: [-9.810169, 0.181997] | l2 radius: 2.64E-01 | Size: 2.10E+02 | Time: 13ms
> Iteration 09 | Bound: [-7.279745, 0.369020] | l2 radius: 2.02E-01 | Size: 3.67E+02 | Time: 16ms
> Iteration 10 | Bound: [-6.077641, 0.382407] | l2 radius: 1.71E-01 | Size: 6.75E+02 | Time: 21ms
> Iteration 11 | Bound: [-3.718510, 0.362653] | l2 radius: 1.32E-01 | Size: 1.27E+03 | Time: 29ms
> Iteration 12 | Bound: [-2.050992, 0.336404] | l2 radius: 1.01E-01 | Size: 2.43E+03 | Time: 42ms
> Iteration 13 | Bound: [-1.397916, 0.341458] | l2 radius: 8.54E-02 | Size: 4.64E+03 | Time: 84ms
> Iteration 14 | Bound: [-0.709072, 0.337402] | l2 radius: 6.60E-02 | Size: 8.71E+03 | Time: 128ms
> Iteration 15 | Bound: [-0.307031, 0.328822] | l2 radius: 5.05E-02 | Size: 5.14E+03 | Time: 172ms
> Iteration 16 | Bound: [-0.126478, 0.327429] | l2 radius: 4.27E-02 | Size: 2.62E+03 | Time: 186ms
> Iteration 17 | Bound: [0.038020, 0.322300] | l2 radius: 3.30E-02 | Size: 8.70E+02 | Time: 192ms
> No region to refine. Done!
> Time for subregion 0000000005: 192ms
> Total time up to subregion 0000000005: 1s713ms = 1.7131109237670898 s
==> Subregion 0000000006 / 0000000008: 
==> [[ 0. -2.  0.], [2.   0.   1.57]]
==> Lipschitz constant of the zero order test function: 37.830645
> Iteration 00 | Bound: [-59.837124, 1.352999] | l2 radius: 1.62E+00 | Size: 1.00E+00 | Time: 0ms
> Iteration 01 | Bound: [-50.801003, 0.879384] | l2 radius: 1.37E+00 | Size: 2.00E+00 | Time: 2ms
> Iteration 02 | Bound: [-39.479774, 0.488888] | l2 radius: 1.06E+00 | Size: 4.00E+00 | Time: 3ms
> Iteration 03 | Bound: [-30.173574, 0.421486] | l2 radius: 8.09E-01 | Size: 8.00E+00 | Time: 5ms
> Iteration 04 | Bound: [-25.416376, 0.423817] | l2 radius: 6.83E-01 | Size: 1.60E+01 | Time: 6ms
> Iteration 05 | Bound: [-19.644558, 0.339773] | l2 radius: 5.28E-01 | Size: 3.20E+01 | Time: 7ms
> Iteration 06 | Bound: [-14.965601, 0.331929] | l2 radius: 4.04E-01 | Size: 6.10E+01 | Time: 9ms
> Iteration 07 | Bound: [-12.882375, 0.037722] | l2 radius: 3.42E-01 | Size: 1.18E+02 | Time: 11ms
> Iteration 08 | Bound: [-9.682755, 0.309411] | l2 radius: 2.64E-01 | Size: 1.95E+02 | Time: 13ms
> Iteration 09 | Bound: [-7.359322, 0.289443] | l2 radius: 2.02E-01 | Size: 3.32E+02 | Time: 16ms
> Iteration 10 | Bound: [-6.185321, 0.274728] | l2 radius: 1.71E-01 | Size: 5.94E+02 | Time: 21ms
> Iteration 11 | Bound: [-3.758236, 0.267447] | l2 radius: 1.32E-01 | Size: 1.10E+03 | Time: 27ms
> Iteration 12 | Bound: [-2.090589, 0.265983] | l2 radius: 1.01E-01 | Size: 2.05E+03 | Time: 39ms
> Iteration 13 | Bound: [-1.447456, 0.259545] | l2 radius: 8.54E-02 | Size: 3.89E+03 | Time: 75ms
> Iteration 14 | Bound: [-0.753832, 0.258988] | l2 radius: 6.60E-02 | Size: 7.00E+03 | Time: 111ms
> Iteration 15 | Bound: [-0.350881, 0.258315] | l2 radius: 5.05E-02 | Size: 8.98E+03 | Time: 173ms
> Iteration 16 | Bound: [-0.187070, 0.255358] | l2 radius: 4.27E-02 | Size: 8.10E+03 | Time: 231ms
> Iteration 17 | Bound: [-0.020868, 0.255541] | l2 radius: 3.30E-02 | Size: 4.55E+03 | Time: 255ms
> Iteration 18 | Bound: [0.094968, 0.257966] | l2 radius: 2.53E-02 | Size: 1.20E+01 | Time: 257ms
> No region to refine. Done!
> Time for subregion 0000000006: 257ms
> Total time up to subregion 0000000006: 1s970ms = 1.9707355499267578 s
==> Subregion 0000000007 / 0000000008: 
==> [[-2.  0.  0.], [0.   2.   1.57]]
==> Lipschitz constant of the zero order test function: 37.830645
> Iteration 00 | Bound: [-60.398815, 0.791307] | l2 radius: 1.62E+00 | Size: 1.00E+00 | Time: 0ms
> Iteration 01 | Bound: [-51.043991, 0.636396] | l2 radius: 1.37E+00 | Size: 2.00E+00 | Time: 2ms
> Iteration 02 | Bound: [-39.455597, 0.513065] | l2 radius: 1.06E+00 | Size: 4.00E+00 | Time: 3ms
> Iteration 03 | Bound: [-29.960276, 0.634784] | l2 radius: 8.09E-01 | Size: 8.00E+00 | Time: 5ms
> Iteration 04 | Bound: [-25.238493, 0.601701] | l2 radius: 6.83E-01 | Size: 1.60E+01 | Time: 6ms
> Iteration 05 | Bound: [-19.367254, 0.617076] | l2 radius: 5.28E-01 | Size: 3.20E+01 | Time: 7ms
> Iteration 06 | Bound: [-14.870318, 0.427211] | l2 radius: 4.04E-01 | Size: 6.40E+01 | Time: 9ms
> Iteration 07 | Bound: [-12.610005, 0.310091] | l2 radius: 3.42E-01 | Size: 1.28E+02 | Time: 11ms
> Iteration 08 | Bound: [-9.804416, 0.187750] | l2 radius: 2.64E-01 | Size: 2.55E+02 | Time: 13ms
> Iteration 09 | Bound: [-7.376295, 0.272470] | l2 radius: 2.02E-01 | Size: 5.03E+02 | Time: 17ms
> Iteration 10 | Bound: [-6.171465, 0.288583] | l2 radius: 1.71E-01 | Size: 9.88E+02 | Time: 23ms
> Iteration 11 | Bound: [-3.913892, 0.326768] | l2 radius: 1.32E-01 | Size: 1.91E+03 | Time: 50ms
> Iteration 12 | Bound: [-2.161112, 0.329297] | l2 radius: 1.01E-01 | Size: 3.71E+03 | Time: 70ms
> Iteration 13 | Bound: [-1.458763, 0.358608] | l2 radius: 8.54E-02 | Size: 7.26E+03 | Time: 107ms
> Iteration 14 | Bound: [-0.798256, 0.352836] | l2 radius: 6.60E-02 | Size: 1.42E+04 | Time: 214ms
> Iteration 15 | Bound: [-0.373048, 0.335422] | l2 radius: 5.05E-02 | Size: 1.87E+04 | Time: 327ms
> Iteration 16 | Bound: [-0.132721, 0.346532] | l2 radius: 4.27E-02 | Size: 4.78E+03 | Time: 371ms
> Iteration 17 | Bound: [0.030667, 0.359929] | l2 radius: 3.30E-02 | Size: 4.46E+02 | Time: 375ms
> No region to refine. Done!
> Time for subregion 0000000007: 375ms
> Total time up to subregion 0000000007: 2s346ms = 2.3461618423461914 s
==> Subregion 0000000008 / 0000000008: 
==> [[0. 0. 0.], [2.   2.   1.57]]
==> Lipschitz constant of the zero order test function: 37.830645
> Iteration 00 | Bound: [-60.744682, 0.445439] | l2 radius: 1.62E+00 | Size: 1.00E+00 | Time: 0ms
> Iteration 01 | Bound: [-51.389202, 0.291184] | l2 radius: 1.37E+00 | Size: 2.00E+00 | Time: 2ms
> Iteration 02 | Bound: [-39.492241, 0.476422] | l2 radius: 1.06E+00 | Size: 4.00E+00 | Time: 3ms
> Iteration 03 | Bound: [-30.224987, 0.370073] | l2 radius: 8.09E-01 | Size: 8.00E+00 | Time: 5ms
> Iteration 04 | Bound: [-25.532133, 0.308060] | l2 radius: 6.83E-01 | Size: 1.60E+01 | Time: 6ms
> Iteration 05 | Bound: [-19.668154, 0.316177] | l2 radius: 5.28E-01 | Size: 3.20E+01 | Time: 8ms
> Iteration 06 | Bound: [-14.995449, 0.302081] | l2 radius: 4.04E-01 | Size: 6.40E+01 | Time: 9ms
> Iteration 07 | Bound: [-12.660776, 0.259320] | l2 radius: 3.42E-01 | Size: 1.28E+02 | Time: 11ms
> Iteration 08 | Bound: [-9.742754, 0.249412] | l2 radius: 2.64E-01 | Size: 2.55E+02 | Time: 13ms
> Iteration 09 | Bound: [-7.408122, 0.240644] | l2 radius: 2.02E-01 | Size: 4.98E+02 | Time: 17ms
> Iteration 10 | Bound: [-6.232323, 0.227726] | l2 radius: 1.71E-01 | Size: 9.75E+02 | Time: 23ms
> Iteration 11 | Bound: [-3.874609, 0.237506] | l2 radius: 1.32E-01 | Size: 1.88E+03 | Time: 34ms
> Iteration 12 | Bound: [-2.218169, 0.223960] | l2 radius: 1.01E-01 | Size: 3.67E+03 | Time: 53ms
> Iteration 13 | Bound: [-1.485444, 0.229535] | l2 radius: 8.54E-02 | Size: 7.21E+03 | Time: 106ms
> Iteration 14 | Bound: [-0.795534, 0.222840] | l2 radius: 6.60E-02 | Size: 1.41E+04 | Time: 198ms
> Iteration 15 | Bound: [-0.395587, 0.221551] | l2 radius: 5.05E-02 | Size: 2.47E+04 | Time: 358ms
> Iteration 16 | Bound: [-0.224723, 0.222646] | l2 radius: 4.27E-02 | Size: 2.63E+04 | Time: 542ms
> Iteration 17 | Bound: [-0.045599, 0.222103] | l2 radius: 3.30E-02 | Size: 1.83E+04 | Time: 653ms
> Iteration 18 | Bound: [0.058290, 0.221735] | l2 radius: 2.53E-02 | Size: 1.05E+03 | Time: 659ms
> No region to refine. Done!
> Time for subregion 0000000008: 659ms
> Total time up to subregion 0000000008: 3s5ms = 3.0057742595672607 s
> Total time excluding drawing: 3s5ms = 3.0057742595672607 s
> Success: True
==> Done!
