==> Creating result directory ...
==> Loading test settings ...
==> Deciding torch device ...
==> torch device:  cuda
==> Building dynamical system ...
==> Building cbf neural network ...
==> Lipschitz constant of CBF network: 1.000000
==> Hessian bound of CBF network: 2.177606
==> Third order elementwise bound of CBF network: 8.000000
==> Number of subregions: 1
==> Subregion 0000000001 / 0000000001: 
==> [[-3.14 -5.  ], [3.14 5.  ]]
==> Lipschitz constant of the zero order test function: 60.206924
> Iteration 00 | Bound: [-354.662842, 0.811000] | l2 radius: 5.90E+00 | Size: 1.00E+00 | Time: 69ms
> Iteration 01 | Bound: [-238.945877, 2.705247] | l2 radius: 4.01E+00 | Size: 2.00E+00 | Time: 71ms
> Iteration 02 | Bound: [-177.644516, 0.092413] | l2 radius: 2.95E+00 | Size: 4.00E+00 | Time: 73ms
> Iteration 03 | Bound: [-120.666237, 0.159328] | l2 radius: 2.01E+00 | Size: 8.00E+00 | Time: 75ms
> Iteration 04 | Bound: [-88.730606, 0.137857] | l2 radius: 1.48E+00 | Size: 1.60E+01 | Time: 77ms
> Iteration 05 | Bound: [-60.281956, 0.130825] | l2 radius: 1.00E+00 | Size: 3.20E+01 | Time: 79ms
> Iteration 06 | Bound: [-44.507607, 0.034018] | l2 radius: 7.38E-01 | Size: 6.40E+01 | Time: 86ms
> Iteration 07 | Bound: [-30.276859, 0.052986] | l2 radius: 5.02E-01 | Size: 1.22E+02 | Time: 91ms
> Iteration 08 | Bound: [-19.260338, 0.026772] | l2 radius: 3.69E-01 | Size: 2.09E+02 | Time: 98ms
> Iteration 09 | Bound: [-8.852568, 0.052676] | l2 radius: 2.51E-01 | Size: 3.19E+02 | Time: 105ms
> Iteration 10 | Bound: [-5.073732, 0.002604] | l2 radius: 1.85E-01 | Size: 5.68E+02 | Time: 115ms
> Iteration 11 | Bound: [-2.297831, 0.001288] | l2 radius: 1.25E-01 | Size: 1.06E+03 | Time: 145ms
> Iteration 12 | Bound: [-1.217224, 0.031683] | l2 radius: 9.23E-02 | Size: 1.31E+03 | Time: 152ms
> Iteration 13 | Bound: [-0.534432, 0.029531] | l2 radius: 6.27E-02 | Size: 1.74E+03 | Time: 161ms
> Iteration 14 | Bound: [-0.283649, 0.065666] | l2 radius: 4.61E-02 | Size: 2.28E+03 | Time: 172ms
> Iteration 15 | Bound: [-0.082297, 0.063813] | l2 radius: 3.14E-02 | Size: 3.07E+03 | Time: 186ms
> Iteration 16 | Bound: [-0.020959, 0.058023] | l2 radius: 2.31E-02 | Size: 1.58E+03 | Time: 194ms
> Iteration 17 | Bound: [0.014870, 0.058280] | l2 radius: 1.57E-02 | Size: 3.90E+01 | Time: 195ms
> No region to refine. Done!
> Time for subregion 0000000001: 195ms
> Total time up to subregion 0000000001: 195ms = 0.1957263946533203 s
> Total time excluding drawing: 195ms = 0.1957263946533203 s
> Success: True
==> Done!
