==> Creating result directory ...
==> Loading test settings ...
==> Deciding torch device ...
==> torch device:  cpu
==> Building dynamical system ...
==> Building cbf neural network ...
==> Lipschitz constant of CBF network: 1.000000
==> Hessian bound of CBF network: 2.177606
==> Third order elementwise bound of CBF network: 8.000000
==> Number of subregions: 1
==> Subregion 0000000001 / 0000000001: 
==> [[-3.14 -5.  ], [3.14 5.  ]]
==> Lipschitz constant of the zero order test function: 60.206924
> Iteration 00 | Bound: [-355.360382, 0.113464] | l2 radius: 5.90E+00 | Size: 1.00E+00 | Time: 4ms
> Iteration 01 | Bound: [-240.716293, 0.934828] | l2 radius: 4.01E+00 | Size: 2.00E+00 | Time: 5ms
> Iteration 02 | Bound: [-177.706100, 0.030823] | l2 radius: 2.95E+00 | Size: 4.00E+00 | Time: 7ms
> Iteration 03 | Bound: [-120.789612, 0.035950] | l2 radius: 2.01E+00 | Size: 8.00E+00 | Time: 8ms
> Iteration 04 | Bound: [-88.826981, 0.041485] | l2 radius: 1.48E+00 | Size: 1.60E+01 | Time: 9ms
> Iteration 05 | Bound: [-60.376030, 0.036750] | l2 radius: 1.00E+00 | Size: 3.20E+01 | Time: 11ms
> Iteration 06 | Bound: [-44.424030, 0.010202] | l2 radius: 7.38E-01 | Size: 6.40E+01 | Time: 13ms
> Iteration 07 | Bound: [-30.197813, 0.008578] | l2 radius: 5.02E-01 | Size: 1.28E+02 | Time: 17ms
> Iteration 08 | Bound: [-18.797255, 0.002399] | l2 radius: 3.69E-01 | Size: 2.56E+02 | Time: 26ms
> Iteration 09 | Bound: [-8.638461, 0.002572] | l2 radius: 2.51E-01 | Size: 4.23E+02 | Time: 40ms
> Iteration 10 | Bound: [-4.680076, 0.000560] | l2 radius: 1.85E-01 | Size: 6.68E+02 | Time: 59ms
> Iteration 11 | Bound: [-2.144551, 0.019203] | l2 radius: 1.25E-01 | Size: 1.11E+03 | Time: 109ms
> Iteration 12 | Bound: [-1.141132, 0.021805] | l2 radius: 9.23E-02 | Size: 2.03E+03 | Time: 177ms
> Iteration 13 | Bound: [-0.514938, 0.021811] | l2 radius: 6.27E-02 | Size: 3.42E+03 | Time: 236ms
> Iteration 14 | Bound: [-0.268486, 0.021633] | l2 radius: 4.61E-02 | Size: 4.37E+03 | Time: 306ms
> Iteration 15 | Bound: [-0.112527, 0.021626] | l2 radius: 3.14E-02 | Size: 6.18E+03 | Time: 425ms
> Iteration 16 | Bound: [-0.050928, 0.021620] | l2 radius: 2.31E-02 | Size: 8.16E+03 | Time: 565ms
> Iteration 17 | Bound: [-0.011940, 0.021616] | l2 radius: 1.57E-02 | Size: 8.88E+03 | Time: 692ms
> Iteration 18 | Bound: [0.003461, 0.021615] | l2 radius: 1.15E-02 | Size: 4.25E+03 | Time: 778ms
> No region to refine. Done!
> Time for subregion 0000000001: 778ms
> Total time up to subregion 0000000001: 778ms = 0.7782800197601318 s
> Total time excluding drawing: 778ms = 0.7782800197601318 s
> Success: True
==> Done!
