==> Creating result directory ...
==> Loading test settings ...
==> Deciding torch device ...
==> torch device:  cuda
==> Seeding everything ...
==> Building dynamical system ...
==> Building cbf neural network ...
==========================================================================================
Layer (type:depth-idx)                   Output Shape              Param #
==========================================================================================
LipschitzNetwork                         [1, 1]                    --
├─Sequential: 1-1                        [1, 1]                    --
│    └─SandwichFc: 2-1                   [1, 128]                  16,897
│    └─SandwichLin: 2-2                  [1, 1]                    131
==========================================================================================
Total params: 17,028
Trainable params: 16,900
Non-trainable params: 128
Total mult-adds (M): 0.02
==========================================================================================
Input size (MB): 0.00
Forward/backward pass size (MB): 0.00
Params size (MB): 0.07
Estimated Total Size (MB): 0.07
==========================================================================================
==> Lipschitz constant of CBF network: 1.000000
==> Amount of training data:  6000
==> Creating training data ...
==> Start training ...
Epoch: 001 | Train Loss: 3.8245E-01 | CBF GN: 5.6044E+00 | Time: 161ms
Epoch: 001 | Test Loss: 2.9317E-01 | Time: 24ms
> Save at epoch 001 | Test loss 2.9317E-01
Epoch: 002 | Test Loss: 3.1314E-02 | Time: 24ms
> Save at epoch 002 | Test loss 3.1314E-02
Epoch: 003 | Test Loss: 2.6004E-02 | Time: 24ms
> Save at epoch 003 | Test loss 2.6004E-02
Epoch: 004 | Test Loss: 3.0321E-02 | Time: 25ms
Epoch: 005 | Test Loss: 5.6610E-02 | Time: 24ms
Epoch: 006 | Train Loss: 9.6994E-02 | CBF GN: 6.8618E+00 | Time: 79ms
Epoch: 006 | Test Loss: 4.4685E-02 | Time: 24ms
Epoch: 007 | Test Loss: 3.6728E-02 | Time: 24ms
Epoch: 008 | Test Loss: 2.0103E-02 | Time: 23ms
> Save at epoch 008 | Test loss 2.0103E-02
Epoch: 009 | Test Loss: 1.3518E-02 | Time: 24ms
> Save at epoch 009 | Test loss 1.3518E-02
Epoch: 010 | Test Loss: 2.8614E-02 | Time: 24ms
Epoch: 011 | Train Loss: 4.3290E-02 | CBF GN: 1.7698E+00 | Time: 81ms
Epoch: 011 | Test Loss: 1.2166E-02 | Time: 24ms
> Save at epoch 011 | Test loss 1.2166E-02
Epoch: 012 | Test Loss: 1.5820E-02 | Time: 24ms
Epoch: 013 | Test Loss: 1.2853E-02 | Time: 25ms
Epoch: 014 | Test Loss: 9.0461E-03 | Time: 24ms
> Save at epoch 014 | Test loss 9.0461E-03
Epoch: 015 | Test Loss: 1.0704E-02 | Time: 24ms
Epoch: 016 | Train Loss: 2.0825E-02 | CBF GN: 3.8347E-01 | Time: 81ms
Epoch: 016 | Test Loss: 1.1844E-02 | Time: 24ms
Epoch: 017 | Test Loss: 1.0136E-02 | Time: 24ms
Epoch: 018 | Test Loss: 1.0996E-02 | Time: 24ms
Epoch: 019 | Test Loss: 9.0081E-03 | Time: 24ms
> Save at epoch 019 | Test loss 9.0081E-03
Epoch: 020 | Test Loss: 8.9648E-03 | Time: 24ms
> Save at epoch 020 | Test loss 8.9648E-03
Epoch: 021 | Train Loss: 1.8388E-02 | CBF GN: 2.7263E-01 | Time: 81ms
Epoch: 021 | Test Loss: 7.9417E-03 | Time: 24ms
> Save at epoch 021 | Test loss 7.9417E-03
Epoch: 022 | Test Loss: 7.6410E-03 | Time: 24ms
> Save at epoch 022 | Test loss 7.6410E-03
Epoch: 023 | Test Loss: 7.8120E-03 | Time: 24ms
Epoch: 024 | Test Loss: 5.9816E-03 | Time: 24ms
> Save at epoch 024 | Test loss 5.9816E-03
Epoch: 025 | Test Loss: 9.3834E-03 | Time: 24ms
Epoch: 026 | Train Loss: 1.7706E-02 | CBF GN: 3.4942E-01 | Time: 80ms
Epoch: 026 | Test Loss: 8.4184E-03 | Time: 24ms
Epoch: 027 | Test Loss: 6.5710E-03 | Time: 24ms
Epoch: 028 | Test Loss: 7.2196E-03 | Time: 24ms
Epoch: 029 | Test Loss: 5.5208E-03 | Time: 24ms
> Save at epoch 029 | Test loss 5.5208E-03
Epoch: 030 | Test Loss: 5.3992E-03 | Time: 24ms
> Save at epoch 030 | Test loss 5.3992E-03
Epoch: 031 | Train Loss: 7.6640E-03 | CBF GN: 2.1330E-01 | Time: 80ms
Epoch: 031 | Test Loss: 3.7584E-03 | Time: 24ms
> Save at epoch 031 | Test loss 3.7584E-03
Epoch: 032 | Test Loss: 6.9382E-03 | Time: 24ms
Epoch: 033 | Test Loss: 7.6954E-03 | Time: 24ms
Epoch: 034 | Test Loss: 4.1485E-03 | Time: 24ms
Epoch: 035 | Test Loss: 5.2585E-03 | Time: 24ms
Epoch: 036 | Train Loss: 7.5097E-03 | CBF GN: 1.8725E-01 | Time: 81ms
Epoch: 036 | Test Loss: 6.4180E-03 | Time: 24ms
Epoch: 037 | Test Loss: 4.3400E-03 | Time: 24ms
Epoch: 038 | Test Loss: 4.1247E-03 | Time: 24ms
Epoch: 039 | Test Loss: 3.5989E-03 | Time: 24ms
> Save at epoch 039 | Test loss 3.5989E-03
Epoch: 040 | Test Loss: 4.2618E-03 | Time: 24ms
Epoch: 041 | Train Loss: 5.5598E-03 | CBF GN: 1.2402E-01 | Time: 81ms
Epoch: 041 | Test Loss: 4.2630E-03 | Time: 24ms
Epoch: 042 | Test Loss: 6.5011E-03 | Time: 24ms
Epoch: 043 | Test Loss: 4.8472E-03 | Time: 24ms
Epoch: 044 | Test Loss: 3.8069E-03 | Time: 24ms
Epoch: 045 | Test Loss: 5.0568E-03 | Time: 24ms
Epoch: 046 | Train Loss: 6.1510E-03 | CBF GN: 1.5447E-01 | Time: 81ms
Epoch: 046 | Test Loss: 3.1060E-03 | Time: 24ms
> Save at epoch 046 | Test loss 3.1060E-03
Epoch: 047 | Test Loss: 4.6883E-03 | Time: 24ms
Epoch: 048 | Test Loss: 3.6950E-03 | Time: 24ms
Epoch: 049 | Test Loss: 3.8867E-03 | Time: 24ms
Epoch: 050 | Test Loss: 3.9712E-03 | Time: 24ms
Epoch: 051 | Train Loss: 6.4477E-03 | CBF GN: 1.6710E-01 | Time: 81ms
Epoch: 051 | Test Loss: 3.3292E-03 | Time: 24ms
Epoch: 052 | Test Loss: 2.8378E-03 | Time: 53ms
> Save at epoch 052 | Test loss 2.8378E-03
Epoch: 053 | Test Loss: 3.6068E-03 | Time: 24ms
Epoch: 054 | Test Loss: 7.1479E-03 | Time: 24ms
Epoch: 055 | Test Loss: 4.6119E-03 | Time: 24ms
Epoch: 056 | Train Loss: 6.1343E-03 | CBF GN: 1.4114E-01 | Time: 78ms
Epoch: 056 | Test Loss: 3.5498E-03 | Time: 24ms
Epoch: 057 | Test Loss: 3.4795E-03 | Time: 24ms
Epoch: 058 | Test Loss: 3.2156E-03 | Time: 24ms
Epoch: 059 | Test Loss: 4.0834E-03 | Time: 24ms
Epoch: 060 | Test Loss: 3.4749E-03 | Time: 24ms
Epoch: 061 | Train Loss: 5.7035E-03 | CBF GN: 1.1263E-01 | Time: 80ms
Epoch: 061 | Test Loss: 3.2311E-03 | Time: 24ms
Epoch: 062 | Test Loss: 3.3025E-03 | Time: 24ms
Epoch: 063 | Test Loss: 3.1129E-03 | Time: 24ms
Epoch: 064 | Test Loss: 3.2876E-03 | Time: 24ms
Epoch: 065 | Test Loss: 3.9420E-03 | Time: 24ms
Epoch: 066 | Train Loss: 4.9946E-03 | CBF GN: 9.9415E-02 | Time: 81ms
Epoch: 066 | Test Loss: 2.8959E-03 | Time: 24ms
Epoch: 067 | Test Loss: 3.9499E-03 | Time: 24ms
Epoch: 068 | Test Loss: 2.7588E-03 | Time: 24ms
> Save at epoch 068 | Test loss 2.7588E-03
Epoch: 069 | Test Loss: 3.3495E-03 | Time: 24ms
Epoch: 070 | Test Loss: 3.1308E-03 | Time: 24ms
Epoch: 071 | Train Loss: 4.6179E-03 | CBF GN: 9.3430E-02 | Time: 81ms
Epoch: 071 | Test Loss: 2.7398E-03 | Time: 53ms
> Save at epoch 071 | Test loss 2.7398E-03
Epoch: 072 | Test Loss: 3.2348E-03 | Time: 24ms
Epoch: 073 | Test Loss: 3.0997E-03 | Time: 24ms
Epoch: 074 | Test Loss: 2.9083E-03 | Time: 24ms
Epoch: 075 | Test Loss: 2.4741E-03 | Time: 24ms
> Save at epoch 075 | Test loss 2.4741E-03
Epoch: 076 | Train Loss: 4.6432E-03 | CBF GN: 1.0008E-01 | Time: 81ms
Epoch: 076 | Test Loss: 3.1194E-03 | Time: 24ms
Epoch: 077 | Test Loss: 2.4710E-03 | Time: 24ms
> Save at epoch 077 | Test loss 2.4710E-03
Epoch: 078 | Test Loss: 2.4528E-03 | Time: 24ms
> Save at epoch 078 | Test loss 2.4528E-03
Epoch: 079 | Test Loss: 2.6007E-03 | Time: 24ms
Epoch: 080 | Test Loss: 2.5107E-03 | Time: 24ms
Epoch: 081 | Train Loss: 4.1466E-03 | CBF GN: 9.6682E-02 | Time: 81ms
Epoch: 081 | Test Loss: 2.9425E-03 | Time: 24ms
Epoch: 082 | Test Loss: 2.7268E-03 | Time: 24ms
Epoch: 083 | Test Loss: 2.4138E-03 | Time: 24ms
> Save at epoch 083 | Test loss 2.4138E-03
Epoch: 084 | Test Loss: 2.7499E-03 | Time: 24ms
Epoch: 085 | Test Loss: 2.6198E-03 | Time: 24ms
Epoch: 086 | Train Loss: 3.9335E-03 | CBF GN: 8.0726E-02 | Time: 80ms
Epoch: 086 | Test Loss: 2.7149E-03 | Time: 24ms
Epoch: 087 | Test Loss: 2.3786E-03 | Time: 24ms
> Save at epoch 087 | Test loss 2.3786E-03
Epoch: 088 | Test Loss: 2.3460E-03 | Time: 24ms
> Save at epoch 088 | Test loss 2.3460E-03
Epoch: 089 | Test Loss: 2.4966E-03 | Time: 24ms
Epoch: 090 | Test Loss: 2.5542E-03 | Time: 53ms
Epoch: 091 | Train Loss: 3.7602E-03 | CBF GN: 7.6374E-02 | Time: 82ms
Epoch: 091 | Test Loss: 2.5051E-03 | Time: 24ms
Epoch: 092 | Test Loss: 2.7893E-03 | Time: 24ms
Epoch: 093 | Test Loss: 2.6074E-03 | Time: 24ms
Epoch: 094 | Test Loss: 2.5500E-03 | Time: 24ms
Epoch: 095 | Test Loss: 2.6069E-03 | Time: 24ms
Epoch: 096 | Train Loss: 3.6663E-03 | CBF GN: 8.4710E-02 | Time: 81ms
Epoch: 096 | Test Loss: 2.5625E-03 | Time: 24ms
Epoch: 097 | Test Loss: 2.5715E-03 | Time: 24ms
Epoch: 098 | Test Loss: 2.6012E-03 | Time: 24ms
Epoch: 099 | Test Loss: 2.6186E-03 | Time: 24ms
Epoch: 100 | Test Loss: 2.6263E-03 | Time: 24ms
Total time: 10s819ms
==> Visualizing training and test losses ...
==> Computing the smoothness constants ...
> Lipschitz constant of CBF network: 1.000000
> Hessian bound of CBF network: 2.177606
==> Saving the training results ...
==> Visualizing the CBF function and feasibility condition ...
==> Checking the safe and unsafe set ...
> Safe set percentage: 0.6831
> Unsafe set percentage: 1.0000
> Feasibility percentage: 1.0000
> Success:  True
==> Saving the feasibility results ...
==> Visualizing the CBF function and stability condition ...
==> Visualizing the feasibility condition ...
==> Done!
