==> Creating result directory ...
==> Loading test settings ...
==> Deciding torch device ...
==> torch device:  cpu
==> Building cbf neural network ...
==> Lipschitz constant of CBF network: 1.000000
==> Hessian bound of CBF network: 2.177606
==> Third order elementwise bound of CBF network: 8.000000
==> Number of subregions: 4
==> Subregion 0000000001 / 0000000004: 
==> [[-3.14 -5.  ], [-2.618  5.   ]]
> Iteration 00 | Bound: [-0.110124, 4.896684] | l2 radius: 5.01E+00 | Size: 1.00E+00 | Time: 4ms
> Iteration 01 | Bound: [-0.137943, 2.375645] | l2 radius: 2.51E+00 | Size: 2.00E+00 | Time: 5ms
> Iteration 02 | Bound: [-0.113602, 1.163356] | l2 radius: 1.28E+00 | Size: 4.00E+00 | Time: 6ms
> Iteration 03 | Bound: [-0.106351, 0.486995] | l2 radius: 6.77E-01 | Size: 8.00E+00 | Time: 7ms
> Iteration 04 | Bound: [-0.107118, 0.120542] | l2 radius: 4.07E-01 | Size: 1.60E+01 | Time: 7ms
> Iteration 05 | Bound: [-0.071891, 0.036581] | l2 radius: 3.04E-01 | Size: 2.40E+01 | Time: 8ms
> Iteration 06 | Bound: [-0.036503, -0.001905] | l2 radius: 2.04E-01 | Size: 2.60E+01 | Time: 9ms
> No region to refine. Done!
> Time for subregion 0000000001: 9ms
> Total time up to subregion 0000000001: 9ms = 0.009873151779174805 s
==> Subregion 0000000002 / 0000000004: 
==> [[ 2.618 -5.   ], [3.14 5.  ]]
> Iteration 00 | Bound: [-0.103452, 4.903355] | l2 radius: 5.01E+00 | Size: 1.00E+00 | Time: 0ms
> Iteration 01 | Bound: [-0.145175, 2.368412] | l2 radius: 2.51E+00 | Size: 2.00E+00 | Time: 1ms
> Iteration 02 | Bound: [-0.122100, 1.154858] | l2 radius: 1.28E+00 | Size: 4.00E+00 | Time: 2ms
> Iteration 03 | Bound: [-0.106198, 0.483527] | l2 radius: 6.77E-01 | Size: 8.00E+00 | Time: 3ms
> Iteration 04 | Bound: [-0.102699, 0.113303] | l2 radius: 4.07E-01 | Size: 1.60E+01 | Time: 3ms
> Iteration 05 | Bound: [-0.075691, 0.031501] | l2 radius: 3.04E-01 | Size: 2.40E+01 | Time: 4ms
> Iteration 06 | Bound: [-0.040359, -0.005835] | l2 radius: 2.04E-01 | Size: 1.60E+01 | Time: 5ms
> No region to refine. Done!
> Time for subregion 0000000002: 5ms
> Total time up to subregion 0000000002: 15ms = 0.015479326248168945 s
==> Subregion 0000000003 / 0000000004: 
==> [[-2.618 -5.   ], [ 2.618 -4.   ]]
> Iteration 00 | Bound: [-0.341263, 2.324056] | l2 radius: 2.67E+00 | Size: 1.00E+00 | Time: 1ms
> Iteration 01 | Bound: [-0.171541, 1.229702] | l2 radius: 1.40E+00 | Size: 2.00E+00 | Time: 2ms
> Iteration 02 | Bound: [-0.120300, 0.703332] | l2 radius: 8.24E-01 | Size: 4.00E+00 | Time: 2ms
> Iteration 03 | Bound: [-0.117821, 0.368757] | l2 radius: 5.98E-01 | Size: 8.00E+00 | Time: 3ms
> Iteration 04 | Bound: [-0.093526, 0.116287] | l2 radius: 4.12E-01 | Size: 1.60E+01 | Time: 4ms
> Iteration 05 | Bound: [-0.088156, 0.017395] | l2 radius: 2.99E-01 | Size: 1.20E+01 | Time: 5ms
> Iteration 06 | Bound: [-0.067421, -0.024546] | l2 radius: 2.06E-01 | Size: 8.00E+00 | Time: 6ms
> No region to refine. Done!
> Time for subregion 0000000003: 6ms
> Total time up to subregion 0000000003: 22ms = 0.02226543426513672 s
==> Subregion 0000000004 / 0000000004: 
==> [[-2.618  4.   ], [2.618 5.   ]]
> Iteration 00 | Bound: [-0.286882, 2.378437] | l2 radius: 2.67E+00 | Size: 1.00E+00 | Time: 1ms
> Iteration 01 | Bound: [-0.158640, 1.242603] | l2 radius: 1.40E+00 | Size: 2.00E+00 | Time: 2ms
> Iteration 02 | Bound: [-0.124939, 0.682732] | l2 radius: 8.24E-01 | Size: 4.00E+00 | Time: 4ms
> Iteration 03 | Bound: [-0.125094, 0.338460] | l2 radius: 5.98E-01 | Size: 8.00E+00 | Time: 5ms
> Iteration 04 | Bound: [-0.102443, 0.085568] | l2 radius: 4.12E-01 | Size: 1.60E+01 | Time: 6ms
> Iteration 05 | Bound: [-0.098195, -0.008605] | l2 radius: 2.99E-01 | Size: 1.20E+01 | Time: 6ms
> No region to refine. Done!
> Time for subregion 0000000004: 6ms
> Total time up to subregion 0000000004: 29ms = 0.02910590171813965 s
> Total time excluding drawing: 29ms = 0.02910590171813965 s
> Success: True
==> Done!
