==> Creating result directory ...
==> Loading test settings ...
==> torch device:  cpu
==> Seeding everything ...
==> Building dynamical system ...
==> Building cbf neural network ...
==> dReal variables:  [Variable('x1') Variable('x2')]
==> dReal for CBF function
> Start constructing the dReal expression for lyapunov function ...
> Start time: 2025-02-18 00:54:48.088249
> Stop time: 2025-02-18 00:54:48.227756
> Time used: 139ms = 0.13950634002685547 s
> Checking consistency for lipschitz neural network ...
==> dReal for feasibility condition
> Checking consistency for feasibility condition ...
==> Verifying with dReal ...
> dReal precision: 1.0E-03
> dReal number of jobs: 1
> Start checking
> Start time: 2025-02-18 00:54:48.448309
> Stop time: 2025-02-18 01:54:44.842992
> Time used: 59m56s
> Result:
None
> Success: True
> False positive: False
==> Done!
