==> Creating result directory ...
==> Loading test settings ...
==> Deciding torch device ...
==> torch device:  cuda
==> Seeding everything ...
==> Building dynamical system ...
==> Building cbf neural network ...
==========================================================================================
Layer (type:depth-idx)                   Output Shape              Param #
==========================================================================================
LipschitzNetwork                         [1, 1]                    --
├─Sequential: 1-1                        [1, 1]                    --
│    └─SandwichFc: 2-1                   [1, 128]                  16,897
│    └─SandwichFc: 2-2                   [1, 128]                  33,025
│    └─SandwichLin: 2-3                  [1, 1]                    131
==========================================================================================
Total params: 50,053
Trainable params: 49,797
Non-trainable params: 256
Total mult-adds (M): 0.05
==========================================================================================
Input size (MB): 0.00
Forward/backward pass size (MB): 0.00
Params size (MB): 0.20
Estimated Total Size (MB): 0.20
==========================================================================================
==> Lipschitz constant of CBF network: 1.000000
==> Amount of training data:  1500
==> Creating training data ...
==> Start training ...
Epoch: 001 | Train Loss: 7.2812E-02 | CBF GN: 3.7340E+00 | Time: 113ms
Epoch: 001 | Test Loss: 6.8459E-02 | Time: 7ms
> Save at epoch 001 | Test loss 6.8459E-02
Epoch: 002 | Test Loss: 1.7597E-01 | Time: 7ms
Epoch: 003 | Test Loss: 9.2006E-02 | Time: 7ms
Epoch: 004 | Test Loss: 6.8107E-02 | Time: 7ms
> Save at epoch 004 | Test loss 6.8107E-02
Epoch: 005 | Test Loss: 4.2851E-02 | Time: 7ms
> Save at epoch 005 | Test loss 4.2851E-02
Epoch: 006 | Train Loss: 4.7305E-02 | CBF GN: 2.7101E+00 | Time: 26ms
Epoch: 006 | Test Loss: 8.0544E-02 | Time: 7ms
Epoch: 007 | Test Loss: 2.1828E-02 | Time: 7ms
> Save at epoch 007 | Test loss 2.1828E-02
Epoch: 008 | Test Loss: 2.4243E-02 | Time: 7ms
Epoch: 009 | Test Loss: 7.9762E-02 | Time: 7ms
Epoch: 010 | Test Loss: 2.4497E-02 | Time: 7ms
Epoch: 011 | Train Loss: 3.1730E-02 | CBF GN: 6.9554E-01 | Time: 26ms
Epoch: 011 | Test Loss: 1.5455E-02 | Time: 7ms
> Save at epoch 011 | Test loss 1.5455E-02
Epoch: 012 | Test Loss: 1.9469E-02 | Time: 7ms
Epoch: 013 | Test Loss: 7.3164E-03 | Time: 7ms
> Save at epoch 013 | Test loss 7.3164E-03
Epoch: 014 | Test Loss: 7.1364E-03 | Time: 7ms
> Save at epoch 014 | Test loss 7.1364E-03
Epoch: 015 | Test Loss: 1.0636E-02 | Time: 7ms
Epoch: 016 | Train Loss: 1.0930E-02 | CBF GN: 2.9918E-01 | Time: 25ms
Epoch: 016 | Test Loss: 5.8768E-03 | Time: 7ms
> Save at epoch 016 | Test loss 5.8768E-03
Epoch: 017 | Test Loss: 7.7960E-03 | Time: 7ms
Epoch: 018 | Test Loss: 3.3774E-03 | Time: 7ms
> Save at epoch 018 | Test loss 3.3774E-03
Epoch: 019 | Test Loss: 3.9199E-03 | Time: 7ms
Epoch: 020 | Test Loss: 1.4465E-03 | Time: 7ms
> Save at epoch 020 | Test loss 1.4465E-03
Epoch: 021 | Train Loss: 3.4648E-03 | CBF GN: 1.6912E-01 | Time: 25ms
Epoch: 021 | Test Loss: 4.0549E-03 | Time: 7ms
Epoch: 022 | Test Loss: 1.2884E-03 | Time: 7ms
> Save at epoch 022 | Test loss 1.2884E-03
Epoch: 023 | Test Loss: 1.6698E-03 | Time: 7ms
Epoch: 024 | Test Loss: 1.8779E-03 | Time: 7ms
Epoch: 025 | Test Loss: 1.0947E-03 | Time: 7ms
> Save at epoch 025 | Test loss 1.0947E-03
Epoch: 026 | Train Loss: 1.3405E-03 | CBF GN: 7.6811E-02 | Time: 25ms
Epoch: 026 | Test Loss: 1.0006E-03 | Time: 7ms
> Save at epoch 026 | Test loss 1.0006E-03
Epoch: 027 | Test Loss: 9.8761E-04 | Time: 7ms
> Save at epoch 027 | Test loss 9.8761E-04
Epoch: 028 | Test Loss: 1.0743E-03 | Time: 7ms
Epoch: 029 | Test Loss: 8.5103E-04 | Time: 7ms
> Save at epoch 029 | Test loss 8.5103E-04
Epoch: 030 | Test Loss: 3.7545E-04 | Time: 7ms
> Save at epoch 030 | Test loss 3.7545E-04
Epoch: 031 | Train Loss: 8.4920E-04 | CBF GN: 8.8429E-02 | Time: 25ms
Epoch: 031 | Test Loss: 5.6690E-04 | Time: 7ms
Epoch: 032 | Test Loss: 5.3402E-04 | Time: 7ms
Epoch: 033 | Test Loss: 6.0957E-04 | Time: 7ms
Epoch: 034 | Test Loss: 5.1398E-04 | Time: 7ms
Epoch: 035 | Test Loss: 3.4539E-04 | Time: 7ms
> Save at epoch 035 | Test loss 3.4539E-04
Epoch: 036 | Train Loss: 6.8869E-04 | CBF GN: 5.0632E-02 | Time: 25ms
Epoch: 036 | Test Loss: 4.5705E-04 | Time: 7ms
Epoch: 037 | Test Loss: 3.8157E-04 | Time: 7ms
Epoch: 038 | Test Loss: 4.0137E-04 | Time: 7ms
Epoch: 039 | Test Loss: 7.3974E-04 | Time: 7ms
Epoch: 040 | Test Loss: 6.7744E-04 | Time: 7ms
Epoch: 041 | Train Loss: 8.2143E-04 | CBF GN: 8.1603E-02 | Time: 25ms
Epoch: 041 | Test Loss: 4.2398E-04 | Time: 7ms
Epoch: 042 | Test Loss: 5.3218E-04 | Time: 7ms
Epoch: 043 | Test Loss: 3.4301E-04 | Time: 7ms
> Save at epoch 043 | Test loss 3.4301E-04
Epoch: 044 | Test Loss: 2.9786E-04 | Time: 7ms
> Save at epoch 044 | Test loss 2.9786E-04
Epoch: 045 | Test Loss: 2.8539E-04 | Time: 7ms
> Save at epoch 045 | Test loss 2.8539E-04
Epoch: 046 | Train Loss: 6.2223E-04 | CBF GN: 7.3043E-02 | Time: 25ms
Epoch: 046 | Test Loss: 3.5169E-04 | Time: 7ms
Epoch: 047 | Test Loss: 2.7159E-04 | Time: 7ms
> Save at epoch 047 | Test loss 2.7159E-04
Epoch: 048 | Test Loss: 2.1839E-04 | Time: 7ms
> Save at epoch 048 | Test loss 2.1839E-04
Epoch: 049 | Test Loss: 3.2744E-04 | Time: 7ms
Epoch: 050 | Test Loss: 3.4530E-04 | Time: 7ms
Epoch: 051 | Train Loss: 4.8002E-04 | CBF GN: 3.8877E-02 | Time: 25ms
Epoch: 051 | Test Loss: 4.0139E-04 | Time: 7ms
Epoch: 052 | Test Loss: 3.4637E-04 | Time: 7ms
Epoch: 053 | Test Loss: 2.7422E-04 | Time: 7ms
Epoch: 054 | Test Loss: 3.0780E-04 | Time: 35ms
Epoch: 055 | Test Loss: 3.5106E-04 | Time: 7ms
Epoch: 056 | Train Loss: 4.9733E-04 | CBF GN: 4.6001E-02 | Time: 25ms
Epoch: 056 | Test Loss: 3.0828E-04 | Time: 7ms
Epoch: 057 | Test Loss: 2.0510E-04 | Time: 7ms
> Save at epoch 057 | Test loss 2.0510E-04
Epoch: 058 | Test Loss: 3.3252E-04 | Time: 7ms
Epoch: 059 | Test Loss: 4.9101E-04 | Time: 7ms
Epoch: 060 | Test Loss: 4.3966E-04 | Time: 7ms
Epoch: 061 | Train Loss: 4.6683E-04 | CBF GN: 6.2147E-02 | Time: 25ms
Epoch: 061 | Test Loss: 1.8337E-04 | Time: 7ms
> Save at epoch 061 | Test loss 1.8337E-04
Epoch: 062 | Test Loss: 2.6823E-04 | Time: 7ms
Epoch: 063 | Test Loss: 3.6294E-04 | Time: 7ms
Epoch: 064 | Test Loss: 3.3642E-04 | Time: 7ms
Epoch: 065 | Test Loss: 2.8347E-04 | Time: 7ms
Epoch: 066 | Train Loss: 4.9777E-04 | CBF GN: 4.3160E-02 | Time: 25ms
Epoch: 066 | Test Loss: 2.7662E-04 | Time: 7ms
Epoch: 067 | Test Loss: 2.5938E-04 | Time: 7ms
Epoch: 068 | Test Loss: 3.5493E-04 | Time: 7ms
Epoch: 069 | Test Loss: 3.2356E-04 | Time: 7ms
Epoch: 070 | Test Loss: 3.1232E-04 | Time: 7ms
Epoch: 071 | Train Loss: 4.2249E-04 | CBF GN: 4.2884E-02 | Time: 25ms
Epoch: 071 | Test Loss: 2.4761E-04 | Time: 7ms
Epoch: 072 | Test Loss: 2.2318E-04 | Time: 7ms
Epoch: 073 | Test Loss: 2.9864E-04 | Time: 7ms
Epoch: 074 | Test Loss: 2.4437E-04 | Time: 7ms
Epoch: 075 | Test Loss: 2.6949E-04 | Time: 7ms
Epoch: 076 | Train Loss: 4.1851E-04 | CBF GN: 3.5581E-02 | Time: 25ms
Epoch: 076 | Test Loss: 2.5462E-04 | Time: 7ms
Epoch: 077 | Test Loss: 2.5973E-04 | Time: 7ms
Epoch: 078 | Test Loss: 2.3717E-04 | Time: 7ms
Epoch: 079 | Test Loss: 2.2838E-04 | Time: 7ms
Epoch: 080 | Test Loss: 2.6849E-04 | Time: 7ms
Epoch: 081 | Train Loss: 3.7573E-04 | CBF GN: 4.1478E-02 | Time: 25ms
Epoch: 081 | Test Loss: 2.3471E-04 | Time: 7ms
Epoch: 082 | Test Loss: 2.4150E-04 | Time: 7ms
Epoch: 083 | Test Loss: 2.5160E-04 | Time: 7ms
Epoch: 084 | Test Loss: 2.2470E-04 | Time: 7ms
Epoch: 085 | Test Loss: 2.7676E-04 | Time: 7ms
Epoch: 086 | Train Loss: 3.7703E-04 | CBF GN: 3.2846E-02 | Time: 25ms
Epoch: 086 | Test Loss: 2.2257E-04 | Time: 7ms
Epoch: 087 | Test Loss: 2.2079E-04 | Time: 7ms
Epoch: 088 | Test Loss: 2.5066E-04 | Time: 7ms
Epoch: 089 | Test Loss: 2.1310E-04 | Time: 7ms
Epoch: 090 | Test Loss: 2.2990E-04 | Time: 7ms
Epoch: 091 | Train Loss: 3.5215E-04 | CBF GN: 3.9489E-02 | Time: 25ms
Epoch: 091 | Test Loss: 2.6070E-04 | Time: 7ms
Epoch: 092 | Test Loss: 2.2441E-04 | Time: 7ms
Epoch: 093 | Test Loss: 2.1407E-04 | Time: 7ms
Epoch: 094 | Test Loss: 2.3417E-04 | Time: 7ms
Epoch: 095 | Test Loss: 2.3372E-04 | Time: 7ms
Epoch: 096 | Train Loss: 3.4522E-04 | CBF GN: 2.1568E-02 | Time: 25ms
Epoch: 096 | Test Loss: 2.3067E-04 | Time: 7ms
Epoch: 097 | Test Loss: 2.3048E-04 | Time: 7ms
Epoch: 098 | Test Loss: 2.3078E-04 | Time: 7ms
Epoch: 099 | Test Loss: 2.2635E-04 | Time: 7ms
Epoch: 100 | Test Loss: 2.2614E-04 | Time: 7ms
Total time: 3s479ms
==> Visualizing training and test losses ...
==> Computing the smoothness constants ...
> Lipschitz constant of CBF network: 1.000000
> Hessian bound of CBF network: 4.355212
==> Saving the training results ...
==> Visualizing the CBF function and feasibility condition ...
==> Checking the safe and unsafe set ...
> Safe set percentage: 0.6779
> Unsafe set percentage: 0.9990
> Feasibility percentage: 0.9846
> Success:  False
==> Saving the feasibility results ...
==> Visualizing the CBF function and stability condition ...
==> Visualizing the feasibility condition ...
==> Done!
