==> Creating result directory ...
==> Loading test settings ...
==> Deciding torch device ...
==> torch device:  cpu
==> Building cbf neural network ...
==> Lipschitz constant of CBF network: 1.000000
==> Hessian bound of CBF network: 2.177606
==> Third order elementwise bound of CBF network: 8.000000
==> Number of subregions: 1
==> Subregion 0000000001 / 0000000001: 
==> [[-0.5 -2.  -0.1 -1.  -1.  -1. ], [0.5 0.  0.1 1.  1.  1. ]]
> Iteration 00 | Bound: [-0.273100, 1.790876] | l2 radius: 2.06E+00 | Size: 1.00E+00 | Time: 9ms
> Iteration 01 | Bound: [-0.242959, 1.630540] | l2 radius: 1.87E+00 | Size: 2.00E+00 | Time: 11ms
> Iteration 02 | Bound: [-0.243150, 1.418175] | l2 radius: 1.66E+00 | Size: 4.00E+00 | Time: 13ms
> Iteration 03 | Bound: [-0.243287, 1.174458] | l2 radius: 1.42E+00 | Size: 8.00E+00 | Time: 15ms
> Iteration 04 | Bound: [-0.213572, 0.908925] | l2 radius: 1.12E+00 | Size: 1.60E+01 | Time: 17ms
> Iteration 05 | Bound: [-0.190375, 0.845241] | l2 radius: 1.04E+00 | Size: 3.20E+01 | Time: 21ms
> Iteration 06 | Bound: [-0.159305, 0.781439] | l2 radius: 9.41E-01 | Size: 6.40E+01 | Time: 30ms
> Iteration 07 | Bound: [-0.159300, 0.675865] | l2 radius: 8.35E-01 | Size: 1.28E+02 | Time: 45ms
> Iteration 08 | Bound: [-0.159401, 0.505602] | l2 radius: 7.14E-01 | Size: 2.56E+02 | Time: 74ms
> Iteration 09 | Bound: [-0.144719, 0.301351] | l2 radius: 5.68E-01 | Size: 5.12E+02 | Time: 122ms
> Iteration 10 | Bound: [-0.119390, 0.261076] | l2 radius: 5.25E-01 | Size: 1.02E+03 | Time: 215ms
> Iteration 11 | Bound: [-0.100752, 0.212596] | l2 radius: 4.78E-01 | Size: 2.05E+03 | Time: 400ms
> Iteration 12 | Bound: [-0.100525, 0.161814] | l2 radius: 4.26E-01 | Size: 3.71E+03 | Time: 733ms
> Iteration 13 | Bound: [-0.100505, 0.110914] | l2 radius: 3.67E-01 | Size: 5.74E+03 | Time: 1s218ms
> Iteration 14 | Bound: [-0.093005, 0.059948] | l2 radius: 2.97E-01 | Size: 5.73E+03 | Time: 1s717ms
> Iteration 15 | Bound: [-0.078084, 0.047411] | l2 radius: 2.76E-01 | Size: 2.69E+03 | Time: 1s966ms
> Iteration 16 | Bound: [-0.068075, 0.029648] | l2 radius: 2.54E-01 | Size: 2.16E+03 | Time: 2s156ms
> Iteration 17 | Bound: [-0.067874, 0.013843] | l2 radius: 2.30E-01 | Size: 1.35E+03 | Time: 2s276ms
> Iteration 18 | Bound: [-0.058927, -0.000052] | l2 radius: 2.03E-01 | Size: 5.62E+02 | Time: 2s327ms
> No region to refine. Done!
> Time for subregion 0000000001: 2s327ms
> Total time up to subregion 0000000001: 2s327ms = 2.3272042274475098 s
> Total time excluding drawing: 2s327ms = 2.3272042274475098 s
> Success: True
==> Done!
