==> Creating result directory ...
==> Loading test settings ...
==> Deciding torch device ...
==> torch device:  cuda
==> Seeding everything ...
==> Building dynamical system ...
==> Building cbf neural network ...
==========================================================================================
Layer (type:depth-idx)                   Output Shape              Param #
==========================================================================================
LipschitzNetwork                         [1, 1]                    --
├─Sequential: 1-1                        [1, 1]                    --
│    └─SandwichFc: 2-1                   [1, 128]                  16,897
│    └─SandwichFc: 2-2                   [1, 128]                  33,025
│    └─SandwichFc: 2-3                   [1, 128]                  33,025
│    └─SandwichLin: 2-4                  [1, 1]                    131
==========================================================================================
Total params: 83,078
Trainable params: 82,694
Non-trainable params: 384
Total mult-adds (M): 0.08
==========================================================================================
Input size (MB): 0.00
Forward/backward pass size (MB): 0.00
Params size (MB): 0.33
Estimated Total Size (MB): 0.34
==========================================================================================
==> Lipschitz constant of CBF network: 1.000000
==> Amount of training data:  1500
==> Creating training data ...
==> Start training ...
Epoch: 001 | Train Loss: 2.5560E-02 | CBF GN: 2.0843E+00 | Time: 113ms
Epoch: 001 | Test Loss: 2.4161E-02 | Time: 8ms
> Save at epoch 001 | Test loss 2.4161E-02
Epoch: 002 | Test Loss: 2.1725E-01 | Time: 8ms
Epoch: 003 | Test Loss: 1.1177E-01 | Time: 8ms
Epoch: 004 | Test Loss: 3.9766E-02 | Time: 8ms
Epoch: 005 | Test Loss: 1.4792E-02 | Time: 8ms
> Save at epoch 005 | Test loss 1.4792E-02
Epoch: 006 | Train Loss: 1.4721E-02 | CBF GN: 7.3751E-01 | Time: 31ms
Epoch: 006 | Test Loss: 1.0798E-02 | Time: 8ms
> Save at epoch 006 | Test loss 1.0798E-02
Epoch: 007 | Test Loss: 1.3916E-02 | Time: 8ms
Epoch: 008 | Test Loss: 1.8302E-02 | Time: 8ms
Epoch: 009 | Test Loss: 1.2220E-02 | Time: 8ms
Epoch: 010 | Test Loss: 7.7918E-03 | Time: 8ms
> Save at epoch 010 | Test loss 7.7918E-03
Epoch: 011 | Train Loss: 5.5341E-03 | CBF GN: 3.7522E-01 | Time: 31ms
Epoch: 011 | Test Loss: 7.6123E-03 | Time: 8ms
> Save at epoch 011 | Test loss 7.6123E-03
Epoch: 012 | Test Loss: 1.1147E-02 | Time: 8ms
Epoch: 013 | Test Loss: 1.2044E-02 | Time: 8ms
Epoch: 014 | Test Loss: 2.9106E-02 | Time: 9ms
Epoch: 015 | Test Loss: 4.9732E-02 | Time: 8ms
Epoch: 016 | Train Loss: 3.7192E-02 | CBF GN: 8.0129E-01 | Time: 31ms
Epoch: 016 | Test Loss: 2.1156E-02 | Time: 8ms
Epoch: 017 | Test Loss: 4.6386E-02 | Time: 8ms
Epoch: 018 | Test Loss: 5.2241E-02 | Time: 8ms
Epoch: 019 | Test Loss: 1.4249E-02 | Time: 8ms
Epoch: 020 | Test Loss: 1.0449E-02 | Time: 8ms
Epoch: 021 | Train Loss: 1.0333E-02 | CBF GN: 3.4632E-01 | Time: 31ms
Epoch: 021 | Test Loss: 6.5103E-03 | Time: 8ms
> Save at epoch 021 | Test loss 6.5103E-03
Epoch: 022 | Test Loss: 2.6181E-03 | Time: 8ms
> Save at epoch 022 | Test loss 2.6181E-03
Epoch: 023 | Test Loss: 3.2844E-03 | Time: 8ms
Epoch: 024 | Test Loss: 1.2667E-03 | Time: 8ms
> Save at epoch 024 | Test loss 1.2667E-03
Epoch: 025 | Test Loss: 9.8840E-04 | Time: 8ms
> Save at epoch 025 | Test loss 9.8840E-04
Epoch: 026 | Train Loss: 1.3106E-03 | CBF GN: 1.2868E-01 | Time: 31ms
Epoch: 026 | Test Loss: 4.9582E-04 | Time: 8ms
> Save at epoch 026 | Test loss 4.9582E-04
Epoch: 027 | Test Loss: 4.2346E-04 | Time: 8ms
> Save at epoch 027 | Test loss 4.2346E-04
Epoch: 028 | Test Loss: 9.2823E-04 | Time: 8ms
Epoch: 029 | Test Loss: 1.5393E-03 | Time: 8ms
Epoch: 030 | Test Loss: 1.2543E-03 | Time: 8ms
Epoch: 031 | Train Loss: 1.6137E-03 | CBF GN: 1.2191E-01 | Time: 31ms
Epoch: 031 | Test Loss: 2.0071E-03 | Time: 8ms
Epoch: 032 | Test Loss: 1.3899E-03 | Time: 8ms
Epoch: 033 | Test Loss: 1.6264E-03 | Time: 8ms
Epoch: 034 | Test Loss: 9.4682E-04 | Time: 8ms
Epoch: 035 | Test Loss: 5.6192E-04 | Time: 8ms
Epoch: 036 | Train Loss: 8.5267E-04 | CBF GN: 9.8270E-02 | Time: 30ms
Epoch: 036 | Test Loss: 4.3944E-04 | Time: 8ms
Epoch: 037 | Test Loss: 7.8903E-04 | Time: 8ms
Epoch: 038 | Test Loss: 9.0810E-04 | Time: 8ms
Epoch: 039 | Test Loss: 1.0149E-03 | Time: 8ms
Epoch: 040 | Test Loss: 8.3243E-04 | Time: 8ms
Epoch: 041 | Train Loss: 8.9280E-04 | CBF GN: 9.5844E-02 | Time: 31ms
Epoch: 041 | Test Loss: 6.9819E-04 | Time: 8ms
Epoch: 042 | Test Loss: 8.3212E-04 | Time: 8ms
Epoch: 043 | Test Loss: 7.9455E-04 | Time: 8ms
Epoch: 044 | Test Loss: 6.8992E-04 | Time: 8ms
Epoch: 045 | Test Loss: 6.6383E-04 | Time: 8ms
Epoch: 046 | Train Loss: 7.6191E-04 | CBF GN: 9.1361E-02 | Time: 31ms
Epoch: 046 | Test Loss: 9.0334E-04 | Time: 8ms
Epoch: 047 | Test Loss: 7.8724E-04 | Time: 8ms
Epoch: 048 | Test Loss: 9.7670E-04 | Time: 8ms
Epoch: 049 | Test Loss: 9.2465E-04 | Time: 8ms
Epoch: 050 | Test Loss: 6.3791E-04 | Time: 8ms
Epoch: 051 | Train Loss: 6.7732E-04 | CBF GN: 6.2993E-02 | Time: 31ms
Epoch: 051 | Test Loss: 4.3160E-04 | Time: 8ms
Epoch: 052 | Test Loss: 4.8398E-04 | Time: 9ms
Epoch: 053 | Test Loss: 3.5643E-04 | Time: 8ms
> Save at epoch 053 | Test loss 3.5643E-04
Epoch: 054 | Test Loss: 4.5850E-04 | Time: 37ms
Epoch: 055 | Test Loss: 2.6291E-04 | Time: 8ms
> Save at epoch 055 | Test loss 2.6291E-04
Epoch: 056 | Train Loss: 5.1525E-04 | CBF GN: 7.3177E-02 | Time: 30ms
Epoch: 056 | Test Loss: 3.1840E-04 | Time: 8ms
Epoch: 057 | Test Loss: 4.6948E-04 | Time: 8ms
Epoch: 058 | Test Loss: 4.0191E-04 | Time: 8ms
Epoch: 059 | Test Loss: 3.3240E-04 | Time: 8ms
Epoch: 060 | Test Loss: 2.8575E-04 | Time: 8ms
Epoch: 061 | Train Loss: 4.2286E-04 | CBF GN: 2.5471E-02 | Time: 31ms
Epoch: 061 | Test Loss: 3.1533E-04 | Time: 8ms
Epoch: 062 | Test Loss: 2.7690E-04 | Time: 8ms
Epoch: 063 | Test Loss: 2.3322E-04 | Time: 8ms
> Save at epoch 063 | Test loss 2.3322E-04
Epoch: 064 | Test Loss: 3.5211E-04 | Time: 8ms
Epoch: 065 | Test Loss: 3.0723E-04 | Time: 8ms
Epoch: 066 | Train Loss: 3.6931E-04 | CBF GN: 4.3439E-02 | Time: 31ms
Epoch: 066 | Test Loss: 3.5267E-04 | Time: 8ms
Epoch: 067 | Test Loss: 2.6427E-04 | Time: 8ms
Epoch: 068 | Test Loss: 1.9527E-04 | Time: 8ms
> Save at epoch 068 | Test loss 1.9527E-04
Epoch: 069 | Test Loss: 2.0742E-04 | Time: 8ms
Epoch: 070 | Test Loss: 4.0612E-04 | Time: 8ms
Epoch: 071 | Train Loss: 3.8608E-04 | CBF GN: 6.7410E-02 | Time: 31ms
Epoch: 071 | Test Loss: 1.8462E-04 | Time: 8ms
> Save at epoch 071 | Test loss 1.8462E-04
Epoch: 072 | Test Loss: 2.3288E-04 | Time: 8ms
Epoch: 073 | Test Loss: 3.7284E-04 | Time: 8ms
Epoch: 074 | Test Loss: 2.0500E-04 | Time: 8ms
Epoch: 075 | Test Loss: 2.1680E-04 | Time: 8ms
Epoch: 076 | Train Loss: 3.2370E-04 | CBF GN: 4.1446E-02 | Time: 32ms
Epoch: 076 | Test Loss: 2.2319E-04 | Time: 9ms
Epoch: 077 | Test Loss: 2.6285E-04 | Time: 8ms
Epoch: 078 | Test Loss: 1.8075E-04 | Time: 8ms
> Save at epoch 078 | Test loss 1.8075E-04
Epoch: 079 | Test Loss: 2.6583E-04 | Time: 8ms
Epoch: 080 | Test Loss: 2.5996E-04 | Time: 8ms
Epoch: 081 | Train Loss: 2.8842E-04 | CBF GN: 2.2871E-02 | Time: 31ms
Epoch: 081 | Test Loss: 2.2154E-04 | Time: 8ms
Epoch: 082 | Test Loss: 2.2910E-04 | Time: 8ms
Epoch: 083 | Test Loss: 2.0534E-04 | Time: 8ms
Epoch: 084 | Test Loss: 2.1645E-04 | Time: 8ms
Epoch: 085 | Test Loss: 2.0961E-04 | Time: 8ms
Epoch: 086 | Train Loss: 2.5005E-04 | CBF GN: 2.0042E-02 | Time: 31ms
Epoch: 086 | Test Loss: 2.0562E-04 | Time: 8ms
Epoch: 087 | Test Loss: 2.0516E-04 | Time: 8ms
Epoch: 088 | Test Loss: 2.1426E-04 | Time: 9ms
Epoch: 089 | Test Loss: 2.1027E-04 | Time: 8ms
Epoch: 090 | Test Loss: 2.0338E-04 | Time: 8ms
Epoch: 091 | Train Loss: 2.4476E-04 | CBF GN: 1.9586E-02 | Time: 31ms
Epoch: 091 | Test Loss: 2.1266E-04 | Time: 8ms
Epoch: 092 | Test Loss: 2.1752E-04 | Time: 8ms
Epoch: 093 | Test Loss: 2.0013E-04 | Time: 8ms
Epoch: 094 | Test Loss: 2.0688E-04 | Time: 8ms
Epoch: 095 | Test Loss: 2.1159E-04 | Time: 8ms
Epoch: 096 | Train Loss: 2.3598E-04 | CBF GN: 2.5349E-02 | Time: 31ms
Epoch: 096 | Test Loss: 2.1185E-04 | Time: 8ms
Epoch: 097 | Test Loss: 2.0871E-04 | Time: 8ms
Epoch: 098 | Test Loss: 2.0674E-04 | Time: 8ms
Epoch: 099 | Test Loss: 2.0841E-04 | Time: 8ms
Epoch: 100 | Test Loss: 2.0824E-04 | Time: 8ms
Total time: 4s124ms
==> Visualizing training and test losses ...
==> Computing the smoothness constants ...
> Lipschitz constant of CBF network: 1.000000
> Hessian bound of CBF network: 6.532818
==> Saving the training results ...
==> Visualizing the CBF function and feasibility condition ...
==> Checking the safe and unsafe set ...
> Safe set percentage: 0.6666
> Unsafe set percentage: 1.0000
> Feasibility percentage: 0.9989
> Success:  False
==> Saving the feasibility results ...
==> Visualizing the CBF function and stability condition ...
==> Visualizing the feasibility condition ...
==> Done!
