==> Creating result directory ...
==> Loading test settings ...
==> Deciding torch device ...
==> torch device:  cpu
==> Building cbf neural network ...
==> Lipschitz constant of CBF network: 1.000000
==> Hessian bound of CBF network: 4.355212
==> Third order elementwise bound of CBF network: 30.225904
==> Number of subregions: 1
==> Subregion 0000000001 / 0000000001: 
==> [[-0.5  -2.   -1.57], [0.5  0.   1.57]]
> Iteration 00 | Bound: [-0.368747, 1.558661] | l2 radius: 1.93E+00 | Size: 1.00E+00 | Time: 8ms
> Iteration 01 | Bound: [-0.376823, 0.989275] | l2 radius: 1.37E+00 | Size: 2.00E+00 | Time: 11ms
> Iteration 02 | Bound: [-0.304940, 0.751576] | l2 radius: 1.06E+00 | Size: 4.00E+00 | Time: 13ms
> Iteration 03 | Bound: [-0.294752, 0.513986] | l2 radius: 8.09E-01 | Size: 8.00E+00 | Time: 16ms
> Iteration 04 | Bound: [-0.256798, 0.426251] | l2 radius: 6.83E-01 | Size: 1.60E+01 | Time: 20ms
> Iteration 05 | Bound: [-0.241507, 0.286751] | l2 radius: 5.28E-01 | Size: 3.20E+01 | Time: 26ms
> Iteration 06 | Bound: [-0.230325, 0.174044] | l2 radius: 4.04E-01 | Size: 6.00E+01 | Time: 35ms
> Iteration 07 | Bound: [-0.196659, 0.126449] | l2 radius: 3.42E-01 | Size: 1.06E+02 | Time: 48ms
> Iteration 08 | Bound: [-0.187516, 0.054347] | l2 radius: 2.64E-01 | Size: 1.04E+02 | Time: 64ms
> Iteration 09 | Bound: [-0.161469, -0.009613] | l2 radius: 2.02E-01 | Size: 2.20E+01 | Time: 69ms
> No region to refine. Done!
> Time for subregion 0000000001: 69ms
> Total time up to subregion 0000000001: 69ms = 0.06914114952087402 s
> Total time excluding drawing: 69ms = 0.06914114952087402 s
> Success: True
==> Done!
