==> Creating result directory ...
==> Loading test settings ...
==> Deciding torch device ...
==> torch device:  cuda
==> Seeding everything ...
==> Building dynamical system ...
==> Building cbf neural network ...
==========================================================================================
Layer (type:depth-idx)                   Output Shape              Param #
==========================================================================================
LipschitzNetwork                         [1, 1]                    --
├─Sequential: 1-1                        [1, 1]                    --
│    └─SandwichFc: 2-1                   [1, 128]                  17,153
│    └─SandwichFc: 2-2                   [1, 128]                  33,025
│    └─SandwichFc: 2-3                   [1, 128]                  33,025
│    └─SandwichLin: 2-4                  [1, 1]                    131
==========================================================================================
Total params: 83,334
Trainable params: 82,950
Non-trainable params: 384
Total mult-adds (M): 0.08
==========================================================================================
Input size (MB): 0.00
Forward/backward pass size (MB): 0.00
Params size (MB): 0.33
Estimated Total Size (MB): 0.34
==========================================================================================
==> Lipschitz constant of CBF network: 1.000000
==> Amount of training data:  40000
==> Creating training data ...
==> Start training ...
Epoch: 001 | Train Loss: 7.7675E-01 | CBF GN: 1.1744E+01 | Time: 907ms
Epoch: 001 | Test Loss: 4.2016E-01 | Time: 191ms
> Save at epoch 001 | Test loss 4.2016E-01
Epoch: 002 | Test Loss: 2.2827E-02 | Time: 174ms
> Save at epoch 002 | Test loss 2.2827E-02
Epoch: 003 | Test Loss: 1.0885E-02 | Time: 174ms
> Save at epoch 003 | Test loss 1.0885E-02
Epoch: 004 | Test Loss: 8.1323E-03 | Time: 173ms
> Save at epoch 004 | Test loss 8.1323E-03
Epoch: 005 | Test Loss: 8.1842E-03 | Time: 201ms
Epoch: 006 | Train Loss: 1.2988E-02 | CBF GN: 3.1933E-01 | Time: 768ms
Epoch: 006 | Test Loss: 4.2033E-03 | Time: 174ms
> Save at epoch 006 | Test loss 4.2033E-03
Epoch: 007 | Test Loss: 5.8284E-03 | Time: 174ms
Epoch: 008 | Test Loss: 8.4611E-03 | Time: 199ms
Epoch: 009 | Test Loss: 6.1202E-03 | Time: 174ms
Epoch: 010 | Test Loss: 4.6662E-03 | Time: 174ms
Epoch: 011 | Train Loss: 1.0818E-02 | CBF GN: 2.2429E-01 | Time: 757ms
Epoch: 011 | Test Loss: 8.2831E-03 | Time: 199ms
Epoch: 012 | Test Loss: 5.9661E-03 | Time: 174ms
Epoch: 013 | Test Loss: 4.8281E-03 | Time: 174ms
Epoch: 014 | Test Loss: 9.8217E-03 | Time: 194ms
Epoch: 015 | Test Loss: 7.3012E-03 | Time: 173ms
Epoch: 016 | Train Loss: 1.1203E-02 | CBF GN: 1.9598E-01 | Time: 759ms
Epoch: 016 | Test Loss: 4.3945E-03 | Time: 173ms
Epoch: 017 | Test Loss: 5.6808E-03 | Time: 173ms
Epoch: 018 | Test Loss: 4.6906E-03 | Time: 174ms
Epoch: 019 | Test Loss: 4.9418E-03 | Time: 180ms
Epoch: 020 | Test Loss: 6.5389E-03 | Time: 181ms
Epoch: 021 | Train Loss: 8.6363E-03 | CBF GN: 1.4716E-01 | Time: 804ms
Epoch: 021 | Test Loss: 4.1400E-03 | Time: 173ms
> Save at epoch 021 | Test loss 4.1400E-03
Epoch: 022 | Test Loss: 9.0328E-03 | Time: 198ms
Epoch: 023 | Test Loss: 5.4595E-03 | Time: 173ms
Epoch: 024 | Test Loss: 5.4287E-03 | Time: 175ms
Epoch: 025 | Test Loss: 4.0761E-03 | Time: 199ms
> Save at epoch 025 | Test loss 4.0761E-03
Epoch: 026 | Train Loss: 1.0474E-02 | CBF GN: 1.8835E-01 | Time: 760ms
Epoch: 026 | Test Loss: 5.7388E-03 | Time: 174ms
Epoch: 027 | Test Loss: 5.6251E-03 | Time: 194ms
Epoch: 028 | Test Loss: 5.0094E-03 | Time: 203ms
Epoch: 029 | Test Loss: 6.5688E-03 | Time: 177ms
Epoch: 030 | Test Loss: 4.6533E-03 | Time: 189ms
Epoch: 031 | Train Loss: 9.3963E-03 | CBF GN: 1.4674E-01 | Time: 821ms
Epoch: 031 | Test Loss: 5.4655E-03 | Time: 183ms
Epoch: 032 | Test Loss: 4.7702E-03 | Time: 190ms
Epoch: 033 | Test Loss: 6.3948E-03 | Time: 191ms
Epoch: 034 | Test Loss: 7.0612E-03 | Time: 177ms
Epoch: 035 | Test Loss: 4.2376E-03 | Time: 175ms
Epoch: 036 | Train Loss: 9.4748E-03 | CBF GN: 1.5690E-01 | Time: 795ms
Epoch: 036 | Test Loss: 6.3116E-03 | Time: 201ms
Epoch: 037 | Test Loss: 4.9460E-03 | Time: 181ms
Epoch: 038 | Test Loss: 3.8461E-03 | Time: 174ms
> Save at epoch 038 | Test loss 3.8461E-03
Epoch: 039 | Test Loss: 3.9305E-03 | Time: 199ms
Epoch: 040 | Test Loss: 6.0005E-03 | Time: 174ms
Epoch: 041 | Train Loss: 9.7981E-03 | CBF GN: 1.5935E-01 | Time: 793ms
Epoch: 041 | Test Loss: 4.5828E-03 | Time: 177ms
Epoch: 042 | Test Loss: 4.9877E-03 | Time: 200ms
Epoch: 043 | Test Loss: 3.5865E-03 | Time: 184ms
> Save at epoch 043 | Test loss 3.5865E-03
Epoch: 044 | Test Loss: 5.1711E-03 | Time: 189ms
Epoch: 045 | Test Loss: 5.6270E-03 | Time: 174ms
Epoch: 046 | Train Loss: 8.1690E-03 | CBF GN: 1.1830E-01 | Time: 755ms
Epoch: 046 | Test Loss: 5.4416E-03 | Time: 174ms
Epoch: 047 | Test Loss: 4.2837E-03 | Time: 174ms
Epoch: 048 | Test Loss: 3.3287E-03 | Time: 174ms
> Save at epoch 048 | Test loss 3.3287E-03
Epoch: 049 | Test Loss: 4.1607E-03 | Time: 174ms
Epoch: 050 | Test Loss: 3.2592E-03 | Time: 211ms
> Save at epoch 050 | Test loss 3.2592E-03
Epoch: 051 | Train Loss: 8.3664E-03 | CBF GN: 1.4110E-01 | Time: 810ms
Epoch: 051 | Test Loss: 3.7219E-03 | Time: 176ms
Epoch: 052 | Test Loss: 3.1653E-03 | Time: 176ms
> Save at epoch 052 | Test loss 3.1653E-03
Epoch: 053 | Test Loss: 4.4168E-03 | Time: 224ms
Epoch: 054 | Test Loss: 3.8756E-03 | Time: 193ms
Epoch: 055 | Test Loss: 4.3000E-03 | Time: 177ms
Epoch: 056 | Train Loss: 7.9284E-03 | CBF GN: 1.3152E-01 | Time: 762ms
Epoch: 056 | Test Loss: 5.4170E-03 | Time: 199ms
Epoch: 057 | Test Loss: 4.5298E-03 | Time: 173ms
Epoch: 058 | Test Loss: 4.7431E-03 | Time: 174ms
Epoch: 059 | Test Loss: 3.8115E-03 | Time: 174ms
Epoch: 060 | Test Loss: 4.8934E-03 | Time: 173ms
Epoch: 061 | Train Loss: 7.7175E-03 | CBF GN: 1.3010E-01 | Time: 758ms
Epoch: 061 | Test Loss: 3.6731E-03 | Time: 175ms
Epoch: 062 | Test Loss: 3.8536E-03 | Time: 174ms
Epoch: 063 | Test Loss: 4.4164E-03 | Time: 174ms
Epoch: 064 | Test Loss: 4.3596E-03 | Time: 199ms
Epoch: 065 | Test Loss: 4.1142E-03 | Time: 175ms
Epoch: 066 | Train Loss: 7.5849E-03 | CBF GN: 1.2905E-01 | Time: 796ms
Epoch: 066 | Test Loss: 2.7686E-03 | Time: 194ms
> Save at epoch 066 | Test loss 2.7686E-03
Epoch: 067 | Test Loss: 3.6395E-03 | Time: 218ms
Epoch: 068 | Test Loss: 3.1396E-03 | Time: 176ms
Epoch: 069 | Test Loss: 4.1203E-03 | Time: 176ms
Epoch: 070 | Test Loss: 3.8848E-03 | Time: 224ms
Epoch: 071 | Train Loss: 6.3377E-03 | CBF GN: 1.1148E-01 | Time: 793ms
Epoch: 071 | Test Loss: 3.8334E-03 | Time: 195ms
Epoch: 072 | Test Loss: 4.0833E-03 | Time: 187ms
Epoch: 073 | Test Loss: 3.0209E-03 | Time: 177ms
Epoch: 074 | Test Loss: 3.2633E-03 | Time: 185ms
Epoch: 075 | Test Loss: 4.1819E-03 | Time: 182ms
Epoch: 076 | Train Loss: 6.0965E-03 | CBF GN: 1.1207E-01 | Time: 844ms
Epoch: 076 | Test Loss: 3.6513E-03 | Time: 192ms
Epoch: 077 | Test Loss: 3.3250E-03 | Time: 179ms
Epoch: 078 | Test Loss: 3.3337E-03 | Time: 174ms
Epoch: 079 | Test Loss: 4.1991E-03 | Time: 173ms
Epoch: 080 | Test Loss: 3.2783E-03 | Time: 175ms
Epoch: 081 | Train Loss: 5.6636E-03 | CBF GN: 1.0952E-01 | Time: 757ms
Epoch: 081 | Test Loss: 3.1085E-03 | Time: 200ms
Epoch: 082 | Test Loss: 3.5492E-03 | Time: 174ms
Epoch: 083 | Test Loss: 3.4317E-03 | Time: 174ms
Epoch: 084 | Test Loss: 2.9523E-03 | Time: 200ms
Epoch: 085 | Test Loss: 2.8167E-03 | Time: 174ms
Epoch: 086 | Train Loss: 5.2185E-03 | CBF GN: 1.0083E-01 | Time: 766ms
Epoch: 086 | Test Loss: 3.2018E-03 | Time: 176ms
Epoch: 087 | Test Loss: 3.5646E-03 | Time: 174ms
Epoch: 088 | Test Loss: 3.2008E-03 | Time: 175ms
Epoch: 089 | Test Loss: 3.3250E-03 | Time: 175ms
Epoch: 090 | Test Loss: 2.9535E-03 | Time: 174ms
Epoch: 091 | Train Loss: 5.1450E-03 | CBF GN: 1.0546E-01 | Time: 785ms
Epoch: 091 | Test Loss: 3.2856E-03 | Time: 181ms
Epoch: 092 | Test Loss: 2.9604E-03 | Time: 186ms
Epoch: 093 | Test Loss: 2.9541E-03 | Time: 175ms
Epoch: 094 | Test Loss: 2.9635E-03 | Time: 174ms
Epoch: 095 | Test Loss: 3.0232E-03 | Time: 199ms
Epoch: 096 | Train Loss: 4.9034E-03 | CBF GN: 9.8929E-02 | Time: 766ms
Epoch: 096 | Test Loss: 2.9528E-03 | Time: 175ms
Epoch: 097 | Test Loss: 2.9028E-03 | Time: 175ms
Epoch: 098 | Test Loss: 2.9731E-03 | Time: 200ms
Epoch: 099 | Test Loss: 2.9538E-03 | Time: 174ms
Epoch: 100 | Test Loss: 2.9401E-03 | Time: 174ms
Total time: 1m37s
==> Visualizing training and test losses ...
==> Computing the smoothness constants ...
> Lipschitz constant of CBF network: 1.000000
> Hessian bound of CBF network: 6.532818
==> Saving the training results ...
==> Visualizing the CBF function and feasibility condition ...
==> Checking the safe and unsafe set ...
> Safe set percentage: 0.7988
> Unsafe set percentage: 0.9976
> Feasibility percentage: 1.0000
> Success:  False
==> Saving the feasibility results ...
==> Visualizing the CBF function and stability condition ...
==> Visualizing the feasibility condition ...
==> Done!
