==> Creating result directory ...
==> Loading test settings ...
==> Deciding torch device ...
==> torch device:  cpu
==> Building cbf neural network ...
==> Lipschitz constant of CBF network: 1.000000
==> Hessian bound of CBF network: 6.532818
==> Third order elementwise bound of CBF network: 66.677713
==> Number of subregions: 1
==> Subregion 0000000001 / 0000000001: 
==> [[-0.5 -2.  -1.  -1. ], [0.5 0.  1.  1. ]]
> Iteration 00 | Bound: [-0.343325, 1.459450] | l2 radius: 1.80E+00 | Size: 1.00E+00 | Time: 10ms
> Iteration 01 | Bound: [-0.320977, 1.260162] | l2 radius: 1.58E+00 | Size: 2.00E+00 | Time: 12ms
> Iteration 02 | Bound: [-0.277501, 1.045375] | l2 radius: 1.32E+00 | Size: 4.00E+00 | Time: 14ms
> Iteration 03 | Bound: [-0.256625, 0.743375] | l2 radius: 1.00E+00 | Size: 8.00E+00 | Time: 17ms
> Iteration 04 | Bound: [-0.200722, 0.700665] | l2 radius: 9.01E-01 | Size: 1.60E+01 | Time: 21ms
> Iteration 05 | Bound: [-0.191723, 0.598847] | l2 radius: 7.91E-01 | Size: 3.20E+01 | Time: 28ms
> Iteration 06 | Bound: [-0.187436, 0.474002] | l2 radius: 6.61E-01 | Size: 6.40E+01 | Time: 39ms
> Iteration 07 | Bound: [-0.179302, 0.320698] | l2 radius: 5.00E-01 | Size: 1.28E+02 | Time: 65ms
> Iteration 08 | Bound: [-0.141387, 0.309306] | l2 radius: 4.51E-01 | Size: 2.30E+02 | Time: 108ms
> Iteration 09 | Bound: [-0.127801, 0.267484] | l2 radius: 3.95E-01 | Size: 4.40E+02 | Time: 191ms
> Iteration 10 | Bound: [-0.123479, 0.207240] | l2 radius: 3.31E-01 | Size: 7.98E+02 | Time: 334ms
> Iteration 11 | Bound: [-0.122391, 0.127609] | l2 radius: 2.50E-01 | Size: 1.28E+03 | Time: 540ms
> Iteration 12 | Bound: [-0.102232, 0.114080] | l2 radius: 2.25E-01 | Size: 1.44E+03 | Time: 763ms
> Iteration 13 | Bound: [-0.092518, 0.078217] | l2 radius: 1.98E-01 | Size: 1.57E+03 | Time: 1s17ms
> Iteration 14 | Bound: [-0.091068, 0.041486] | l2 radius: 1.65E-01 | Size: 1.00E+03 | Time: 1s187ms
> Iteration 15 | Bound: [-0.089013, -0.000030] | l2 radius: 1.25E-01 | Size: 1.88E+02 | Time: 1s221ms
> No region to refine. Done!
> Time for subregion 0000000001: 1s221ms
> Total time up to subregion 0000000001: 1s221ms = 1.2219233512878418 s
> Total time excluding drawing: 1s221ms = 1.2219233512878418 s
> Success: True
==> Done!
