==> Creating result directory ...
==> Loading test settings ...
==> Deciding torch device ...
==> torch device:  cuda
==> Building cbf neural network ...
==> Lipschitz constant of CBF network: 2.000000
==> Hessian bound of CBF network: 6.159200
==> Third order elementwise bound of CBF network: 32.000000
==> Number of subregions: 1
==> Subregion 0000000001 / 0000000001: 
==> [[-0.5 -2.  -0.1 -1.  -1.  -1. ], [0.5 0.  0.1 1.  1.  1. ]]
> Iteration 00 | Bound: [-0.397723, 3.730230] | l2 radius: 2.06E+00 | Size: 1.00E+00 | Time: 67ms
> Iteration 01 | Bound: [-0.356022, 3.390976] | l2 radius: 1.87E+00 | Size: 2.00E+00 | Time: 71ms
> Iteration 02 | Bound: [-0.354080, 2.968570] | l2 radius: 1.66E+00 | Size: 4.00E+00 | Time: 73ms
> Iteration 03 | Bound: [-0.354853, 2.480637] | l2 radius: 1.42E+00 | Size: 8.00E+00 | Time: 75ms
> Iteration 04 | Bound: [-0.323411, 1.921584] | l2 radius: 1.12E+00 | Size: 1.60E+01 | Time: 76ms
> Iteration 05 | Bound: [-0.275562, 1.795670] | l2 radius: 1.04E+00 | Size: 3.20E+01 | Time: 77ms
> Iteration 06 | Bound: [-0.228210, 1.653279] | l2 radius: 9.41E-01 | Size: 6.40E+01 | Time: 79ms
> Iteration 07 | Bound: [-0.228057, 1.442272] | l2 radius: 8.35E-01 | Size: 1.28E+02 | Time: 80ms
> Iteration 08 | Bound: [-0.228418, 1.199867] | l2 radius: 7.14E-01 | Size: 2.56E+02 | Time: 83ms
> Iteration 09 | Bound: [-0.213132, 0.922649] | l2 radius: 5.68E-01 | Size: 5.12E+02 | Time: 87ms
> Iteration 10 | Bound: [-0.163144, 0.813541] | l2 radius: 5.25E-01 | Size: 1.02E+03 | Time: 93ms
> Iteration 11 | Bound: [-0.134200, 0.673235] | l2 radius: 4.78E-01 | Size: 2.05E+03 | Time: 105ms
> Iteration 12 | Bound: [-0.134260, 0.528338] | l2 radius: 4.26E-01 | Size: 4.10E+03 | Time: 130ms
> Iteration 13 | Bound: [-0.134023, 0.384893] | l2 radius: 3.67E-01 | Size: 8.19E+03 | Time: 173ms
> Iteration 14 | Bound: [-0.126163, 0.240760] | l2 radius: 2.97E-01 | Size: 1.64E+04 | Time: 275ms
> Iteration 15 | Bound: [-0.098099, 0.206715] | l2 radius: 2.76E-01 | Size: 2.15E+04 | Time: 401ms
> Iteration 16 | Bound: [-0.082829, 0.171356] | l2 radius: 2.54E-01 | Size: 2.79E+04 | Time: 561ms
> Iteration 17 | Bound: [-0.082846, 0.135409] | l2 radius: 2.30E-01 | Size: 3.41E+04 | Time: 767ms
> Iteration 18 | Bound: [-0.082413, 0.087110] | l2 radius: 2.03E-01 | Size: 3.85E+04 | Time: 981ms
> Iteration 19 | Bound: [-0.078339, 0.044783] | l2 radius: 1.72E-01 | Size: 2.80E+04 | Time: 1s140ms
> Iteration 20 | Bound: [-0.069049, 0.020769] | l2 radius: 1.48E-01 | Size: 1.19E+04 | Time: 1s217ms
> Iteration 21 | Bound: [-0.060331, 0.010831] | l2 radius: 1.38E-01 | Size: 5.39E+03 | Time: 1s246ms
> Iteration 22 | Bound: [-0.052494, 0.002367] | l2 radius: 1.27E-01 | Size: 1.71E+03 | Time: 1s255ms
> Iteration 23 | Bound: [-0.045601, -0.005111] | l2 radius: 1.15E-01 | Size: 3.00E+01 | Time: 1s256ms
> No region to refine. Done!
> Time for subregion 0000000001: 1s256ms
> Total time up to subregion 0000000001: 1s256ms = 1.2568778991699219 s
> Total time excluding drawing: 1s256ms = 1.2568778991699219 s
> Success: True
==> Done!
